[2024-01-23T21:50:44.347+0000] {processor.py:153} INFO - Started process (PID=95) to work on /home/airflow/.local/lib/python3.7/site-packages/airflow/example_dags/example_nested_branch_dag.py
[2024-01-23T21:50:44.348+0000] {processor.py:743} INFO - Processing file /home/airflow/.local/lib/python3.7/site-packages/airflow/example_dags/example_nested_branch_dag.py for tasks to queue
[2024-01-23T21:50:44.348+0000] {logging_mixin.py:137} INFO - [2024-01-23T21:50:44.348+0000] {dagbag.py:538} INFO - Filling up the DagBag from /home/airflow/.local/lib/python3.7/site-packages/airflow/example_dags/example_nested_branch_dag.py
[2024-01-23T21:50:44.381+0000] {processor.py:753} INFO - DAG(s) dict_keys(['example_nested_branch_dag']) retrieved from /home/airflow/.local/lib/python3.7/site-packages/airflow/example_dags/example_nested_branch_dag.py
[2024-01-23T21:50:44.445+0000] {logging_mixin.py:137} INFO - [2024-01-23T21:50:44.445+0000] {dag.py:2676} INFO - Sync 1 DAGs
[2024-01-23T21:50:44.533+0000] {logging_mixin.py:137} INFO - [2024-01-23T21:50:44.533+0000] {dag.py:3427} INFO - Setting next_dagrun for example_nested_branch_dag to 2024-01-22T00:00:00+00:00, run_after=2024-01-23T00:00:00+00:00
[2024-01-23T21:50:44.590+0000] {processor.py:175} INFO - Processing /home/airflow/.local/lib/python3.7/site-packages/airflow/example_dags/example_nested_branch_dag.py took 0.247 seconds
[2024-01-23T21:51:15.403+0000] {processor.py:153} INFO - Started process (PID=195) to work on /home/airflow/.local/lib/python3.7/site-packages/airflow/example_dags/example_nested_branch_dag.py
[2024-01-23T21:51:15.404+0000] {processor.py:743} INFO - Processing file /home/airflow/.local/lib/python3.7/site-packages/airflow/example_dags/example_nested_branch_dag.py for tasks to queue
[2024-01-23T21:51:15.405+0000] {logging_mixin.py:137} INFO - [2024-01-23T21:51:15.405+0000] {dagbag.py:538} INFO - Filling up the DagBag from /home/airflow/.local/lib/python3.7/site-packages/airflow/example_dags/example_nested_branch_dag.py
[2024-01-23T21:51:15.448+0000] {processor.py:753} INFO - DAG(s) dict_keys(['example_nested_branch_dag']) retrieved from /home/airflow/.local/lib/python3.7/site-packages/airflow/example_dags/example_nested_branch_dag.py
[2024-01-23T21:51:15.498+0000] {logging_mixin.py:137} INFO - [2024-01-23T21:51:15.497+0000] {dag.py:2676} INFO - Sync 1 DAGs
[2024-01-23T21:51:15.545+0000] {logging_mixin.py:137} INFO - [2024-01-23T21:51:15.545+0000] {dag.py:3427} INFO - Setting next_dagrun for example_nested_branch_dag to 2024-01-22T00:00:00+00:00, run_after=2024-01-23T00:00:00+00:00
[2024-01-23T21:51:15.571+0000] {processor.py:175} INFO - Processing /home/airflow/.local/lib/python3.7/site-packages/airflow/example_dags/example_nested_branch_dag.py took 0.174 seconds
[2024-01-23T21:51:46.028+0000] {processor.py:153} INFO - Started process (PID=275) to work on /home/airflow/.local/lib/python3.7/site-packages/airflow/example_dags/example_nested_branch_dag.py
[2024-01-23T21:51:46.029+0000] {processor.py:743} INFO - Processing file /home/airflow/.local/lib/python3.7/site-packages/airflow/example_dags/example_nested_branch_dag.py for tasks to queue
[2024-01-23T21:51:46.029+0000] {logging_mixin.py:137} INFO - [2024-01-23T21:51:46.029+0000] {dagbag.py:538} INFO - Filling up the DagBag from /home/airflow/.local/lib/python3.7/site-packages/airflow/example_dags/example_nested_branch_dag.py
[2024-01-23T21:51:46.057+0000] {processor.py:753} INFO - DAG(s) dict_keys(['example_nested_branch_dag']) retrieved from /home/airflow/.local/lib/python3.7/site-packages/airflow/example_dags/example_nested_branch_dag.py
[2024-01-23T21:51:46.093+0000] {logging_mixin.py:137} INFO - [2024-01-23T21:51:46.093+0000] {dag.py:2676} INFO - Sync 1 DAGs
[2024-01-23T21:51:46.130+0000] {logging_mixin.py:137} INFO - [2024-01-23T21:51:46.130+0000] {dag.py:3427} INFO - Setting next_dagrun for example_nested_branch_dag to 2024-01-22T00:00:00+00:00, run_after=2024-01-23T00:00:00+00:00
[2024-01-23T21:51:46.151+0000] {processor.py:175} INFO - Processing /home/airflow/.local/lib/python3.7/site-packages/airflow/example_dags/example_nested_branch_dag.py took 0.124 seconds
[2024-01-23T21:52:16.578+0000] {processor.py:153} INFO - Started process (PID=355) to work on /home/airflow/.local/lib/python3.7/site-packages/airflow/example_dags/example_nested_branch_dag.py
[2024-01-23T21:52:16.579+0000] {processor.py:743} INFO - Processing file /home/airflow/.local/lib/python3.7/site-packages/airflow/example_dags/example_nested_branch_dag.py for tasks to queue
[2024-01-23T21:52:16.579+0000] {logging_mixin.py:137} INFO - [2024-01-23T21:52:16.579+0000] {dagbag.py:538} INFO - Filling up the DagBag from /home/airflow/.local/lib/python3.7/site-packages/airflow/example_dags/example_nested_branch_dag.py
[2024-01-23T21:52:16.610+0000] {processor.py:753} INFO - DAG(s) dict_keys(['example_nested_branch_dag']) retrieved from /home/airflow/.local/lib/python3.7/site-packages/airflow/example_dags/example_nested_branch_dag.py
[2024-01-23T21:52:16.652+0000] {logging_mixin.py:137} INFO - [2024-01-23T21:52:16.652+0000] {dag.py:2676} INFO - Sync 1 DAGs
[2024-01-23T21:52:16.682+0000] {logging_mixin.py:137} INFO - [2024-01-23T21:52:16.681+0000] {dag.py:3427} INFO - Setting next_dagrun for example_nested_branch_dag to 2024-01-22T00:00:00+00:00, run_after=2024-01-23T00:00:00+00:00
[2024-01-23T21:52:16.709+0000] {processor.py:175} INFO - Processing /home/airflow/.local/lib/python3.7/site-packages/airflow/example_dags/example_nested_branch_dag.py took 0.133 seconds
[2024-01-23T21:52:47.161+0000] {processor.py:153} INFO - Started process (PID=455) to work on /home/airflow/.local/lib/python3.7/site-packages/airflow/example_dags/example_nested_branch_dag.py
[2024-01-23T21:52:47.162+0000] {processor.py:743} INFO - Processing file /home/airflow/.local/lib/python3.7/site-packages/airflow/example_dags/example_nested_branch_dag.py for tasks to queue
[2024-01-23T21:52:47.163+0000] {logging_mixin.py:137} INFO - [2024-01-23T21:52:47.162+0000] {dagbag.py:538} INFO - Filling up the DagBag from /home/airflow/.local/lib/python3.7/site-packages/airflow/example_dags/example_nested_branch_dag.py
[2024-01-23T21:52:47.199+0000] {processor.py:753} INFO - DAG(s) dict_keys(['example_nested_branch_dag']) retrieved from /home/airflow/.local/lib/python3.7/site-packages/airflow/example_dags/example_nested_branch_dag.py
[2024-01-23T21:52:47.241+0000] {logging_mixin.py:137} INFO - [2024-01-23T21:52:47.241+0000] {dag.py:2676} INFO - Sync 1 DAGs
[2024-01-23T21:52:47.278+0000] {logging_mixin.py:137} INFO - [2024-01-23T21:52:47.278+0000] {dag.py:3427} INFO - Setting next_dagrun for example_nested_branch_dag to 2024-01-22T00:00:00+00:00, run_after=2024-01-23T00:00:00+00:00
[2024-01-23T21:52:47.302+0000] {processor.py:175} INFO - Processing /home/airflow/.local/lib/python3.7/site-packages/airflow/example_dags/example_nested_branch_dag.py took 0.144 seconds
[2024-01-23T21:53:17.817+0000] {processor.py:153} INFO - Started process (PID=534) to work on /home/airflow/.local/lib/python3.7/site-packages/airflow/example_dags/example_nested_branch_dag.py
[2024-01-23T21:53:17.818+0000] {processor.py:743} INFO - Processing file /home/airflow/.local/lib/python3.7/site-packages/airflow/example_dags/example_nested_branch_dag.py for tasks to queue
[2024-01-23T21:53:17.819+0000] {logging_mixin.py:137} INFO - [2024-01-23T21:53:17.818+0000] {dagbag.py:538} INFO - Filling up the DagBag from /home/airflow/.local/lib/python3.7/site-packages/airflow/example_dags/example_nested_branch_dag.py
[2024-01-23T21:53:17.849+0000] {processor.py:753} INFO - DAG(s) dict_keys(['example_nested_branch_dag']) retrieved from /home/airflow/.local/lib/python3.7/site-packages/airflow/example_dags/example_nested_branch_dag.py
[2024-01-23T21:53:17.888+0000] {logging_mixin.py:137} INFO - [2024-01-23T21:53:17.888+0000] {dag.py:2676} INFO - Sync 1 DAGs
[2024-01-23T21:53:17.923+0000] {logging_mixin.py:137} INFO - [2024-01-23T21:53:17.923+0000] {dag.py:3427} INFO - Setting next_dagrun for example_nested_branch_dag to 2024-01-22T00:00:00+00:00, run_after=2024-01-23T00:00:00+00:00
[2024-01-23T21:53:17.945+0000] {processor.py:175} INFO - Processing /home/airflow/.local/lib/python3.7/site-packages/airflow/example_dags/example_nested_branch_dag.py took 0.131 seconds
[2024-01-23T21:53:48.597+0000] {processor.py:153} INFO - Started process (PID=625) to work on /home/airflow/.local/lib/python3.7/site-packages/airflow/example_dags/example_nested_branch_dag.py
[2024-01-23T21:53:48.598+0000] {processor.py:743} INFO - Processing file /home/airflow/.local/lib/python3.7/site-packages/airflow/example_dags/example_nested_branch_dag.py for tasks to queue
[2024-01-23T21:53:48.599+0000] {logging_mixin.py:137} INFO - [2024-01-23T21:53:48.599+0000] {dagbag.py:538} INFO - Filling up the DagBag from /home/airflow/.local/lib/python3.7/site-packages/airflow/example_dags/example_nested_branch_dag.py
[2024-01-23T21:53:48.621+0000] {processor.py:753} INFO - DAG(s) dict_keys(['example_nested_branch_dag']) retrieved from /home/airflow/.local/lib/python3.7/site-packages/airflow/example_dags/example_nested_branch_dag.py
[2024-01-23T21:53:48.662+0000] {logging_mixin.py:137} INFO - [2024-01-23T21:53:48.662+0000] {dag.py:2676} INFO - Sync 1 DAGs
[2024-01-23T21:53:48.696+0000] {logging_mixin.py:137} INFO - [2024-01-23T21:53:48.695+0000] {dag.py:3427} INFO - Setting next_dagrun for example_nested_branch_dag to 2024-01-22T00:00:00+00:00, run_after=2024-01-23T00:00:00+00:00
[2024-01-23T21:53:48.719+0000] {processor.py:175} INFO - Processing /home/airflow/.local/lib/python3.7/site-packages/airflow/example_dags/example_nested_branch_dag.py took 0.125 seconds
[2024-01-23T21:59:17.944+0000] {processor.py:153} INFO - Started process (PID=95) to work on /home/airflow/.local/lib/python3.7/site-packages/airflow/example_dags/example_nested_branch_dag.py
[2024-01-23T21:59:17.945+0000] {processor.py:743} INFO - Processing file /home/airflow/.local/lib/python3.7/site-packages/airflow/example_dags/example_nested_branch_dag.py for tasks to queue
[2024-01-23T21:59:17.945+0000] {logging_mixin.py:137} INFO - [2024-01-23T21:59:17.945+0000] {dagbag.py:538} INFO - Filling up the DagBag from /home/airflow/.local/lib/python3.7/site-packages/airflow/example_dags/example_nested_branch_dag.py
[2024-01-23T21:59:17.980+0000] {processor.py:753} INFO - DAG(s) dict_keys(['example_nested_branch_dag']) retrieved from /home/airflow/.local/lib/python3.7/site-packages/airflow/example_dags/example_nested_branch_dag.py
[2024-01-23T21:59:18.032+0000] {logging_mixin.py:137} INFO - [2024-01-23T21:59:18.032+0000] {dag.py:2676} INFO - Sync 1 DAGs
[2024-01-23T21:59:18.094+0000] {logging_mixin.py:137} INFO - [2024-01-23T21:59:18.093+0000] {dag.py:3427} INFO - Setting next_dagrun for example_nested_branch_dag to 2024-01-22T00:00:00+00:00, run_after=2024-01-23T00:00:00+00:00
[2024-01-23T21:59:18.133+0000] {processor.py:175} INFO - Processing /home/airflow/.local/lib/python3.7/site-packages/airflow/example_dags/example_nested_branch_dag.py took 0.192 seconds
[2024-01-23T21:59:48.441+0000] {processor.py:153} INFO - Started process (PID=175) to work on /home/airflow/.local/lib/python3.7/site-packages/airflow/example_dags/example_nested_branch_dag.py
[2024-01-23T21:59:48.442+0000] {processor.py:743} INFO - Processing file /home/airflow/.local/lib/python3.7/site-packages/airflow/example_dags/example_nested_branch_dag.py for tasks to queue
[2024-01-23T21:59:48.443+0000] {logging_mixin.py:137} INFO - [2024-01-23T21:59:48.442+0000] {dagbag.py:538} INFO - Filling up the DagBag from /home/airflow/.local/lib/python3.7/site-packages/airflow/example_dags/example_nested_branch_dag.py
[2024-01-23T21:59:48.472+0000] {processor.py:753} INFO - DAG(s) dict_keys(['example_nested_branch_dag']) retrieved from /home/airflow/.local/lib/python3.7/site-packages/airflow/example_dags/example_nested_branch_dag.py
[2024-01-23T21:59:48.508+0000] {logging_mixin.py:137} INFO - [2024-01-23T21:59:48.508+0000] {dag.py:2676} INFO - Sync 1 DAGs
[2024-01-23T21:59:48.536+0000] {logging_mixin.py:137} INFO - [2024-01-23T21:59:48.536+0000] {dag.py:3427} INFO - Setting next_dagrun for example_nested_branch_dag to 2024-01-22T00:00:00+00:00, run_after=2024-01-23T00:00:00+00:00
[2024-01-23T21:59:48.555+0000] {processor.py:175} INFO - Processing /home/airflow/.local/lib/python3.7/site-packages/airflow/example_dags/example_nested_branch_dag.py took 0.117 seconds
[2024-01-23T22:00:19.620+0000] {processor.py:153} INFO - Started process (PID=275) to work on /home/airflow/.local/lib/python3.7/site-packages/airflow/example_dags/example_nested_branch_dag.py
[2024-01-23T22:00:19.622+0000] {processor.py:743} INFO - Processing file /home/airflow/.local/lib/python3.7/site-packages/airflow/example_dags/example_nested_branch_dag.py for tasks to queue
[2024-01-23T22:00:19.624+0000] {logging_mixin.py:137} INFO - [2024-01-23T22:00:19.624+0000] {dagbag.py:538} INFO - Filling up the DagBag from /home/airflow/.local/lib/python3.7/site-packages/airflow/example_dags/example_nested_branch_dag.py
[2024-01-23T22:00:19.680+0000] {processor.py:753} INFO - DAG(s) dict_keys(['example_nested_branch_dag']) retrieved from /home/airflow/.local/lib/python3.7/site-packages/airflow/example_dags/example_nested_branch_dag.py
[2024-01-23T22:00:19.735+0000] {logging_mixin.py:137} INFO - [2024-01-23T22:00:19.735+0000] {dag.py:2676} INFO - Sync 1 DAGs
[2024-01-23T22:00:19.772+0000] {logging_mixin.py:137} INFO - [2024-01-23T22:00:19.772+0000] {dag.py:3427} INFO - Setting next_dagrun for example_nested_branch_dag to 2024-01-22T00:00:00+00:00, run_after=2024-01-23T00:00:00+00:00
[2024-01-23T22:00:19.800+0000] {processor.py:175} INFO - Processing /home/airflow/.local/lib/python3.7/site-packages/airflow/example_dags/example_nested_branch_dag.py took 0.186 seconds
[2024-01-23T22:00:50.524+0000] {processor.py:153} INFO - Started process (PID=355) to work on /home/airflow/.local/lib/python3.7/site-packages/airflow/example_dags/example_nested_branch_dag.py
[2024-01-23T22:00:50.524+0000] {processor.py:743} INFO - Processing file /home/airflow/.local/lib/python3.7/site-packages/airflow/example_dags/example_nested_branch_dag.py for tasks to queue
[2024-01-23T22:00:50.525+0000] {logging_mixin.py:137} INFO - [2024-01-23T22:00:50.525+0000] {dagbag.py:538} INFO - Filling up the DagBag from /home/airflow/.local/lib/python3.7/site-packages/airflow/example_dags/example_nested_branch_dag.py
[2024-01-23T22:00:50.555+0000] {processor.py:753} INFO - DAG(s) dict_keys(['example_nested_branch_dag']) retrieved from /home/airflow/.local/lib/python3.7/site-packages/airflow/example_dags/example_nested_branch_dag.py
[2024-01-23T22:00:50.594+0000] {logging_mixin.py:137} INFO - [2024-01-23T22:00:50.594+0000] {dag.py:2676} INFO - Sync 1 DAGs
[2024-01-23T22:00:50.624+0000] {logging_mixin.py:137} INFO - [2024-01-23T22:00:50.623+0000] {dag.py:3427} INFO - Setting next_dagrun for example_nested_branch_dag to 2024-01-22T00:00:00+00:00, run_after=2024-01-23T00:00:00+00:00
[2024-01-23T22:00:50.650+0000] {processor.py:175} INFO - Processing /home/airflow/.local/lib/python3.7/site-packages/airflow/example_dags/example_nested_branch_dag.py took 0.128 seconds
[2024-01-23T22:01:20.831+0000] {processor.py:153} INFO - Started process (PID=435) to work on /home/airflow/.local/lib/python3.7/site-packages/airflow/example_dags/example_nested_branch_dag.py
[2024-01-23T22:01:20.832+0000] {processor.py:743} INFO - Processing file /home/airflow/.local/lib/python3.7/site-packages/airflow/example_dags/example_nested_branch_dag.py for tasks to queue
[2024-01-23T22:01:20.833+0000] {logging_mixin.py:137} INFO - [2024-01-23T22:01:20.833+0000] {dagbag.py:538} INFO - Filling up the DagBag from /home/airflow/.local/lib/python3.7/site-packages/airflow/example_dags/example_nested_branch_dag.py
[2024-01-23T22:01:20.861+0000] {processor.py:753} INFO - DAG(s) dict_keys(['example_nested_branch_dag']) retrieved from /home/airflow/.local/lib/python3.7/site-packages/airflow/example_dags/example_nested_branch_dag.py
[2024-01-23T22:01:20.900+0000] {logging_mixin.py:137} INFO - [2024-01-23T22:01:20.900+0000] {dag.py:2676} INFO - Sync 1 DAGs
[2024-01-23T22:01:20.935+0000] {logging_mixin.py:137} INFO - [2024-01-23T22:01:20.934+0000] {dag.py:3427} INFO - Setting next_dagrun for example_nested_branch_dag to 2024-01-22T00:00:00+00:00, run_after=2024-01-23T00:00:00+00:00
[2024-01-23T22:01:20.955+0000] {processor.py:175} INFO - Processing /home/airflow/.local/lib/python3.7/site-packages/airflow/example_dags/example_nested_branch_dag.py took 0.127 seconds
[2024-01-23T22:01:51.007+0000] {processor.py:153} INFO - Started process (PID=535) to work on /home/airflow/.local/lib/python3.7/site-packages/airflow/example_dags/example_nested_branch_dag.py
[2024-01-23T22:01:51.008+0000] {processor.py:743} INFO - Processing file /home/airflow/.local/lib/python3.7/site-packages/airflow/example_dags/example_nested_branch_dag.py for tasks to queue
[2024-01-23T22:01:51.009+0000] {logging_mixin.py:137} INFO - [2024-01-23T22:01:51.009+0000] {dagbag.py:538} INFO - Filling up the DagBag from /home/airflow/.local/lib/python3.7/site-packages/airflow/example_dags/example_nested_branch_dag.py
[2024-01-23T22:01:51.034+0000] {processor.py:753} INFO - DAG(s) dict_keys(['example_nested_branch_dag']) retrieved from /home/airflow/.local/lib/python3.7/site-packages/airflow/example_dags/example_nested_branch_dag.py
[2024-01-23T22:01:51.075+0000] {logging_mixin.py:137} INFO - [2024-01-23T22:01:51.075+0000] {dag.py:2676} INFO - Sync 1 DAGs
[2024-01-23T22:01:51.103+0000] {logging_mixin.py:137} INFO - [2024-01-23T22:01:51.103+0000] {dag.py:3427} INFO - Setting next_dagrun for example_nested_branch_dag to 2024-01-22T00:00:00+00:00, run_after=2024-01-23T00:00:00+00:00
[2024-01-23T22:01:51.126+0000] {processor.py:175} INFO - Processing /home/airflow/.local/lib/python3.7/site-packages/airflow/example_dags/example_nested_branch_dag.py took 0.121 seconds
[2024-01-23T22:02:21.507+0000] {processor.py:153} INFO - Started process (PID=615) to work on /home/airflow/.local/lib/python3.7/site-packages/airflow/example_dags/example_nested_branch_dag.py
[2024-01-23T22:02:21.508+0000] {processor.py:743} INFO - Processing file /home/airflow/.local/lib/python3.7/site-packages/airflow/example_dags/example_nested_branch_dag.py for tasks to queue
[2024-01-23T22:02:21.509+0000] {logging_mixin.py:137} INFO - [2024-01-23T22:02:21.509+0000] {dagbag.py:538} INFO - Filling up the DagBag from /home/airflow/.local/lib/python3.7/site-packages/airflow/example_dags/example_nested_branch_dag.py
[2024-01-23T22:02:21.539+0000] {processor.py:753} INFO - DAG(s) dict_keys(['example_nested_branch_dag']) retrieved from /home/airflow/.local/lib/python3.7/site-packages/airflow/example_dags/example_nested_branch_dag.py
[2024-01-23T22:02:21.582+0000] {logging_mixin.py:137} INFO - [2024-01-23T22:02:21.581+0000] {dag.py:2676} INFO - Sync 1 DAGs
[2024-01-23T22:02:21.616+0000] {logging_mixin.py:137} INFO - [2024-01-23T22:02:21.616+0000] {dag.py:3427} INFO - Setting next_dagrun for example_nested_branch_dag to 2024-01-22T00:00:00+00:00, run_after=2024-01-23T00:00:00+00:00
[2024-01-23T22:02:21.661+0000] {processor.py:175} INFO - Processing /home/airflow/.local/lib/python3.7/site-packages/airflow/example_dags/example_nested_branch_dag.py took 0.156 seconds
[2024-01-23T22:02:51.754+0000] {processor.py:153} INFO - Started process (PID=703) to work on /home/airflow/.local/lib/python3.7/site-packages/airflow/example_dags/example_nested_branch_dag.py
[2024-01-23T22:02:51.754+0000] {processor.py:743} INFO - Processing file /home/airflow/.local/lib/python3.7/site-packages/airflow/example_dags/example_nested_branch_dag.py for tasks to queue
[2024-01-23T22:02:51.755+0000] {logging_mixin.py:137} INFO - [2024-01-23T22:02:51.755+0000] {dagbag.py:538} INFO - Filling up the DagBag from /home/airflow/.local/lib/python3.7/site-packages/airflow/example_dags/example_nested_branch_dag.py
[2024-01-23T22:02:51.783+0000] {processor.py:753} INFO - DAG(s) dict_keys(['example_nested_branch_dag']) retrieved from /home/airflow/.local/lib/python3.7/site-packages/airflow/example_dags/example_nested_branch_dag.py
[2024-01-23T22:02:51.834+0000] {logging_mixin.py:137} INFO - [2024-01-23T22:02:51.834+0000] {dag.py:2676} INFO - Sync 1 DAGs
[2024-01-23T22:02:51.876+0000] {logging_mixin.py:137} INFO - [2024-01-23T22:02:51.876+0000] {dag.py:3427} INFO - Setting next_dagrun for example_nested_branch_dag to 2024-01-22T00:00:00+00:00, run_after=2024-01-23T00:00:00+00:00
[2024-01-23T22:02:51.920+0000] {processor.py:175} INFO - Processing /home/airflow/.local/lib/python3.7/site-packages/airflow/example_dags/example_nested_branch_dag.py took 0.169 seconds
[2024-01-23T22:03:22.201+0000] {processor.py:153} INFO - Started process (PID=795) to work on /home/airflow/.local/lib/python3.7/site-packages/airflow/example_dags/example_nested_branch_dag.py
[2024-01-23T22:03:22.203+0000] {processor.py:743} INFO - Processing file /home/airflow/.local/lib/python3.7/site-packages/airflow/example_dags/example_nested_branch_dag.py for tasks to queue
[2024-01-23T22:03:22.205+0000] {logging_mixin.py:137} INFO - [2024-01-23T22:03:22.204+0000] {dagbag.py:538} INFO - Filling up the DagBag from /home/airflow/.local/lib/python3.7/site-packages/airflow/example_dags/example_nested_branch_dag.py
[2024-01-23T22:03:22.258+0000] {processor.py:753} INFO - DAG(s) dict_keys(['example_nested_branch_dag']) retrieved from /home/airflow/.local/lib/python3.7/site-packages/airflow/example_dags/example_nested_branch_dag.py
[2024-01-23T22:03:22.307+0000] {logging_mixin.py:137} INFO - [2024-01-23T22:03:22.307+0000] {dag.py:2676} INFO - Sync 1 DAGs
[2024-01-23T22:03:22.350+0000] {logging_mixin.py:137} INFO - [2024-01-23T22:03:22.349+0000] {dag.py:3427} INFO - Setting next_dagrun for example_nested_branch_dag to 2024-01-22T00:00:00+00:00, run_after=2024-01-23T00:00:00+00:00
[2024-01-23T22:03:22.375+0000] {processor.py:175} INFO - Processing /home/airflow/.local/lib/python3.7/site-packages/airflow/example_dags/example_nested_branch_dag.py took 0.177 seconds
[2024-01-23T22:03:52.464+0000] {processor.py:153} INFO - Started process (PID=875) to work on /home/airflow/.local/lib/python3.7/site-packages/airflow/example_dags/example_nested_branch_dag.py
[2024-01-23T22:03:52.465+0000] {processor.py:743} INFO - Processing file /home/airflow/.local/lib/python3.7/site-packages/airflow/example_dags/example_nested_branch_dag.py for tasks to queue
[2024-01-23T22:03:52.466+0000] {logging_mixin.py:137} INFO - [2024-01-23T22:03:52.466+0000] {dagbag.py:538} INFO - Filling up the DagBag from /home/airflow/.local/lib/python3.7/site-packages/airflow/example_dags/example_nested_branch_dag.py
[2024-01-23T22:03:52.498+0000] {processor.py:753} INFO - DAG(s) dict_keys(['example_nested_branch_dag']) retrieved from /home/airflow/.local/lib/python3.7/site-packages/airflow/example_dags/example_nested_branch_dag.py
[2024-01-23T22:03:52.556+0000] {logging_mixin.py:137} INFO - [2024-01-23T22:03:52.556+0000] {dag.py:2676} INFO - Sync 1 DAGs
[2024-01-23T22:03:52.614+0000] {logging_mixin.py:137} INFO - [2024-01-23T22:03:52.614+0000] {dag.py:3427} INFO - Setting next_dagrun for example_nested_branch_dag to 2024-01-22T00:00:00+00:00, run_after=2024-01-23T00:00:00+00:00
[2024-01-23T22:03:52.645+0000] {processor.py:175} INFO - Processing /home/airflow/.local/lib/python3.7/site-packages/airflow/example_dags/example_nested_branch_dag.py took 0.184 seconds
[2024-01-23T22:04:23.173+0000] {processor.py:153} INFO - Started process (PID=975) to work on /home/airflow/.local/lib/python3.7/site-packages/airflow/example_dags/example_nested_branch_dag.py
[2024-01-23T22:04:23.174+0000] {processor.py:743} INFO - Processing file /home/airflow/.local/lib/python3.7/site-packages/airflow/example_dags/example_nested_branch_dag.py for tasks to queue
[2024-01-23T22:04:23.175+0000] {logging_mixin.py:137} INFO - [2024-01-23T22:04:23.175+0000] {dagbag.py:538} INFO - Filling up the DagBag from /home/airflow/.local/lib/python3.7/site-packages/airflow/example_dags/example_nested_branch_dag.py
[2024-01-23T22:04:23.210+0000] {processor.py:753} INFO - DAG(s) dict_keys(['example_nested_branch_dag']) retrieved from /home/airflow/.local/lib/python3.7/site-packages/airflow/example_dags/example_nested_branch_dag.py
[2024-01-23T22:04:23.261+0000] {logging_mixin.py:137} INFO - [2024-01-23T22:04:23.261+0000] {dag.py:2676} INFO - Sync 1 DAGs
[2024-01-23T22:04:23.303+0000] {logging_mixin.py:137} INFO - [2024-01-23T22:04:23.303+0000] {dag.py:3427} INFO - Setting next_dagrun for example_nested_branch_dag to 2024-01-22T00:00:00+00:00, run_after=2024-01-23T00:00:00+00:00
[2024-01-23T22:04:23.331+0000] {processor.py:175} INFO - Processing /home/airflow/.local/lib/python3.7/site-packages/airflow/example_dags/example_nested_branch_dag.py took 0.161 seconds
[2024-01-23T22:04:53.365+0000] {processor.py:153} INFO - Started process (PID=1054) to work on /home/airflow/.local/lib/python3.7/site-packages/airflow/example_dags/example_nested_branch_dag.py
[2024-01-23T22:04:53.366+0000] {processor.py:743} INFO - Processing file /home/airflow/.local/lib/python3.7/site-packages/airflow/example_dags/example_nested_branch_dag.py for tasks to queue
[2024-01-23T22:04:53.367+0000] {logging_mixin.py:137} INFO - [2024-01-23T22:04:53.367+0000] {dagbag.py:538} INFO - Filling up the DagBag from /home/airflow/.local/lib/python3.7/site-packages/airflow/example_dags/example_nested_branch_dag.py
[2024-01-23T22:04:53.393+0000] {processor.py:753} INFO - DAG(s) dict_keys(['example_nested_branch_dag']) retrieved from /home/airflow/.local/lib/python3.7/site-packages/airflow/example_dags/example_nested_branch_dag.py
[2024-01-23T22:04:53.428+0000] {logging_mixin.py:137} INFO - [2024-01-23T22:04:53.428+0000] {dag.py:2676} INFO - Sync 1 DAGs
[2024-01-23T22:04:53.458+0000] {logging_mixin.py:137} INFO - [2024-01-23T22:04:53.458+0000] {dag.py:3427} INFO - Setting next_dagrun for example_nested_branch_dag to 2024-01-22T00:00:00+00:00, run_after=2024-01-23T00:00:00+00:00
[2024-01-23T22:04:53.483+0000] {processor.py:175} INFO - Processing /home/airflow/.local/lib/python3.7/site-packages/airflow/example_dags/example_nested_branch_dag.py took 0.120 seconds
[2024-01-23T22:05:24.032+0000] {processor.py:153} INFO - Started process (PID=1134) to work on /home/airflow/.local/lib/python3.7/site-packages/airflow/example_dags/example_nested_branch_dag.py
[2024-01-23T22:05:24.033+0000] {processor.py:743} INFO - Processing file /home/airflow/.local/lib/python3.7/site-packages/airflow/example_dags/example_nested_branch_dag.py for tasks to queue
[2024-01-23T22:05:24.034+0000] {logging_mixin.py:137} INFO - [2024-01-23T22:05:24.034+0000] {dagbag.py:538} INFO - Filling up the DagBag from /home/airflow/.local/lib/python3.7/site-packages/airflow/example_dags/example_nested_branch_dag.py
[2024-01-23T22:05:24.062+0000] {processor.py:753} INFO - DAG(s) dict_keys(['example_nested_branch_dag']) retrieved from /home/airflow/.local/lib/python3.7/site-packages/airflow/example_dags/example_nested_branch_dag.py
[2024-01-23T22:05:24.102+0000] {logging_mixin.py:137} INFO - [2024-01-23T22:05:24.101+0000] {dag.py:2676} INFO - Sync 1 DAGs
[2024-01-23T22:05:24.134+0000] {logging_mixin.py:137} INFO - [2024-01-23T22:05:24.134+0000] {dag.py:3427} INFO - Setting next_dagrun for example_nested_branch_dag to 2024-01-22T00:00:00+00:00, run_after=2024-01-23T00:00:00+00:00
[2024-01-23T22:05:24.159+0000] {processor.py:175} INFO - Processing /home/airflow/.local/lib/python3.7/site-packages/airflow/example_dags/example_nested_branch_dag.py took 0.130 seconds
[2024-01-23T22:05:54.211+0000] {processor.py:153} INFO - Started process (PID=1223) to work on /home/airflow/.local/lib/python3.7/site-packages/airflow/example_dags/example_nested_branch_dag.py
[2024-01-23T22:05:54.212+0000] {processor.py:743} INFO - Processing file /home/airflow/.local/lib/python3.7/site-packages/airflow/example_dags/example_nested_branch_dag.py for tasks to queue
[2024-01-23T22:05:54.213+0000] {logging_mixin.py:137} INFO - [2024-01-23T22:05:54.213+0000] {dagbag.py:538} INFO - Filling up the DagBag from /home/airflow/.local/lib/python3.7/site-packages/airflow/example_dags/example_nested_branch_dag.py
[2024-01-23T22:05:54.247+0000] {processor.py:753} INFO - DAG(s) dict_keys(['example_nested_branch_dag']) retrieved from /home/airflow/.local/lib/python3.7/site-packages/airflow/example_dags/example_nested_branch_dag.py
[2024-01-23T22:05:54.303+0000] {logging_mixin.py:137} INFO - [2024-01-23T22:05:54.303+0000] {dag.py:2676} INFO - Sync 1 DAGs
[2024-01-23T22:05:54.340+0000] {logging_mixin.py:137} INFO - [2024-01-23T22:05:54.340+0000] {dag.py:3427} INFO - Setting next_dagrun for example_nested_branch_dag to 2024-01-22T00:00:00+00:00, run_after=2024-01-23T00:00:00+00:00
[2024-01-23T22:05:54.367+0000] {processor.py:175} INFO - Processing /home/airflow/.local/lib/python3.7/site-packages/airflow/example_dags/example_nested_branch_dag.py took 0.158 seconds
[2024-01-23T22:06:24.462+0000] {processor.py:153} INFO - Started process (PID=1314) to work on /home/airflow/.local/lib/python3.7/site-packages/airflow/example_dags/example_nested_branch_dag.py
[2024-01-23T22:06:24.463+0000] {processor.py:743} INFO - Processing file /home/airflow/.local/lib/python3.7/site-packages/airflow/example_dags/example_nested_branch_dag.py for tasks to queue
[2024-01-23T22:06:24.464+0000] {logging_mixin.py:137} INFO - [2024-01-23T22:06:24.463+0000] {dagbag.py:538} INFO - Filling up the DagBag from /home/airflow/.local/lib/python3.7/site-packages/airflow/example_dags/example_nested_branch_dag.py
[2024-01-23T22:06:24.489+0000] {processor.py:753} INFO - DAG(s) dict_keys(['example_nested_branch_dag']) retrieved from /home/airflow/.local/lib/python3.7/site-packages/airflow/example_dags/example_nested_branch_dag.py
[2024-01-23T22:06:24.531+0000] {logging_mixin.py:137} INFO - [2024-01-23T22:06:24.531+0000] {dag.py:2676} INFO - Sync 1 DAGs
[2024-01-23T22:06:24.568+0000] {logging_mixin.py:137} INFO - [2024-01-23T22:06:24.567+0000] {dag.py:3427} INFO - Setting next_dagrun for example_nested_branch_dag to 2024-01-22T00:00:00+00:00, run_after=2024-01-23T00:00:00+00:00
[2024-01-23T22:06:24.593+0000] {processor.py:175} INFO - Processing /home/airflow/.local/lib/python3.7/site-packages/airflow/example_dags/example_nested_branch_dag.py took 0.134 seconds
[2024-01-23T22:06:55.597+0000] {processor.py:153} INFO - Started process (PID=1394) to work on /home/airflow/.local/lib/python3.7/site-packages/airflow/example_dags/example_nested_branch_dag.py
[2024-01-23T22:06:55.598+0000] {processor.py:743} INFO - Processing file /home/airflow/.local/lib/python3.7/site-packages/airflow/example_dags/example_nested_branch_dag.py for tasks to queue
[2024-01-23T22:06:55.599+0000] {logging_mixin.py:137} INFO - [2024-01-23T22:06:55.598+0000] {dagbag.py:538} INFO - Filling up the DagBag from /home/airflow/.local/lib/python3.7/site-packages/airflow/example_dags/example_nested_branch_dag.py
[2024-01-23T22:06:55.636+0000] {processor.py:753} INFO - DAG(s) dict_keys(['example_nested_branch_dag']) retrieved from /home/airflow/.local/lib/python3.7/site-packages/airflow/example_dags/example_nested_branch_dag.py
[2024-01-23T22:06:55.674+0000] {logging_mixin.py:137} INFO - [2024-01-23T22:06:55.674+0000] {dag.py:2676} INFO - Sync 1 DAGs
[2024-01-23T22:06:55.703+0000] {logging_mixin.py:137} INFO - [2024-01-23T22:06:55.703+0000] {dag.py:3427} INFO - Setting next_dagrun for example_nested_branch_dag to 2024-01-22T00:00:00+00:00, run_after=2024-01-23T00:00:00+00:00
[2024-01-23T22:06:55.726+0000] {processor.py:175} INFO - Processing /home/airflow/.local/lib/python3.7/site-packages/airflow/example_dags/example_nested_branch_dag.py took 0.131 seconds
[2024-01-23T22:07:26.130+0000] {processor.py:153} INFO - Started process (PID=1494) to work on /home/airflow/.local/lib/python3.7/site-packages/airflow/example_dags/example_nested_branch_dag.py
[2024-01-23T22:07:26.131+0000] {processor.py:743} INFO - Processing file /home/airflow/.local/lib/python3.7/site-packages/airflow/example_dags/example_nested_branch_dag.py for tasks to queue
[2024-01-23T22:07:26.132+0000] {logging_mixin.py:137} INFO - [2024-01-23T22:07:26.132+0000] {dagbag.py:538} INFO - Filling up the DagBag from /home/airflow/.local/lib/python3.7/site-packages/airflow/example_dags/example_nested_branch_dag.py
[2024-01-23T22:07:26.169+0000] {processor.py:753} INFO - DAG(s) dict_keys(['example_nested_branch_dag']) retrieved from /home/airflow/.local/lib/python3.7/site-packages/airflow/example_dags/example_nested_branch_dag.py
[2024-01-23T22:07:26.215+0000] {logging_mixin.py:137} INFO - [2024-01-23T22:07:26.215+0000] {dag.py:2676} INFO - Sync 1 DAGs
[2024-01-23T22:07:26.253+0000] {logging_mixin.py:137} INFO - [2024-01-23T22:07:26.252+0000] {dag.py:3427} INFO - Setting next_dagrun for example_nested_branch_dag to 2024-01-22T00:00:00+00:00, run_after=2024-01-23T00:00:00+00:00
[2024-01-23T22:07:26.277+0000] {processor.py:175} INFO - Processing /home/airflow/.local/lib/python3.7/site-packages/airflow/example_dags/example_nested_branch_dag.py took 0.151 seconds
[2024-01-23T22:07:56.657+0000] {processor.py:153} INFO - Started process (PID=1574) to work on /home/airflow/.local/lib/python3.7/site-packages/airflow/example_dags/example_nested_branch_dag.py
[2024-01-23T22:07:56.658+0000] {processor.py:743} INFO - Processing file /home/airflow/.local/lib/python3.7/site-packages/airflow/example_dags/example_nested_branch_dag.py for tasks to queue
[2024-01-23T22:07:56.658+0000] {logging_mixin.py:137} INFO - [2024-01-23T22:07:56.658+0000] {dagbag.py:538} INFO - Filling up the DagBag from /home/airflow/.local/lib/python3.7/site-packages/airflow/example_dags/example_nested_branch_dag.py
[2024-01-23T22:07:56.683+0000] {processor.py:753} INFO - DAG(s) dict_keys(['example_nested_branch_dag']) retrieved from /home/airflow/.local/lib/python3.7/site-packages/airflow/example_dags/example_nested_branch_dag.py
[2024-01-23T22:07:56.723+0000] {logging_mixin.py:137} INFO - [2024-01-23T22:07:56.723+0000] {dag.py:2676} INFO - Sync 1 DAGs
[2024-01-23T22:07:56.768+0000] {logging_mixin.py:137} INFO - [2024-01-23T22:07:56.768+0000] {dag.py:3427} INFO - Setting next_dagrun for example_nested_branch_dag to 2024-01-22T00:00:00+00:00, run_after=2024-01-23T00:00:00+00:00
[2024-01-23T22:07:56.805+0000] {processor.py:175} INFO - Processing /home/airflow/.local/lib/python3.7/site-packages/airflow/example_dags/example_nested_branch_dag.py took 0.151 seconds
[2024-01-23T22:08:26.882+0000] {processor.py:153} INFO - Started process (PID=1654) to work on /home/airflow/.local/lib/python3.7/site-packages/airflow/example_dags/example_nested_branch_dag.py
[2024-01-23T22:08:26.883+0000] {processor.py:743} INFO - Processing file /home/airflow/.local/lib/python3.7/site-packages/airflow/example_dags/example_nested_branch_dag.py for tasks to queue
[2024-01-23T22:08:26.884+0000] {logging_mixin.py:137} INFO - [2024-01-23T22:08:26.884+0000] {dagbag.py:538} INFO - Filling up the DagBag from /home/airflow/.local/lib/python3.7/site-packages/airflow/example_dags/example_nested_branch_dag.py
[2024-01-23T22:08:26.910+0000] {processor.py:753} INFO - DAG(s) dict_keys(['example_nested_branch_dag']) retrieved from /home/airflow/.local/lib/python3.7/site-packages/airflow/example_dags/example_nested_branch_dag.py
[2024-01-23T22:08:26.950+0000] {logging_mixin.py:137} INFO - [2024-01-23T22:08:26.950+0000] {dag.py:2676} INFO - Sync 1 DAGs
[2024-01-23T22:08:26.981+0000] {logging_mixin.py:137} INFO - [2024-01-23T22:08:26.980+0000] {dag.py:3427} INFO - Setting next_dagrun for example_nested_branch_dag to 2024-01-22T00:00:00+00:00, run_after=2024-01-23T00:00:00+00:00
[2024-01-23T22:08:27.002+0000] {processor.py:175} INFO - Processing /home/airflow/.local/lib/python3.7/site-packages/airflow/example_dags/example_nested_branch_dag.py took 0.122 seconds
[2024-01-23T22:08:57.821+0000] {processor.py:153} INFO - Started process (PID=1755) to work on /home/airflow/.local/lib/python3.7/site-packages/airflow/example_dags/example_nested_branch_dag.py
[2024-01-23T22:08:57.822+0000] {processor.py:743} INFO - Processing file /home/airflow/.local/lib/python3.7/site-packages/airflow/example_dags/example_nested_branch_dag.py for tasks to queue
[2024-01-23T22:08:57.823+0000] {logging_mixin.py:137} INFO - [2024-01-23T22:08:57.823+0000] {dagbag.py:538} INFO - Filling up the DagBag from /home/airflow/.local/lib/python3.7/site-packages/airflow/example_dags/example_nested_branch_dag.py
[2024-01-23T22:08:57.853+0000] {processor.py:753} INFO - DAG(s) dict_keys(['example_nested_branch_dag']) retrieved from /home/airflow/.local/lib/python3.7/site-packages/airflow/example_dags/example_nested_branch_dag.py
[2024-01-23T22:08:57.896+0000] {logging_mixin.py:137} INFO - [2024-01-23T22:08:57.896+0000] {dag.py:2676} INFO - Sync 1 DAGs
[2024-01-23T22:08:57.942+0000] {logging_mixin.py:137} INFO - [2024-01-23T22:08:57.942+0000] {dag.py:3427} INFO - Setting next_dagrun for example_nested_branch_dag to 2024-01-22T00:00:00+00:00, run_after=2024-01-23T00:00:00+00:00
[2024-01-23T22:08:57.986+0000] {processor.py:175} INFO - Processing /home/airflow/.local/lib/python3.7/site-packages/airflow/example_dags/example_nested_branch_dag.py took 0.168 seconds
[2024-01-23T22:09:28.502+0000] {processor.py:153} INFO - Started process (PID=1835) to work on /home/airflow/.local/lib/python3.7/site-packages/airflow/example_dags/example_nested_branch_dag.py
[2024-01-23T22:09:28.503+0000] {processor.py:743} INFO - Processing file /home/airflow/.local/lib/python3.7/site-packages/airflow/example_dags/example_nested_branch_dag.py for tasks to queue
[2024-01-23T22:09:28.504+0000] {logging_mixin.py:137} INFO - [2024-01-23T22:09:28.503+0000] {dagbag.py:538} INFO - Filling up the DagBag from /home/airflow/.local/lib/python3.7/site-packages/airflow/example_dags/example_nested_branch_dag.py
[2024-01-23T22:09:28.528+0000] {processor.py:753} INFO - DAG(s) dict_keys(['example_nested_branch_dag']) retrieved from /home/airflow/.local/lib/python3.7/site-packages/airflow/example_dags/example_nested_branch_dag.py
[2024-01-23T22:09:28.575+0000] {logging_mixin.py:137} INFO - [2024-01-23T22:09:28.574+0000] {dag.py:2676} INFO - Sync 1 DAGs
[2024-01-23T22:09:28.608+0000] {logging_mixin.py:137} INFO - [2024-01-23T22:09:28.607+0000] {dag.py:3427} INFO - Setting next_dagrun for example_nested_branch_dag to 2024-01-22T00:00:00+00:00, run_after=2024-01-23T00:00:00+00:00
[2024-01-23T22:09:28.632+0000] {processor.py:175} INFO - Processing /home/airflow/.local/lib/python3.7/site-packages/airflow/example_dags/example_nested_branch_dag.py took 0.133 seconds
[2024-01-23T22:09:58.807+0000] {processor.py:153} INFO - Started process (PID=1915) to work on /home/airflow/.local/lib/python3.7/site-packages/airflow/example_dags/example_nested_branch_dag.py
[2024-01-23T22:09:58.808+0000] {processor.py:743} INFO - Processing file /home/airflow/.local/lib/python3.7/site-packages/airflow/example_dags/example_nested_branch_dag.py for tasks to queue
[2024-01-23T22:09:58.808+0000] {logging_mixin.py:137} INFO - [2024-01-23T22:09:58.808+0000] {dagbag.py:538} INFO - Filling up the DagBag from /home/airflow/.local/lib/python3.7/site-packages/airflow/example_dags/example_nested_branch_dag.py
[2024-01-23T22:09:58.834+0000] {processor.py:753} INFO - DAG(s) dict_keys(['example_nested_branch_dag']) retrieved from /home/airflow/.local/lib/python3.7/site-packages/airflow/example_dags/example_nested_branch_dag.py
[2024-01-23T22:09:58.874+0000] {logging_mixin.py:137} INFO - [2024-01-23T22:09:58.873+0000] {dag.py:2676} INFO - Sync 1 DAGs
[2024-01-23T22:09:58.904+0000] {logging_mixin.py:137} INFO - [2024-01-23T22:09:58.904+0000] {dag.py:3427} INFO - Setting next_dagrun for example_nested_branch_dag to 2024-01-22T00:00:00+00:00, run_after=2024-01-23T00:00:00+00:00
[2024-01-23T22:09:58.925+0000] {processor.py:175} INFO - Processing /home/airflow/.local/lib/python3.7/site-packages/airflow/example_dags/example_nested_branch_dag.py took 0.120 seconds
[2024-01-23T22:10:29.395+0000] {processor.py:153} INFO - Started process (PID=2015) to work on /home/airflow/.local/lib/python3.7/site-packages/airflow/example_dags/example_nested_branch_dag.py
[2024-01-23T22:10:29.395+0000] {processor.py:743} INFO - Processing file /home/airflow/.local/lib/python3.7/site-packages/airflow/example_dags/example_nested_branch_dag.py for tasks to queue
[2024-01-23T22:10:29.396+0000] {logging_mixin.py:137} INFO - [2024-01-23T22:10:29.396+0000] {dagbag.py:538} INFO - Filling up the DagBag from /home/airflow/.local/lib/python3.7/site-packages/airflow/example_dags/example_nested_branch_dag.py
[2024-01-23T22:10:29.424+0000] {processor.py:753} INFO - DAG(s) dict_keys(['example_nested_branch_dag']) retrieved from /home/airflow/.local/lib/python3.7/site-packages/airflow/example_dags/example_nested_branch_dag.py
[2024-01-23T22:10:29.467+0000] {logging_mixin.py:137} INFO - [2024-01-23T22:10:29.466+0000] {dag.py:2676} INFO - Sync 1 DAGs
[2024-01-23T22:10:29.496+0000] {logging_mixin.py:137} INFO - [2024-01-23T22:10:29.495+0000] {dag.py:3427} INFO - Setting next_dagrun for example_nested_branch_dag to 2024-01-22T00:00:00+00:00, run_after=2024-01-23T00:00:00+00:00
[2024-01-23T22:10:29.518+0000] {processor.py:175} INFO - Processing /home/airflow/.local/lib/python3.7/site-packages/airflow/example_dags/example_nested_branch_dag.py took 0.126 seconds
[2024-01-23T22:10:59.818+0000] {processor.py:153} INFO - Started process (PID=2095) to work on /home/airflow/.local/lib/python3.7/site-packages/airflow/example_dags/example_nested_branch_dag.py
[2024-01-23T22:10:59.819+0000] {processor.py:743} INFO - Processing file /home/airflow/.local/lib/python3.7/site-packages/airflow/example_dags/example_nested_branch_dag.py for tasks to queue
[2024-01-23T22:10:59.820+0000] {logging_mixin.py:137} INFO - [2024-01-23T22:10:59.820+0000] {dagbag.py:538} INFO - Filling up the DagBag from /home/airflow/.local/lib/python3.7/site-packages/airflow/example_dags/example_nested_branch_dag.py
[2024-01-23T22:10:59.849+0000] {processor.py:753} INFO - DAG(s) dict_keys(['example_nested_branch_dag']) retrieved from /home/airflow/.local/lib/python3.7/site-packages/airflow/example_dags/example_nested_branch_dag.py
[2024-01-23T22:10:59.895+0000] {logging_mixin.py:137} INFO - [2024-01-23T22:10:59.894+0000] {dag.py:2676} INFO - Sync 1 DAGs
[2024-01-23T22:10:59.934+0000] {logging_mixin.py:137} INFO - [2024-01-23T22:10:59.934+0000] {dag.py:3427} INFO - Setting next_dagrun for example_nested_branch_dag to 2024-01-22T00:00:00+00:00, run_after=2024-01-23T00:00:00+00:00
[2024-01-23T22:10:59.956+0000] {processor.py:175} INFO - Processing /home/airflow/.local/lib/python3.7/site-packages/airflow/example_dags/example_nested_branch_dag.py took 0.140 seconds
[2024-01-23T22:11:30.134+0000] {processor.py:153} INFO - Started process (PID=2175) to work on /home/airflow/.local/lib/python3.7/site-packages/airflow/example_dags/example_nested_branch_dag.py
[2024-01-23T22:11:30.134+0000] {processor.py:743} INFO - Processing file /home/airflow/.local/lib/python3.7/site-packages/airflow/example_dags/example_nested_branch_dag.py for tasks to queue
[2024-01-23T22:11:30.135+0000] {logging_mixin.py:137} INFO - [2024-01-23T22:11:30.135+0000] {dagbag.py:538} INFO - Filling up the DagBag from /home/airflow/.local/lib/python3.7/site-packages/airflow/example_dags/example_nested_branch_dag.py
[2024-01-23T22:11:30.163+0000] {processor.py:753} INFO - DAG(s) dict_keys(['example_nested_branch_dag']) retrieved from /home/airflow/.local/lib/python3.7/site-packages/airflow/example_dags/example_nested_branch_dag.py
[2024-01-23T22:11:30.197+0000] {logging_mixin.py:137} INFO - [2024-01-23T22:11:30.197+0000] {dag.py:2676} INFO - Sync 1 DAGs
[2024-01-23T22:11:30.225+0000] {logging_mixin.py:137} INFO - [2024-01-23T22:11:30.225+0000] {dag.py:3427} INFO - Setting next_dagrun for example_nested_branch_dag to 2024-01-22T00:00:00+00:00, run_after=2024-01-23T00:00:00+00:00
[2024-01-23T22:11:30.248+0000] {processor.py:175} INFO - Processing /home/airflow/.local/lib/python3.7/site-packages/airflow/example_dags/example_nested_branch_dag.py took 0.117 seconds
[2024-01-23T22:12:00.478+0000] {processor.py:153} INFO - Started process (PID=2275) to work on /home/airflow/.local/lib/python3.7/site-packages/airflow/example_dags/example_nested_branch_dag.py
[2024-01-23T22:12:00.479+0000] {processor.py:743} INFO - Processing file /home/airflow/.local/lib/python3.7/site-packages/airflow/example_dags/example_nested_branch_dag.py for tasks to queue
[2024-01-23T22:12:00.480+0000] {logging_mixin.py:137} INFO - [2024-01-23T22:12:00.480+0000] {dagbag.py:538} INFO - Filling up the DagBag from /home/airflow/.local/lib/python3.7/site-packages/airflow/example_dags/example_nested_branch_dag.py
[2024-01-23T22:12:00.505+0000] {processor.py:753} INFO - DAG(s) dict_keys(['example_nested_branch_dag']) retrieved from /home/airflow/.local/lib/python3.7/site-packages/airflow/example_dags/example_nested_branch_dag.py
[2024-01-23T22:12:00.538+0000] {logging_mixin.py:137} INFO - [2024-01-23T22:12:00.538+0000] {dag.py:2676} INFO - Sync 1 DAGs
[2024-01-23T22:12:00.571+0000] {logging_mixin.py:137} INFO - [2024-01-23T22:12:00.571+0000] {dag.py:3427} INFO - Setting next_dagrun for example_nested_branch_dag to 2024-01-22T00:00:00+00:00, run_after=2024-01-23T00:00:00+00:00
[2024-01-23T22:12:00.594+0000] {processor.py:175} INFO - Processing /home/airflow/.local/lib/python3.7/site-packages/airflow/example_dags/example_nested_branch_dag.py took 0.118 seconds
[2024-01-23T22:12:30.954+0000] {processor.py:153} INFO - Started process (PID=2355) to work on /home/airflow/.local/lib/python3.7/site-packages/airflow/example_dags/example_nested_branch_dag.py
[2024-01-23T22:12:30.955+0000] {processor.py:743} INFO - Processing file /home/airflow/.local/lib/python3.7/site-packages/airflow/example_dags/example_nested_branch_dag.py for tasks to queue
[2024-01-23T22:12:30.955+0000] {logging_mixin.py:137} INFO - [2024-01-23T22:12:30.955+0000] {dagbag.py:538} INFO - Filling up the DagBag from /home/airflow/.local/lib/python3.7/site-packages/airflow/example_dags/example_nested_branch_dag.py
[2024-01-23T22:12:30.978+0000] {processor.py:753} INFO - DAG(s) dict_keys(['example_nested_branch_dag']) retrieved from /home/airflow/.local/lib/python3.7/site-packages/airflow/example_dags/example_nested_branch_dag.py
[2024-01-23T22:12:31.016+0000] {logging_mixin.py:137} INFO - [2024-01-23T22:12:31.015+0000] {dag.py:2676} INFO - Sync 1 DAGs
[2024-01-23T22:12:31.047+0000] {logging_mixin.py:137} INFO - [2024-01-23T22:12:31.046+0000] {dag.py:3427} INFO - Setting next_dagrun for example_nested_branch_dag to 2024-01-22T00:00:00+00:00, run_after=2024-01-23T00:00:00+00:00
[2024-01-23T22:12:31.066+0000] {processor.py:175} INFO - Processing /home/airflow/.local/lib/python3.7/site-packages/airflow/example_dags/example_nested_branch_dag.py took 0.114 seconds
[2024-01-23T22:13:01.350+0000] {processor.py:153} INFO - Started process (PID=2444) to work on /home/airflow/.local/lib/python3.7/site-packages/airflow/example_dags/example_nested_branch_dag.py
[2024-01-23T22:13:01.351+0000] {processor.py:743} INFO - Processing file /home/airflow/.local/lib/python3.7/site-packages/airflow/example_dags/example_nested_branch_dag.py for tasks to queue
[2024-01-23T22:13:01.352+0000] {logging_mixin.py:137} INFO - [2024-01-23T22:13:01.352+0000] {dagbag.py:538} INFO - Filling up the DagBag from /home/airflow/.local/lib/python3.7/site-packages/airflow/example_dags/example_nested_branch_dag.py
[2024-01-23T22:13:01.392+0000] {processor.py:753} INFO - DAG(s) dict_keys(['example_nested_branch_dag']) retrieved from /home/airflow/.local/lib/python3.7/site-packages/airflow/example_dags/example_nested_branch_dag.py
[2024-01-23T22:13:01.434+0000] {logging_mixin.py:137} INFO - [2024-01-23T22:13:01.434+0000] {dag.py:2676} INFO - Sync 1 DAGs
[2024-01-23T22:13:01.472+0000] {logging_mixin.py:137} INFO - [2024-01-23T22:13:01.471+0000] {dag.py:3427} INFO - Setting next_dagrun for example_nested_branch_dag to 2024-01-22T00:00:00+00:00, run_after=2024-01-23T00:00:00+00:00
[2024-01-23T22:13:01.496+0000] {processor.py:175} INFO - Processing /home/airflow/.local/lib/python3.7/site-packages/airflow/example_dags/example_nested_branch_dag.py took 0.149 seconds
[2024-01-23T22:13:31.977+0000] {processor.py:153} INFO - Started process (PID=2535) to work on /home/airflow/.local/lib/python3.7/site-packages/airflow/example_dags/example_nested_branch_dag.py
[2024-01-23T22:13:31.978+0000] {processor.py:743} INFO - Processing file /home/airflow/.local/lib/python3.7/site-packages/airflow/example_dags/example_nested_branch_dag.py for tasks to queue
[2024-01-23T22:13:31.979+0000] {logging_mixin.py:137} INFO - [2024-01-23T22:13:31.979+0000] {dagbag.py:538} INFO - Filling up the DagBag from /home/airflow/.local/lib/python3.7/site-packages/airflow/example_dags/example_nested_branch_dag.py
[2024-01-23T22:13:32.011+0000] {processor.py:753} INFO - DAG(s) dict_keys(['example_nested_branch_dag']) retrieved from /home/airflow/.local/lib/python3.7/site-packages/airflow/example_dags/example_nested_branch_dag.py
[2024-01-23T22:13:32.052+0000] {logging_mixin.py:137} INFO - [2024-01-23T22:13:32.051+0000] {dag.py:2676} INFO - Sync 1 DAGs
[2024-01-23T22:13:32.082+0000] {logging_mixin.py:137} INFO - [2024-01-23T22:13:32.082+0000] {dag.py:3427} INFO - Setting next_dagrun for example_nested_branch_dag to 2024-01-22T00:00:00+00:00, run_after=2024-01-23T00:00:00+00:00
[2024-01-23T22:13:32.103+0000] {processor.py:175} INFO - Processing /home/airflow/.local/lib/python3.7/site-packages/airflow/example_dags/example_nested_branch_dag.py took 0.128 seconds
[2024-01-23T22:14:02.386+0000] {processor.py:153} INFO - Started process (PID=2614) to work on /home/airflow/.local/lib/python3.7/site-packages/airflow/example_dags/example_nested_branch_dag.py
[2024-01-23T22:14:02.386+0000] {processor.py:743} INFO - Processing file /home/airflow/.local/lib/python3.7/site-packages/airflow/example_dags/example_nested_branch_dag.py for tasks to queue
[2024-01-23T22:14:02.387+0000] {logging_mixin.py:137} INFO - [2024-01-23T22:14:02.387+0000] {dagbag.py:538} INFO - Filling up the DagBag from /home/airflow/.local/lib/python3.7/site-packages/airflow/example_dags/example_nested_branch_dag.py
[2024-01-23T22:14:02.420+0000] {processor.py:753} INFO - DAG(s) dict_keys(['example_nested_branch_dag']) retrieved from /home/airflow/.local/lib/python3.7/site-packages/airflow/example_dags/example_nested_branch_dag.py
[2024-01-23T22:14:02.465+0000] {logging_mixin.py:137} INFO - [2024-01-23T22:14:02.464+0000] {dag.py:2676} INFO - Sync 1 DAGs
[2024-01-23T22:14:02.496+0000] {logging_mixin.py:137} INFO - [2024-01-23T22:14:02.495+0000] {dag.py:3427} INFO - Setting next_dagrun for example_nested_branch_dag to 2024-01-22T00:00:00+00:00, run_after=2024-01-23T00:00:00+00:00
[2024-01-23T22:14:02.515+0000] {processor.py:175} INFO - Processing /home/airflow/.local/lib/python3.7/site-packages/airflow/example_dags/example_nested_branch_dag.py took 0.132 seconds
[2024-01-23T22:14:33.258+0000] {processor.py:153} INFO - Started process (PID=2715) to work on /home/airflow/.local/lib/python3.7/site-packages/airflow/example_dags/example_nested_branch_dag.py
[2024-01-23T22:14:33.259+0000] {processor.py:743} INFO - Processing file /home/airflow/.local/lib/python3.7/site-packages/airflow/example_dags/example_nested_branch_dag.py for tasks to queue
[2024-01-23T22:14:33.260+0000] {logging_mixin.py:137} INFO - [2024-01-23T22:14:33.260+0000] {dagbag.py:538} INFO - Filling up the DagBag from /home/airflow/.local/lib/python3.7/site-packages/airflow/example_dags/example_nested_branch_dag.py
[2024-01-23T22:14:33.299+0000] {processor.py:753} INFO - DAG(s) dict_keys(['example_nested_branch_dag']) retrieved from /home/airflow/.local/lib/python3.7/site-packages/airflow/example_dags/example_nested_branch_dag.py
[2024-01-23T22:14:33.357+0000] {logging_mixin.py:137} INFO - [2024-01-23T22:14:33.356+0000] {dag.py:2676} INFO - Sync 1 DAGs
[2024-01-23T22:14:33.399+0000] {logging_mixin.py:137} INFO - [2024-01-23T22:14:33.399+0000] {dag.py:3427} INFO - Setting next_dagrun for example_nested_branch_dag to 2024-01-22T00:00:00+00:00, run_after=2024-01-23T00:00:00+00:00
[2024-01-23T22:14:33.431+0000] {processor.py:175} INFO - Processing /home/airflow/.local/lib/python3.7/site-packages/airflow/example_dags/example_nested_branch_dag.py took 0.178 seconds
[2024-01-23T22:15:03.590+0000] {processor.py:153} INFO - Started process (PID=2796) to work on /home/airflow/.local/lib/python3.7/site-packages/airflow/example_dags/example_nested_branch_dag.py
[2024-01-23T22:15:03.590+0000] {processor.py:743} INFO - Processing file /home/airflow/.local/lib/python3.7/site-packages/airflow/example_dags/example_nested_branch_dag.py for tasks to queue
[2024-01-23T22:15:03.591+0000] {logging_mixin.py:137} INFO - [2024-01-23T22:15:03.591+0000] {dagbag.py:538} INFO - Filling up the DagBag from /home/airflow/.local/lib/python3.7/site-packages/airflow/example_dags/example_nested_branch_dag.py
[2024-01-23T22:15:03.621+0000] {processor.py:753} INFO - DAG(s) dict_keys(['example_nested_branch_dag']) retrieved from /home/airflow/.local/lib/python3.7/site-packages/airflow/example_dags/example_nested_branch_dag.py
[2024-01-23T22:15:03.665+0000] {logging_mixin.py:137} INFO - [2024-01-23T22:15:03.665+0000] {dag.py:2676} INFO - Sync 1 DAGs
[2024-01-23T22:15:03.696+0000] {logging_mixin.py:137} INFO - [2024-01-23T22:15:03.696+0000] {dag.py:3427} INFO - Setting next_dagrun for example_nested_branch_dag to 2024-01-22T00:00:00+00:00, run_after=2024-01-23T00:00:00+00:00
[2024-01-23T22:15:03.716+0000] {processor.py:175} INFO - Processing /home/airflow/.local/lib/python3.7/site-packages/airflow/example_dags/example_nested_branch_dag.py took 0.129 seconds
[2024-01-23T22:15:33.883+0000] {processor.py:153} INFO - Started process (PID=2877) to work on /home/airflow/.local/lib/python3.7/site-packages/airflow/example_dags/example_nested_branch_dag.py
[2024-01-23T22:15:33.883+0000] {processor.py:743} INFO - Processing file /home/airflow/.local/lib/python3.7/site-packages/airflow/example_dags/example_nested_branch_dag.py for tasks to queue
[2024-01-23T22:15:33.884+0000] {logging_mixin.py:137} INFO - [2024-01-23T22:15:33.884+0000] {dagbag.py:538} INFO - Filling up the DagBag from /home/airflow/.local/lib/python3.7/site-packages/airflow/example_dags/example_nested_branch_dag.py
[2024-01-23T22:15:33.910+0000] {processor.py:753} INFO - DAG(s) dict_keys(['example_nested_branch_dag']) retrieved from /home/airflow/.local/lib/python3.7/site-packages/airflow/example_dags/example_nested_branch_dag.py
[2024-01-23T22:15:33.965+0000] {logging_mixin.py:137} INFO - [2024-01-23T22:15:33.964+0000] {dag.py:2676} INFO - Sync 1 DAGs
[2024-01-23T22:15:34.001+0000] {logging_mixin.py:137} INFO - [2024-01-23T22:15:34.001+0000] {dag.py:3427} INFO - Setting next_dagrun for example_nested_branch_dag to 2024-01-22T00:00:00+00:00, run_after=2024-01-23T00:00:00+00:00
[2024-01-23T22:15:34.031+0000] {processor.py:175} INFO - Processing /home/airflow/.local/lib/python3.7/site-packages/airflow/example_dags/example_nested_branch_dag.py took 0.150 seconds
[2024-01-23T22:16:04.294+0000] {processor.py:153} INFO - Started process (PID=2977) to work on /home/airflow/.local/lib/python3.7/site-packages/airflow/example_dags/example_nested_branch_dag.py
[2024-01-23T22:16:04.294+0000] {processor.py:743} INFO - Processing file /home/airflow/.local/lib/python3.7/site-packages/airflow/example_dags/example_nested_branch_dag.py for tasks to queue
[2024-01-23T22:16:04.295+0000] {logging_mixin.py:137} INFO - [2024-01-23T22:16:04.295+0000] {dagbag.py:538} INFO - Filling up the DagBag from /home/airflow/.local/lib/python3.7/site-packages/airflow/example_dags/example_nested_branch_dag.py
[2024-01-23T22:16:04.330+0000] {processor.py:753} INFO - DAG(s) dict_keys(['example_nested_branch_dag']) retrieved from /home/airflow/.local/lib/python3.7/site-packages/airflow/example_dags/example_nested_branch_dag.py
[2024-01-23T22:16:04.379+0000] {logging_mixin.py:137} INFO - [2024-01-23T22:16:04.379+0000] {dag.py:2676} INFO - Sync 1 DAGs
[2024-01-23T22:16:04.413+0000] {logging_mixin.py:137} INFO - [2024-01-23T22:16:04.413+0000] {dag.py:3427} INFO - Setting next_dagrun for example_nested_branch_dag to 2024-01-22T00:00:00+00:00, run_after=2024-01-23T00:00:00+00:00
[2024-01-23T22:16:04.436+0000] {processor.py:175} INFO - Processing /home/airflow/.local/lib/python3.7/site-packages/airflow/example_dags/example_nested_branch_dag.py took 0.144 seconds
[2024-01-23T22:16:35.253+0000] {processor.py:153} INFO - Started process (PID=3056) to work on /home/airflow/.local/lib/python3.7/site-packages/airflow/example_dags/example_nested_branch_dag.py
[2024-01-23T22:16:35.253+0000] {processor.py:743} INFO - Processing file /home/airflow/.local/lib/python3.7/site-packages/airflow/example_dags/example_nested_branch_dag.py for tasks to queue
[2024-01-23T22:16:35.254+0000] {logging_mixin.py:137} INFO - [2024-01-23T22:16:35.254+0000] {dagbag.py:538} INFO - Filling up the DagBag from /home/airflow/.local/lib/python3.7/site-packages/airflow/example_dags/example_nested_branch_dag.py
[2024-01-23T22:16:35.282+0000] {processor.py:753} INFO - DAG(s) dict_keys(['example_nested_branch_dag']) retrieved from /home/airflow/.local/lib/python3.7/site-packages/airflow/example_dags/example_nested_branch_dag.py
[2024-01-23T22:16:35.324+0000] {logging_mixin.py:137} INFO - [2024-01-23T22:16:35.323+0000] {dag.py:2676} INFO - Sync 1 DAGs
[2024-01-23T22:16:35.356+0000] {logging_mixin.py:137} INFO - [2024-01-23T22:16:35.356+0000] {dag.py:3427} INFO - Setting next_dagrun for example_nested_branch_dag to 2024-01-22T00:00:00+00:00, run_after=2024-01-23T00:00:00+00:00
[2024-01-23T22:16:35.382+0000] {processor.py:175} INFO - Processing /home/airflow/.local/lib/python3.7/site-packages/airflow/example_dags/example_nested_branch_dag.py took 0.132 seconds
[2024-01-23T22:17:05.632+0000] {processor.py:153} INFO - Started process (PID=3142) to work on /home/airflow/.local/lib/python3.7/site-packages/airflow/example_dags/example_nested_branch_dag.py
[2024-01-23T22:17:05.633+0000] {processor.py:743} INFO - Processing file /home/airflow/.local/lib/python3.7/site-packages/airflow/example_dags/example_nested_branch_dag.py for tasks to queue
[2024-01-23T22:17:05.634+0000] {logging_mixin.py:137} INFO - [2024-01-23T22:17:05.633+0000] {dagbag.py:538} INFO - Filling up the DagBag from /home/airflow/.local/lib/python3.7/site-packages/airflow/example_dags/example_nested_branch_dag.py
[2024-01-23T22:17:05.664+0000] {processor.py:753} INFO - DAG(s) dict_keys(['example_nested_branch_dag']) retrieved from /home/airflow/.local/lib/python3.7/site-packages/airflow/example_dags/example_nested_branch_dag.py
[2024-01-23T22:17:05.709+0000] {logging_mixin.py:137} INFO - [2024-01-23T22:17:05.709+0000] {dag.py:2676} INFO - Sync 1 DAGs
[2024-01-23T22:17:05.742+0000] {logging_mixin.py:137} INFO - [2024-01-23T22:17:05.742+0000] {dag.py:3427} INFO - Setting next_dagrun for example_nested_branch_dag to 2024-01-22T00:00:00+00:00, run_after=2024-01-23T00:00:00+00:00
[2024-01-23T22:17:05.766+0000] {processor.py:175} INFO - Processing /home/airflow/.local/lib/python3.7/site-packages/airflow/example_dags/example_nested_branch_dag.py took 0.137 seconds
[2024-01-23T22:17:35.998+0000] {processor.py:153} INFO - Started process (PID=3235) to work on /home/airflow/.local/lib/python3.7/site-packages/airflow/example_dags/example_nested_branch_dag.py
[2024-01-23T22:17:35.998+0000] {processor.py:743} INFO - Processing file /home/airflow/.local/lib/python3.7/site-packages/airflow/example_dags/example_nested_branch_dag.py for tasks to queue
[2024-01-23T22:17:35.999+0000] {logging_mixin.py:137} INFO - [2024-01-23T22:17:35.999+0000] {dagbag.py:538} INFO - Filling up the DagBag from /home/airflow/.local/lib/python3.7/site-packages/airflow/example_dags/example_nested_branch_dag.py
[2024-01-23T22:17:36.032+0000] {processor.py:753} INFO - DAG(s) dict_keys(['example_nested_branch_dag']) retrieved from /home/airflow/.local/lib/python3.7/site-packages/airflow/example_dags/example_nested_branch_dag.py
[2024-01-23T22:17:36.081+0000] {logging_mixin.py:137} INFO - [2024-01-23T22:17:36.081+0000] {dag.py:2676} INFO - Sync 1 DAGs
[2024-01-23T22:17:36.123+0000] {logging_mixin.py:137} INFO - [2024-01-23T22:17:36.123+0000] {dag.py:3427} INFO - Setting next_dagrun for example_nested_branch_dag to 2024-01-22T00:00:00+00:00, run_after=2024-01-23T00:00:00+00:00
[2024-01-23T22:17:36.163+0000] {processor.py:175} INFO - Processing /home/airflow/.local/lib/python3.7/site-packages/airflow/example_dags/example_nested_branch_dag.py took 0.168 seconds
[2024-01-23T22:18:06.264+0000] {processor.py:153} INFO - Started process (PID=3315) to work on /home/airflow/.local/lib/python3.7/site-packages/airflow/example_dags/example_nested_branch_dag.py
[2024-01-23T22:18:06.265+0000] {processor.py:743} INFO - Processing file /home/airflow/.local/lib/python3.7/site-packages/airflow/example_dags/example_nested_branch_dag.py for tasks to queue
[2024-01-23T22:18:06.266+0000] {logging_mixin.py:137} INFO - [2024-01-23T22:18:06.265+0000] {dagbag.py:538} INFO - Filling up the DagBag from /home/airflow/.local/lib/python3.7/site-packages/airflow/example_dags/example_nested_branch_dag.py
[2024-01-23T22:18:06.288+0000] {processor.py:753} INFO - DAG(s) dict_keys(['example_nested_branch_dag']) retrieved from /home/airflow/.local/lib/python3.7/site-packages/airflow/example_dags/example_nested_branch_dag.py
[2024-01-23T22:18:06.322+0000] {logging_mixin.py:137} INFO - [2024-01-23T22:18:06.322+0000] {dag.py:2676} INFO - Sync 1 DAGs
[2024-01-23T22:18:06.351+0000] {logging_mixin.py:137} INFO - [2024-01-23T22:18:06.351+0000] {dag.py:3427} INFO - Setting next_dagrun for example_nested_branch_dag to 2024-01-22T00:00:00+00:00, run_after=2024-01-23T00:00:00+00:00
[2024-01-23T22:18:06.372+0000] {processor.py:175} INFO - Processing /home/airflow/.local/lib/python3.7/site-packages/airflow/example_dags/example_nested_branch_dag.py took 0.110 seconds
[2024-01-23T22:18:36.633+0000] {processor.py:153} INFO - Started process (PID=3415) to work on /home/airflow/.local/lib/python3.7/site-packages/airflow/example_dags/example_nested_branch_dag.py
[2024-01-23T22:18:36.634+0000] {processor.py:743} INFO - Processing file /home/airflow/.local/lib/python3.7/site-packages/airflow/example_dags/example_nested_branch_dag.py for tasks to queue
[2024-01-23T22:18:36.635+0000] {logging_mixin.py:137} INFO - [2024-01-23T22:18:36.635+0000] {dagbag.py:538} INFO - Filling up the DagBag from /home/airflow/.local/lib/python3.7/site-packages/airflow/example_dags/example_nested_branch_dag.py
[2024-01-23T22:18:36.666+0000] {processor.py:753} INFO - DAG(s) dict_keys(['example_nested_branch_dag']) retrieved from /home/airflow/.local/lib/python3.7/site-packages/airflow/example_dags/example_nested_branch_dag.py
[2024-01-23T22:18:36.716+0000] {logging_mixin.py:137} INFO - [2024-01-23T22:18:36.716+0000] {dag.py:2676} INFO - Sync 1 DAGs
[2024-01-23T22:18:36.750+0000] {logging_mixin.py:137} INFO - [2024-01-23T22:18:36.750+0000] {dag.py:3427} INFO - Setting next_dagrun for example_nested_branch_dag to 2024-01-22T00:00:00+00:00, run_after=2024-01-23T00:00:00+00:00
[2024-01-23T22:18:36.777+0000] {processor.py:175} INFO - Processing /home/airflow/.local/lib/python3.7/site-packages/airflow/example_dags/example_nested_branch_dag.py took 0.146 seconds
[2024-01-23T22:19:07.075+0000] {processor.py:153} INFO - Started process (PID=3495) to work on /home/airflow/.local/lib/python3.7/site-packages/airflow/example_dags/example_nested_branch_dag.py
[2024-01-23T22:19:07.075+0000] {processor.py:743} INFO - Processing file /home/airflow/.local/lib/python3.7/site-packages/airflow/example_dags/example_nested_branch_dag.py for tasks to queue
[2024-01-23T22:19:07.077+0000] {logging_mixin.py:137} INFO - [2024-01-23T22:19:07.076+0000] {dagbag.py:538} INFO - Filling up the DagBag from /home/airflow/.local/lib/python3.7/site-packages/airflow/example_dags/example_nested_branch_dag.py
[2024-01-23T22:19:07.109+0000] {processor.py:753} INFO - DAG(s) dict_keys(['example_nested_branch_dag']) retrieved from /home/airflow/.local/lib/python3.7/site-packages/airflow/example_dags/example_nested_branch_dag.py
[2024-01-23T22:19:07.159+0000] {logging_mixin.py:137} INFO - [2024-01-23T22:19:07.159+0000] {dag.py:2676} INFO - Sync 1 DAGs
[2024-01-23T22:19:07.197+0000] {logging_mixin.py:137} INFO - [2024-01-23T22:19:07.197+0000] {dag.py:3427} INFO - Setting next_dagrun for example_nested_branch_dag to 2024-01-22T00:00:00+00:00, run_after=2024-01-23T00:00:00+00:00
[2024-01-23T22:19:07.223+0000] {processor.py:175} INFO - Processing /home/airflow/.local/lib/python3.7/site-packages/airflow/example_dags/example_nested_branch_dag.py took 0.152 seconds
[2024-01-23T22:19:37.421+0000] {processor.py:153} INFO - Started process (PID=3575) to work on /home/airflow/.local/lib/python3.7/site-packages/airflow/example_dags/example_nested_branch_dag.py
[2024-01-23T22:19:37.421+0000] {processor.py:743} INFO - Processing file /home/airflow/.local/lib/python3.7/site-packages/airflow/example_dags/example_nested_branch_dag.py for tasks to queue
[2024-01-23T22:19:37.422+0000] {logging_mixin.py:137} INFO - [2024-01-23T22:19:37.422+0000] {dagbag.py:538} INFO - Filling up the DagBag from /home/airflow/.local/lib/python3.7/site-packages/airflow/example_dags/example_nested_branch_dag.py
[2024-01-23T22:19:37.452+0000] {processor.py:753} INFO - DAG(s) dict_keys(['example_nested_branch_dag']) retrieved from /home/airflow/.local/lib/python3.7/site-packages/airflow/example_dags/example_nested_branch_dag.py
[2024-01-23T22:19:37.495+0000] {logging_mixin.py:137} INFO - [2024-01-23T22:19:37.494+0000] {dag.py:2676} INFO - Sync 1 DAGs
[2024-01-23T22:19:37.525+0000] {logging_mixin.py:137} INFO - [2024-01-23T22:19:37.525+0000] {dag.py:3427} INFO - Setting next_dagrun for example_nested_branch_dag to 2024-01-22T00:00:00+00:00, run_after=2024-01-23T00:00:00+00:00
[2024-01-23T22:19:37.546+0000] {processor.py:175} INFO - Processing /home/airflow/.local/lib/python3.7/site-packages/airflow/example_dags/example_nested_branch_dag.py took 0.128 seconds
[2024-01-23T22:20:07.701+0000] {processor.py:153} INFO - Started process (PID=3664) to work on /home/airflow/.local/lib/python3.7/site-packages/airflow/example_dags/example_nested_branch_dag.py
[2024-01-23T22:20:07.701+0000] {processor.py:743} INFO - Processing file /home/airflow/.local/lib/python3.7/site-packages/airflow/example_dags/example_nested_branch_dag.py for tasks to queue
[2024-01-23T22:20:07.702+0000] {logging_mixin.py:137} INFO - [2024-01-23T22:20:07.702+0000] {dagbag.py:538} INFO - Filling up the DagBag from /home/airflow/.local/lib/python3.7/site-packages/airflow/example_dags/example_nested_branch_dag.py
[2024-01-23T22:20:07.736+0000] {processor.py:753} INFO - DAG(s) dict_keys(['example_nested_branch_dag']) retrieved from /home/airflow/.local/lib/python3.7/site-packages/airflow/example_dags/example_nested_branch_dag.py
[2024-01-23T22:20:07.788+0000] {logging_mixin.py:137} INFO - [2024-01-23T22:20:07.788+0000] {dag.py:2676} INFO - Sync 1 DAGs
[2024-01-23T22:20:07.823+0000] {logging_mixin.py:137} INFO - [2024-01-23T22:20:07.823+0000] {dag.py:3427} INFO - Setting next_dagrun for example_nested_branch_dag to 2024-01-22T00:00:00+00:00, run_after=2024-01-23T00:00:00+00:00
[2024-01-23T22:20:07.851+0000] {processor.py:175} INFO - Processing /home/airflow/.local/lib/python3.7/site-packages/airflow/example_dags/example_nested_branch_dag.py took 0.153 seconds
[2024-01-23T22:20:38.258+0000] {processor.py:153} INFO - Started process (PID=3756) to work on /home/airflow/.local/lib/python3.7/site-packages/airflow/example_dags/example_nested_branch_dag.py
[2024-01-23T22:20:38.258+0000] {processor.py:743} INFO - Processing file /home/airflow/.local/lib/python3.7/site-packages/airflow/example_dags/example_nested_branch_dag.py for tasks to queue
[2024-01-23T22:20:38.259+0000] {logging_mixin.py:137} INFO - [2024-01-23T22:20:38.259+0000] {dagbag.py:538} INFO - Filling up the DagBag from /home/airflow/.local/lib/python3.7/site-packages/airflow/example_dags/example_nested_branch_dag.py
[2024-01-23T22:20:38.285+0000] {processor.py:753} INFO - DAG(s) dict_keys(['example_nested_branch_dag']) retrieved from /home/airflow/.local/lib/python3.7/site-packages/airflow/example_dags/example_nested_branch_dag.py
[2024-01-23T22:20:38.324+0000] {logging_mixin.py:137} INFO - [2024-01-23T22:20:38.324+0000] {dag.py:2676} INFO - Sync 1 DAGs
[2024-01-23T22:20:38.360+0000] {logging_mixin.py:137} INFO - [2024-01-23T22:20:38.359+0000] {dag.py:3427} INFO - Setting next_dagrun for example_nested_branch_dag to 2024-01-22T00:00:00+00:00, run_after=2024-01-23T00:00:00+00:00
[2024-01-23T22:20:38.383+0000] {processor.py:175} INFO - Processing /home/airflow/.local/lib/python3.7/site-packages/airflow/example_dags/example_nested_branch_dag.py took 0.128 seconds
[2024-01-23T22:21:08.664+0000] {processor.py:153} INFO - Started process (PID=3836) to work on /home/airflow/.local/lib/python3.7/site-packages/airflow/example_dags/example_nested_branch_dag.py
[2024-01-23T22:21:08.665+0000] {processor.py:743} INFO - Processing file /home/airflow/.local/lib/python3.7/site-packages/airflow/example_dags/example_nested_branch_dag.py for tasks to queue
[2024-01-23T22:21:08.666+0000] {logging_mixin.py:137} INFO - [2024-01-23T22:21:08.665+0000] {dagbag.py:538} INFO - Filling up the DagBag from /home/airflow/.local/lib/python3.7/site-packages/airflow/example_dags/example_nested_branch_dag.py
[2024-01-23T22:21:08.696+0000] {processor.py:753} INFO - DAG(s) dict_keys(['example_nested_branch_dag']) retrieved from /home/airflow/.local/lib/python3.7/site-packages/airflow/example_dags/example_nested_branch_dag.py
[2024-01-23T22:21:08.740+0000] {logging_mixin.py:137} INFO - [2024-01-23T22:21:08.739+0000] {dag.py:2676} INFO - Sync 1 DAGs
[2024-01-23T22:21:08.774+0000] {logging_mixin.py:137} INFO - [2024-01-23T22:21:08.774+0000] {dag.py:3427} INFO - Setting next_dagrun for example_nested_branch_dag to 2024-01-22T00:00:00+00:00, run_after=2024-01-23T00:00:00+00:00
[2024-01-23T22:21:08.798+0000] {processor.py:175} INFO - Processing /home/airflow/.local/lib/python3.7/site-packages/airflow/example_dags/example_nested_branch_dag.py took 0.137 seconds
[2024-01-23T22:21:39.151+0000] {processor.py:153} INFO - Started process (PID=3936) to work on /home/airflow/.local/lib/python3.7/site-packages/airflow/example_dags/example_nested_branch_dag.py
[2024-01-23T22:21:39.152+0000] {processor.py:743} INFO - Processing file /home/airflow/.local/lib/python3.7/site-packages/airflow/example_dags/example_nested_branch_dag.py for tasks to queue
[2024-01-23T22:21:39.153+0000] {logging_mixin.py:137} INFO - [2024-01-23T22:21:39.153+0000] {dagbag.py:538} INFO - Filling up the DagBag from /home/airflow/.local/lib/python3.7/site-packages/airflow/example_dags/example_nested_branch_dag.py
[2024-01-23T22:21:39.189+0000] {processor.py:753} INFO - DAG(s) dict_keys(['example_nested_branch_dag']) retrieved from /home/airflow/.local/lib/python3.7/site-packages/airflow/example_dags/example_nested_branch_dag.py
[2024-01-23T22:21:39.236+0000] {logging_mixin.py:137} INFO - [2024-01-23T22:21:39.235+0000] {dag.py:2676} INFO - Sync 1 DAGs
[2024-01-23T22:21:39.268+0000] {logging_mixin.py:137} INFO - [2024-01-23T22:21:39.268+0000] {dag.py:3427} INFO - Setting next_dagrun for example_nested_branch_dag to 2024-01-22T00:00:00+00:00, run_after=2024-01-23T00:00:00+00:00
[2024-01-23T22:21:39.291+0000] {processor.py:175} INFO - Processing /home/airflow/.local/lib/python3.7/site-packages/airflow/example_dags/example_nested_branch_dag.py took 0.143 seconds
[2024-01-23T22:22:09.498+0000] {processor.py:153} INFO - Started process (PID=4016) to work on /home/airflow/.local/lib/python3.7/site-packages/airflow/example_dags/example_nested_branch_dag.py
[2024-01-23T22:22:09.499+0000] {processor.py:743} INFO - Processing file /home/airflow/.local/lib/python3.7/site-packages/airflow/example_dags/example_nested_branch_dag.py for tasks to queue
[2024-01-23T22:22:09.500+0000] {logging_mixin.py:137} INFO - [2024-01-23T22:22:09.500+0000] {dagbag.py:538} INFO - Filling up the DagBag from /home/airflow/.local/lib/python3.7/site-packages/airflow/example_dags/example_nested_branch_dag.py
[2024-01-23T22:22:09.528+0000] {processor.py:753} INFO - DAG(s) dict_keys(['example_nested_branch_dag']) retrieved from /home/airflow/.local/lib/python3.7/site-packages/airflow/example_dags/example_nested_branch_dag.py
[2024-01-23T22:22:09.569+0000] {logging_mixin.py:137} INFO - [2024-01-23T22:22:09.569+0000] {dag.py:2676} INFO - Sync 1 DAGs
[2024-01-23T22:22:09.596+0000] {logging_mixin.py:137} INFO - [2024-01-23T22:22:09.596+0000] {dag.py:3427} INFO - Setting next_dagrun for example_nested_branch_dag to 2024-01-22T00:00:00+00:00, run_after=2024-01-23T00:00:00+00:00
[2024-01-23T22:22:09.615+0000] {processor.py:175} INFO - Processing /home/airflow/.local/lib/python3.7/site-packages/airflow/example_dags/example_nested_branch_dag.py took 0.119 seconds
[2024-01-23T22:22:39.692+0000] {processor.py:153} INFO - Started process (PID=4096) to work on /home/airflow/.local/lib/python3.7/site-packages/airflow/example_dags/example_nested_branch_dag.py
[2024-01-23T22:22:39.693+0000] {processor.py:743} INFO - Processing file /home/airflow/.local/lib/python3.7/site-packages/airflow/example_dags/example_nested_branch_dag.py for tasks to queue
[2024-01-23T22:22:39.694+0000] {logging_mixin.py:137} INFO - [2024-01-23T22:22:39.694+0000] {dagbag.py:538} INFO - Filling up the DagBag from /home/airflow/.local/lib/python3.7/site-packages/airflow/example_dags/example_nested_branch_dag.py
[2024-01-23T22:22:39.719+0000] {processor.py:753} INFO - DAG(s) dict_keys(['example_nested_branch_dag']) retrieved from /home/airflow/.local/lib/python3.7/site-packages/airflow/example_dags/example_nested_branch_dag.py
[2024-01-23T22:22:39.757+0000] {logging_mixin.py:137} INFO - [2024-01-23T22:22:39.756+0000] {dag.py:2676} INFO - Sync 1 DAGs
[2024-01-23T22:22:39.792+0000] {logging_mixin.py:137} INFO - [2024-01-23T22:22:39.792+0000] {dag.py:3427} INFO - Setting next_dagrun for example_nested_branch_dag to 2024-01-22T00:00:00+00:00, run_after=2024-01-23T00:00:00+00:00
[2024-01-23T22:22:39.815+0000] {processor.py:175} INFO - Processing /home/airflow/.local/lib/python3.7/site-packages/airflow/example_dags/example_nested_branch_dag.py took 0.125 seconds
[2024-01-23T22:23:09.897+0000] {processor.py:153} INFO - Started process (PID=4196) to work on /home/airflow/.local/lib/python3.7/site-packages/airflow/example_dags/example_nested_branch_dag.py
[2024-01-23T22:23:09.898+0000] {processor.py:743} INFO - Processing file /home/airflow/.local/lib/python3.7/site-packages/airflow/example_dags/example_nested_branch_dag.py for tasks to queue
[2024-01-23T22:23:09.898+0000] {logging_mixin.py:137} INFO - [2024-01-23T22:23:09.898+0000] {dagbag.py:538} INFO - Filling up the DagBag from /home/airflow/.local/lib/python3.7/site-packages/airflow/example_dags/example_nested_branch_dag.py
[2024-01-23T22:23:09.924+0000] {processor.py:753} INFO - DAG(s) dict_keys(['example_nested_branch_dag']) retrieved from /home/airflow/.local/lib/python3.7/site-packages/airflow/example_dags/example_nested_branch_dag.py
[2024-01-23T22:23:09.964+0000] {logging_mixin.py:137} INFO - [2024-01-23T22:23:09.964+0000] {dag.py:2676} INFO - Sync 1 DAGs
[2024-01-23T22:23:10.003+0000] {logging_mixin.py:137} INFO - [2024-01-23T22:23:10.003+0000] {dag.py:3427} INFO - Setting next_dagrun for example_nested_branch_dag to 2024-01-22T00:00:00+00:00, run_after=2024-01-23T00:00:00+00:00
[2024-01-23T22:23:10.025+0000] {processor.py:175} INFO - Processing /home/airflow/.local/lib/python3.7/site-packages/airflow/example_dags/example_nested_branch_dag.py took 0.130 seconds
[2024-01-23T22:23:40.065+0000] {processor.py:153} INFO - Started process (PID=4276) to work on /home/airflow/.local/lib/python3.7/site-packages/airflow/example_dags/example_nested_branch_dag.py
[2024-01-23T22:23:40.065+0000] {processor.py:743} INFO - Processing file /home/airflow/.local/lib/python3.7/site-packages/airflow/example_dags/example_nested_branch_dag.py for tasks to queue
[2024-01-23T22:23:40.066+0000] {logging_mixin.py:137} INFO - [2024-01-23T22:23:40.066+0000] {dagbag.py:538} INFO - Filling up the DagBag from /home/airflow/.local/lib/python3.7/site-packages/airflow/example_dags/example_nested_branch_dag.py
[2024-01-23T22:23:40.088+0000] {processor.py:753} INFO - DAG(s) dict_keys(['example_nested_branch_dag']) retrieved from /home/airflow/.local/lib/python3.7/site-packages/airflow/example_dags/example_nested_branch_dag.py
[2024-01-23T22:23:40.130+0000] {logging_mixin.py:137} INFO - [2024-01-23T22:23:40.130+0000] {dag.py:2676} INFO - Sync 1 DAGs
[2024-01-23T22:23:40.162+0000] {logging_mixin.py:137} INFO - [2024-01-23T22:23:40.161+0000] {dag.py:3427} INFO - Setting next_dagrun for example_nested_branch_dag to 2024-01-22T00:00:00+00:00, run_after=2024-01-23T00:00:00+00:00
[2024-01-23T22:23:40.182+0000] {processor.py:175} INFO - Processing /home/airflow/.local/lib/python3.7/site-packages/airflow/example_dags/example_nested_branch_dag.py took 0.120 seconds
[2024-01-23T22:24:10.570+0000] {processor.py:153} INFO - Started process (PID=4363) to work on /home/airflow/.local/lib/python3.7/site-packages/airflow/example_dags/example_nested_branch_dag.py
[2024-01-23T22:24:10.571+0000] {processor.py:743} INFO - Processing file /home/airflow/.local/lib/python3.7/site-packages/airflow/example_dags/example_nested_branch_dag.py for tasks to queue
[2024-01-23T22:24:10.571+0000] {logging_mixin.py:137} INFO - [2024-01-23T22:24:10.571+0000] {dagbag.py:538} INFO - Filling up the DagBag from /home/airflow/.local/lib/python3.7/site-packages/airflow/example_dags/example_nested_branch_dag.py
[2024-01-23T22:24:10.603+0000] {processor.py:753} INFO - DAG(s) dict_keys(['example_nested_branch_dag']) retrieved from /home/airflow/.local/lib/python3.7/site-packages/airflow/example_dags/example_nested_branch_dag.py
[2024-01-23T22:24:10.646+0000] {logging_mixin.py:137} INFO - [2024-01-23T22:24:10.646+0000] {dag.py:2676} INFO - Sync 1 DAGs
[2024-01-23T22:24:10.674+0000] {logging_mixin.py:137} INFO - [2024-01-23T22:24:10.674+0000] {dag.py:3427} INFO - Setting next_dagrun for example_nested_branch_dag to 2024-01-22T00:00:00+00:00, run_after=2024-01-23T00:00:00+00:00
[2024-01-23T22:24:10.701+0000] {processor.py:175} INFO - Processing /home/airflow/.local/lib/python3.7/site-packages/airflow/example_dags/example_nested_branch_dag.py took 0.133 seconds
[2024-01-23T22:24:41.642+0000] {processor.py:153} INFO - Started process (PID=4457) to work on /home/airflow/.local/lib/python3.7/site-packages/airflow/example_dags/example_nested_branch_dag.py
[2024-01-23T22:24:41.643+0000] {processor.py:743} INFO - Processing file /home/airflow/.local/lib/python3.7/site-packages/airflow/example_dags/example_nested_branch_dag.py for tasks to queue
[2024-01-23T22:24:41.644+0000] {logging_mixin.py:137} INFO - [2024-01-23T22:24:41.643+0000] {dagbag.py:538} INFO - Filling up the DagBag from /home/airflow/.local/lib/python3.7/site-packages/airflow/example_dags/example_nested_branch_dag.py
[2024-01-23T22:24:41.670+0000] {processor.py:753} INFO - DAG(s) dict_keys(['example_nested_branch_dag']) retrieved from /home/airflow/.local/lib/python3.7/site-packages/airflow/example_dags/example_nested_branch_dag.py
[2024-01-23T22:24:41.708+0000] {logging_mixin.py:137} INFO - [2024-01-23T22:24:41.707+0000] {dag.py:2676} INFO - Sync 1 DAGs
[2024-01-23T22:24:41.734+0000] {logging_mixin.py:137} INFO - [2024-01-23T22:24:41.734+0000] {dag.py:3427} INFO - Setting next_dagrun for example_nested_branch_dag to 2024-01-22T00:00:00+00:00, run_after=2024-01-23T00:00:00+00:00
[2024-01-23T22:24:41.755+0000] {processor.py:175} INFO - Processing /home/airflow/.local/lib/python3.7/site-packages/airflow/example_dags/example_nested_branch_dag.py took 0.116 seconds
[2024-01-23T22:25:12.660+0000] {processor.py:153} INFO - Started process (PID=4537) to work on /home/airflow/.local/lib/python3.7/site-packages/airflow/example_dags/example_nested_branch_dag.py
[2024-01-23T22:25:12.662+0000] {processor.py:743} INFO - Processing file /home/airflow/.local/lib/python3.7/site-packages/airflow/example_dags/example_nested_branch_dag.py for tasks to queue
[2024-01-23T22:25:12.663+0000] {logging_mixin.py:137} INFO - [2024-01-23T22:25:12.663+0000] {dagbag.py:538} INFO - Filling up the DagBag from /home/airflow/.local/lib/python3.7/site-packages/airflow/example_dags/example_nested_branch_dag.py
[2024-01-23T22:25:12.691+0000] {processor.py:753} INFO - DAG(s) dict_keys(['example_nested_branch_dag']) retrieved from /home/airflow/.local/lib/python3.7/site-packages/airflow/example_dags/example_nested_branch_dag.py
[2024-01-23T22:25:12.737+0000] {logging_mixin.py:137} INFO - [2024-01-23T22:25:12.737+0000] {dag.py:2676} INFO - Sync 1 DAGs
[2024-01-23T22:25:12.765+0000] {logging_mixin.py:137} INFO - [2024-01-23T22:25:12.765+0000] {dag.py:3427} INFO - Setting next_dagrun for example_nested_branch_dag to 2024-01-22T00:00:00+00:00, run_after=2024-01-23T00:00:00+00:00
[2024-01-23T22:25:12.786+0000] {processor.py:175} INFO - Processing /home/airflow/.local/lib/python3.7/site-packages/airflow/example_dags/example_nested_branch_dag.py took 0.129 seconds
[2024-01-23T22:25:43.069+0000] {processor.py:153} INFO - Started process (PID=4637) to work on /home/airflow/.local/lib/python3.7/site-packages/airflow/example_dags/example_nested_branch_dag.py
[2024-01-23T22:25:43.070+0000] {processor.py:743} INFO - Processing file /home/airflow/.local/lib/python3.7/site-packages/airflow/example_dags/example_nested_branch_dag.py for tasks to queue
[2024-01-23T22:25:43.071+0000] {logging_mixin.py:137} INFO - [2024-01-23T22:25:43.071+0000] {dagbag.py:538} INFO - Filling up the DagBag from /home/airflow/.local/lib/python3.7/site-packages/airflow/example_dags/example_nested_branch_dag.py
[2024-01-23T22:25:43.101+0000] {processor.py:753} INFO - DAG(s) dict_keys(['example_nested_branch_dag']) retrieved from /home/airflow/.local/lib/python3.7/site-packages/airflow/example_dags/example_nested_branch_dag.py
[2024-01-23T22:25:43.147+0000] {logging_mixin.py:137} INFO - [2024-01-23T22:25:43.147+0000] {dag.py:2676} INFO - Sync 1 DAGs
[2024-01-23T22:25:43.180+0000] {logging_mixin.py:137} INFO - [2024-01-23T22:25:43.179+0000] {dag.py:3427} INFO - Setting next_dagrun for example_nested_branch_dag to 2024-01-22T00:00:00+00:00, run_after=2024-01-23T00:00:00+00:00
[2024-01-23T22:25:43.203+0000] {processor.py:175} INFO - Processing /home/airflow/.local/lib/python3.7/site-packages/airflow/example_dags/example_nested_branch_dag.py took 0.136 seconds
[2024-01-23T22:26:13.439+0000] {processor.py:153} INFO - Started process (PID=4716) to work on /home/airflow/.local/lib/python3.7/site-packages/airflow/example_dags/example_nested_branch_dag.py
[2024-01-23T22:26:13.440+0000] {processor.py:743} INFO - Processing file /home/airflow/.local/lib/python3.7/site-packages/airflow/example_dags/example_nested_branch_dag.py for tasks to queue
[2024-01-23T22:26:13.441+0000] {logging_mixin.py:137} INFO - [2024-01-23T22:26:13.441+0000] {dagbag.py:538} INFO - Filling up the DagBag from /home/airflow/.local/lib/python3.7/site-packages/airflow/example_dags/example_nested_branch_dag.py
[2024-01-23T22:26:13.468+0000] {processor.py:753} INFO - DAG(s) dict_keys(['example_nested_branch_dag']) retrieved from /home/airflow/.local/lib/python3.7/site-packages/airflow/example_dags/example_nested_branch_dag.py
[2024-01-23T22:26:13.509+0000] {logging_mixin.py:137} INFO - [2024-01-23T22:26:13.509+0000] {dag.py:2676} INFO - Sync 1 DAGs
[2024-01-23T22:26:13.543+0000] {logging_mixin.py:137} INFO - [2024-01-23T22:26:13.542+0000] {dag.py:3427} INFO - Setting next_dagrun for example_nested_branch_dag to 2024-01-22T00:00:00+00:00, run_after=2024-01-23T00:00:00+00:00
[2024-01-23T22:26:13.570+0000] {processor.py:175} INFO - Processing /home/airflow/.local/lib/python3.7/site-packages/airflow/example_dags/example_nested_branch_dag.py took 0.134 seconds
[2024-01-23T22:26:43.623+0000] {processor.py:153} INFO - Started process (PID=4796) to work on /home/airflow/.local/lib/python3.7/site-packages/airflow/example_dags/example_nested_branch_dag.py
[2024-01-23T22:26:43.624+0000] {processor.py:743} INFO - Processing file /home/airflow/.local/lib/python3.7/site-packages/airflow/example_dags/example_nested_branch_dag.py for tasks to queue
[2024-01-23T22:26:43.625+0000] {logging_mixin.py:137} INFO - [2024-01-23T22:26:43.625+0000] {dagbag.py:538} INFO - Filling up the DagBag from /home/airflow/.local/lib/python3.7/site-packages/airflow/example_dags/example_nested_branch_dag.py
[2024-01-23T22:26:43.646+0000] {processor.py:753} INFO - DAG(s) dict_keys(['example_nested_branch_dag']) retrieved from /home/airflow/.local/lib/python3.7/site-packages/airflow/example_dags/example_nested_branch_dag.py
[2024-01-23T22:26:43.683+0000] {logging_mixin.py:137} INFO - [2024-01-23T22:26:43.683+0000] {dag.py:2676} INFO - Sync 1 DAGs
[2024-01-23T22:26:43.714+0000] {logging_mixin.py:137} INFO - [2024-01-23T22:26:43.714+0000] {dag.py:3427} INFO - Setting next_dagrun for example_nested_branch_dag to 2024-01-22T00:00:00+00:00, run_after=2024-01-23T00:00:00+00:00
[2024-01-23T22:26:43.734+0000] {processor.py:175} INFO - Processing /home/airflow/.local/lib/python3.7/site-packages/airflow/example_dags/example_nested_branch_dag.py took 0.114 seconds
[2024-01-23T22:27:13.875+0000] {processor.py:153} INFO - Started process (PID=4896) to work on /home/airflow/.local/lib/python3.7/site-packages/airflow/example_dags/example_nested_branch_dag.py
[2024-01-23T22:27:13.875+0000] {processor.py:743} INFO - Processing file /home/airflow/.local/lib/python3.7/site-packages/airflow/example_dags/example_nested_branch_dag.py for tasks to queue
[2024-01-23T22:27:13.876+0000] {logging_mixin.py:137} INFO - [2024-01-23T22:27:13.876+0000] {dagbag.py:538} INFO - Filling up the DagBag from /home/airflow/.local/lib/python3.7/site-packages/airflow/example_dags/example_nested_branch_dag.py
[2024-01-23T22:27:13.906+0000] {processor.py:753} INFO - DAG(s) dict_keys(['example_nested_branch_dag']) retrieved from /home/airflow/.local/lib/python3.7/site-packages/airflow/example_dags/example_nested_branch_dag.py
[2024-01-23T22:27:13.951+0000] {logging_mixin.py:137} INFO - [2024-01-23T22:27:13.951+0000] {dag.py:2676} INFO - Sync 1 DAGs
[2024-01-23T22:27:13.981+0000] {logging_mixin.py:137} INFO - [2024-01-23T22:27:13.981+0000] {dag.py:3427} INFO - Setting next_dagrun for example_nested_branch_dag to 2024-01-22T00:00:00+00:00, run_after=2024-01-23T00:00:00+00:00
[2024-01-23T22:27:14.004+0000] {processor.py:175} INFO - Processing /home/airflow/.local/lib/python3.7/site-packages/airflow/example_dags/example_nested_branch_dag.py took 0.132 seconds
[2024-01-23T22:27:44.234+0000] {processor.py:153} INFO - Started process (PID=4976) to work on /home/airflow/.local/lib/python3.7/site-packages/airflow/example_dags/example_nested_branch_dag.py
[2024-01-23T22:27:44.235+0000] {processor.py:743} INFO - Processing file /home/airflow/.local/lib/python3.7/site-packages/airflow/example_dags/example_nested_branch_dag.py for tasks to queue
[2024-01-23T22:27:44.236+0000] {logging_mixin.py:137} INFO - [2024-01-23T22:27:44.235+0000] {dagbag.py:538} INFO - Filling up the DagBag from /home/airflow/.local/lib/python3.7/site-packages/airflow/example_dags/example_nested_branch_dag.py
[2024-01-23T22:27:44.259+0000] {processor.py:753} INFO - DAG(s) dict_keys(['example_nested_branch_dag']) retrieved from /home/airflow/.local/lib/python3.7/site-packages/airflow/example_dags/example_nested_branch_dag.py
[2024-01-23T22:27:44.305+0000] {logging_mixin.py:137} INFO - [2024-01-23T22:27:44.305+0000] {dag.py:2676} INFO - Sync 1 DAGs
[2024-01-23T22:27:44.336+0000] {logging_mixin.py:137} INFO - [2024-01-23T22:27:44.336+0000] {dag.py:3427} INFO - Setting next_dagrun for example_nested_branch_dag to 2024-01-22T00:00:00+00:00, run_after=2024-01-23T00:00:00+00:00
[2024-01-23T22:27:44.357+0000] {processor.py:175} INFO - Processing /home/airflow/.local/lib/python3.7/site-packages/airflow/example_dags/example_nested_branch_dag.py took 0.125 seconds
[2024-01-23T22:28:14.604+0000] {processor.py:153} INFO - Started process (PID=5063) to work on /home/airflow/.local/lib/python3.7/site-packages/airflow/example_dags/example_nested_branch_dag.py
[2024-01-23T22:28:14.605+0000] {processor.py:743} INFO - Processing file /home/airflow/.local/lib/python3.7/site-packages/airflow/example_dags/example_nested_branch_dag.py for tasks to queue
[2024-01-23T22:28:14.606+0000] {logging_mixin.py:137} INFO - [2024-01-23T22:28:14.606+0000] {dagbag.py:538} INFO - Filling up the DagBag from /home/airflow/.local/lib/python3.7/site-packages/airflow/example_dags/example_nested_branch_dag.py
[2024-01-23T22:28:14.638+0000] {processor.py:753} INFO - DAG(s) dict_keys(['example_nested_branch_dag']) retrieved from /home/airflow/.local/lib/python3.7/site-packages/airflow/example_dags/example_nested_branch_dag.py
[2024-01-23T22:28:14.682+0000] {logging_mixin.py:137} INFO - [2024-01-23T22:28:14.682+0000] {dag.py:2676} INFO - Sync 1 DAGs
[2024-01-23T22:28:14.718+0000] {logging_mixin.py:137} INFO - [2024-01-23T22:28:14.718+0000] {dag.py:3427} INFO - Setting next_dagrun for example_nested_branch_dag to 2024-01-22T00:00:00+00:00, run_after=2024-01-23T00:00:00+00:00
[2024-01-23T22:28:14.744+0000] {processor.py:175} INFO - Processing /home/airflow/.local/lib/python3.7/site-packages/airflow/example_dags/example_nested_branch_dag.py took 0.142 seconds
[2024-01-23T22:28:45.070+0000] {processor.py:153} INFO - Started process (PID=5156) to work on /home/airflow/.local/lib/python3.7/site-packages/airflow/example_dags/example_nested_branch_dag.py
[2024-01-23T22:28:45.071+0000] {processor.py:743} INFO - Processing file /home/airflow/.local/lib/python3.7/site-packages/airflow/example_dags/example_nested_branch_dag.py for tasks to queue
[2024-01-23T22:28:45.071+0000] {logging_mixin.py:137} INFO - [2024-01-23T22:28:45.071+0000] {dagbag.py:538} INFO - Filling up the DagBag from /home/airflow/.local/lib/python3.7/site-packages/airflow/example_dags/example_nested_branch_dag.py
[2024-01-23T22:28:45.097+0000] {processor.py:753} INFO - DAG(s) dict_keys(['example_nested_branch_dag']) retrieved from /home/airflow/.local/lib/python3.7/site-packages/airflow/example_dags/example_nested_branch_dag.py
[2024-01-23T22:28:45.139+0000] {logging_mixin.py:137} INFO - [2024-01-23T22:28:45.139+0000] {dag.py:2676} INFO - Sync 1 DAGs
[2024-01-23T22:28:45.202+0000] {logging_mixin.py:137} INFO - [2024-01-23T22:28:45.202+0000] {dag.py:3427} INFO - Setting next_dagrun for example_nested_branch_dag to 2024-01-22T00:00:00+00:00, run_after=2024-01-23T00:00:00+00:00
[2024-01-23T22:28:45.222+0000] {processor.py:175} INFO - Processing /home/airflow/.local/lib/python3.7/site-packages/airflow/example_dags/example_nested_branch_dag.py took 0.155 seconds
[2024-01-23T22:29:15.373+0000] {processor.py:153} INFO - Started process (PID=5236) to work on /home/airflow/.local/lib/python3.7/site-packages/airflow/example_dags/example_nested_branch_dag.py
[2024-01-23T22:29:15.374+0000] {processor.py:743} INFO - Processing file /home/airflow/.local/lib/python3.7/site-packages/airflow/example_dags/example_nested_branch_dag.py for tasks to queue
[2024-01-23T22:29:15.375+0000] {logging_mixin.py:137} INFO - [2024-01-23T22:29:15.374+0000] {dagbag.py:538} INFO - Filling up the DagBag from /home/airflow/.local/lib/python3.7/site-packages/airflow/example_dags/example_nested_branch_dag.py
[2024-01-23T22:29:15.402+0000] {processor.py:753} INFO - DAG(s) dict_keys(['example_nested_branch_dag']) retrieved from /home/airflow/.local/lib/python3.7/site-packages/airflow/example_dags/example_nested_branch_dag.py
[2024-01-23T22:29:15.448+0000] {logging_mixin.py:137} INFO - [2024-01-23T22:29:15.447+0000] {dag.py:2676} INFO - Sync 1 DAGs
[2024-01-23T22:29:15.484+0000] {logging_mixin.py:137} INFO - [2024-01-23T22:29:15.484+0000] {dag.py:3427} INFO - Setting next_dagrun for example_nested_branch_dag to 2024-01-22T00:00:00+00:00, run_after=2024-01-23T00:00:00+00:00
[2024-01-23T22:29:15.520+0000] {processor.py:175} INFO - Processing /home/airflow/.local/lib/python3.7/site-packages/airflow/example_dags/example_nested_branch_dag.py took 0.149 seconds
[2024-01-23T22:29:46.075+0000] {processor.py:153} INFO - Started process (PID=5335) to work on /home/airflow/.local/lib/python3.7/site-packages/airflow/example_dags/example_nested_branch_dag.py
[2024-01-23T22:29:46.076+0000] {processor.py:743} INFO - Processing file /home/airflow/.local/lib/python3.7/site-packages/airflow/example_dags/example_nested_branch_dag.py for tasks to queue
[2024-01-23T22:29:46.077+0000] {logging_mixin.py:137} INFO - [2024-01-23T22:29:46.077+0000] {dagbag.py:538} INFO - Filling up the DagBag from /home/airflow/.local/lib/python3.7/site-packages/airflow/example_dags/example_nested_branch_dag.py
[2024-01-23T22:29:46.119+0000] {processor.py:753} INFO - DAG(s) dict_keys(['example_nested_branch_dag']) retrieved from /home/airflow/.local/lib/python3.7/site-packages/airflow/example_dags/example_nested_branch_dag.py
[2024-01-23T22:29:46.173+0000] {logging_mixin.py:137} INFO - [2024-01-23T22:29:46.172+0000] {dag.py:2676} INFO - Sync 1 DAGs
[2024-01-23T22:29:46.210+0000] {logging_mixin.py:137} INFO - [2024-01-23T22:29:46.210+0000] {dag.py:3427} INFO - Setting next_dagrun for example_nested_branch_dag to 2024-01-22T00:00:00+00:00, run_after=2024-01-23T00:00:00+00:00
[2024-01-23T22:29:46.248+0000] {processor.py:175} INFO - Processing /home/airflow/.local/lib/python3.7/site-packages/airflow/example_dags/example_nested_branch_dag.py took 0.175 seconds
[2024-01-23T22:30:16.482+0000] {processor.py:153} INFO - Started process (PID=5414) to work on /home/airflow/.local/lib/python3.7/site-packages/airflow/example_dags/example_nested_branch_dag.py
[2024-01-23T22:30:16.483+0000] {processor.py:743} INFO - Processing file /home/airflow/.local/lib/python3.7/site-packages/airflow/example_dags/example_nested_branch_dag.py for tasks to queue
[2024-01-23T22:30:16.483+0000] {logging_mixin.py:137} INFO - [2024-01-23T22:30:16.483+0000] {dagbag.py:538} INFO - Filling up the DagBag from /home/airflow/.local/lib/python3.7/site-packages/airflow/example_dags/example_nested_branch_dag.py
[2024-01-23T22:30:16.507+0000] {processor.py:753} INFO - DAG(s) dict_keys(['example_nested_branch_dag']) retrieved from /home/airflow/.local/lib/python3.7/site-packages/airflow/example_dags/example_nested_branch_dag.py
[2024-01-23T22:30:16.548+0000] {logging_mixin.py:137} INFO - [2024-01-23T22:30:16.548+0000] {dag.py:2676} INFO - Sync 1 DAGs
[2024-01-23T22:30:16.576+0000] {logging_mixin.py:137} INFO - [2024-01-23T22:30:16.575+0000] {dag.py:3427} INFO - Setting next_dagrun for example_nested_branch_dag to 2024-01-22T00:00:00+00:00, run_after=2024-01-23T00:00:00+00:00
[2024-01-23T22:30:16.601+0000] {processor.py:175} INFO - Processing /home/airflow/.local/lib/python3.7/site-packages/airflow/example_dags/example_nested_branch_dag.py took 0.122 seconds
[2024-01-23T22:30:46.723+0000] {processor.py:153} INFO - Started process (PID=5494) to work on /home/airflow/.local/lib/python3.7/site-packages/airflow/example_dags/example_nested_branch_dag.py
[2024-01-23T22:30:46.724+0000] {processor.py:743} INFO - Processing file /home/airflow/.local/lib/python3.7/site-packages/airflow/example_dags/example_nested_branch_dag.py for tasks to queue
[2024-01-23T22:30:46.725+0000] {logging_mixin.py:137} INFO - [2024-01-23T22:30:46.725+0000] {dagbag.py:538} INFO - Filling up the DagBag from /home/airflow/.local/lib/python3.7/site-packages/airflow/example_dags/example_nested_branch_dag.py
[2024-01-23T22:30:46.761+0000] {processor.py:753} INFO - DAG(s) dict_keys(['example_nested_branch_dag']) retrieved from /home/airflow/.local/lib/python3.7/site-packages/airflow/example_dags/example_nested_branch_dag.py
[2024-01-23T22:30:46.802+0000] {logging_mixin.py:137} INFO - [2024-01-23T22:30:46.801+0000] {dag.py:2676} INFO - Sync 1 DAGs
[2024-01-23T22:30:46.835+0000] {logging_mixin.py:137} INFO - [2024-01-23T22:30:46.835+0000] {dag.py:3427} INFO - Setting next_dagrun for example_nested_branch_dag to 2024-01-22T00:00:00+00:00, run_after=2024-01-23T00:00:00+00:00
[2024-01-23T22:30:46.858+0000] {processor.py:175} INFO - Processing /home/airflow/.local/lib/python3.7/site-packages/airflow/example_dags/example_nested_branch_dag.py took 0.137 seconds
[2024-01-23T22:31:17.024+0000] {processor.py:153} INFO - Started process (PID=5593) to work on /home/airflow/.local/lib/python3.7/site-packages/airflow/example_dags/example_nested_branch_dag.py
[2024-01-23T22:31:17.025+0000] {processor.py:743} INFO - Processing file /home/airflow/.local/lib/python3.7/site-packages/airflow/example_dags/example_nested_branch_dag.py for tasks to queue
[2024-01-23T22:31:17.026+0000] {logging_mixin.py:137} INFO - [2024-01-23T22:31:17.025+0000] {dagbag.py:538} INFO - Filling up the DagBag from /home/airflow/.local/lib/python3.7/site-packages/airflow/example_dags/example_nested_branch_dag.py
[2024-01-23T22:31:17.053+0000] {processor.py:753} INFO - DAG(s) dict_keys(['example_nested_branch_dag']) retrieved from /home/airflow/.local/lib/python3.7/site-packages/airflow/example_dags/example_nested_branch_dag.py
[2024-01-23T22:31:17.099+0000] {logging_mixin.py:137} INFO - [2024-01-23T22:31:17.099+0000] {dag.py:2676} INFO - Sync 1 DAGs
[2024-01-23T22:31:17.135+0000] {logging_mixin.py:137} INFO - [2024-01-23T22:31:17.135+0000] {dag.py:3427} INFO - Setting next_dagrun for example_nested_branch_dag to 2024-01-22T00:00:00+00:00, run_after=2024-01-23T00:00:00+00:00
[2024-01-23T22:31:17.156+0000] {processor.py:175} INFO - Processing /home/airflow/.local/lib/python3.7/site-packages/airflow/example_dags/example_nested_branch_dag.py took 0.134 seconds
[2024-01-23T22:31:47.248+0000] {processor.py:153} INFO - Started process (PID=5675) to work on /home/airflow/.local/lib/python3.7/site-packages/airflow/example_dags/example_nested_branch_dag.py
[2024-01-23T22:31:47.248+0000] {processor.py:743} INFO - Processing file /home/airflow/.local/lib/python3.7/site-packages/airflow/example_dags/example_nested_branch_dag.py for tasks to queue
[2024-01-23T22:31:47.249+0000] {logging_mixin.py:137} INFO - [2024-01-23T22:31:47.249+0000] {dagbag.py:538} INFO - Filling up the DagBag from /home/airflow/.local/lib/python3.7/site-packages/airflow/example_dags/example_nested_branch_dag.py
[2024-01-23T22:31:47.274+0000] {processor.py:753} INFO - DAG(s) dict_keys(['example_nested_branch_dag']) retrieved from /home/airflow/.local/lib/python3.7/site-packages/airflow/example_dags/example_nested_branch_dag.py
[2024-01-23T22:31:47.319+0000] {logging_mixin.py:137} INFO - [2024-01-23T22:31:47.318+0000] {dag.py:2676} INFO - Sync 1 DAGs
[2024-01-23T22:31:47.350+0000] {logging_mixin.py:137} INFO - [2024-01-23T22:31:47.350+0000] {dag.py:3427} INFO - Setting next_dagrun for example_nested_branch_dag to 2024-01-22T00:00:00+00:00, run_after=2024-01-23T00:00:00+00:00
[2024-01-23T22:31:47.370+0000] {processor.py:175} INFO - Processing /home/airflow/.local/lib/python3.7/site-packages/airflow/example_dags/example_nested_branch_dag.py took 0.124 seconds
