[2024-01-23T21:50:43.908+0000] {processor.py:153} INFO - Started process (PID=92) to work on /home/airflow/.local/lib/python3.7/site-packages/airflow/example_dags/example_sensors.py
[2024-01-23T21:50:43.909+0000] {processor.py:743} INFO - Processing file /home/airflow/.local/lib/python3.7/site-packages/airflow/example_dags/example_sensors.py for tasks to queue
[2024-01-23T21:50:43.910+0000] {logging_mixin.py:137} INFO - [2024-01-23T21:50:43.910+0000] {dagbag.py:538} INFO - Filling up the DagBag from /home/airflow/.local/lib/python3.7/site-packages/airflow/example_dags/example_sensors.py
[2024-01-23T21:50:43.944+0000] {processor.py:753} INFO - DAG(s) dict_keys(['example_sensors']) retrieved from /home/airflow/.local/lib/python3.7/site-packages/airflow/example_dags/example_sensors.py
[2024-01-23T21:50:43.990+0000] {logging_mixin.py:137} INFO - [2024-01-23T21:50:43.990+0000] {dag.py:2676} INFO - Sync 1 DAGs
[2024-01-23T21:50:44.033+0000] {logging_mixin.py:137} INFO - [2024-01-23T21:50:44.032+0000] {dag.py:3427} INFO - Setting next_dagrun for example_sensors to None, run_after=None
[2024-01-23T21:50:44.060+0000] {processor.py:175} INFO - Processing /home/airflow/.local/lib/python3.7/site-packages/airflow/example_dags/example_sensors.py took 0.154 seconds
[2024-01-23T21:51:15.000+0000] {processor.py:153} INFO - Started process (PID=192) to work on /home/airflow/.local/lib/python3.7/site-packages/airflow/example_dags/example_sensors.py
[2024-01-23T21:51:15.001+0000] {processor.py:743} INFO - Processing file /home/airflow/.local/lib/python3.7/site-packages/airflow/example_dags/example_sensors.py for tasks to queue
[2024-01-23T21:51:15.002+0000] {logging_mixin.py:137} INFO - [2024-01-23T21:51:15.002+0000] {dagbag.py:538} INFO - Filling up the DagBag from /home/airflow/.local/lib/python3.7/site-packages/airflow/example_dags/example_sensors.py
[2024-01-23T21:51:15.029+0000] {processor.py:753} INFO - DAG(s) dict_keys(['example_sensors']) retrieved from /home/airflow/.local/lib/python3.7/site-packages/airflow/example_dags/example_sensors.py
[2024-01-23T21:51:15.080+0000] {logging_mixin.py:137} INFO - [2024-01-23T21:51:15.080+0000] {dag.py:2676} INFO - Sync 1 DAGs
[2024-01-23T21:51:15.115+0000] {logging_mixin.py:137} INFO - [2024-01-23T21:51:15.115+0000] {dag.py:3427} INFO - Setting next_dagrun for example_sensors to None, run_after=None
[2024-01-23T21:51:15.142+0000] {processor.py:175} INFO - Processing /home/airflow/.local/lib/python3.7/site-packages/airflow/example_dags/example_sensors.py took 0.145 seconds
[2024-01-23T21:51:45.750+0000] {processor.py:153} INFO - Started process (PID=272) to work on /home/airflow/.local/lib/python3.7/site-packages/airflow/example_dags/example_sensors.py
[2024-01-23T21:51:45.751+0000] {processor.py:743} INFO - Processing file /home/airflow/.local/lib/python3.7/site-packages/airflow/example_dags/example_sensors.py for tasks to queue
[2024-01-23T21:51:45.752+0000] {logging_mixin.py:137} INFO - [2024-01-23T21:51:45.751+0000] {dagbag.py:538} INFO - Filling up the DagBag from /home/airflow/.local/lib/python3.7/site-packages/airflow/example_dags/example_sensors.py
[2024-01-23T21:51:45.770+0000] {processor.py:753} INFO - DAG(s) dict_keys(['example_sensors']) retrieved from /home/airflow/.local/lib/python3.7/site-packages/airflow/example_dags/example_sensors.py
[2024-01-23T21:51:45.814+0000] {logging_mixin.py:137} INFO - [2024-01-23T21:51:45.814+0000] {dag.py:2676} INFO - Sync 1 DAGs
[2024-01-23T21:51:45.839+0000] {logging_mixin.py:137} INFO - [2024-01-23T21:51:45.839+0000] {dag.py:3427} INFO - Setting next_dagrun for example_sensors to None, run_after=None
[2024-01-23T21:51:45.864+0000] {processor.py:175} INFO - Processing /home/airflow/.local/lib/python3.7/site-packages/airflow/example_dags/example_sensors.py took 0.115 seconds
[2024-01-23T21:52:16.211+0000] {processor.py:153} INFO - Started process (PID=352) to work on /home/airflow/.local/lib/python3.7/site-packages/airflow/example_dags/example_sensors.py
[2024-01-23T21:52:16.212+0000] {processor.py:743} INFO - Processing file /home/airflow/.local/lib/python3.7/site-packages/airflow/example_dags/example_sensors.py for tasks to queue
[2024-01-23T21:52:16.212+0000] {logging_mixin.py:137} INFO - [2024-01-23T21:52:16.212+0000] {dagbag.py:538} INFO - Filling up the DagBag from /home/airflow/.local/lib/python3.7/site-packages/airflow/example_dags/example_sensors.py
[2024-01-23T21:52:16.232+0000] {processor.py:753} INFO - DAG(s) dict_keys(['example_sensors']) retrieved from /home/airflow/.local/lib/python3.7/site-packages/airflow/example_dags/example_sensors.py
[2024-01-23T21:52:16.275+0000] {logging_mixin.py:137} INFO - [2024-01-23T21:52:16.275+0000] {dag.py:2676} INFO - Sync 1 DAGs
[2024-01-23T21:52:16.306+0000] {logging_mixin.py:137} INFO - [2024-01-23T21:52:16.305+0000] {dag.py:3427} INFO - Setting next_dagrun for example_sensors to None, run_after=None
[2024-01-23T21:52:16.345+0000] {processor.py:175} INFO - Processing /home/airflow/.local/lib/python3.7/site-packages/airflow/example_dags/example_sensors.py took 0.137 seconds
[2024-01-23T21:52:46.987+0000] {processor.py:153} INFO - Started process (PID=452) to work on /home/airflow/.local/lib/python3.7/site-packages/airflow/example_dags/example_sensors.py
[2024-01-23T21:52:46.987+0000] {processor.py:743} INFO - Processing file /home/airflow/.local/lib/python3.7/site-packages/airflow/example_dags/example_sensors.py for tasks to queue
[2024-01-23T21:52:46.988+0000] {logging_mixin.py:137} INFO - [2024-01-23T21:52:46.988+0000] {dagbag.py:538} INFO - Filling up the DagBag from /home/airflow/.local/lib/python3.7/site-packages/airflow/example_dags/example_sensors.py
[2024-01-23T21:52:47.008+0000] {processor.py:753} INFO - DAG(s) dict_keys(['example_sensors']) retrieved from /home/airflow/.local/lib/python3.7/site-packages/airflow/example_dags/example_sensors.py
[2024-01-23T21:52:47.054+0000] {logging_mixin.py:137} INFO - [2024-01-23T21:52:47.054+0000] {dag.py:2676} INFO - Sync 1 DAGs
[2024-01-23T21:52:47.089+0000] {logging_mixin.py:137} INFO - [2024-01-23T21:52:47.089+0000] {dag.py:3427} INFO - Setting next_dagrun for example_sensors to None, run_after=None
[2024-01-23T21:52:47.111+0000] {processor.py:175} INFO - Processing /home/airflow/.local/lib/python3.7/site-packages/airflow/example_dags/example_sensors.py took 0.127 seconds
[2024-01-23T21:53:17.662+0000] {processor.py:153} INFO - Started process (PID=532) to work on /home/airflow/.local/lib/python3.7/site-packages/airflow/example_dags/example_sensors.py
[2024-01-23T21:53:17.663+0000] {processor.py:743} INFO - Processing file /home/airflow/.local/lib/python3.7/site-packages/airflow/example_dags/example_sensors.py for tasks to queue
[2024-01-23T21:53:17.663+0000] {logging_mixin.py:137} INFO - [2024-01-23T21:53:17.663+0000] {dagbag.py:538} INFO - Filling up the DagBag from /home/airflow/.local/lib/python3.7/site-packages/airflow/example_dags/example_sensors.py
[2024-01-23T21:53:17.684+0000] {processor.py:753} INFO - DAG(s) dict_keys(['example_sensors']) retrieved from /home/airflow/.local/lib/python3.7/site-packages/airflow/example_dags/example_sensors.py
[2024-01-23T21:53:17.740+0000] {logging_mixin.py:137} INFO - [2024-01-23T21:53:17.740+0000] {dag.py:2676} INFO - Sync 1 DAGs
[2024-01-23T21:53:17.769+0000] {logging_mixin.py:137} INFO - [2024-01-23T21:53:17.769+0000] {dag.py:3427} INFO - Setting next_dagrun for example_sensors to None, run_after=None
[2024-01-23T21:53:17.792+0000] {processor.py:175} INFO - Processing /home/airflow/.local/lib/python3.7/site-packages/airflow/example_dags/example_sensors.py took 0.132 seconds
[2024-01-23T21:53:48.424+0000] {processor.py:153} INFO - Started process (PID=620) to work on /home/airflow/.local/lib/python3.7/site-packages/airflow/example_dags/example_sensors.py
[2024-01-23T21:53:48.424+0000] {processor.py:743} INFO - Processing file /home/airflow/.local/lib/python3.7/site-packages/airflow/example_dags/example_sensors.py for tasks to queue
[2024-01-23T21:53:48.425+0000] {logging_mixin.py:137} INFO - [2024-01-23T21:53:48.425+0000] {dagbag.py:538} INFO - Filling up the DagBag from /home/airflow/.local/lib/python3.7/site-packages/airflow/example_dags/example_sensors.py
[2024-01-23T21:53:48.448+0000] {processor.py:753} INFO - DAG(s) dict_keys(['example_sensors']) retrieved from /home/airflow/.local/lib/python3.7/site-packages/airflow/example_dags/example_sensors.py
[2024-01-23T21:53:48.490+0000] {logging_mixin.py:137} INFO - [2024-01-23T21:53:48.490+0000] {dag.py:2676} INFO - Sync 1 DAGs
[2024-01-23T21:53:48.521+0000] {logging_mixin.py:137} INFO - [2024-01-23T21:53:48.521+0000] {dag.py:3427} INFO - Setting next_dagrun for example_sensors to None, run_after=None
[2024-01-23T21:53:48.542+0000] {processor.py:175} INFO - Processing /home/airflow/.local/lib/python3.7/site-packages/airflow/example_dags/example_sensors.py took 0.121 seconds
[2024-01-23T21:59:17.685+0000] {processor.py:153} INFO - Started process (PID=92) to work on /home/airflow/.local/lib/python3.7/site-packages/airflow/example_dags/example_sensors.py
[2024-01-23T21:59:17.686+0000] {processor.py:743} INFO - Processing file /home/airflow/.local/lib/python3.7/site-packages/airflow/example_dags/example_sensors.py for tasks to queue
[2024-01-23T21:59:17.687+0000] {logging_mixin.py:137} INFO - [2024-01-23T21:59:17.687+0000] {dagbag.py:538} INFO - Filling up the DagBag from /home/airflow/.local/lib/python3.7/site-packages/airflow/example_dags/example_sensors.py
[2024-01-23T21:59:17.715+0000] {processor.py:753} INFO - DAG(s) dict_keys(['example_sensors']) retrieved from /home/airflow/.local/lib/python3.7/site-packages/airflow/example_dags/example_sensors.py
[2024-01-23T21:59:17.760+0000] {logging_mixin.py:137} INFO - [2024-01-23T21:59:17.759+0000] {dag.py:2676} INFO - Sync 1 DAGs
[2024-01-23T21:59:17.791+0000] {logging_mixin.py:137} INFO - [2024-01-23T21:59:17.791+0000] {dag.py:3427} INFO - Setting next_dagrun for example_sensors to None, run_after=None
[2024-01-23T21:59:17.819+0000] {processor.py:175} INFO - Processing /home/airflow/.local/lib/python3.7/site-packages/airflow/example_dags/example_sensors.py took 0.136 seconds
[2024-01-23T21:59:48.265+0000] {processor.py:153} INFO - Started process (PID=172) to work on /home/airflow/.local/lib/python3.7/site-packages/airflow/example_dags/example_sensors.py
[2024-01-23T21:59:48.265+0000] {processor.py:743} INFO - Processing file /home/airflow/.local/lib/python3.7/site-packages/airflow/example_dags/example_sensors.py for tasks to queue
[2024-01-23T21:59:48.266+0000] {logging_mixin.py:137} INFO - [2024-01-23T21:59:48.266+0000] {dagbag.py:538} INFO - Filling up the DagBag from /home/airflow/.local/lib/python3.7/site-packages/airflow/example_dags/example_sensors.py
[2024-01-23T21:59:48.291+0000] {processor.py:753} INFO - DAG(s) dict_keys(['example_sensors']) retrieved from /home/airflow/.local/lib/python3.7/site-packages/airflow/example_dags/example_sensors.py
[2024-01-23T21:59:48.330+0000] {logging_mixin.py:137} INFO - [2024-01-23T21:59:48.330+0000] {dag.py:2676} INFO - Sync 1 DAGs
[2024-01-23T21:59:48.356+0000] {logging_mixin.py:137} INFO - [2024-01-23T21:59:48.356+0000] {dag.py:3427} INFO - Setting next_dagrun for example_sensors to None, run_after=None
[2024-01-23T21:59:48.375+0000] {processor.py:175} INFO - Processing /home/airflow/.local/lib/python3.7/site-packages/airflow/example_dags/example_sensors.py took 0.113 seconds
[2024-01-23T22:00:19.343+0000] {processor.py:153} INFO - Started process (PID=272) to work on /home/airflow/.local/lib/python3.7/site-packages/airflow/example_dags/example_sensors.py
[2024-01-23T22:00:19.344+0000] {processor.py:743} INFO - Processing file /home/airflow/.local/lib/python3.7/site-packages/airflow/example_dags/example_sensors.py for tasks to queue
[2024-01-23T22:00:19.344+0000] {logging_mixin.py:137} INFO - [2024-01-23T22:00:19.344+0000] {dagbag.py:538} INFO - Filling up the DagBag from /home/airflow/.local/lib/python3.7/site-packages/airflow/example_dags/example_sensors.py
[2024-01-23T22:00:19.371+0000] {processor.py:753} INFO - DAG(s) dict_keys(['example_sensors']) retrieved from /home/airflow/.local/lib/python3.7/site-packages/airflow/example_dags/example_sensors.py
[2024-01-23T22:00:19.426+0000] {logging_mixin.py:137} INFO - [2024-01-23T22:00:19.425+0000] {dag.py:2676} INFO - Sync 1 DAGs
[2024-01-23T22:00:19.466+0000] {logging_mixin.py:137} INFO - [2024-01-23T22:00:19.466+0000] {dag.py:3427} INFO - Setting next_dagrun for example_sensors to None, run_after=None
[2024-01-23T22:00:19.502+0000] {processor.py:175} INFO - Processing /home/airflow/.local/lib/python3.7/site-packages/airflow/example_dags/example_sensors.py took 0.162 seconds
[2024-01-23T22:00:50.261+0000] {processor.py:153} INFO - Started process (PID=352) to work on /home/airflow/.local/lib/python3.7/site-packages/airflow/example_dags/example_sensors.py
[2024-01-23T22:00:50.261+0000] {processor.py:743} INFO - Processing file /home/airflow/.local/lib/python3.7/site-packages/airflow/example_dags/example_sensors.py for tasks to queue
[2024-01-23T22:00:50.262+0000] {logging_mixin.py:137} INFO - [2024-01-23T22:00:50.262+0000] {dagbag.py:538} INFO - Filling up the DagBag from /home/airflow/.local/lib/python3.7/site-packages/airflow/example_dags/example_sensors.py
[2024-01-23T22:00:50.279+0000] {processor.py:753} INFO - DAG(s) dict_keys(['example_sensors']) retrieved from /home/airflow/.local/lib/python3.7/site-packages/airflow/example_dags/example_sensors.py
[2024-01-23T22:00:50.319+0000] {logging_mixin.py:137} INFO - [2024-01-23T22:00:50.319+0000] {dag.py:2676} INFO - Sync 1 DAGs
[2024-01-23T22:00:50.347+0000] {logging_mixin.py:137} INFO - [2024-01-23T22:00:50.347+0000] {dag.py:3427} INFO - Setting next_dagrun for example_sensors to None, run_after=None
[2024-01-23T22:00:50.371+0000] {processor.py:175} INFO - Processing /home/airflow/.local/lib/python3.7/site-packages/airflow/example_dags/example_sensors.py took 0.114 seconds
[2024-01-23T22:01:20.529+0000] {processor.py:153} INFO - Started process (PID=432) to work on /home/airflow/.local/lib/python3.7/site-packages/airflow/example_dags/example_sensors.py
[2024-01-23T22:01:20.529+0000] {processor.py:743} INFO - Processing file /home/airflow/.local/lib/python3.7/site-packages/airflow/example_dags/example_sensors.py for tasks to queue
[2024-01-23T22:01:20.530+0000] {logging_mixin.py:137} INFO - [2024-01-23T22:01:20.530+0000] {dagbag.py:538} INFO - Filling up the DagBag from /home/airflow/.local/lib/python3.7/site-packages/airflow/example_dags/example_sensors.py
[2024-01-23T22:01:20.548+0000] {processor.py:753} INFO - DAG(s) dict_keys(['example_sensors']) retrieved from /home/airflow/.local/lib/python3.7/site-packages/airflow/example_dags/example_sensors.py
[2024-01-23T22:01:20.586+0000] {logging_mixin.py:137} INFO - [2024-01-23T22:01:20.585+0000] {dag.py:2676} INFO - Sync 1 DAGs
[2024-01-23T22:01:20.614+0000] {logging_mixin.py:137} INFO - [2024-01-23T22:01:20.614+0000] {dag.py:3427} INFO - Setting next_dagrun for example_sensors to None, run_after=None
[2024-01-23T22:01:20.635+0000] {processor.py:175} INFO - Processing /home/airflow/.local/lib/python3.7/site-packages/airflow/example_dags/example_sensors.py took 0.109 seconds
[2024-01-23T22:01:50.848+0000] {processor.py:153} INFO - Started process (PID=532) to work on /home/airflow/.local/lib/python3.7/site-packages/airflow/example_dags/example_sensors.py
[2024-01-23T22:01:50.848+0000] {processor.py:743} INFO - Processing file /home/airflow/.local/lib/python3.7/site-packages/airflow/example_dags/example_sensors.py for tasks to queue
[2024-01-23T22:01:50.849+0000] {logging_mixin.py:137} INFO - [2024-01-23T22:01:50.849+0000] {dagbag.py:538} INFO - Filling up the DagBag from /home/airflow/.local/lib/python3.7/site-packages/airflow/example_dags/example_sensors.py
[2024-01-23T22:01:50.868+0000] {processor.py:753} INFO - DAG(s) dict_keys(['example_sensors']) retrieved from /home/airflow/.local/lib/python3.7/site-packages/airflow/example_dags/example_sensors.py
[2024-01-23T22:01:50.907+0000] {logging_mixin.py:137} INFO - [2024-01-23T22:01:50.906+0000] {dag.py:2676} INFO - Sync 1 DAGs
[2024-01-23T22:01:50.937+0000] {logging_mixin.py:137} INFO - [2024-01-23T22:01:50.937+0000] {dag.py:3427} INFO - Setting next_dagrun for example_sensors to None, run_after=None
[2024-01-23T22:01:50.957+0000] {processor.py:175} INFO - Processing /home/airflow/.local/lib/python3.7/site-packages/airflow/example_dags/example_sensors.py took 0.112 seconds
[2024-01-23T22:02:21.215+0000] {processor.py:153} INFO - Started process (PID=612) to work on /home/airflow/.local/lib/python3.7/site-packages/airflow/example_dags/example_sensors.py
[2024-01-23T22:02:21.216+0000] {processor.py:743} INFO - Processing file /home/airflow/.local/lib/python3.7/site-packages/airflow/example_dags/example_sensors.py for tasks to queue
[2024-01-23T22:02:21.216+0000] {logging_mixin.py:137} INFO - [2024-01-23T22:02:21.216+0000] {dagbag.py:538} INFO - Filling up the DagBag from /home/airflow/.local/lib/python3.7/site-packages/airflow/example_dags/example_sensors.py
[2024-01-23T22:02:21.235+0000] {processor.py:753} INFO - DAG(s) dict_keys(['example_sensors']) retrieved from /home/airflow/.local/lib/python3.7/site-packages/airflow/example_dags/example_sensors.py
[2024-01-23T22:02:21.272+0000] {logging_mixin.py:137} INFO - [2024-01-23T22:02:21.271+0000] {dag.py:2676} INFO - Sync 1 DAGs
[2024-01-23T22:02:21.300+0000] {logging_mixin.py:137} INFO - [2024-01-23T22:02:21.300+0000] {dag.py:3427} INFO - Setting next_dagrun for example_sensors to None, run_after=None
[2024-01-23T22:02:21.320+0000] {processor.py:175} INFO - Processing /home/airflow/.local/lib/python3.7/site-packages/airflow/example_dags/example_sensors.py took 0.107 seconds
[2024-01-23T22:02:51.607+0000] {processor.py:153} INFO - Started process (PID=701) to work on /home/airflow/.local/lib/python3.7/site-packages/airflow/example_dags/example_sensors.py
[2024-01-23T22:02:51.608+0000] {processor.py:743} INFO - Processing file /home/airflow/.local/lib/python3.7/site-packages/airflow/example_dags/example_sensors.py for tasks to queue
[2024-01-23T22:02:51.609+0000] {logging_mixin.py:137} INFO - [2024-01-23T22:02:51.608+0000] {dagbag.py:538} INFO - Filling up the DagBag from /home/airflow/.local/lib/python3.7/site-packages/airflow/example_dags/example_sensors.py
[2024-01-23T22:02:51.633+0000] {processor.py:753} INFO - DAG(s) dict_keys(['example_sensors']) retrieved from /home/airflow/.local/lib/python3.7/site-packages/airflow/example_dags/example_sensors.py
[2024-01-23T22:02:51.680+0000] {logging_mixin.py:137} INFO - [2024-01-23T22:02:51.680+0000] {dag.py:2676} INFO - Sync 1 DAGs
[2024-01-23T22:02:51.708+0000] {logging_mixin.py:137} INFO - [2024-01-23T22:02:51.708+0000] {dag.py:3427} INFO - Setting next_dagrun for example_sensors to None, run_after=None
[2024-01-23T22:02:51.729+0000] {processor.py:175} INFO - Processing /home/airflow/.local/lib/python3.7/site-packages/airflow/example_dags/example_sensors.py took 0.125 seconds
[2024-01-23T22:03:22.001+0000] {processor.py:153} INFO - Started process (PID=792) to work on /home/airflow/.local/lib/python3.7/site-packages/airflow/example_dags/example_sensors.py
[2024-01-23T22:03:22.002+0000] {processor.py:743} INFO - Processing file /home/airflow/.local/lib/python3.7/site-packages/airflow/example_dags/example_sensors.py for tasks to queue
[2024-01-23T22:03:22.003+0000] {logging_mixin.py:137} INFO - [2024-01-23T22:03:22.003+0000] {dagbag.py:538} INFO - Filling up the DagBag from /home/airflow/.local/lib/python3.7/site-packages/airflow/example_dags/example_sensors.py
[2024-01-23T22:03:22.029+0000] {processor.py:753} INFO - DAG(s) dict_keys(['example_sensors']) retrieved from /home/airflow/.local/lib/python3.7/site-packages/airflow/example_dags/example_sensors.py
[2024-01-23T22:03:22.074+0000] {logging_mixin.py:137} INFO - [2024-01-23T22:03:22.074+0000] {dag.py:2676} INFO - Sync 1 DAGs
[2024-01-23T22:03:22.104+0000] {logging_mixin.py:137} INFO - [2024-01-23T22:03:22.104+0000] {dag.py:3427} INFO - Setting next_dagrun for example_sensors to None, run_after=None
[2024-01-23T22:03:22.130+0000] {processor.py:175} INFO - Processing /home/airflow/.local/lib/python3.7/site-packages/airflow/example_dags/example_sensors.py took 0.132 seconds
[2024-01-23T22:03:52.274+0000] {processor.py:153} INFO - Started process (PID=872) to work on /home/airflow/.local/lib/python3.7/site-packages/airflow/example_dags/example_sensors.py
[2024-01-23T22:03:52.275+0000] {processor.py:743} INFO - Processing file /home/airflow/.local/lib/python3.7/site-packages/airflow/example_dags/example_sensors.py for tasks to queue
[2024-01-23T22:03:52.275+0000] {logging_mixin.py:137} INFO - [2024-01-23T22:03:52.275+0000] {dagbag.py:538} INFO - Filling up the DagBag from /home/airflow/.local/lib/python3.7/site-packages/airflow/example_dags/example_sensors.py
[2024-01-23T22:03:52.297+0000] {processor.py:753} INFO - DAG(s) dict_keys(['example_sensors']) retrieved from /home/airflow/.local/lib/python3.7/site-packages/airflow/example_dags/example_sensors.py
[2024-01-23T22:03:52.349+0000] {logging_mixin.py:137} INFO - [2024-01-23T22:03:52.349+0000] {dag.py:2676} INFO - Sync 1 DAGs
[2024-01-23T22:03:52.388+0000] {logging_mixin.py:137} INFO - [2024-01-23T22:03:52.388+0000] {dag.py:3427} INFO - Setting next_dagrun for example_sensors to None, run_after=None
[2024-01-23T22:03:52.417+0000] {processor.py:175} INFO - Processing /home/airflow/.local/lib/python3.7/site-packages/airflow/example_dags/example_sensors.py took 0.146 seconds
[2024-01-23T22:04:22.669+0000] {processor.py:153} INFO - Started process (PID=961) to work on /home/airflow/.local/lib/python3.7/site-packages/airflow/example_dags/example_sensors.py
[2024-01-23T22:04:22.670+0000] {processor.py:743} INFO - Processing file /home/airflow/.local/lib/python3.7/site-packages/airflow/example_dags/example_sensors.py for tasks to queue
[2024-01-23T22:04:22.671+0000] {logging_mixin.py:137} INFO - [2024-01-23T22:04:22.671+0000] {dagbag.py:538} INFO - Filling up the DagBag from /home/airflow/.local/lib/python3.7/site-packages/airflow/example_dags/example_sensors.py
[2024-01-23T22:04:22.697+0000] {processor.py:753} INFO - DAG(s) dict_keys(['example_sensors']) retrieved from /home/airflow/.local/lib/python3.7/site-packages/airflow/example_dags/example_sensors.py
[2024-01-23T22:04:22.751+0000] {logging_mixin.py:137} INFO - [2024-01-23T22:04:22.750+0000] {dag.py:2676} INFO - Sync 1 DAGs
[2024-01-23T22:04:22.787+0000] {logging_mixin.py:137} INFO - [2024-01-23T22:04:22.787+0000] {dag.py:3427} INFO - Setting next_dagrun for example_sensors to None, run_after=None
[2024-01-23T22:04:22.823+0000] {processor.py:175} INFO - Processing /home/airflow/.local/lib/python3.7/site-packages/airflow/example_dags/example_sensors.py took 0.156 seconds
[2024-01-23T22:04:53.231+0000] {processor.py:153} INFO - Started process (PID=1052) to work on /home/airflow/.local/lib/python3.7/site-packages/airflow/example_dags/example_sensors.py
[2024-01-23T22:04:53.232+0000] {processor.py:743} INFO - Processing file /home/airflow/.local/lib/python3.7/site-packages/airflow/example_dags/example_sensors.py for tasks to queue
[2024-01-23T22:04:53.233+0000] {logging_mixin.py:137} INFO - [2024-01-23T22:04:53.233+0000] {dagbag.py:538} INFO - Filling up the DagBag from /home/airflow/.local/lib/python3.7/site-packages/airflow/example_dags/example_sensors.py
[2024-01-23T22:04:53.251+0000] {processor.py:753} INFO - DAG(s) dict_keys(['example_sensors']) retrieved from /home/airflow/.local/lib/python3.7/site-packages/airflow/example_dags/example_sensors.py
[2024-01-23T22:04:53.290+0000] {logging_mixin.py:137} INFO - [2024-01-23T22:04:53.290+0000] {dag.py:2676} INFO - Sync 1 DAGs
[2024-01-23T22:04:53.318+0000] {logging_mixin.py:137} INFO - [2024-01-23T22:04:53.317+0000] {dag.py:3427} INFO - Setting next_dagrun for example_sensors to None, run_after=None
[2024-01-23T22:04:53.340+0000] {processor.py:175} INFO - Processing /home/airflow/.local/lib/python3.7/site-packages/airflow/example_dags/example_sensors.py took 0.111 seconds
[2024-01-23T22:05:23.825+0000] {processor.py:153} INFO - Started process (PID=1132) to work on /home/airflow/.local/lib/python3.7/site-packages/airflow/example_dags/example_sensors.py
[2024-01-23T22:05:23.825+0000] {processor.py:743} INFO - Processing file /home/airflow/.local/lib/python3.7/site-packages/airflow/example_dags/example_sensors.py for tasks to queue
[2024-01-23T22:05:23.826+0000] {logging_mixin.py:137} INFO - [2024-01-23T22:05:23.826+0000] {dagbag.py:538} INFO - Filling up the DagBag from /home/airflow/.local/lib/python3.7/site-packages/airflow/example_dags/example_sensors.py
[2024-01-23T22:05:23.849+0000] {processor.py:753} INFO - DAG(s) dict_keys(['example_sensors']) retrieved from /home/airflow/.local/lib/python3.7/site-packages/airflow/example_dags/example_sensors.py
[2024-01-23T22:05:23.947+0000] {logging_mixin.py:137} INFO - [2024-01-23T22:05:23.947+0000] {dag.py:2676} INFO - Sync 1 DAGs
[2024-01-23T22:05:23.983+0000] {logging_mixin.py:137} INFO - [2024-01-23T22:05:23.983+0000] {dag.py:3427} INFO - Setting next_dagrun for example_sensors to None, run_after=None
[2024-01-23T22:05:24.007+0000] {processor.py:175} INFO - Processing /home/airflow/.local/lib/python3.7/site-packages/airflow/example_dags/example_sensors.py took 0.185 seconds
[2024-01-23T22:05:54.038+0000] {processor.py:153} INFO - Started process (PID=1221) to work on /home/airflow/.local/lib/python3.7/site-packages/airflow/example_dags/example_sensors.py
[2024-01-23T22:05:54.039+0000] {processor.py:743} INFO - Processing file /home/airflow/.local/lib/python3.7/site-packages/airflow/example_dags/example_sensors.py for tasks to queue
[2024-01-23T22:05:54.040+0000] {logging_mixin.py:137} INFO - [2024-01-23T22:05:54.040+0000] {dagbag.py:538} INFO - Filling up the DagBag from /home/airflow/.local/lib/python3.7/site-packages/airflow/example_dags/example_sensors.py
[2024-01-23T22:05:54.062+0000] {processor.py:753} INFO - DAG(s) dict_keys(['example_sensors']) retrieved from /home/airflow/.local/lib/python3.7/site-packages/airflow/example_dags/example_sensors.py
[2024-01-23T22:05:54.112+0000] {logging_mixin.py:137} INFO - [2024-01-23T22:05:54.111+0000] {dag.py:2676} INFO - Sync 1 DAGs
[2024-01-23T22:05:54.144+0000] {logging_mixin.py:137} INFO - [2024-01-23T22:05:54.143+0000] {dag.py:3427} INFO - Setting next_dagrun for example_sensors to None, run_after=None
[2024-01-23T22:05:54.178+0000] {processor.py:175} INFO - Processing /home/airflow/.local/lib/python3.7/site-packages/airflow/example_dags/example_sensors.py took 0.143 seconds
[2024-01-23T22:06:24.337+0000] {processor.py:153} INFO - Started process (PID=1312) to work on /home/airflow/.local/lib/python3.7/site-packages/airflow/example_dags/example_sensors.py
[2024-01-23T22:06:24.338+0000] {processor.py:743} INFO - Processing file /home/airflow/.local/lib/python3.7/site-packages/airflow/example_dags/example_sensors.py for tasks to queue
[2024-01-23T22:06:24.338+0000] {logging_mixin.py:137} INFO - [2024-01-23T22:06:24.338+0000] {dagbag.py:538} INFO - Filling up the DagBag from /home/airflow/.local/lib/python3.7/site-packages/airflow/example_dags/example_sensors.py
[2024-01-23T22:06:24.357+0000] {processor.py:753} INFO - DAG(s) dict_keys(['example_sensors']) retrieved from /home/airflow/.local/lib/python3.7/site-packages/airflow/example_dags/example_sensors.py
[2024-01-23T22:06:24.393+0000] {logging_mixin.py:137} INFO - [2024-01-23T22:06:24.393+0000] {dag.py:2676} INFO - Sync 1 DAGs
[2024-01-23T22:06:24.417+0000] {logging_mixin.py:137} INFO - [2024-01-23T22:06:24.417+0000] {dag.py:3427} INFO - Setting next_dagrun for example_sensors to None, run_after=None
[2024-01-23T22:06:24.439+0000] {processor.py:175} INFO - Processing /home/airflow/.local/lib/python3.7/site-packages/airflow/example_dags/example_sensors.py took 0.105 seconds
[2024-01-23T22:06:55.456+0000] {processor.py:153} INFO - Started process (PID=1392) to work on /home/airflow/.local/lib/python3.7/site-packages/airflow/example_dags/example_sensors.py
[2024-01-23T22:06:55.456+0000] {processor.py:743} INFO - Processing file /home/airflow/.local/lib/python3.7/site-packages/airflow/example_dags/example_sensors.py for tasks to queue
[2024-01-23T22:06:55.457+0000] {logging_mixin.py:137} INFO - [2024-01-23T22:06:55.457+0000] {dagbag.py:538} INFO - Filling up the DagBag from /home/airflow/.local/lib/python3.7/site-packages/airflow/example_dags/example_sensors.py
[2024-01-23T22:06:55.473+0000] {processor.py:753} INFO - DAG(s) dict_keys(['example_sensors']) retrieved from /home/airflow/.local/lib/python3.7/site-packages/airflow/example_dags/example_sensors.py
[2024-01-23T22:06:55.509+0000] {logging_mixin.py:137} INFO - [2024-01-23T22:06:55.509+0000] {dag.py:2676} INFO - Sync 1 DAGs
[2024-01-23T22:06:55.537+0000] {logging_mixin.py:137} INFO - [2024-01-23T22:06:55.537+0000] {dag.py:3427} INFO - Setting next_dagrun for example_sensors to None, run_after=None
[2024-01-23T22:06:55.564+0000] {processor.py:175} INFO - Processing /home/airflow/.local/lib/python3.7/site-packages/airflow/example_dags/example_sensors.py took 0.111 seconds
[2024-01-23T22:07:25.969+0000] {processor.py:153} INFO - Started process (PID=1492) to work on /home/airflow/.local/lib/python3.7/site-packages/airflow/example_dags/example_sensors.py
[2024-01-23T22:07:25.970+0000] {processor.py:743} INFO - Processing file /home/airflow/.local/lib/python3.7/site-packages/airflow/example_dags/example_sensors.py for tasks to queue
[2024-01-23T22:07:25.971+0000] {logging_mixin.py:137} INFO - [2024-01-23T22:07:25.970+0000] {dagbag.py:538} INFO - Filling up the DagBag from /home/airflow/.local/lib/python3.7/site-packages/airflow/example_dags/example_sensors.py
[2024-01-23T22:07:25.987+0000] {processor.py:753} INFO - DAG(s) dict_keys(['example_sensors']) retrieved from /home/airflow/.local/lib/python3.7/site-packages/airflow/example_dags/example_sensors.py
[2024-01-23T22:07:26.034+0000] {logging_mixin.py:137} INFO - [2024-01-23T22:07:26.034+0000] {dag.py:2676} INFO - Sync 1 DAGs
[2024-01-23T22:07:26.072+0000] {logging_mixin.py:137} INFO - [2024-01-23T22:07:26.072+0000] {dag.py:3427} INFO - Setting next_dagrun for example_sensors to None, run_after=None
[2024-01-23T22:07:26.099+0000] {processor.py:175} INFO - Processing /home/airflow/.local/lib/python3.7/site-packages/airflow/example_dags/example_sensors.py took 0.133 seconds
[2024-01-23T22:07:56.513+0000] {processor.py:153} INFO - Started process (PID=1572) to work on /home/airflow/.local/lib/python3.7/site-packages/airflow/example_dags/example_sensors.py
[2024-01-23T22:07:56.513+0000] {processor.py:743} INFO - Processing file /home/airflow/.local/lib/python3.7/site-packages/airflow/example_dags/example_sensors.py for tasks to queue
[2024-01-23T22:07:56.514+0000] {logging_mixin.py:137} INFO - [2024-01-23T22:07:56.514+0000] {dagbag.py:538} INFO - Filling up the DagBag from /home/airflow/.local/lib/python3.7/site-packages/airflow/example_dags/example_sensors.py
[2024-01-23T22:07:56.537+0000] {processor.py:753} INFO - DAG(s) dict_keys(['example_sensors']) retrieved from /home/airflow/.local/lib/python3.7/site-packages/airflow/example_dags/example_sensors.py
[2024-01-23T22:07:56.585+0000] {logging_mixin.py:137} INFO - [2024-01-23T22:07:56.584+0000] {dag.py:2676} INFO - Sync 1 DAGs
[2024-01-23T22:07:56.613+0000] {logging_mixin.py:137} INFO - [2024-01-23T22:07:56.612+0000] {dag.py:3427} INFO - Setting next_dagrun for example_sensors to None, run_after=None
[2024-01-23T22:07:56.634+0000] {processor.py:175} INFO - Processing /home/airflow/.local/lib/python3.7/site-packages/airflow/example_dags/example_sensors.py took 0.125 seconds
[2024-01-23T22:08:26.735+0000] {processor.py:153} INFO - Started process (PID=1652) to work on /home/airflow/.local/lib/python3.7/site-packages/airflow/example_dags/example_sensors.py
[2024-01-23T22:08:26.736+0000] {processor.py:743} INFO - Processing file /home/airflow/.local/lib/python3.7/site-packages/airflow/example_dags/example_sensors.py for tasks to queue
[2024-01-23T22:08:26.736+0000] {logging_mixin.py:137} INFO - [2024-01-23T22:08:26.736+0000] {dagbag.py:538} INFO - Filling up the DagBag from /home/airflow/.local/lib/python3.7/site-packages/airflow/example_dags/example_sensors.py
[2024-01-23T22:08:26.757+0000] {processor.py:753} INFO - DAG(s) dict_keys(['example_sensors']) retrieved from /home/airflow/.local/lib/python3.7/site-packages/airflow/example_dags/example_sensors.py
[2024-01-23T22:08:26.798+0000] {logging_mixin.py:137} INFO - [2024-01-23T22:08:26.798+0000] {dag.py:2676} INFO - Sync 1 DAGs
[2024-01-23T22:08:26.828+0000] {logging_mixin.py:137} INFO - [2024-01-23T22:08:26.828+0000] {dag.py:3427} INFO - Setting next_dagrun for example_sensors to None, run_after=None
[2024-01-23T22:08:26.855+0000] {processor.py:175} INFO - Processing /home/airflow/.local/lib/python3.7/site-packages/airflow/example_dags/example_sensors.py took 0.124 seconds
[2024-01-23T22:08:57.483+0000] {processor.py:153} INFO - Started process (PID=1752) to work on /home/airflow/.local/lib/python3.7/site-packages/airflow/example_dags/example_sensors.py
[2024-01-23T22:08:57.484+0000] {processor.py:743} INFO - Processing file /home/airflow/.local/lib/python3.7/site-packages/airflow/example_dags/example_sensors.py for tasks to queue
[2024-01-23T22:08:57.485+0000] {logging_mixin.py:137} INFO - [2024-01-23T22:08:57.485+0000] {dagbag.py:538} INFO - Filling up the DagBag from /home/airflow/.local/lib/python3.7/site-packages/airflow/example_dags/example_sensors.py
[2024-01-23T22:08:57.531+0000] {processor.py:753} INFO - DAG(s) dict_keys(['example_sensors']) retrieved from /home/airflow/.local/lib/python3.7/site-packages/airflow/example_dags/example_sensors.py
[2024-01-23T22:08:57.604+0000] {logging_mixin.py:137} INFO - [2024-01-23T22:08:57.604+0000] {dag.py:2676} INFO - Sync 1 DAGs
[2024-01-23T22:08:57.642+0000] {logging_mixin.py:137} INFO - [2024-01-23T22:08:57.641+0000] {dag.py:3427} INFO - Setting next_dagrun for example_sensors to None, run_after=None
[2024-01-23T22:08:57.676+0000] {processor.py:175} INFO - Processing /home/airflow/.local/lib/python3.7/site-packages/airflow/example_dags/example_sensors.py took 0.196 seconds
[2024-01-23T22:09:28.182+0000] {processor.py:153} INFO - Started process (PID=1832) to work on /home/airflow/.local/lib/python3.7/site-packages/airflow/example_dags/example_sensors.py
[2024-01-23T22:09:28.183+0000] {processor.py:743} INFO - Processing file /home/airflow/.local/lib/python3.7/site-packages/airflow/example_dags/example_sensors.py for tasks to queue
[2024-01-23T22:09:28.184+0000] {logging_mixin.py:137} INFO - [2024-01-23T22:09:28.184+0000] {dagbag.py:538} INFO - Filling up the DagBag from /home/airflow/.local/lib/python3.7/site-packages/airflow/example_dags/example_sensors.py
[2024-01-23T22:09:28.204+0000] {processor.py:753} INFO - DAG(s) dict_keys(['example_sensors']) retrieved from /home/airflow/.local/lib/python3.7/site-packages/airflow/example_dags/example_sensors.py
[2024-01-23T22:09:28.245+0000] {logging_mixin.py:137} INFO - [2024-01-23T22:09:28.245+0000] {dag.py:2676} INFO - Sync 1 DAGs
[2024-01-23T22:09:28.280+0000] {logging_mixin.py:137} INFO - [2024-01-23T22:09:28.280+0000] {dag.py:3427} INFO - Setting next_dagrun for example_sensors to None, run_after=None
[2024-01-23T22:09:28.304+0000] {processor.py:175} INFO - Processing /home/airflow/.local/lib/python3.7/site-packages/airflow/example_dags/example_sensors.py took 0.124 seconds
[2024-01-23T22:09:58.644+0000] {processor.py:153} INFO - Started process (PID=1912) to work on /home/airflow/.local/lib/python3.7/site-packages/airflow/example_dags/example_sensors.py
[2024-01-23T22:09:58.645+0000] {processor.py:743} INFO - Processing file /home/airflow/.local/lib/python3.7/site-packages/airflow/example_dags/example_sensors.py for tasks to queue
[2024-01-23T22:09:58.646+0000] {logging_mixin.py:137} INFO - [2024-01-23T22:09:58.645+0000] {dagbag.py:538} INFO - Filling up the DagBag from /home/airflow/.local/lib/python3.7/site-packages/airflow/example_dags/example_sensors.py
[2024-01-23T22:09:58.665+0000] {processor.py:753} INFO - DAG(s) dict_keys(['example_sensors']) retrieved from /home/airflow/.local/lib/python3.7/site-packages/airflow/example_dags/example_sensors.py
[2024-01-23T22:09:58.711+0000] {logging_mixin.py:137} INFO - [2024-01-23T22:09:58.710+0000] {dag.py:2676} INFO - Sync 1 DAGs
[2024-01-23T22:09:58.737+0000] {logging_mixin.py:137} INFO - [2024-01-23T22:09:58.737+0000] {dag.py:3427} INFO - Setting next_dagrun for example_sensors to None, run_after=None
[2024-01-23T22:09:58.760+0000] {processor.py:175} INFO - Processing /home/airflow/.local/lib/python3.7/site-packages/airflow/example_dags/example_sensors.py took 0.118 seconds
[2024-01-23T22:10:29.211+0000] {processor.py:153} INFO - Started process (PID=2012) to work on /home/airflow/.local/lib/python3.7/site-packages/airflow/example_dags/example_sensors.py
[2024-01-23T22:10:29.212+0000] {processor.py:743} INFO - Processing file /home/airflow/.local/lib/python3.7/site-packages/airflow/example_dags/example_sensors.py for tasks to queue
[2024-01-23T22:10:29.213+0000] {logging_mixin.py:137} INFO - [2024-01-23T22:10:29.213+0000] {dagbag.py:538} INFO - Filling up the DagBag from /home/airflow/.local/lib/python3.7/site-packages/airflow/example_dags/example_sensors.py
[2024-01-23T22:10:29.235+0000] {processor.py:753} INFO - DAG(s) dict_keys(['example_sensors']) retrieved from /home/airflow/.local/lib/python3.7/site-packages/airflow/example_dags/example_sensors.py
[2024-01-23T22:10:29.294+0000] {logging_mixin.py:137} INFO - [2024-01-23T22:10:29.294+0000] {dag.py:2676} INFO - Sync 1 DAGs
[2024-01-23T22:10:29.327+0000] {logging_mixin.py:137} INFO - [2024-01-23T22:10:29.327+0000] {dag.py:3427} INFO - Setting next_dagrun for example_sensors to None, run_after=None
[2024-01-23T22:10:29.353+0000] {processor.py:175} INFO - Processing /home/airflow/.local/lib/python3.7/site-packages/airflow/example_dags/example_sensors.py took 0.145 seconds
[2024-01-23T22:10:59.574+0000] {processor.py:153} INFO - Started process (PID=2092) to work on /home/airflow/.local/lib/python3.7/site-packages/airflow/example_dags/example_sensors.py
[2024-01-23T22:10:59.575+0000] {processor.py:743} INFO - Processing file /home/airflow/.local/lib/python3.7/site-packages/airflow/example_dags/example_sensors.py for tasks to queue
[2024-01-23T22:10:59.575+0000] {logging_mixin.py:137} INFO - [2024-01-23T22:10:59.575+0000] {dagbag.py:538} INFO - Filling up the DagBag from /home/airflow/.local/lib/python3.7/site-packages/airflow/example_dags/example_sensors.py
[2024-01-23T22:10:59.598+0000] {processor.py:753} INFO - DAG(s) dict_keys(['example_sensors']) retrieved from /home/airflow/.local/lib/python3.7/site-packages/airflow/example_dags/example_sensors.py
[2024-01-23T22:10:59.641+0000] {logging_mixin.py:137} INFO - [2024-01-23T22:10:59.641+0000] {dag.py:2676} INFO - Sync 1 DAGs
[2024-01-23T22:10:59.672+0000] {logging_mixin.py:137} INFO - [2024-01-23T22:10:59.672+0000] {dag.py:3427} INFO - Setting next_dagrun for example_sensors to None, run_after=None
[2024-01-23T22:10:59.695+0000] {processor.py:175} INFO - Processing /home/airflow/.local/lib/python3.7/site-packages/airflow/example_dags/example_sensors.py took 0.124 seconds
[2024-01-23T22:11:29.954+0000] {processor.py:153} INFO - Started process (PID=2172) to work on /home/airflow/.local/lib/python3.7/site-packages/airflow/example_dags/example_sensors.py
[2024-01-23T22:11:29.955+0000] {processor.py:743} INFO - Processing file /home/airflow/.local/lib/python3.7/site-packages/airflow/example_dags/example_sensors.py for tasks to queue
[2024-01-23T22:11:29.955+0000] {logging_mixin.py:137} INFO - [2024-01-23T22:11:29.955+0000] {dagbag.py:538} INFO - Filling up the DagBag from /home/airflow/.local/lib/python3.7/site-packages/airflow/example_dags/example_sensors.py
[2024-01-23T22:11:29.975+0000] {processor.py:753} INFO - DAG(s) dict_keys(['example_sensors']) retrieved from /home/airflow/.local/lib/python3.7/site-packages/airflow/example_dags/example_sensors.py
[2024-01-23T22:11:30.011+0000] {logging_mixin.py:137} INFO - [2024-01-23T22:11:30.011+0000] {dag.py:2676} INFO - Sync 1 DAGs
[2024-01-23T22:11:30.043+0000] {logging_mixin.py:137} INFO - [2024-01-23T22:11:30.043+0000] {dag.py:3427} INFO - Setting next_dagrun for example_sensors to None, run_after=None
[2024-01-23T22:11:30.065+0000] {processor.py:175} INFO - Processing /home/airflow/.local/lib/python3.7/site-packages/airflow/example_dags/example_sensors.py took 0.113 seconds
[2024-01-23T22:12:00.286+0000] {processor.py:153} INFO - Started process (PID=2272) to work on /home/airflow/.local/lib/python3.7/site-packages/airflow/example_dags/example_sensors.py
[2024-01-23T22:12:00.287+0000] {processor.py:743} INFO - Processing file /home/airflow/.local/lib/python3.7/site-packages/airflow/example_dags/example_sensors.py for tasks to queue
[2024-01-23T22:12:00.287+0000] {logging_mixin.py:137} INFO - [2024-01-23T22:12:00.287+0000] {dagbag.py:538} INFO - Filling up the DagBag from /home/airflow/.local/lib/python3.7/site-packages/airflow/example_dags/example_sensors.py
[2024-01-23T22:12:00.307+0000] {processor.py:753} INFO - DAG(s) dict_keys(['example_sensors']) retrieved from /home/airflow/.local/lib/python3.7/site-packages/airflow/example_dags/example_sensors.py
[2024-01-23T22:12:00.343+0000] {logging_mixin.py:137} INFO - [2024-01-23T22:12:00.343+0000] {dag.py:2676} INFO - Sync 1 DAGs
[2024-01-23T22:12:00.369+0000] {logging_mixin.py:137} INFO - [2024-01-23T22:12:00.369+0000] {dag.py:3427} INFO - Setting next_dagrun for example_sensors to None, run_after=None
[2024-01-23T22:12:00.388+0000] {processor.py:175} INFO - Processing /home/airflow/.local/lib/python3.7/site-packages/airflow/example_dags/example_sensors.py took 0.104 seconds
[2024-01-23T22:12:30.762+0000] {processor.py:153} INFO - Started process (PID=2352) to work on /home/airflow/.local/lib/python3.7/site-packages/airflow/example_dags/example_sensors.py
[2024-01-23T22:12:30.763+0000] {processor.py:743} INFO - Processing file /home/airflow/.local/lib/python3.7/site-packages/airflow/example_dags/example_sensors.py for tasks to queue
[2024-01-23T22:12:30.763+0000] {logging_mixin.py:137} INFO - [2024-01-23T22:12:30.763+0000] {dagbag.py:538} INFO - Filling up the DagBag from /home/airflow/.local/lib/python3.7/site-packages/airflow/example_dags/example_sensors.py
[2024-01-23T22:12:30.791+0000] {processor.py:753} INFO - DAG(s) dict_keys(['example_sensors']) retrieved from /home/airflow/.local/lib/python3.7/site-packages/airflow/example_dags/example_sensors.py
[2024-01-23T22:12:30.835+0000] {logging_mixin.py:137} INFO - [2024-01-23T22:12:30.835+0000] {dag.py:2676} INFO - Sync 1 DAGs
[2024-01-23T22:12:30.867+0000] {logging_mixin.py:137} INFO - [2024-01-23T22:12:30.867+0000] {dag.py:3427} INFO - Setting next_dagrun for example_sensors to None, run_after=None
[2024-01-23T22:12:30.893+0000] {processor.py:175} INFO - Processing /home/airflow/.local/lib/python3.7/site-packages/airflow/example_dags/example_sensors.py took 0.133 seconds
[2024-01-23T22:13:01.135+0000] {processor.py:153} INFO - Started process (PID=2441) to work on /home/airflow/.local/lib/python3.7/site-packages/airflow/example_dags/example_sensors.py
[2024-01-23T22:13:01.135+0000] {processor.py:743} INFO - Processing file /home/airflow/.local/lib/python3.7/site-packages/airflow/example_dags/example_sensors.py for tasks to queue
[2024-01-23T22:13:01.136+0000] {logging_mixin.py:137} INFO - [2024-01-23T22:13:01.136+0000] {dagbag.py:538} INFO - Filling up the DagBag from /home/airflow/.local/lib/python3.7/site-packages/airflow/example_dags/example_sensors.py
[2024-01-23T22:13:01.163+0000] {processor.py:753} INFO - DAG(s) dict_keys(['example_sensors']) retrieved from /home/airflow/.local/lib/python3.7/site-packages/airflow/example_dags/example_sensors.py
[2024-01-23T22:13:01.213+0000] {logging_mixin.py:137} INFO - [2024-01-23T22:13:01.212+0000] {dag.py:2676} INFO - Sync 1 DAGs
[2024-01-23T22:13:01.245+0000] {logging_mixin.py:137} INFO - [2024-01-23T22:13:01.245+0000] {dag.py:3427} INFO - Setting next_dagrun for example_sensors to None, run_after=None
[2024-01-23T22:13:01.271+0000] {processor.py:175} INFO - Processing /home/airflow/.local/lib/python3.7/site-packages/airflow/example_dags/example_sensors.py took 0.139 seconds
[2024-01-23T22:13:31.702+0000] {processor.py:153} INFO - Started process (PID=2532) to work on /home/airflow/.local/lib/python3.7/site-packages/airflow/example_dags/example_sensors.py
[2024-01-23T22:13:31.703+0000] {processor.py:743} INFO - Processing file /home/airflow/.local/lib/python3.7/site-packages/airflow/example_dags/example_sensors.py for tasks to queue
[2024-01-23T22:13:31.703+0000] {logging_mixin.py:137} INFO - [2024-01-23T22:13:31.703+0000] {dagbag.py:538} INFO - Filling up the DagBag from /home/airflow/.local/lib/python3.7/site-packages/airflow/example_dags/example_sensors.py
[2024-01-23T22:13:31.721+0000] {processor.py:753} INFO - DAG(s) dict_keys(['example_sensors']) retrieved from /home/airflow/.local/lib/python3.7/site-packages/airflow/example_dags/example_sensors.py
[2024-01-23T22:13:31.761+0000] {logging_mixin.py:137} INFO - [2024-01-23T22:13:31.760+0000] {dag.py:2676} INFO - Sync 1 DAGs
[2024-01-23T22:13:31.790+0000] {logging_mixin.py:137} INFO - [2024-01-23T22:13:31.790+0000] {dag.py:3427} INFO - Setting next_dagrun for example_sensors to None, run_after=None
[2024-01-23T22:13:31.810+0000] {processor.py:175} INFO - Processing /home/airflow/.local/lib/python3.7/site-packages/airflow/example_dags/example_sensors.py took 0.110 seconds
[2024-01-23T22:14:02.210+0000] {processor.py:153} INFO - Started process (PID=2611) to work on /home/airflow/.local/lib/python3.7/site-packages/airflow/example_dags/example_sensors.py
[2024-01-23T22:14:02.211+0000] {processor.py:743} INFO - Processing file /home/airflow/.local/lib/python3.7/site-packages/airflow/example_dags/example_sensors.py for tasks to queue
[2024-01-23T22:14:02.212+0000] {logging_mixin.py:137} INFO - [2024-01-23T22:14:02.211+0000] {dagbag.py:538} INFO - Filling up the DagBag from /home/airflow/.local/lib/python3.7/site-packages/airflow/example_dags/example_sensors.py
[2024-01-23T22:14:02.231+0000] {processor.py:753} INFO - DAG(s) dict_keys(['example_sensors']) retrieved from /home/airflow/.local/lib/python3.7/site-packages/airflow/example_dags/example_sensors.py
[2024-01-23T22:14:02.278+0000] {logging_mixin.py:137} INFO - [2024-01-23T22:14:02.278+0000] {dag.py:2676} INFO - Sync 1 DAGs
[2024-01-23T22:14:02.309+0000] {logging_mixin.py:137} INFO - [2024-01-23T22:14:02.309+0000] {dag.py:3427} INFO - Setting next_dagrun for example_sensors to None, run_after=None
[2024-01-23T22:14:02.336+0000] {processor.py:175} INFO - Processing /home/airflow/.local/lib/python3.7/site-packages/airflow/example_dags/example_sensors.py took 0.128 seconds
[2024-01-23T22:14:32.893+0000] {processor.py:153} INFO - Started process (PID=2712) to work on /home/airflow/.local/lib/python3.7/site-packages/airflow/example_dags/example_sensors.py
[2024-01-23T22:14:32.894+0000] {processor.py:743} INFO - Processing file /home/airflow/.local/lib/python3.7/site-packages/airflow/example_dags/example_sensors.py for tasks to queue
[2024-01-23T22:14:32.895+0000] {logging_mixin.py:137} INFO - [2024-01-23T22:14:32.895+0000] {dagbag.py:538} INFO - Filling up the DagBag from /home/airflow/.local/lib/python3.7/site-packages/airflow/example_dags/example_sensors.py
[2024-01-23T22:14:32.922+0000] {processor.py:753} INFO - DAG(s) dict_keys(['example_sensors']) retrieved from /home/airflow/.local/lib/python3.7/site-packages/airflow/example_dags/example_sensors.py
[2024-01-23T22:14:32.980+0000] {logging_mixin.py:137} INFO - [2024-01-23T22:14:32.980+0000] {dag.py:2676} INFO - Sync 1 DAGs
[2024-01-23T22:14:33.015+0000] {logging_mixin.py:137} INFO - [2024-01-23T22:14:33.015+0000] {dag.py:3427} INFO - Setting next_dagrun for example_sensors to None, run_after=None
[2024-01-23T22:14:33.044+0000] {processor.py:175} INFO - Processing /home/airflow/.local/lib/python3.7/site-packages/airflow/example_dags/example_sensors.py took 0.155 seconds
[2024-01-23T22:15:03.293+0000] {processor.py:153} INFO - Started process (PID=2793) to work on /home/airflow/.local/lib/python3.7/site-packages/airflow/example_dags/example_sensors.py
[2024-01-23T22:15:03.293+0000] {processor.py:743} INFO - Processing file /home/airflow/.local/lib/python3.7/site-packages/airflow/example_dags/example_sensors.py for tasks to queue
[2024-01-23T22:15:03.295+0000] {logging_mixin.py:137} INFO - [2024-01-23T22:15:03.294+0000] {dagbag.py:538} INFO - Filling up the DagBag from /home/airflow/.local/lib/python3.7/site-packages/airflow/example_dags/example_sensors.py
[2024-01-23T22:15:03.326+0000] {processor.py:753} INFO - DAG(s) dict_keys(['example_sensors']) retrieved from /home/airflow/.local/lib/python3.7/site-packages/airflow/example_dags/example_sensors.py
[2024-01-23T22:15:03.380+0000] {logging_mixin.py:137} INFO - [2024-01-23T22:15:03.380+0000] {dag.py:2676} INFO - Sync 1 DAGs
[2024-01-23T22:15:03.418+0000] {logging_mixin.py:137} INFO - [2024-01-23T22:15:03.418+0000] {dag.py:3427} INFO - Setting next_dagrun for example_sensors to None, run_after=None
[2024-01-23T22:15:03.444+0000] {processor.py:175} INFO - Processing /home/airflow/.local/lib/python3.7/site-packages/airflow/example_dags/example_sensors.py took 0.154 seconds
[2024-01-23T22:15:33.654+0000] {processor.py:153} INFO - Started process (PID=2874) to work on /home/airflow/.local/lib/python3.7/site-packages/airflow/example_dags/example_sensors.py
[2024-01-23T22:15:33.655+0000] {processor.py:743} INFO - Processing file /home/airflow/.local/lib/python3.7/site-packages/airflow/example_dags/example_sensors.py for tasks to queue
[2024-01-23T22:15:33.656+0000] {logging_mixin.py:137} INFO - [2024-01-23T22:15:33.656+0000] {dagbag.py:538} INFO - Filling up the DagBag from /home/airflow/.local/lib/python3.7/site-packages/airflow/example_dags/example_sensors.py
[2024-01-23T22:15:33.679+0000] {processor.py:753} INFO - DAG(s) dict_keys(['example_sensors']) retrieved from /home/airflow/.local/lib/python3.7/site-packages/airflow/example_dags/example_sensors.py
[2024-01-23T22:15:33.717+0000] {logging_mixin.py:137} INFO - [2024-01-23T22:15:33.717+0000] {dag.py:2676} INFO - Sync 1 DAGs
[2024-01-23T22:15:33.744+0000] {logging_mixin.py:137} INFO - [2024-01-23T22:15:33.743+0000] {dag.py:3427} INFO - Setting next_dagrun for example_sensors to None, run_after=None
[2024-01-23T22:15:33.765+0000] {processor.py:175} INFO - Processing /home/airflow/.local/lib/python3.7/site-packages/airflow/example_dags/example_sensors.py took 0.114 seconds
[2024-01-23T22:16:04.028+0000] {processor.py:153} INFO - Started process (PID=2974) to work on /home/airflow/.local/lib/python3.7/site-packages/airflow/example_dags/example_sensors.py
[2024-01-23T22:16:04.029+0000] {processor.py:743} INFO - Processing file /home/airflow/.local/lib/python3.7/site-packages/airflow/example_dags/example_sensors.py for tasks to queue
[2024-01-23T22:16:04.030+0000] {logging_mixin.py:137} INFO - [2024-01-23T22:16:04.029+0000] {dagbag.py:538} INFO - Filling up the DagBag from /home/airflow/.local/lib/python3.7/site-packages/airflow/example_dags/example_sensors.py
[2024-01-23T22:16:04.052+0000] {processor.py:753} INFO - DAG(s) dict_keys(['example_sensors']) retrieved from /home/airflow/.local/lib/python3.7/site-packages/airflow/example_dags/example_sensors.py
[2024-01-23T22:16:04.094+0000] {logging_mixin.py:137} INFO - [2024-01-23T22:16:04.094+0000] {dag.py:2676} INFO - Sync 1 DAGs
[2024-01-23T22:16:04.120+0000] {logging_mixin.py:137} INFO - [2024-01-23T22:16:04.120+0000] {dag.py:3427} INFO - Setting next_dagrun for example_sensors to None, run_after=None
[2024-01-23T22:16:04.143+0000] {processor.py:175} INFO - Processing /home/airflow/.local/lib/python3.7/site-packages/airflow/example_dags/example_sensors.py took 0.119 seconds
[2024-01-23T22:16:35.081+0000] {processor.py:153} INFO - Started process (PID=3053) to work on /home/airflow/.local/lib/python3.7/site-packages/airflow/example_dags/example_sensors.py
[2024-01-23T22:16:35.082+0000] {processor.py:743} INFO - Processing file /home/airflow/.local/lib/python3.7/site-packages/airflow/example_dags/example_sensors.py for tasks to queue
[2024-01-23T22:16:35.082+0000] {logging_mixin.py:137} INFO - [2024-01-23T22:16:35.082+0000] {dagbag.py:538} INFO - Filling up the DagBag from /home/airflow/.local/lib/python3.7/site-packages/airflow/example_dags/example_sensors.py
[2024-01-23T22:16:35.100+0000] {processor.py:753} INFO - DAG(s) dict_keys(['example_sensors']) retrieved from /home/airflow/.local/lib/python3.7/site-packages/airflow/example_dags/example_sensors.py
[2024-01-23T22:16:35.140+0000] {logging_mixin.py:137} INFO - [2024-01-23T22:16:35.140+0000] {dag.py:2676} INFO - Sync 1 DAGs
[2024-01-23T22:16:35.169+0000] {logging_mixin.py:137} INFO - [2024-01-23T22:16:35.169+0000] {dag.py:3427} INFO - Setting next_dagrun for example_sensors to None, run_after=None
[2024-01-23T22:16:35.191+0000] {processor.py:175} INFO - Processing /home/airflow/.local/lib/python3.7/site-packages/airflow/example_dags/example_sensors.py took 0.112 seconds
[2024-01-23T22:17:05.404+0000] {processor.py:153} INFO - Started process (PID=3139) to work on /home/airflow/.local/lib/python3.7/site-packages/airflow/example_dags/example_sensors.py
[2024-01-23T22:17:05.405+0000] {processor.py:743} INFO - Processing file /home/airflow/.local/lib/python3.7/site-packages/airflow/example_dags/example_sensors.py for tasks to queue
[2024-01-23T22:17:05.406+0000] {logging_mixin.py:137} INFO - [2024-01-23T22:17:05.405+0000] {dagbag.py:538} INFO - Filling up the DagBag from /home/airflow/.local/lib/python3.7/site-packages/airflow/example_dags/example_sensors.py
[2024-01-23T22:17:05.429+0000] {processor.py:753} INFO - DAG(s) dict_keys(['example_sensors']) retrieved from /home/airflow/.local/lib/python3.7/site-packages/airflow/example_dags/example_sensors.py
[2024-01-23T22:17:05.492+0000] {logging_mixin.py:137} INFO - [2024-01-23T22:17:05.492+0000] {dag.py:2676} INFO - Sync 1 DAGs
[2024-01-23T22:17:05.525+0000] {logging_mixin.py:137} INFO - [2024-01-23T22:17:05.525+0000] {dag.py:3427} INFO - Setting next_dagrun for example_sensors to None, run_after=None
[2024-01-23T22:17:05.548+0000] {processor.py:175} INFO - Processing /home/airflow/.local/lib/python3.7/site-packages/airflow/example_dags/example_sensors.py took 0.147 seconds
[2024-01-23T22:17:35.790+0000] {processor.py:153} INFO - Started process (PID=3232) to work on /home/airflow/.local/lib/python3.7/site-packages/airflow/example_dags/example_sensors.py
[2024-01-23T22:17:35.791+0000] {processor.py:743} INFO - Processing file /home/airflow/.local/lib/python3.7/site-packages/airflow/example_dags/example_sensors.py for tasks to queue
[2024-01-23T22:17:35.792+0000] {logging_mixin.py:137} INFO - [2024-01-23T22:17:35.792+0000] {dagbag.py:538} INFO - Filling up the DagBag from /home/airflow/.local/lib/python3.7/site-packages/airflow/example_dags/example_sensors.py
[2024-01-23T22:17:35.816+0000] {processor.py:753} INFO - DAG(s) dict_keys(['example_sensors']) retrieved from /home/airflow/.local/lib/python3.7/site-packages/airflow/example_dags/example_sensors.py
[2024-01-23T22:17:35.862+0000] {logging_mixin.py:137} INFO - [2024-01-23T22:17:35.861+0000] {dag.py:2676} INFO - Sync 1 DAGs
[2024-01-23T22:17:35.889+0000] {logging_mixin.py:137} INFO - [2024-01-23T22:17:35.889+0000] {dag.py:3427} INFO - Setting next_dagrun for example_sensors to None, run_after=None
[2024-01-23T22:17:35.911+0000] {processor.py:175} INFO - Processing /home/airflow/.local/lib/python3.7/site-packages/airflow/example_dags/example_sensors.py took 0.122 seconds
[2024-01-23T22:18:05.949+0000] {processor.py:153} INFO - Started process (PID=3312) to work on /home/airflow/.local/lib/python3.7/site-packages/airflow/example_dags/example_sensors.py
[2024-01-23T22:18:05.950+0000] {processor.py:743} INFO - Processing file /home/airflow/.local/lib/python3.7/site-packages/airflow/example_dags/example_sensors.py for tasks to queue
[2024-01-23T22:18:05.951+0000] {logging_mixin.py:137} INFO - [2024-01-23T22:18:05.951+0000] {dagbag.py:538} INFO - Filling up the DagBag from /home/airflow/.local/lib/python3.7/site-packages/airflow/example_dags/example_sensors.py
[2024-01-23T22:18:05.970+0000] {processor.py:753} INFO - DAG(s) dict_keys(['example_sensors']) retrieved from /home/airflow/.local/lib/python3.7/site-packages/airflow/example_dags/example_sensors.py
[2024-01-23T22:18:06.007+0000] {logging_mixin.py:137} INFO - [2024-01-23T22:18:06.006+0000] {dag.py:2676} INFO - Sync 1 DAGs
[2024-01-23T22:18:06.039+0000] {logging_mixin.py:137} INFO - [2024-01-23T22:18:06.039+0000] {dag.py:3427} INFO - Setting next_dagrun for example_sensors to None, run_after=None
[2024-01-23T22:18:06.066+0000] {processor.py:175} INFO - Processing /home/airflow/.local/lib/python3.7/site-packages/airflow/example_dags/example_sensors.py took 0.119 seconds
[2024-01-23T22:18:36.251+0000] {processor.py:153} INFO - Started process (PID=3401) to work on /home/airflow/.local/lib/python3.7/site-packages/airflow/example_dags/example_sensors.py
[2024-01-23T22:18:36.252+0000] {processor.py:743} INFO - Processing file /home/airflow/.local/lib/python3.7/site-packages/airflow/example_dags/example_sensors.py for tasks to queue
[2024-01-23T22:18:36.253+0000] {logging_mixin.py:137} INFO - [2024-01-23T22:18:36.253+0000] {dagbag.py:538} INFO - Filling up the DagBag from /home/airflow/.local/lib/python3.7/site-packages/airflow/example_dags/example_sensors.py
[2024-01-23T22:18:36.285+0000] {processor.py:753} INFO - DAG(s) dict_keys(['example_sensors']) retrieved from /home/airflow/.local/lib/python3.7/site-packages/airflow/example_dags/example_sensors.py
[2024-01-23T22:18:36.389+0000] {logging_mixin.py:137} INFO - [2024-01-23T22:18:36.389+0000] {dag.py:2676} INFO - Sync 1 DAGs
[2024-01-23T22:18:36.420+0000] {logging_mixin.py:137} INFO - [2024-01-23T22:18:36.420+0000] {dag.py:3427} INFO - Setting next_dagrun for example_sensors to None, run_after=None
[2024-01-23T22:18:36.449+0000] {processor.py:175} INFO - Processing /home/airflow/.local/lib/python3.7/site-packages/airflow/example_dags/example_sensors.py took 0.201 seconds
[2024-01-23T22:19:06.738+0000] {processor.py:153} INFO - Started process (PID=3492) to work on /home/airflow/.local/lib/python3.7/site-packages/airflow/example_dags/example_sensors.py
[2024-01-23T22:19:06.739+0000] {processor.py:743} INFO - Processing file /home/airflow/.local/lib/python3.7/site-packages/airflow/example_dags/example_sensors.py for tasks to queue
[2024-01-23T22:19:06.740+0000] {logging_mixin.py:137} INFO - [2024-01-23T22:19:06.740+0000] {dagbag.py:538} INFO - Filling up the DagBag from /home/airflow/.local/lib/python3.7/site-packages/airflow/example_dags/example_sensors.py
[2024-01-23T22:19:06.764+0000] {processor.py:753} INFO - DAG(s) dict_keys(['example_sensors']) retrieved from /home/airflow/.local/lib/python3.7/site-packages/airflow/example_dags/example_sensors.py
[2024-01-23T22:19:06.810+0000] {logging_mixin.py:137} INFO - [2024-01-23T22:19:06.810+0000] {dag.py:2676} INFO - Sync 1 DAGs
[2024-01-23T22:19:06.842+0000] {logging_mixin.py:137} INFO - [2024-01-23T22:19:06.842+0000] {dag.py:3427} INFO - Setting next_dagrun for example_sensors to None, run_after=None
[2024-01-23T22:19:06.865+0000] {processor.py:175} INFO - Processing /home/airflow/.local/lib/python3.7/site-packages/airflow/example_dags/example_sensors.py took 0.129 seconds
[2024-01-23T22:19:36.932+0000] {processor.py:153} INFO - Started process (PID=3572) to work on /home/airflow/.local/lib/python3.7/site-packages/airflow/example_dags/example_sensors.py
[2024-01-23T22:19:36.932+0000] {processor.py:743} INFO - Processing file /home/airflow/.local/lib/python3.7/site-packages/airflow/example_dags/example_sensors.py for tasks to queue
[2024-01-23T22:19:36.933+0000] {logging_mixin.py:137} INFO - [2024-01-23T22:19:36.933+0000] {dagbag.py:538} INFO - Filling up the DagBag from /home/airflow/.local/lib/python3.7/site-packages/airflow/example_dags/example_sensors.py
[2024-01-23T22:19:36.953+0000] {processor.py:753} INFO - DAG(s) dict_keys(['example_sensors']) retrieved from /home/airflow/.local/lib/python3.7/site-packages/airflow/example_dags/example_sensors.py
[2024-01-23T22:19:36.996+0000] {logging_mixin.py:137} INFO - [2024-01-23T22:19:36.996+0000] {dag.py:2676} INFO - Sync 1 DAGs
[2024-01-23T22:19:37.028+0000] {logging_mixin.py:137} INFO - [2024-01-23T22:19:37.027+0000] {dag.py:3427} INFO - Setting next_dagrun for example_sensors to None, run_after=None
[2024-01-23T22:19:37.048+0000] {processor.py:175} INFO - Processing /home/airflow/.local/lib/python3.7/site-packages/airflow/example_dags/example_sensors.py took 0.120 seconds
[2024-01-23T22:20:07.338+0000] {processor.py:153} INFO - Started process (PID=3661) to work on /home/airflow/.local/lib/python3.7/site-packages/airflow/example_dags/example_sensors.py
[2024-01-23T22:20:07.339+0000] {processor.py:743} INFO - Processing file /home/airflow/.local/lib/python3.7/site-packages/airflow/example_dags/example_sensors.py for tasks to queue
[2024-01-23T22:20:07.340+0000] {logging_mixin.py:137} INFO - [2024-01-23T22:20:07.340+0000] {dagbag.py:538} INFO - Filling up the DagBag from /home/airflow/.local/lib/python3.7/site-packages/airflow/example_dags/example_sensors.py
[2024-01-23T22:20:07.369+0000] {processor.py:753} INFO - DAG(s) dict_keys(['example_sensors']) retrieved from /home/airflow/.local/lib/python3.7/site-packages/airflow/example_dags/example_sensors.py
[2024-01-23T22:20:07.423+0000] {logging_mixin.py:137} INFO - [2024-01-23T22:20:07.423+0000] {dag.py:2676} INFO - Sync 1 DAGs
[2024-01-23T22:20:07.473+0000] {logging_mixin.py:137} INFO - [2024-01-23T22:20:07.472+0000] {dag.py:3427} INFO - Setting next_dagrun for example_sensors to None, run_after=None
[2024-01-23T22:20:07.506+0000] {processor.py:175} INFO - Processing /home/airflow/.local/lib/python3.7/site-packages/airflow/example_dags/example_sensors.py took 0.171 seconds
[2024-01-23T22:20:37.957+0000] {processor.py:153} INFO - Started process (PID=3753) to work on /home/airflow/.local/lib/python3.7/site-packages/airflow/example_dags/example_sensors.py
[2024-01-23T22:20:37.958+0000] {processor.py:743} INFO - Processing file /home/airflow/.local/lib/python3.7/site-packages/airflow/example_dags/example_sensors.py for tasks to queue
[2024-01-23T22:20:37.958+0000] {logging_mixin.py:137} INFO - [2024-01-23T22:20:37.958+0000] {dagbag.py:538} INFO - Filling up the DagBag from /home/airflow/.local/lib/python3.7/site-packages/airflow/example_dags/example_sensors.py
[2024-01-23T22:20:37.979+0000] {processor.py:753} INFO - DAG(s) dict_keys(['example_sensors']) retrieved from /home/airflow/.local/lib/python3.7/site-packages/airflow/example_dags/example_sensors.py
[2024-01-23T22:20:38.017+0000] {logging_mixin.py:137} INFO - [2024-01-23T22:20:38.017+0000] {dag.py:2676} INFO - Sync 1 DAGs
[2024-01-23T22:20:38.040+0000] {logging_mixin.py:137} INFO - [2024-01-23T22:20:38.040+0000] {dag.py:3427} INFO - Setting next_dagrun for example_sensors to None, run_after=None
[2024-01-23T22:20:38.061+0000] {processor.py:175} INFO - Processing /home/airflow/.local/lib/python3.7/site-packages/airflow/example_dags/example_sensors.py took 0.107 seconds
[2024-01-23T22:21:08.293+0000] {processor.py:153} INFO - Started process (PID=3833) to work on /home/airflow/.local/lib/python3.7/site-packages/airflow/example_dags/example_sensors.py
[2024-01-23T22:21:08.294+0000] {processor.py:743} INFO - Processing file /home/airflow/.local/lib/python3.7/site-packages/airflow/example_dags/example_sensors.py for tasks to queue
[2024-01-23T22:21:08.294+0000] {logging_mixin.py:137} INFO - [2024-01-23T22:21:08.294+0000] {dagbag.py:538} INFO - Filling up the DagBag from /home/airflow/.local/lib/python3.7/site-packages/airflow/example_dags/example_sensors.py
[2024-01-23T22:21:08.317+0000] {processor.py:753} INFO - DAG(s) dict_keys(['example_sensors']) retrieved from /home/airflow/.local/lib/python3.7/site-packages/airflow/example_dags/example_sensors.py
[2024-01-23T22:21:08.383+0000] {logging_mixin.py:137} INFO - [2024-01-23T22:21:08.383+0000] {dag.py:2676} INFO - Sync 1 DAGs
[2024-01-23T22:21:08.418+0000] {logging_mixin.py:137} INFO - [2024-01-23T22:21:08.418+0000] {dag.py:3427} INFO - Setting next_dagrun for example_sensors to None, run_after=None
[2024-01-23T22:21:08.443+0000] {processor.py:175} INFO - Processing /home/airflow/.local/lib/python3.7/site-packages/airflow/example_dags/example_sensors.py took 0.153 seconds
[2024-01-23T22:21:38.923+0000] {processor.py:153} INFO - Started process (PID=3933) to work on /home/airflow/.local/lib/python3.7/site-packages/airflow/example_dags/example_sensors.py
[2024-01-23T22:21:38.923+0000] {processor.py:743} INFO - Processing file /home/airflow/.local/lib/python3.7/site-packages/airflow/example_dags/example_sensors.py for tasks to queue
[2024-01-23T22:21:38.924+0000] {logging_mixin.py:137} INFO - [2024-01-23T22:21:38.924+0000] {dagbag.py:538} INFO - Filling up the DagBag from /home/airflow/.local/lib/python3.7/site-packages/airflow/example_dags/example_sensors.py
[2024-01-23T22:21:38.950+0000] {processor.py:753} INFO - DAG(s) dict_keys(['example_sensors']) retrieved from /home/airflow/.local/lib/python3.7/site-packages/airflow/example_dags/example_sensors.py
[2024-01-23T22:21:39.000+0000] {logging_mixin.py:137} INFO - [2024-01-23T22:21:39.000+0000] {dag.py:2676} INFO - Sync 1 DAGs
[2024-01-23T22:21:39.033+0000] {logging_mixin.py:137} INFO - [2024-01-23T22:21:39.032+0000] {dag.py:3427} INFO - Setting next_dagrun for example_sensors to None, run_after=None
[2024-01-23T22:21:39.059+0000] {processor.py:175} INFO - Processing /home/airflow/.local/lib/python3.7/site-packages/airflow/example_dags/example_sensors.py took 0.139 seconds
[2024-01-23T22:22:09.316+0000] {processor.py:153} INFO - Started process (PID=4013) to work on /home/airflow/.local/lib/python3.7/site-packages/airflow/example_dags/example_sensors.py
[2024-01-23T22:22:09.317+0000] {processor.py:743} INFO - Processing file /home/airflow/.local/lib/python3.7/site-packages/airflow/example_dags/example_sensors.py for tasks to queue
[2024-01-23T22:22:09.318+0000] {logging_mixin.py:137} INFO - [2024-01-23T22:22:09.317+0000] {dagbag.py:538} INFO - Filling up the DagBag from /home/airflow/.local/lib/python3.7/site-packages/airflow/example_dags/example_sensors.py
[2024-01-23T22:22:09.343+0000] {processor.py:753} INFO - DAG(s) dict_keys(['example_sensors']) retrieved from /home/airflow/.local/lib/python3.7/site-packages/airflow/example_dags/example_sensors.py
[2024-01-23T22:22:09.393+0000] {logging_mixin.py:137} INFO - [2024-01-23T22:22:09.392+0000] {dag.py:2676} INFO - Sync 1 DAGs
[2024-01-23T22:22:09.424+0000] {logging_mixin.py:137} INFO - [2024-01-23T22:22:09.423+0000] {dag.py:3427} INFO - Setting next_dagrun for example_sensors to None, run_after=None
[2024-01-23T22:22:09.448+0000] {processor.py:175} INFO - Processing /home/airflow/.local/lib/python3.7/site-packages/airflow/example_dags/example_sensors.py took 0.135 seconds
[2024-01-23T22:22:39.511+0000] {processor.py:153} INFO - Started process (PID=4093) to work on /home/airflow/.local/lib/python3.7/site-packages/airflow/example_dags/example_sensors.py
[2024-01-23T22:22:39.512+0000] {processor.py:743} INFO - Processing file /home/airflow/.local/lib/python3.7/site-packages/airflow/example_dags/example_sensors.py for tasks to queue
[2024-01-23T22:22:39.513+0000] {logging_mixin.py:137} INFO - [2024-01-23T22:22:39.512+0000] {dagbag.py:538} INFO - Filling up the DagBag from /home/airflow/.local/lib/python3.7/site-packages/airflow/example_dags/example_sensors.py
[2024-01-23T22:22:39.532+0000] {processor.py:753} INFO - DAG(s) dict_keys(['example_sensors']) retrieved from /home/airflow/.local/lib/python3.7/site-packages/airflow/example_dags/example_sensors.py
[2024-01-23T22:22:39.575+0000] {logging_mixin.py:137} INFO - [2024-01-23T22:22:39.575+0000] {dag.py:2676} INFO - Sync 1 DAGs
[2024-01-23T22:22:39.604+0000] {logging_mixin.py:137} INFO - [2024-01-23T22:22:39.604+0000] {dag.py:3427} INFO - Setting next_dagrun for example_sensors to None, run_after=None
[2024-01-23T22:22:39.628+0000] {processor.py:175} INFO - Processing /home/airflow/.local/lib/python3.7/site-packages/airflow/example_dags/example_sensors.py took 0.120 seconds
[2024-01-23T22:23:09.691+0000] {processor.py:153} INFO - Started process (PID=4193) to work on /home/airflow/.local/lib/python3.7/site-packages/airflow/example_dags/example_sensors.py
[2024-01-23T22:23:09.692+0000] {processor.py:743} INFO - Processing file /home/airflow/.local/lib/python3.7/site-packages/airflow/example_dags/example_sensors.py for tasks to queue
[2024-01-23T22:23:09.692+0000] {logging_mixin.py:137} INFO - [2024-01-23T22:23:09.692+0000] {dagbag.py:538} INFO - Filling up the DagBag from /home/airflow/.local/lib/python3.7/site-packages/airflow/example_dags/example_sensors.py
[2024-01-23T22:23:09.715+0000] {processor.py:753} INFO - DAG(s) dict_keys(['example_sensors']) retrieved from /home/airflow/.local/lib/python3.7/site-packages/airflow/example_dags/example_sensors.py
[2024-01-23T22:23:09.757+0000] {logging_mixin.py:137} INFO - [2024-01-23T22:23:09.756+0000] {dag.py:2676} INFO - Sync 1 DAGs
[2024-01-23T22:23:09.789+0000] {logging_mixin.py:137} INFO - [2024-01-23T22:23:09.789+0000] {dag.py:3427} INFO - Setting next_dagrun for example_sensors to None, run_after=None
[2024-01-23T22:23:09.810+0000] {processor.py:175} INFO - Processing /home/airflow/.local/lib/python3.7/site-packages/airflow/example_dags/example_sensors.py took 0.121 seconds
[2024-01-23T22:23:39.921+0000] {processor.py:153} INFO - Started process (PID=4274) to work on /home/airflow/.local/lib/python3.7/site-packages/airflow/example_dags/example_sensors.py
[2024-01-23T22:23:39.922+0000] {processor.py:743} INFO - Processing file /home/airflow/.local/lib/python3.7/site-packages/airflow/example_dags/example_sensors.py for tasks to queue
[2024-01-23T22:23:39.923+0000] {logging_mixin.py:137} INFO - [2024-01-23T22:23:39.923+0000] {dagbag.py:538} INFO - Filling up the DagBag from /home/airflow/.local/lib/python3.7/site-packages/airflow/example_dags/example_sensors.py
[2024-01-23T22:23:39.947+0000] {processor.py:753} INFO - DAG(s) dict_keys(['example_sensors']) retrieved from /home/airflow/.local/lib/python3.7/site-packages/airflow/example_dags/example_sensors.py
[2024-01-23T22:23:39.990+0000] {logging_mixin.py:137} INFO - [2024-01-23T22:23:39.990+0000] {dag.py:2676} INFO - Sync 1 DAGs
[2024-01-23T22:23:40.019+0000] {logging_mixin.py:137} INFO - [2024-01-23T22:23:40.019+0000] {dag.py:3427} INFO - Setting next_dagrun for example_sensors to None, run_after=None
[2024-01-23T22:23:40.040+0000] {processor.py:175} INFO - Processing /home/airflow/.local/lib/python3.7/site-packages/airflow/example_dags/example_sensors.py took 0.122 seconds
[2024-01-23T22:24:10.410+0000] {processor.py:153} INFO - Started process (PID=4354) to work on /home/airflow/.local/lib/python3.7/site-packages/airflow/example_dags/example_sensors.py
[2024-01-23T22:24:10.411+0000] {processor.py:743} INFO - Processing file /home/airflow/.local/lib/python3.7/site-packages/airflow/example_dags/example_sensors.py for tasks to queue
[2024-01-23T22:24:10.412+0000] {logging_mixin.py:137} INFO - [2024-01-23T22:24:10.412+0000] {dagbag.py:538} INFO - Filling up the DagBag from /home/airflow/.local/lib/python3.7/site-packages/airflow/example_dags/example_sensors.py
[2024-01-23T22:24:10.434+0000] {processor.py:753} INFO - DAG(s) dict_keys(['example_sensors']) retrieved from /home/airflow/.local/lib/python3.7/site-packages/airflow/example_dags/example_sensors.py
[2024-01-23T22:24:10.481+0000] {logging_mixin.py:137} INFO - [2024-01-23T22:24:10.481+0000] {dag.py:2676} INFO - Sync 1 DAGs
[2024-01-23T22:24:10.515+0000] {logging_mixin.py:137} INFO - [2024-01-23T22:24:10.515+0000] {dag.py:3427} INFO - Setting next_dagrun for example_sensors to None, run_after=None
[2024-01-23T22:24:10.544+0000] {processor.py:175} INFO - Processing /home/airflow/.local/lib/python3.7/site-packages/airflow/example_dags/example_sensors.py took 0.136 seconds
[2024-01-23T22:24:41.369+0000] {processor.py:153} INFO - Started process (PID=4454) to work on /home/airflow/.local/lib/python3.7/site-packages/airflow/example_dags/example_sensors.py
[2024-01-23T22:24:41.369+0000] {processor.py:743} INFO - Processing file /home/airflow/.local/lib/python3.7/site-packages/airflow/example_dags/example_sensors.py for tasks to queue
[2024-01-23T22:24:41.370+0000] {logging_mixin.py:137} INFO - [2024-01-23T22:24:41.370+0000] {dagbag.py:538} INFO - Filling up the DagBag from /home/airflow/.local/lib/python3.7/site-packages/airflow/example_dags/example_sensors.py
[2024-01-23T22:24:41.394+0000] {processor.py:753} INFO - DAG(s) dict_keys(['example_sensors']) retrieved from /home/airflow/.local/lib/python3.7/site-packages/airflow/example_dags/example_sensors.py
[2024-01-23T22:24:41.436+0000] {logging_mixin.py:137} INFO - [2024-01-23T22:24:41.436+0000] {dag.py:2676} INFO - Sync 1 DAGs
[2024-01-23T22:24:41.467+0000] {logging_mixin.py:137} INFO - [2024-01-23T22:24:41.466+0000] {dag.py:3427} INFO - Setting next_dagrun for example_sensors to None, run_after=None
[2024-01-23T22:24:41.492+0000] {processor.py:175} INFO - Processing /home/airflow/.local/lib/python3.7/site-packages/airflow/example_dags/example_sensors.py took 0.126 seconds
[2024-01-23T22:25:12.478+0000] {processor.py:153} INFO - Started process (PID=4534) to work on /home/airflow/.local/lib/python3.7/site-packages/airflow/example_dags/example_sensors.py
[2024-01-23T22:25:12.479+0000] {processor.py:743} INFO - Processing file /home/airflow/.local/lib/python3.7/site-packages/airflow/example_dags/example_sensors.py for tasks to queue
[2024-01-23T22:25:12.480+0000] {logging_mixin.py:137} INFO - [2024-01-23T22:25:12.480+0000] {dagbag.py:538} INFO - Filling up the DagBag from /home/airflow/.local/lib/python3.7/site-packages/airflow/example_dags/example_sensors.py
[2024-01-23T22:25:12.502+0000] {processor.py:753} INFO - DAG(s) dict_keys(['example_sensors']) retrieved from /home/airflow/.local/lib/python3.7/site-packages/airflow/example_dags/example_sensors.py
[2024-01-23T22:25:12.546+0000] {logging_mixin.py:137} INFO - [2024-01-23T22:25:12.546+0000] {dag.py:2676} INFO - Sync 1 DAGs
[2024-01-23T22:25:12.577+0000] {logging_mixin.py:137} INFO - [2024-01-23T22:25:12.577+0000] {dag.py:3427} INFO - Setting next_dagrun for example_sensors to None, run_after=None
[2024-01-23T22:25:12.599+0000] {processor.py:175} INFO - Processing /home/airflow/.local/lib/python3.7/site-packages/airflow/example_dags/example_sensors.py took 0.124 seconds
[2024-01-23T22:25:42.798+0000] {processor.py:153} INFO - Started process (PID=4634) to work on /home/airflow/.local/lib/python3.7/site-packages/airflow/example_dags/example_sensors.py
[2024-01-23T22:25:42.798+0000] {processor.py:743} INFO - Processing file /home/airflow/.local/lib/python3.7/site-packages/airflow/example_dags/example_sensors.py for tasks to queue
[2024-01-23T22:25:42.799+0000] {logging_mixin.py:137} INFO - [2024-01-23T22:25:42.799+0000] {dagbag.py:538} INFO - Filling up the DagBag from /home/airflow/.local/lib/python3.7/site-packages/airflow/example_dags/example_sensors.py
[2024-01-23T22:25:42.818+0000] {processor.py:753} INFO - DAG(s) dict_keys(['example_sensors']) retrieved from /home/airflow/.local/lib/python3.7/site-packages/airflow/example_dags/example_sensors.py
[2024-01-23T22:25:42.860+0000] {logging_mixin.py:137} INFO - [2024-01-23T22:25:42.860+0000] {dag.py:2676} INFO - Sync 1 DAGs
[2024-01-23T22:25:42.894+0000] {logging_mixin.py:137} INFO - [2024-01-23T22:25:42.893+0000] {dag.py:3427} INFO - Setting next_dagrun for example_sensors to None, run_after=None
[2024-01-23T22:25:42.919+0000] {processor.py:175} INFO - Processing /home/airflow/.local/lib/python3.7/site-packages/airflow/example_dags/example_sensors.py took 0.123 seconds
[2024-01-23T22:26:13.149+0000] {processor.py:153} INFO - Started process (PID=4713) to work on /home/airflow/.local/lib/python3.7/site-packages/airflow/example_dags/example_sensors.py
[2024-01-23T22:26:13.149+0000] {processor.py:743} INFO - Processing file /home/airflow/.local/lib/python3.7/site-packages/airflow/example_dags/example_sensors.py for tasks to queue
[2024-01-23T22:26:13.150+0000] {logging_mixin.py:137} INFO - [2024-01-23T22:26:13.150+0000] {dagbag.py:538} INFO - Filling up the DagBag from /home/airflow/.local/lib/python3.7/site-packages/airflow/example_dags/example_sensors.py
[2024-01-23T22:26:13.167+0000] {processor.py:753} INFO - DAG(s) dict_keys(['example_sensors']) retrieved from /home/airflow/.local/lib/python3.7/site-packages/airflow/example_dags/example_sensors.py
[2024-01-23T22:26:13.203+0000] {logging_mixin.py:137} INFO - [2024-01-23T22:26:13.203+0000] {dag.py:2676} INFO - Sync 1 DAGs
[2024-01-23T22:26:13.232+0000] {logging_mixin.py:137} INFO - [2024-01-23T22:26:13.232+0000] {dag.py:3427} INFO - Setting next_dagrun for example_sensors to None, run_after=None
[2024-01-23T22:26:13.251+0000] {processor.py:175} INFO - Processing /home/airflow/.local/lib/python3.7/site-packages/airflow/example_dags/example_sensors.py took 0.105 seconds
[2024-01-23T22:26:43.332+0000] {processor.py:153} INFO - Started process (PID=4793) to work on /home/airflow/.local/lib/python3.7/site-packages/airflow/example_dags/example_sensors.py
[2024-01-23T22:26:43.333+0000] {processor.py:743} INFO - Processing file /home/airflow/.local/lib/python3.7/site-packages/airflow/example_dags/example_sensors.py for tasks to queue
[2024-01-23T22:26:43.334+0000] {logging_mixin.py:137} INFO - [2024-01-23T22:26:43.333+0000] {dagbag.py:538} INFO - Filling up the DagBag from /home/airflow/.local/lib/python3.7/site-packages/airflow/example_dags/example_sensors.py
[2024-01-23T22:26:43.354+0000] {processor.py:753} INFO - DAG(s) dict_keys(['example_sensors']) retrieved from /home/airflow/.local/lib/python3.7/site-packages/airflow/example_dags/example_sensors.py
[2024-01-23T22:26:43.391+0000] {logging_mixin.py:137} INFO - [2024-01-23T22:26:43.390+0000] {dag.py:2676} INFO - Sync 1 DAGs
[2024-01-23T22:26:43.420+0000] {logging_mixin.py:137} INFO - [2024-01-23T22:26:43.420+0000] {dag.py:3427} INFO - Setting next_dagrun for example_sensors to None, run_after=None
[2024-01-23T22:26:43.441+0000] {processor.py:175} INFO - Processing /home/airflow/.local/lib/python3.7/site-packages/airflow/example_dags/example_sensors.py took 0.111 seconds
[2024-01-23T22:27:13.606+0000] {processor.py:153} INFO - Started process (PID=4893) to work on /home/airflow/.local/lib/python3.7/site-packages/airflow/example_dags/example_sensors.py
[2024-01-23T22:27:13.607+0000] {processor.py:743} INFO - Processing file /home/airflow/.local/lib/python3.7/site-packages/airflow/example_dags/example_sensors.py for tasks to queue
[2024-01-23T22:27:13.608+0000] {logging_mixin.py:137} INFO - [2024-01-23T22:27:13.608+0000] {dagbag.py:538} INFO - Filling up the DagBag from /home/airflow/.local/lib/python3.7/site-packages/airflow/example_dags/example_sensors.py
[2024-01-23T22:27:13.627+0000] {processor.py:753} INFO - DAG(s) dict_keys(['example_sensors']) retrieved from /home/airflow/.local/lib/python3.7/site-packages/airflow/example_dags/example_sensors.py
[2024-01-23T22:27:13.671+0000] {logging_mixin.py:137} INFO - [2024-01-23T22:27:13.670+0000] {dag.py:2676} INFO - Sync 1 DAGs
[2024-01-23T22:27:13.705+0000] {logging_mixin.py:137} INFO - [2024-01-23T22:27:13.705+0000] {dag.py:3427} INFO - Setting next_dagrun for example_sensors to None, run_after=None
[2024-01-23T22:27:13.725+0000] {processor.py:175} INFO - Processing /home/airflow/.local/lib/python3.7/site-packages/airflow/example_dags/example_sensors.py took 0.121 seconds
[2024-01-23T22:27:43.991+0000] {processor.py:153} INFO - Started process (PID=4973) to work on /home/airflow/.local/lib/python3.7/site-packages/airflow/example_dags/example_sensors.py
[2024-01-23T22:27:43.992+0000] {processor.py:743} INFO - Processing file /home/airflow/.local/lib/python3.7/site-packages/airflow/example_dags/example_sensors.py for tasks to queue
[2024-01-23T22:27:43.994+0000] {logging_mixin.py:137} INFO - [2024-01-23T22:27:43.993+0000] {dagbag.py:538} INFO - Filling up the DagBag from /home/airflow/.local/lib/python3.7/site-packages/airflow/example_dags/example_sensors.py
[2024-01-23T22:27:44.022+0000] {processor.py:753} INFO - DAG(s) dict_keys(['example_sensors']) retrieved from /home/airflow/.local/lib/python3.7/site-packages/airflow/example_dags/example_sensors.py
[2024-01-23T22:27:44.080+0000] {logging_mixin.py:137} INFO - [2024-01-23T22:27:44.079+0000] {dag.py:2676} INFO - Sync 1 DAGs
[2024-01-23T22:27:44.119+0000] {logging_mixin.py:137} INFO - [2024-01-23T22:27:44.119+0000] {dag.py:3427} INFO - Setting next_dagrun for example_sensors to None, run_after=None
[2024-01-23T22:27:44.144+0000] {processor.py:175} INFO - Processing /home/airflow/.local/lib/python3.7/site-packages/airflow/example_dags/example_sensors.py took 0.157 seconds
[2024-01-23T22:28:14.181+0000] {processor.py:153} INFO - Started process (PID=5053) to work on /home/airflow/.local/lib/python3.7/site-packages/airflow/example_dags/example_sensors.py
[2024-01-23T22:28:14.182+0000] {processor.py:743} INFO - Processing file /home/airflow/.local/lib/python3.7/site-packages/airflow/example_dags/example_sensors.py for tasks to queue
[2024-01-23T22:28:14.183+0000] {logging_mixin.py:137} INFO - [2024-01-23T22:28:14.183+0000] {dagbag.py:538} INFO - Filling up the DagBag from /home/airflow/.local/lib/python3.7/site-packages/airflow/example_dags/example_sensors.py
[2024-01-23T22:28:14.208+0000] {processor.py:753} INFO - DAG(s) dict_keys(['example_sensors']) retrieved from /home/airflow/.local/lib/python3.7/site-packages/airflow/example_dags/example_sensors.py
[2024-01-23T22:28:14.249+0000] {logging_mixin.py:137} INFO - [2024-01-23T22:28:14.249+0000] {dag.py:2676} INFO - Sync 1 DAGs
[2024-01-23T22:28:14.279+0000] {logging_mixin.py:137} INFO - [2024-01-23T22:28:14.278+0000] {dag.py:3427} INFO - Setting next_dagrun for example_sensors to None, run_after=None
[2024-01-23T22:28:14.301+0000] {processor.py:175} INFO - Processing /home/airflow/.local/lib/python3.7/site-packages/airflow/example_dags/example_sensors.py took 0.122 seconds
[2024-01-23T22:28:44.867+0000] {processor.py:153} INFO - Started process (PID=5153) to work on /home/airflow/.local/lib/python3.7/site-packages/airflow/example_dags/example_sensors.py
[2024-01-23T22:28:44.868+0000] {processor.py:743} INFO - Processing file /home/airflow/.local/lib/python3.7/site-packages/airflow/example_dags/example_sensors.py for tasks to queue
[2024-01-23T22:28:44.869+0000] {logging_mixin.py:137} INFO - [2024-01-23T22:28:44.869+0000] {dagbag.py:538} INFO - Filling up the DagBag from /home/airflow/.local/lib/python3.7/site-packages/airflow/example_dags/example_sensors.py
[2024-01-23T22:28:44.891+0000] {processor.py:753} INFO - DAG(s) dict_keys(['example_sensors']) retrieved from /home/airflow/.local/lib/python3.7/site-packages/airflow/example_dags/example_sensors.py
[2024-01-23T22:28:44.938+0000] {logging_mixin.py:137} INFO - [2024-01-23T22:28:44.938+0000] {dag.py:2676} INFO - Sync 1 DAGs
[2024-01-23T22:28:44.966+0000] {logging_mixin.py:137} INFO - [2024-01-23T22:28:44.966+0000] {dag.py:3427} INFO - Setting next_dagrun for example_sensors to None, run_after=None
[2024-01-23T22:28:44.991+0000] {processor.py:175} INFO - Processing /home/airflow/.local/lib/python3.7/site-packages/airflow/example_dags/example_sensors.py took 0.127 seconds
[2024-01-23T22:29:15.201+0000] {processor.py:153} INFO - Started process (PID=5233) to work on /home/airflow/.local/lib/python3.7/site-packages/airflow/example_dags/example_sensors.py
[2024-01-23T22:29:15.201+0000] {processor.py:743} INFO - Processing file /home/airflow/.local/lib/python3.7/site-packages/airflow/example_dags/example_sensors.py for tasks to queue
[2024-01-23T22:29:15.202+0000] {logging_mixin.py:137} INFO - [2024-01-23T22:29:15.202+0000] {dagbag.py:538} INFO - Filling up the DagBag from /home/airflow/.local/lib/python3.7/site-packages/airflow/example_dags/example_sensors.py
[2024-01-23T22:29:15.222+0000] {processor.py:753} INFO - DAG(s) dict_keys(['example_sensors']) retrieved from /home/airflow/.local/lib/python3.7/site-packages/airflow/example_dags/example_sensors.py
[2024-01-23T22:29:15.264+0000] {logging_mixin.py:137} INFO - [2024-01-23T22:29:15.264+0000] {dag.py:2676} INFO - Sync 1 DAGs
[2024-01-23T22:29:15.295+0000] {logging_mixin.py:137} INFO - [2024-01-23T22:29:15.295+0000] {dag.py:3427} INFO - Setting next_dagrun for example_sensors to None, run_after=None
[2024-01-23T22:29:15.317+0000] {processor.py:175} INFO - Processing /home/airflow/.local/lib/python3.7/site-packages/airflow/example_dags/example_sensors.py took 0.118 seconds
[2024-01-23T22:29:45.844+0000] {processor.py:153} INFO - Started process (PID=5332) to work on /home/airflow/.local/lib/python3.7/site-packages/airflow/example_dags/example_sensors.py
[2024-01-23T22:29:45.845+0000] {processor.py:743} INFO - Processing file /home/airflow/.local/lib/python3.7/site-packages/airflow/example_dags/example_sensors.py for tasks to queue
[2024-01-23T22:29:45.846+0000] {logging_mixin.py:137} INFO - [2024-01-23T22:29:45.845+0000] {dagbag.py:538} INFO - Filling up the DagBag from /home/airflow/.local/lib/python3.7/site-packages/airflow/example_dags/example_sensors.py
[2024-01-23T22:29:45.872+0000] {processor.py:753} INFO - DAG(s) dict_keys(['example_sensors']) retrieved from /home/airflow/.local/lib/python3.7/site-packages/airflow/example_dags/example_sensors.py
[2024-01-23T22:29:45.932+0000] {logging_mixin.py:137} INFO - [2024-01-23T22:29:45.932+0000] {dag.py:2676} INFO - Sync 1 DAGs
[2024-01-23T22:29:45.973+0000] {logging_mixin.py:137} INFO - [2024-01-23T22:29:45.973+0000] {dag.py:3427} INFO - Setting next_dagrun for example_sensors to None, run_after=None
[2024-01-23T22:29:46.000+0000] {processor.py:175} INFO - Processing /home/airflow/.local/lib/python3.7/site-packages/airflow/example_dags/example_sensors.py took 0.159 seconds
[2024-01-23T22:30:16.274+0000] {processor.py:153} INFO - Started process (PID=5411) to work on /home/airflow/.local/lib/python3.7/site-packages/airflow/example_dags/example_sensors.py
[2024-01-23T22:30:16.275+0000] {processor.py:743} INFO - Processing file /home/airflow/.local/lib/python3.7/site-packages/airflow/example_dags/example_sensors.py for tasks to queue
[2024-01-23T22:30:16.275+0000] {logging_mixin.py:137} INFO - [2024-01-23T22:30:16.275+0000] {dagbag.py:538} INFO - Filling up the DagBag from /home/airflow/.local/lib/python3.7/site-packages/airflow/example_dags/example_sensors.py
[2024-01-23T22:30:16.298+0000] {processor.py:753} INFO - DAG(s) dict_keys(['example_sensors']) retrieved from /home/airflow/.local/lib/python3.7/site-packages/airflow/example_dags/example_sensors.py
[2024-01-23T22:30:16.344+0000] {logging_mixin.py:137} INFO - [2024-01-23T22:30:16.344+0000] {dag.py:2676} INFO - Sync 1 DAGs
[2024-01-23T22:30:16.381+0000] {logging_mixin.py:137} INFO - [2024-01-23T22:30:16.381+0000] {dag.py:3427} INFO - Setting next_dagrun for example_sensors to None, run_after=None
[2024-01-23T22:30:16.407+0000] {processor.py:175} INFO - Processing /home/airflow/.local/lib/python3.7/site-packages/airflow/example_dags/example_sensors.py took 0.135 seconds
[2024-01-23T22:30:46.546+0000] {processor.py:153} INFO - Started process (PID=5491) to work on /home/airflow/.local/lib/python3.7/site-packages/airflow/example_dags/example_sensors.py
[2024-01-23T22:30:46.547+0000] {processor.py:743} INFO - Processing file /home/airflow/.local/lib/python3.7/site-packages/airflow/example_dags/example_sensors.py for tasks to queue
[2024-01-23T22:30:46.548+0000] {logging_mixin.py:137} INFO - [2024-01-23T22:30:46.548+0000] {dagbag.py:538} INFO - Filling up the DagBag from /home/airflow/.local/lib/python3.7/site-packages/airflow/example_dags/example_sensors.py
[2024-01-23T22:30:46.568+0000] {processor.py:753} INFO - DAG(s) dict_keys(['example_sensors']) retrieved from /home/airflow/.local/lib/python3.7/site-packages/airflow/example_dags/example_sensors.py
[2024-01-23T22:30:46.623+0000] {logging_mixin.py:137} INFO - [2024-01-23T22:30:46.622+0000] {dag.py:2676} INFO - Sync 1 DAGs
[2024-01-23T22:30:46.656+0000] {logging_mixin.py:137} INFO - [2024-01-23T22:30:46.656+0000] {dag.py:3427} INFO - Setting next_dagrun for example_sensors to None, run_after=None
[2024-01-23T22:30:46.680+0000] {processor.py:175} INFO - Processing /home/airflow/.local/lib/python3.7/site-packages/airflow/example_dags/example_sensors.py took 0.137 seconds
[2024-01-23T22:31:16.885+0000] {processor.py:153} INFO - Started process (PID=5591) to work on /home/airflow/.local/lib/python3.7/site-packages/airflow/example_dags/example_sensors.py
[2024-01-23T22:31:16.886+0000] {processor.py:743} INFO - Processing file /home/airflow/.local/lib/python3.7/site-packages/airflow/example_dags/example_sensors.py for tasks to queue
[2024-01-23T22:31:16.887+0000] {logging_mixin.py:137} INFO - [2024-01-23T22:31:16.887+0000] {dagbag.py:538} INFO - Filling up the DagBag from /home/airflow/.local/lib/python3.7/site-packages/airflow/example_dags/example_sensors.py
[2024-01-23T22:31:16.911+0000] {processor.py:753} INFO - DAG(s) dict_keys(['example_sensors']) retrieved from /home/airflow/.local/lib/python3.7/site-packages/airflow/example_dags/example_sensors.py
[2024-01-23T22:31:16.957+0000] {logging_mixin.py:137} INFO - [2024-01-23T22:31:16.956+0000] {dag.py:2676} INFO - Sync 1 DAGs
[2024-01-23T22:31:16.982+0000] {logging_mixin.py:137} INFO - [2024-01-23T22:31:16.982+0000] {dag.py:3427} INFO - Setting next_dagrun for example_sensors to None, run_after=None
[2024-01-23T22:31:17.003+0000] {processor.py:175} INFO - Processing /home/airflow/.local/lib/python3.7/site-packages/airflow/example_dags/example_sensors.py took 0.121 seconds
[2024-01-23T22:31:47.086+0000] {processor.py:153} INFO - Started process (PID=5672) to work on /home/airflow/.local/lib/python3.7/site-packages/airflow/example_dags/example_sensors.py
[2024-01-23T22:31:47.087+0000] {processor.py:743} INFO - Processing file /home/airflow/.local/lib/python3.7/site-packages/airflow/example_dags/example_sensors.py for tasks to queue
[2024-01-23T22:31:47.088+0000] {logging_mixin.py:137} INFO - [2024-01-23T22:31:47.088+0000] {dagbag.py:538} INFO - Filling up the DagBag from /home/airflow/.local/lib/python3.7/site-packages/airflow/example_dags/example_sensors.py
[2024-01-23T22:31:47.112+0000] {processor.py:753} INFO - DAG(s) dict_keys(['example_sensors']) retrieved from /home/airflow/.local/lib/python3.7/site-packages/airflow/example_dags/example_sensors.py
[2024-01-23T22:31:47.158+0000] {logging_mixin.py:137} INFO - [2024-01-23T22:31:47.158+0000] {dag.py:2676} INFO - Sync 1 DAGs
[2024-01-23T22:31:47.188+0000] {logging_mixin.py:137} INFO - [2024-01-23T22:31:47.188+0000] {dag.py:3427} INFO - Setting next_dagrun for example_sensors to None, run_after=None
[2024-01-23T22:31:47.210+0000] {processor.py:175} INFO - Processing /home/airflow/.local/lib/python3.7/site-packages/airflow/example_dags/example_sensors.py took 0.126 seconds
