[2024-01-23T21:50:40.928+0000] {processor.py:153} INFO - Started process (PID=78) to work on /home/airflow/.local/lib/python3.7/site-packages/airflow/example_dags/example_xcom.py
[2024-01-23T21:50:40.929+0000] {processor.py:743} INFO - Processing file /home/airflow/.local/lib/python3.7/site-packages/airflow/example_dags/example_xcom.py for tasks to queue
[2024-01-23T21:50:40.929+0000] {logging_mixin.py:137} INFO - [2024-01-23T21:50:40.929+0000] {dagbag.py:538} INFO - Filling up the DagBag from /home/airflow/.local/lib/python3.7/site-packages/airflow/example_dags/example_xcom.py
[2024-01-23T21:50:40.964+0000] {processor.py:753} INFO - DAG(s) dict_keys(['example_xcom']) retrieved from /home/airflow/.local/lib/python3.7/site-packages/airflow/example_dags/example_xcom.py
[2024-01-23T21:50:41.080+0000] {logging_mixin.py:137} INFO - [2024-01-23T21:50:41.080+0000] {dag.py:2676} INFO - Sync 1 DAGs
[2024-01-23T21:50:41.162+0000] {logging_mixin.py:137} INFO - [2024-01-23T21:50:41.155+0000] {dag.py:3427} INFO - Setting next_dagrun for example_xcom to 2021-01-01T00:00:00+00:00, run_after=2021-01-01T00:00:00+00:00
[2024-01-23T21:50:41.250+0000] {processor.py:175} INFO - Processing /home/airflow/.local/lib/python3.7/site-packages/airflow/example_dags/example_xcom.py took 0.325 seconds
[2024-01-23T21:51:11.923+0000] {processor.py:153} INFO - Started process (PID=158) to work on /home/airflow/.local/lib/python3.7/site-packages/airflow/example_dags/example_xcom.py
[2024-01-23T21:51:11.924+0000] {processor.py:743} INFO - Processing file /home/airflow/.local/lib/python3.7/site-packages/airflow/example_dags/example_xcom.py for tasks to queue
[2024-01-23T21:51:11.925+0000] {logging_mixin.py:137} INFO - [2024-01-23T21:51:11.925+0000] {dagbag.py:538} INFO - Filling up the DagBag from /home/airflow/.local/lib/python3.7/site-packages/airflow/example_dags/example_xcom.py
[2024-01-23T21:51:11.954+0000] {processor.py:753} INFO - DAG(s) dict_keys(['example_xcom']) retrieved from /home/airflow/.local/lib/python3.7/site-packages/airflow/example_dags/example_xcom.py
[2024-01-23T21:51:11.995+0000] {logging_mixin.py:137} INFO - [2024-01-23T21:51:11.995+0000] {dag.py:2676} INFO - Sync 1 DAGs
[2024-01-23T21:51:12.024+0000] {logging_mixin.py:137} INFO - [2024-01-23T21:51:12.023+0000] {dag.py:3427} INFO - Setting next_dagrun for example_xcom to 2021-01-01T00:00:00+00:00, run_after=2021-01-01T00:00:00+00:00
[2024-01-23T21:51:12.045+0000] {processor.py:175} INFO - Processing /home/airflow/.local/lib/python3.7/site-packages/airflow/example_dags/example_xcom.py took 0.124 seconds
[2024-01-23T21:51:42.648+0000] {processor.py:153} INFO - Started process (PID=258) to work on /home/airflow/.local/lib/python3.7/site-packages/airflow/example_dags/example_xcom.py
[2024-01-23T21:51:42.648+0000] {processor.py:743} INFO - Processing file /home/airflow/.local/lib/python3.7/site-packages/airflow/example_dags/example_xcom.py for tasks to queue
[2024-01-23T21:51:42.649+0000] {logging_mixin.py:137} INFO - [2024-01-23T21:51:42.649+0000] {dagbag.py:538} INFO - Filling up the DagBag from /home/airflow/.local/lib/python3.7/site-packages/airflow/example_dags/example_xcom.py
[2024-01-23T21:51:42.677+0000] {processor.py:753} INFO - DAG(s) dict_keys(['example_xcom']) retrieved from /home/airflow/.local/lib/python3.7/site-packages/airflow/example_dags/example_xcom.py
[2024-01-23T21:51:42.717+0000] {logging_mixin.py:137} INFO - [2024-01-23T21:51:42.717+0000] {dag.py:2676} INFO - Sync 1 DAGs
[2024-01-23T21:51:42.749+0000] {logging_mixin.py:137} INFO - [2024-01-23T21:51:42.749+0000] {dag.py:3427} INFO - Setting next_dagrun for example_xcom to 2021-01-01T00:00:00+00:00, run_after=2021-01-01T00:00:00+00:00
[2024-01-23T21:51:42.776+0000] {processor.py:175} INFO - Processing /home/airflow/.local/lib/python3.7/site-packages/airflow/example_dags/example_xcom.py took 0.131 seconds
[2024-01-23T21:52:13.102+0000] {processor.py:153} INFO - Started process (PID=338) to work on /home/airflow/.local/lib/python3.7/site-packages/airflow/example_dags/example_xcom.py
[2024-01-23T21:52:13.102+0000] {processor.py:743} INFO - Processing file /home/airflow/.local/lib/python3.7/site-packages/airflow/example_dags/example_xcom.py for tasks to queue
[2024-01-23T21:52:13.103+0000] {logging_mixin.py:137} INFO - [2024-01-23T21:52:13.103+0000] {dagbag.py:538} INFO - Filling up the DagBag from /home/airflow/.local/lib/python3.7/site-packages/airflow/example_dags/example_xcom.py
[2024-01-23T21:52:13.130+0000] {processor.py:753} INFO - DAG(s) dict_keys(['example_xcom']) retrieved from /home/airflow/.local/lib/python3.7/site-packages/airflow/example_dags/example_xcom.py
[2024-01-23T21:52:13.171+0000] {logging_mixin.py:137} INFO - [2024-01-23T21:52:13.171+0000] {dag.py:2676} INFO - Sync 1 DAGs
[2024-01-23T21:52:13.201+0000] {logging_mixin.py:137} INFO - [2024-01-23T21:52:13.200+0000] {dag.py:3427} INFO - Setting next_dagrun for example_xcom to 2021-01-01T00:00:00+00:00, run_after=2021-01-01T00:00:00+00:00
[2024-01-23T21:52:13.223+0000] {processor.py:175} INFO - Processing /home/airflow/.local/lib/python3.7/site-packages/airflow/example_dags/example_xcom.py took 0.124 seconds
[2024-01-23T21:52:43.469+0000] {processor.py:153} INFO - Started process (PID=418) to work on /home/airflow/.local/lib/python3.7/site-packages/airflow/example_dags/example_xcom.py
[2024-01-23T21:52:43.470+0000] {processor.py:743} INFO - Processing file /home/airflow/.local/lib/python3.7/site-packages/airflow/example_dags/example_xcom.py for tasks to queue
[2024-01-23T21:52:43.471+0000] {logging_mixin.py:137} INFO - [2024-01-23T21:52:43.471+0000] {dagbag.py:538} INFO - Filling up the DagBag from /home/airflow/.local/lib/python3.7/site-packages/airflow/example_dags/example_xcom.py
[2024-01-23T21:52:43.499+0000] {processor.py:753} INFO - DAG(s) dict_keys(['example_xcom']) retrieved from /home/airflow/.local/lib/python3.7/site-packages/airflow/example_dags/example_xcom.py
[2024-01-23T21:52:43.543+0000] {logging_mixin.py:137} INFO - [2024-01-23T21:52:43.543+0000] {dag.py:2676} INFO - Sync 1 DAGs
[2024-01-23T21:52:43.579+0000] {logging_mixin.py:137} INFO - [2024-01-23T21:52:43.578+0000] {dag.py:3427} INFO - Setting next_dagrun for example_xcom to 2021-01-01T00:00:00+00:00, run_after=2021-01-01T00:00:00+00:00
[2024-01-23T21:52:43.601+0000] {processor.py:175} INFO - Processing /home/airflow/.local/lib/python3.7/site-packages/airflow/example_dags/example_xcom.py took 0.134 seconds
[2024-01-23T21:53:14.395+0000] {processor.py:153} INFO - Started process (PID=518) to work on /home/airflow/.local/lib/python3.7/site-packages/airflow/example_dags/example_xcom.py
[2024-01-23T21:53:14.396+0000] {processor.py:743} INFO - Processing file /home/airflow/.local/lib/python3.7/site-packages/airflow/example_dags/example_xcom.py for tasks to queue
[2024-01-23T21:53:14.396+0000] {logging_mixin.py:137} INFO - [2024-01-23T21:53:14.396+0000] {dagbag.py:538} INFO - Filling up the DagBag from /home/airflow/.local/lib/python3.7/site-packages/airflow/example_dags/example_xcom.py
[2024-01-23T21:53:14.421+0000] {processor.py:753} INFO - DAG(s) dict_keys(['example_xcom']) retrieved from /home/airflow/.local/lib/python3.7/site-packages/airflow/example_dags/example_xcom.py
[2024-01-23T21:53:14.467+0000] {logging_mixin.py:137} INFO - [2024-01-23T21:53:14.467+0000] {dag.py:2676} INFO - Sync 1 DAGs
[2024-01-23T21:53:14.504+0000] {logging_mixin.py:137} INFO - [2024-01-23T21:53:14.504+0000] {dag.py:3427} INFO - Setting next_dagrun for example_xcom to 2021-01-01T00:00:00+00:00, run_after=2021-01-01T00:00:00+00:00
[2024-01-23T21:53:14.530+0000] {processor.py:175} INFO - Processing /home/airflow/.local/lib/python3.7/site-packages/airflow/example_dags/example_xcom.py took 0.138 seconds
[2024-01-23T21:53:45.172+0000] {processor.py:153} INFO - Started process (PID=598) to work on /home/airflow/.local/lib/python3.7/site-packages/airflow/example_dags/example_xcom.py
[2024-01-23T21:53:45.173+0000] {processor.py:743} INFO - Processing file /home/airflow/.local/lib/python3.7/site-packages/airflow/example_dags/example_xcom.py for tasks to queue
[2024-01-23T21:53:45.173+0000] {logging_mixin.py:137} INFO - [2024-01-23T21:53:45.173+0000] {dagbag.py:538} INFO - Filling up the DagBag from /home/airflow/.local/lib/python3.7/site-packages/airflow/example_dags/example_xcom.py
[2024-01-23T21:53:45.199+0000] {processor.py:753} INFO - DAG(s) dict_keys(['example_xcom']) retrieved from /home/airflow/.local/lib/python3.7/site-packages/airflow/example_dags/example_xcom.py
[2024-01-23T21:53:45.241+0000] {logging_mixin.py:137} INFO - [2024-01-23T21:53:45.241+0000] {dag.py:2676} INFO - Sync 1 DAGs
[2024-01-23T21:53:45.269+0000] {logging_mixin.py:137} INFO - [2024-01-23T21:53:45.269+0000] {dag.py:3427} INFO - Setting next_dagrun for example_xcom to 2021-01-01T00:00:00+00:00, run_after=2021-01-01T00:00:00+00:00
[2024-01-23T21:53:45.289+0000] {processor.py:175} INFO - Processing /home/airflow/.local/lib/python3.7/site-packages/airflow/example_dags/example_xcom.py took 0.119 seconds
[2024-01-23T21:59:16.422+0000] {processor.py:153} INFO - Started process (PID=78) to work on /home/airflow/.local/lib/python3.7/site-packages/airflow/example_dags/example_xcom.py
[2024-01-23T21:59:16.423+0000] {processor.py:743} INFO - Processing file /home/airflow/.local/lib/python3.7/site-packages/airflow/example_dags/example_xcom.py for tasks to queue
[2024-01-23T21:59:16.424+0000] {logging_mixin.py:137} INFO - [2024-01-23T21:59:16.424+0000] {dagbag.py:538} INFO - Filling up the DagBag from /home/airflow/.local/lib/python3.7/site-packages/airflow/example_dags/example_xcom.py
[2024-01-23T21:59:16.456+0000] {processor.py:753} INFO - DAG(s) dict_keys(['example_xcom']) retrieved from /home/airflow/.local/lib/python3.7/site-packages/airflow/example_dags/example_xcom.py
[2024-01-23T21:59:16.521+0000] {logging_mixin.py:137} INFO - [2024-01-23T21:59:16.520+0000] {dag.py:2676} INFO - Sync 1 DAGs
[2024-01-23T21:59:16.571+0000] {logging_mixin.py:137} INFO - [2024-01-23T21:59:16.571+0000] {dag.py:3427} INFO - Setting next_dagrun for example_xcom to 2021-01-01T00:00:00+00:00, run_after=2021-01-01T00:00:00+00:00
[2024-01-23T21:59:16.613+0000] {processor.py:175} INFO - Processing /home/airflow/.local/lib/python3.7/site-packages/airflow/example_dags/example_xcom.py took 0.193 seconds
[2024-01-23T21:59:47.127+0000] {processor.py:153} INFO - Started process (PID=158) to work on /home/airflow/.local/lib/python3.7/site-packages/airflow/example_dags/example_xcom.py
[2024-01-23T21:59:47.129+0000] {processor.py:743} INFO - Processing file /home/airflow/.local/lib/python3.7/site-packages/airflow/example_dags/example_xcom.py for tasks to queue
[2024-01-23T21:59:47.129+0000] {logging_mixin.py:137} INFO - [2024-01-23T21:59:47.129+0000] {dagbag.py:538} INFO - Filling up the DagBag from /home/airflow/.local/lib/python3.7/site-packages/airflow/example_dags/example_xcom.py
[2024-01-23T21:59:47.156+0000] {processor.py:753} INFO - DAG(s) dict_keys(['example_xcom']) retrieved from /home/airflow/.local/lib/python3.7/site-packages/airflow/example_dags/example_xcom.py
[2024-01-23T21:59:47.196+0000] {logging_mixin.py:137} INFO - [2024-01-23T21:59:47.195+0000] {dag.py:2676} INFO - Sync 1 DAGs
[2024-01-23T21:59:47.220+0000] {logging_mixin.py:137} INFO - [2024-01-23T21:59:47.220+0000] {dag.py:3427} INFO - Setting next_dagrun for example_xcom to 2021-01-01T00:00:00+00:00, run_after=2021-01-01T00:00:00+00:00
[2024-01-23T21:59:47.240+0000] {processor.py:175} INFO - Processing /home/airflow/.local/lib/python3.7/site-packages/airflow/example_dags/example_xcom.py took 0.116 seconds
[2024-01-23T22:00:17.984+0000] {processor.py:153} INFO - Started process (PID=258) to work on /home/airflow/.local/lib/python3.7/site-packages/airflow/example_dags/example_xcom.py
[2024-01-23T22:00:17.985+0000] {processor.py:743} INFO - Processing file /home/airflow/.local/lib/python3.7/site-packages/airflow/example_dags/example_xcom.py for tasks to queue
[2024-01-23T22:00:17.987+0000] {logging_mixin.py:137} INFO - [2024-01-23T22:00:17.986+0000] {dagbag.py:538} INFO - Filling up the DagBag from /home/airflow/.local/lib/python3.7/site-packages/airflow/example_dags/example_xcom.py
[2024-01-23T22:00:18.018+0000] {processor.py:753} INFO - DAG(s) dict_keys(['example_xcom']) retrieved from /home/airflow/.local/lib/python3.7/site-packages/airflow/example_dags/example_xcom.py
[2024-01-23T22:00:18.069+0000] {logging_mixin.py:137} INFO - [2024-01-23T22:00:18.069+0000] {dag.py:2676} INFO - Sync 1 DAGs
[2024-01-23T22:00:18.103+0000] {logging_mixin.py:137} INFO - [2024-01-23T22:00:18.102+0000] {dag.py:3427} INFO - Setting next_dagrun for example_xcom to 2021-01-01T00:00:00+00:00, run_after=2021-01-01T00:00:00+00:00
[2024-01-23T22:00:18.130+0000] {processor.py:175} INFO - Processing /home/airflow/.local/lib/python3.7/site-packages/airflow/example_dags/example_xcom.py took 0.148 seconds
[2024-01-23T22:00:48.306+0000] {processor.py:153} INFO - Started process (PID=338) to work on /home/airflow/.local/lib/python3.7/site-packages/airflow/example_dags/example_xcom.py
[2024-01-23T22:00:48.307+0000] {processor.py:743} INFO - Processing file /home/airflow/.local/lib/python3.7/site-packages/airflow/example_dags/example_xcom.py for tasks to queue
[2024-01-23T22:00:48.308+0000] {logging_mixin.py:137} INFO - [2024-01-23T22:00:48.308+0000] {dagbag.py:538} INFO - Filling up the DagBag from /home/airflow/.local/lib/python3.7/site-packages/airflow/example_dags/example_xcom.py
[2024-01-23T22:00:48.339+0000] {processor.py:753} INFO - DAG(s) dict_keys(['example_xcom']) retrieved from /home/airflow/.local/lib/python3.7/site-packages/airflow/example_dags/example_xcom.py
[2024-01-23T22:00:48.382+0000] {logging_mixin.py:137} INFO - [2024-01-23T22:00:48.382+0000] {dag.py:2676} INFO - Sync 1 DAGs
[2024-01-23T22:00:48.408+0000] {logging_mixin.py:137} INFO - [2024-01-23T22:00:48.407+0000] {dag.py:3427} INFO - Setting next_dagrun for example_xcom to 2021-01-01T00:00:00+00:00, run_after=2021-01-01T00:00:00+00:00
[2024-01-23T22:00:48.428+0000] {processor.py:175} INFO - Processing /home/airflow/.local/lib/python3.7/site-packages/airflow/example_dags/example_xcom.py took 0.125 seconds
[2024-01-23T22:01:19.360+0000] {processor.py:153} INFO - Started process (PID=418) to work on /home/airflow/.local/lib/python3.7/site-packages/airflow/example_dags/example_xcom.py
[2024-01-23T22:01:19.361+0000] {processor.py:743} INFO - Processing file /home/airflow/.local/lib/python3.7/site-packages/airflow/example_dags/example_xcom.py for tasks to queue
[2024-01-23T22:01:19.362+0000] {logging_mixin.py:137} INFO - [2024-01-23T22:01:19.362+0000] {dagbag.py:538} INFO - Filling up the DagBag from /home/airflow/.local/lib/python3.7/site-packages/airflow/example_dags/example_xcom.py
[2024-01-23T22:01:19.390+0000] {processor.py:753} INFO - DAG(s) dict_keys(['example_xcom']) retrieved from /home/airflow/.local/lib/python3.7/site-packages/airflow/example_dags/example_xcom.py
[2024-01-23T22:01:19.426+0000] {logging_mixin.py:137} INFO - [2024-01-23T22:01:19.426+0000] {dag.py:2676} INFO - Sync 1 DAGs
[2024-01-23T22:01:19.457+0000] {logging_mixin.py:137} INFO - [2024-01-23T22:01:19.456+0000] {dag.py:3427} INFO - Setting next_dagrun for example_xcom to 2021-01-01T00:00:00+00:00, run_after=2021-01-01T00:00:00+00:00
[2024-01-23T22:01:19.482+0000] {processor.py:175} INFO - Processing /home/airflow/.local/lib/python3.7/site-packages/airflow/example_dags/example_xcom.py took 0.125 seconds
[2024-01-23T22:01:49.837+0000] {processor.py:153} INFO - Started process (PID=518) to work on /home/airflow/.local/lib/python3.7/site-packages/airflow/example_dags/example_xcom.py
[2024-01-23T22:01:49.838+0000] {processor.py:743} INFO - Processing file /home/airflow/.local/lib/python3.7/site-packages/airflow/example_dags/example_xcom.py for tasks to queue
[2024-01-23T22:01:49.838+0000] {logging_mixin.py:137} INFO - [2024-01-23T22:01:49.838+0000] {dagbag.py:538} INFO - Filling up the DagBag from /home/airflow/.local/lib/python3.7/site-packages/airflow/example_dags/example_xcom.py
[2024-01-23T22:01:49.864+0000] {processor.py:753} INFO - DAG(s) dict_keys(['example_xcom']) retrieved from /home/airflow/.local/lib/python3.7/site-packages/airflow/example_dags/example_xcom.py
[2024-01-23T22:01:49.903+0000] {logging_mixin.py:137} INFO - [2024-01-23T22:01:49.903+0000] {dag.py:2676} INFO - Sync 1 DAGs
[2024-01-23T22:01:49.938+0000] {logging_mixin.py:137} INFO - [2024-01-23T22:01:49.938+0000] {dag.py:3427} INFO - Setting next_dagrun for example_xcom to 2021-01-01T00:00:00+00:00, run_after=2021-01-01T00:00:00+00:00
[2024-01-23T22:01:49.959+0000] {processor.py:175} INFO - Processing /home/airflow/.local/lib/python3.7/site-packages/airflow/example_dags/example_xcom.py took 0.125 seconds
[2024-01-23T22:02:20.181+0000] {processor.py:153} INFO - Started process (PID=598) to work on /home/airflow/.local/lib/python3.7/site-packages/airflow/example_dags/example_xcom.py
[2024-01-23T22:02:20.182+0000] {processor.py:743} INFO - Processing file /home/airflow/.local/lib/python3.7/site-packages/airflow/example_dags/example_xcom.py for tasks to queue
[2024-01-23T22:02:20.183+0000] {logging_mixin.py:137} INFO - [2024-01-23T22:02:20.183+0000] {dagbag.py:538} INFO - Filling up the DagBag from /home/airflow/.local/lib/python3.7/site-packages/airflow/example_dags/example_xcom.py
[2024-01-23T22:02:20.211+0000] {processor.py:753} INFO - DAG(s) dict_keys(['example_xcom']) retrieved from /home/airflow/.local/lib/python3.7/site-packages/airflow/example_dags/example_xcom.py
[2024-01-23T22:02:20.258+0000] {logging_mixin.py:137} INFO - [2024-01-23T22:02:20.258+0000] {dag.py:2676} INFO - Sync 1 DAGs
[2024-01-23T22:02:20.291+0000] {logging_mixin.py:137} INFO - [2024-01-23T22:02:20.291+0000] {dag.py:3427} INFO - Setting next_dagrun for example_xcom to 2021-01-01T00:00:00+00:00, run_after=2021-01-01T00:00:00+00:00
[2024-01-23T22:02:20.314+0000] {processor.py:175} INFO - Processing /home/airflow/.local/lib/python3.7/site-packages/airflow/example_dags/example_xcom.py took 0.135 seconds
[2024-01-23T22:02:50.384+0000] {processor.py:153} INFO - Started process (PID=678) to work on /home/airflow/.local/lib/python3.7/site-packages/airflow/example_dags/example_xcom.py
[2024-01-23T22:02:50.384+0000] {processor.py:743} INFO - Processing file /home/airflow/.local/lib/python3.7/site-packages/airflow/example_dags/example_xcom.py for tasks to queue
[2024-01-23T22:02:50.385+0000] {logging_mixin.py:137} INFO - [2024-01-23T22:02:50.385+0000] {dagbag.py:538} INFO - Filling up the DagBag from /home/airflow/.local/lib/python3.7/site-packages/airflow/example_dags/example_xcom.py
[2024-01-23T22:02:50.411+0000] {processor.py:753} INFO - DAG(s) dict_keys(['example_xcom']) retrieved from /home/airflow/.local/lib/python3.7/site-packages/airflow/example_dags/example_xcom.py
[2024-01-23T22:02:50.456+0000] {logging_mixin.py:137} INFO - [2024-01-23T22:02:50.456+0000] {dag.py:2676} INFO - Sync 1 DAGs
[2024-01-23T22:02:50.485+0000] {logging_mixin.py:137} INFO - [2024-01-23T22:02:50.485+0000] {dag.py:3427} INFO - Setting next_dagrun for example_xcom to 2021-01-01T00:00:00+00:00, run_after=2021-01-01T00:00:00+00:00
[2024-01-23T22:02:50.510+0000] {processor.py:175} INFO - Processing /home/airflow/.local/lib/python3.7/site-packages/airflow/example_dags/example_xcom.py took 0.128 seconds
[2024-01-23T22:03:20.703+0000] {processor.py:153} INFO - Started process (PID=778) to work on /home/airflow/.local/lib/python3.7/site-packages/airflow/example_dags/example_xcom.py
[2024-01-23T22:03:20.704+0000] {processor.py:743} INFO - Processing file /home/airflow/.local/lib/python3.7/site-packages/airflow/example_dags/example_xcom.py for tasks to queue
[2024-01-23T22:03:20.705+0000] {logging_mixin.py:137} INFO - [2024-01-23T22:03:20.705+0000] {dagbag.py:538} INFO - Filling up the DagBag from /home/airflow/.local/lib/python3.7/site-packages/airflow/example_dags/example_xcom.py
[2024-01-23T22:03:20.737+0000] {processor.py:753} INFO - DAG(s) dict_keys(['example_xcom']) retrieved from /home/airflow/.local/lib/python3.7/site-packages/airflow/example_dags/example_xcom.py
[2024-01-23T22:03:20.789+0000] {logging_mixin.py:137} INFO - [2024-01-23T22:03:20.789+0000] {dag.py:2676} INFO - Sync 1 DAGs
[2024-01-23T22:03:20.822+0000] {logging_mixin.py:137} INFO - [2024-01-23T22:03:20.822+0000] {dag.py:3427} INFO - Setting next_dagrun for example_xcom to 2021-01-01T00:00:00+00:00, run_after=2021-01-01T00:00:00+00:00
[2024-01-23T22:03:20.847+0000] {processor.py:175} INFO - Processing /home/airflow/.local/lib/python3.7/site-packages/airflow/example_dags/example_xcom.py took 0.147 seconds
[2024-01-23T22:03:51.098+0000] {processor.py:153} INFO - Started process (PID=858) to work on /home/airflow/.local/lib/python3.7/site-packages/airflow/example_dags/example_xcom.py
[2024-01-23T22:03:51.098+0000] {processor.py:743} INFO - Processing file /home/airflow/.local/lib/python3.7/site-packages/airflow/example_dags/example_xcom.py for tasks to queue
[2024-01-23T22:03:51.099+0000] {logging_mixin.py:137} INFO - [2024-01-23T22:03:51.099+0000] {dagbag.py:538} INFO - Filling up the DagBag from /home/airflow/.local/lib/python3.7/site-packages/airflow/example_dags/example_xcom.py
[2024-01-23T22:03:51.127+0000] {processor.py:753} INFO - DAG(s) dict_keys(['example_xcom']) retrieved from /home/airflow/.local/lib/python3.7/site-packages/airflow/example_dags/example_xcom.py
[2024-01-23T22:03:51.167+0000] {logging_mixin.py:137} INFO - [2024-01-23T22:03:51.167+0000] {dag.py:2676} INFO - Sync 1 DAGs
[2024-01-23T22:03:51.202+0000] {logging_mixin.py:137} INFO - [2024-01-23T22:03:51.201+0000] {dag.py:3427} INFO - Setting next_dagrun for example_xcom to 2021-01-01T00:00:00+00:00, run_after=2021-01-01T00:00:00+00:00
[2024-01-23T22:03:51.225+0000] {processor.py:175} INFO - Processing /home/airflow/.local/lib/python3.7/site-packages/airflow/example_dags/example_xcom.py took 0.130 seconds
[2024-01-23T22:04:21.394+0000] {processor.py:153} INFO - Started process (PID=938) to work on /home/airflow/.local/lib/python3.7/site-packages/airflow/example_dags/example_xcom.py
[2024-01-23T22:04:21.395+0000] {processor.py:743} INFO - Processing file /home/airflow/.local/lib/python3.7/site-packages/airflow/example_dags/example_xcom.py for tasks to queue
[2024-01-23T22:04:21.396+0000] {logging_mixin.py:137} INFO - [2024-01-23T22:04:21.396+0000] {dagbag.py:538} INFO - Filling up the DagBag from /home/airflow/.local/lib/python3.7/site-packages/airflow/example_dags/example_xcom.py
[2024-01-23T22:04:21.425+0000] {processor.py:753} INFO - DAG(s) dict_keys(['example_xcom']) retrieved from /home/airflow/.local/lib/python3.7/site-packages/airflow/example_dags/example_xcom.py
[2024-01-23T22:04:21.464+0000] {logging_mixin.py:137} INFO - [2024-01-23T22:04:21.464+0000] {dag.py:2676} INFO - Sync 1 DAGs
[2024-01-23T22:04:21.493+0000] {logging_mixin.py:137} INFO - [2024-01-23T22:04:21.493+0000] {dag.py:3427} INFO - Setting next_dagrun for example_xcom to 2021-01-01T00:00:00+00:00, run_after=2021-01-01T00:00:00+00:00
[2024-01-23T22:04:21.516+0000] {processor.py:175} INFO - Processing /home/airflow/.local/lib/python3.7/site-packages/airflow/example_dags/example_xcom.py took 0.124 seconds
[2024-01-23T22:04:52.200+0000] {processor.py:153} INFO - Started process (PID=1038) to work on /home/airflow/.local/lib/python3.7/site-packages/airflow/example_dags/example_xcom.py
[2024-01-23T22:04:52.201+0000] {processor.py:743} INFO - Processing file /home/airflow/.local/lib/python3.7/site-packages/airflow/example_dags/example_xcom.py for tasks to queue
[2024-01-23T22:04:52.202+0000] {logging_mixin.py:137} INFO - [2024-01-23T22:04:52.202+0000] {dagbag.py:538} INFO - Filling up the DagBag from /home/airflow/.local/lib/python3.7/site-packages/airflow/example_dags/example_xcom.py
[2024-01-23T22:04:52.229+0000] {processor.py:753} INFO - DAG(s) dict_keys(['example_xcom']) retrieved from /home/airflow/.local/lib/python3.7/site-packages/airflow/example_dags/example_xcom.py
[2024-01-23T22:04:52.263+0000] {logging_mixin.py:137} INFO - [2024-01-23T22:04:52.263+0000] {dag.py:2676} INFO - Sync 1 DAGs
[2024-01-23T22:04:52.291+0000] {logging_mixin.py:137} INFO - [2024-01-23T22:04:52.291+0000] {dag.py:3427} INFO - Setting next_dagrun for example_xcom to 2021-01-01T00:00:00+00:00, run_after=2021-01-01T00:00:00+00:00
[2024-01-23T22:04:52.313+0000] {processor.py:175} INFO - Processing /home/airflow/.local/lib/python3.7/site-packages/airflow/example_dags/example_xcom.py took 0.115 seconds
[2024-01-23T22:05:22.618+0000] {processor.py:153} INFO - Started process (PID=1118) to work on /home/airflow/.local/lib/python3.7/site-packages/airflow/example_dags/example_xcom.py
[2024-01-23T22:05:22.619+0000] {processor.py:743} INFO - Processing file /home/airflow/.local/lib/python3.7/site-packages/airflow/example_dags/example_xcom.py for tasks to queue
[2024-01-23T22:05:22.619+0000] {logging_mixin.py:137} INFO - [2024-01-23T22:05:22.619+0000] {dagbag.py:538} INFO - Filling up the DagBag from /home/airflow/.local/lib/python3.7/site-packages/airflow/example_dags/example_xcom.py
[2024-01-23T22:05:22.647+0000] {processor.py:753} INFO - DAG(s) dict_keys(['example_xcom']) retrieved from /home/airflow/.local/lib/python3.7/site-packages/airflow/example_dags/example_xcom.py
[2024-01-23T22:05:22.683+0000] {logging_mixin.py:137} INFO - [2024-01-23T22:05:22.683+0000] {dag.py:2676} INFO - Sync 1 DAGs
[2024-01-23T22:05:22.714+0000] {logging_mixin.py:137} INFO - [2024-01-23T22:05:22.714+0000] {dag.py:3427} INFO - Setting next_dagrun for example_xcom to 2021-01-01T00:00:00+00:00, run_after=2021-01-01T00:00:00+00:00
[2024-01-23T22:05:22.739+0000] {processor.py:175} INFO - Processing /home/airflow/.local/lib/python3.7/site-packages/airflow/example_dags/example_xcom.py took 0.124 seconds
[2024-01-23T22:05:52.793+0000] {processor.py:153} INFO - Started process (PID=1198) to work on /home/airflow/.local/lib/python3.7/site-packages/airflow/example_dags/example_xcom.py
[2024-01-23T22:05:52.794+0000] {processor.py:743} INFO - Processing file /home/airflow/.local/lib/python3.7/site-packages/airflow/example_dags/example_xcom.py for tasks to queue
[2024-01-23T22:05:52.796+0000] {logging_mixin.py:137} INFO - [2024-01-23T22:05:52.795+0000] {dagbag.py:538} INFO - Filling up the DagBag from /home/airflow/.local/lib/python3.7/site-packages/airflow/example_dags/example_xcom.py
[2024-01-23T22:05:52.824+0000] {processor.py:753} INFO - DAG(s) dict_keys(['example_xcom']) retrieved from /home/airflow/.local/lib/python3.7/site-packages/airflow/example_dags/example_xcom.py
[2024-01-23T22:05:52.873+0000] {logging_mixin.py:137} INFO - [2024-01-23T22:05:52.873+0000] {dag.py:2676} INFO - Sync 1 DAGs
[2024-01-23T22:05:52.907+0000] {logging_mixin.py:137} INFO - [2024-01-23T22:05:52.907+0000] {dag.py:3427} INFO - Setting next_dagrun for example_xcom to 2021-01-01T00:00:00+00:00, run_after=2021-01-01T00:00:00+00:00
[2024-01-23T22:05:52.932+0000] {processor.py:175} INFO - Processing /home/airflow/.local/lib/python3.7/site-packages/airflow/example_dags/example_xcom.py took 0.141 seconds
[2024-01-23T22:06:23.313+0000] {processor.py:153} INFO - Started process (PID=1298) to work on /home/airflow/.local/lib/python3.7/site-packages/airflow/example_dags/example_xcom.py
[2024-01-23T22:06:23.314+0000] {processor.py:743} INFO - Processing file /home/airflow/.local/lib/python3.7/site-packages/airflow/example_dags/example_xcom.py for tasks to queue
[2024-01-23T22:06:23.315+0000] {logging_mixin.py:137} INFO - [2024-01-23T22:06:23.315+0000] {dagbag.py:538} INFO - Filling up the DagBag from /home/airflow/.local/lib/python3.7/site-packages/airflow/example_dags/example_xcom.py
[2024-01-23T22:06:23.340+0000] {processor.py:753} INFO - DAG(s) dict_keys(['example_xcom']) retrieved from /home/airflow/.local/lib/python3.7/site-packages/airflow/example_dags/example_xcom.py
[2024-01-23T22:06:23.377+0000] {logging_mixin.py:137} INFO - [2024-01-23T22:06:23.377+0000] {dag.py:2676} INFO - Sync 1 DAGs
[2024-01-23T22:06:23.404+0000] {logging_mixin.py:137} INFO - [2024-01-23T22:06:23.404+0000] {dag.py:3427} INFO - Setting next_dagrun for example_xcom to 2021-01-01T00:00:00+00:00, run_after=2021-01-01T00:00:00+00:00
[2024-01-23T22:06:23.429+0000] {processor.py:175} INFO - Processing /home/airflow/.local/lib/python3.7/site-packages/airflow/example_dags/example_xcom.py took 0.118 seconds
[2024-01-23T22:06:54.375+0000] {processor.py:153} INFO - Started process (PID=1378) to work on /home/airflow/.local/lib/python3.7/site-packages/airflow/example_dags/example_xcom.py
[2024-01-23T22:06:54.376+0000] {processor.py:743} INFO - Processing file /home/airflow/.local/lib/python3.7/site-packages/airflow/example_dags/example_xcom.py for tasks to queue
[2024-01-23T22:06:54.377+0000] {logging_mixin.py:137} INFO - [2024-01-23T22:06:54.377+0000] {dagbag.py:538} INFO - Filling up the DagBag from /home/airflow/.local/lib/python3.7/site-packages/airflow/example_dags/example_xcom.py
[2024-01-23T22:06:54.408+0000] {processor.py:753} INFO - DAG(s) dict_keys(['example_xcom']) retrieved from /home/airflow/.local/lib/python3.7/site-packages/airflow/example_dags/example_xcom.py
[2024-01-23T22:06:54.446+0000] {logging_mixin.py:137} INFO - [2024-01-23T22:06:54.445+0000] {dag.py:2676} INFO - Sync 1 DAGs
[2024-01-23T22:06:54.475+0000] {logging_mixin.py:137} INFO - [2024-01-23T22:06:54.475+0000] {dag.py:3427} INFO - Setting next_dagrun for example_xcom to 2021-01-01T00:00:00+00:00, run_after=2021-01-01T00:00:00+00:00
[2024-01-23T22:06:54.500+0000] {processor.py:175} INFO - Processing /home/airflow/.local/lib/python3.7/site-packages/airflow/example_dags/example_xcom.py took 0.127 seconds
[2024-01-23T22:07:24.776+0000] {processor.py:153} INFO - Started process (PID=1467) to work on /home/airflow/.local/lib/python3.7/site-packages/airflow/example_dags/example_xcom.py
[2024-01-23T22:07:24.777+0000] {processor.py:743} INFO - Processing file /home/airflow/.local/lib/python3.7/site-packages/airflow/example_dags/example_xcom.py for tasks to queue
[2024-01-23T22:07:24.777+0000] {logging_mixin.py:137} INFO - [2024-01-23T22:07:24.777+0000] {dagbag.py:538} INFO - Filling up the DagBag from /home/airflow/.local/lib/python3.7/site-packages/airflow/example_dags/example_xcom.py
[2024-01-23T22:07:24.804+0000] {processor.py:753} INFO - DAG(s) dict_keys(['example_xcom']) retrieved from /home/airflow/.local/lib/python3.7/site-packages/airflow/example_dags/example_xcom.py
[2024-01-23T22:07:24.850+0000] {logging_mixin.py:137} INFO - [2024-01-23T22:07:24.849+0000] {dag.py:2676} INFO - Sync 1 DAGs
[2024-01-23T22:07:24.887+0000] {logging_mixin.py:137} INFO - [2024-01-23T22:07:24.886+0000] {dag.py:3427} INFO - Setting next_dagrun for example_xcom to 2021-01-01T00:00:00+00:00, run_after=2021-01-01T00:00:00+00:00
[2024-01-23T22:07:24.913+0000] {processor.py:175} INFO - Processing /home/airflow/.local/lib/python3.7/site-packages/airflow/example_dags/example_xcom.py took 0.140 seconds
[2024-01-23T22:07:55.258+0000] {processor.py:153} INFO - Started process (PID=1558) to work on /home/airflow/.local/lib/python3.7/site-packages/airflow/example_dags/example_xcom.py
[2024-01-23T22:07:55.258+0000] {processor.py:743} INFO - Processing file /home/airflow/.local/lib/python3.7/site-packages/airflow/example_dags/example_xcom.py for tasks to queue
[2024-01-23T22:07:55.259+0000] {logging_mixin.py:137} INFO - [2024-01-23T22:07:55.259+0000] {dagbag.py:538} INFO - Filling up the DagBag from /home/airflow/.local/lib/python3.7/site-packages/airflow/example_dags/example_xcom.py
[2024-01-23T22:07:55.281+0000] {processor.py:753} INFO - DAG(s) dict_keys(['example_xcom']) retrieved from /home/airflow/.local/lib/python3.7/site-packages/airflow/example_dags/example_xcom.py
[2024-01-23T22:07:55.327+0000] {logging_mixin.py:137} INFO - [2024-01-23T22:07:55.327+0000] {dag.py:2676} INFO - Sync 1 DAGs
[2024-01-23T22:07:55.357+0000] {logging_mixin.py:137} INFO - [2024-01-23T22:07:55.357+0000] {dag.py:3427} INFO - Setting next_dagrun for example_xcom to 2021-01-01T00:00:00+00:00, run_after=2021-01-01T00:00:00+00:00
[2024-01-23T22:07:55.381+0000] {processor.py:175} INFO - Processing /home/airflow/.local/lib/python3.7/site-packages/airflow/example_dags/example_xcom.py took 0.126 seconds
[2024-01-23T22:08:25.427+0000] {processor.py:153} INFO - Started process (PID=1638) to work on /home/airflow/.local/lib/python3.7/site-packages/airflow/example_dags/example_xcom.py
[2024-01-23T22:08:25.428+0000] {processor.py:743} INFO - Processing file /home/airflow/.local/lib/python3.7/site-packages/airflow/example_dags/example_xcom.py for tasks to queue
[2024-01-23T22:08:25.429+0000] {logging_mixin.py:137} INFO - [2024-01-23T22:08:25.429+0000] {dagbag.py:538} INFO - Filling up the DagBag from /home/airflow/.local/lib/python3.7/site-packages/airflow/example_dags/example_xcom.py
[2024-01-23T22:08:25.456+0000] {processor.py:753} INFO - DAG(s) dict_keys(['example_xcom']) retrieved from /home/airflow/.local/lib/python3.7/site-packages/airflow/example_dags/example_xcom.py
[2024-01-23T22:08:25.495+0000] {logging_mixin.py:137} INFO - [2024-01-23T22:08:25.495+0000] {dag.py:2676} INFO - Sync 1 DAGs
[2024-01-23T22:08:25.523+0000] {logging_mixin.py:137} INFO - [2024-01-23T22:08:25.523+0000] {dag.py:3427} INFO - Setting next_dagrun for example_xcom to 2021-01-01T00:00:00+00:00, run_after=2021-01-01T00:00:00+00:00
[2024-01-23T22:08:25.541+0000] {processor.py:175} INFO - Processing /home/airflow/.local/lib/python3.7/site-packages/airflow/example_dags/example_xcom.py took 0.117 seconds
[2024-01-23T22:08:55.860+0000] {processor.py:153} INFO - Started process (PID=1738) to work on /home/airflow/.local/lib/python3.7/site-packages/airflow/example_dags/example_xcom.py
[2024-01-23T22:08:55.861+0000] {processor.py:743} INFO - Processing file /home/airflow/.local/lib/python3.7/site-packages/airflow/example_dags/example_xcom.py for tasks to queue
[2024-01-23T22:08:55.862+0000] {logging_mixin.py:137} INFO - [2024-01-23T22:08:55.861+0000] {dagbag.py:538} INFO - Filling up the DagBag from /home/airflow/.local/lib/python3.7/site-packages/airflow/example_dags/example_xcom.py
[2024-01-23T22:08:55.896+0000] {processor.py:753} INFO - DAG(s) dict_keys(['example_xcom']) retrieved from /home/airflow/.local/lib/python3.7/site-packages/airflow/example_dags/example_xcom.py
[2024-01-23T22:08:55.944+0000] {logging_mixin.py:137} INFO - [2024-01-23T22:08:55.944+0000] {dag.py:2676} INFO - Sync 1 DAGs
[2024-01-23T22:08:55.985+0000] {logging_mixin.py:137} INFO - [2024-01-23T22:08:55.985+0000] {dag.py:3427} INFO - Setting next_dagrun for example_xcom to 2021-01-01T00:00:00+00:00, run_after=2021-01-01T00:00:00+00:00
[2024-01-23T22:08:56.017+0000] {processor.py:175} INFO - Processing /home/airflow/.local/lib/python3.7/site-packages/airflow/example_dags/example_xcom.py took 0.160 seconds
[2024-01-23T22:09:26.848+0000] {processor.py:153} INFO - Started process (PID=1818) to work on /home/airflow/.local/lib/python3.7/site-packages/airflow/example_dags/example_xcom.py
[2024-01-23T22:09:26.849+0000] {processor.py:743} INFO - Processing file /home/airflow/.local/lib/python3.7/site-packages/airflow/example_dags/example_xcom.py for tasks to queue
[2024-01-23T22:09:26.850+0000] {logging_mixin.py:137} INFO - [2024-01-23T22:09:26.850+0000] {dagbag.py:538} INFO - Filling up the DagBag from /home/airflow/.local/lib/python3.7/site-packages/airflow/example_dags/example_xcom.py
[2024-01-23T22:09:26.873+0000] {processor.py:753} INFO - DAG(s) dict_keys(['example_xcom']) retrieved from /home/airflow/.local/lib/python3.7/site-packages/airflow/example_dags/example_xcom.py
[2024-01-23T22:09:26.917+0000] {logging_mixin.py:137} INFO - [2024-01-23T22:09:26.917+0000] {dag.py:2676} INFO - Sync 1 DAGs
[2024-01-23T22:09:26.944+0000] {logging_mixin.py:137} INFO - [2024-01-23T22:09:26.944+0000] {dag.py:3427} INFO - Setting next_dagrun for example_xcom to 2021-01-01T00:00:00+00:00, run_after=2021-01-01T00:00:00+00:00
[2024-01-23T22:09:26.967+0000] {processor.py:175} INFO - Processing /home/airflow/.local/lib/python3.7/site-packages/airflow/example_dags/example_xcom.py took 0.122 seconds
[2024-01-23T22:09:57.667+0000] {processor.py:153} INFO - Started process (PID=1898) to work on /home/airflow/.local/lib/python3.7/site-packages/airflow/example_dags/example_xcom.py
[2024-01-23T22:09:57.668+0000] {processor.py:743} INFO - Processing file /home/airflow/.local/lib/python3.7/site-packages/airflow/example_dags/example_xcom.py for tasks to queue
[2024-01-23T22:09:57.668+0000] {logging_mixin.py:137} INFO - [2024-01-23T22:09:57.668+0000] {dagbag.py:538} INFO - Filling up the DagBag from /home/airflow/.local/lib/python3.7/site-packages/airflow/example_dags/example_xcom.py
[2024-01-23T22:09:57.697+0000] {processor.py:753} INFO - DAG(s) dict_keys(['example_xcom']) retrieved from /home/airflow/.local/lib/python3.7/site-packages/airflow/example_dags/example_xcom.py
[2024-01-23T22:09:57.738+0000] {logging_mixin.py:137} INFO - [2024-01-23T22:09:57.738+0000] {dag.py:2676} INFO - Sync 1 DAGs
[2024-01-23T22:09:57.776+0000] {logging_mixin.py:137} INFO - [2024-01-23T22:09:57.776+0000] {dag.py:3427} INFO - Setting next_dagrun for example_xcom to 2021-01-01T00:00:00+00:00, run_after=2021-01-01T00:00:00+00:00
[2024-01-23T22:09:57.803+0000] {processor.py:175} INFO - Processing /home/airflow/.local/lib/python3.7/site-packages/airflow/example_dags/example_xcom.py took 0.138 seconds
[2024-01-23T22:10:27.983+0000] {processor.py:153} INFO - Started process (PID=1999) to work on /home/airflow/.local/lib/python3.7/site-packages/airflow/example_dags/example_xcom.py
[2024-01-23T22:10:27.984+0000] {processor.py:743} INFO - Processing file /home/airflow/.local/lib/python3.7/site-packages/airflow/example_dags/example_xcom.py for tasks to queue
[2024-01-23T22:10:27.985+0000] {logging_mixin.py:137} INFO - [2024-01-23T22:10:27.985+0000] {dagbag.py:538} INFO - Filling up the DagBag from /home/airflow/.local/lib/python3.7/site-packages/airflow/example_dags/example_xcom.py
[2024-01-23T22:10:28.012+0000] {processor.py:753} INFO - DAG(s) dict_keys(['example_xcom']) retrieved from /home/airflow/.local/lib/python3.7/site-packages/airflow/example_dags/example_xcom.py
[2024-01-23T22:10:28.061+0000] {logging_mixin.py:137} INFO - [2024-01-23T22:10:28.061+0000] {dag.py:2676} INFO - Sync 1 DAGs
[2024-01-23T22:10:28.096+0000] {logging_mixin.py:137} INFO - [2024-01-23T22:10:28.095+0000] {dag.py:3427} INFO - Setting next_dagrun for example_xcom to 2021-01-01T00:00:00+00:00, run_after=2021-01-01T00:00:00+00:00
[2024-01-23T22:10:28.123+0000] {processor.py:175} INFO - Processing /home/airflow/.local/lib/python3.7/site-packages/airflow/example_dags/example_xcom.py took 0.143 seconds
[2024-01-23T22:10:58.437+0000] {processor.py:153} INFO - Started process (PID=2078) to work on /home/airflow/.local/lib/python3.7/site-packages/airflow/example_dags/example_xcom.py
[2024-01-23T22:10:58.438+0000] {processor.py:743} INFO - Processing file /home/airflow/.local/lib/python3.7/site-packages/airflow/example_dags/example_xcom.py for tasks to queue
[2024-01-23T22:10:58.439+0000] {logging_mixin.py:137} INFO - [2024-01-23T22:10:58.439+0000] {dagbag.py:538} INFO - Filling up the DagBag from /home/airflow/.local/lib/python3.7/site-packages/airflow/example_dags/example_xcom.py
[2024-01-23T22:10:58.481+0000] {processor.py:753} INFO - DAG(s) dict_keys(['example_xcom']) retrieved from /home/airflow/.local/lib/python3.7/site-packages/airflow/example_dags/example_xcom.py
[2024-01-23T22:10:58.523+0000] {logging_mixin.py:137} INFO - [2024-01-23T22:10:58.523+0000] {dag.py:2676} INFO - Sync 1 DAGs
[2024-01-23T22:10:58.555+0000] {logging_mixin.py:137} INFO - [2024-01-23T22:10:58.555+0000] {dag.py:3427} INFO - Setting next_dagrun for example_xcom to 2021-01-01T00:00:00+00:00, run_after=2021-01-01T00:00:00+00:00
[2024-01-23T22:10:58.579+0000] {processor.py:175} INFO - Processing /home/airflow/.local/lib/python3.7/site-packages/airflow/example_dags/example_xcom.py took 0.144 seconds
[2024-01-23T22:11:28.701+0000] {processor.py:153} INFO - Started process (PID=2158) to work on /home/airflow/.local/lib/python3.7/site-packages/airflow/example_dags/example_xcom.py
[2024-01-23T22:11:28.701+0000] {processor.py:743} INFO - Processing file /home/airflow/.local/lib/python3.7/site-packages/airflow/example_dags/example_xcom.py for tasks to queue
[2024-01-23T22:11:28.702+0000] {logging_mixin.py:137} INFO - [2024-01-23T22:11:28.702+0000] {dagbag.py:538} INFO - Filling up the DagBag from /home/airflow/.local/lib/python3.7/site-packages/airflow/example_dags/example_xcom.py
[2024-01-23T22:11:28.727+0000] {processor.py:753} INFO - DAG(s) dict_keys(['example_xcom']) retrieved from /home/airflow/.local/lib/python3.7/site-packages/airflow/example_dags/example_xcom.py
[2024-01-23T22:11:28.764+0000] {logging_mixin.py:137} INFO - [2024-01-23T22:11:28.763+0000] {dag.py:2676} INFO - Sync 1 DAGs
[2024-01-23T22:11:28.790+0000] {logging_mixin.py:137} INFO - [2024-01-23T22:11:28.790+0000] {dag.py:3427} INFO - Setting next_dagrun for example_xcom to 2021-01-01T00:00:00+00:00, run_after=2021-01-01T00:00:00+00:00
[2024-01-23T22:11:28.813+0000] {processor.py:175} INFO - Processing /home/airflow/.local/lib/python3.7/site-packages/airflow/example_dags/example_xcom.py took 0.114 seconds
[2024-01-23T22:11:59.262+0000] {processor.py:153} INFO - Started process (PID=2258) to work on /home/airflow/.local/lib/python3.7/site-packages/airflow/example_dags/example_xcom.py
[2024-01-23T22:11:59.263+0000] {processor.py:743} INFO - Processing file /home/airflow/.local/lib/python3.7/site-packages/airflow/example_dags/example_xcom.py for tasks to queue
[2024-01-23T22:11:59.264+0000] {logging_mixin.py:137} INFO - [2024-01-23T22:11:59.263+0000] {dagbag.py:538} INFO - Filling up the DagBag from /home/airflow/.local/lib/python3.7/site-packages/airflow/example_dags/example_xcom.py
[2024-01-23T22:11:59.292+0000] {processor.py:753} INFO - DAG(s) dict_keys(['example_xcom']) retrieved from /home/airflow/.local/lib/python3.7/site-packages/airflow/example_dags/example_xcom.py
[2024-01-23T22:11:59.333+0000] {logging_mixin.py:137} INFO - [2024-01-23T22:11:59.333+0000] {dag.py:2676} INFO - Sync 1 DAGs
[2024-01-23T22:11:59.361+0000] {logging_mixin.py:137} INFO - [2024-01-23T22:11:59.361+0000] {dag.py:3427} INFO - Setting next_dagrun for example_xcom to 2021-01-01T00:00:00+00:00, run_after=2021-01-01T00:00:00+00:00
[2024-01-23T22:11:59.393+0000] {processor.py:175} INFO - Processing /home/airflow/.local/lib/python3.7/site-packages/airflow/example_dags/example_xcom.py took 0.134 seconds
[2024-01-23T22:12:29.493+0000] {processor.py:153} INFO - Started process (PID=2338) to work on /home/airflow/.local/lib/python3.7/site-packages/airflow/example_dags/example_xcom.py
[2024-01-23T22:12:29.494+0000] {processor.py:743} INFO - Processing file /home/airflow/.local/lib/python3.7/site-packages/airflow/example_dags/example_xcom.py for tasks to queue
[2024-01-23T22:12:29.495+0000] {logging_mixin.py:137} INFO - [2024-01-23T22:12:29.495+0000] {dagbag.py:538} INFO - Filling up the DagBag from /home/airflow/.local/lib/python3.7/site-packages/airflow/example_dags/example_xcom.py
[2024-01-23T22:12:29.517+0000] {processor.py:753} INFO - DAG(s) dict_keys(['example_xcom']) retrieved from /home/airflow/.local/lib/python3.7/site-packages/airflow/example_dags/example_xcom.py
[2024-01-23T22:12:29.557+0000] {logging_mixin.py:137} INFO - [2024-01-23T22:12:29.557+0000] {dag.py:2676} INFO - Sync 1 DAGs
[2024-01-23T22:12:29.580+0000] {logging_mixin.py:137} INFO - [2024-01-23T22:12:29.580+0000] {dag.py:3427} INFO - Setting next_dagrun for example_xcom to 2021-01-01T00:00:00+00:00, run_after=2021-01-01T00:00:00+00:00
[2024-01-23T22:12:29.599+0000] {processor.py:175} INFO - Processing /home/airflow/.local/lib/python3.7/site-packages/airflow/example_dags/example_xcom.py took 0.108 seconds
[2024-01-23T22:12:59.722+0000] {processor.py:153} INFO - Started process (PID=2418) to work on /home/airflow/.local/lib/python3.7/site-packages/airflow/example_dags/example_xcom.py
[2024-01-23T22:12:59.723+0000] {processor.py:743} INFO - Processing file /home/airflow/.local/lib/python3.7/site-packages/airflow/example_dags/example_xcom.py for tasks to queue
[2024-01-23T22:12:59.723+0000] {logging_mixin.py:137} INFO - [2024-01-23T22:12:59.723+0000] {dagbag.py:538} INFO - Filling up the DagBag from /home/airflow/.local/lib/python3.7/site-packages/airflow/example_dags/example_xcom.py
[2024-01-23T22:12:59.748+0000] {processor.py:753} INFO - DAG(s) dict_keys(['example_xcom']) retrieved from /home/airflow/.local/lib/python3.7/site-packages/airflow/example_dags/example_xcom.py
[2024-01-23T22:12:59.785+0000] {logging_mixin.py:137} INFO - [2024-01-23T22:12:59.785+0000] {dag.py:2676} INFO - Sync 1 DAGs
[2024-01-23T22:12:59.815+0000] {logging_mixin.py:137} INFO - [2024-01-23T22:12:59.815+0000] {dag.py:3427} INFO - Setting next_dagrun for example_xcom to 2021-01-01T00:00:00+00:00, run_after=2021-01-01T00:00:00+00:00
[2024-01-23T22:12:59.837+0000] {processor.py:175} INFO - Processing /home/airflow/.local/lib/python3.7/site-packages/airflow/example_dags/example_xcom.py took 0.117 seconds
[2024-01-23T22:13:30.685+0000] {processor.py:153} INFO - Started process (PID=2518) to work on /home/airflow/.local/lib/python3.7/site-packages/airflow/example_dags/example_xcom.py
[2024-01-23T22:13:30.686+0000] {processor.py:743} INFO - Processing file /home/airflow/.local/lib/python3.7/site-packages/airflow/example_dags/example_xcom.py for tasks to queue
[2024-01-23T22:13:30.686+0000] {logging_mixin.py:137} INFO - [2024-01-23T22:13:30.686+0000] {dagbag.py:538} INFO - Filling up the DagBag from /home/airflow/.local/lib/python3.7/site-packages/airflow/example_dags/example_xcom.py
[2024-01-23T22:13:30.711+0000] {processor.py:753} INFO - DAG(s) dict_keys(['example_xcom']) retrieved from /home/airflow/.local/lib/python3.7/site-packages/airflow/example_dags/example_xcom.py
[2024-01-23T22:13:30.753+0000] {logging_mixin.py:137} INFO - [2024-01-23T22:13:30.752+0000] {dag.py:2676} INFO - Sync 1 DAGs
[2024-01-23T22:13:30.788+0000] {logging_mixin.py:137} INFO - [2024-01-23T22:13:30.787+0000] {dag.py:3427} INFO - Setting next_dagrun for example_xcom to 2021-01-01T00:00:00+00:00, run_after=2021-01-01T00:00:00+00:00
[2024-01-23T22:13:30.814+0000] {processor.py:175} INFO - Processing /home/airflow/.local/lib/python3.7/site-packages/airflow/example_dags/example_xcom.py took 0.131 seconds
[2024-01-23T22:14:01.008+0000] {processor.py:153} INFO - Started process (PID=2597) to work on /home/airflow/.local/lib/python3.7/site-packages/airflow/example_dags/example_xcom.py
[2024-01-23T22:14:01.009+0000] {processor.py:743} INFO - Processing file /home/airflow/.local/lib/python3.7/site-packages/airflow/example_dags/example_xcom.py for tasks to queue
[2024-01-23T22:14:01.010+0000] {logging_mixin.py:137} INFO - [2024-01-23T22:14:01.010+0000] {dagbag.py:538} INFO - Filling up the DagBag from /home/airflow/.local/lib/python3.7/site-packages/airflow/example_dags/example_xcom.py
[2024-01-23T22:14:01.039+0000] {processor.py:753} INFO - DAG(s) dict_keys(['example_xcom']) retrieved from /home/airflow/.local/lib/python3.7/site-packages/airflow/example_dags/example_xcom.py
[2024-01-23T22:14:01.080+0000] {logging_mixin.py:137} INFO - [2024-01-23T22:14:01.080+0000] {dag.py:2676} INFO - Sync 1 DAGs
[2024-01-23T22:14:01.105+0000] {logging_mixin.py:137} INFO - [2024-01-23T22:14:01.105+0000] {dag.py:3427} INFO - Setting next_dagrun for example_xcom to 2021-01-01T00:00:00+00:00, run_after=2021-01-01T00:00:00+00:00
[2024-01-23T22:14:01.123+0000] {processor.py:175} INFO - Processing /home/airflow/.local/lib/python3.7/site-packages/airflow/example_dags/example_xcom.py took 0.117 seconds
[2024-01-23T22:14:31.512+0000] {processor.py:153} INFO - Started process (PID=2687) to work on /home/airflow/.local/lib/python3.7/site-packages/airflow/example_dags/example_xcom.py
[2024-01-23T22:14:31.513+0000] {processor.py:743} INFO - Processing file /home/airflow/.local/lib/python3.7/site-packages/airflow/example_dags/example_xcom.py for tasks to queue
[2024-01-23T22:14:31.514+0000] {logging_mixin.py:137} INFO - [2024-01-23T22:14:31.513+0000] {dagbag.py:538} INFO - Filling up the DagBag from /home/airflow/.local/lib/python3.7/site-packages/airflow/example_dags/example_xcom.py
[2024-01-23T22:14:31.544+0000] {processor.py:753} INFO - DAG(s) dict_keys(['example_xcom']) retrieved from /home/airflow/.local/lib/python3.7/site-packages/airflow/example_dags/example_xcom.py
[2024-01-23T22:14:31.596+0000] {logging_mixin.py:137} INFO - [2024-01-23T22:14:31.596+0000] {dag.py:2676} INFO - Sync 1 DAGs
[2024-01-23T22:14:31.632+0000] {logging_mixin.py:137} INFO - [2024-01-23T22:14:31.632+0000] {dag.py:3427} INFO - Setting next_dagrun for example_xcom to 2021-01-01T00:00:00+00:00, run_after=2021-01-01T00:00:00+00:00
[2024-01-23T22:14:31.668+0000] {processor.py:175} INFO - Processing /home/airflow/.local/lib/python3.7/site-packages/airflow/example_dags/example_xcom.py took 0.159 seconds
[2024-01-23T22:15:02.309+0000] {processor.py:153} INFO - Started process (PID=2779) to work on /home/airflow/.local/lib/python3.7/site-packages/airflow/example_dags/example_xcom.py
[2024-01-23T22:15:02.310+0000] {processor.py:743} INFO - Processing file /home/airflow/.local/lib/python3.7/site-packages/airflow/example_dags/example_xcom.py for tasks to queue
[2024-01-23T22:15:02.310+0000] {logging_mixin.py:137} INFO - [2024-01-23T22:15:02.310+0000] {dagbag.py:538} INFO - Filling up the DagBag from /home/airflow/.local/lib/python3.7/site-packages/airflow/example_dags/example_xcom.py
[2024-01-23T22:15:02.332+0000] {processor.py:753} INFO - DAG(s) dict_keys(['example_xcom']) retrieved from /home/airflow/.local/lib/python3.7/site-packages/airflow/example_dags/example_xcom.py
[2024-01-23T22:15:02.366+0000] {logging_mixin.py:137} INFO - [2024-01-23T22:15:02.366+0000] {dag.py:2676} INFO - Sync 1 DAGs
[2024-01-23T22:15:02.394+0000] {logging_mixin.py:137} INFO - [2024-01-23T22:15:02.394+0000] {dag.py:3427} INFO - Setting next_dagrun for example_xcom to 2021-01-01T00:00:00+00:00, run_after=2021-01-01T00:00:00+00:00
[2024-01-23T22:15:02.415+0000] {processor.py:175} INFO - Processing /home/airflow/.local/lib/python3.7/site-packages/airflow/example_dags/example_xcom.py took 0.109 seconds
[2024-01-23T22:15:32.569+0000] {processor.py:153} INFO - Started process (PID=2860) to work on /home/airflow/.local/lib/python3.7/site-packages/airflow/example_dags/example_xcom.py
[2024-01-23T22:15:32.569+0000] {processor.py:743} INFO - Processing file /home/airflow/.local/lib/python3.7/site-packages/airflow/example_dags/example_xcom.py for tasks to queue
[2024-01-23T22:15:32.570+0000] {logging_mixin.py:137} INFO - [2024-01-23T22:15:32.570+0000] {dagbag.py:538} INFO - Filling up the DagBag from /home/airflow/.local/lib/python3.7/site-packages/airflow/example_dags/example_xcom.py
[2024-01-23T22:15:32.595+0000] {processor.py:753} INFO - DAG(s) dict_keys(['example_xcom']) retrieved from /home/airflow/.local/lib/python3.7/site-packages/airflow/example_dags/example_xcom.py
[2024-01-23T22:15:32.638+0000] {logging_mixin.py:137} INFO - [2024-01-23T22:15:32.638+0000] {dag.py:2676} INFO - Sync 1 DAGs
[2024-01-23T22:15:32.671+0000] {logging_mixin.py:137} INFO - [2024-01-23T22:15:32.671+0000] {dag.py:3427} INFO - Setting next_dagrun for example_xcom to 2021-01-01T00:00:00+00:00, run_after=2021-01-01T00:00:00+00:00
[2024-01-23T22:15:32.694+0000] {processor.py:175} INFO - Processing /home/airflow/.local/lib/python3.7/site-packages/airflow/example_dags/example_xcom.py took 0.127 seconds
[2024-01-23T22:16:02.909+0000] {processor.py:153} INFO - Started process (PID=2960) to work on /home/airflow/.local/lib/python3.7/site-packages/airflow/example_dags/example_xcom.py
[2024-01-23T22:16:02.910+0000] {processor.py:743} INFO - Processing file /home/airflow/.local/lib/python3.7/site-packages/airflow/example_dags/example_xcom.py for tasks to queue
[2024-01-23T22:16:02.911+0000] {logging_mixin.py:137} INFO - [2024-01-23T22:16:02.910+0000] {dagbag.py:538} INFO - Filling up the DagBag from /home/airflow/.local/lib/python3.7/site-packages/airflow/example_dags/example_xcom.py
[2024-01-23T22:16:02.934+0000] {processor.py:753} INFO - DAG(s) dict_keys(['example_xcom']) retrieved from /home/airflow/.local/lib/python3.7/site-packages/airflow/example_dags/example_xcom.py
[2024-01-23T22:16:02.975+0000] {logging_mixin.py:137} INFO - [2024-01-23T22:16:02.975+0000] {dag.py:2676} INFO - Sync 1 DAGs
[2024-01-23T22:16:03.011+0000] {logging_mixin.py:137} INFO - [2024-01-23T22:16:03.011+0000] {dag.py:3427} INFO - Setting next_dagrun for example_xcom to 2021-01-01T00:00:00+00:00, run_after=2021-01-01T00:00:00+00:00
[2024-01-23T22:16:03.037+0000] {processor.py:175} INFO - Processing /home/airflow/.local/lib/python3.7/site-packages/airflow/example_dags/example_xcom.py took 0.130 seconds
[2024-01-23T22:16:34.072+0000] {processor.py:153} INFO - Started process (PID=3039) to work on /home/airflow/.local/lib/python3.7/site-packages/airflow/example_dags/example_xcom.py
[2024-01-23T22:16:34.072+0000] {processor.py:743} INFO - Processing file /home/airflow/.local/lib/python3.7/site-packages/airflow/example_dags/example_xcom.py for tasks to queue
[2024-01-23T22:16:34.073+0000] {logging_mixin.py:137} INFO - [2024-01-23T22:16:34.073+0000] {dagbag.py:538} INFO - Filling up the DagBag from /home/airflow/.local/lib/python3.7/site-packages/airflow/example_dags/example_xcom.py
[2024-01-23T22:16:34.099+0000] {processor.py:753} INFO - DAG(s) dict_keys(['example_xcom']) retrieved from /home/airflow/.local/lib/python3.7/site-packages/airflow/example_dags/example_xcom.py
[2024-01-23T22:16:34.141+0000] {logging_mixin.py:137} INFO - [2024-01-23T22:16:34.141+0000] {dag.py:2676} INFO - Sync 1 DAGs
[2024-01-23T22:16:34.175+0000] {logging_mixin.py:137} INFO - [2024-01-23T22:16:34.175+0000] {dag.py:3427} INFO - Setting next_dagrun for example_xcom to 2021-01-01T00:00:00+00:00, run_after=2021-01-01T00:00:00+00:00
[2024-01-23T22:16:34.200+0000] {processor.py:175} INFO - Processing /home/airflow/.local/lib/python3.7/site-packages/airflow/example_dags/example_xcom.py took 0.132 seconds
[2024-01-23T22:17:04.333+0000] {processor.py:153} INFO - Started process (PID=3119) to work on /home/airflow/.local/lib/python3.7/site-packages/airflow/example_dags/example_xcom.py
[2024-01-23T22:17:04.334+0000] {processor.py:743} INFO - Processing file /home/airflow/.local/lib/python3.7/site-packages/airflow/example_dags/example_xcom.py for tasks to queue
[2024-01-23T22:17:04.335+0000] {logging_mixin.py:137} INFO - [2024-01-23T22:17:04.335+0000] {dagbag.py:538} INFO - Filling up the DagBag from /home/airflow/.local/lib/python3.7/site-packages/airflow/example_dags/example_xcom.py
[2024-01-23T22:17:04.356+0000] {processor.py:753} INFO - DAG(s) dict_keys(['example_xcom']) retrieved from /home/airflow/.local/lib/python3.7/site-packages/airflow/example_dags/example_xcom.py
[2024-01-23T22:17:04.390+0000] {logging_mixin.py:137} INFO - [2024-01-23T22:17:04.390+0000] {dag.py:2676} INFO - Sync 1 DAGs
[2024-01-23T22:17:04.418+0000] {logging_mixin.py:137} INFO - [2024-01-23T22:17:04.418+0000] {dag.py:3427} INFO - Setting next_dagrun for example_xcom to 2021-01-01T00:00:00+00:00, run_after=2021-01-01T00:00:00+00:00
[2024-01-23T22:17:04.444+0000] {processor.py:175} INFO - Processing /home/airflow/.local/lib/python3.7/site-packages/airflow/example_dags/example_xcom.py took 0.112 seconds
[2024-01-23T22:17:34.616+0000] {processor.py:153} INFO - Started process (PID=3219) to work on /home/airflow/.local/lib/python3.7/site-packages/airflow/example_dags/example_xcom.py
[2024-01-23T22:17:34.616+0000] {processor.py:743} INFO - Processing file /home/airflow/.local/lib/python3.7/site-packages/airflow/example_dags/example_xcom.py for tasks to queue
[2024-01-23T22:17:34.617+0000] {logging_mixin.py:137} INFO - [2024-01-23T22:17:34.617+0000] {dagbag.py:538} INFO - Filling up the DagBag from /home/airflow/.local/lib/python3.7/site-packages/airflow/example_dags/example_xcom.py
[2024-01-23T22:17:34.641+0000] {processor.py:753} INFO - DAG(s) dict_keys(['example_xcom']) retrieved from /home/airflow/.local/lib/python3.7/site-packages/airflow/example_dags/example_xcom.py
[2024-01-23T22:17:34.682+0000] {logging_mixin.py:137} INFO - [2024-01-23T22:17:34.682+0000] {dag.py:2676} INFO - Sync 1 DAGs
[2024-01-23T22:17:34.713+0000] {logging_mixin.py:137} INFO - [2024-01-23T22:17:34.713+0000] {dag.py:3427} INFO - Setting next_dagrun for example_xcom to 2021-01-01T00:00:00+00:00, run_after=2021-01-01T00:00:00+00:00
[2024-01-23T22:17:34.733+0000] {processor.py:175} INFO - Processing /home/airflow/.local/lib/python3.7/site-packages/airflow/example_dags/example_xcom.py took 0.120 seconds
[2024-01-23T22:18:04.833+0000] {processor.py:153} INFO - Started process (PID=3299) to work on /home/airflow/.local/lib/python3.7/site-packages/airflow/example_dags/example_xcom.py
[2024-01-23T22:18:04.833+0000] {processor.py:743} INFO - Processing file /home/airflow/.local/lib/python3.7/site-packages/airflow/example_dags/example_xcom.py for tasks to queue
[2024-01-23T22:18:04.834+0000] {logging_mixin.py:137} INFO - [2024-01-23T22:18:04.834+0000] {dagbag.py:538} INFO - Filling up the DagBag from /home/airflow/.local/lib/python3.7/site-packages/airflow/example_dags/example_xcom.py
[2024-01-23T22:18:04.857+0000] {processor.py:753} INFO - DAG(s) dict_keys(['example_xcom']) retrieved from /home/airflow/.local/lib/python3.7/site-packages/airflow/example_dags/example_xcom.py
[2024-01-23T22:18:04.903+0000] {logging_mixin.py:137} INFO - [2024-01-23T22:18:04.903+0000] {dag.py:2676} INFO - Sync 1 DAGs
[2024-01-23T22:18:04.930+0000] {logging_mixin.py:137} INFO - [2024-01-23T22:18:04.930+0000] {dag.py:3427} INFO - Setting next_dagrun for example_xcom to 2021-01-01T00:00:00+00:00, run_after=2021-01-01T00:00:00+00:00
[2024-01-23T22:18:04.949+0000] {processor.py:175} INFO - Processing /home/airflow/.local/lib/python3.7/site-packages/airflow/example_dags/example_xcom.py took 0.118 seconds
[2024-01-23T22:18:35.216+0000] {processor.py:153} INFO - Started process (PID=3386) to work on /home/airflow/.local/lib/python3.7/site-packages/airflow/example_dags/example_xcom.py
[2024-01-23T22:18:35.217+0000] {processor.py:743} INFO - Processing file /home/airflow/.local/lib/python3.7/site-packages/airflow/example_dags/example_xcom.py for tasks to queue
[2024-01-23T22:18:35.218+0000] {logging_mixin.py:137} INFO - [2024-01-23T22:18:35.218+0000] {dagbag.py:538} INFO - Filling up the DagBag from /home/airflow/.local/lib/python3.7/site-packages/airflow/example_dags/example_xcom.py
[2024-01-23T22:18:35.242+0000] {processor.py:753} INFO - DAG(s) dict_keys(['example_xcom']) retrieved from /home/airflow/.local/lib/python3.7/site-packages/airflow/example_dags/example_xcom.py
[2024-01-23T22:18:35.284+0000] {logging_mixin.py:137} INFO - [2024-01-23T22:18:35.284+0000] {dag.py:2676} INFO - Sync 1 DAGs
[2024-01-23T22:18:35.314+0000] {logging_mixin.py:137} INFO - [2024-01-23T22:18:35.314+0000] {dag.py:3427} INFO - Setting next_dagrun for example_xcom to 2021-01-01T00:00:00+00:00, run_after=2021-01-01T00:00:00+00:00
[2024-01-23T22:18:35.341+0000] {processor.py:175} INFO - Processing /home/airflow/.local/lib/python3.7/site-packages/airflow/example_dags/example_xcom.py took 0.128 seconds
[2024-01-23T22:19:05.595+0000] {processor.py:153} INFO - Started process (PID=3478) to work on /home/airflow/.local/lib/python3.7/site-packages/airflow/example_dags/example_xcom.py
[2024-01-23T22:19:05.596+0000] {processor.py:743} INFO - Processing file /home/airflow/.local/lib/python3.7/site-packages/airflow/example_dags/example_xcom.py for tasks to queue
[2024-01-23T22:19:05.597+0000] {logging_mixin.py:137} INFO - [2024-01-23T22:19:05.597+0000] {dagbag.py:538} INFO - Filling up the DagBag from /home/airflow/.local/lib/python3.7/site-packages/airflow/example_dags/example_xcom.py
[2024-01-23T22:19:05.638+0000] {processor.py:753} INFO - DAG(s) dict_keys(['example_xcom']) retrieved from /home/airflow/.local/lib/python3.7/site-packages/airflow/example_dags/example_xcom.py
[2024-01-23T22:19:05.675+0000] {logging_mixin.py:137} INFO - [2024-01-23T22:19:05.675+0000] {dag.py:2676} INFO - Sync 1 DAGs
[2024-01-23T22:19:05.705+0000] {logging_mixin.py:137} INFO - [2024-01-23T22:19:05.705+0000] {dag.py:3427} INFO - Setting next_dagrun for example_xcom to 2021-01-01T00:00:00+00:00, run_after=2021-01-01T00:00:00+00:00
[2024-01-23T22:19:05.729+0000] {processor.py:175} INFO - Processing /home/airflow/.local/lib/python3.7/site-packages/airflow/example_dags/example_xcom.py took 0.137 seconds
[2024-01-23T22:19:35.835+0000] {processor.py:153} INFO - Started process (PID=3558) to work on /home/airflow/.local/lib/python3.7/site-packages/airflow/example_dags/example_xcom.py
[2024-01-23T22:19:35.836+0000] {processor.py:743} INFO - Processing file /home/airflow/.local/lib/python3.7/site-packages/airflow/example_dags/example_xcom.py for tasks to queue
[2024-01-23T22:19:35.836+0000] {logging_mixin.py:137} INFO - [2024-01-23T22:19:35.836+0000] {dagbag.py:538} INFO - Filling up the DagBag from /home/airflow/.local/lib/python3.7/site-packages/airflow/example_dags/example_xcom.py
[2024-01-23T22:19:35.865+0000] {processor.py:753} INFO - DAG(s) dict_keys(['example_xcom']) retrieved from /home/airflow/.local/lib/python3.7/site-packages/airflow/example_dags/example_xcom.py
[2024-01-23T22:19:35.909+0000] {logging_mixin.py:137} INFO - [2024-01-23T22:19:35.909+0000] {dag.py:2676} INFO - Sync 1 DAGs
[2024-01-23T22:19:35.942+0000] {logging_mixin.py:137} INFO - [2024-01-23T22:19:35.941+0000] {dag.py:3427} INFO - Setting next_dagrun for example_xcom to 2021-01-01T00:00:00+00:00, run_after=2021-01-01T00:00:00+00:00
[2024-01-23T22:19:35.970+0000] {processor.py:175} INFO - Processing /home/airflow/.local/lib/python3.7/site-packages/airflow/example_dags/example_xcom.py took 0.137 seconds
[2024-01-23T22:20:06.083+0000] {processor.py:153} INFO - Started process (PID=3638) to work on /home/airflow/.local/lib/python3.7/site-packages/airflow/example_dags/example_xcom.py
[2024-01-23T22:20:06.083+0000] {processor.py:743} INFO - Processing file /home/airflow/.local/lib/python3.7/site-packages/airflow/example_dags/example_xcom.py for tasks to queue
[2024-01-23T22:20:06.084+0000] {logging_mixin.py:137} INFO - [2024-01-23T22:20:06.084+0000] {dagbag.py:538} INFO - Filling up the DagBag from /home/airflow/.local/lib/python3.7/site-packages/airflow/example_dags/example_xcom.py
[2024-01-23T22:20:06.111+0000] {processor.py:753} INFO - DAG(s) dict_keys(['example_xcom']) retrieved from /home/airflow/.local/lib/python3.7/site-packages/airflow/example_dags/example_xcom.py
[2024-01-23T22:20:06.159+0000] {logging_mixin.py:137} INFO - [2024-01-23T22:20:06.158+0000] {dag.py:2676} INFO - Sync 1 DAGs
[2024-01-23T22:20:06.197+0000] {logging_mixin.py:137} INFO - [2024-01-23T22:20:06.196+0000] {dag.py:3427} INFO - Setting next_dagrun for example_xcom to 2021-01-01T00:00:00+00:00, run_after=2021-01-01T00:00:00+00:00
[2024-01-23T22:20:06.224+0000] {processor.py:175} INFO - Processing /home/airflow/.local/lib/python3.7/site-packages/airflow/example_dags/example_xcom.py took 0.145 seconds
[2024-01-23T22:20:36.853+0000] {processor.py:153} INFO - Started process (PID=3739) to work on /home/airflow/.local/lib/python3.7/site-packages/airflow/example_dags/example_xcom.py
[2024-01-23T22:20:36.854+0000] {processor.py:743} INFO - Processing file /home/airflow/.local/lib/python3.7/site-packages/airflow/example_dags/example_xcom.py for tasks to queue
[2024-01-23T22:20:36.856+0000] {logging_mixin.py:137} INFO - [2024-01-23T22:20:36.855+0000] {dagbag.py:538} INFO - Filling up the DagBag from /home/airflow/.local/lib/python3.7/site-packages/airflow/example_dags/example_xcom.py
[2024-01-23T22:20:36.881+0000] {processor.py:753} INFO - DAG(s) dict_keys(['example_xcom']) retrieved from /home/airflow/.local/lib/python3.7/site-packages/airflow/example_dags/example_xcom.py
[2024-01-23T22:20:36.917+0000] {logging_mixin.py:137} INFO - [2024-01-23T22:20:36.917+0000] {dag.py:2676} INFO - Sync 1 DAGs
[2024-01-23T22:20:36.942+0000] {logging_mixin.py:137} INFO - [2024-01-23T22:20:36.942+0000] {dag.py:3427} INFO - Setting next_dagrun for example_xcom to 2021-01-01T00:00:00+00:00, run_after=2021-01-01T00:00:00+00:00
[2024-01-23T22:20:36.963+0000] {processor.py:175} INFO - Processing /home/airflow/.local/lib/python3.7/site-packages/airflow/example_dags/example_xcom.py took 0.112 seconds
[2024-01-23T22:21:07.151+0000] {processor.py:153} INFO - Started process (PID=3819) to work on /home/airflow/.local/lib/python3.7/site-packages/airflow/example_dags/example_xcom.py
[2024-01-23T22:21:07.152+0000] {processor.py:743} INFO - Processing file /home/airflow/.local/lib/python3.7/site-packages/airflow/example_dags/example_xcom.py for tasks to queue
[2024-01-23T22:21:07.152+0000] {logging_mixin.py:137} INFO - [2024-01-23T22:21:07.152+0000] {dagbag.py:538} INFO - Filling up the DagBag from /home/airflow/.local/lib/python3.7/site-packages/airflow/example_dags/example_xcom.py
[2024-01-23T22:21:07.176+0000] {processor.py:753} INFO - DAG(s) dict_keys(['example_xcom']) retrieved from /home/airflow/.local/lib/python3.7/site-packages/airflow/example_dags/example_xcom.py
[2024-01-23T22:21:07.219+0000] {logging_mixin.py:137} INFO - [2024-01-23T22:21:07.219+0000] {dag.py:2676} INFO - Sync 1 DAGs
[2024-01-23T22:21:07.250+0000] {logging_mixin.py:137} INFO - [2024-01-23T22:21:07.250+0000] {dag.py:3427} INFO - Setting next_dagrun for example_xcom to 2021-01-01T00:00:00+00:00, run_after=2021-01-01T00:00:00+00:00
[2024-01-23T22:21:07.276+0000] {processor.py:175} INFO - Processing /home/airflow/.local/lib/python3.7/site-packages/airflow/example_dags/example_xcom.py took 0.128 seconds
[2024-01-23T22:21:37.543+0000] {processor.py:153} INFO - Started process (PID=3908) to work on /home/airflow/.local/lib/python3.7/site-packages/airflow/example_dags/example_xcom.py
[2024-01-23T22:21:37.544+0000] {processor.py:743} INFO - Processing file /home/airflow/.local/lib/python3.7/site-packages/airflow/example_dags/example_xcom.py for tasks to queue
[2024-01-23T22:21:37.546+0000] {logging_mixin.py:137} INFO - [2024-01-23T22:21:37.545+0000] {dagbag.py:538} INFO - Filling up the DagBag from /home/airflow/.local/lib/python3.7/site-packages/airflow/example_dags/example_xcom.py
[2024-01-23T22:21:37.571+0000] {processor.py:753} INFO - DAG(s) dict_keys(['example_xcom']) retrieved from /home/airflow/.local/lib/python3.7/site-packages/airflow/example_dags/example_xcom.py
[2024-01-23T22:21:37.617+0000] {logging_mixin.py:137} INFO - [2024-01-23T22:21:37.617+0000] {dag.py:2676} INFO - Sync 1 DAGs
[2024-01-23T22:21:37.654+0000] {logging_mixin.py:137} INFO - [2024-01-23T22:21:37.654+0000] {dag.py:3427} INFO - Setting next_dagrun for example_xcom to 2021-01-01T00:00:00+00:00, run_after=2021-01-01T00:00:00+00:00
[2024-01-23T22:21:37.683+0000] {processor.py:175} INFO - Processing /home/airflow/.local/lib/python3.7/site-packages/airflow/example_dags/example_xcom.py took 0.143 seconds
[2024-01-23T22:22:08.208+0000] {processor.py:153} INFO - Started process (PID=3999) to work on /home/airflow/.local/lib/python3.7/site-packages/airflow/example_dags/example_xcom.py
[2024-01-23T22:22:08.209+0000] {processor.py:743} INFO - Processing file /home/airflow/.local/lib/python3.7/site-packages/airflow/example_dags/example_xcom.py for tasks to queue
[2024-01-23T22:22:08.210+0000] {logging_mixin.py:137} INFO - [2024-01-23T22:22:08.210+0000] {dagbag.py:538} INFO - Filling up the DagBag from /home/airflow/.local/lib/python3.7/site-packages/airflow/example_dags/example_xcom.py
[2024-01-23T22:22:08.237+0000] {processor.py:753} INFO - DAG(s) dict_keys(['example_xcom']) retrieved from /home/airflow/.local/lib/python3.7/site-packages/airflow/example_dags/example_xcom.py
[2024-01-23T22:22:08.276+0000] {logging_mixin.py:137} INFO - [2024-01-23T22:22:08.275+0000] {dag.py:2676} INFO - Sync 1 DAGs
[2024-01-23T22:22:08.303+0000] {logging_mixin.py:137} INFO - [2024-01-23T22:22:08.302+0000] {dag.py:3427} INFO - Setting next_dagrun for example_xcom to 2021-01-01T00:00:00+00:00, run_after=2021-01-01T00:00:00+00:00
[2024-01-23T22:22:08.323+0000] {processor.py:175} INFO - Processing /home/airflow/.local/lib/python3.7/site-packages/airflow/example_dags/example_xcom.py took 0.118 seconds
[2024-01-23T22:22:38.349+0000] {processor.py:153} INFO - Started process (PID=4079) to work on /home/airflow/.local/lib/python3.7/site-packages/airflow/example_dags/example_xcom.py
[2024-01-23T22:22:38.349+0000] {processor.py:743} INFO - Processing file /home/airflow/.local/lib/python3.7/site-packages/airflow/example_dags/example_xcom.py for tasks to queue
[2024-01-23T22:22:38.350+0000] {logging_mixin.py:137} INFO - [2024-01-23T22:22:38.350+0000] {dagbag.py:538} INFO - Filling up the DagBag from /home/airflow/.local/lib/python3.7/site-packages/airflow/example_dags/example_xcom.py
[2024-01-23T22:22:38.379+0000] {processor.py:753} INFO - DAG(s) dict_keys(['example_xcom']) retrieved from /home/airflow/.local/lib/python3.7/site-packages/airflow/example_dags/example_xcom.py
[2024-01-23T22:22:38.414+0000] {logging_mixin.py:137} INFO - [2024-01-23T22:22:38.414+0000] {dag.py:2676} INFO - Sync 1 DAGs
[2024-01-23T22:22:38.440+0000] {logging_mixin.py:137} INFO - [2024-01-23T22:22:38.440+0000] {dag.py:3427} INFO - Setting next_dagrun for example_xcom to 2021-01-01T00:00:00+00:00, run_after=2021-01-01T00:00:00+00:00
[2024-01-23T22:22:38.464+0000] {processor.py:175} INFO - Processing /home/airflow/.local/lib/python3.7/site-packages/airflow/example_dags/example_xcom.py took 0.119 seconds
[2024-01-23T22:23:08.604+0000] {processor.py:153} INFO - Started process (PID=4179) to work on /home/airflow/.local/lib/python3.7/site-packages/airflow/example_dags/example_xcom.py
[2024-01-23T22:23:08.605+0000] {processor.py:743} INFO - Processing file /home/airflow/.local/lib/python3.7/site-packages/airflow/example_dags/example_xcom.py for tasks to queue
[2024-01-23T22:23:08.606+0000] {logging_mixin.py:137} INFO - [2024-01-23T22:23:08.606+0000] {dagbag.py:538} INFO - Filling up the DagBag from /home/airflow/.local/lib/python3.7/site-packages/airflow/example_dags/example_xcom.py
[2024-01-23T22:23:08.630+0000] {processor.py:753} INFO - DAG(s) dict_keys(['example_xcom']) retrieved from /home/airflow/.local/lib/python3.7/site-packages/airflow/example_dags/example_xcom.py
[2024-01-23T22:23:08.671+0000] {logging_mixin.py:137} INFO - [2024-01-23T22:23:08.671+0000] {dag.py:2676} INFO - Sync 1 DAGs
[2024-01-23T22:23:08.702+0000] {logging_mixin.py:137} INFO - [2024-01-23T22:23:08.702+0000] {dag.py:3427} INFO - Setting next_dagrun for example_xcom to 2021-01-01T00:00:00+00:00, run_after=2021-01-01T00:00:00+00:00
[2024-01-23T22:23:08.724+0000] {processor.py:175} INFO - Processing /home/airflow/.local/lib/python3.7/site-packages/airflow/example_dags/example_xcom.py took 0.122 seconds
[2024-01-23T22:23:38.925+0000] {processor.py:153} INFO - Started process (PID=4260) to work on /home/airflow/.local/lib/python3.7/site-packages/airflow/example_dags/example_xcom.py
[2024-01-23T22:23:38.926+0000] {processor.py:743} INFO - Processing file /home/airflow/.local/lib/python3.7/site-packages/airflow/example_dags/example_xcom.py for tasks to queue
[2024-01-23T22:23:38.926+0000] {logging_mixin.py:137} INFO - [2024-01-23T22:23:38.926+0000] {dagbag.py:538} INFO - Filling up the DagBag from /home/airflow/.local/lib/python3.7/site-packages/airflow/example_dags/example_xcom.py
[2024-01-23T22:23:38.952+0000] {processor.py:753} INFO - DAG(s) dict_keys(['example_xcom']) retrieved from /home/airflow/.local/lib/python3.7/site-packages/airflow/example_dags/example_xcom.py
[2024-01-23T22:23:38.997+0000] {logging_mixin.py:137} INFO - [2024-01-23T22:23:38.996+0000] {dag.py:2676} INFO - Sync 1 DAGs
[2024-01-23T22:23:39.020+0000] {logging_mixin.py:137} INFO - [2024-01-23T22:23:39.020+0000] {dag.py:3427} INFO - Setting next_dagrun for example_xcom to 2021-01-01T00:00:00+00:00, run_after=2021-01-01T00:00:00+00:00
[2024-01-23T22:23:39.040+0000] {processor.py:175} INFO - Processing /home/airflow/.local/lib/python3.7/site-packages/airflow/example_dags/example_xcom.py took 0.118 seconds
[2024-01-23T22:24:09.110+0000] {processor.py:153} INFO - Started process (PID=4340) to work on /home/airflow/.local/lib/python3.7/site-packages/airflow/example_dags/example_xcom.py
[2024-01-23T22:24:09.111+0000] {processor.py:743} INFO - Processing file /home/airflow/.local/lib/python3.7/site-packages/airflow/example_dags/example_xcom.py for tasks to queue
[2024-01-23T22:24:09.112+0000] {logging_mixin.py:137} INFO - [2024-01-23T22:24:09.111+0000] {dagbag.py:538} INFO - Filling up the DagBag from /home/airflow/.local/lib/python3.7/site-packages/airflow/example_dags/example_xcom.py
[2024-01-23T22:24:09.135+0000] {processor.py:753} INFO - DAG(s) dict_keys(['example_xcom']) retrieved from /home/airflow/.local/lib/python3.7/site-packages/airflow/example_dags/example_xcom.py
[2024-01-23T22:24:09.188+0000] {logging_mixin.py:137} INFO - [2024-01-23T22:24:09.188+0000] {dag.py:2676} INFO - Sync 1 DAGs
[2024-01-23T22:24:09.216+0000] {logging_mixin.py:137} INFO - [2024-01-23T22:24:09.216+0000] {dag.py:3427} INFO - Setting next_dagrun for example_xcom to 2021-01-01T00:00:00+00:00, run_after=2021-01-01T00:00:00+00:00
[2024-01-23T22:24:09.236+0000] {processor.py:175} INFO - Processing /home/airflow/.local/lib/python3.7/site-packages/airflow/example_dags/example_xcom.py took 0.128 seconds
[2024-01-23T22:24:39.415+0000] {processor.py:153} INFO - Started process (PID=4440) to work on /home/airflow/.local/lib/python3.7/site-packages/airflow/example_dags/example_xcom.py
[2024-01-23T22:24:39.416+0000] {processor.py:743} INFO - Processing file /home/airflow/.local/lib/python3.7/site-packages/airflow/example_dags/example_xcom.py for tasks to queue
[2024-01-23T22:24:39.417+0000] {logging_mixin.py:137} INFO - [2024-01-23T22:24:39.417+0000] {dagbag.py:538} INFO - Filling up the DagBag from /home/airflow/.local/lib/python3.7/site-packages/airflow/example_dags/example_xcom.py
[2024-01-23T22:24:39.451+0000] {processor.py:753} INFO - DAG(s) dict_keys(['example_xcom']) retrieved from /home/airflow/.local/lib/python3.7/site-packages/airflow/example_dags/example_xcom.py
[2024-01-23T22:24:39.494+0000] {logging_mixin.py:137} INFO - [2024-01-23T22:24:39.494+0000] {dag.py:2676} INFO - Sync 1 DAGs
[2024-01-23T22:24:39.528+0000] {logging_mixin.py:137} INFO - [2024-01-23T22:24:39.528+0000] {dag.py:3427} INFO - Setting next_dagrun for example_xcom to 2021-01-01T00:00:00+00:00, run_after=2021-01-01T00:00:00+00:00
[2024-01-23T22:24:39.551+0000] {processor.py:175} INFO - Processing /home/airflow/.local/lib/python3.7/site-packages/airflow/example_dags/example_xcom.py took 0.138 seconds
[2024-01-23T22:25:10.275+0000] {processor.py:153} INFO - Started process (PID=4520) to work on /home/airflow/.local/lib/python3.7/site-packages/airflow/example_dags/example_xcom.py
[2024-01-23T22:25:10.276+0000] {processor.py:743} INFO - Processing file /home/airflow/.local/lib/python3.7/site-packages/airflow/example_dags/example_xcom.py for tasks to queue
[2024-01-23T22:25:10.277+0000] {logging_mixin.py:137} INFO - [2024-01-23T22:25:10.277+0000] {dagbag.py:538} INFO - Filling up the DagBag from /home/airflow/.local/lib/python3.7/site-packages/airflow/example_dags/example_xcom.py
[2024-01-23T22:25:10.303+0000] {processor.py:753} INFO - DAG(s) dict_keys(['example_xcom']) retrieved from /home/airflow/.local/lib/python3.7/site-packages/airflow/example_dags/example_xcom.py
[2024-01-23T22:25:10.345+0000] {logging_mixin.py:137} INFO - [2024-01-23T22:25:10.345+0000] {dag.py:2676} INFO - Sync 1 DAGs
[2024-01-23T22:25:10.379+0000] {logging_mixin.py:137} INFO - [2024-01-23T22:25:10.379+0000] {dag.py:3427} INFO - Setting next_dagrun for example_xcom to 2021-01-01T00:00:00+00:00, run_after=2021-01-01T00:00:00+00:00
[2024-01-23T22:25:10.401+0000] {processor.py:175} INFO - Processing /home/airflow/.local/lib/python3.7/site-packages/airflow/example_dags/example_xcom.py took 0.127 seconds
[2024-01-23T22:25:40.596+0000] {processor.py:153} INFO - Started process (PID=4600) to work on /home/airflow/.local/lib/python3.7/site-packages/airflow/example_dags/example_xcom.py
[2024-01-23T22:25:40.597+0000] {processor.py:743} INFO - Processing file /home/airflow/.local/lib/python3.7/site-packages/airflow/example_dags/example_xcom.py for tasks to queue
[2024-01-23T22:25:40.598+0000] {logging_mixin.py:137} INFO - [2024-01-23T22:25:40.598+0000] {dagbag.py:538} INFO - Filling up the DagBag from /home/airflow/.local/lib/python3.7/site-packages/airflow/example_dags/example_xcom.py
[2024-01-23T22:25:40.629+0000] {processor.py:753} INFO - DAG(s) dict_keys(['example_xcom']) retrieved from /home/airflow/.local/lib/python3.7/site-packages/airflow/example_dags/example_xcom.py
[2024-01-23T22:25:40.672+0000] {logging_mixin.py:137} INFO - [2024-01-23T22:25:40.672+0000] {dag.py:2676} INFO - Sync 1 DAGs
[2024-01-23T22:25:40.703+0000] {logging_mixin.py:137} INFO - [2024-01-23T22:25:40.702+0000] {dag.py:3427} INFO - Setting next_dagrun for example_xcom to 2021-01-01T00:00:00+00:00, run_after=2021-01-01T00:00:00+00:00
[2024-01-23T22:25:40.729+0000] {processor.py:175} INFO - Processing /home/airflow/.local/lib/python3.7/site-packages/airflow/example_dags/example_xcom.py took 0.136 seconds
[2024-01-23T22:26:10.952+0000] {processor.py:153} INFO - Started process (PID=4699) to work on /home/airflow/.local/lib/python3.7/site-packages/airflow/example_dags/example_xcom.py
[2024-01-23T22:26:10.952+0000] {processor.py:743} INFO - Processing file /home/airflow/.local/lib/python3.7/site-packages/airflow/example_dags/example_xcom.py for tasks to queue
[2024-01-23T22:26:10.953+0000] {logging_mixin.py:137} INFO - [2024-01-23T22:26:10.953+0000] {dagbag.py:538} INFO - Filling up the DagBag from /home/airflow/.local/lib/python3.7/site-packages/airflow/example_dags/example_xcom.py
[2024-01-23T22:26:10.982+0000] {processor.py:753} INFO - DAG(s) dict_keys(['example_xcom']) retrieved from /home/airflow/.local/lib/python3.7/site-packages/airflow/example_dags/example_xcom.py
[2024-01-23T22:26:11.022+0000] {logging_mixin.py:137} INFO - [2024-01-23T22:26:11.022+0000] {dag.py:2676} INFO - Sync 1 DAGs
[2024-01-23T22:26:11.051+0000] {logging_mixin.py:137} INFO - [2024-01-23T22:26:11.051+0000] {dag.py:3427} INFO - Setting next_dagrun for example_xcom to 2021-01-01T00:00:00+00:00, run_after=2021-01-01T00:00:00+00:00
[2024-01-23T22:26:11.071+0000] {processor.py:175} INFO - Processing /home/airflow/.local/lib/python3.7/site-packages/airflow/example_dags/example_xcom.py took 0.121 seconds
[2024-01-23T22:26:41.148+0000] {processor.py:153} INFO - Started process (PID=4779) to work on /home/airflow/.local/lib/python3.7/site-packages/airflow/example_dags/example_xcom.py
[2024-01-23T22:26:41.149+0000] {processor.py:743} INFO - Processing file /home/airflow/.local/lib/python3.7/site-packages/airflow/example_dags/example_xcom.py for tasks to queue
[2024-01-23T22:26:41.150+0000] {logging_mixin.py:137} INFO - [2024-01-23T22:26:41.150+0000] {dagbag.py:538} INFO - Filling up the DagBag from /home/airflow/.local/lib/python3.7/site-packages/airflow/example_dags/example_xcom.py
[2024-01-23T22:26:41.175+0000] {processor.py:753} INFO - DAG(s) dict_keys(['example_xcom']) retrieved from /home/airflow/.local/lib/python3.7/site-packages/airflow/example_dags/example_xcom.py
[2024-01-23T22:26:41.219+0000] {logging_mixin.py:137} INFO - [2024-01-23T22:26:41.219+0000] {dag.py:2676} INFO - Sync 1 DAGs
[2024-01-23T22:26:41.248+0000] {logging_mixin.py:137} INFO - [2024-01-23T22:26:41.248+0000] {dag.py:3427} INFO - Setting next_dagrun for example_xcom to 2021-01-01T00:00:00+00:00, run_after=2021-01-01T00:00:00+00:00
[2024-01-23T22:26:41.271+0000] {processor.py:175} INFO - Processing /home/airflow/.local/lib/python3.7/site-packages/airflow/example_dags/example_xcom.py took 0.126 seconds
[2024-01-23T22:27:11.450+0000] {processor.py:153} INFO - Started process (PID=4868) to work on /home/airflow/.local/lib/python3.7/site-packages/airflow/example_dags/example_xcom.py
[2024-01-23T22:27:11.451+0000] {processor.py:743} INFO - Processing file /home/airflow/.local/lib/python3.7/site-packages/airflow/example_dags/example_xcom.py for tasks to queue
[2024-01-23T22:27:11.452+0000] {logging_mixin.py:137} INFO - [2024-01-23T22:27:11.452+0000] {dagbag.py:538} INFO - Filling up the DagBag from /home/airflow/.local/lib/python3.7/site-packages/airflow/example_dags/example_xcom.py
[2024-01-23T22:27:11.473+0000] {processor.py:753} INFO - DAG(s) dict_keys(['example_xcom']) retrieved from /home/airflow/.local/lib/python3.7/site-packages/airflow/example_dags/example_xcom.py
[2024-01-23T22:27:11.511+0000] {logging_mixin.py:137} INFO - [2024-01-23T22:27:11.511+0000] {dag.py:2676} INFO - Sync 1 DAGs
[2024-01-23T22:27:11.541+0000] {logging_mixin.py:137} INFO - [2024-01-23T22:27:11.541+0000] {dag.py:3427} INFO - Setting next_dagrun for example_xcom to 2021-01-01T00:00:00+00:00, run_after=2021-01-01T00:00:00+00:00
[2024-01-23T22:27:11.564+0000] {processor.py:175} INFO - Processing /home/airflow/.local/lib/python3.7/site-packages/airflow/example_dags/example_xcom.py took 0.115 seconds
[2024-01-23T22:27:41.874+0000] {processor.py:153} INFO - Started process (PID=4959) to work on /home/airflow/.local/lib/python3.7/site-packages/airflow/example_dags/example_xcom.py
[2024-01-23T22:27:41.875+0000] {processor.py:743} INFO - Processing file /home/airflow/.local/lib/python3.7/site-packages/airflow/example_dags/example_xcom.py for tasks to queue
[2024-01-23T22:27:41.876+0000] {logging_mixin.py:137} INFO - [2024-01-23T22:27:41.876+0000] {dagbag.py:538} INFO - Filling up the DagBag from /home/airflow/.local/lib/python3.7/site-packages/airflow/example_dags/example_xcom.py
[2024-01-23T22:27:41.905+0000] {processor.py:753} INFO - DAG(s) dict_keys(['example_xcom']) retrieved from /home/airflow/.local/lib/python3.7/site-packages/airflow/example_dags/example_xcom.py
[2024-01-23T22:27:41.946+0000] {logging_mixin.py:137} INFO - [2024-01-23T22:27:41.946+0000] {dag.py:2676} INFO - Sync 1 DAGs
[2024-01-23T22:27:41.972+0000] {logging_mixin.py:137} INFO - [2024-01-23T22:27:41.972+0000] {dag.py:3427} INFO - Setting next_dagrun for example_xcom to 2021-01-01T00:00:00+00:00, run_after=2021-01-01T00:00:00+00:00
[2024-01-23T22:27:41.994+0000] {processor.py:175} INFO - Processing /home/airflow/.local/lib/python3.7/site-packages/airflow/example_dags/example_xcom.py took 0.122 seconds
[2024-01-23T22:28:12.026+0000] {processor.py:153} INFO - Started process (PID=5039) to work on /home/airflow/.local/lib/python3.7/site-packages/airflow/example_dags/example_xcom.py
[2024-01-23T22:28:12.027+0000] {processor.py:743} INFO - Processing file /home/airflow/.local/lib/python3.7/site-packages/airflow/example_dags/example_xcom.py for tasks to queue
[2024-01-23T22:28:12.027+0000] {logging_mixin.py:137} INFO - [2024-01-23T22:28:12.027+0000] {dagbag.py:538} INFO - Filling up the DagBag from /home/airflow/.local/lib/python3.7/site-packages/airflow/example_dags/example_xcom.py
[2024-01-23T22:28:12.051+0000] {processor.py:753} INFO - DAG(s) dict_keys(['example_xcom']) retrieved from /home/airflow/.local/lib/python3.7/site-packages/airflow/example_dags/example_xcom.py
[2024-01-23T22:28:12.090+0000] {logging_mixin.py:137} INFO - [2024-01-23T22:28:12.090+0000] {dag.py:2676} INFO - Sync 1 DAGs
[2024-01-23T22:28:12.120+0000] {logging_mixin.py:137} INFO - [2024-01-23T22:28:12.120+0000] {dag.py:3427} INFO - Setting next_dagrun for example_xcom to 2021-01-01T00:00:00+00:00, run_after=2021-01-01T00:00:00+00:00
[2024-01-23T22:28:12.141+0000] {processor.py:175} INFO - Processing /home/airflow/.local/lib/python3.7/site-packages/airflow/example_dags/example_xcom.py took 0.117 seconds
[2024-01-23T22:28:42.735+0000] {processor.py:153} INFO - Started process (PID=5139) to work on /home/airflow/.local/lib/python3.7/site-packages/airflow/example_dags/example_xcom.py
[2024-01-23T22:28:42.736+0000] {processor.py:743} INFO - Processing file /home/airflow/.local/lib/python3.7/site-packages/airflow/example_dags/example_xcom.py for tasks to queue
[2024-01-23T22:28:42.737+0000] {logging_mixin.py:137} INFO - [2024-01-23T22:28:42.736+0000] {dagbag.py:538} INFO - Filling up the DagBag from /home/airflow/.local/lib/python3.7/site-packages/airflow/example_dags/example_xcom.py
[2024-01-23T22:28:42.765+0000] {processor.py:753} INFO - DAG(s) dict_keys(['example_xcom']) retrieved from /home/airflow/.local/lib/python3.7/site-packages/airflow/example_dags/example_xcom.py
[2024-01-23T22:28:42.809+0000] {logging_mixin.py:137} INFO - [2024-01-23T22:28:42.808+0000] {dag.py:2676} INFO - Sync 1 DAGs
[2024-01-23T22:28:42.838+0000] {logging_mixin.py:137} INFO - [2024-01-23T22:28:42.838+0000] {dag.py:3427} INFO - Setting next_dagrun for example_xcom to 2021-01-01T00:00:00+00:00, run_after=2021-01-01T00:00:00+00:00
[2024-01-23T22:28:42.858+0000] {processor.py:175} INFO - Processing /home/airflow/.local/lib/python3.7/site-packages/airflow/example_dags/example_xcom.py took 0.125 seconds
[2024-01-23T22:29:12.953+0000] {processor.py:153} INFO - Started process (PID=5219) to work on /home/airflow/.local/lib/python3.7/site-packages/airflow/example_dags/example_xcom.py
[2024-01-23T22:29:12.954+0000] {processor.py:743} INFO - Processing file /home/airflow/.local/lib/python3.7/site-packages/airflow/example_dags/example_xcom.py for tasks to queue
[2024-01-23T22:29:12.954+0000] {logging_mixin.py:137} INFO - [2024-01-23T22:29:12.954+0000] {dagbag.py:538} INFO - Filling up the DagBag from /home/airflow/.local/lib/python3.7/site-packages/airflow/example_dags/example_xcom.py
[2024-01-23T22:29:12.975+0000] {processor.py:753} INFO - DAG(s) dict_keys(['example_xcom']) retrieved from /home/airflow/.local/lib/python3.7/site-packages/airflow/example_dags/example_xcom.py
[2024-01-23T22:29:13.013+0000] {logging_mixin.py:137} INFO - [2024-01-23T22:29:13.013+0000] {dag.py:2676} INFO - Sync 1 DAGs
[2024-01-23T22:29:13.035+0000] {logging_mixin.py:137} INFO - [2024-01-23T22:29:13.035+0000] {dag.py:3427} INFO - Setting next_dagrun for example_xcom to 2021-01-01T00:00:00+00:00, run_after=2021-01-01T00:00:00+00:00
[2024-01-23T22:29:13.056+0000] {processor.py:175} INFO - Processing /home/airflow/.local/lib/python3.7/site-packages/airflow/example_dags/example_xcom.py took 0.105 seconds
[2024-01-23T22:29:43.301+0000] {processor.py:153} INFO - Started process (PID=5299) to work on /home/airflow/.local/lib/python3.7/site-packages/airflow/example_dags/example_xcom.py
[2024-01-23T22:29:43.302+0000] {processor.py:743} INFO - Processing file /home/airflow/.local/lib/python3.7/site-packages/airflow/example_dags/example_xcom.py for tasks to queue
[2024-01-23T22:29:43.303+0000] {logging_mixin.py:137} INFO - [2024-01-23T22:29:43.303+0000] {dagbag.py:538} INFO - Filling up the DagBag from /home/airflow/.local/lib/python3.7/site-packages/airflow/example_dags/example_xcom.py
[2024-01-23T22:29:43.330+0000] {processor.py:753} INFO - DAG(s) dict_keys(['example_xcom']) retrieved from /home/airflow/.local/lib/python3.7/site-packages/airflow/example_dags/example_xcom.py
[2024-01-23T22:29:43.373+0000] {logging_mixin.py:137} INFO - [2024-01-23T22:29:43.372+0000] {dag.py:2676} INFO - Sync 1 DAGs
[2024-01-23T22:29:43.401+0000] {logging_mixin.py:137} INFO - [2024-01-23T22:29:43.401+0000] {dag.py:3427} INFO - Setting next_dagrun for example_xcom to 2021-01-01T00:00:00+00:00, run_after=2021-01-01T00:00:00+00:00
[2024-01-23T22:29:43.431+0000] {processor.py:175} INFO - Processing /home/airflow/.local/lib/python3.7/site-packages/airflow/example_dags/example_xcom.py took 0.132 seconds
[2024-01-23T22:30:14.239+0000] {processor.py:153} INFO - Started process (PID=5397) to work on /home/airflow/.local/lib/python3.7/site-packages/airflow/example_dags/example_xcom.py
[2024-01-23T22:30:14.240+0000] {processor.py:743} INFO - Processing file /home/airflow/.local/lib/python3.7/site-packages/airflow/example_dags/example_xcom.py for tasks to queue
[2024-01-23T22:30:14.241+0000] {logging_mixin.py:137} INFO - [2024-01-23T22:30:14.240+0000] {dagbag.py:538} INFO - Filling up the DagBag from /home/airflow/.local/lib/python3.7/site-packages/airflow/example_dags/example_xcom.py
[2024-01-23T22:30:14.264+0000] {processor.py:753} INFO - DAG(s) dict_keys(['example_xcom']) retrieved from /home/airflow/.local/lib/python3.7/site-packages/airflow/example_dags/example_xcom.py
[2024-01-23T22:30:14.302+0000] {logging_mixin.py:137} INFO - [2024-01-23T22:30:14.301+0000] {dag.py:2676} INFO - Sync 1 DAGs
[2024-01-23T22:30:14.325+0000] {logging_mixin.py:137} INFO - [2024-01-23T22:30:14.325+0000] {dag.py:3427} INFO - Setting next_dagrun for example_xcom to 2021-01-01T00:00:00+00:00, run_after=2021-01-01T00:00:00+00:00
[2024-01-23T22:30:14.345+0000] {processor.py:175} INFO - Processing /home/airflow/.local/lib/python3.7/site-packages/airflow/example_dags/example_xcom.py took 0.109 seconds
[2024-01-23T22:30:45.321+0000] {processor.py:153} INFO - Started process (PID=5477) to work on /home/airflow/.local/lib/python3.7/site-packages/airflow/example_dags/example_xcom.py
[2024-01-23T22:30:45.322+0000] {processor.py:743} INFO - Processing file /home/airflow/.local/lib/python3.7/site-packages/airflow/example_dags/example_xcom.py for tasks to queue
[2024-01-23T22:30:45.323+0000] {logging_mixin.py:137} INFO - [2024-01-23T22:30:45.322+0000] {dagbag.py:538} INFO - Filling up the DagBag from /home/airflow/.local/lib/python3.7/site-packages/airflow/example_dags/example_xcom.py
[2024-01-23T22:30:45.347+0000] {processor.py:753} INFO - DAG(s) dict_keys(['example_xcom']) retrieved from /home/airflow/.local/lib/python3.7/site-packages/airflow/example_dags/example_xcom.py
[2024-01-23T22:30:45.385+0000] {logging_mixin.py:137} INFO - [2024-01-23T22:30:45.385+0000] {dag.py:2676} INFO - Sync 1 DAGs
[2024-01-23T22:30:45.415+0000] {logging_mixin.py:137} INFO - [2024-01-23T22:30:45.415+0000] {dag.py:3427} INFO - Setting next_dagrun for example_xcom to 2021-01-01T00:00:00+00:00, run_after=2021-01-01T00:00:00+00:00
[2024-01-23T22:30:45.437+0000] {processor.py:175} INFO - Processing /home/airflow/.local/lib/python3.7/site-packages/airflow/example_dags/example_xcom.py took 0.118 seconds
[2024-01-23T22:31:15.569+0000] {processor.py:153} INFO - Started process (PID=5577) to work on /home/airflow/.local/lib/python3.7/site-packages/airflow/example_dags/example_xcom.py
[2024-01-23T22:31:15.570+0000] {processor.py:743} INFO - Processing file /home/airflow/.local/lib/python3.7/site-packages/airflow/example_dags/example_xcom.py for tasks to queue
[2024-01-23T22:31:15.571+0000] {logging_mixin.py:137} INFO - [2024-01-23T22:31:15.570+0000] {dagbag.py:538} INFO - Filling up the DagBag from /home/airflow/.local/lib/python3.7/site-packages/airflow/example_dags/example_xcom.py
[2024-01-23T22:31:15.597+0000] {processor.py:753} INFO - DAG(s) dict_keys(['example_xcom']) retrieved from /home/airflow/.local/lib/python3.7/site-packages/airflow/example_dags/example_xcom.py
[2024-01-23T22:31:15.635+0000] {logging_mixin.py:137} INFO - [2024-01-23T22:31:15.635+0000] {dag.py:2676} INFO - Sync 1 DAGs
[2024-01-23T22:31:15.668+0000] {logging_mixin.py:137} INFO - [2024-01-23T22:31:15.667+0000] {dag.py:3427} INFO - Setting next_dagrun for example_xcom to 2021-01-01T00:00:00+00:00, run_after=2021-01-01T00:00:00+00:00
[2024-01-23T22:31:15.692+0000] {processor.py:175} INFO - Processing /home/airflow/.local/lib/python3.7/site-packages/airflow/example_dags/example_xcom.py took 0.125 seconds
[2024-01-23T22:31:45.980+0000] {processor.py:153} INFO - Started process (PID=5658) to work on /home/airflow/.local/lib/python3.7/site-packages/airflow/example_dags/example_xcom.py
[2024-01-23T22:31:45.980+0000] {processor.py:743} INFO - Processing file /home/airflow/.local/lib/python3.7/site-packages/airflow/example_dags/example_xcom.py for tasks to queue
[2024-01-23T22:31:45.981+0000] {logging_mixin.py:137} INFO - [2024-01-23T22:31:45.981+0000] {dagbag.py:538} INFO - Filling up the DagBag from /home/airflow/.local/lib/python3.7/site-packages/airflow/example_dags/example_xcom.py
[2024-01-23T22:31:46.008+0000] {processor.py:753} INFO - DAG(s) dict_keys(['example_xcom']) retrieved from /home/airflow/.local/lib/python3.7/site-packages/airflow/example_dags/example_xcom.py
[2024-01-23T22:31:46.051+0000] {logging_mixin.py:137} INFO - [2024-01-23T22:31:46.051+0000] {dag.py:2676} INFO - Sync 1 DAGs
[2024-01-23T22:31:46.086+0000] {logging_mixin.py:137} INFO - [2024-01-23T22:31:46.086+0000] {dag.py:3427} INFO - Setting next_dagrun for example_xcom to 2021-01-01T00:00:00+00:00, run_after=2021-01-01T00:00:00+00:00
[2024-01-23T22:31:46.110+0000] {processor.py:175} INFO - Processing /home/airflow/.local/lib/python3.7/site-packages/airflow/example_dags/example_xcom.py took 0.132 seconds
