[2024-01-23T21:50:39.204+0000] {processor.py:153} INFO - Started process (PID=69) to work on /home/airflow/.local/lib/python3.7/site-packages/airflow/example_dags/example_bash_operator.py
[2024-01-23T21:50:39.205+0000] {processor.py:743} INFO - Processing file /home/airflow/.local/lib/python3.7/site-packages/airflow/example_dags/example_bash_operator.py for tasks to queue
[2024-01-23T21:50:39.209+0000] {logging_mixin.py:137} INFO - [2024-01-23T21:50:39.208+0000] {dagbag.py:538} INFO - Filling up the DagBag from /home/airflow/.local/lib/python3.7/site-packages/airflow/example_dags/example_bash_operator.py
[2024-01-23T21:50:39.325+0000] {processor.py:753} INFO - DAG(s) dict_keys(['example_bash_operator']) retrieved from /home/airflow/.local/lib/python3.7/site-packages/airflow/example_dags/example_bash_operator.py
[2024-01-23T21:50:39.490+0000] {logging_mixin.py:137} INFO - [2024-01-23T21:50:39.490+0000] {dag.py:2676} INFO - Sync 1 DAGs
[2024-01-23T21:50:39.574+0000] {logging_mixin.py:137} INFO - [2024-01-23T21:50:39.574+0000] {dag.py:3427} INFO - Setting next_dagrun for example_bash_operator to 2024-01-22T00:00:00+00:00, run_after=2024-01-23T00:00:00+00:00
[2024-01-23T21:50:39.623+0000] {processor.py:175} INFO - Processing /home/airflow/.local/lib/python3.7/site-packages/airflow/example_dags/example_bash_operator.py took 0.426 seconds
[2024-01-23T21:51:10.019+0000] {processor.py:153} INFO - Started process (PID=149) to work on /home/airflow/.local/lib/python3.7/site-packages/airflow/example_dags/example_bash_operator.py
[2024-01-23T21:51:10.019+0000] {processor.py:743} INFO - Processing file /home/airflow/.local/lib/python3.7/site-packages/airflow/example_dags/example_bash_operator.py for tasks to queue
[2024-01-23T21:51:10.020+0000] {logging_mixin.py:137} INFO - [2024-01-23T21:51:10.020+0000] {dagbag.py:538} INFO - Filling up the DagBag from /home/airflow/.local/lib/python3.7/site-packages/airflow/example_dags/example_bash_operator.py
[2024-01-23T21:51:10.047+0000] {processor.py:753} INFO - DAG(s) dict_keys(['example_bash_operator']) retrieved from /home/airflow/.local/lib/python3.7/site-packages/airflow/example_dags/example_bash_operator.py
[2024-01-23T21:51:10.096+0000] {logging_mixin.py:137} INFO - [2024-01-23T21:51:10.095+0000] {dag.py:2676} INFO - Sync 1 DAGs
[2024-01-23T21:51:10.124+0000] {logging_mixin.py:137} INFO - [2024-01-23T21:51:10.124+0000] {dag.py:3427} INFO - Setting next_dagrun for example_bash_operator to 2024-01-22T00:00:00+00:00, run_after=2024-01-23T00:00:00+00:00
[2024-01-23T21:51:10.145+0000] {processor.py:175} INFO - Processing /home/airflow/.local/lib/python3.7/site-packages/airflow/example_dags/example_bash_operator.py took 0.129 seconds
[2024-01-23T21:51:40.919+0000] {processor.py:153} INFO - Started process (PID=249) to work on /home/airflow/.local/lib/python3.7/site-packages/airflow/example_dags/example_bash_operator.py
[2024-01-23T21:51:40.920+0000] {processor.py:743} INFO - Processing file /home/airflow/.local/lib/python3.7/site-packages/airflow/example_dags/example_bash_operator.py for tasks to queue
[2024-01-23T21:51:40.921+0000] {logging_mixin.py:137} INFO - [2024-01-23T21:51:40.921+0000] {dagbag.py:538} INFO - Filling up the DagBag from /home/airflow/.local/lib/python3.7/site-packages/airflow/example_dags/example_bash_operator.py
[2024-01-23T21:51:40.944+0000] {processor.py:753} INFO - DAG(s) dict_keys(['example_bash_operator']) retrieved from /home/airflow/.local/lib/python3.7/site-packages/airflow/example_dags/example_bash_operator.py
[2024-01-23T21:51:41.003+0000] {logging_mixin.py:137} INFO - [2024-01-23T21:51:41.003+0000] {dag.py:2676} INFO - Sync 1 DAGs
[2024-01-23T21:51:41.044+0000] {logging_mixin.py:137} INFO - [2024-01-23T21:51:41.043+0000] {dag.py:3427} INFO - Setting next_dagrun for example_bash_operator to 2024-01-22T00:00:00+00:00, run_after=2024-01-23T00:00:00+00:00
[2024-01-23T21:51:41.070+0000] {processor.py:175} INFO - Processing /home/airflow/.local/lib/python3.7/site-packages/airflow/example_dags/example_bash_operator.py took 0.155 seconds
[2024-01-23T21:52:11.324+0000] {processor.py:153} INFO - Started process (PID=329) to work on /home/airflow/.local/lib/python3.7/site-packages/airflow/example_dags/example_bash_operator.py
[2024-01-23T21:52:11.325+0000] {processor.py:743} INFO - Processing file /home/airflow/.local/lib/python3.7/site-packages/airflow/example_dags/example_bash_operator.py for tasks to queue
[2024-01-23T21:52:11.326+0000] {logging_mixin.py:137} INFO - [2024-01-23T21:52:11.325+0000] {dagbag.py:538} INFO - Filling up the DagBag from /home/airflow/.local/lib/python3.7/site-packages/airflow/example_dags/example_bash_operator.py
[2024-01-23T21:52:11.351+0000] {processor.py:753} INFO - DAG(s) dict_keys(['example_bash_operator']) retrieved from /home/airflow/.local/lib/python3.7/site-packages/airflow/example_dags/example_bash_operator.py
[2024-01-23T21:52:11.422+0000] {logging_mixin.py:137} INFO - [2024-01-23T21:52:11.422+0000] {dag.py:2676} INFO - Sync 1 DAGs
[2024-01-23T21:52:11.455+0000] {logging_mixin.py:137} INFO - [2024-01-23T21:52:11.455+0000] {dag.py:3427} INFO - Setting next_dagrun for example_bash_operator to 2024-01-22T00:00:00+00:00, run_after=2024-01-23T00:00:00+00:00
[2024-01-23T21:52:11.478+0000] {processor.py:175} INFO - Processing /home/airflow/.local/lib/python3.7/site-packages/airflow/example_dags/example_bash_operator.py took 0.156 seconds
[2024-01-23T21:52:41.830+0000] {processor.py:153} INFO - Started process (PID=409) to work on /home/airflow/.local/lib/python3.7/site-packages/airflow/example_dags/example_bash_operator.py
[2024-01-23T21:52:41.831+0000] {processor.py:743} INFO - Processing file /home/airflow/.local/lib/python3.7/site-packages/airflow/example_dags/example_bash_operator.py for tasks to queue
[2024-01-23T21:52:41.831+0000] {logging_mixin.py:137} INFO - [2024-01-23T21:52:41.831+0000] {dagbag.py:538} INFO - Filling up the DagBag from /home/airflow/.local/lib/python3.7/site-packages/airflow/example_dags/example_bash_operator.py
[2024-01-23T21:52:41.852+0000] {processor.py:753} INFO - DAG(s) dict_keys(['example_bash_operator']) retrieved from /home/airflow/.local/lib/python3.7/site-packages/airflow/example_dags/example_bash_operator.py
[2024-01-23T21:52:41.917+0000] {logging_mixin.py:137} INFO - [2024-01-23T21:52:41.917+0000] {dag.py:2676} INFO - Sync 1 DAGs
[2024-01-23T21:52:41.954+0000] {logging_mixin.py:137} INFO - [2024-01-23T21:52:41.954+0000] {dag.py:3427} INFO - Setting next_dagrun for example_bash_operator to 2024-01-22T00:00:00+00:00, run_after=2024-01-23T00:00:00+00:00
[2024-01-23T21:52:41.980+0000] {processor.py:175} INFO - Processing /home/airflow/.local/lib/python3.7/site-packages/airflow/example_dags/example_bash_operator.py took 0.153 seconds
[2024-01-23T21:53:12.690+0000] {processor.py:153} INFO - Started process (PID=509) to work on /home/airflow/.local/lib/python3.7/site-packages/airflow/example_dags/example_bash_operator.py
[2024-01-23T21:53:12.691+0000] {processor.py:743} INFO - Processing file /home/airflow/.local/lib/python3.7/site-packages/airflow/example_dags/example_bash_operator.py for tasks to queue
[2024-01-23T21:53:12.692+0000] {logging_mixin.py:137} INFO - [2024-01-23T21:53:12.692+0000] {dagbag.py:538} INFO - Filling up the DagBag from /home/airflow/.local/lib/python3.7/site-packages/airflow/example_dags/example_bash_operator.py
[2024-01-23T21:53:12.721+0000] {processor.py:753} INFO - DAG(s) dict_keys(['example_bash_operator']) retrieved from /home/airflow/.local/lib/python3.7/site-packages/airflow/example_dags/example_bash_operator.py
[2024-01-23T21:53:12.787+0000] {logging_mixin.py:137} INFO - [2024-01-23T21:53:12.787+0000] {dag.py:2676} INFO - Sync 1 DAGs
[2024-01-23T21:53:12.828+0000] {logging_mixin.py:137} INFO - [2024-01-23T21:53:12.828+0000] {dag.py:3427} INFO - Setting next_dagrun for example_bash_operator to 2024-01-22T00:00:00+00:00, run_after=2024-01-23T00:00:00+00:00
[2024-01-23T21:53:12.853+0000] {processor.py:175} INFO - Processing /home/airflow/.local/lib/python3.7/site-packages/airflow/example_dags/example_bash_operator.py took 0.166 seconds
[2024-01-23T21:53:43.209+0000] {processor.py:153} INFO - Started process (PID=589) to work on /home/airflow/.local/lib/python3.7/site-packages/airflow/example_dags/example_bash_operator.py
[2024-01-23T21:53:43.210+0000] {processor.py:743} INFO - Processing file /home/airflow/.local/lib/python3.7/site-packages/airflow/example_dags/example_bash_operator.py for tasks to queue
[2024-01-23T21:53:43.211+0000] {logging_mixin.py:137} INFO - [2024-01-23T21:53:43.211+0000] {dagbag.py:538} INFO - Filling up the DagBag from /home/airflow/.local/lib/python3.7/site-packages/airflow/example_dags/example_bash_operator.py
[2024-01-23T21:53:43.232+0000] {processor.py:753} INFO - DAG(s) dict_keys(['example_bash_operator']) retrieved from /home/airflow/.local/lib/python3.7/site-packages/airflow/example_dags/example_bash_operator.py
[2024-01-23T21:53:43.293+0000] {logging_mixin.py:137} INFO - [2024-01-23T21:53:43.293+0000] {dag.py:2676} INFO - Sync 1 DAGs
[2024-01-23T21:53:43.338+0000] {logging_mixin.py:137} INFO - [2024-01-23T21:53:43.338+0000] {dag.py:3427} INFO - Setting next_dagrun for example_bash_operator to 2024-01-22T00:00:00+00:00, run_after=2024-01-23T00:00:00+00:00
[2024-01-23T21:53:43.364+0000] {processor.py:175} INFO - Processing /home/airflow/.local/lib/python3.7/site-packages/airflow/example_dags/example_bash_operator.py took 0.158 seconds
[2024-01-23T21:59:14.979+0000] {processor.py:153} INFO - Started process (PID=69) to work on /home/airflow/.local/lib/python3.7/site-packages/airflow/example_dags/example_bash_operator.py
[2024-01-23T21:59:14.981+0000] {processor.py:743} INFO - Processing file /home/airflow/.local/lib/python3.7/site-packages/airflow/example_dags/example_bash_operator.py for tasks to queue
[2024-01-23T21:59:14.982+0000] {logging_mixin.py:137} INFO - [2024-01-23T21:59:14.982+0000] {dagbag.py:538} INFO - Filling up the DagBag from /home/airflow/.local/lib/python3.7/site-packages/airflow/example_dags/example_bash_operator.py
[2024-01-23T21:59:15.024+0000] {processor.py:753} INFO - DAG(s) dict_keys(['example_bash_operator']) retrieved from /home/airflow/.local/lib/python3.7/site-packages/airflow/example_dags/example_bash_operator.py
[2024-01-23T21:59:15.115+0000] {logging_mixin.py:137} INFO - [2024-01-23T21:59:15.114+0000] {dag.py:2676} INFO - Sync 1 DAGs
[2024-01-23T21:59:15.174+0000] {logging_mixin.py:137} INFO - [2024-01-23T21:59:15.173+0000] {dag.py:3427} INFO - Setting next_dagrun for example_bash_operator to 2024-01-22T00:00:00+00:00, run_after=2024-01-23T00:00:00+00:00
[2024-01-23T21:59:15.219+0000] {processor.py:175} INFO - Processing /home/airflow/.local/lib/python3.7/site-packages/airflow/example_dags/example_bash_operator.py took 0.242 seconds
[2024-01-23T21:59:45.338+0000] {processor.py:153} INFO - Started process (PID=149) to work on /home/airflow/.local/lib/python3.7/site-packages/airflow/example_dags/example_bash_operator.py
[2024-01-23T21:59:45.341+0000] {processor.py:743} INFO - Processing file /home/airflow/.local/lib/python3.7/site-packages/airflow/example_dags/example_bash_operator.py for tasks to queue
[2024-01-23T21:59:45.345+0000] {logging_mixin.py:137} INFO - [2024-01-23T21:59:45.344+0000] {dagbag.py:538} INFO - Filling up the DagBag from /home/airflow/.local/lib/python3.7/site-packages/airflow/example_dags/example_bash_operator.py
[2024-01-23T21:59:45.374+0000] {processor.py:753} INFO - DAG(s) dict_keys(['example_bash_operator']) retrieved from /home/airflow/.local/lib/python3.7/site-packages/airflow/example_dags/example_bash_operator.py
[2024-01-23T21:59:45.436+0000] {logging_mixin.py:137} INFO - [2024-01-23T21:59:45.436+0000] {dag.py:2676} INFO - Sync 1 DAGs
[2024-01-23T21:59:45.468+0000] {logging_mixin.py:137} INFO - [2024-01-23T21:59:45.468+0000] {dag.py:3427} INFO - Setting next_dagrun for example_bash_operator to 2024-01-22T00:00:00+00:00, run_after=2024-01-23T00:00:00+00:00
[2024-01-23T21:59:45.487+0000] {processor.py:175} INFO - Processing /home/airflow/.local/lib/python3.7/site-packages/airflow/example_dags/example_bash_operator.py took 0.151 seconds
[2024-01-23T22:00:15.972+0000] {processor.py:153} INFO - Started process (PID=229) to work on /home/airflow/.local/lib/python3.7/site-packages/airflow/example_dags/example_bash_operator.py
[2024-01-23T22:00:15.972+0000] {processor.py:743} INFO - Processing file /home/airflow/.local/lib/python3.7/site-packages/airflow/example_dags/example_bash_operator.py for tasks to queue
[2024-01-23T22:00:15.973+0000] {logging_mixin.py:137} INFO - [2024-01-23T22:00:15.973+0000] {dagbag.py:538} INFO - Filling up the DagBag from /home/airflow/.local/lib/python3.7/site-packages/airflow/example_dags/example_bash_operator.py
[2024-01-23T22:00:15.999+0000] {processor.py:753} INFO - DAG(s) dict_keys(['example_bash_operator']) retrieved from /home/airflow/.local/lib/python3.7/site-packages/airflow/example_dags/example_bash_operator.py
[2024-01-23T22:00:16.059+0000] {logging_mixin.py:137} INFO - [2024-01-23T22:00:16.059+0000] {dag.py:2676} INFO - Sync 1 DAGs
[2024-01-23T22:00:16.103+0000] {logging_mixin.py:137} INFO - [2024-01-23T22:00:16.102+0000] {dag.py:3427} INFO - Setting next_dagrun for example_bash_operator to 2024-01-22T00:00:00+00:00, run_after=2024-01-23T00:00:00+00:00
[2024-01-23T22:00:16.126+0000] {processor.py:175} INFO - Processing /home/airflow/.local/lib/python3.7/site-packages/airflow/example_dags/example_bash_operator.py took 0.156 seconds
[2024-01-23T22:00:46.653+0000] {processor.py:153} INFO - Started process (PID=329) to work on /home/airflow/.local/lib/python3.7/site-packages/airflow/example_dags/example_bash_operator.py
[2024-01-23T22:00:46.654+0000] {processor.py:743} INFO - Processing file /home/airflow/.local/lib/python3.7/site-packages/airflow/example_dags/example_bash_operator.py for tasks to queue
[2024-01-23T22:00:46.654+0000] {logging_mixin.py:137} INFO - [2024-01-23T22:00:46.654+0000] {dagbag.py:538} INFO - Filling up the DagBag from /home/airflow/.local/lib/python3.7/site-packages/airflow/example_dags/example_bash_operator.py
[2024-01-23T22:00:46.678+0000] {processor.py:753} INFO - DAG(s) dict_keys(['example_bash_operator']) retrieved from /home/airflow/.local/lib/python3.7/site-packages/airflow/example_dags/example_bash_operator.py
[2024-01-23T22:00:46.739+0000] {logging_mixin.py:137} INFO - [2024-01-23T22:00:46.739+0000] {dag.py:2676} INFO - Sync 1 DAGs
[2024-01-23T22:00:46.770+0000] {logging_mixin.py:137} INFO - [2024-01-23T22:00:46.770+0000] {dag.py:3427} INFO - Setting next_dagrun for example_bash_operator to 2024-01-22T00:00:00+00:00, run_after=2024-01-23T00:00:00+00:00
[2024-01-23T22:00:46.790+0000] {processor.py:175} INFO - Processing /home/airflow/.local/lib/python3.7/site-packages/airflow/example_dags/example_bash_operator.py took 0.139 seconds
[2024-01-23T22:01:17.537+0000] {processor.py:153} INFO - Started process (PID=409) to work on /home/airflow/.local/lib/python3.7/site-packages/airflow/example_dags/example_bash_operator.py
[2024-01-23T22:01:17.538+0000] {processor.py:743} INFO - Processing file /home/airflow/.local/lib/python3.7/site-packages/airflow/example_dags/example_bash_operator.py for tasks to queue
[2024-01-23T22:01:17.538+0000] {logging_mixin.py:137} INFO - [2024-01-23T22:01:17.538+0000] {dagbag.py:538} INFO - Filling up the DagBag from /home/airflow/.local/lib/python3.7/site-packages/airflow/example_dags/example_bash_operator.py
[2024-01-23T22:01:17.560+0000] {processor.py:753} INFO - DAG(s) dict_keys(['example_bash_operator']) retrieved from /home/airflow/.local/lib/python3.7/site-packages/airflow/example_dags/example_bash_operator.py
[2024-01-23T22:01:17.613+0000] {logging_mixin.py:137} INFO - [2024-01-23T22:01:17.613+0000] {dag.py:2676} INFO - Sync 1 DAGs
[2024-01-23T22:01:17.650+0000] {logging_mixin.py:137} INFO - [2024-01-23T22:01:17.650+0000] {dag.py:3427} INFO - Setting next_dagrun for example_bash_operator to 2024-01-22T00:00:00+00:00, run_after=2024-01-23T00:00:00+00:00
[2024-01-23T22:01:17.671+0000] {processor.py:175} INFO - Processing /home/airflow/.local/lib/python3.7/site-packages/airflow/example_dags/example_bash_operator.py took 0.136 seconds
[2024-01-23T22:01:47.887+0000] {processor.py:153} INFO - Started process (PID=498) to work on /home/airflow/.local/lib/python3.7/site-packages/airflow/example_dags/example_bash_operator.py
[2024-01-23T22:01:47.888+0000] {processor.py:743} INFO - Processing file /home/airflow/.local/lib/python3.7/site-packages/airflow/example_dags/example_bash_operator.py for tasks to queue
[2024-01-23T22:01:47.889+0000] {logging_mixin.py:137} INFO - [2024-01-23T22:01:47.889+0000] {dagbag.py:538} INFO - Filling up the DagBag from /home/airflow/.local/lib/python3.7/site-packages/airflow/example_dags/example_bash_operator.py
[2024-01-23T22:01:47.919+0000] {processor.py:753} INFO - DAG(s) dict_keys(['example_bash_operator']) retrieved from /home/airflow/.local/lib/python3.7/site-packages/airflow/example_dags/example_bash_operator.py
[2024-01-23T22:01:47.985+0000] {logging_mixin.py:137} INFO - [2024-01-23T22:01:47.985+0000] {dag.py:2676} INFO - Sync 1 DAGs
[2024-01-23T22:01:48.028+0000] {logging_mixin.py:137} INFO - [2024-01-23T22:01:48.028+0000] {dag.py:3427} INFO - Setting next_dagrun for example_bash_operator to 2024-01-22T00:00:00+00:00, run_after=2024-01-23T00:00:00+00:00
[2024-01-23T22:01:48.102+0000] {processor.py:175} INFO - Processing /home/airflow/.local/lib/python3.7/site-packages/airflow/example_dags/example_bash_operator.py took 0.218 seconds
[2024-01-23T22:02:18.176+0000] {processor.py:153} INFO - Started process (PID=589) to work on /home/airflow/.local/lib/python3.7/site-packages/airflow/example_dags/example_bash_operator.py
[2024-01-23T22:02:18.177+0000] {processor.py:743} INFO - Processing file /home/airflow/.local/lib/python3.7/site-packages/airflow/example_dags/example_bash_operator.py for tasks to queue
[2024-01-23T22:02:18.178+0000] {logging_mixin.py:137} INFO - [2024-01-23T22:02:18.178+0000] {dagbag.py:538} INFO - Filling up the DagBag from /home/airflow/.local/lib/python3.7/site-packages/airflow/example_dags/example_bash_operator.py
[2024-01-23T22:02:18.198+0000] {processor.py:753} INFO - DAG(s) dict_keys(['example_bash_operator']) retrieved from /home/airflow/.local/lib/python3.7/site-packages/airflow/example_dags/example_bash_operator.py
[2024-01-23T22:02:18.252+0000] {logging_mixin.py:137} INFO - [2024-01-23T22:02:18.252+0000] {dag.py:2676} INFO - Sync 1 DAGs
[2024-01-23T22:02:18.284+0000] {logging_mixin.py:137} INFO - [2024-01-23T22:02:18.284+0000] {dag.py:3427} INFO - Setting next_dagrun for example_bash_operator to 2024-01-22T00:00:00+00:00, run_after=2024-01-23T00:00:00+00:00
[2024-01-23T22:02:18.305+0000] {processor.py:175} INFO - Processing /home/airflow/.local/lib/python3.7/site-packages/airflow/example_dags/example_bash_operator.py took 0.130 seconds
[2024-01-23T22:02:48.589+0000] {processor.py:153} INFO - Started process (PID=669) to work on /home/airflow/.local/lib/python3.7/site-packages/airflow/example_dags/example_bash_operator.py
[2024-01-23T22:02:48.589+0000] {processor.py:743} INFO - Processing file /home/airflow/.local/lib/python3.7/site-packages/airflow/example_dags/example_bash_operator.py for tasks to queue
[2024-01-23T22:02:48.590+0000] {logging_mixin.py:137} INFO - [2024-01-23T22:02:48.590+0000] {dagbag.py:538} INFO - Filling up the DagBag from /home/airflow/.local/lib/python3.7/site-packages/airflow/example_dags/example_bash_operator.py
[2024-01-23T22:02:48.615+0000] {processor.py:753} INFO - DAG(s) dict_keys(['example_bash_operator']) retrieved from /home/airflow/.local/lib/python3.7/site-packages/airflow/example_dags/example_bash_operator.py
[2024-01-23T22:02:48.675+0000] {logging_mixin.py:137} INFO - [2024-01-23T22:02:48.674+0000] {dag.py:2676} INFO - Sync 1 DAGs
[2024-01-23T22:02:48.704+0000] {logging_mixin.py:137} INFO - [2024-01-23T22:02:48.704+0000] {dag.py:3427} INFO - Setting next_dagrun for example_bash_operator to 2024-01-22T00:00:00+00:00, run_after=2024-01-23T00:00:00+00:00
[2024-01-23T22:02:48.726+0000] {processor.py:175} INFO - Processing /home/airflow/.local/lib/python3.7/site-packages/airflow/example_dags/example_bash_operator.py took 0.139 seconds
[2024-01-23T22:03:18.953+0000] {processor.py:153} INFO - Started process (PID=769) to work on /home/airflow/.local/lib/python3.7/site-packages/airflow/example_dags/example_bash_operator.py
[2024-01-23T22:03:18.954+0000] {processor.py:743} INFO - Processing file /home/airflow/.local/lib/python3.7/site-packages/airflow/example_dags/example_bash_operator.py for tasks to queue
[2024-01-23T22:03:18.955+0000] {logging_mixin.py:137} INFO - [2024-01-23T22:03:18.955+0000] {dagbag.py:538} INFO - Filling up the DagBag from /home/airflow/.local/lib/python3.7/site-packages/airflow/example_dags/example_bash_operator.py
[2024-01-23T22:03:18.983+0000] {processor.py:753} INFO - DAG(s) dict_keys(['example_bash_operator']) retrieved from /home/airflow/.local/lib/python3.7/site-packages/airflow/example_dags/example_bash_operator.py
[2024-01-23T22:03:19.053+0000] {logging_mixin.py:137} INFO - [2024-01-23T22:03:19.053+0000] {dag.py:2676} INFO - Sync 1 DAGs
[2024-01-23T22:03:19.093+0000] {logging_mixin.py:137} INFO - [2024-01-23T22:03:19.093+0000] {dag.py:3427} INFO - Setting next_dagrun for example_bash_operator to 2024-01-22T00:00:00+00:00, run_after=2024-01-23T00:00:00+00:00
[2024-01-23T22:03:19.120+0000] {processor.py:175} INFO - Processing /home/airflow/.local/lib/python3.7/site-packages/airflow/example_dags/example_bash_operator.py took 0.169 seconds
[2024-01-23T22:03:49.295+0000] {processor.py:153} INFO - Started process (PID=849) to work on /home/airflow/.local/lib/python3.7/site-packages/airflow/example_dags/example_bash_operator.py
[2024-01-23T22:03:49.295+0000] {processor.py:743} INFO - Processing file /home/airflow/.local/lib/python3.7/site-packages/airflow/example_dags/example_bash_operator.py for tasks to queue
[2024-01-23T22:03:49.296+0000] {logging_mixin.py:137} INFO - [2024-01-23T22:03:49.296+0000] {dagbag.py:538} INFO - Filling up the DagBag from /home/airflow/.local/lib/python3.7/site-packages/airflow/example_dags/example_bash_operator.py
[2024-01-23T22:03:49.320+0000] {processor.py:753} INFO - DAG(s) dict_keys(['example_bash_operator']) retrieved from /home/airflow/.local/lib/python3.7/site-packages/airflow/example_dags/example_bash_operator.py
[2024-01-23T22:03:49.376+0000] {logging_mixin.py:137} INFO - [2024-01-23T22:03:49.376+0000] {dag.py:2676} INFO - Sync 1 DAGs
[2024-01-23T22:03:49.408+0000] {logging_mixin.py:137} INFO - [2024-01-23T22:03:49.408+0000] {dag.py:3427} INFO - Setting next_dagrun for example_bash_operator to 2024-01-22T00:00:00+00:00, run_after=2024-01-23T00:00:00+00:00
[2024-01-23T22:03:49.430+0000] {processor.py:175} INFO - Processing /home/airflow/.local/lib/python3.7/site-packages/airflow/example_dags/example_bash_operator.py took 0.138 seconds
[2024-01-23T22:04:19.628+0000] {processor.py:153} INFO - Started process (PID=929) to work on /home/airflow/.local/lib/python3.7/site-packages/airflow/example_dags/example_bash_operator.py
[2024-01-23T22:04:19.629+0000] {processor.py:743} INFO - Processing file /home/airflow/.local/lib/python3.7/site-packages/airflow/example_dags/example_bash_operator.py for tasks to queue
[2024-01-23T22:04:19.629+0000] {logging_mixin.py:137} INFO - [2024-01-23T22:04:19.629+0000] {dagbag.py:538} INFO - Filling up the DagBag from /home/airflow/.local/lib/python3.7/site-packages/airflow/example_dags/example_bash_operator.py
[2024-01-23T22:04:19.652+0000] {processor.py:753} INFO - DAG(s) dict_keys(['example_bash_operator']) retrieved from /home/airflow/.local/lib/python3.7/site-packages/airflow/example_dags/example_bash_operator.py
[2024-01-23T22:04:19.712+0000] {logging_mixin.py:137} INFO - [2024-01-23T22:04:19.711+0000] {dag.py:2676} INFO - Sync 1 DAGs
[2024-01-23T22:04:19.738+0000] {logging_mixin.py:137} INFO - [2024-01-23T22:04:19.738+0000] {dag.py:3427} INFO - Setting next_dagrun for example_bash_operator to 2024-01-22T00:00:00+00:00, run_after=2024-01-23T00:00:00+00:00
[2024-01-23T22:04:19.762+0000] {processor.py:175} INFO - Processing /home/airflow/.local/lib/python3.7/site-packages/airflow/example_dags/example_bash_operator.py took 0.136 seconds
[2024-01-23T22:04:50.423+0000] {processor.py:153} INFO - Started process (PID=1029) to work on /home/airflow/.local/lib/python3.7/site-packages/airflow/example_dags/example_bash_operator.py
[2024-01-23T22:04:50.424+0000] {processor.py:743} INFO - Processing file /home/airflow/.local/lib/python3.7/site-packages/airflow/example_dags/example_bash_operator.py for tasks to queue
[2024-01-23T22:04:50.424+0000] {logging_mixin.py:137} INFO - [2024-01-23T22:04:50.424+0000] {dagbag.py:538} INFO - Filling up the DagBag from /home/airflow/.local/lib/python3.7/site-packages/airflow/example_dags/example_bash_operator.py
[2024-01-23T22:04:50.451+0000] {processor.py:753} INFO - DAG(s) dict_keys(['example_bash_operator']) retrieved from /home/airflow/.local/lib/python3.7/site-packages/airflow/example_dags/example_bash_operator.py
[2024-01-23T22:04:50.523+0000] {logging_mixin.py:137} INFO - [2024-01-23T22:04:50.523+0000] {dag.py:2676} INFO - Sync 1 DAGs
[2024-01-23T22:04:50.563+0000] {logging_mixin.py:137} INFO - [2024-01-23T22:04:50.563+0000] {dag.py:3427} INFO - Setting next_dagrun for example_bash_operator to 2024-01-22T00:00:00+00:00, run_after=2024-01-23T00:00:00+00:00
[2024-01-23T22:04:50.585+0000] {processor.py:175} INFO - Processing /home/airflow/.local/lib/python3.7/site-packages/airflow/example_dags/example_bash_operator.py took 0.165 seconds
[2024-01-23T22:05:20.775+0000] {processor.py:153} INFO - Started process (PID=1109) to work on /home/airflow/.local/lib/python3.7/site-packages/airflow/example_dags/example_bash_operator.py
[2024-01-23T22:05:20.776+0000] {processor.py:743} INFO - Processing file /home/airflow/.local/lib/python3.7/site-packages/airflow/example_dags/example_bash_operator.py for tasks to queue
[2024-01-23T22:05:20.777+0000] {logging_mixin.py:137} INFO - [2024-01-23T22:05:20.777+0000] {dagbag.py:538} INFO - Filling up the DagBag from /home/airflow/.local/lib/python3.7/site-packages/airflow/example_dags/example_bash_operator.py
[2024-01-23T22:05:20.803+0000] {processor.py:753} INFO - DAG(s) dict_keys(['example_bash_operator']) retrieved from /home/airflow/.local/lib/python3.7/site-packages/airflow/example_dags/example_bash_operator.py
[2024-01-23T22:05:20.871+0000] {logging_mixin.py:137} INFO - [2024-01-23T22:05:20.870+0000] {dag.py:2676} INFO - Sync 1 DAGs
[2024-01-23T22:05:20.911+0000] {logging_mixin.py:137} INFO - [2024-01-23T22:05:20.911+0000] {dag.py:3427} INFO - Setting next_dagrun for example_bash_operator to 2024-01-22T00:00:00+00:00, run_after=2024-01-23T00:00:00+00:00
[2024-01-23T22:05:20.938+0000] {processor.py:175} INFO - Processing /home/airflow/.local/lib/python3.7/site-packages/airflow/example_dags/example_bash_operator.py took 0.166 seconds
[2024-01-23T22:05:51.107+0000] {processor.py:153} INFO - Started process (PID=1189) to work on /home/airflow/.local/lib/python3.7/site-packages/airflow/example_dags/example_bash_operator.py
[2024-01-23T22:05:51.108+0000] {processor.py:743} INFO - Processing file /home/airflow/.local/lib/python3.7/site-packages/airflow/example_dags/example_bash_operator.py for tasks to queue
[2024-01-23T22:05:51.109+0000] {logging_mixin.py:137} INFO - [2024-01-23T22:05:51.109+0000] {dagbag.py:538} INFO - Filling up the DagBag from /home/airflow/.local/lib/python3.7/site-packages/airflow/example_dags/example_bash_operator.py
[2024-01-23T22:05:51.132+0000] {processor.py:753} INFO - DAG(s) dict_keys(['example_bash_operator']) retrieved from /home/airflow/.local/lib/python3.7/site-packages/airflow/example_dags/example_bash_operator.py
[2024-01-23T22:05:51.187+0000] {logging_mixin.py:137} INFO - [2024-01-23T22:05:51.187+0000] {dag.py:2676} INFO - Sync 1 DAGs
[2024-01-23T22:05:51.223+0000] {logging_mixin.py:137} INFO - [2024-01-23T22:05:51.223+0000] {dag.py:3427} INFO - Setting next_dagrun for example_bash_operator to 2024-01-22T00:00:00+00:00, run_after=2024-01-23T00:00:00+00:00
[2024-01-23T22:05:51.243+0000] {processor.py:175} INFO - Processing /home/airflow/.local/lib/python3.7/site-packages/airflow/example_dags/example_bash_operator.py took 0.139 seconds
[2024-01-23T22:06:21.625+0000] {processor.py:153} INFO - Started process (PID=1289) to work on /home/airflow/.local/lib/python3.7/site-packages/airflow/example_dags/example_bash_operator.py
[2024-01-23T22:06:21.626+0000] {processor.py:743} INFO - Processing file /home/airflow/.local/lib/python3.7/site-packages/airflow/example_dags/example_bash_operator.py for tasks to queue
[2024-01-23T22:06:21.627+0000] {logging_mixin.py:137} INFO - [2024-01-23T22:06:21.627+0000] {dagbag.py:538} INFO - Filling up the DagBag from /home/airflow/.local/lib/python3.7/site-packages/airflow/example_dags/example_bash_operator.py
[2024-01-23T22:06:21.648+0000] {processor.py:753} INFO - DAG(s) dict_keys(['example_bash_operator']) retrieved from /home/airflow/.local/lib/python3.7/site-packages/airflow/example_dags/example_bash_operator.py
[2024-01-23T22:06:21.714+0000] {logging_mixin.py:137} INFO - [2024-01-23T22:06:21.714+0000] {dag.py:2676} INFO - Sync 1 DAGs
[2024-01-23T22:06:21.767+0000] {logging_mixin.py:137} INFO - [2024-01-23T22:06:21.767+0000] {dag.py:3427} INFO - Setting next_dagrun for example_bash_operator to 2024-01-22T00:00:00+00:00, run_after=2024-01-23T00:00:00+00:00
[2024-01-23T22:06:21.793+0000] {processor.py:175} INFO - Processing /home/airflow/.local/lib/python3.7/site-packages/airflow/example_dags/example_bash_operator.py took 0.170 seconds
[2024-01-23T22:06:52.582+0000] {processor.py:153} INFO - Started process (PID=1369) to work on /home/airflow/.local/lib/python3.7/site-packages/airflow/example_dags/example_bash_operator.py
[2024-01-23T22:06:52.583+0000] {processor.py:743} INFO - Processing file /home/airflow/.local/lib/python3.7/site-packages/airflow/example_dags/example_bash_operator.py for tasks to queue
[2024-01-23T22:06:52.584+0000] {logging_mixin.py:137} INFO - [2024-01-23T22:06:52.584+0000] {dagbag.py:538} INFO - Filling up the DagBag from /home/airflow/.local/lib/python3.7/site-packages/airflow/example_dags/example_bash_operator.py
[2024-01-23T22:06:52.613+0000] {processor.py:753} INFO - DAG(s) dict_keys(['example_bash_operator']) retrieved from /home/airflow/.local/lib/python3.7/site-packages/airflow/example_dags/example_bash_operator.py
[2024-01-23T22:06:52.680+0000] {logging_mixin.py:137} INFO - [2024-01-23T22:06:52.680+0000] {dag.py:2676} INFO - Sync 1 DAGs
[2024-01-23T22:06:52.713+0000] {logging_mixin.py:137} INFO - [2024-01-23T22:06:52.713+0000] {dag.py:3427} INFO - Setting next_dagrun for example_bash_operator to 2024-01-22T00:00:00+00:00, run_after=2024-01-23T00:00:00+00:00
[2024-01-23T22:06:52.737+0000] {processor.py:175} INFO - Processing /home/airflow/.local/lib/python3.7/site-packages/airflow/example_dags/example_bash_operator.py took 0.158 seconds
[2024-01-23T22:07:22.792+0000] {processor.py:153} INFO - Started process (PID=1449) to work on /home/airflow/.local/lib/python3.7/site-packages/airflow/example_dags/example_bash_operator.py
[2024-01-23T22:07:22.792+0000] {processor.py:743} INFO - Processing file /home/airflow/.local/lib/python3.7/site-packages/airflow/example_dags/example_bash_operator.py for tasks to queue
[2024-01-23T22:07:22.793+0000] {logging_mixin.py:137} INFO - [2024-01-23T22:07:22.793+0000] {dagbag.py:538} INFO - Filling up the DagBag from /home/airflow/.local/lib/python3.7/site-packages/airflow/example_dags/example_bash_operator.py
[2024-01-23T22:07:22.823+0000] {processor.py:753} INFO - DAG(s) dict_keys(['example_bash_operator']) retrieved from /home/airflow/.local/lib/python3.7/site-packages/airflow/example_dags/example_bash_operator.py
[2024-01-23T22:07:22.881+0000] {logging_mixin.py:137} INFO - [2024-01-23T22:07:22.881+0000] {dag.py:2676} INFO - Sync 1 DAGs
[2024-01-23T22:07:22.918+0000] {logging_mixin.py:137} INFO - [2024-01-23T22:07:22.918+0000] {dag.py:3427} INFO - Setting next_dagrun for example_bash_operator to 2024-01-22T00:00:00+00:00, run_after=2024-01-23T00:00:00+00:00
[2024-01-23T22:07:22.941+0000] {processor.py:175} INFO - Processing /home/airflow/.local/lib/python3.7/site-packages/airflow/example_dags/example_bash_operator.py took 0.152 seconds
[2024-01-23T22:07:53.435+0000] {processor.py:153} INFO - Started process (PID=1549) to work on /home/airflow/.local/lib/python3.7/site-packages/airflow/example_dags/example_bash_operator.py
[2024-01-23T22:07:53.435+0000] {processor.py:743} INFO - Processing file /home/airflow/.local/lib/python3.7/site-packages/airflow/example_dags/example_bash_operator.py for tasks to queue
[2024-01-23T22:07:53.436+0000] {logging_mixin.py:137} INFO - [2024-01-23T22:07:53.436+0000] {dagbag.py:538} INFO - Filling up the DagBag from /home/airflow/.local/lib/python3.7/site-packages/airflow/example_dags/example_bash_operator.py
[2024-01-23T22:07:53.458+0000] {processor.py:753} INFO - DAG(s) dict_keys(['example_bash_operator']) retrieved from /home/airflow/.local/lib/python3.7/site-packages/airflow/example_dags/example_bash_operator.py
[2024-01-23T22:07:53.513+0000] {logging_mixin.py:137} INFO - [2024-01-23T22:07:53.513+0000] {dag.py:2676} INFO - Sync 1 DAGs
[2024-01-23T22:07:53.544+0000] {logging_mixin.py:137} INFO - [2024-01-23T22:07:53.544+0000] {dag.py:3427} INFO - Setting next_dagrun for example_bash_operator to 2024-01-22T00:00:00+00:00, run_after=2024-01-23T00:00:00+00:00
[2024-01-23T22:07:53.564+0000] {processor.py:175} INFO - Processing /home/airflow/.local/lib/python3.7/site-packages/airflow/example_dags/example_bash_operator.py took 0.132 seconds
[2024-01-23T22:08:23.781+0000] {processor.py:153} INFO - Started process (PID=1629) to work on /home/airflow/.local/lib/python3.7/site-packages/airflow/example_dags/example_bash_operator.py
[2024-01-23T22:08:23.783+0000] {processor.py:743} INFO - Processing file /home/airflow/.local/lib/python3.7/site-packages/airflow/example_dags/example_bash_operator.py for tasks to queue
[2024-01-23T22:08:23.784+0000] {logging_mixin.py:137} INFO - [2024-01-23T22:08:23.784+0000] {dagbag.py:538} INFO - Filling up the DagBag from /home/airflow/.local/lib/python3.7/site-packages/airflow/example_dags/example_bash_operator.py
[2024-01-23T22:08:23.810+0000] {processor.py:753} INFO - DAG(s) dict_keys(['example_bash_operator']) retrieved from /home/airflow/.local/lib/python3.7/site-packages/airflow/example_dags/example_bash_operator.py
[2024-01-23T22:08:23.874+0000] {logging_mixin.py:137} INFO - [2024-01-23T22:08:23.873+0000] {dag.py:2676} INFO - Sync 1 DAGs
[2024-01-23T22:08:23.910+0000] {logging_mixin.py:137} INFO - [2024-01-23T22:08:23.910+0000] {dag.py:3427} INFO - Setting next_dagrun for example_bash_operator to 2024-01-22T00:00:00+00:00, run_after=2024-01-23T00:00:00+00:00
[2024-01-23T22:08:23.936+0000] {processor.py:175} INFO - Processing /home/airflow/.local/lib/python3.7/site-packages/airflow/example_dags/example_bash_operator.py took 0.158 seconds
[2024-01-23T22:08:53.978+0000] {processor.py:153} INFO - Started process (PID=1709) to work on /home/airflow/.local/lib/python3.7/site-packages/airflow/example_dags/example_bash_operator.py
[2024-01-23T22:08:53.978+0000] {processor.py:743} INFO - Processing file /home/airflow/.local/lib/python3.7/site-packages/airflow/example_dags/example_bash_operator.py for tasks to queue
[2024-01-23T22:08:53.979+0000] {logging_mixin.py:137} INFO - [2024-01-23T22:08:53.979+0000] {dagbag.py:538} INFO - Filling up the DagBag from /home/airflow/.local/lib/python3.7/site-packages/airflow/example_dags/example_bash_operator.py
[2024-01-23T22:08:53.997+0000] {processor.py:753} INFO - DAG(s) dict_keys(['example_bash_operator']) retrieved from /home/airflow/.local/lib/python3.7/site-packages/airflow/example_dags/example_bash_operator.py
[2024-01-23T22:08:54.057+0000] {logging_mixin.py:137} INFO - [2024-01-23T22:08:54.057+0000] {dag.py:2676} INFO - Sync 1 DAGs
[2024-01-23T22:08:54.089+0000] {logging_mixin.py:137} INFO - [2024-01-23T22:08:54.089+0000] {dag.py:3427} INFO - Setting next_dagrun for example_bash_operator to 2024-01-22T00:00:00+00:00, run_after=2024-01-23T00:00:00+00:00
[2024-01-23T22:08:54.110+0000] {processor.py:175} INFO - Processing /home/airflow/.local/lib/python3.7/site-packages/airflow/example_dags/example_bash_operator.py took 0.134 seconds
[2024-01-23T22:09:24.214+0000] {processor.py:153} INFO - Started process (PID=1809) to work on /home/airflow/.local/lib/python3.7/site-packages/airflow/example_dags/example_bash_operator.py
[2024-01-23T22:09:24.214+0000] {processor.py:743} INFO - Processing file /home/airflow/.local/lib/python3.7/site-packages/airflow/example_dags/example_bash_operator.py for tasks to queue
[2024-01-23T22:09:24.215+0000] {logging_mixin.py:137} INFO - [2024-01-23T22:09:24.215+0000] {dagbag.py:538} INFO - Filling up the DagBag from /home/airflow/.local/lib/python3.7/site-packages/airflow/example_dags/example_bash_operator.py
[2024-01-23T22:09:24.239+0000] {processor.py:753} INFO - DAG(s) dict_keys(['example_bash_operator']) retrieved from /home/airflow/.local/lib/python3.7/site-packages/airflow/example_dags/example_bash_operator.py
[2024-01-23T22:09:24.294+0000] {logging_mixin.py:137} INFO - [2024-01-23T22:09:24.294+0000] {dag.py:2676} INFO - Sync 1 DAGs
[2024-01-23T22:09:24.329+0000] {logging_mixin.py:137} INFO - [2024-01-23T22:09:24.329+0000] {dag.py:3427} INFO - Setting next_dagrun for example_bash_operator to 2024-01-22T00:00:00+00:00, run_after=2024-01-23T00:00:00+00:00
[2024-01-23T22:09:24.350+0000] {processor.py:175} INFO - Processing /home/airflow/.local/lib/python3.7/site-packages/airflow/example_dags/example_bash_operator.py took 0.140 seconds
[2024-01-23T22:09:54.958+0000] {processor.py:153} INFO - Started process (PID=1889) to work on /home/airflow/.local/lib/python3.7/site-packages/airflow/example_dags/example_bash_operator.py
[2024-01-23T22:09:54.958+0000] {processor.py:743} INFO - Processing file /home/airflow/.local/lib/python3.7/site-packages/airflow/example_dags/example_bash_operator.py for tasks to queue
[2024-01-23T22:09:54.959+0000] {logging_mixin.py:137} INFO - [2024-01-23T22:09:54.959+0000] {dagbag.py:538} INFO - Filling up the DagBag from /home/airflow/.local/lib/python3.7/site-packages/airflow/example_dags/example_bash_operator.py
[2024-01-23T22:09:54.984+0000] {processor.py:753} INFO - DAG(s) dict_keys(['example_bash_operator']) retrieved from /home/airflow/.local/lib/python3.7/site-packages/airflow/example_dags/example_bash_operator.py
[2024-01-23T22:09:55.039+0000] {logging_mixin.py:137} INFO - [2024-01-23T22:09:55.039+0000] {dag.py:2676} INFO - Sync 1 DAGs
[2024-01-23T22:09:55.071+0000] {logging_mixin.py:137} INFO - [2024-01-23T22:09:55.071+0000] {dag.py:3427} INFO - Setting next_dagrun for example_bash_operator to 2024-01-22T00:00:00+00:00, run_after=2024-01-23T00:00:00+00:00
[2024-01-23T22:09:55.094+0000] {processor.py:175} INFO - Processing /home/airflow/.local/lib/python3.7/site-packages/airflow/example_dags/example_bash_operator.py took 0.140 seconds
[2024-01-23T22:10:25.244+0000] {processor.py:153} INFO - Started process (PID=1969) to work on /home/airflow/.local/lib/python3.7/site-packages/airflow/example_dags/example_bash_operator.py
[2024-01-23T22:10:25.245+0000] {processor.py:743} INFO - Processing file /home/airflow/.local/lib/python3.7/site-packages/airflow/example_dags/example_bash_operator.py for tasks to queue
[2024-01-23T22:10:25.246+0000] {logging_mixin.py:137} INFO - [2024-01-23T22:10:25.246+0000] {dagbag.py:538} INFO - Filling up the DagBag from /home/airflow/.local/lib/python3.7/site-packages/airflow/example_dags/example_bash_operator.py
[2024-01-23T22:10:25.269+0000] {processor.py:753} INFO - DAG(s) dict_keys(['example_bash_operator']) retrieved from /home/airflow/.local/lib/python3.7/site-packages/airflow/example_dags/example_bash_operator.py
[2024-01-23T22:10:25.326+0000] {logging_mixin.py:137} INFO - [2024-01-23T22:10:25.325+0000] {dag.py:2676} INFO - Sync 1 DAGs
[2024-01-23T22:10:25.355+0000] {logging_mixin.py:137} INFO - [2024-01-23T22:10:25.355+0000] {dag.py:3427} INFO - Setting next_dagrun for example_bash_operator to 2024-01-22T00:00:00+00:00, run_after=2024-01-23T00:00:00+00:00
[2024-01-23T22:10:25.380+0000] {processor.py:175} INFO - Processing /home/airflow/.local/lib/python3.7/site-packages/airflow/example_dags/example_bash_operator.py took 0.139 seconds
[2024-01-23T22:10:55.604+0000] {processor.py:153} INFO - Started process (PID=2069) to work on /home/airflow/.local/lib/python3.7/site-packages/airflow/example_dags/example_bash_operator.py
[2024-01-23T22:10:55.605+0000] {processor.py:743} INFO - Processing file /home/airflow/.local/lib/python3.7/site-packages/airflow/example_dags/example_bash_operator.py for tasks to queue
[2024-01-23T22:10:55.605+0000] {logging_mixin.py:137} INFO - [2024-01-23T22:10:55.605+0000] {dagbag.py:538} INFO - Filling up the DagBag from /home/airflow/.local/lib/python3.7/site-packages/airflow/example_dags/example_bash_operator.py
[2024-01-23T22:10:55.629+0000] {processor.py:753} INFO - DAG(s) dict_keys(['example_bash_operator']) retrieved from /home/airflow/.local/lib/python3.7/site-packages/airflow/example_dags/example_bash_operator.py
[2024-01-23T22:10:55.684+0000] {logging_mixin.py:137} INFO - [2024-01-23T22:10:55.683+0000] {dag.py:2676} INFO - Sync 1 DAGs
[2024-01-23T22:10:55.726+0000] {logging_mixin.py:137} INFO - [2024-01-23T22:10:55.726+0000] {dag.py:3427} INFO - Setting next_dagrun for example_bash_operator to 2024-01-22T00:00:00+00:00, run_after=2024-01-23T00:00:00+00:00
[2024-01-23T22:10:55.757+0000] {processor.py:175} INFO - Processing /home/airflow/.local/lib/python3.7/site-packages/airflow/example_dags/example_bash_operator.py took 0.155 seconds
[2024-01-23T22:11:25.985+0000] {processor.py:153} INFO - Started process (PID=2149) to work on /home/airflow/.local/lib/python3.7/site-packages/airflow/example_dags/example_bash_operator.py
[2024-01-23T22:11:25.986+0000] {processor.py:743} INFO - Processing file /home/airflow/.local/lib/python3.7/site-packages/airflow/example_dags/example_bash_operator.py for tasks to queue
[2024-01-23T22:11:25.987+0000] {logging_mixin.py:137} INFO - [2024-01-23T22:11:25.986+0000] {dagbag.py:538} INFO - Filling up the DagBag from /home/airflow/.local/lib/python3.7/site-packages/airflow/example_dags/example_bash_operator.py
[2024-01-23T22:11:26.011+0000] {processor.py:753} INFO - DAG(s) dict_keys(['example_bash_operator']) retrieved from /home/airflow/.local/lib/python3.7/site-packages/airflow/example_dags/example_bash_operator.py
[2024-01-23T22:11:26.061+0000] {logging_mixin.py:137} INFO - [2024-01-23T22:11:26.061+0000] {dag.py:2676} INFO - Sync 1 DAGs
[2024-01-23T22:11:26.088+0000] {logging_mixin.py:137} INFO - [2024-01-23T22:11:26.088+0000] {dag.py:3427} INFO - Setting next_dagrun for example_bash_operator to 2024-01-22T00:00:00+00:00, run_after=2024-01-23T00:00:00+00:00
[2024-01-23T22:11:26.110+0000] {processor.py:175} INFO - Processing /home/airflow/.local/lib/python3.7/site-packages/airflow/example_dags/example_bash_operator.py took 0.126 seconds
[2024-01-23T22:11:56.336+0000] {processor.py:153} INFO - Started process (PID=2229) to work on /home/airflow/.local/lib/python3.7/site-packages/airflow/example_dags/example_bash_operator.py
[2024-01-23T22:11:56.337+0000] {processor.py:743} INFO - Processing file /home/airflow/.local/lib/python3.7/site-packages/airflow/example_dags/example_bash_operator.py for tasks to queue
[2024-01-23T22:11:56.338+0000] {logging_mixin.py:137} INFO - [2024-01-23T22:11:56.338+0000] {dagbag.py:538} INFO - Filling up the DagBag from /home/airflow/.local/lib/python3.7/site-packages/airflow/example_dags/example_bash_operator.py
[2024-01-23T22:11:56.366+0000] {processor.py:753} INFO - DAG(s) dict_keys(['example_bash_operator']) retrieved from /home/airflow/.local/lib/python3.7/site-packages/airflow/example_dags/example_bash_operator.py
[2024-01-23T22:11:56.433+0000] {logging_mixin.py:137} INFO - [2024-01-23T22:11:56.433+0000] {dag.py:2676} INFO - Sync 1 DAGs
[2024-01-23T22:11:56.473+0000] {logging_mixin.py:137} INFO - [2024-01-23T22:11:56.473+0000] {dag.py:3427} INFO - Setting next_dagrun for example_bash_operator to 2024-01-22T00:00:00+00:00, run_after=2024-01-23T00:00:00+00:00
[2024-01-23T22:11:56.497+0000] {processor.py:175} INFO - Processing /home/airflow/.local/lib/python3.7/site-packages/airflow/example_dags/example_bash_operator.py took 0.162 seconds
[2024-01-23T22:12:26.690+0000] {processor.py:153} INFO - Started process (PID=2329) to work on /home/airflow/.local/lib/python3.7/site-packages/airflow/example_dags/example_bash_operator.py
[2024-01-23T22:12:26.690+0000] {processor.py:743} INFO - Processing file /home/airflow/.local/lib/python3.7/site-packages/airflow/example_dags/example_bash_operator.py for tasks to queue
[2024-01-23T22:12:26.691+0000] {logging_mixin.py:137} INFO - [2024-01-23T22:12:26.691+0000] {dagbag.py:538} INFO - Filling up the DagBag from /home/airflow/.local/lib/python3.7/site-packages/airflow/example_dags/example_bash_operator.py
[2024-01-23T22:12:26.716+0000] {processor.py:753} INFO - DAG(s) dict_keys(['example_bash_operator']) retrieved from /home/airflow/.local/lib/python3.7/site-packages/airflow/example_dags/example_bash_operator.py
[2024-01-23T22:12:26.772+0000] {logging_mixin.py:137} INFO - [2024-01-23T22:12:26.772+0000] {dag.py:2676} INFO - Sync 1 DAGs
[2024-01-23T22:12:26.811+0000] {logging_mixin.py:137} INFO - [2024-01-23T22:12:26.811+0000] {dag.py:3427} INFO - Setting next_dagrun for example_bash_operator to 2024-01-22T00:00:00+00:00, run_after=2024-01-23T00:00:00+00:00
[2024-01-23T22:12:26.832+0000] {processor.py:175} INFO - Processing /home/airflow/.local/lib/python3.7/site-packages/airflow/example_dags/example_bash_operator.py took 0.145 seconds
[2024-01-23T22:12:57.186+0000] {processor.py:153} INFO - Started process (PID=2409) to work on /home/airflow/.local/lib/python3.7/site-packages/airflow/example_dags/example_bash_operator.py
[2024-01-23T22:12:57.186+0000] {processor.py:743} INFO - Processing file /home/airflow/.local/lib/python3.7/site-packages/airflow/example_dags/example_bash_operator.py for tasks to queue
[2024-01-23T22:12:57.187+0000] {logging_mixin.py:137} INFO - [2024-01-23T22:12:57.187+0000] {dagbag.py:538} INFO - Filling up the DagBag from /home/airflow/.local/lib/python3.7/site-packages/airflow/example_dags/example_bash_operator.py
[2024-01-23T22:12:57.211+0000] {processor.py:753} INFO - DAG(s) dict_keys(['example_bash_operator']) retrieved from /home/airflow/.local/lib/python3.7/site-packages/airflow/example_dags/example_bash_operator.py
[2024-01-23T22:12:57.259+0000] {logging_mixin.py:137} INFO - [2024-01-23T22:12:57.259+0000] {dag.py:2676} INFO - Sync 1 DAGs
[2024-01-23T22:12:57.288+0000] {logging_mixin.py:137} INFO - [2024-01-23T22:12:57.288+0000] {dag.py:3427} INFO - Setting next_dagrun for example_bash_operator to 2024-01-22T00:00:00+00:00, run_after=2024-01-23T00:00:00+00:00
[2024-01-23T22:12:57.307+0000] {processor.py:175} INFO - Processing /home/airflow/.local/lib/python3.7/site-packages/airflow/example_dags/example_bash_operator.py took 0.123 seconds
[2024-01-23T22:13:28.037+0000] {processor.py:153} INFO - Started process (PID=2509) to work on /home/airflow/.local/lib/python3.7/site-packages/airflow/example_dags/example_bash_operator.py
[2024-01-23T22:13:28.038+0000] {processor.py:743} INFO - Processing file /home/airflow/.local/lib/python3.7/site-packages/airflow/example_dags/example_bash_operator.py for tasks to queue
[2024-01-23T22:13:28.038+0000] {logging_mixin.py:137} INFO - [2024-01-23T22:13:28.038+0000] {dagbag.py:538} INFO - Filling up the DagBag from /home/airflow/.local/lib/python3.7/site-packages/airflow/example_dags/example_bash_operator.py
[2024-01-23T22:13:28.073+0000] {processor.py:753} INFO - DAG(s) dict_keys(['example_bash_operator']) retrieved from /home/airflow/.local/lib/python3.7/site-packages/airflow/example_dags/example_bash_operator.py
[2024-01-23T22:13:28.141+0000] {logging_mixin.py:137} INFO - [2024-01-23T22:13:28.140+0000] {dag.py:2676} INFO - Sync 1 DAGs
[2024-01-23T22:13:28.183+0000] {logging_mixin.py:137} INFO - [2024-01-23T22:13:28.182+0000] {dag.py:3427} INFO - Setting next_dagrun for example_bash_operator to 2024-01-22T00:00:00+00:00, run_after=2024-01-23T00:00:00+00:00
[2024-01-23T22:13:28.208+0000] {processor.py:175} INFO - Processing /home/airflow/.local/lib/python3.7/site-packages/airflow/example_dags/example_bash_operator.py took 0.174 seconds
[2024-01-23T22:13:59.091+0000] {processor.py:153} INFO - Started process (PID=2588) to work on /home/airflow/.local/lib/python3.7/site-packages/airflow/example_dags/example_bash_operator.py
[2024-01-23T22:13:59.092+0000] {processor.py:743} INFO - Processing file /home/airflow/.local/lib/python3.7/site-packages/airflow/example_dags/example_bash_operator.py for tasks to queue
[2024-01-23T22:13:59.093+0000] {logging_mixin.py:137} INFO - [2024-01-23T22:13:59.093+0000] {dagbag.py:538} INFO - Filling up the DagBag from /home/airflow/.local/lib/python3.7/site-packages/airflow/example_dags/example_bash_operator.py
[2024-01-23T22:13:59.120+0000] {processor.py:753} INFO - DAG(s) dict_keys(['example_bash_operator']) retrieved from /home/airflow/.local/lib/python3.7/site-packages/airflow/example_dags/example_bash_operator.py
[2024-01-23T22:13:59.202+0000] {logging_mixin.py:137} INFO - [2024-01-23T22:13:59.202+0000] {dag.py:2676} INFO - Sync 1 DAGs
[2024-01-23T22:13:59.230+0000] {logging_mixin.py:137} INFO - [2024-01-23T22:13:59.230+0000] {dag.py:3427} INFO - Setting next_dagrun for example_bash_operator to 2024-01-22T00:00:00+00:00, run_after=2024-01-23T00:00:00+00:00
[2024-01-23T22:13:59.254+0000] {processor.py:175} INFO - Processing /home/airflow/.local/lib/python3.7/site-packages/airflow/example_dags/example_bash_operator.py took 0.166 seconds
[2024-01-23T22:14:29.706+0000] {processor.py:153} INFO - Started process (PID=2668) to work on /home/airflow/.local/lib/python3.7/site-packages/airflow/example_dags/example_bash_operator.py
[2024-01-23T22:14:29.707+0000] {processor.py:743} INFO - Processing file /home/airflow/.local/lib/python3.7/site-packages/airflow/example_dags/example_bash_operator.py for tasks to queue
[2024-01-23T22:14:29.708+0000] {logging_mixin.py:137} INFO - [2024-01-23T22:14:29.708+0000] {dagbag.py:538} INFO - Filling up the DagBag from /home/airflow/.local/lib/python3.7/site-packages/airflow/example_dags/example_bash_operator.py
[2024-01-23T22:14:29.737+0000] {processor.py:753} INFO - DAG(s) dict_keys(['example_bash_operator']) retrieved from /home/airflow/.local/lib/python3.7/site-packages/airflow/example_dags/example_bash_operator.py
[2024-01-23T22:14:29.795+0000] {logging_mixin.py:137} INFO - [2024-01-23T22:14:29.794+0000] {dag.py:2676} INFO - Sync 1 DAGs
[2024-01-23T22:14:29.823+0000] {logging_mixin.py:137} INFO - [2024-01-23T22:14:29.823+0000] {dag.py:3427} INFO - Setting next_dagrun for example_bash_operator to 2024-01-22T00:00:00+00:00, run_after=2024-01-23T00:00:00+00:00
[2024-01-23T22:14:29.843+0000] {processor.py:175} INFO - Processing /home/airflow/.local/lib/python3.7/site-packages/airflow/example_dags/example_bash_operator.py took 0.140 seconds
[2024-01-23T22:15:00.574+0000] {processor.py:153} INFO - Started process (PID=2770) to work on /home/airflow/.local/lib/python3.7/site-packages/airflow/example_dags/example_bash_operator.py
[2024-01-23T22:15:00.574+0000] {processor.py:743} INFO - Processing file /home/airflow/.local/lib/python3.7/site-packages/airflow/example_dags/example_bash_operator.py for tasks to queue
[2024-01-23T22:15:00.575+0000] {logging_mixin.py:137} INFO - [2024-01-23T22:15:00.575+0000] {dagbag.py:538} INFO - Filling up the DagBag from /home/airflow/.local/lib/python3.7/site-packages/airflow/example_dags/example_bash_operator.py
[2024-01-23T22:15:00.603+0000] {processor.py:753} INFO - DAG(s) dict_keys(['example_bash_operator']) retrieved from /home/airflow/.local/lib/python3.7/site-packages/airflow/example_dags/example_bash_operator.py
[2024-01-23T22:15:00.656+0000] {logging_mixin.py:137} INFO - [2024-01-23T22:15:00.656+0000] {dag.py:2676} INFO - Sync 1 DAGs
[2024-01-23T22:15:00.682+0000] {logging_mixin.py:137} INFO - [2024-01-23T22:15:00.682+0000] {dag.py:3427} INFO - Setting next_dagrun for example_bash_operator to 2024-01-22T00:00:00+00:00, run_after=2024-01-23T00:00:00+00:00
[2024-01-23T22:15:00.703+0000] {processor.py:175} INFO - Processing /home/airflow/.local/lib/python3.7/site-packages/airflow/example_dags/example_bash_operator.py took 0.132 seconds
[2024-01-23T22:15:30.815+0000] {processor.py:153} INFO - Started process (PID=2851) to work on /home/airflow/.local/lib/python3.7/site-packages/airflow/example_dags/example_bash_operator.py
[2024-01-23T22:15:30.816+0000] {processor.py:743} INFO - Processing file /home/airflow/.local/lib/python3.7/site-packages/airflow/example_dags/example_bash_operator.py for tasks to queue
[2024-01-23T22:15:30.817+0000] {logging_mixin.py:137} INFO - [2024-01-23T22:15:30.816+0000] {dagbag.py:538} INFO - Filling up the DagBag from /home/airflow/.local/lib/python3.7/site-packages/airflow/example_dags/example_bash_operator.py
[2024-01-23T22:15:30.842+0000] {processor.py:753} INFO - DAG(s) dict_keys(['example_bash_operator']) retrieved from /home/airflow/.local/lib/python3.7/site-packages/airflow/example_dags/example_bash_operator.py
[2024-01-23T22:15:30.904+0000] {logging_mixin.py:137} INFO - [2024-01-23T22:15:30.904+0000] {dag.py:2676} INFO - Sync 1 DAGs
[2024-01-23T22:15:30.940+0000] {logging_mixin.py:137} INFO - [2024-01-23T22:15:30.940+0000] {dag.py:3427} INFO - Setting next_dagrun for example_bash_operator to 2024-01-22T00:00:00+00:00, run_after=2024-01-23T00:00:00+00:00
[2024-01-23T22:15:30.958+0000] {processor.py:175} INFO - Processing /home/airflow/.local/lib/python3.7/site-packages/airflow/example_dags/example_bash_operator.py took 0.146 seconds
[2024-01-23T22:16:01.103+0000] {processor.py:153} INFO - Started process (PID=2931) to work on /home/airflow/.local/lib/python3.7/site-packages/airflow/example_dags/example_bash_operator.py
[2024-01-23T22:16:01.103+0000] {processor.py:743} INFO - Processing file /home/airflow/.local/lib/python3.7/site-packages/airflow/example_dags/example_bash_operator.py for tasks to queue
[2024-01-23T22:16:01.104+0000] {logging_mixin.py:137} INFO - [2024-01-23T22:16:01.104+0000] {dagbag.py:538} INFO - Filling up the DagBag from /home/airflow/.local/lib/python3.7/site-packages/airflow/example_dags/example_bash_operator.py
[2024-01-23T22:16:01.122+0000] {processor.py:753} INFO - DAG(s) dict_keys(['example_bash_operator']) retrieved from /home/airflow/.local/lib/python3.7/site-packages/airflow/example_dags/example_bash_operator.py
[2024-01-23T22:16:01.187+0000] {logging_mixin.py:137} INFO - [2024-01-23T22:16:01.187+0000] {dag.py:2676} INFO - Sync 1 DAGs
[2024-01-23T22:16:01.213+0000] {logging_mixin.py:137} INFO - [2024-01-23T22:16:01.213+0000] {dag.py:3427} INFO - Setting next_dagrun for example_bash_operator to 2024-01-22T00:00:00+00:00, run_after=2024-01-23T00:00:00+00:00
[2024-01-23T22:16:01.240+0000] {processor.py:175} INFO - Processing /home/airflow/.local/lib/python3.7/site-packages/airflow/example_dags/example_bash_operator.py took 0.139 seconds
[2024-01-23T22:16:31.349+0000] {processor.py:153} INFO - Started process (PID=3030) to work on /home/airflow/.local/lib/python3.7/site-packages/airflow/example_dags/example_bash_operator.py
[2024-01-23T22:16:31.349+0000] {processor.py:743} INFO - Processing file /home/airflow/.local/lib/python3.7/site-packages/airflow/example_dags/example_bash_operator.py for tasks to queue
[2024-01-23T22:16:31.350+0000] {logging_mixin.py:137} INFO - [2024-01-23T22:16:31.350+0000] {dagbag.py:538} INFO - Filling up the DagBag from /home/airflow/.local/lib/python3.7/site-packages/airflow/example_dags/example_bash_operator.py
[2024-01-23T22:16:31.377+0000] {processor.py:753} INFO - DAG(s) dict_keys(['example_bash_operator']) retrieved from /home/airflow/.local/lib/python3.7/site-packages/airflow/example_dags/example_bash_operator.py
[2024-01-23T22:16:31.430+0000] {logging_mixin.py:137} INFO - [2024-01-23T22:16:31.430+0000] {dag.py:2676} INFO - Sync 1 DAGs
[2024-01-23T22:16:31.462+0000] {logging_mixin.py:137} INFO - [2024-01-23T22:16:31.462+0000] {dag.py:3427} INFO - Setting next_dagrun for example_bash_operator to 2024-01-22T00:00:00+00:00, run_after=2024-01-23T00:00:00+00:00
[2024-01-23T22:16:31.485+0000] {processor.py:175} INFO - Processing /home/airflow/.local/lib/python3.7/site-packages/airflow/example_dags/example_bash_operator.py took 0.140 seconds
[2024-01-23T22:17:01.580+0000] {processor.py:153} INFO - Started process (PID=3110) to work on /home/airflow/.local/lib/python3.7/site-packages/airflow/example_dags/example_bash_operator.py
[2024-01-23T22:17:01.581+0000] {processor.py:743} INFO - Processing file /home/airflow/.local/lib/python3.7/site-packages/airflow/example_dags/example_bash_operator.py for tasks to queue
[2024-01-23T22:17:01.582+0000] {logging_mixin.py:137} INFO - [2024-01-23T22:17:01.582+0000] {dagbag.py:538} INFO - Filling up the DagBag from /home/airflow/.local/lib/python3.7/site-packages/airflow/example_dags/example_bash_operator.py
[2024-01-23T22:17:01.620+0000] {processor.py:753} INFO - DAG(s) dict_keys(['example_bash_operator']) retrieved from /home/airflow/.local/lib/python3.7/site-packages/airflow/example_dags/example_bash_operator.py
[2024-01-23T22:17:01.698+0000] {logging_mixin.py:137} INFO - [2024-01-23T22:17:01.698+0000] {dag.py:2676} INFO - Sync 1 DAGs
[2024-01-23T22:17:01.735+0000] {logging_mixin.py:137} INFO - [2024-01-23T22:17:01.734+0000] {dag.py:3427} INFO - Setting next_dagrun for example_bash_operator to 2024-01-22T00:00:00+00:00, run_after=2024-01-23T00:00:00+00:00
[2024-01-23T22:17:01.768+0000] {processor.py:175} INFO - Processing /home/airflow/.local/lib/python3.7/site-packages/airflow/example_dags/example_bash_operator.py took 0.194 seconds
[2024-01-23T22:17:31.817+0000] {processor.py:153} INFO - Started process (PID=3198) to work on /home/airflow/.local/lib/python3.7/site-packages/airflow/example_dags/example_bash_operator.py
[2024-01-23T22:17:31.818+0000] {processor.py:743} INFO - Processing file /home/airflow/.local/lib/python3.7/site-packages/airflow/example_dags/example_bash_operator.py for tasks to queue
[2024-01-23T22:17:31.819+0000] {logging_mixin.py:137} INFO - [2024-01-23T22:17:31.819+0000] {dagbag.py:538} INFO - Filling up the DagBag from /home/airflow/.local/lib/python3.7/site-packages/airflow/example_dags/example_bash_operator.py
[2024-01-23T22:17:31.847+0000] {processor.py:753} INFO - DAG(s) dict_keys(['example_bash_operator']) retrieved from /home/airflow/.local/lib/python3.7/site-packages/airflow/example_dags/example_bash_operator.py
[2024-01-23T22:17:31.906+0000] {logging_mixin.py:137} INFO - [2024-01-23T22:17:31.906+0000] {dag.py:2676} INFO - Sync 1 DAGs
[2024-01-23T22:17:31.941+0000] {logging_mixin.py:137} INFO - [2024-01-23T22:17:31.940+0000] {dag.py:3427} INFO - Setting next_dagrun for example_bash_operator to 2024-01-22T00:00:00+00:00, run_after=2024-01-23T00:00:00+00:00
[2024-01-23T22:17:31.962+0000] {processor.py:175} INFO - Processing /home/airflow/.local/lib/python3.7/site-packages/airflow/example_dags/example_bash_operator.py took 0.148 seconds
[2024-01-23T22:18:02.187+0000] {processor.py:153} INFO - Started process (PID=3289) to work on /home/airflow/.local/lib/python3.7/site-packages/airflow/example_dags/example_bash_operator.py
[2024-01-23T22:18:02.188+0000] {processor.py:743} INFO - Processing file /home/airflow/.local/lib/python3.7/site-packages/airflow/example_dags/example_bash_operator.py for tasks to queue
[2024-01-23T22:18:02.189+0000] {logging_mixin.py:137} INFO - [2024-01-23T22:18:02.188+0000] {dagbag.py:538} INFO - Filling up the DagBag from /home/airflow/.local/lib/python3.7/site-packages/airflow/example_dags/example_bash_operator.py
[2024-01-23T22:18:02.221+0000] {processor.py:753} INFO - DAG(s) dict_keys(['example_bash_operator']) retrieved from /home/airflow/.local/lib/python3.7/site-packages/airflow/example_dags/example_bash_operator.py
[2024-01-23T22:18:02.302+0000] {logging_mixin.py:137} INFO - [2024-01-23T22:18:02.302+0000] {dag.py:2676} INFO - Sync 1 DAGs
[2024-01-23T22:18:02.340+0000] {logging_mixin.py:137} INFO - [2024-01-23T22:18:02.340+0000] {dag.py:3427} INFO - Setting next_dagrun for example_bash_operator to 2024-01-22T00:00:00+00:00, run_after=2024-01-23T00:00:00+00:00
[2024-01-23T22:18:02.365+0000] {processor.py:175} INFO - Processing /home/airflow/.local/lib/python3.7/site-packages/airflow/example_dags/example_bash_operator.py took 0.181 seconds
[2024-01-23T22:18:32.473+0000] {processor.py:153} INFO - Started process (PID=3369) to work on /home/airflow/.local/lib/python3.7/site-packages/airflow/example_dags/example_bash_operator.py
[2024-01-23T22:18:32.474+0000] {processor.py:743} INFO - Processing file /home/airflow/.local/lib/python3.7/site-packages/airflow/example_dags/example_bash_operator.py for tasks to queue
[2024-01-23T22:18:32.475+0000] {logging_mixin.py:137} INFO - [2024-01-23T22:18:32.475+0000] {dagbag.py:538} INFO - Filling up the DagBag from /home/airflow/.local/lib/python3.7/site-packages/airflow/example_dags/example_bash_operator.py
[2024-01-23T22:18:32.495+0000] {processor.py:753} INFO - DAG(s) dict_keys(['example_bash_operator']) retrieved from /home/airflow/.local/lib/python3.7/site-packages/airflow/example_dags/example_bash_operator.py
[2024-01-23T22:18:32.555+0000] {logging_mixin.py:137} INFO - [2024-01-23T22:18:32.555+0000] {dag.py:2676} INFO - Sync 1 DAGs
[2024-01-23T22:18:32.585+0000] {logging_mixin.py:137} INFO - [2024-01-23T22:18:32.584+0000] {dag.py:3427} INFO - Setting next_dagrun for example_bash_operator to 2024-01-22T00:00:00+00:00, run_after=2024-01-23T00:00:00+00:00
[2024-01-23T22:18:32.605+0000] {processor.py:175} INFO - Processing /home/airflow/.local/lib/python3.7/site-packages/airflow/example_dags/example_bash_operator.py took 0.134 seconds
[2024-01-23T22:19:02.819+0000] {processor.py:153} INFO - Started process (PID=3469) to work on /home/airflow/.local/lib/python3.7/site-packages/airflow/example_dags/example_bash_operator.py
[2024-01-23T22:19:02.820+0000] {processor.py:743} INFO - Processing file /home/airflow/.local/lib/python3.7/site-packages/airflow/example_dags/example_bash_operator.py for tasks to queue
[2024-01-23T22:19:02.821+0000] {logging_mixin.py:137} INFO - [2024-01-23T22:19:02.820+0000] {dagbag.py:538} INFO - Filling up the DagBag from /home/airflow/.local/lib/python3.7/site-packages/airflow/example_dags/example_bash_operator.py
[2024-01-23T22:19:02.844+0000] {processor.py:753} INFO - DAG(s) dict_keys(['example_bash_operator']) retrieved from /home/airflow/.local/lib/python3.7/site-packages/airflow/example_dags/example_bash_operator.py
[2024-01-23T22:19:02.931+0000] {logging_mixin.py:137} INFO - [2024-01-23T22:19:02.930+0000] {dag.py:2676} INFO - Sync 1 DAGs
[2024-01-23T22:19:02.978+0000] {logging_mixin.py:137} INFO - [2024-01-23T22:19:02.978+0000] {dag.py:3427} INFO - Setting next_dagrun for example_bash_operator to 2024-01-22T00:00:00+00:00, run_after=2024-01-23T00:00:00+00:00
[2024-01-23T22:19:03.013+0000] {processor.py:175} INFO - Processing /home/airflow/.local/lib/python3.7/site-packages/airflow/example_dags/example_bash_operator.py took 0.196 seconds
[2024-01-23T22:19:33.200+0000] {processor.py:153} INFO - Started process (PID=3549) to work on /home/airflow/.local/lib/python3.7/site-packages/airflow/example_dags/example_bash_operator.py
[2024-01-23T22:19:33.201+0000] {processor.py:743} INFO - Processing file /home/airflow/.local/lib/python3.7/site-packages/airflow/example_dags/example_bash_operator.py for tasks to queue
[2024-01-23T22:19:33.202+0000] {logging_mixin.py:137} INFO - [2024-01-23T22:19:33.202+0000] {dagbag.py:538} INFO - Filling up the DagBag from /home/airflow/.local/lib/python3.7/site-packages/airflow/example_dags/example_bash_operator.py
[2024-01-23T22:19:33.221+0000] {processor.py:753} INFO - DAG(s) dict_keys(['example_bash_operator']) retrieved from /home/airflow/.local/lib/python3.7/site-packages/airflow/example_dags/example_bash_operator.py
[2024-01-23T22:19:33.274+0000] {logging_mixin.py:137} INFO - [2024-01-23T22:19:33.274+0000] {dag.py:2676} INFO - Sync 1 DAGs
[2024-01-23T22:19:33.302+0000] {logging_mixin.py:137} INFO - [2024-01-23T22:19:33.302+0000] {dag.py:3427} INFO - Setting next_dagrun for example_bash_operator to 2024-01-22T00:00:00+00:00, run_after=2024-01-23T00:00:00+00:00
[2024-01-23T22:19:33.326+0000] {processor.py:175} INFO - Processing /home/airflow/.local/lib/python3.7/site-packages/airflow/example_dags/example_bash_operator.py took 0.128 seconds
[2024-01-23T22:20:03.477+0000] {processor.py:153} INFO - Started process (PID=3629) to work on /home/airflow/.local/lib/python3.7/site-packages/airflow/example_dags/example_bash_operator.py
[2024-01-23T22:20:03.477+0000] {processor.py:743} INFO - Processing file /home/airflow/.local/lib/python3.7/site-packages/airflow/example_dags/example_bash_operator.py for tasks to queue
[2024-01-23T22:20:03.478+0000] {logging_mixin.py:137} INFO - [2024-01-23T22:20:03.478+0000] {dagbag.py:538} INFO - Filling up the DagBag from /home/airflow/.local/lib/python3.7/site-packages/airflow/example_dags/example_bash_operator.py
[2024-01-23T22:20:03.503+0000] {processor.py:753} INFO - DAG(s) dict_keys(['example_bash_operator']) retrieved from /home/airflow/.local/lib/python3.7/site-packages/airflow/example_dags/example_bash_operator.py
[2024-01-23T22:20:03.565+0000] {logging_mixin.py:137} INFO - [2024-01-23T22:20:03.565+0000] {dag.py:2676} INFO - Sync 1 DAGs
[2024-01-23T22:20:03.595+0000] {logging_mixin.py:137} INFO - [2024-01-23T22:20:03.595+0000] {dag.py:3427} INFO - Setting next_dagrun for example_bash_operator to 2024-01-22T00:00:00+00:00, run_after=2024-01-23T00:00:00+00:00
[2024-01-23T22:20:03.615+0000] {processor.py:175} INFO - Processing /home/airflow/.local/lib/python3.7/site-packages/airflow/example_dags/example_bash_operator.py took 0.141 seconds
[2024-01-23T22:20:34.229+0000] {processor.py:153} INFO - Started process (PID=3730) to work on /home/airflow/.local/lib/python3.7/site-packages/airflow/example_dags/example_bash_operator.py
[2024-01-23T22:20:34.229+0000] {processor.py:743} INFO - Processing file /home/airflow/.local/lib/python3.7/site-packages/airflow/example_dags/example_bash_operator.py for tasks to queue
[2024-01-23T22:20:34.230+0000] {logging_mixin.py:137} INFO - [2024-01-23T22:20:34.230+0000] {dagbag.py:538} INFO - Filling up the DagBag from /home/airflow/.local/lib/python3.7/site-packages/airflow/example_dags/example_bash_operator.py
[2024-01-23T22:20:34.259+0000] {processor.py:753} INFO - DAG(s) dict_keys(['example_bash_operator']) retrieved from /home/airflow/.local/lib/python3.7/site-packages/airflow/example_dags/example_bash_operator.py
[2024-01-23T22:20:34.323+0000] {logging_mixin.py:137} INFO - [2024-01-23T22:20:34.322+0000] {dag.py:2676} INFO - Sync 1 DAGs
[2024-01-23T22:20:34.358+0000] {logging_mixin.py:137} INFO - [2024-01-23T22:20:34.358+0000] {dag.py:3427} INFO - Setting next_dagrun for example_bash_operator to 2024-01-22T00:00:00+00:00, run_after=2024-01-23T00:00:00+00:00
[2024-01-23T22:20:34.383+0000] {processor.py:175} INFO - Processing /home/airflow/.local/lib/python3.7/site-packages/airflow/example_dags/example_bash_operator.py took 0.157 seconds
[2024-01-23T22:21:04.545+0000] {processor.py:153} INFO - Started process (PID=3810) to work on /home/airflow/.local/lib/python3.7/site-packages/airflow/example_dags/example_bash_operator.py
[2024-01-23T22:21:04.545+0000] {processor.py:743} INFO - Processing file /home/airflow/.local/lib/python3.7/site-packages/airflow/example_dags/example_bash_operator.py for tasks to queue
[2024-01-23T22:21:04.546+0000] {logging_mixin.py:137} INFO - [2024-01-23T22:21:04.546+0000] {dagbag.py:538} INFO - Filling up the DagBag from /home/airflow/.local/lib/python3.7/site-packages/airflow/example_dags/example_bash_operator.py
[2024-01-23T22:21:04.567+0000] {processor.py:753} INFO - DAG(s) dict_keys(['example_bash_operator']) retrieved from /home/airflow/.local/lib/python3.7/site-packages/airflow/example_dags/example_bash_operator.py
[2024-01-23T22:21:04.638+0000] {logging_mixin.py:137} INFO - [2024-01-23T22:21:04.637+0000] {dag.py:2676} INFO - Sync 1 DAGs
[2024-01-23T22:21:04.667+0000] {logging_mixin.py:137} INFO - [2024-01-23T22:21:04.667+0000] {dag.py:3427} INFO - Setting next_dagrun for example_bash_operator to 2024-01-22T00:00:00+00:00, run_after=2024-01-23T00:00:00+00:00
[2024-01-23T22:21:04.686+0000] {processor.py:175} INFO - Processing /home/airflow/.local/lib/python3.7/site-packages/airflow/example_dags/example_bash_operator.py took 0.144 seconds
[2024-01-23T22:21:34.764+0000] {processor.py:153} INFO - Started process (PID=3890) to work on /home/airflow/.local/lib/python3.7/site-packages/airflow/example_dags/example_bash_operator.py
[2024-01-23T22:21:34.765+0000] {processor.py:743} INFO - Processing file /home/airflow/.local/lib/python3.7/site-packages/airflow/example_dags/example_bash_operator.py for tasks to queue
[2024-01-23T22:21:34.766+0000] {logging_mixin.py:137} INFO - [2024-01-23T22:21:34.766+0000] {dagbag.py:538} INFO - Filling up the DagBag from /home/airflow/.local/lib/python3.7/site-packages/airflow/example_dags/example_bash_operator.py
[2024-01-23T22:21:34.789+0000] {processor.py:753} INFO - DAG(s) dict_keys(['example_bash_operator']) retrieved from /home/airflow/.local/lib/python3.7/site-packages/airflow/example_dags/example_bash_operator.py
[2024-01-23T22:21:34.840+0000] {logging_mixin.py:137} INFO - [2024-01-23T22:21:34.840+0000] {dag.py:2676} INFO - Sync 1 DAGs
[2024-01-23T22:21:34.870+0000] {logging_mixin.py:137} INFO - [2024-01-23T22:21:34.869+0000] {dag.py:3427} INFO - Setting next_dagrun for example_bash_operator to 2024-01-22T00:00:00+00:00, run_after=2024-01-23T00:00:00+00:00
[2024-01-23T22:21:34.889+0000] {processor.py:175} INFO - Processing /home/airflow/.local/lib/python3.7/site-packages/airflow/example_dags/example_bash_operator.py took 0.127 seconds
[2024-01-23T22:22:05.450+0000] {processor.py:153} INFO - Started process (PID=3990) to work on /home/airflow/.local/lib/python3.7/site-packages/airflow/example_dags/example_bash_operator.py
[2024-01-23T22:22:05.451+0000] {processor.py:743} INFO - Processing file /home/airflow/.local/lib/python3.7/site-packages/airflow/example_dags/example_bash_operator.py for tasks to queue
[2024-01-23T22:22:05.452+0000] {logging_mixin.py:137} INFO - [2024-01-23T22:22:05.452+0000] {dagbag.py:538} INFO - Filling up the DagBag from /home/airflow/.local/lib/python3.7/site-packages/airflow/example_dags/example_bash_operator.py
[2024-01-23T22:22:05.475+0000] {processor.py:753} INFO - DAG(s) dict_keys(['example_bash_operator']) retrieved from /home/airflow/.local/lib/python3.7/site-packages/airflow/example_dags/example_bash_operator.py
[2024-01-23T22:22:05.533+0000] {logging_mixin.py:137} INFO - [2024-01-23T22:22:05.533+0000] {dag.py:2676} INFO - Sync 1 DAGs
[2024-01-23T22:22:05.564+0000] {logging_mixin.py:137} INFO - [2024-01-23T22:22:05.564+0000] {dag.py:3427} INFO - Setting next_dagrun for example_bash_operator to 2024-01-22T00:00:00+00:00, run_after=2024-01-23T00:00:00+00:00
[2024-01-23T22:22:05.588+0000] {processor.py:175} INFO - Processing /home/airflow/.local/lib/python3.7/site-packages/airflow/example_dags/example_bash_operator.py took 0.142 seconds
[2024-01-23T22:22:35.689+0000] {processor.py:153} INFO - Started process (PID=4070) to work on /home/airflow/.local/lib/python3.7/site-packages/airflow/example_dags/example_bash_operator.py
[2024-01-23T22:22:35.689+0000] {processor.py:743} INFO - Processing file /home/airflow/.local/lib/python3.7/site-packages/airflow/example_dags/example_bash_operator.py for tasks to queue
[2024-01-23T22:22:35.690+0000] {logging_mixin.py:137} INFO - [2024-01-23T22:22:35.690+0000] {dagbag.py:538} INFO - Filling up the DagBag from /home/airflow/.local/lib/python3.7/site-packages/airflow/example_dags/example_bash_operator.py
[2024-01-23T22:22:35.717+0000] {processor.py:753} INFO - DAG(s) dict_keys(['example_bash_operator']) retrieved from /home/airflow/.local/lib/python3.7/site-packages/airflow/example_dags/example_bash_operator.py
[2024-01-23T22:22:35.789+0000] {logging_mixin.py:137} INFO - [2024-01-23T22:22:35.789+0000] {dag.py:2676} INFO - Sync 1 DAGs
[2024-01-23T22:22:35.826+0000] {logging_mixin.py:137} INFO - [2024-01-23T22:22:35.826+0000] {dag.py:3427} INFO - Setting next_dagrun for example_bash_operator to 2024-01-22T00:00:00+00:00, run_after=2024-01-23T00:00:00+00:00
[2024-01-23T22:22:35.848+0000] {processor.py:175} INFO - Processing /home/airflow/.local/lib/python3.7/site-packages/airflow/example_dags/example_bash_operator.py took 0.162 seconds
[2024-01-23T22:23:05.903+0000] {processor.py:153} INFO - Started process (PID=4150) to work on /home/airflow/.local/lib/python3.7/site-packages/airflow/example_dags/example_bash_operator.py
[2024-01-23T22:23:05.904+0000] {processor.py:743} INFO - Processing file /home/airflow/.local/lib/python3.7/site-packages/airflow/example_dags/example_bash_operator.py for tasks to queue
[2024-01-23T22:23:05.905+0000] {logging_mixin.py:137} INFO - [2024-01-23T22:23:05.905+0000] {dagbag.py:538} INFO - Filling up the DagBag from /home/airflow/.local/lib/python3.7/site-packages/airflow/example_dags/example_bash_operator.py
[2024-01-23T22:23:05.931+0000] {processor.py:753} INFO - DAG(s) dict_keys(['example_bash_operator']) retrieved from /home/airflow/.local/lib/python3.7/site-packages/airflow/example_dags/example_bash_operator.py
[2024-01-23T22:23:05.993+0000] {logging_mixin.py:137} INFO - [2024-01-23T22:23:05.993+0000] {dag.py:2676} INFO - Sync 1 DAGs
[2024-01-23T22:23:06.025+0000] {logging_mixin.py:137} INFO - [2024-01-23T22:23:06.025+0000] {dag.py:3427} INFO - Setting next_dagrun for example_bash_operator to 2024-01-22T00:00:00+00:00, run_after=2024-01-23T00:00:00+00:00
[2024-01-23T22:23:06.045+0000] {processor.py:175} INFO - Processing /home/airflow/.local/lib/python3.7/site-packages/airflow/example_dags/example_bash_operator.py took 0.144 seconds
[2024-01-23T22:23:36.158+0000] {processor.py:153} INFO - Started process (PID=4251) to work on /home/airflow/.local/lib/python3.7/site-packages/airflow/example_dags/example_bash_operator.py
[2024-01-23T22:23:36.159+0000] {processor.py:743} INFO - Processing file /home/airflow/.local/lib/python3.7/site-packages/airflow/example_dags/example_bash_operator.py for tasks to queue
[2024-01-23T22:23:36.160+0000] {logging_mixin.py:137} INFO - [2024-01-23T22:23:36.160+0000] {dagbag.py:538} INFO - Filling up the DagBag from /home/airflow/.local/lib/python3.7/site-packages/airflow/example_dags/example_bash_operator.py
[2024-01-23T22:23:36.188+0000] {processor.py:753} INFO - DAG(s) dict_keys(['example_bash_operator']) retrieved from /home/airflow/.local/lib/python3.7/site-packages/airflow/example_dags/example_bash_operator.py
[2024-01-23T22:23:36.248+0000] {logging_mixin.py:137} INFO - [2024-01-23T22:23:36.248+0000] {dag.py:2676} INFO - Sync 1 DAGs
[2024-01-23T22:23:36.285+0000] {logging_mixin.py:137} INFO - [2024-01-23T22:23:36.284+0000] {dag.py:3427} INFO - Setting next_dagrun for example_bash_operator to 2024-01-22T00:00:00+00:00, run_after=2024-01-23T00:00:00+00:00
[2024-01-23T22:23:36.310+0000] {processor.py:175} INFO - Processing /home/airflow/.local/lib/python3.7/site-packages/airflow/example_dags/example_bash_operator.py took 0.155 seconds
[2024-01-23T22:24:06.371+0000] {processor.py:153} INFO - Started process (PID=4331) to work on /home/airflow/.local/lib/python3.7/site-packages/airflow/example_dags/example_bash_operator.py
[2024-01-23T22:24:06.372+0000] {processor.py:743} INFO - Processing file /home/airflow/.local/lib/python3.7/site-packages/airflow/example_dags/example_bash_operator.py for tasks to queue
[2024-01-23T22:24:06.373+0000] {logging_mixin.py:137} INFO - [2024-01-23T22:24:06.372+0000] {dagbag.py:538} INFO - Filling up the DagBag from /home/airflow/.local/lib/python3.7/site-packages/airflow/example_dags/example_bash_operator.py
[2024-01-23T22:24:06.398+0000] {processor.py:753} INFO - DAG(s) dict_keys(['example_bash_operator']) retrieved from /home/airflow/.local/lib/python3.7/site-packages/airflow/example_dags/example_bash_operator.py
[2024-01-23T22:24:06.461+0000] {logging_mixin.py:137} INFO - [2024-01-23T22:24:06.461+0000] {dag.py:2676} INFO - Sync 1 DAGs
[2024-01-23T22:24:06.487+0000] {logging_mixin.py:137} INFO - [2024-01-23T22:24:06.487+0000] {dag.py:3427} INFO - Setting next_dagrun for example_bash_operator to 2024-01-22T00:00:00+00:00, run_after=2024-01-23T00:00:00+00:00
[2024-01-23T22:24:06.505+0000] {processor.py:175} INFO - Processing /home/airflow/.local/lib/python3.7/site-packages/airflow/example_dags/example_bash_operator.py took 0.136 seconds
[2024-01-23T22:24:36.749+0000] {processor.py:153} INFO - Started process (PID=4418) to work on /home/airflow/.local/lib/python3.7/site-packages/airflow/example_dags/example_bash_operator.py
[2024-01-23T22:24:36.749+0000] {processor.py:743} INFO - Processing file /home/airflow/.local/lib/python3.7/site-packages/airflow/example_dags/example_bash_operator.py for tasks to queue
[2024-01-23T22:24:36.750+0000] {logging_mixin.py:137} INFO - [2024-01-23T22:24:36.750+0000] {dagbag.py:538} INFO - Filling up the DagBag from /home/airflow/.local/lib/python3.7/site-packages/airflow/example_dags/example_bash_operator.py
[2024-01-23T22:24:36.779+0000] {processor.py:753} INFO - DAG(s) dict_keys(['example_bash_operator']) retrieved from /home/airflow/.local/lib/python3.7/site-packages/airflow/example_dags/example_bash_operator.py
[2024-01-23T22:24:36.832+0000] {logging_mixin.py:137} INFO - [2024-01-23T22:24:36.832+0000] {dag.py:2676} INFO - Sync 1 DAGs
[2024-01-23T22:24:36.862+0000] {logging_mixin.py:137} INFO - [2024-01-23T22:24:36.862+0000] {dag.py:3427} INFO - Setting next_dagrun for example_bash_operator to 2024-01-22T00:00:00+00:00, run_after=2024-01-23T00:00:00+00:00
[2024-01-23T22:24:36.886+0000] {processor.py:175} INFO - Processing /home/airflow/.local/lib/python3.7/site-packages/airflow/example_dags/example_bash_operator.py took 0.140 seconds
[2024-01-23T22:25:07.702+0000] {processor.py:153} INFO - Started process (PID=4511) to work on /home/airflow/.local/lib/python3.7/site-packages/airflow/example_dags/example_bash_operator.py
[2024-01-23T22:25:07.702+0000] {processor.py:743} INFO - Processing file /home/airflow/.local/lib/python3.7/site-packages/airflow/example_dags/example_bash_operator.py for tasks to queue
[2024-01-23T22:25:07.703+0000] {logging_mixin.py:137} INFO - [2024-01-23T22:25:07.703+0000] {dagbag.py:538} INFO - Filling up the DagBag from /home/airflow/.local/lib/python3.7/site-packages/airflow/example_dags/example_bash_operator.py
[2024-01-23T22:25:07.726+0000] {processor.py:753} INFO - DAG(s) dict_keys(['example_bash_operator']) retrieved from /home/airflow/.local/lib/python3.7/site-packages/airflow/example_dags/example_bash_operator.py
[2024-01-23T22:25:07.788+0000] {logging_mixin.py:137} INFO - [2024-01-23T22:25:07.788+0000] {dag.py:2676} INFO - Sync 1 DAGs
[2024-01-23T22:25:07.818+0000] {logging_mixin.py:137} INFO - [2024-01-23T22:25:07.818+0000] {dag.py:3427} INFO - Setting next_dagrun for example_bash_operator to 2024-01-22T00:00:00+00:00, run_after=2024-01-23T00:00:00+00:00
[2024-01-23T22:25:07.838+0000] {processor.py:175} INFO - Processing /home/airflow/.local/lib/python3.7/site-packages/airflow/example_dags/example_bash_operator.py took 0.139 seconds
[2024-01-23T22:25:37.989+0000] {processor.py:153} INFO - Started process (PID=4591) to work on /home/airflow/.local/lib/python3.7/site-packages/airflow/example_dags/example_bash_operator.py
[2024-01-23T22:25:37.989+0000] {processor.py:743} INFO - Processing file /home/airflow/.local/lib/python3.7/site-packages/airflow/example_dags/example_bash_operator.py for tasks to queue
[2024-01-23T22:25:37.990+0000] {logging_mixin.py:137} INFO - [2024-01-23T22:25:37.990+0000] {dagbag.py:538} INFO - Filling up the DagBag from /home/airflow/.local/lib/python3.7/site-packages/airflow/example_dags/example_bash_operator.py
[2024-01-23T22:25:38.013+0000] {processor.py:753} INFO - DAG(s) dict_keys(['example_bash_operator']) retrieved from /home/airflow/.local/lib/python3.7/site-packages/airflow/example_dags/example_bash_operator.py
[2024-01-23T22:25:38.071+0000] {logging_mixin.py:137} INFO - [2024-01-23T22:25:38.071+0000] {dag.py:2676} INFO - Sync 1 DAGs
[2024-01-23T22:25:38.100+0000] {logging_mixin.py:137} INFO - [2024-01-23T22:25:38.099+0000] {dag.py:3427} INFO - Setting next_dagrun for example_bash_operator to 2024-01-22T00:00:00+00:00, run_after=2024-01-23T00:00:00+00:00
[2024-01-23T22:25:38.133+0000] {processor.py:175} INFO - Processing /home/airflow/.local/lib/python3.7/site-packages/airflow/example_dags/example_bash_operator.py took 0.146 seconds
[2024-01-23T22:26:08.295+0000] {processor.py:153} INFO - Started process (PID=4690) to work on /home/airflow/.local/lib/python3.7/site-packages/airflow/example_dags/example_bash_operator.py
[2024-01-23T22:26:08.296+0000] {processor.py:743} INFO - Processing file /home/airflow/.local/lib/python3.7/site-packages/airflow/example_dags/example_bash_operator.py for tasks to queue
[2024-01-23T22:26:08.297+0000] {logging_mixin.py:137} INFO - [2024-01-23T22:26:08.297+0000] {dagbag.py:538} INFO - Filling up the DagBag from /home/airflow/.local/lib/python3.7/site-packages/airflow/example_dags/example_bash_operator.py
[2024-01-23T22:26:08.322+0000] {processor.py:753} INFO - DAG(s) dict_keys(['example_bash_operator']) retrieved from /home/airflow/.local/lib/python3.7/site-packages/airflow/example_dags/example_bash_operator.py
[2024-01-23T22:26:08.384+0000] {logging_mixin.py:137} INFO - [2024-01-23T22:26:08.383+0000] {dag.py:2676} INFO - Sync 1 DAGs
[2024-01-23T22:26:08.410+0000] {logging_mixin.py:137} INFO - [2024-01-23T22:26:08.410+0000] {dag.py:3427} INFO - Setting next_dagrun for example_bash_operator to 2024-01-22T00:00:00+00:00, run_after=2024-01-23T00:00:00+00:00
[2024-01-23T22:26:08.435+0000] {processor.py:175} INFO - Processing /home/airflow/.local/lib/python3.7/site-packages/airflow/example_dags/example_bash_operator.py took 0.143 seconds
[2024-01-23T22:26:38.564+0000] {processor.py:153} INFO - Started process (PID=4770) to work on /home/airflow/.local/lib/python3.7/site-packages/airflow/example_dags/example_bash_operator.py
[2024-01-23T22:26:38.565+0000] {processor.py:743} INFO - Processing file /home/airflow/.local/lib/python3.7/site-packages/airflow/example_dags/example_bash_operator.py for tasks to queue
[2024-01-23T22:26:38.566+0000] {logging_mixin.py:137} INFO - [2024-01-23T22:26:38.566+0000] {dagbag.py:538} INFO - Filling up the DagBag from /home/airflow/.local/lib/python3.7/site-packages/airflow/example_dags/example_bash_operator.py
[2024-01-23T22:26:38.587+0000] {processor.py:753} INFO - DAG(s) dict_keys(['example_bash_operator']) retrieved from /home/airflow/.local/lib/python3.7/site-packages/airflow/example_dags/example_bash_operator.py
[2024-01-23T22:26:38.646+0000] {logging_mixin.py:137} INFO - [2024-01-23T22:26:38.646+0000] {dag.py:2676} INFO - Sync 1 DAGs
[2024-01-23T22:26:38.679+0000] {logging_mixin.py:137} INFO - [2024-01-23T22:26:38.678+0000] {dag.py:3427} INFO - Setting next_dagrun for example_bash_operator to 2024-01-22T00:00:00+00:00, run_after=2024-01-23T00:00:00+00:00
[2024-01-23T22:26:38.698+0000] {processor.py:175} INFO - Processing /home/airflow/.local/lib/python3.7/site-packages/airflow/example_dags/example_bash_operator.py took 0.137 seconds
[2024-01-23T22:27:08.831+0000] {processor.py:153} INFO - Started process (PID=4850) to work on /home/airflow/.local/lib/python3.7/site-packages/airflow/example_dags/example_bash_operator.py
[2024-01-23T22:27:08.832+0000] {processor.py:743} INFO - Processing file /home/airflow/.local/lib/python3.7/site-packages/airflow/example_dags/example_bash_operator.py for tasks to queue
[2024-01-23T22:27:08.833+0000] {logging_mixin.py:137} INFO - [2024-01-23T22:27:08.833+0000] {dagbag.py:538} INFO - Filling up the DagBag from /home/airflow/.local/lib/python3.7/site-packages/airflow/example_dags/example_bash_operator.py
[2024-01-23T22:27:08.856+0000] {processor.py:753} INFO - DAG(s) dict_keys(['example_bash_operator']) retrieved from /home/airflow/.local/lib/python3.7/site-packages/airflow/example_dags/example_bash_operator.py
[2024-01-23T22:27:08.907+0000] {logging_mixin.py:137} INFO - [2024-01-23T22:27:08.907+0000] {dag.py:2676} INFO - Sync 1 DAGs
[2024-01-23T22:27:08.936+0000] {logging_mixin.py:137} INFO - [2024-01-23T22:27:08.936+0000] {dag.py:3427} INFO - Setting next_dagrun for example_bash_operator to 2024-01-22T00:00:00+00:00, run_after=2024-01-23T00:00:00+00:00
[2024-01-23T22:27:08.957+0000] {processor.py:175} INFO - Processing /home/airflow/.local/lib/python3.7/site-packages/airflow/example_dags/example_bash_operator.py took 0.128 seconds
[2024-01-23T22:27:39.072+0000] {processor.py:153} INFO - Started process (PID=4950) to work on /home/airflow/.local/lib/python3.7/site-packages/airflow/example_dags/example_bash_operator.py
[2024-01-23T22:27:39.073+0000] {processor.py:743} INFO - Processing file /home/airflow/.local/lib/python3.7/site-packages/airflow/example_dags/example_bash_operator.py for tasks to queue
[2024-01-23T22:27:39.074+0000] {logging_mixin.py:137} INFO - [2024-01-23T22:27:39.074+0000] {dagbag.py:538} INFO - Filling up the DagBag from /home/airflow/.local/lib/python3.7/site-packages/airflow/example_dags/example_bash_operator.py
[2024-01-23T22:27:39.096+0000] {processor.py:753} INFO - DAG(s) dict_keys(['example_bash_operator']) retrieved from /home/airflow/.local/lib/python3.7/site-packages/airflow/example_dags/example_bash_operator.py
[2024-01-23T22:27:39.161+0000] {logging_mixin.py:137} INFO - [2024-01-23T22:27:39.160+0000] {dag.py:2676} INFO - Sync 1 DAGs
[2024-01-23T22:27:39.211+0000] {logging_mixin.py:137} INFO - [2024-01-23T22:27:39.210+0000] {dag.py:3427} INFO - Setting next_dagrun for example_bash_operator to 2024-01-22T00:00:00+00:00, run_after=2024-01-23T00:00:00+00:00
[2024-01-23T22:27:39.249+0000] {processor.py:175} INFO - Processing /home/airflow/.local/lib/python3.7/site-packages/airflow/example_dags/example_bash_operator.py took 0.179 seconds
[2024-01-23T22:28:09.458+0000] {processor.py:153} INFO - Started process (PID=5030) to work on /home/airflow/.local/lib/python3.7/site-packages/airflow/example_dags/example_bash_operator.py
[2024-01-23T22:28:09.458+0000] {processor.py:743} INFO - Processing file /home/airflow/.local/lib/python3.7/site-packages/airflow/example_dags/example_bash_operator.py for tasks to queue
[2024-01-23T22:28:09.459+0000] {logging_mixin.py:137} INFO - [2024-01-23T22:28:09.459+0000] {dagbag.py:538} INFO - Filling up the DagBag from /home/airflow/.local/lib/python3.7/site-packages/airflow/example_dags/example_bash_operator.py
[2024-01-23T22:28:09.484+0000] {processor.py:753} INFO - DAG(s) dict_keys(['example_bash_operator']) retrieved from /home/airflow/.local/lib/python3.7/site-packages/airflow/example_dags/example_bash_operator.py
[2024-01-23T22:28:09.539+0000] {logging_mixin.py:137} INFO - [2024-01-23T22:28:09.539+0000] {dag.py:2676} INFO - Sync 1 DAGs
[2024-01-23T22:28:09.569+0000] {logging_mixin.py:137} INFO - [2024-01-23T22:28:09.568+0000] {dag.py:3427} INFO - Setting next_dagrun for example_bash_operator to 2024-01-22T00:00:00+00:00, run_after=2024-01-23T00:00:00+00:00
[2024-01-23T22:28:09.590+0000] {processor.py:175} INFO - Processing /home/airflow/.local/lib/python3.7/site-packages/airflow/example_dags/example_bash_operator.py took 0.135 seconds
[2024-01-23T22:28:39.982+0000] {processor.py:153} INFO - Started process (PID=5116) to work on /home/airflow/.local/lib/python3.7/site-packages/airflow/example_dags/example_bash_operator.py
[2024-01-23T22:28:39.983+0000] {processor.py:743} INFO - Processing file /home/airflow/.local/lib/python3.7/site-packages/airflow/example_dags/example_bash_operator.py for tasks to queue
[2024-01-23T22:28:39.984+0000] {logging_mixin.py:137} INFO - [2024-01-23T22:28:39.983+0000] {dagbag.py:538} INFO - Filling up the DagBag from /home/airflow/.local/lib/python3.7/site-packages/airflow/example_dags/example_bash_operator.py
[2024-01-23T22:28:40.015+0000] {processor.py:753} INFO - DAG(s) dict_keys(['example_bash_operator']) retrieved from /home/airflow/.local/lib/python3.7/site-packages/airflow/example_dags/example_bash_operator.py
[2024-01-23T22:28:40.142+0000] {logging_mixin.py:137} INFO - [2024-01-23T22:28:40.142+0000] {dag.py:2676} INFO - Sync 1 DAGs
[2024-01-23T22:28:40.181+0000] {logging_mixin.py:137} INFO - [2024-01-23T22:28:40.181+0000] {dag.py:3427} INFO - Setting next_dagrun for example_bash_operator to 2024-01-22T00:00:00+00:00, run_after=2024-01-23T00:00:00+00:00
[2024-01-23T22:28:40.208+0000] {processor.py:175} INFO - Processing /home/airflow/.local/lib/python3.7/site-packages/airflow/example_dags/example_bash_operator.py took 0.229 seconds
[2024-01-23T22:29:10.335+0000] {processor.py:153} INFO - Started process (PID=5210) to work on /home/airflow/.local/lib/python3.7/site-packages/airflow/example_dags/example_bash_operator.py
[2024-01-23T22:29:10.335+0000] {processor.py:743} INFO - Processing file /home/airflow/.local/lib/python3.7/site-packages/airflow/example_dags/example_bash_operator.py for tasks to queue
[2024-01-23T22:29:10.336+0000] {logging_mixin.py:137} INFO - [2024-01-23T22:29:10.336+0000] {dagbag.py:538} INFO - Filling up the DagBag from /home/airflow/.local/lib/python3.7/site-packages/airflow/example_dags/example_bash_operator.py
[2024-01-23T22:29:10.363+0000] {processor.py:753} INFO - DAG(s) dict_keys(['example_bash_operator']) retrieved from /home/airflow/.local/lib/python3.7/site-packages/airflow/example_dags/example_bash_operator.py
[2024-01-23T22:29:10.427+0000] {logging_mixin.py:137} INFO - [2024-01-23T22:29:10.427+0000] {dag.py:2676} INFO - Sync 1 DAGs
[2024-01-23T22:29:10.462+0000] {logging_mixin.py:137} INFO - [2024-01-23T22:29:10.462+0000] {dag.py:3427} INFO - Setting next_dagrun for example_bash_operator to 2024-01-22T00:00:00+00:00, run_after=2024-01-23T00:00:00+00:00
[2024-01-23T22:29:10.485+0000] {processor.py:175} INFO - Processing /home/airflow/.local/lib/python3.7/site-packages/airflow/example_dags/example_bash_operator.py took 0.152 seconds
[2024-01-23T22:29:40.670+0000] {processor.py:153} INFO - Started process (PID=5290) to work on /home/airflow/.local/lib/python3.7/site-packages/airflow/example_dags/example_bash_operator.py
[2024-01-23T22:29:40.671+0000] {processor.py:743} INFO - Processing file /home/airflow/.local/lib/python3.7/site-packages/airflow/example_dags/example_bash_operator.py for tasks to queue
[2024-01-23T22:29:40.671+0000] {logging_mixin.py:137} INFO - [2024-01-23T22:29:40.671+0000] {dagbag.py:538} INFO - Filling up the DagBag from /home/airflow/.local/lib/python3.7/site-packages/airflow/example_dags/example_bash_operator.py
[2024-01-23T22:29:40.690+0000] {processor.py:753} INFO - DAG(s) dict_keys(['example_bash_operator']) retrieved from /home/airflow/.local/lib/python3.7/site-packages/airflow/example_dags/example_bash_operator.py
[2024-01-23T22:29:40.739+0000] {logging_mixin.py:137} INFO - [2024-01-23T22:29:40.739+0000] {dag.py:2676} INFO - Sync 1 DAGs
[2024-01-23T22:29:40.766+0000] {logging_mixin.py:137} INFO - [2024-01-23T22:29:40.766+0000] {dag.py:3427} INFO - Setting next_dagrun for example_bash_operator to 2024-01-22T00:00:00+00:00, run_after=2024-01-23T00:00:00+00:00
[2024-01-23T22:29:40.787+0000] {processor.py:175} INFO - Processing /home/airflow/.local/lib/python3.7/site-packages/airflow/example_dags/example_bash_operator.py took 0.119 seconds
[2024-01-23T22:30:11.488+0000] {processor.py:153} INFO - Started process (PID=5388) to work on /home/airflow/.local/lib/python3.7/site-packages/airflow/example_dags/example_bash_operator.py
[2024-01-23T22:30:11.489+0000] {processor.py:743} INFO - Processing file /home/airflow/.local/lib/python3.7/site-packages/airflow/example_dags/example_bash_operator.py for tasks to queue
[2024-01-23T22:30:11.490+0000] {logging_mixin.py:137} INFO - [2024-01-23T22:30:11.490+0000] {dagbag.py:538} INFO - Filling up the DagBag from /home/airflow/.local/lib/python3.7/site-packages/airflow/example_dags/example_bash_operator.py
[2024-01-23T22:30:11.514+0000] {processor.py:753} INFO - DAG(s) dict_keys(['example_bash_operator']) retrieved from /home/airflow/.local/lib/python3.7/site-packages/airflow/example_dags/example_bash_operator.py
[2024-01-23T22:30:11.576+0000] {logging_mixin.py:137} INFO - [2024-01-23T22:30:11.576+0000] {dag.py:2676} INFO - Sync 1 DAGs
[2024-01-23T22:30:11.611+0000] {logging_mixin.py:137} INFO - [2024-01-23T22:30:11.611+0000] {dag.py:3427} INFO - Setting next_dagrun for example_bash_operator to 2024-01-22T00:00:00+00:00, run_after=2024-01-23T00:00:00+00:00
[2024-01-23T22:30:11.633+0000] {processor.py:175} INFO - Processing /home/airflow/.local/lib/python3.7/site-packages/airflow/example_dags/example_bash_operator.py took 0.148 seconds
[2024-01-23T22:30:41.738+0000] {processor.py:153} INFO - Started process (PID=5468) to work on /home/airflow/.local/lib/python3.7/site-packages/airflow/example_dags/example_bash_operator.py
[2024-01-23T22:30:41.739+0000] {processor.py:743} INFO - Processing file /home/airflow/.local/lib/python3.7/site-packages/airflow/example_dags/example_bash_operator.py for tasks to queue
[2024-01-23T22:30:41.739+0000] {logging_mixin.py:137} INFO - [2024-01-23T22:30:41.739+0000] {dagbag.py:538} INFO - Filling up the DagBag from /home/airflow/.local/lib/python3.7/site-packages/airflow/example_dags/example_bash_operator.py
[2024-01-23T22:30:41.762+0000] {processor.py:753} INFO - DAG(s) dict_keys(['example_bash_operator']) retrieved from /home/airflow/.local/lib/python3.7/site-packages/airflow/example_dags/example_bash_operator.py
[2024-01-23T22:30:41.810+0000] {logging_mixin.py:137} INFO - [2024-01-23T22:30:41.809+0000] {dag.py:2676} INFO - Sync 1 DAGs
[2024-01-23T22:30:41.839+0000] {logging_mixin.py:137} INFO - [2024-01-23T22:30:41.839+0000] {dag.py:3427} INFO - Setting next_dagrun for example_bash_operator to 2024-01-22T00:00:00+00:00, run_after=2024-01-23T00:00:00+00:00
[2024-01-23T22:30:41.859+0000] {processor.py:175} INFO - Processing /home/airflow/.local/lib/python3.7/site-packages/airflow/example_dags/example_bash_operator.py took 0.124 seconds
[2024-01-23T22:31:11.925+0000] {processor.py:153} INFO - Started process (PID=5548) to work on /home/airflow/.local/lib/python3.7/site-packages/airflow/example_dags/example_bash_operator.py
[2024-01-23T22:31:11.925+0000] {processor.py:743} INFO - Processing file /home/airflow/.local/lib/python3.7/site-packages/airflow/example_dags/example_bash_operator.py for tasks to queue
[2024-01-23T22:31:11.926+0000] {logging_mixin.py:137} INFO - [2024-01-23T22:31:11.926+0000] {dagbag.py:538} INFO - Filling up the DagBag from /home/airflow/.local/lib/python3.7/site-packages/airflow/example_dags/example_bash_operator.py
[2024-01-23T22:31:11.950+0000] {processor.py:753} INFO - DAG(s) dict_keys(['example_bash_operator']) retrieved from /home/airflow/.local/lib/python3.7/site-packages/airflow/example_dags/example_bash_operator.py
[2024-01-23T22:31:12.002+0000] {logging_mixin.py:137} INFO - [2024-01-23T22:31:12.002+0000] {dag.py:2676} INFO - Sync 1 DAGs
[2024-01-23T22:31:12.030+0000] {logging_mixin.py:137} INFO - [2024-01-23T22:31:12.030+0000] {dag.py:3427} INFO - Setting next_dagrun for example_bash_operator to 2024-01-22T00:00:00+00:00, run_after=2024-01-23T00:00:00+00:00
[2024-01-23T22:31:12.050+0000] {processor.py:175} INFO - Processing /home/airflow/.local/lib/python3.7/site-packages/airflow/example_dags/example_bash_operator.py took 0.127 seconds
[2024-01-23T22:31:42.367+0000] {processor.py:153} INFO - Started process (PID=5649) to work on /home/airflow/.local/lib/python3.7/site-packages/airflow/example_dags/example_bash_operator.py
[2024-01-23T22:31:42.368+0000] {processor.py:743} INFO - Processing file /home/airflow/.local/lib/python3.7/site-packages/airflow/example_dags/example_bash_operator.py for tasks to queue
[2024-01-23T22:31:42.369+0000] {logging_mixin.py:137} INFO - [2024-01-23T22:31:42.369+0000] {dagbag.py:538} INFO - Filling up the DagBag from /home/airflow/.local/lib/python3.7/site-packages/airflow/example_dags/example_bash_operator.py
[2024-01-23T22:31:42.391+0000] {processor.py:753} INFO - DAG(s) dict_keys(['example_bash_operator']) retrieved from /home/airflow/.local/lib/python3.7/site-packages/airflow/example_dags/example_bash_operator.py
[2024-01-23T22:31:42.453+0000] {logging_mixin.py:137} INFO - [2024-01-23T22:31:42.453+0000] {dag.py:2676} INFO - Sync 1 DAGs
[2024-01-23T22:31:42.484+0000] {logging_mixin.py:137} INFO - [2024-01-23T22:31:42.484+0000] {dag.py:3427} INFO - Setting next_dagrun for example_bash_operator to 2024-01-22T00:00:00+00:00, run_after=2024-01-23T00:00:00+00:00
[2024-01-23T22:31:42.503+0000] {processor.py:175} INFO - Processing /home/airflow/.local/lib/python3.7/site-packages/airflow/example_dags/example_bash_operator.py took 0.139 seconds
