[2024-01-23T21:50:39.832+0000] {processor.py:153} INFO - Started process (PID=72) to work on /home/airflow/.local/lib/python3.7/site-packages/airflow/example_dags/example_skip_dag.py
[2024-01-23T21:50:39.835+0000] {processor.py:743} INFO - Processing file /home/airflow/.local/lib/python3.7/site-packages/airflow/example_dags/example_skip_dag.py for tasks to queue
[2024-01-23T21:50:39.837+0000] {logging_mixin.py:137} INFO - [2024-01-23T21:50:39.836+0000] {dagbag.py:538} INFO - Filling up the DagBag from /home/airflow/.local/lib/python3.7/site-packages/airflow/example_dags/example_skip_dag.py
[2024-01-23T21:50:39.886+0000] {processor.py:753} INFO - DAG(s) dict_keys(['example_skip_dag']) retrieved from /home/airflow/.local/lib/python3.7/site-packages/airflow/example_dags/example_skip_dag.py
[2024-01-23T21:50:40.023+0000] {logging_mixin.py:137} INFO - [2024-01-23T21:50:40.023+0000] {dag.py:2676} INFO - Sync 1 DAGs
[2024-01-23T21:50:40.065+0000] {logging_mixin.py:137} INFO - [2024-01-23T21:50:40.065+0000] {dag.py:3427} INFO - Setting next_dagrun for example_skip_dag to 2024-01-22T21:50:40.065147+00:00, run_after=2024-01-23T21:50:40.065147+00:00
[2024-01-23T21:50:40.095+0000] {processor.py:175} INFO - Processing /home/airflow/.local/lib/python3.7/site-packages/airflow/example_dags/example_skip_dag.py took 0.294 seconds
[2024-01-23T21:51:10.317+0000] {processor.py:153} INFO - Started process (PID=152) to work on /home/airflow/.local/lib/python3.7/site-packages/airflow/example_dags/example_skip_dag.py
[2024-01-23T21:51:10.318+0000] {processor.py:743} INFO - Processing file /home/airflow/.local/lib/python3.7/site-packages/airflow/example_dags/example_skip_dag.py for tasks to queue
[2024-01-23T21:51:10.319+0000] {logging_mixin.py:137} INFO - [2024-01-23T21:51:10.318+0000] {dagbag.py:538} INFO - Filling up the DagBag from /home/airflow/.local/lib/python3.7/site-packages/airflow/example_dags/example_skip_dag.py
[2024-01-23T21:51:10.333+0000] {processor.py:753} INFO - DAG(s) dict_keys(['example_skip_dag']) retrieved from /home/airflow/.local/lib/python3.7/site-packages/airflow/example_dags/example_skip_dag.py
[2024-01-23T21:51:10.375+0000] {logging_mixin.py:137} INFO - [2024-01-23T21:51:10.374+0000] {dag.py:2676} INFO - Sync 1 DAGs
[2024-01-23T21:51:10.403+0000] {logging_mixin.py:137} INFO - [2024-01-23T21:51:10.403+0000] {dag.py:3427} INFO - Setting next_dagrun for example_skip_dag to 2024-01-22T21:51:10.403084+00:00, run_after=2024-01-23T21:51:10.403084+00:00
[2024-01-23T21:51:10.429+0000] {processor.py:175} INFO - Processing /home/airflow/.local/lib/python3.7/site-packages/airflow/example_dags/example_skip_dag.py took 0.114 seconds
[2024-01-23T21:51:41.098+0000] {processor.py:153} INFO - Started process (PID=252) to work on /home/airflow/.local/lib/python3.7/site-packages/airflow/example_dags/example_skip_dag.py
[2024-01-23T21:51:41.099+0000] {processor.py:743} INFO - Processing file /home/airflow/.local/lib/python3.7/site-packages/airflow/example_dags/example_skip_dag.py for tasks to queue
[2024-01-23T21:51:41.099+0000] {logging_mixin.py:137} INFO - [2024-01-23T21:51:41.099+0000] {dagbag.py:538} INFO - Filling up the DagBag from /home/airflow/.local/lib/python3.7/site-packages/airflow/example_dags/example_skip_dag.py
[2024-01-23T21:51:41.115+0000] {processor.py:753} INFO - DAG(s) dict_keys(['example_skip_dag']) retrieved from /home/airflow/.local/lib/python3.7/site-packages/airflow/example_dags/example_skip_dag.py
[2024-01-23T21:51:41.159+0000] {logging_mixin.py:137} INFO - [2024-01-23T21:51:41.159+0000] {dag.py:2676} INFO - Sync 1 DAGs
[2024-01-23T21:51:41.191+0000] {logging_mixin.py:137} INFO - [2024-01-23T21:51:41.191+0000] {dag.py:3427} INFO - Setting next_dagrun for example_skip_dag to 2024-01-22T21:51:41.191069+00:00, run_after=2024-01-23T21:51:41.191069+00:00
[2024-01-23T21:51:41.217+0000] {processor.py:175} INFO - Processing /home/airflow/.local/lib/python3.7/site-packages/airflow/example_dags/example_skip_dag.py took 0.122 seconds
[2024-01-23T21:52:11.640+0000] {processor.py:153} INFO - Started process (PID=332) to work on /home/airflow/.local/lib/python3.7/site-packages/airflow/example_dags/example_skip_dag.py
[2024-01-23T21:52:11.641+0000] {processor.py:743} INFO - Processing file /home/airflow/.local/lib/python3.7/site-packages/airflow/example_dags/example_skip_dag.py for tasks to queue
[2024-01-23T21:52:11.641+0000] {logging_mixin.py:137} INFO - [2024-01-23T21:52:11.641+0000] {dagbag.py:538} INFO - Filling up the DagBag from /home/airflow/.local/lib/python3.7/site-packages/airflow/example_dags/example_skip_dag.py
[2024-01-23T21:52:11.657+0000] {processor.py:753} INFO - DAG(s) dict_keys(['example_skip_dag']) retrieved from /home/airflow/.local/lib/python3.7/site-packages/airflow/example_dags/example_skip_dag.py
[2024-01-23T21:52:11.697+0000] {logging_mixin.py:137} INFO - [2024-01-23T21:52:11.697+0000] {dag.py:2676} INFO - Sync 1 DAGs
[2024-01-23T21:52:11.725+0000] {logging_mixin.py:137} INFO - [2024-01-23T21:52:11.725+0000] {dag.py:3427} INFO - Setting next_dagrun for example_skip_dag to 2024-01-22T21:52:11.725457+00:00, run_after=2024-01-23T21:52:11.725457+00:00
[2024-01-23T21:52:11.748+0000] {processor.py:175} INFO - Processing /home/airflow/.local/lib/python3.7/site-packages/airflow/example_dags/example_skip_dag.py took 0.110 seconds
[2024-01-23T21:52:42.016+0000] {processor.py:153} INFO - Started process (PID=412) to work on /home/airflow/.local/lib/python3.7/site-packages/airflow/example_dags/example_skip_dag.py
[2024-01-23T21:52:42.016+0000] {processor.py:743} INFO - Processing file /home/airflow/.local/lib/python3.7/site-packages/airflow/example_dags/example_skip_dag.py for tasks to queue
[2024-01-23T21:52:42.017+0000] {logging_mixin.py:137} INFO - [2024-01-23T21:52:42.017+0000] {dagbag.py:538} INFO - Filling up the DagBag from /home/airflow/.local/lib/python3.7/site-packages/airflow/example_dags/example_skip_dag.py
[2024-01-23T21:52:42.036+0000] {processor.py:753} INFO - DAG(s) dict_keys(['example_skip_dag']) retrieved from /home/airflow/.local/lib/python3.7/site-packages/airflow/example_dags/example_skip_dag.py
[2024-01-23T21:52:42.077+0000] {logging_mixin.py:137} INFO - [2024-01-23T21:52:42.077+0000] {dag.py:2676} INFO - Sync 1 DAGs
[2024-01-23T21:52:42.106+0000] {logging_mixin.py:137} INFO - [2024-01-23T21:52:42.106+0000] {dag.py:3427} INFO - Setting next_dagrun for example_skip_dag to 2024-01-22T21:52:42.105831+00:00, run_after=2024-01-23T21:52:42.105831+00:00
[2024-01-23T21:52:42.129+0000] {processor.py:175} INFO - Processing /home/airflow/.local/lib/python3.7/site-packages/airflow/example_dags/example_skip_dag.py took 0.117 seconds
[2024-01-23T21:53:13.035+0000] {processor.py:153} INFO - Started process (PID=512) to work on /home/airflow/.local/lib/python3.7/site-packages/airflow/example_dags/example_skip_dag.py
[2024-01-23T21:53:13.035+0000] {processor.py:743} INFO - Processing file /home/airflow/.local/lib/python3.7/site-packages/airflow/example_dags/example_skip_dag.py for tasks to queue
[2024-01-23T21:53:13.036+0000] {logging_mixin.py:137} INFO - [2024-01-23T21:53:13.036+0000] {dagbag.py:538} INFO - Filling up the DagBag from /home/airflow/.local/lib/python3.7/site-packages/airflow/example_dags/example_skip_dag.py
[2024-01-23T21:53:13.053+0000] {processor.py:753} INFO - DAG(s) dict_keys(['example_skip_dag']) retrieved from /home/airflow/.local/lib/python3.7/site-packages/airflow/example_dags/example_skip_dag.py
[2024-01-23T21:53:13.096+0000] {logging_mixin.py:137} INFO - [2024-01-23T21:53:13.095+0000] {dag.py:2676} INFO - Sync 1 DAGs
[2024-01-23T21:53:13.127+0000] {logging_mixin.py:137} INFO - [2024-01-23T21:53:13.127+0000] {dag.py:3427} INFO - Setting next_dagrun for example_skip_dag to 2024-01-22T21:53:13.126815+00:00, run_after=2024-01-23T21:53:13.126815+00:00
[2024-01-23T21:53:13.150+0000] {processor.py:175} INFO - Processing /home/airflow/.local/lib/python3.7/site-packages/airflow/example_dags/example_skip_dag.py took 0.118 seconds
[2024-01-23T21:53:43.570+0000] {processor.py:153} INFO - Started process (PID=592) to work on /home/airflow/.local/lib/python3.7/site-packages/airflow/example_dags/example_skip_dag.py
[2024-01-23T21:53:43.570+0000] {processor.py:743} INFO - Processing file /home/airflow/.local/lib/python3.7/site-packages/airflow/example_dags/example_skip_dag.py for tasks to queue
[2024-01-23T21:53:43.571+0000] {logging_mixin.py:137} INFO - [2024-01-23T21:53:43.571+0000] {dagbag.py:538} INFO - Filling up the DagBag from /home/airflow/.local/lib/python3.7/site-packages/airflow/example_dags/example_skip_dag.py
[2024-01-23T21:53:43.584+0000] {processor.py:753} INFO - DAG(s) dict_keys(['example_skip_dag']) retrieved from /home/airflow/.local/lib/python3.7/site-packages/airflow/example_dags/example_skip_dag.py
[2024-01-23T21:53:43.622+0000] {logging_mixin.py:137} INFO - [2024-01-23T21:53:43.621+0000] {dag.py:2676} INFO - Sync 1 DAGs
[2024-01-23T21:53:43.654+0000] {logging_mixin.py:137} INFO - [2024-01-23T21:53:43.654+0000] {dag.py:3427} INFO - Setting next_dagrun for example_skip_dag to 2024-01-22T21:53:43.653945+00:00, run_after=2024-01-23T21:53:43.653945+00:00
[2024-01-23T21:53:43.682+0000] {processor.py:175} INFO - Processing /home/airflow/.local/lib/python3.7/site-packages/airflow/example_dags/example_skip_dag.py took 0.115 seconds
[2024-01-23T21:59:15.566+0000] {processor.py:153} INFO - Started process (PID=72) to work on /home/airflow/.local/lib/python3.7/site-packages/airflow/example_dags/example_skip_dag.py
[2024-01-23T21:59:15.567+0000] {processor.py:743} INFO - Processing file /home/airflow/.local/lib/python3.7/site-packages/airflow/example_dags/example_skip_dag.py for tasks to queue
[2024-01-23T21:59:15.568+0000] {logging_mixin.py:137} INFO - [2024-01-23T21:59:15.568+0000] {dagbag.py:538} INFO - Filling up the DagBag from /home/airflow/.local/lib/python3.7/site-packages/airflow/example_dags/example_skip_dag.py
[2024-01-23T21:59:15.586+0000] {processor.py:753} INFO - DAG(s) dict_keys(['example_skip_dag']) retrieved from /home/airflow/.local/lib/python3.7/site-packages/airflow/example_dags/example_skip_dag.py
[2024-01-23T21:59:15.674+0000] {logging_mixin.py:137} INFO - [2024-01-23T21:59:15.674+0000] {dag.py:2676} INFO - Sync 1 DAGs
[2024-01-23T21:59:15.724+0000] {logging_mixin.py:137} INFO - [2024-01-23T21:59:15.724+0000] {dag.py:3427} INFO - Setting next_dagrun for example_skip_dag to 2024-01-22T21:59:15.723236+00:00, run_after=2024-01-23T21:59:15.723236+00:00
[2024-01-23T21:59:15.783+0000] {processor.py:175} INFO - Processing /home/airflow/.local/lib/python3.7/site-packages/airflow/example_dags/example_skip_dag.py took 0.221 seconds
[2024-01-23T21:59:46.575+0000] {processor.py:153} INFO - Started process (PID=152) to work on /home/airflow/.local/lib/python3.7/site-packages/airflow/example_dags/example_skip_dag.py
[2024-01-23T21:59:46.575+0000] {processor.py:743} INFO - Processing file /home/airflow/.local/lib/python3.7/site-packages/airflow/example_dags/example_skip_dag.py for tasks to queue
[2024-01-23T21:59:46.576+0000] {logging_mixin.py:137} INFO - [2024-01-23T21:59:46.576+0000] {dagbag.py:538} INFO - Filling up the DagBag from /home/airflow/.local/lib/python3.7/site-packages/airflow/example_dags/example_skip_dag.py
[2024-01-23T21:59:46.593+0000] {processor.py:753} INFO - DAG(s) dict_keys(['example_skip_dag']) retrieved from /home/airflow/.local/lib/python3.7/site-packages/airflow/example_dags/example_skip_dag.py
[2024-01-23T21:59:46.631+0000] {logging_mixin.py:137} INFO - [2024-01-23T21:59:46.631+0000] {dag.py:2676} INFO - Sync 1 DAGs
[2024-01-23T21:59:46.659+0000] {logging_mixin.py:137} INFO - [2024-01-23T21:59:46.659+0000] {dag.py:3427} INFO - Setting next_dagrun for example_skip_dag to 2024-01-22T21:59:46.659642+00:00, run_after=2024-01-23T21:59:46.659642+00:00
[2024-01-23T21:59:46.678+0000] {processor.py:175} INFO - Processing /home/airflow/.local/lib/python3.7/site-packages/airflow/example_dags/example_skip_dag.py took 0.106 seconds
[2024-01-23T22:00:17.203+0000] {processor.py:153} INFO - Started process (PID=241) to work on /home/airflow/.local/lib/python3.7/site-packages/airflow/example_dags/example_skip_dag.py
[2024-01-23T22:00:17.204+0000] {processor.py:743} INFO - Processing file /home/airflow/.local/lib/python3.7/site-packages/airflow/example_dags/example_skip_dag.py for tasks to queue
[2024-01-23T22:00:17.205+0000] {logging_mixin.py:137} INFO - [2024-01-23T22:00:17.205+0000] {dagbag.py:538} INFO - Filling up the DagBag from /home/airflow/.local/lib/python3.7/site-packages/airflow/example_dags/example_skip_dag.py
[2024-01-23T22:00:17.220+0000] {processor.py:753} INFO - DAG(s) dict_keys(['example_skip_dag']) retrieved from /home/airflow/.local/lib/python3.7/site-packages/airflow/example_dags/example_skip_dag.py
[2024-01-23T22:00:17.264+0000] {logging_mixin.py:137} INFO - [2024-01-23T22:00:17.263+0000] {dag.py:2676} INFO - Sync 1 DAGs
[2024-01-23T22:00:17.302+0000] {logging_mixin.py:137} INFO - [2024-01-23T22:00:17.302+0000] {dag.py:3427} INFO - Setting next_dagrun for example_skip_dag to 2024-01-22T22:00:17.302433+00:00, run_after=2024-01-23T22:00:17.302433+00:00
[2024-01-23T22:00:17.326+0000] {processor.py:175} INFO - Processing /home/airflow/.local/lib/python3.7/site-packages/airflow/example_dags/example_skip_dag.py took 0.126 seconds
[2024-01-23T22:00:47.903+0000] {processor.py:153} INFO - Started process (PID=332) to work on /home/airflow/.local/lib/python3.7/site-packages/airflow/example_dags/example_skip_dag.py
[2024-01-23T22:00:47.904+0000] {processor.py:743} INFO - Processing file /home/airflow/.local/lib/python3.7/site-packages/airflow/example_dags/example_skip_dag.py for tasks to queue
[2024-01-23T22:00:47.905+0000] {logging_mixin.py:137} INFO - [2024-01-23T22:00:47.905+0000] {dagbag.py:538} INFO - Filling up the DagBag from /home/airflow/.local/lib/python3.7/site-packages/airflow/example_dags/example_skip_dag.py
[2024-01-23T22:00:47.922+0000] {processor.py:753} INFO - DAG(s) dict_keys(['example_skip_dag']) retrieved from /home/airflow/.local/lib/python3.7/site-packages/airflow/example_dags/example_skip_dag.py
[2024-01-23T22:00:47.970+0000] {logging_mixin.py:137} INFO - [2024-01-23T22:00:47.969+0000] {dag.py:2676} INFO - Sync 1 DAGs
[2024-01-23T22:00:47.996+0000] {logging_mixin.py:137} INFO - [2024-01-23T22:00:47.996+0000] {dag.py:3427} INFO - Setting next_dagrun for example_skip_dag to 2024-01-22T22:00:47.996040+00:00, run_after=2024-01-23T22:00:47.996040+00:00
[2024-01-23T22:00:48.017+0000] {processor.py:175} INFO - Processing /home/airflow/.local/lib/python3.7/site-packages/airflow/example_dags/example_skip_dag.py took 0.116 seconds
[2024-01-23T22:01:18.776+0000] {processor.py:153} INFO - Started process (PID=412) to work on /home/airflow/.local/lib/python3.7/site-packages/airflow/example_dags/example_skip_dag.py
[2024-01-23T22:01:18.776+0000] {processor.py:743} INFO - Processing file /home/airflow/.local/lib/python3.7/site-packages/airflow/example_dags/example_skip_dag.py for tasks to queue
[2024-01-23T22:01:18.777+0000] {logging_mixin.py:137} INFO - [2024-01-23T22:01:18.777+0000] {dagbag.py:538} INFO - Filling up the DagBag from /home/airflow/.local/lib/python3.7/site-packages/airflow/example_dags/example_skip_dag.py
[2024-01-23T22:01:18.790+0000] {processor.py:753} INFO - DAG(s) dict_keys(['example_skip_dag']) retrieved from /home/airflow/.local/lib/python3.7/site-packages/airflow/example_dags/example_skip_dag.py
[2024-01-23T22:01:18.828+0000] {logging_mixin.py:137} INFO - [2024-01-23T22:01:18.828+0000] {dag.py:2676} INFO - Sync 1 DAGs
[2024-01-23T22:01:18.861+0000] {logging_mixin.py:137} INFO - [2024-01-23T22:01:18.860+0000] {dag.py:3427} INFO - Setting next_dagrun for example_skip_dag to 2024-01-22T22:01:18.860545+00:00, run_after=2024-01-23T22:01:18.860545+00:00
[2024-01-23T22:01:18.888+0000] {processor.py:175} INFO - Processing /home/airflow/.local/lib/python3.7/site-packages/airflow/example_dags/example_skip_dag.py took 0.114 seconds
[2024-01-23T22:01:49.188+0000] {processor.py:153} INFO - Started process (PID=512) to work on /home/airflow/.local/lib/python3.7/site-packages/airflow/example_dags/example_skip_dag.py
[2024-01-23T22:01:49.189+0000] {processor.py:743} INFO - Processing file /home/airflow/.local/lib/python3.7/site-packages/airflow/example_dags/example_skip_dag.py for tasks to queue
[2024-01-23T22:01:49.190+0000] {logging_mixin.py:137} INFO - [2024-01-23T22:01:49.190+0000] {dagbag.py:538} INFO - Filling up the DagBag from /home/airflow/.local/lib/python3.7/site-packages/airflow/example_dags/example_skip_dag.py
[2024-01-23T22:01:49.208+0000] {processor.py:753} INFO - DAG(s) dict_keys(['example_skip_dag']) retrieved from /home/airflow/.local/lib/python3.7/site-packages/airflow/example_dags/example_skip_dag.py
[2024-01-23T22:01:49.250+0000] {logging_mixin.py:137} INFO - [2024-01-23T22:01:49.250+0000] {dag.py:2676} INFO - Sync 1 DAGs
[2024-01-23T22:01:49.282+0000] {logging_mixin.py:137} INFO - [2024-01-23T22:01:49.282+0000] {dag.py:3427} INFO - Setting next_dagrun for example_skip_dag to 2024-01-22T22:01:49.281966+00:00, run_after=2024-01-23T22:01:49.281966+00:00
[2024-01-23T22:01:49.305+0000] {processor.py:175} INFO - Processing /home/airflow/.local/lib/python3.7/site-packages/airflow/example_dags/example_skip_dag.py took 0.119 seconds
[2024-01-23T22:02:19.431+0000] {processor.py:153} INFO - Started process (PID=592) to work on /home/airflow/.local/lib/python3.7/site-packages/airflow/example_dags/example_skip_dag.py
[2024-01-23T22:02:19.432+0000] {processor.py:743} INFO - Processing file /home/airflow/.local/lib/python3.7/site-packages/airflow/example_dags/example_skip_dag.py for tasks to queue
[2024-01-23T22:02:19.433+0000] {logging_mixin.py:137} INFO - [2024-01-23T22:02:19.433+0000] {dagbag.py:538} INFO - Filling up the DagBag from /home/airflow/.local/lib/python3.7/site-packages/airflow/example_dags/example_skip_dag.py
[2024-01-23T22:02:19.448+0000] {processor.py:753} INFO - DAG(s) dict_keys(['example_skip_dag']) retrieved from /home/airflow/.local/lib/python3.7/site-packages/airflow/example_dags/example_skip_dag.py
[2024-01-23T22:02:19.482+0000] {logging_mixin.py:137} INFO - [2024-01-23T22:02:19.482+0000] {dag.py:2676} INFO - Sync 1 DAGs
[2024-01-23T22:02:19.510+0000] {logging_mixin.py:137} INFO - [2024-01-23T22:02:19.510+0000] {dag.py:3427} INFO - Setting next_dagrun for example_skip_dag to 2024-01-22T22:02:19.510059+00:00, run_after=2024-01-23T22:02:19.510059+00:00
[2024-01-23T22:02:19.530+0000] {processor.py:175} INFO - Processing /home/airflow/.local/lib/python3.7/site-packages/airflow/example_dags/example_skip_dag.py took 0.101 seconds
[2024-01-23T22:02:49.843+0000] {processor.py:153} INFO - Started process (PID=672) to work on /home/airflow/.local/lib/python3.7/site-packages/airflow/example_dags/example_skip_dag.py
[2024-01-23T22:02:49.844+0000] {processor.py:743} INFO - Processing file /home/airflow/.local/lib/python3.7/site-packages/airflow/example_dags/example_skip_dag.py for tasks to queue
[2024-01-23T22:02:49.845+0000] {logging_mixin.py:137} INFO - [2024-01-23T22:02:49.845+0000] {dagbag.py:538} INFO - Filling up the DagBag from /home/airflow/.local/lib/python3.7/site-packages/airflow/example_dags/example_skip_dag.py
[2024-01-23T22:02:49.857+0000] {processor.py:753} INFO - DAG(s) dict_keys(['example_skip_dag']) retrieved from /home/airflow/.local/lib/python3.7/site-packages/airflow/example_dags/example_skip_dag.py
[2024-01-23T22:02:49.895+0000] {logging_mixin.py:137} INFO - [2024-01-23T22:02:49.895+0000] {dag.py:2676} INFO - Sync 1 DAGs
[2024-01-23T22:02:49.924+0000] {logging_mixin.py:137} INFO - [2024-01-23T22:02:49.924+0000] {dag.py:3427} INFO - Setting next_dagrun for example_skip_dag to 2024-01-22T22:02:49.924195+00:00, run_after=2024-01-23T22:02:49.924195+00:00
[2024-01-23T22:02:49.949+0000] {processor.py:175} INFO - Processing /home/airflow/.local/lib/python3.7/site-packages/airflow/example_dags/example_skip_dag.py took 0.107 seconds
[2024-01-23T22:03:20.236+0000] {processor.py:153} INFO - Started process (PID=772) to work on /home/airflow/.local/lib/python3.7/site-packages/airflow/example_dags/example_skip_dag.py
[2024-01-23T22:03:20.237+0000] {processor.py:743} INFO - Processing file /home/airflow/.local/lib/python3.7/site-packages/airflow/example_dags/example_skip_dag.py for tasks to queue
[2024-01-23T22:03:20.238+0000] {logging_mixin.py:137} INFO - [2024-01-23T22:03:20.238+0000] {dagbag.py:538} INFO - Filling up the DagBag from /home/airflow/.local/lib/python3.7/site-packages/airflow/example_dags/example_skip_dag.py
[2024-01-23T22:03:20.256+0000] {processor.py:753} INFO - DAG(s) dict_keys(['example_skip_dag']) retrieved from /home/airflow/.local/lib/python3.7/site-packages/airflow/example_dags/example_skip_dag.py
[2024-01-23T22:03:20.299+0000] {logging_mixin.py:137} INFO - [2024-01-23T22:03:20.299+0000] {dag.py:2676} INFO - Sync 1 DAGs
[2024-01-23T22:03:20.328+0000] {logging_mixin.py:137} INFO - [2024-01-23T22:03:20.328+0000] {dag.py:3427} INFO - Setting next_dagrun for example_skip_dag to 2024-01-22T22:03:20.328107+00:00, run_after=2024-01-23T22:03:20.328107+00:00
[2024-01-23T22:03:20.351+0000] {processor.py:175} INFO - Processing /home/airflow/.local/lib/python3.7/site-packages/airflow/example_dags/example_skip_dag.py took 0.118 seconds
[2024-01-23T22:03:50.533+0000] {processor.py:153} INFO - Started process (PID=852) to work on /home/airflow/.local/lib/python3.7/site-packages/airflow/example_dags/example_skip_dag.py
[2024-01-23T22:03:50.533+0000] {processor.py:743} INFO - Processing file /home/airflow/.local/lib/python3.7/site-packages/airflow/example_dags/example_skip_dag.py for tasks to queue
[2024-01-23T22:03:50.534+0000] {logging_mixin.py:137} INFO - [2024-01-23T22:03:50.534+0000] {dagbag.py:538} INFO - Filling up the DagBag from /home/airflow/.local/lib/python3.7/site-packages/airflow/example_dags/example_skip_dag.py
[2024-01-23T22:03:50.545+0000] {processor.py:753} INFO - DAG(s) dict_keys(['example_skip_dag']) retrieved from /home/airflow/.local/lib/python3.7/site-packages/airflow/example_dags/example_skip_dag.py
[2024-01-23T22:03:50.584+0000] {logging_mixin.py:137} INFO - [2024-01-23T22:03:50.583+0000] {dag.py:2676} INFO - Sync 1 DAGs
[2024-01-23T22:03:50.616+0000] {logging_mixin.py:137} INFO - [2024-01-23T22:03:50.616+0000] {dag.py:3427} INFO - Setting next_dagrun for example_skip_dag to 2024-01-22T22:03:50.616267+00:00, run_after=2024-01-23T22:03:50.616267+00:00
[2024-01-23T22:03:50.636+0000] {processor.py:175} INFO - Processing /home/airflow/.local/lib/python3.7/site-packages/airflow/example_dags/example_skip_dag.py took 0.106 seconds
[2024-01-23T22:04:20.854+0000] {processor.py:153} INFO - Started process (PID=932) to work on /home/airflow/.local/lib/python3.7/site-packages/airflow/example_dags/example_skip_dag.py
[2024-01-23T22:04:20.855+0000] {processor.py:743} INFO - Processing file /home/airflow/.local/lib/python3.7/site-packages/airflow/example_dags/example_skip_dag.py for tasks to queue
[2024-01-23T22:04:20.855+0000] {logging_mixin.py:137} INFO - [2024-01-23T22:04:20.855+0000] {dagbag.py:538} INFO - Filling up the DagBag from /home/airflow/.local/lib/python3.7/site-packages/airflow/example_dags/example_skip_dag.py
[2024-01-23T22:04:20.869+0000] {processor.py:753} INFO - DAG(s) dict_keys(['example_skip_dag']) retrieved from /home/airflow/.local/lib/python3.7/site-packages/airflow/example_dags/example_skip_dag.py
[2024-01-23T22:04:20.912+0000] {logging_mixin.py:137} INFO - [2024-01-23T22:04:20.912+0000] {dag.py:2676} INFO - Sync 1 DAGs
[2024-01-23T22:04:20.941+0000] {logging_mixin.py:137} INFO - [2024-01-23T22:04:20.940+0000] {dag.py:3427} INFO - Setting next_dagrun for example_skip_dag to 2024-01-22T22:04:20.940497+00:00, run_after=2024-01-23T22:04:20.940497+00:00
[2024-01-23T22:04:20.964+0000] {processor.py:175} INFO - Processing /home/airflow/.local/lib/python3.7/site-packages/airflow/example_dags/example_skip_dag.py took 0.112 seconds
[2024-01-23T22:04:51.681+0000] {processor.py:153} INFO - Started process (PID=1032) to work on /home/airflow/.local/lib/python3.7/site-packages/airflow/example_dags/example_skip_dag.py
[2024-01-23T22:04:51.682+0000] {processor.py:743} INFO - Processing file /home/airflow/.local/lib/python3.7/site-packages/airflow/example_dags/example_skip_dag.py for tasks to queue
[2024-01-23T22:04:51.683+0000] {logging_mixin.py:137} INFO - [2024-01-23T22:04:51.683+0000] {dagbag.py:538} INFO - Filling up the DagBag from /home/airflow/.local/lib/python3.7/site-packages/airflow/example_dags/example_skip_dag.py
[2024-01-23T22:04:51.698+0000] {processor.py:753} INFO - DAG(s) dict_keys(['example_skip_dag']) retrieved from /home/airflow/.local/lib/python3.7/site-packages/airflow/example_dags/example_skip_dag.py
[2024-01-23T22:04:51.737+0000] {logging_mixin.py:137} INFO - [2024-01-23T22:04:51.737+0000] {dag.py:2676} INFO - Sync 1 DAGs
[2024-01-23T22:04:51.764+0000] {logging_mixin.py:137} INFO - [2024-01-23T22:04:51.764+0000] {dag.py:3427} INFO - Setting next_dagrun for example_skip_dag to 2024-01-22T22:04:51.764412+00:00, run_after=2024-01-23T22:04:51.764412+00:00
[2024-01-23T22:04:51.789+0000] {processor.py:175} INFO - Processing /home/airflow/.local/lib/python3.7/site-packages/airflow/example_dags/example_skip_dag.py took 0.110 seconds
[2024-01-23T22:05:22.033+0000] {processor.py:153} INFO - Started process (PID=1112) to work on /home/airflow/.local/lib/python3.7/site-packages/airflow/example_dags/example_skip_dag.py
[2024-01-23T22:05:22.034+0000] {processor.py:743} INFO - Processing file /home/airflow/.local/lib/python3.7/site-packages/airflow/example_dags/example_skip_dag.py for tasks to queue
[2024-01-23T22:05:22.035+0000] {logging_mixin.py:137} INFO - [2024-01-23T22:05:22.035+0000] {dagbag.py:538} INFO - Filling up the DagBag from /home/airflow/.local/lib/python3.7/site-packages/airflow/example_dags/example_skip_dag.py
[2024-01-23T22:05:22.048+0000] {processor.py:753} INFO - DAG(s) dict_keys(['example_skip_dag']) retrieved from /home/airflow/.local/lib/python3.7/site-packages/airflow/example_dags/example_skip_dag.py
[2024-01-23T22:05:22.092+0000] {logging_mixin.py:137} INFO - [2024-01-23T22:05:22.091+0000] {dag.py:2676} INFO - Sync 1 DAGs
[2024-01-23T22:05:22.123+0000] {logging_mixin.py:137} INFO - [2024-01-23T22:05:22.123+0000] {dag.py:3427} INFO - Setting next_dagrun for example_skip_dag to 2024-01-22T22:05:22.123294+00:00, run_after=2024-01-23T22:05:22.123294+00:00
[2024-01-23T22:05:22.148+0000] {processor.py:175} INFO - Processing /home/airflow/.local/lib/python3.7/site-packages/airflow/example_dags/example_skip_dag.py took 0.117 seconds
[2024-01-23T22:05:52.345+0000] {processor.py:153} INFO - Started process (PID=1192) to work on /home/airflow/.local/lib/python3.7/site-packages/airflow/example_dags/example_skip_dag.py
[2024-01-23T22:05:52.345+0000] {processor.py:743} INFO - Processing file /home/airflow/.local/lib/python3.7/site-packages/airflow/example_dags/example_skip_dag.py for tasks to queue
[2024-01-23T22:05:52.346+0000] {logging_mixin.py:137} INFO - [2024-01-23T22:05:52.346+0000] {dagbag.py:538} INFO - Filling up the DagBag from /home/airflow/.local/lib/python3.7/site-packages/airflow/example_dags/example_skip_dag.py
[2024-01-23T22:05:52.361+0000] {processor.py:753} INFO - DAG(s) dict_keys(['example_skip_dag']) retrieved from /home/airflow/.local/lib/python3.7/site-packages/airflow/example_dags/example_skip_dag.py
[2024-01-23T22:05:52.401+0000] {logging_mixin.py:137} INFO - [2024-01-23T22:05:52.401+0000] {dag.py:2676} INFO - Sync 1 DAGs
[2024-01-23T22:05:52.429+0000] {logging_mixin.py:137} INFO - [2024-01-23T22:05:52.428+0000] {dag.py:3427} INFO - Setting next_dagrun for example_skip_dag to 2024-01-22T22:05:52.428601+00:00, run_after=2024-01-23T22:05:52.428601+00:00
[2024-01-23T22:05:52.452+0000] {processor.py:175} INFO - Processing /home/airflow/.local/lib/python3.7/site-packages/airflow/example_dags/example_skip_dag.py took 0.110 seconds
[2024-01-23T22:06:22.894+0000] {processor.py:153} INFO - Started process (PID=1292) to work on /home/airflow/.local/lib/python3.7/site-packages/airflow/example_dags/example_skip_dag.py
[2024-01-23T22:06:22.895+0000] {processor.py:743} INFO - Processing file /home/airflow/.local/lib/python3.7/site-packages/airflow/example_dags/example_skip_dag.py for tasks to queue
[2024-01-23T22:06:22.896+0000] {logging_mixin.py:137} INFO - [2024-01-23T22:06:22.895+0000] {dagbag.py:538} INFO - Filling up the DagBag from /home/airflow/.local/lib/python3.7/site-packages/airflow/example_dags/example_skip_dag.py
[2024-01-23T22:06:22.911+0000] {processor.py:753} INFO - DAG(s) dict_keys(['example_skip_dag']) retrieved from /home/airflow/.local/lib/python3.7/site-packages/airflow/example_dags/example_skip_dag.py
[2024-01-23T22:06:22.953+0000] {logging_mixin.py:137} INFO - [2024-01-23T22:06:22.953+0000] {dag.py:2676} INFO - Sync 1 DAGs
[2024-01-23T22:06:22.979+0000] {logging_mixin.py:137} INFO - [2024-01-23T22:06:22.979+0000] {dag.py:3427} INFO - Setting next_dagrun for example_skip_dag to 2024-01-22T22:06:22.978863+00:00, run_after=2024-01-23T22:06:22.978863+00:00
[2024-01-23T22:06:23.002+0000] {processor.py:175} INFO - Processing /home/airflow/.local/lib/python3.7/site-packages/airflow/example_dags/example_skip_dag.py took 0.112 seconds
[2024-01-23T22:06:53.836+0000] {processor.py:153} INFO - Started process (PID=1372) to work on /home/airflow/.local/lib/python3.7/site-packages/airflow/example_dags/example_skip_dag.py
[2024-01-23T22:06:53.838+0000] {processor.py:743} INFO - Processing file /home/airflow/.local/lib/python3.7/site-packages/airflow/example_dags/example_skip_dag.py for tasks to queue
[2024-01-23T22:06:53.839+0000] {logging_mixin.py:137} INFO - [2024-01-23T22:06:53.839+0000] {dagbag.py:538} INFO - Filling up the DagBag from /home/airflow/.local/lib/python3.7/site-packages/airflow/example_dags/example_skip_dag.py
[2024-01-23T22:06:53.854+0000] {processor.py:753} INFO - DAG(s) dict_keys(['example_skip_dag']) retrieved from /home/airflow/.local/lib/python3.7/site-packages/airflow/example_dags/example_skip_dag.py
[2024-01-23T22:06:53.896+0000] {logging_mixin.py:137} INFO - [2024-01-23T22:06:53.896+0000] {dag.py:2676} INFO - Sync 1 DAGs
[2024-01-23T22:06:53.927+0000] {logging_mixin.py:137} INFO - [2024-01-23T22:06:53.927+0000] {dag.py:3427} INFO - Setting next_dagrun for example_skip_dag to 2024-01-22T22:06:53.926980+00:00, run_after=2024-01-23T22:06:53.926980+00:00
[2024-01-23T22:06:53.960+0000] {processor.py:175} INFO - Processing /home/airflow/.local/lib/python3.7/site-packages/airflow/example_dags/example_skip_dag.py took 0.126 seconds
[2024-01-23T22:07:24.037+0000] {processor.py:153} INFO - Started process (PID=1452) to work on /home/airflow/.local/lib/python3.7/site-packages/airflow/example_dags/example_skip_dag.py
[2024-01-23T22:07:24.038+0000] {processor.py:743} INFO - Processing file /home/airflow/.local/lib/python3.7/site-packages/airflow/example_dags/example_skip_dag.py for tasks to queue
[2024-01-23T22:07:24.039+0000] {logging_mixin.py:137} INFO - [2024-01-23T22:07:24.039+0000] {dagbag.py:538} INFO - Filling up the DagBag from /home/airflow/.local/lib/python3.7/site-packages/airflow/example_dags/example_skip_dag.py
[2024-01-23T22:07:24.051+0000] {processor.py:753} INFO - DAG(s) dict_keys(['example_skip_dag']) retrieved from /home/airflow/.local/lib/python3.7/site-packages/airflow/example_dags/example_skip_dag.py
[2024-01-23T22:07:24.086+0000] {logging_mixin.py:137} INFO - [2024-01-23T22:07:24.086+0000] {dag.py:2676} INFO - Sync 1 DAGs
[2024-01-23T22:07:24.113+0000] {logging_mixin.py:137} INFO - [2024-01-23T22:07:24.113+0000] {dag.py:3427} INFO - Setting next_dagrun for example_skip_dag to 2024-01-22T22:07:24.113141+00:00, run_after=2024-01-23T22:07:24.113141+00:00
[2024-01-23T22:07:24.141+0000] {processor.py:175} INFO - Processing /home/airflow/.local/lib/python3.7/site-packages/airflow/example_dags/example_skip_dag.py took 0.106 seconds
[2024-01-23T22:07:54.689+0000] {processor.py:153} INFO - Started process (PID=1552) to work on /home/airflow/.local/lib/python3.7/site-packages/airflow/example_dags/example_skip_dag.py
[2024-01-23T22:07:54.689+0000] {processor.py:743} INFO - Processing file /home/airflow/.local/lib/python3.7/site-packages/airflow/example_dags/example_skip_dag.py for tasks to queue
[2024-01-23T22:07:54.690+0000] {logging_mixin.py:137} INFO - [2024-01-23T22:07:54.690+0000] {dagbag.py:538} INFO - Filling up the DagBag from /home/airflow/.local/lib/python3.7/site-packages/airflow/example_dags/example_skip_dag.py
[2024-01-23T22:07:54.705+0000] {processor.py:753} INFO - DAG(s) dict_keys(['example_skip_dag']) retrieved from /home/airflow/.local/lib/python3.7/site-packages/airflow/example_dags/example_skip_dag.py
[2024-01-23T22:07:54.739+0000] {logging_mixin.py:137} INFO - [2024-01-23T22:07:54.739+0000] {dag.py:2676} INFO - Sync 1 DAGs
[2024-01-23T22:07:54.770+0000] {logging_mixin.py:137} INFO - [2024-01-23T22:07:54.769+0000] {dag.py:3427} INFO - Setting next_dagrun for example_skip_dag to 2024-01-22T22:07:54.769614+00:00, run_after=2024-01-23T22:07:54.769614+00:00
[2024-01-23T22:07:54.792+0000] {processor.py:175} INFO - Processing /home/airflow/.local/lib/python3.7/site-packages/airflow/example_dags/example_skip_dag.py took 0.105 seconds
[2024-01-23T22:08:25.000+0000] {processor.py:153} INFO - Started process (PID=1632) to work on /home/airflow/.local/lib/python3.7/site-packages/airflow/example_dags/example_skip_dag.py
[2024-01-23T22:08:25.001+0000] {processor.py:743} INFO - Processing file /home/airflow/.local/lib/python3.7/site-packages/airflow/example_dags/example_skip_dag.py for tasks to queue
[2024-01-23T22:08:25.002+0000] {logging_mixin.py:137} INFO - [2024-01-23T22:08:25.001+0000] {dagbag.py:538} INFO - Filling up the DagBag from /home/airflow/.local/lib/python3.7/site-packages/airflow/example_dags/example_skip_dag.py
[2024-01-23T22:08:25.016+0000] {processor.py:753} INFO - DAG(s) dict_keys(['example_skip_dag']) retrieved from /home/airflow/.local/lib/python3.7/site-packages/airflow/example_dags/example_skip_dag.py
[2024-01-23T22:08:25.067+0000] {logging_mixin.py:137} INFO - [2024-01-23T22:08:25.066+0000] {dag.py:2676} INFO - Sync 1 DAGs
[2024-01-23T22:08:25.110+0000] {logging_mixin.py:137} INFO - [2024-01-23T22:08:25.109+0000] {dag.py:3427} INFO - Setting next_dagrun for example_skip_dag to 2024-01-22T22:08:25.109659+00:00, run_after=2024-01-23T22:08:25.109659+00:00
[2024-01-23T22:08:25.134+0000] {processor.py:175} INFO - Processing /home/airflow/.local/lib/python3.7/site-packages/airflow/example_dags/example_skip_dag.py took 0.136 seconds
[2024-01-23T22:08:55.228+0000] {processor.py:153} INFO - Started process (PID=1721) to work on /home/airflow/.local/lib/python3.7/site-packages/airflow/example_dags/example_skip_dag.py
[2024-01-23T22:08:55.229+0000] {processor.py:743} INFO - Processing file /home/airflow/.local/lib/python3.7/site-packages/airflow/example_dags/example_skip_dag.py for tasks to queue
[2024-01-23T22:08:55.230+0000] {logging_mixin.py:137} INFO - [2024-01-23T22:08:55.229+0000] {dagbag.py:538} INFO - Filling up the DagBag from /home/airflow/.local/lib/python3.7/site-packages/airflow/example_dags/example_skip_dag.py
[2024-01-23T22:08:55.248+0000] {processor.py:753} INFO - DAG(s) dict_keys(['example_skip_dag']) retrieved from /home/airflow/.local/lib/python3.7/site-packages/airflow/example_dags/example_skip_dag.py
[2024-01-23T22:08:55.294+0000] {logging_mixin.py:137} INFO - [2024-01-23T22:08:55.294+0000] {dag.py:2676} INFO - Sync 1 DAGs
[2024-01-23T22:08:55.347+0000] {logging_mixin.py:137} INFO - [2024-01-23T22:08:55.347+0000] {dag.py:3427} INFO - Setting next_dagrun for example_skip_dag to 2024-01-22T22:08:55.347395+00:00, run_after=2024-01-23T22:08:55.347395+00:00
[2024-01-23T22:08:55.412+0000] {processor.py:175} INFO - Processing /home/airflow/.local/lib/python3.7/site-packages/airflow/example_dags/example_skip_dag.py took 0.187 seconds
[2024-01-23T22:09:26.438+0000] {processor.py:153} INFO - Started process (PID=1812) to work on /home/airflow/.local/lib/python3.7/site-packages/airflow/example_dags/example_skip_dag.py
[2024-01-23T22:09:26.439+0000] {processor.py:743} INFO - Processing file /home/airflow/.local/lib/python3.7/site-packages/airflow/example_dags/example_skip_dag.py for tasks to queue
[2024-01-23T22:09:26.440+0000] {logging_mixin.py:137} INFO - [2024-01-23T22:09:26.440+0000] {dagbag.py:538} INFO - Filling up the DagBag from /home/airflow/.local/lib/python3.7/site-packages/airflow/example_dags/example_skip_dag.py
[2024-01-23T22:09:26.456+0000] {processor.py:753} INFO - DAG(s) dict_keys(['example_skip_dag']) retrieved from /home/airflow/.local/lib/python3.7/site-packages/airflow/example_dags/example_skip_dag.py
[2024-01-23T22:09:26.498+0000] {logging_mixin.py:137} INFO - [2024-01-23T22:09:26.497+0000] {dag.py:2676} INFO - Sync 1 DAGs
[2024-01-23T22:09:26.527+0000] {logging_mixin.py:137} INFO - [2024-01-23T22:09:26.527+0000] {dag.py:3427} INFO - Setting next_dagrun for example_skip_dag to 2024-01-22T22:09:26.525317+00:00, run_after=2024-01-23T22:09:26.525317+00:00
[2024-01-23T22:09:26.548+0000] {processor.py:175} INFO - Processing /home/airflow/.local/lib/python3.7/site-packages/airflow/example_dags/example_skip_dag.py took 0.112 seconds
[2024-01-23T22:09:57.145+0000] {processor.py:153} INFO - Started process (PID=1892) to work on /home/airflow/.local/lib/python3.7/site-packages/airflow/example_dags/example_skip_dag.py
[2024-01-23T22:09:57.145+0000] {processor.py:743} INFO - Processing file /home/airflow/.local/lib/python3.7/site-packages/airflow/example_dags/example_skip_dag.py for tasks to queue
[2024-01-23T22:09:57.146+0000] {logging_mixin.py:137} INFO - [2024-01-23T22:09:57.146+0000] {dagbag.py:538} INFO - Filling up the DagBag from /home/airflow/.local/lib/python3.7/site-packages/airflow/example_dags/example_skip_dag.py
[2024-01-23T22:09:57.161+0000] {processor.py:753} INFO - DAG(s) dict_keys(['example_skip_dag']) retrieved from /home/airflow/.local/lib/python3.7/site-packages/airflow/example_dags/example_skip_dag.py
[2024-01-23T22:09:57.202+0000] {logging_mixin.py:137} INFO - [2024-01-23T22:09:57.202+0000] {dag.py:2676} INFO - Sync 1 DAGs
[2024-01-23T22:09:57.236+0000] {logging_mixin.py:137} INFO - [2024-01-23T22:09:57.235+0000] {dag.py:3427} INFO - Setting next_dagrun for example_skip_dag to 2024-01-22T22:09:57.235559+00:00, run_after=2024-01-23T22:09:57.235559+00:00
[2024-01-23T22:09:57.261+0000] {processor.py:175} INFO - Processing /home/airflow/.local/lib/python3.7/site-packages/airflow/example_dags/example_skip_dag.py took 0.119 seconds
[2024-01-23T22:10:27.426+0000] {processor.py:153} INFO - Started process (PID=1992) to work on /home/airflow/.local/lib/python3.7/site-packages/airflow/example_dags/example_skip_dag.py
[2024-01-23T22:10:27.427+0000] {processor.py:743} INFO - Processing file /home/airflow/.local/lib/python3.7/site-packages/airflow/example_dags/example_skip_dag.py for tasks to queue
[2024-01-23T22:10:27.428+0000] {logging_mixin.py:137} INFO - [2024-01-23T22:10:27.428+0000] {dagbag.py:538} INFO - Filling up the DagBag from /home/airflow/.local/lib/python3.7/site-packages/airflow/example_dags/example_skip_dag.py
[2024-01-23T22:10:27.449+0000] {processor.py:753} INFO - DAG(s) dict_keys(['example_skip_dag']) retrieved from /home/airflow/.local/lib/python3.7/site-packages/airflow/example_dags/example_skip_dag.py
[2024-01-23T22:10:27.500+0000] {logging_mixin.py:137} INFO - [2024-01-23T22:10:27.500+0000] {dag.py:2676} INFO - Sync 1 DAGs
[2024-01-23T22:10:27.549+0000] {logging_mixin.py:137} INFO - [2024-01-23T22:10:27.548+0000] {dag.py:3427} INFO - Setting next_dagrun for example_skip_dag to 2024-01-22T22:10:27.548318+00:00, run_after=2024-01-23T22:10:27.548318+00:00
[2024-01-23T22:10:27.574+0000] {processor.py:175} INFO - Processing /home/airflow/.local/lib/python3.7/site-packages/airflow/example_dags/example_skip_dag.py took 0.151 seconds
[2024-01-23T22:10:57.827+0000] {processor.py:153} INFO - Started process (PID=2072) to work on /home/airflow/.local/lib/python3.7/site-packages/airflow/example_dags/example_skip_dag.py
[2024-01-23T22:10:57.827+0000] {processor.py:743} INFO - Processing file /home/airflow/.local/lib/python3.7/site-packages/airflow/example_dags/example_skip_dag.py for tasks to queue
[2024-01-23T22:10:57.828+0000] {logging_mixin.py:137} INFO - [2024-01-23T22:10:57.828+0000] {dagbag.py:538} INFO - Filling up the DagBag from /home/airflow/.local/lib/python3.7/site-packages/airflow/example_dags/example_skip_dag.py
[2024-01-23T22:10:57.844+0000] {processor.py:753} INFO - DAG(s) dict_keys(['example_skip_dag']) retrieved from /home/airflow/.local/lib/python3.7/site-packages/airflow/example_dags/example_skip_dag.py
[2024-01-23T22:10:57.883+0000] {logging_mixin.py:137} INFO - [2024-01-23T22:10:57.883+0000] {dag.py:2676} INFO - Sync 1 DAGs
[2024-01-23T22:10:57.919+0000] {logging_mixin.py:137} INFO - [2024-01-23T22:10:57.918+0000] {dag.py:3427} INFO - Setting next_dagrun for example_skip_dag to 2024-01-22T22:10:57.918517+00:00, run_after=2024-01-23T22:10:57.918517+00:00
[2024-01-23T22:10:57.943+0000] {processor.py:175} INFO - Processing /home/airflow/.local/lib/python3.7/site-packages/airflow/example_dags/example_skip_dag.py took 0.119 seconds
[2024-01-23T22:11:28.150+0000] {processor.py:153} INFO - Started process (PID=2152) to work on /home/airflow/.local/lib/python3.7/site-packages/airflow/example_dags/example_skip_dag.py
[2024-01-23T22:11:28.150+0000] {processor.py:743} INFO - Processing file /home/airflow/.local/lib/python3.7/site-packages/airflow/example_dags/example_skip_dag.py for tasks to queue
[2024-01-23T22:11:28.151+0000] {logging_mixin.py:137} INFO - [2024-01-23T22:11:28.151+0000] {dagbag.py:538} INFO - Filling up the DagBag from /home/airflow/.local/lib/python3.7/site-packages/airflow/example_dags/example_skip_dag.py
[2024-01-23T22:11:28.165+0000] {processor.py:753} INFO - DAG(s) dict_keys(['example_skip_dag']) retrieved from /home/airflow/.local/lib/python3.7/site-packages/airflow/example_dags/example_skip_dag.py
[2024-01-23T22:11:28.204+0000] {logging_mixin.py:137} INFO - [2024-01-23T22:11:28.204+0000] {dag.py:2676} INFO - Sync 1 DAGs
[2024-01-23T22:11:28.236+0000] {logging_mixin.py:137} INFO - [2024-01-23T22:11:28.236+0000] {dag.py:3427} INFO - Setting next_dagrun for example_skip_dag to 2024-01-22T22:11:28.235881+00:00, run_after=2024-01-23T22:11:28.235881+00:00
[2024-01-23T22:11:28.258+0000] {processor.py:175} INFO - Processing /home/airflow/.local/lib/python3.7/site-packages/airflow/example_dags/example_skip_dag.py took 0.111 seconds
[2024-01-23T22:11:58.602+0000] {processor.py:153} INFO - Started process (PID=2252) to work on /home/airflow/.local/lib/python3.7/site-packages/airflow/example_dags/example_skip_dag.py
[2024-01-23T22:11:58.603+0000] {processor.py:743} INFO - Processing file /home/airflow/.local/lib/python3.7/site-packages/airflow/example_dags/example_skip_dag.py for tasks to queue
[2024-01-23T22:11:58.604+0000] {logging_mixin.py:137} INFO - [2024-01-23T22:11:58.603+0000] {dagbag.py:538} INFO - Filling up the DagBag from /home/airflow/.local/lib/python3.7/site-packages/airflow/example_dags/example_skip_dag.py
[2024-01-23T22:11:58.621+0000] {processor.py:753} INFO - DAG(s) dict_keys(['example_skip_dag']) retrieved from /home/airflow/.local/lib/python3.7/site-packages/airflow/example_dags/example_skip_dag.py
[2024-01-23T22:11:58.663+0000] {logging_mixin.py:137} INFO - [2024-01-23T22:11:58.663+0000] {dag.py:2676} INFO - Sync 1 DAGs
[2024-01-23T22:11:58.702+0000] {logging_mixin.py:137} INFO - [2024-01-23T22:11:58.702+0000] {dag.py:3427} INFO - Setting next_dagrun for example_skip_dag to 2024-01-22T22:11:58.701699+00:00, run_after=2024-01-23T22:11:58.701699+00:00
[2024-01-23T22:11:58.729+0000] {processor.py:175} INFO - Processing /home/airflow/.local/lib/python3.7/site-packages/airflow/example_dags/example_skip_dag.py took 0.131 seconds
[2024-01-23T22:12:28.933+0000] {processor.py:153} INFO - Started process (PID=2332) to work on /home/airflow/.local/lib/python3.7/site-packages/airflow/example_dags/example_skip_dag.py
[2024-01-23T22:12:28.934+0000] {processor.py:743} INFO - Processing file /home/airflow/.local/lib/python3.7/site-packages/airflow/example_dags/example_skip_dag.py for tasks to queue
[2024-01-23T22:12:28.934+0000] {logging_mixin.py:137} INFO - [2024-01-23T22:12:28.934+0000] {dagbag.py:538} INFO - Filling up the DagBag from /home/airflow/.local/lib/python3.7/site-packages/airflow/example_dags/example_skip_dag.py
[2024-01-23T22:12:28.949+0000] {processor.py:753} INFO - DAG(s) dict_keys(['example_skip_dag']) retrieved from /home/airflow/.local/lib/python3.7/site-packages/airflow/example_dags/example_skip_dag.py
[2024-01-23T22:12:28.986+0000] {logging_mixin.py:137} INFO - [2024-01-23T22:12:28.986+0000] {dag.py:2676} INFO - Sync 1 DAGs
[2024-01-23T22:12:29.013+0000] {logging_mixin.py:137} INFO - [2024-01-23T22:12:29.013+0000] {dag.py:3427} INFO - Setting next_dagrun for example_skip_dag to 2024-01-22T22:12:29.012901+00:00, run_after=2024-01-23T22:12:29.012901+00:00
[2024-01-23T22:12:29.034+0000] {processor.py:175} INFO - Processing /home/airflow/.local/lib/python3.7/site-packages/airflow/example_dags/example_skip_dag.py took 0.104 seconds
[2024-01-23T22:12:59.344+0000] {processor.py:153} INFO - Started process (PID=2412) to work on /home/airflow/.local/lib/python3.7/site-packages/airflow/example_dags/example_skip_dag.py
[2024-01-23T22:12:59.345+0000] {processor.py:743} INFO - Processing file /home/airflow/.local/lib/python3.7/site-packages/airflow/example_dags/example_skip_dag.py for tasks to queue
[2024-01-23T22:12:59.345+0000] {logging_mixin.py:137} INFO - [2024-01-23T22:12:59.345+0000] {dagbag.py:538} INFO - Filling up the DagBag from /home/airflow/.local/lib/python3.7/site-packages/airflow/example_dags/example_skip_dag.py
[2024-01-23T22:12:59.359+0000] {processor.py:753} INFO - DAG(s) dict_keys(['example_skip_dag']) retrieved from /home/airflow/.local/lib/python3.7/site-packages/airflow/example_dags/example_skip_dag.py
[2024-01-23T22:12:59.397+0000] {logging_mixin.py:137} INFO - [2024-01-23T22:12:59.397+0000] {dag.py:2676} INFO - Sync 1 DAGs
[2024-01-23T22:12:59.424+0000] {logging_mixin.py:137} INFO - [2024-01-23T22:12:59.424+0000] {dag.py:3427} INFO - Setting next_dagrun for example_skip_dag to 2024-01-22T22:12:59.424050+00:00, run_after=2024-01-23T22:12:59.424050+00:00
[2024-01-23T22:12:59.444+0000] {processor.py:175} INFO - Processing /home/airflow/.local/lib/python3.7/site-packages/airflow/example_dags/example_skip_dag.py took 0.102 seconds
[2024-01-23T22:13:30.231+0000] {processor.py:153} INFO - Started process (PID=2512) to work on /home/airflow/.local/lib/python3.7/site-packages/airflow/example_dags/example_skip_dag.py
[2024-01-23T22:13:30.232+0000] {processor.py:743} INFO - Processing file /home/airflow/.local/lib/python3.7/site-packages/airflow/example_dags/example_skip_dag.py for tasks to queue
[2024-01-23T22:13:30.233+0000] {logging_mixin.py:137} INFO - [2024-01-23T22:13:30.233+0000] {dagbag.py:538} INFO - Filling up the DagBag from /home/airflow/.local/lib/python3.7/site-packages/airflow/example_dags/example_skip_dag.py
[2024-01-23T22:13:30.248+0000] {processor.py:753} INFO - DAG(s) dict_keys(['example_skip_dag']) retrieved from /home/airflow/.local/lib/python3.7/site-packages/airflow/example_dags/example_skip_dag.py
[2024-01-23T22:13:30.288+0000] {logging_mixin.py:137} INFO - [2024-01-23T22:13:30.288+0000] {dag.py:2676} INFO - Sync 1 DAGs
[2024-01-23T22:13:30.320+0000] {logging_mixin.py:137} INFO - [2024-01-23T22:13:30.320+0000] {dag.py:3427} INFO - Setting next_dagrun for example_skip_dag to 2024-01-22T22:13:30.320253+00:00, run_after=2024-01-23T22:13:30.320253+00:00
[2024-01-23T22:13:30.343+0000] {processor.py:175} INFO - Processing /home/airflow/.local/lib/python3.7/site-packages/airflow/example_dags/example_skip_dag.py took 0.115 seconds
[2024-01-23T22:14:00.420+0000] {processor.py:153} INFO - Started process (PID=2591) to work on /home/airflow/.local/lib/python3.7/site-packages/airflow/example_dags/example_skip_dag.py
[2024-01-23T22:14:00.421+0000] {processor.py:743} INFO - Processing file /home/airflow/.local/lib/python3.7/site-packages/airflow/example_dags/example_skip_dag.py for tasks to queue
[2024-01-23T22:14:00.422+0000] {logging_mixin.py:137} INFO - [2024-01-23T22:14:00.422+0000] {dagbag.py:538} INFO - Filling up the DagBag from /home/airflow/.local/lib/python3.7/site-packages/airflow/example_dags/example_skip_dag.py
[2024-01-23T22:14:00.439+0000] {processor.py:753} INFO - DAG(s) dict_keys(['example_skip_dag']) retrieved from /home/airflow/.local/lib/python3.7/site-packages/airflow/example_dags/example_skip_dag.py
[2024-01-23T22:14:00.482+0000] {logging_mixin.py:137} INFO - [2024-01-23T22:14:00.481+0000] {dag.py:2676} INFO - Sync 1 DAGs
[2024-01-23T22:14:00.512+0000] {logging_mixin.py:137} INFO - [2024-01-23T22:14:00.512+0000] {dag.py:3427} INFO - Setting next_dagrun for example_skip_dag to 2024-01-22T22:14:00.512415+00:00, run_after=2024-01-23T22:14:00.512415+00:00
[2024-01-23T22:14:00.536+0000] {processor.py:175} INFO - Processing /home/airflow/.local/lib/python3.7/site-packages/airflow/example_dags/example_skip_dag.py took 0.118 seconds
[2024-01-23T22:14:30.880+0000] {processor.py:153} INFO - Started process (PID=2671) to work on /home/airflow/.local/lib/python3.7/site-packages/airflow/example_dags/example_skip_dag.py
[2024-01-23T22:14:30.880+0000] {processor.py:743} INFO - Processing file /home/airflow/.local/lib/python3.7/site-packages/airflow/example_dags/example_skip_dag.py for tasks to queue
[2024-01-23T22:14:30.881+0000] {logging_mixin.py:137} INFO - [2024-01-23T22:14:30.881+0000] {dagbag.py:538} INFO - Filling up the DagBag from /home/airflow/.local/lib/python3.7/site-packages/airflow/example_dags/example_skip_dag.py
[2024-01-23T22:14:30.897+0000] {processor.py:753} INFO - DAG(s) dict_keys(['example_skip_dag']) retrieved from /home/airflow/.local/lib/python3.7/site-packages/airflow/example_dags/example_skip_dag.py
[2024-01-23T22:14:30.934+0000] {logging_mixin.py:137} INFO - [2024-01-23T22:14:30.933+0000] {dag.py:2676} INFO - Sync 1 DAGs
[2024-01-23T22:14:30.964+0000] {logging_mixin.py:137} INFO - [2024-01-23T22:14:30.964+0000] {dag.py:3427} INFO - Setting next_dagrun for example_skip_dag to 2024-01-22T22:14:30.963999+00:00, run_after=2024-01-23T22:14:30.963999+00:00
[2024-01-23T22:14:30.987+0000] {processor.py:175} INFO - Processing /home/airflow/.local/lib/python3.7/site-packages/airflow/example_dags/example_skip_dag.py took 0.109 seconds
[2024-01-23T22:15:01.875+0000] {processor.py:153} INFO - Started process (PID=2773) to work on /home/airflow/.local/lib/python3.7/site-packages/airflow/example_dags/example_skip_dag.py
[2024-01-23T22:15:01.876+0000] {processor.py:743} INFO - Processing file /home/airflow/.local/lib/python3.7/site-packages/airflow/example_dags/example_skip_dag.py for tasks to queue
[2024-01-23T22:15:01.876+0000] {logging_mixin.py:137} INFO - [2024-01-23T22:15:01.876+0000] {dagbag.py:538} INFO - Filling up the DagBag from /home/airflow/.local/lib/python3.7/site-packages/airflow/example_dags/example_skip_dag.py
[2024-01-23T22:15:01.889+0000] {processor.py:753} INFO - DAG(s) dict_keys(['example_skip_dag']) retrieved from /home/airflow/.local/lib/python3.7/site-packages/airflow/example_dags/example_skip_dag.py
[2024-01-23T22:15:01.934+0000] {logging_mixin.py:137} INFO - [2024-01-23T22:15:01.934+0000] {dag.py:2676} INFO - Sync 1 DAGs
[2024-01-23T22:15:01.959+0000] {logging_mixin.py:137} INFO - [2024-01-23T22:15:01.959+0000] {dag.py:3427} INFO - Setting next_dagrun for example_skip_dag to 2024-01-22T22:15:01.959176+00:00, run_after=2024-01-23T22:15:01.959176+00:00
[2024-01-23T22:15:01.985+0000] {processor.py:175} INFO - Processing /home/airflow/.local/lib/python3.7/site-packages/airflow/example_dags/example_skip_dag.py took 0.113 seconds
[2024-01-23T22:15:32.131+0000] {processor.py:153} INFO - Started process (PID=2854) to work on /home/airflow/.local/lib/python3.7/site-packages/airflow/example_dags/example_skip_dag.py
[2024-01-23T22:15:32.131+0000] {processor.py:743} INFO - Processing file /home/airflow/.local/lib/python3.7/site-packages/airflow/example_dags/example_skip_dag.py for tasks to queue
[2024-01-23T22:15:32.132+0000] {logging_mixin.py:137} INFO - [2024-01-23T22:15:32.132+0000] {dagbag.py:538} INFO - Filling up the DagBag from /home/airflow/.local/lib/python3.7/site-packages/airflow/example_dags/example_skip_dag.py
[2024-01-23T22:15:32.147+0000] {processor.py:753} INFO - DAG(s) dict_keys(['example_skip_dag']) retrieved from /home/airflow/.local/lib/python3.7/site-packages/airflow/example_dags/example_skip_dag.py
[2024-01-23T22:15:32.185+0000] {logging_mixin.py:137} INFO - [2024-01-23T22:15:32.184+0000] {dag.py:2676} INFO - Sync 1 DAGs
[2024-01-23T22:15:32.218+0000] {logging_mixin.py:137} INFO - [2024-01-23T22:15:32.218+0000] {dag.py:3427} INFO - Setting next_dagrun for example_skip_dag to 2024-01-22T22:15:32.217793+00:00, run_after=2024-01-23T22:15:32.217793+00:00
[2024-01-23T22:15:32.244+0000] {processor.py:175} INFO - Processing /home/airflow/.local/lib/python3.7/site-packages/airflow/example_dags/example_skip_dag.py took 0.116 seconds
[2024-01-23T22:16:02.454+0000] {processor.py:153} INFO - Started process (PID=2954) to work on /home/airflow/.local/lib/python3.7/site-packages/airflow/example_dags/example_skip_dag.py
[2024-01-23T22:16:02.455+0000] {processor.py:743} INFO - Processing file /home/airflow/.local/lib/python3.7/site-packages/airflow/example_dags/example_skip_dag.py for tasks to queue
[2024-01-23T22:16:02.456+0000] {logging_mixin.py:137} INFO - [2024-01-23T22:16:02.456+0000] {dagbag.py:538} INFO - Filling up the DagBag from /home/airflow/.local/lib/python3.7/site-packages/airflow/example_dags/example_skip_dag.py
[2024-01-23T22:16:02.478+0000] {processor.py:753} INFO - DAG(s) dict_keys(['example_skip_dag']) retrieved from /home/airflow/.local/lib/python3.7/site-packages/airflow/example_dags/example_skip_dag.py
[2024-01-23T22:16:02.528+0000] {logging_mixin.py:137} INFO - [2024-01-23T22:16:02.528+0000] {dag.py:2676} INFO - Sync 1 DAGs
[2024-01-23T22:16:02.558+0000] {logging_mixin.py:137} INFO - [2024-01-23T22:16:02.558+0000] {dag.py:3427} INFO - Setting next_dagrun for example_skip_dag to 2024-01-22T22:16:02.557795+00:00, run_after=2024-01-23T22:16:02.557795+00:00
[2024-01-23T22:16:02.581+0000] {processor.py:175} INFO - Processing /home/airflow/.local/lib/python3.7/site-packages/airflow/example_dags/example_skip_dag.py took 0.139 seconds
[2024-01-23T22:16:32.635+0000] {processor.py:153} INFO - Started process (PID=3033) to work on /home/airflow/.local/lib/python3.7/site-packages/airflow/example_dags/example_skip_dag.py
[2024-01-23T22:16:32.636+0000] {processor.py:743} INFO - Processing file /home/airflow/.local/lib/python3.7/site-packages/airflow/example_dags/example_skip_dag.py for tasks to queue
[2024-01-23T22:16:32.636+0000] {logging_mixin.py:137} INFO - [2024-01-23T22:16:32.636+0000] {dagbag.py:538} INFO - Filling up the DagBag from /home/airflow/.local/lib/python3.7/site-packages/airflow/example_dags/example_skip_dag.py
[2024-01-23T22:16:32.652+0000] {processor.py:753} INFO - DAG(s) dict_keys(['example_skip_dag']) retrieved from /home/airflow/.local/lib/python3.7/site-packages/airflow/example_dags/example_skip_dag.py
[2024-01-23T22:16:32.691+0000] {logging_mixin.py:137} INFO - [2024-01-23T22:16:32.691+0000] {dag.py:2676} INFO - Sync 1 DAGs
[2024-01-23T22:16:32.715+0000] {logging_mixin.py:137} INFO - [2024-01-23T22:16:32.715+0000] {dag.py:3427} INFO - Setting next_dagrun for example_skip_dag to 2024-01-22T22:16:32.715466+00:00, run_after=2024-01-23T22:16:32.715466+00:00
[2024-01-23T22:16:32.739+0000] {processor.py:175} INFO - Processing /home/airflow/.local/lib/python3.7/site-packages/airflow/example_dags/example_skip_dag.py took 0.106 seconds
[2024-01-23T22:17:02.928+0000] {processor.py:153} INFO - Started process (PID=3113) to work on /home/airflow/.local/lib/python3.7/site-packages/airflow/example_dags/example_skip_dag.py
[2024-01-23T22:17:02.929+0000] {processor.py:743} INFO - Processing file /home/airflow/.local/lib/python3.7/site-packages/airflow/example_dags/example_skip_dag.py for tasks to queue
[2024-01-23T22:17:02.930+0000] {logging_mixin.py:137} INFO - [2024-01-23T22:17:02.930+0000] {dagbag.py:538} INFO - Filling up the DagBag from /home/airflow/.local/lib/python3.7/site-packages/airflow/example_dags/example_skip_dag.py
[2024-01-23T22:17:02.942+0000] {processor.py:753} INFO - DAG(s) dict_keys(['example_skip_dag']) retrieved from /home/airflow/.local/lib/python3.7/site-packages/airflow/example_dags/example_skip_dag.py
[2024-01-23T22:17:02.976+0000] {logging_mixin.py:137} INFO - [2024-01-23T22:17:02.976+0000] {dag.py:2676} INFO - Sync 1 DAGs
[2024-01-23T22:17:03.002+0000] {logging_mixin.py:137} INFO - [2024-01-23T22:17:03.002+0000] {dag.py:3427} INFO - Setting next_dagrun for example_skip_dag to 2024-01-22T22:17:03.002135+00:00, run_after=2024-01-23T22:17:03.002135+00:00
[2024-01-23T22:17:03.023+0000] {processor.py:175} INFO - Processing /home/airflow/.local/lib/python3.7/site-packages/airflow/example_dags/example_skip_dag.py took 0.097 seconds
[2024-01-23T22:17:33.148+0000] {processor.py:153} INFO - Started process (PID=3212) to work on /home/airflow/.local/lib/python3.7/site-packages/airflow/example_dags/example_skip_dag.py
[2024-01-23T22:17:33.148+0000] {processor.py:743} INFO - Processing file /home/airflow/.local/lib/python3.7/site-packages/airflow/example_dags/example_skip_dag.py for tasks to queue
[2024-01-23T22:17:33.149+0000] {logging_mixin.py:137} INFO - [2024-01-23T22:17:33.149+0000] {dagbag.py:538} INFO - Filling up the DagBag from /home/airflow/.local/lib/python3.7/site-packages/airflow/example_dags/example_skip_dag.py
[2024-01-23T22:17:33.163+0000] {processor.py:753} INFO - DAG(s) dict_keys(['example_skip_dag']) retrieved from /home/airflow/.local/lib/python3.7/site-packages/airflow/example_dags/example_skip_dag.py
[2024-01-23T22:17:33.204+0000] {logging_mixin.py:137} INFO - [2024-01-23T22:17:33.204+0000] {dag.py:2676} INFO - Sync 1 DAGs
[2024-01-23T22:17:33.238+0000] {logging_mixin.py:137} INFO - [2024-01-23T22:17:33.238+0000] {dag.py:3427} INFO - Setting next_dagrun for example_skip_dag to 2024-01-22T22:17:33.238054+00:00, run_after=2024-01-23T22:17:33.238054+00:00
[2024-01-23T22:17:33.261+0000] {processor.py:175} INFO - Processing /home/airflow/.local/lib/python3.7/site-packages/airflow/example_dags/example_skip_dag.py took 0.116 seconds
[2024-01-23T22:18:03.405+0000] {processor.py:153} INFO - Started process (PID=3292) to work on /home/airflow/.local/lib/python3.7/site-packages/airflow/example_dags/example_skip_dag.py
[2024-01-23T22:18:03.406+0000] {processor.py:743} INFO - Processing file /home/airflow/.local/lib/python3.7/site-packages/airflow/example_dags/example_skip_dag.py for tasks to queue
[2024-01-23T22:18:03.406+0000] {logging_mixin.py:137} INFO - [2024-01-23T22:18:03.406+0000] {dagbag.py:538} INFO - Filling up the DagBag from /home/airflow/.local/lib/python3.7/site-packages/airflow/example_dags/example_skip_dag.py
[2024-01-23T22:18:03.422+0000] {processor.py:753} INFO - DAG(s) dict_keys(['example_skip_dag']) retrieved from /home/airflow/.local/lib/python3.7/site-packages/airflow/example_dags/example_skip_dag.py
[2024-01-23T22:18:03.466+0000] {logging_mixin.py:137} INFO - [2024-01-23T22:18:03.466+0000] {dag.py:2676} INFO - Sync 1 DAGs
[2024-01-23T22:18:03.497+0000] {logging_mixin.py:137} INFO - [2024-01-23T22:18:03.497+0000] {dag.py:3427} INFO - Setting next_dagrun for example_skip_dag to 2024-01-22T22:18:03.497573+00:00, run_after=2024-01-23T22:18:03.497573+00:00
[2024-01-23T22:18:03.517+0000] {processor.py:175} INFO - Processing /home/airflow/.local/lib/python3.7/site-packages/airflow/example_dags/example_skip_dag.py took 0.115 seconds
[2024-01-23T22:18:33.768+0000] {processor.py:153} INFO - Started process (PID=3372) to work on /home/airflow/.local/lib/python3.7/site-packages/airflow/example_dags/example_skip_dag.py
[2024-01-23T22:18:33.769+0000] {processor.py:743} INFO - Processing file /home/airflow/.local/lib/python3.7/site-packages/airflow/example_dags/example_skip_dag.py for tasks to queue
[2024-01-23T22:18:33.770+0000] {logging_mixin.py:137} INFO - [2024-01-23T22:18:33.770+0000] {dagbag.py:538} INFO - Filling up the DagBag from /home/airflow/.local/lib/python3.7/site-packages/airflow/example_dags/example_skip_dag.py
[2024-01-23T22:18:33.786+0000] {processor.py:753} INFO - DAG(s) dict_keys(['example_skip_dag']) retrieved from /home/airflow/.local/lib/python3.7/site-packages/airflow/example_dags/example_skip_dag.py
[2024-01-23T22:18:33.830+0000] {logging_mixin.py:137} INFO - [2024-01-23T22:18:33.829+0000] {dag.py:2676} INFO - Sync 1 DAGs
[2024-01-23T22:18:33.858+0000] {logging_mixin.py:137} INFO - [2024-01-23T22:18:33.858+0000] {dag.py:3427} INFO - Setting next_dagrun for example_skip_dag to 2024-01-22T22:18:33.858011+00:00, run_after=2024-01-23T22:18:33.858011+00:00
[2024-01-23T22:18:33.881+0000] {processor.py:175} INFO - Processing /home/airflow/.local/lib/python3.7/site-packages/airflow/example_dags/example_skip_dag.py took 0.115 seconds
[2024-01-23T22:19:04.230+0000] {processor.py:153} INFO - Started process (PID=3472) to work on /home/airflow/.local/lib/python3.7/site-packages/airflow/example_dags/example_skip_dag.py
[2024-01-23T22:19:04.232+0000] {processor.py:743} INFO - Processing file /home/airflow/.local/lib/python3.7/site-packages/airflow/example_dags/example_skip_dag.py for tasks to queue
[2024-01-23T22:19:04.234+0000] {logging_mixin.py:137} INFO - [2024-01-23T22:19:04.233+0000] {dagbag.py:538} INFO - Filling up the DagBag from /home/airflow/.local/lib/python3.7/site-packages/airflow/example_dags/example_skip_dag.py
[2024-01-23T22:19:04.262+0000] {processor.py:753} INFO - DAG(s) dict_keys(['example_skip_dag']) retrieved from /home/airflow/.local/lib/python3.7/site-packages/airflow/example_dags/example_skip_dag.py
[2024-01-23T22:19:04.313+0000] {logging_mixin.py:137} INFO - [2024-01-23T22:19:04.312+0000] {dag.py:2676} INFO - Sync 1 DAGs
[2024-01-23T22:19:04.353+0000] {logging_mixin.py:137} INFO - [2024-01-23T22:19:04.353+0000] {dag.py:3427} INFO - Setting next_dagrun for example_skip_dag to 2024-01-22T22:19:04.352792+00:00, run_after=2024-01-23T22:19:04.352792+00:00
[2024-01-23T22:19:04.392+0000] {processor.py:175} INFO - Processing /home/airflow/.local/lib/python3.7/site-packages/airflow/example_dags/example_skip_dag.py took 0.167 seconds
[2024-01-23T22:19:34.514+0000] {processor.py:153} INFO - Started process (PID=3552) to work on /home/airflow/.local/lib/python3.7/site-packages/airflow/example_dags/example_skip_dag.py
[2024-01-23T22:19:34.515+0000] {processor.py:743} INFO - Processing file /home/airflow/.local/lib/python3.7/site-packages/airflow/example_dags/example_skip_dag.py for tasks to queue
[2024-01-23T22:19:34.515+0000] {logging_mixin.py:137} INFO - [2024-01-23T22:19:34.515+0000] {dagbag.py:538} INFO - Filling up the DagBag from /home/airflow/.local/lib/python3.7/site-packages/airflow/example_dags/example_skip_dag.py
[2024-01-23T22:19:34.533+0000] {processor.py:753} INFO - DAG(s) dict_keys(['example_skip_dag']) retrieved from /home/airflow/.local/lib/python3.7/site-packages/airflow/example_dags/example_skip_dag.py
[2024-01-23T22:19:34.576+0000] {logging_mixin.py:137} INFO - [2024-01-23T22:19:34.576+0000] {dag.py:2676} INFO - Sync 1 DAGs
[2024-01-23T22:19:34.610+0000] {logging_mixin.py:137} INFO - [2024-01-23T22:19:34.610+0000] {dag.py:3427} INFO - Setting next_dagrun for example_skip_dag to 2024-01-22T22:19:34.609841+00:00, run_after=2024-01-23T22:19:34.609841+00:00
[2024-01-23T22:19:34.635+0000] {processor.py:175} INFO - Processing /home/airflow/.local/lib/python3.7/site-packages/airflow/example_dags/example_skip_dag.py took 0.124 seconds
[2024-01-23T22:20:04.778+0000] {processor.py:153} INFO - Started process (PID=3632) to work on /home/airflow/.local/lib/python3.7/site-packages/airflow/example_dags/example_skip_dag.py
[2024-01-23T22:20:04.779+0000] {processor.py:743} INFO - Processing file /home/airflow/.local/lib/python3.7/site-packages/airflow/example_dags/example_skip_dag.py for tasks to queue
[2024-01-23T22:20:04.780+0000] {logging_mixin.py:137} INFO - [2024-01-23T22:20:04.780+0000] {dagbag.py:538} INFO - Filling up the DagBag from /home/airflow/.local/lib/python3.7/site-packages/airflow/example_dags/example_skip_dag.py
[2024-01-23T22:20:04.794+0000] {processor.py:753} INFO - DAG(s) dict_keys(['example_skip_dag']) retrieved from /home/airflow/.local/lib/python3.7/site-packages/airflow/example_dags/example_skip_dag.py
[2024-01-23T22:20:04.830+0000] {logging_mixin.py:137} INFO - [2024-01-23T22:20:04.830+0000] {dag.py:2676} INFO - Sync 1 DAGs
[2024-01-23T22:20:04.861+0000] {logging_mixin.py:137} INFO - [2024-01-23T22:20:04.861+0000] {dag.py:3427} INFO - Setting next_dagrun for example_skip_dag to 2024-01-22T22:20:04.861247+00:00, run_after=2024-01-23T22:20:04.861247+00:00
[2024-01-23T22:20:04.882+0000] {processor.py:175} INFO - Processing /home/airflow/.local/lib/python3.7/site-packages/airflow/example_dags/example_skip_dag.py took 0.107 seconds
[2024-01-23T22:20:35.426+0000] {processor.py:153} INFO - Started process (PID=3733) to work on /home/airflow/.local/lib/python3.7/site-packages/airflow/example_dags/example_skip_dag.py
[2024-01-23T22:20:35.427+0000] {processor.py:743} INFO - Processing file /home/airflow/.local/lib/python3.7/site-packages/airflow/example_dags/example_skip_dag.py for tasks to queue
[2024-01-23T22:20:35.428+0000] {logging_mixin.py:137} INFO - [2024-01-23T22:20:35.428+0000] {dagbag.py:538} INFO - Filling up the DagBag from /home/airflow/.local/lib/python3.7/site-packages/airflow/example_dags/example_skip_dag.py
[2024-01-23T22:20:35.443+0000] {processor.py:753} INFO - DAG(s) dict_keys(['example_skip_dag']) retrieved from /home/airflow/.local/lib/python3.7/site-packages/airflow/example_dags/example_skip_dag.py
[2024-01-23T22:20:35.487+0000] {logging_mixin.py:137} INFO - [2024-01-23T22:20:35.487+0000] {dag.py:2676} INFO - Sync 1 DAGs
[2024-01-23T22:20:35.519+0000] {logging_mixin.py:137} INFO - [2024-01-23T22:20:35.519+0000] {dag.py:3427} INFO - Setting next_dagrun for example_skip_dag to 2024-01-22T22:20:35.519333+00:00, run_after=2024-01-23T22:20:35.519333+00:00
[2024-01-23T22:20:35.541+0000] {processor.py:175} INFO - Processing /home/airflow/.local/lib/python3.7/site-packages/airflow/example_dags/example_skip_dag.py took 0.117 seconds
[2024-01-23T22:21:05.723+0000] {processor.py:153} INFO - Started process (PID=3813) to work on /home/airflow/.local/lib/python3.7/site-packages/airflow/example_dags/example_skip_dag.py
[2024-01-23T22:21:05.724+0000] {processor.py:743} INFO - Processing file /home/airflow/.local/lib/python3.7/site-packages/airflow/example_dags/example_skip_dag.py for tasks to queue
[2024-01-23T22:21:05.725+0000] {logging_mixin.py:137} INFO - [2024-01-23T22:21:05.724+0000] {dagbag.py:538} INFO - Filling up the DagBag from /home/airflow/.local/lib/python3.7/site-packages/airflow/example_dags/example_skip_dag.py
[2024-01-23T22:21:05.736+0000] {processor.py:753} INFO - DAG(s) dict_keys(['example_skip_dag']) retrieved from /home/airflow/.local/lib/python3.7/site-packages/airflow/example_dags/example_skip_dag.py
[2024-01-23T22:21:05.771+0000] {logging_mixin.py:137} INFO - [2024-01-23T22:21:05.771+0000] {dag.py:2676} INFO - Sync 1 DAGs
[2024-01-23T22:21:05.794+0000] {logging_mixin.py:137} INFO - [2024-01-23T22:21:05.794+0000] {dag.py:3427} INFO - Setting next_dagrun for example_skip_dag to 2024-01-22T22:21:05.794213+00:00, run_after=2024-01-23T22:21:05.794213+00:00
[2024-01-23T22:21:05.818+0000] {processor.py:175} INFO - Processing /home/airflow/.local/lib/python3.7/site-packages/airflow/example_dags/example_skip_dag.py took 0.097 seconds
[2024-01-23T22:21:36.060+0000] {processor.py:153} INFO - Started process (PID=3893) to work on /home/airflow/.local/lib/python3.7/site-packages/airflow/example_dags/example_skip_dag.py
[2024-01-23T22:21:36.061+0000] {processor.py:743} INFO - Processing file /home/airflow/.local/lib/python3.7/site-packages/airflow/example_dags/example_skip_dag.py for tasks to queue
[2024-01-23T22:21:36.061+0000] {logging_mixin.py:137} INFO - [2024-01-23T22:21:36.061+0000] {dagbag.py:538} INFO - Filling up the DagBag from /home/airflow/.local/lib/python3.7/site-packages/airflow/example_dags/example_skip_dag.py
[2024-01-23T22:21:36.079+0000] {processor.py:753} INFO - DAG(s) dict_keys(['example_skip_dag']) retrieved from /home/airflow/.local/lib/python3.7/site-packages/airflow/example_dags/example_skip_dag.py
[2024-01-23T22:21:36.126+0000] {logging_mixin.py:137} INFO - [2024-01-23T22:21:36.125+0000] {dag.py:2676} INFO - Sync 1 DAGs
[2024-01-23T22:21:36.158+0000] {logging_mixin.py:137} INFO - [2024-01-23T22:21:36.158+0000] {dag.py:3427} INFO - Setting next_dagrun for example_skip_dag to 2024-01-22T22:21:36.157840+00:00, run_after=2024-01-23T22:21:36.157840+00:00
[2024-01-23T22:21:36.179+0000] {processor.py:175} INFO - Processing /home/airflow/.local/lib/python3.7/site-packages/airflow/example_dags/example_skip_dag.py took 0.122 seconds
[2024-01-23T22:22:06.777+0000] {processor.py:153} INFO - Started process (PID=3993) to work on /home/airflow/.local/lib/python3.7/site-packages/airflow/example_dags/example_skip_dag.py
[2024-01-23T22:22:06.778+0000] {processor.py:743} INFO - Processing file /home/airflow/.local/lib/python3.7/site-packages/airflow/example_dags/example_skip_dag.py for tasks to queue
[2024-01-23T22:22:06.779+0000] {logging_mixin.py:137} INFO - [2024-01-23T22:22:06.779+0000] {dagbag.py:538} INFO - Filling up the DagBag from /home/airflow/.local/lib/python3.7/site-packages/airflow/example_dags/example_skip_dag.py
[2024-01-23T22:22:06.794+0000] {processor.py:753} INFO - DAG(s) dict_keys(['example_skip_dag']) retrieved from /home/airflow/.local/lib/python3.7/site-packages/airflow/example_dags/example_skip_dag.py
[2024-01-23T22:22:06.832+0000] {logging_mixin.py:137} INFO - [2024-01-23T22:22:06.832+0000] {dag.py:2676} INFO - Sync 1 DAGs
[2024-01-23T22:22:06.859+0000] {logging_mixin.py:137} INFO - [2024-01-23T22:22:06.859+0000] {dag.py:3427} INFO - Setting next_dagrun for example_skip_dag to 2024-01-22T22:22:06.859302+00:00, run_after=2024-01-23T22:22:06.859302+00:00
[2024-01-23T22:22:06.889+0000] {processor.py:175} INFO - Processing /home/airflow/.local/lib/python3.7/site-packages/airflow/example_dags/example_skip_dag.py took 0.115 seconds
[2024-01-23T22:22:37.015+0000] {processor.py:153} INFO - Started process (PID=4073) to work on /home/airflow/.local/lib/python3.7/site-packages/airflow/example_dags/example_skip_dag.py
[2024-01-23T22:22:37.016+0000] {processor.py:743} INFO - Processing file /home/airflow/.local/lib/python3.7/site-packages/airflow/example_dags/example_skip_dag.py for tasks to queue
[2024-01-23T22:22:37.016+0000] {logging_mixin.py:137} INFO - [2024-01-23T22:22:37.016+0000] {dagbag.py:538} INFO - Filling up the DagBag from /home/airflow/.local/lib/python3.7/site-packages/airflow/example_dags/example_skip_dag.py
[2024-01-23T22:22:37.037+0000] {processor.py:753} INFO - DAG(s) dict_keys(['example_skip_dag']) retrieved from /home/airflow/.local/lib/python3.7/site-packages/airflow/example_dags/example_skip_dag.py
[2024-01-23T22:22:37.084+0000] {logging_mixin.py:137} INFO - [2024-01-23T22:22:37.083+0000] {dag.py:2676} INFO - Sync 1 DAGs
[2024-01-23T22:22:37.114+0000] {logging_mixin.py:137} INFO - [2024-01-23T22:22:37.114+0000] {dag.py:3427} INFO - Setting next_dagrun for example_skip_dag to 2024-01-22T22:22:37.114288+00:00, run_after=2024-01-23T22:22:37.114288+00:00
[2024-01-23T22:22:37.135+0000] {processor.py:175} INFO - Processing /home/airflow/.local/lib/python3.7/site-packages/airflow/example_dags/example_skip_dag.py took 0.122 seconds
[2024-01-23T22:23:07.238+0000] {processor.py:153} INFO - Started process (PID=4162) to work on /home/airflow/.local/lib/python3.7/site-packages/airflow/example_dags/example_skip_dag.py
[2024-01-23T22:23:07.239+0000] {processor.py:743} INFO - Processing file /home/airflow/.local/lib/python3.7/site-packages/airflow/example_dags/example_skip_dag.py for tasks to queue
[2024-01-23T22:23:07.239+0000] {logging_mixin.py:137} INFO - [2024-01-23T22:23:07.239+0000] {dagbag.py:538} INFO - Filling up the DagBag from /home/airflow/.local/lib/python3.7/site-packages/airflow/example_dags/example_skip_dag.py
[2024-01-23T22:23:07.255+0000] {processor.py:753} INFO - DAG(s) dict_keys(['example_skip_dag']) retrieved from /home/airflow/.local/lib/python3.7/site-packages/airflow/example_dags/example_skip_dag.py
[2024-01-23T22:23:07.310+0000] {logging_mixin.py:137} INFO - [2024-01-23T22:23:07.310+0000] {dag.py:2676} INFO - Sync 1 DAGs
[2024-01-23T22:23:07.354+0000] {logging_mixin.py:137} INFO - [2024-01-23T22:23:07.353+0000] {dag.py:3427} INFO - Setting next_dagrun for example_skip_dag to 2024-01-22T22:23:07.353592+00:00, run_after=2024-01-23T22:23:07.353592+00:00
[2024-01-23T22:23:07.382+0000] {processor.py:175} INFO - Processing /home/airflow/.local/lib/python3.7/site-packages/airflow/example_dags/example_skip_dag.py took 0.147 seconds
[2024-01-23T22:23:37.515+0000] {processor.py:153} INFO - Started process (PID=4254) to work on /home/airflow/.local/lib/python3.7/site-packages/airflow/example_dags/example_skip_dag.py
[2024-01-23T22:23:37.516+0000] {processor.py:743} INFO - Processing file /home/airflow/.local/lib/python3.7/site-packages/airflow/example_dags/example_skip_dag.py for tasks to queue
[2024-01-23T22:23:37.516+0000] {logging_mixin.py:137} INFO - [2024-01-23T22:23:37.516+0000] {dagbag.py:538} INFO - Filling up the DagBag from /home/airflow/.local/lib/python3.7/site-packages/airflow/example_dags/example_skip_dag.py
[2024-01-23T22:23:37.530+0000] {processor.py:753} INFO - DAG(s) dict_keys(['example_skip_dag']) retrieved from /home/airflow/.local/lib/python3.7/site-packages/airflow/example_dags/example_skip_dag.py
[2024-01-23T22:23:37.570+0000] {logging_mixin.py:137} INFO - [2024-01-23T22:23:37.570+0000] {dag.py:2676} INFO - Sync 1 DAGs
[2024-01-23T22:23:37.601+0000] {logging_mixin.py:137} INFO - [2024-01-23T22:23:37.601+0000] {dag.py:3427} INFO - Setting next_dagrun for example_skip_dag to 2024-01-22T22:23:37.600891+00:00, run_after=2024-01-23T22:23:37.600891+00:00
[2024-01-23T22:23:37.621+0000] {processor.py:175} INFO - Processing /home/airflow/.local/lib/python3.7/site-packages/airflow/example_dags/example_skip_dag.py took 0.109 seconds
[2024-01-23T22:24:07.687+0000] {processor.py:153} INFO - Started process (PID=4334) to work on /home/airflow/.local/lib/python3.7/site-packages/airflow/example_dags/example_skip_dag.py
[2024-01-23T22:24:07.687+0000] {processor.py:743} INFO - Processing file /home/airflow/.local/lib/python3.7/site-packages/airflow/example_dags/example_skip_dag.py for tasks to queue
[2024-01-23T22:24:07.688+0000] {logging_mixin.py:137} INFO - [2024-01-23T22:24:07.688+0000] {dagbag.py:538} INFO - Filling up the DagBag from /home/airflow/.local/lib/python3.7/site-packages/airflow/example_dags/example_skip_dag.py
[2024-01-23T22:24:07.704+0000] {processor.py:753} INFO - DAG(s) dict_keys(['example_skip_dag']) retrieved from /home/airflow/.local/lib/python3.7/site-packages/airflow/example_dags/example_skip_dag.py
[2024-01-23T22:24:07.744+0000] {logging_mixin.py:137} INFO - [2024-01-23T22:24:07.744+0000] {dag.py:2676} INFO - Sync 1 DAGs
[2024-01-23T22:24:07.776+0000] {logging_mixin.py:137} INFO - [2024-01-23T22:24:07.775+0000] {dag.py:3427} INFO - Setting next_dagrun for example_skip_dag to 2024-01-22T22:24:07.775540+00:00, run_after=2024-01-23T22:24:07.775540+00:00
[2024-01-23T22:24:07.799+0000] {processor.py:175} INFO - Processing /home/airflow/.local/lib/python3.7/site-packages/airflow/example_dags/example_skip_dag.py took 0.115 seconds
[2024-01-23T22:24:37.938+0000] {processor.py:153} INFO - Started process (PID=4434) to work on /home/airflow/.local/lib/python3.7/site-packages/airflow/example_dags/example_skip_dag.py
[2024-01-23T22:24:37.939+0000] {processor.py:743} INFO - Processing file /home/airflow/.local/lib/python3.7/site-packages/airflow/example_dags/example_skip_dag.py for tasks to queue
[2024-01-23T22:24:37.939+0000] {logging_mixin.py:137} INFO - [2024-01-23T22:24:37.939+0000] {dagbag.py:538} INFO - Filling up the DagBag from /home/airflow/.local/lib/python3.7/site-packages/airflow/example_dags/example_skip_dag.py
[2024-01-23T22:24:37.955+0000] {processor.py:753} INFO - DAG(s) dict_keys(['example_skip_dag']) retrieved from /home/airflow/.local/lib/python3.7/site-packages/airflow/example_dags/example_skip_dag.py
[2024-01-23T22:24:37.998+0000] {logging_mixin.py:137} INFO - [2024-01-23T22:24:37.998+0000] {dag.py:2676} INFO - Sync 1 DAGs
[2024-01-23T22:24:38.027+0000] {logging_mixin.py:137} INFO - [2024-01-23T22:24:38.027+0000] {dag.py:3427} INFO - Setting next_dagrun for example_skip_dag to 2024-01-22T22:24:38.027233+00:00, run_after=2024-01-23T22:24:38.027233+00:00
[2024-01-23T22:24:38.062+0000] {processor.py:175} INFO - Processing /home/airflow/.local/lib/python3.7/site-packages/airflow/example_dags/example_skip_dag.py took 0.127 seconds
[2024-01-23T22:25:08.879+0000] {processor.py:153} INFO - Started process (PID=4514) to work on /home/airflow/.local/lib/python3.7/site-packages/airflow/example_dags/example_skip_dag.py
[2024-01-23T22:25:08.880+0000] {processor.py:743} INFO - Processing file /home/airflow/.local/lib/python3.7/site-packages/airflow/example_dags/example_skip_dag.py for tasks to queue
[2024-01-23T22:25:08.881+0000] {logging_mixin.py:137} INFO - [2024-01-23T22:25:08.881+0000] {dagbag.py:538} INFO - Filling up the DagBag from /home/airflow/.local/lib/python3.7/site-packages/airflow/example_dags/example_skip_dag.py
[2024-01-23T22:25:08.896+0000] {processor.py:753} INFO - DAG(s) dict_keys(['example_skip_dag']) retrieved from /home/airflow/.local/lib/python3.7/site-packages/airflow/example_dags/example_skip_dag.py
[2024-01-23T22:25:08.936+0000] {logging_mixin.py:137} INFO - [2024-01-23T22:25:08.935+0000] {dag.py:2676} INFO - Sync 1 DAGs
[2024-01-23T22:25:08.963+0000] {logging_mixin.py:137} INFO - [2024-01-23T22:25:08.963+0000] {dag.py:3427} INFO - Setting next_dagrun for example_skip_dag to 2024-01-22T22:25:08.963017+00:00, run_after=2024-01-23T22:25:08.963017+00:00
[2024-01-23T22:25:08.984+0000] {processor.py:175} INFO - Processing /home/airflow/.local/lib/python3.7/site-packages/airflow/example_dags/example_skip_dag.py took 0.108 seconds
[2024-01-23T22:25:39.177+0000] {processor.py:153} INFO - Started process (PID=4594) to work on /home/airflow/.local/lib/python3.7/site-packages/airflow/example_dags/example_skip_dag.py
[2024-01-23T22:25:39.178+0000] {processor.py:743} INFO - Processing file /home/airflow/.local/lib/python3.7/site-packages/airflow/example_dags/example_skip_dag.py for tasks to queue
[2024-01-23T22:25:39.179+0000] {logging_mixin.py:137} INFO - [2024-01-23T22:25:39.178+0000] {dagbag.py:538} INFO - Filling up the DagBag from /home/airflow/.local/lib/python3.7/site-packages/airflow/example_dags/example_skip_dag.py
[2024-01-23T22:25:39.196+0000] {processor.py:753} INFO - DAG(s) dict_keys(['example_skip_dag']) retrieved from /home/airflow/.local/lib/python3.7/site-packages/airflow/example_dags/example_skip_dag.py
[2024-01-23T22:25:39.234+0000] {logging_mixin.py:137} INFO - [2024-01-23T22:25:39.234+0000] {dag.py:2676} INFO - Sync 1 DAGs
[2024-01-23T22:25:39.261+0000] {logging_mixin.py:137} INFO - [2024-01-23T22:25:39.260+0000] {dag.py:3427} INFO - Setting next_dagrun for example_skip_dag to 2024-01-22T22:25:39.260740+00:00, run_after=2024-01-23T22:25:39.260740+00:00
[2024-01-23T22:25:39.281+0000] {processor.py:175} INFO - Processing /home/airflow/.local/lib/python3.7/site-packages/airflow/example_dags/example_skip_dag.py took 0.108 seconds
[2024-01-23T22:26:09.538+0000] {processor.py:153} INFO - Started process (PID=4693) to work on /home/airflow/.local/lib/python3.7/site-packages/airflow/example_dags/example_skip_dag.py
[2024-01-23T22:26:09.539+0000] {processor.py:743} INFO - Processing file /home/airflow/.local/lib/python3.7/site-packages/airflow/example_dags/example_skip_dag.py for tasks to queue
[2024-01-23T22:26:09.540+0000] {logging_mixin.py:137} INFO - [2024-01-23T22:26:09.540+0000] {dagbag.py:538} INFO - Filling up the DagBag from /home/airflow/.local/lib/python3.7/site-packages/airflow/example_dags/example_skip_dag.py
[2024-01-23T22:26:09.554+0000] {processor.py:753} INFO - DAG(s) dict_keys(['example_skip_dag']) retrieved from /home/airflow/.local/lib/python3.7/site-packages/airflow/example_dags/example_skip_dag.py
[2024-01-23T22:26:09.588+0000] {logging_mixin.py:137} INFO - [2024-01-23T22:26:09.588+0000] {dag.py:2676} INFO - Sync 1 DAGs
[2024-01-23T22:26:09.615+0000] {logging_mixin.py:137} INFO - [2024-01-23T22:26:09.615+0000] {dag.py:3427} INFO - Setting next_dagrun for example_skip_dag to 2024-01-22T22:26:09.615029+00:00, run_after=2024-01-23T22:26:09.615029+00:00
[2024-01-23T22:26:09.634+0000] {processor.py:175} INFO - Processing /home/airflow/.local/lib/python3.7/site-packages/airflow/example_dags/example_skip_dag.py took 0.099 seconds
[2024-01-23T22:26:39.736+0000] {processor.py:153} INFO - Started process (PID=4773) to work on /home/airflow/.local/lib/python3.7/site-packages/airflow/example_dags/example_skip_dag.py
[2024-01-23T22:26:39.737+0000] {processor.py:743} INFO - Processing file /home/airflow/.local/lib/python3.7/site-packages/airflow/example_dags/example_skip_dag.py for tasks to queue
[2024-01-23T22:26:39.738+0000] {logging_mixin.py:137} INFO - [2024-01-23T22:26:39.737+0000] {dagbag.py:538} INFO - Filling up the DagBag from /home/airflow/.local/lib/python3.7/site-packages/airflow/example_dags/example_skip_dag.py
[2024-01-23T22:26:39.753+0000] {processor.py:753} INFO - DAG(s) dict_keys(['example_skip_dag']) retrieved from /home/airflow/.local/lib/python3.7/site-packages/airflow/example_dags/example_skip_dag.py
[2024-01-23T22:26:39.793+0000] {logging_mixin.py:137} INFO - [2024-01-23T22:26:39.793+0000] {dag.py:2676} INFO - Sync 1 DAGs
[2024-01-23T22:26:39.820+0000] {logging_mixin.py:137} INFO - [2024-01-23T22:26:39.820+0000] {dag.py:3427} INFO - Setting next_dagrun for example_skip_dag to 2024-01-22T22:26:39.819936+00:00, run_after=2024-01-23T22:26:39.819936+00:00
[2024-01-23T22:26:39.851+0000] {processor.py:175} INFO - Processing /home/airflow/.local/lib/python3.7/site-packages/airflow/example_dags/example_skip_dag.py took 0.118 seconds
[2024-01-23T22:27:10.083+0000] {processor.py:153} INFO - Started process (PID=4853) to work on /home/airflow/.local/lib/python3.7/site-packages/airflow/example_dags/example_skip_dag.py
[2024-01-23T22:27:10.084+0000] {processor.py:743} INFO - Processing file /home/airflow/.local/lib/python3.7/site-packages/airflow/example_dags/example_skip_dag.py for tasks to queue
[2024-01-23T22:27:10.084+0000] {logging_mixin.py:137} INFO - [2024-01-23T22:27:10.084+0000] {dagbag.py:538} INFO - Filling up the DagBag from /home/airflow/.local/lib/python3.7/site-packages/airflow/example_dags/example_skip_dag.py
[2024-01-23T22:27:10.099+0000] {processor.py:753} INFO - DAG(s) dict_keys(['example_skip_dag']) retrieved from /home/airflow/.local/lib/python3.7/site-packages/airflow/example_dags/example_skip_dag.py
[2024-01-23T22:27:10.142+0000] {logging_mixin.py:137} INFO - [2024-01-23T22:27:10.142+0000] {dag.py:2676} INFO - Sync 1 DAGs
[2024-01-23T22:27:10.175+0000] {logging_mixin.py:137} INFO - [2024-01-23T22:27:10.174+0000] {dag.py:3427} INFO - Setting next_dagrun for example_skip_dag to 2024-01-22T22:27:10.174523+00:00, run_after=2024-01-23T22:27:10.174523+00:00
[2024-01-23T22:27:10.198+0000] {processor.py:175} INFO - Processing /home/airflow/.local/lib/python3.7/site-packages/airflow/example_dags/example_skip_dag.py took 0.117 seconds
[2024-01-23T22:27:40.369+0000] {processor.py:153} INFO - Started process (PID=4953) to work on /home/airflow/.local/lib/python3.7/site-packages/airflow/example_dags/example_skip_dag.py
[2024-01-23T22:27:40.370+0000] {processor.py:743} INFO - Processing file /home/airflow/.local/lib/python3.7/site-packages/airflow/example_dags/example_skip_dag.py for tasks to queue
[2024-01-23T22:27:40.371+0000] {logging_mixin.py:137} INFO - [2024-01-23T22:27:40.371+0000] {dagbag.py:538} INFO - Filling up the DagBag from /home/airflow/.local/lib/python3.7/site-packages/airflow/example_dags/example_skip_dag.py
[2024-01-23T22:27:40.388+0000] {processor.py:753} INFO - DAG(s) dict_keys(['example_skip_dag']) retrieved from /home/airflow/.local/lib/python3.7/site-packages/airflow/example_dags/example_skip_dag.py
[2024-01-23T22:27:40.431+0000] {logging_mixin.py:137} INFO - [2024-01-23T22:27:40.431+0000] {dag.py:2676} INFO - Sync 1 DAGs
[2024-01-23T22:27:40.465+0000] {logging_mixin.py:137} INFO - [2024-01-23T22:27:40.465+0000] {dag.py:3427} INFO - Setting next_dagrun for example_skip_dag to 2024-01-22T22:27:40.465207+00:00, run_after=2024-01-23T22:27:40.465207+00:00
[2024-01-23T22:27:40.489+0000] {processor.py:175} INFO - Processing /home/airflow/.local/lib/python3.7/site-packages/airflow/example_dags/example_skip_dag.py took 0.122 seconds
[2024-01-23T22:28:10.671+0000] {processor.py:153} INFO - Started process (PID=5033) to work on /home/airflow/.local/lib/python3.7/site-packages/airflow/example_dags/example_skip_dag.py
[2024-01-23T22:28:10.672+0000] {processor.py:743} INFO - Processing file /home/airflow/.local/lib/python3.7/site-packages/airflow/example_dags/example_skip_dag.py for tasks to queue
[2024-01-23T22:28:10.673+0000] {logging_mixin.py:137} INFO - [2024-01-23T22:28:10.673+0000] {dagbag.py:538} INFO - Filling up the DagBag from /home/airflow/.local/lib/python3.7/site-packages/airflow/example_dags/example_skip_dag.py
[2024-01-23T22:28:10.686+0000] {processor.py:753} INFO - DAG(s) dict_keys(['example_skip_dag']) retrieved from /home/airflow/.local/lib/python3.7/site-packages/airflow/example_dags/example_skip_dag.py
[2024-01-23T22:28:10.722+0000] {logging_mixin.py:137} INFO - [2024-01-23T22:28:10.722+0000] {dag.py:2676} INFO - Sync 1 DAGs
[2024-01-23T22:28:10.750+0000] {logging_mixin.py:137} INFO - [2024-01-23T22:28:10.750+0000] {dag.py:3427} INFO - Setting next_dagrun for example_skip_dag to 2024-01-22T22:28:10.749870+00:00, run_after=2024-01-23T22:28:10.749870+00:00
[2024-01-23T22:28:10.783+0000] {processor.py:175} INFO - Processing /home/airflow/.local/lib/python3.7/site-packages/airflow/example_dags/example_skip_dag.py took 0.114 seconds
[2024-01-23T22:28:41.298+0000] {processor.py:153} INFO - Started process (PID=5133) to work on /home/airflow/.local/lib/python3.7/site-packages/airflow/example_dags/example_skip_dag.py
[2024-01-23T22:28:41.299+0000] {processor.py:743} INFO - Processing file /home/airflow/.local/lib/python3.7/site-packages/airflow/example_dags/example_skip_dag.py for tasks to queue
[2024-01-23T22:28:41.300+0000] {logging_mixin.py:137} INFO - [2024-01-23T22:28:41.300+0000] {dagbag.py:538} INFO - Filling up the DagBag from /home/airflow/.local/lib/python3.7/site-packages/airflow/example_dags/example_skip_dag.py
[2024-01-23T22:28:41.314+0000] {processor.py:753} INFO - DAG(s) dict_keys(['example_skip_dag']) retrieved from /home/airflow/.local/lib/python3.7/site-packages/airflow/example_dags/example_skip_dag.py
[2024-01-23T22:28:41.357+0000] {logging_mixin.py:137} INFO - [2024-01-23T22:28:41.357+0000] {dag.py:2676} INFO - Sync 1 DAGs
[2024-01-23T22:28:41.393+0000] {logging_mixin.py:137} INFO - [2024-01-23T22:28:41.393+0000] {dag.py:3427} INFO - Setting next_dagrun for example_skip_dag to 2024-01-22T22:28:41.392785+00:00, run_after=2024-01-23T22:28:41.392785+00:00
[2024-01-23T22:28:41.426+0000] {processor.py:175} INFO - Processing /home/airflow/.local/lib/python3.7/site-packages/airflow/example_dags/example_skip_dag.py took 0.130 seconds
[2024-01-23T22:29:11.600+0000] {processor.py:153} INFO - Started process (PID=5213) to work on /home/airflow/.local/lib/python3.7/site-packages/airflow/example_dags/example_skip_dag.py
[2024-01-23T22:29:11.601+0000] {processor.py:743} INFO - Processing file /home/airflow/.local/lib/python3.7/site-packages/airflow/example_dags/example_skip_dag.py for tasks to queue
[2024-01-23T22:29:11.602+0000] {logging_mixin.py:137} INFO - [2024-01-23T22:29:11.601+0000] {dagbag.py:538} INFO - Filling up the DagBag from /home/airflow/.local/lib/python3.7/site-packages/airflow/example_dags/example_skip_dag.py
[2024-01-23T22:29:11.617+0000] {processor.py:753} INFO - DAG(s) dict_keys(['example_skip_dag']) retrieved from /home/airflow/.local/lib/python3.7/site-packages/airflow/example_dags/example_skip_dag.py
[2024-01-23T22:29:11.657+0000] {logging_mixin.py:137} INFO - [2024-01-23T22:29:11.657+0000] {dag.py:2676} INFO - Sync 1 DAGs
[2024-01-23T22:29:11.687+0000] {logging_mixin.py:137} INFO - [2024-01-23T22:29:11.687+0000] {dag.py:3427} INFO - Setting next_dagrun for example_skip_dag to 2024-01-22T22:29:11.687091+00:00, run_after=2024-01-23T22:29:11.687091+00:00
[2024-01-23T22:29:11.710+0000] {processor.py:175} INFO - Processing /home/airflow/.local/lib/python3.7/site-packages/airflow/example_dags/example_skip_dag.py took 0.113 seconds
[2024-01-23T22:29:41.916+0000] {processor.py:153} INFO - Started process (PID=5293) to work on /home/airflow/.local/lib/python3.7/site-packages/airflow/example_dags/example_skip_dag.py
[2024-01-23T22:29:41.917+0000] {processor.py:743} INFO - Processing file /home/airflow/.local/lib/python3.7/site-packages/airflow/example_dags/example_skip_dag.py for tasks to queue
[2024-01-23T22:29:41.918+0000] {logging_mixin.py:137} INFO - [2024-01-23T22:29:41.918+0000] {dagbag.py:538} INFO - Filling up the DagBag from /home/airflow/.local/lib/python3.7/site-packages/airflow/example_dags/example_skip_dag.py
[2024-01-23T22:29:41.933+0000] {processor.py:753} INFO - DAG(s) dict_keys(['example_skip_dag']) retrieved from /home/airflow/.local/lib/python3.7/site-packages/airflow/example_dags/example_skip_dag.py
[2024-01-23T22:29:41.974+0000] {logging_mixin.py:137} INFO - [2024-01-23T22:29:41.974+0000] {dag.py:2676} INFO - Sync 1 DAGs
[2024-01-23T22:29:42.002+0000] {logging_mixin.py:137} INFO - [2024-01-23T22:29:42.002+0000] {dag.py:3427} INFO - Setting next_dagrun for example_skip_dag to 2024-01-22T22:29:42.001814+00:00, run_after=2024-01-23T22:29:42.001814+00:00
[2024-01-23T22:29:42.026+0000] {processor.py:175} INFO - Processing /home/airflow/.local/lib/python3.7/site-packages/airflow/example_dags/example_skip_dag.py took 0.113 seconds
[2024-01-23T22:30:12.802+0000] {processor.py:153} INFO - Started process (PID=5391) to work on /home/airflow/.local/lib/python3.7/site-packages/airflow/example_dags/example_skip_dag.py
[2024-01-23T22:30:12.803+0000] {processor.py:743} INFO - Processing file /home/airflow/.local/lib/python3.7/site-packages/airflow/example_dags/example_skip_dag.py for tasks to queue
[2024-01-23T22:30:12.804+0000] {logging_mixin.py:137} INFO - [2024-01-23T22:30:12.804+0000] {dagbag.py:538} INFO - Filling up the DagBag from /home/airflow/.local/lib/python3.7/site-packages/airflow/example_dags/example_skip_dag.py
[2024-01-23T22:30:12.817+0000] {processor.py:753} INFO - DAG(s) dict_keys(['example_skip_dag']) retrieved from /home/airflow/.local/lib/python3.7/site-packages/airflow/example_dags/example_skip_dag.py
[2024-01-23T22:30:12.857+0000] {logging_mixin.py:137} INFO - [2024-01-23T22:30:12.857+0000] {dag.py:2676} INFO - Sync 1 DAGs
[2024-01-23T22:30:12.880+0000] {logging_mixin.py:137} INFO - [2024-01-23T22:30:12.880+0000] {dag.py:3427} INFO - Setting next_dagrun for example_skip_dag to 2024-01-22T22:30:12.880229+00:00, run_after=2024-01-23T22:30:12.880229+00:00
[2024-01-23T22:30:12.899+0000] {processor.py:175} INFO - Processing /home/airflow/.local/lib/python3.7/site-packages/airflow/example_dags/example_skip_dag.py took 0.100 seconds
[2024-01-23T22:30:42.938+0000] {processor.py:153} INFO - Started process (PID=5471) to work on /home/airflow/.local/lib/python3.7/site-packages/airflow/example_dags/example_skip_dag.py
[2024-01-23T22:30:42.939+0000] {processor.py:743} INFO - Processing file /home/airflow/.local/lib/python3.7/site-packages/airflow/example_dags/example_skip_dag.py for tasks to queue
[2024-01-23T22:30:42.939+0000] {logging_mixin.py:137} INFO - [2024-01-23T22:30:42.939+0000] {dagbag.py:538} INFO - Filling up the DagBag from /home/airflow/.local/lib/python3.7/site-packages/airflow/example_dags/example_skip_dag.py
[2024-01-23T22:30:42.956+0000] {processor.py:753} INFO - DAG(s) dict_keys(['example_skip_dag']) retrieved from /home/airflow/.local/lib/python3.7/site-packages/airflow/example_dags/example_skip_dag.py
[2024-01-23T22:30:42.993+0000] {logging_mixin.py:137} INFO - [2024-01-23T22:30:42.993+0000] {dag.py:2676} INFO - Sync 1 DAGs
[2024-01-23T22:30:43.027+0000] {logging_mixin.py:137} INFO - [2024-01-23T22:30:43.026+0000] {dag.py:3427} INFO - Setting next_dagrun for example_skip_dag to 2024-01-22T22:30:43.026697+00:00, run_after=2024-01-23T22:30:43.026697+00:00
[2024-01-23T22:30:43.049+0000] {processor.py:175} INFO - Processing /home/airflow/.local/lib/python3.7/site-packages/airflow/example_dags/example_skip_dag.py took 0.114 seconds
[2024-01-23T22:31:13.185+0000] {processor.py:153} INFO - Started process (PID=5551) to work on /home/airflow/.local/lib/python3.7/site-packages/airflow/example_dags/example_skip_dag.py
[2024-01-23T22:31:13.186+0000] {processor.py:743} INFO - Processing file /home/airflow/.local/lib/python3.7/site-packages/airflow/example_dags/example_skip_dag.py for tasks to queue
[2024-01-23T22:31:13.187+0000] {logging_mixin.py:137} INFO - [2024-01-23T22:31:13.187+0000] {dagbag.py:538} INFO - Filling up the DagBag from /home/airflow/.local/lib/python3.7/site-packages/airflow/example_dags/example_skip_dag.py
[2024-01-23T22:31:13.203+0000] {processor.py:753} INFO - DAG(s) dict_keys(['example_skip_dag']) retrieved from /home/airflow/.local/lib/python3.7/site-packages/airflow/example_dags/example_skip_dag.py
[2024-01-23T22:31:13.251+0000] {logging_mixin.py:137} INFO - [2024-01-23T22:31:13.251+0000] {dag.py:2676} INFO - Sync 1 DAGs
[2024-01-23T22:31:13.285+0000] {logging_mixin.py:137} INFO - [2024-01-23T22:31:13.284+0000] {dag.py:3427} INFO - Setting next_dagrun for example_skip_dag to 2024-01-22T22:31:13.284385+00:00, run_after=2024-01-23T22:31:13.284385+00:00
[2024-01-23T22:31:13.308+0000] {processor.py:175} INFO - Processing /home/airflow/.local/lib/python3.7/site-packages/airflow/example_dags/example_skip_dag.py took 0.125 seconds
[2024-01-23T22:31:43.561+0000] {processor.py:153} INFO - Started process (PID=5652) to work on /home/airflow/.local/lib/python3.7/site-packages/airflow/example_dags/example_skip_dag.py
[2024-01-23T22:31:43.561+0000] {processor.py:743} INFO - Processing file /home/airflow/.local/lib/python3.7/site-packages/airflow/example_dags/example_skip_dag.py for tasks to queue
[2024-01-23T22:31:43.562+0000] {logging_mixin.py:137} INFO - [2024-01-23T22:31:43.562+0000] {dagbag.py:538} INFO - Filling up the DagBag from /home/airflow/.local/lib/python3.7/site-packages/airflow/example_dags/example_skip_dag.py
[2024-01-23T22:31:43.575+0000] {processor.py:753} INFO - DAG(s) dict_keys(['example_skip_dag']) retrieved from /home/airflow/.local/lib/python3.7/site-packages/airflow/example_dags/example_skip_dag.py
[2024-01-23T22:31:43.616+0000] {logging_mixin.py:137} INFO - [2024-01-23T22:31:43.616+0000] {dag.py:2676} INFO - Sync 1 DAGs
[2024-01-23T22:31:43.642+0000] {logging_mixin.py:137} INFO - [2024-01-23T22:31:43.642+0000] {dag.py:3427} INFO - Setting next_dagrun for example_skip_dag to 2024-01-22T22:31:43.641838+00:00, run_after=2024-01-23T22:31:43.641838+00:00
[2024-01-23T22:31:43.661+0000] {processor.py:175} INFO - Processing /home/airflow/.local/lib/python3.7/site-packages/airflow/example_dags/example_skip_dag.py took 0.102 seconds
