[2024-01-23T21:50:44.626+0000] {processor.py:153} INFO - Started process (PID=96) to work on /home/airflow/.local/lib/python3.7/site-packages/airflow/example_dags/example_task_group.py
[2024-01-23T21:50:44.627+0000] {processor.py:743} INFO - Processing file /home/airflow/.local/lib/python3.7/site-packages/airflow/example_dags/example_task_group.py for tasks to queue
[2024-01-23T21:50:44.628+0000] {logging_mixin.py:137} INFO - [2024-01-23T21:50:44.627+0000] {dagbag.py:538} INFO - Filling up the DagBag from /home/airflow/.local/lib/python3.7/site-packages/airflow/example_dags/example_task_group.py
[2024-01-23T21:50:44.650+0000] {processor.py:753} INFO - DAG(s) dict_keys(['example_task_group']) retrieved from /home/airflow/.local/lib/python3.7/site-packages/airflow/example_dags/example_task_group.py
[2024-01-23T21:50:44.687+0000] {logging_mixin.py:137} INFO - [2024-01-23T21:50:44.687+0000] {dag.py:2676} INFO - Sync 1 DAGs
[2024-01-23T21:50:44.715+0000] {logging_mixin.py:137} INFO - [2024-01-23T21:50:44.715+0000] {dag.py:3427} INFO - Setting next_dagrun for example_task_group to 2024-01-22T21:50:44.715206+00:00, run_after=2024-01-23T21:50:44.715206+00:00
[2024-01-23T21:50:44.739+0000] {processor.py:175} INFO - Processing /home/airflow/.local/lib/python3.7/site-packages/airflow/example_dags/example_task_group.py took 0.116 seconds
[2024-01-23T21:51:15.466+0000] {processor.py:153} INFO - Started process (PID=196) to work on /home/airflow/.local/lib/python3.7/site-packages/airflow/example_dags/example_task_group.py
[2024-01-23T21:51:15.467+0000] {processor.py:743} INFO - Processing file /home/airflow/.local/lib/python3.7/site-packages/airflow/example_dags/example_task_group.py for tasks to queue
[2024-01-23T21:51:15.468+0000] {logging_mixin.py:137} INFO - [2024-01-23T21:51:15.468+0000] {dagbag.py:538} INFO - Filling up the DagBag from /home/airflow/.local/lib/python3.7/site-packages/airflow/example_dags/example_task_group.py
[2024-01-23T21:51:15.490+0000] {processor.py:753} INFO - DAG(s) dict_keys(['example_task_group']) retrieved from /home/airflow/.local/lib/python3.7/site-packages/airflow/example_dags/example_task_group.py
[2024-01-23T21:51:15.551+0000] {logging_mixin.py:137} INFO - [2024-01-23T21:51:15.551+0000] {dag.py:2676} INFO - Sync 1 DAGs
[2024-01-23T21:51:15.594+0000] {logging_mixin.py:137} INFO - [2024-01-23T21:51:15.594+0000] {dag.py:3427} INFO - Setting next_dagrun for example_task_group to 2024-01-22T21:51:15.593867+00:00, run_after=2024-01-23T21:51:15.593867+00:00
[2024-01-23T21:51:15.676+0000] {processor.py:175} INFO - Processing /home/airflow/.local/lib/python3.7/site-packages/airflow/example_dags/example_task_group.py took 0.213 seconds
[2024-01-23T21:51:46.079+0000] {processor.py:153} INFO - Started process (PID=276) to work on /home/airflow/.local/lib/python3.7/site-packages/airflow/example_dags/example_task_group.py
[2024-01-23T21:51:46.080+0000] {processor.py:743} INFO - Processing file /home/airflow/.local/lib/python3.7/site-packages/airflow/example_dags/example_task_group.py for tasks to queue
[2024-01-23T21:51:46.080+0000] {logging_mixin.py:137} INFO - [2024-01-23T21:51:46.080+0000] {dagbag.py:538} INFO - Filling up the DagBag from /home/airflow/.local/lib/python3.7/site-packages/airflow/example_dags/example_task_group.py
[2024-01-23T21:51:46.097+0000] {processor.py:753} INFO - DAG(s) dict_keys(['example_task_group']) retrieved from /home/airflow/.local/lib/python3.7/site-packages/airflow/example_dags/example_task_group.py
[2024-01-23T21:51:46.138+0000] {logging_mixin.py:137} INFO - [2024-01-23T21:51:46.138+0000] {dag.py:2676} INFO - Sync 1 DAGs
[2024-01-23T21:51:46.166+0000] {logging_mixin.py:137} INFO - [2024-01-23T21:51:46.166+0000] {dag.py:3427} INFO - Setting next_dagrun for example_task_group to 2024-01-22T21:51:46.166498+00:00, run_after=2024-01-23T21:51:46.166498+00:00
[2024-01-23T21:51:46.188+0000] {processor.py:175} INFO - Processing /home/airflow/.local/lib/python3.7/site-packages/airflow/example_dags/example_task_group.py took 0.111 seconds
[2024-01-23T21:52:16.614+0000] {processor.py:153} INFO - Started process (PID=356) to work on /home/airflow/.local/lib/python3.7/site-packages/airflow/example_dags/example_task_group.py
[2024-01-23T21:52:16.615+0000] {processor.py:743} INFO - Processing file /home/airflow/.local/lib/python3.7/site-packages/airflow/example_dags/example_task_group.py for tasks to queue
[2024-01-23T21:52:16.616+0000] {logging_mixin.py:137} INFO - [2024-01-23T21:52:16.616+0000] {dagbag.py:538} INFO - Filling up the DagBag from /home/airflow/.local/lib/python3.7/site-packages/airflow/example_dags/example_task_group.py
[2024-01-23T21:52:16.630+0000] {processor.py:753} INFO - DAG(s) dict_keys(['example_task_group']) retrieved from /home/airflow/.local/lib/python3.7/site-packages/airflow/example_dags/example_task_group.py
[2024-01-23T21:52:16.670+0000] {logging_mixin.py:137} INFO - [2024-01-23T21:52:16.670+0000] {dag.py:2676} INFO - Sync 1 DAGs
[2024-01-23T21:52:16.703+0000] {logging_mixin.py:137} INFO - [2024-01-23T21:52:16.702+0000] {dag.py:3427} INFO - Setting next_dagrun for example_task_group to 2024-01-22T21:52:16.702634+00:00, run_after=2024-01-23T21:52:16.702634+00:00
[2024-01-23T21:52:16.728+0000] {processor.py:175} INFO - Processing /home/airflow/.local/lib/python3.7/site-packages/airflow/example_dags/example_task_group.py took 0.115 seconds
[2024-01-23T21:52:47.331+0000] {processor.py:153} INFO - Started process (PID=456) to work on /home/airflow/.local/lib/python3.7/site-packages/airflow/example_dags/example_task_group.py
[2024-01-23T21:52:47.332+0000] {processor.py:743} INFO - Processing file /home/airflow/.local/lib/python3.7/site-packages/airflow/example_dags/example_task_group.py for tasks to queue
[2024-01-23T21:52:47.333+0000] {logging_mixin.py:137} INFO - [2024-01-23T21:52:47.332+0000] {dagbag.py:538} INFO - Filling up the DagBag from /home/airflow/.local/lib/python3.7/site-packages/airflow/example_dags/example_task_group.py
[2024-01-23T21:52:47.354+0000] {processor.py:753} INFO - DAG(s) dict_keys(['example_task_group']) retrieved from /home/airflow/.local/lib/python3.7/site-packages/airflow/example_dags/example_task_group.py
[2024-01-23T21:52:47.399+0000] {logging_mixin.py:137} INFO - [2024-01-23T21:52:47.398+0000] {dag.py:2676} INFO - Sync 1 DAGs
[2024-01-23T21:52:47.441+0000] {logging_mixin.py:137} INFO - [2024-01-23T21:52:47.441+0000] {dag.py:3427} INFO - Setting next_dagrun for example_task_group to 2024-01-22T21:52:47.440933+00:00, run_after=2024-01-23T21:52:47.440933+00:00
[2024-01-23T21:52:47.468+0000] {processor.py:175} INFO - Processing /home/airflow/.local/lib/python3.7/site-packages/airflow/example_dags/example_task_group.py took 0.140 seconds
[2024-01-23T21:53:17.973+0000] {processor.py:153} INFO - Started process (PID=536) to work on /home/airflow/.local/lib/python3.7/site-packages/airflow/example_dags/example_task_group.py
[2024-01-23T21:53:17.973+0000] {processor.py:743} INFO - Processing file /home/airflow/.local/lib/python3.7/site-packages/airflow/example_dags/example_task_group.py for tasks to queue
[2024-01-23T21:53:17.974+0000] {logging_mixin.py:137} INFO - [2024-01-23T21:53:17.974+0000] {dagbag.py:538} INFO - Filling up the DagBag from /home/airflow/.local/lib/python3.7/site-packages/airflow/example_dags/example_task_group.py
[2024-01-23T21:53:17.993+0000] {processor.py:753} INFO - DAG(s) dict_keys(['example_task_group']) retrieved from /home/airflow/.local/lib/python3.7/site-packages/airflow/example_dags/example_task_group.py
[2024-01-23T21:53:18.036+0000] {logging_mixin.py:137} INFO - [2024-01-23T21:53:18.035+0000] {dag.py:2676} INFO - Sync 1 DAGs
[2024-01-23T21:53:18.067+0000] {logging_mixin.py:137} INFO - [2024-01-23T21:53:18.067+0000] {dag.py:3427} INFO - Setting next_dagrun for example_task_group to 2024-01-22T21:53:18.066806+00:00, run_after=2024-01-23T21:53:18.066806+00:00
[2024-01-23T21:53:18.089+0000] {processor.py:175} INFO - Processing /home/airflow/.local/lib/python3.7/site-packages/airflow/example_dags/example_task_group.py took 0.119 seconds
[2024-01-23T21:53:48.753+0000] {processor.py:153} INFO - Started process (PID=626) to work on /home/airflow/.local/lib/python3.7/site-packages/airflow/example_dags/example_task_group.py
[2024-01-23T21:53:48.754+0000] {processor.py:743} INFO - Processing file /home/airflow/.local/lib/python3.7/site-packages/airflow/example_dags/example_task_group.py for tasks to queue
[2024-01-23T21:53:48.755+0000] {logging_mixin.py:137} INFO - [2024-01-23T21:53:48.755+0000] {dagbag.py:538} INFO - Filling up the DagBag from /home/airflow/.local/lib/python3.7/site-packages/airflow/example_dags/example_task_group.py
[2024-01-23T21:53:48.777+0000] {processor.py:753} INFO - DAG(s) dict_keys(['example_task_group']) retrieved from /home/airflow/.local/lib/python3.7/site-packages/airflow/example_dags/example_task_group.py
[2024-01-23T21:53:48.833+0000] {logging_mixin.py:137} INFO - [2024-01-23T21:53:48.833+0000] {dag.py:2676} INFO - Sync 1 DAGs
[2024-01-23T21:53:48.873+0000] {logging_mixin.py:137} INFO - [2024-01-23T21:53:48.873+0000] {dag.py:3427} INFO - Setting next_dagrun for example_task_group to 2024-01-22T21:53:48.873242+00:00, run_after=2024-01-23T21:53:48.873242+00:00
[2024-01-23T21:53:48.901+0000] {processor.py:175} INFO - Processing /home/airflow/.local/lib/python3.7/site-packages/airflow/example_dags/example_task_group.py took 0.151 seconds
[2024-01-23T21:59:18.157+0000] {processor.py:153} INFO - Started process (PID=96) to work on /home/airflow/.local/lib/python3.7/site-packages/airflow/example_dags/example_task_group.py
[2024-01-23T21:59:18.158+0000] {processor.py:743} INFO - Processing file /home/airflow/.local/lib/python3.7/site-packages/airflow/example_dags/example_task_group.py for tasks to queue
[2024-01-23T21:59:18.159+0000] {logging_mixin.py:137} INFO - [2024-01-23T21:59:18.159+0000] {dagbag.py:538} INFO - Filling up the DagBag from /home/airflow/.local/lib/python3.7/site-packages/airflow/example_dags/example_task_group.py
[2024-01-23T21:59:18.179+0000] {processor.py:753} INFO - DAG(s) dict_keys(['example_task_group']) retrieved from /home/airflow/.local/lib/python3.7/site-packages/airflow/example_dags/example_task_group.py
[2024-01-23T21:59:18.221+0000] {logging_mixin.py:137} INFO - [2024-01-23T21:59:18.220+0000] {dag.py:2676} INFO - Sync 1 DAGs
[2024-01-23T21:59:18.251+0000] {logging_mixin.py:137} INFO - [2024-01-23T21:59:18.251+0000] {dag.py:3427} INFO - Setting next_dagrun for example_task_group to 2024-01-22T21:59:18.250811+00:00, run_after=2024-01-23T21:59:18.250811+00:00
[2024-01-23T21:59:18.272+0000] {processor.py:175} INFO - Processing /home/airflow/.local/lib/python3.7/site-packages/airflow/example_dags/example_task_group.py took 0.116 seconds
[2024-01-23T21:59:48.580+0000] {processor.py:153} INFO - Started process (PID=176) to work on /home/airflow/.local/lib/python3.7/site-packages/airflow/example_dags/example_task_group.py
[2024-01-23T21:59:48.581+0000] {processor.py:743} INFO - Processing file /home/airflow/.local/lib/python3.7/site-packages/airflow/example_dags/example_task_group.py for tasks to queue
[2024-01-23T21:59:48.582+0000] {logging_mixin.py:137} INFO - [2024-01-23T21:59:48.581+0000] {dagbag.py:538} INFO - Filling up the DagBag from /home/airflow/.local/lib/python3.7/site-packages/airflow/example_dags/example_task_group.py
[2024-01-23T21:59:48.596+0000] {processor.py:753} INFO - DAG(s) dict_keys(['example_task_group']) retrieved from /home/airflow/.local/lib/python3.7/site-packages/airflow/example_dags/example_task_group.py
[2024-01-23T21:59:48.630+0000] {logging_mixin.py:137} INFO - [2024-01-23T21:59:48.630+0000] {dag.py:2676} INFO - Sync 1 DAGs
[2024-01-23T21:59:48.659+0000] {logging_mixin.py:137} INFO - [2024-01-23T21:59:48.659+0000] {dag.py:3427} INFO - Setting next_dagrun for example_task_group to 2024-01-22T21:59:48.658861+00:00, run_after=2024-01-23T21:59:48.658861+00:00
[2024-01-23T21:59:48.679+0000] {processor.py:175} INFO - Processing /home/airflow/.local/lib/python3.7/site-packages/airflow/example_dags/example_task_group.py took 0.101 seconds
[2024-01-23T22:00:19.800+0000] {processor.py:153} INFO - Started process (PID=276) to work on /home/airflow/.local/lib/python3.7/site-packages/airflow/example_dags/example_task_group.py
[2024-01-23T22:00:19.801+0000] {processor.py:743} INFO - Processing file /home/airflow/.local/lib/python3.7/site-packages/airflow/example_dags/example_task_group.py for tasks to queue
[2024-01-23T22:00:19.802+0000] {logging_mixin.py:137} INFO - [2024-01-23T22:00:19.802+0000] {dagbag.py:538} INFO - Filling up the DagBag from /home/airflow/.local/lib/python3.7/site-packages/airflow/example_dags/example_task_group.py
[2024-01-23T22:00:19.822+0000] {processor.py:753} INFO - DAG(s) dict_keys(['example_task_group']) retrieved from /home/airflow/.local/lib/python3.7/site-packages/airflow/example_dags/example_task_group.py
[2024-01-23T22:00:19.874+0000] {logging_mixin.py:137} INFO - [2024-01-23T22:00:19.874+0000] {dag.py:2676} INFO - Sync 1 DAGs
[2024-01-23T22:00:19.922+0000] {logging_mixin.py:137} INFO - [2024-01-23T22:00:19.922+0000] {dag.py:3427} INFO - Setting next_dagrun for example_task_group to 2024-01-22T22:00:19.921939+00:00, run_after=2024-01-23T22:00:19.921939+00:00
[2024-01-23T22:00:19.969+0000] {processor.py:175} INFO - Processing /home/airflow/.local/lib/python3.7/site-packages/airflow/example_dags/example_task_group.py took 0.172 seconds
[2024-01-23T22:00:50.587+0000] {processor.py:153} INFO - Started process (PID=356) to work on /home/airflow/.local/lib/python3.7/site-packages/airflow/example_dags/example_task_group.py
[2024-01-23T22:00:50.587+0000] {processor.py:743} INFO - Processing file /home/airflow/.local/lib/python3.7/site-packages/airflow/example_dags/example_task_group.py for tasks to queue
[2024-01-23T22:00:50.588+0000] {logging_mixin.py:137} INFO - [2024-01-23T22:00:50.588+0000] {dagbag.py:538} INFO - Filling up the DagBag from /home/airflow/.local/lib/python3.7/site-packages/airflow/example_dags/example_task_group.py
[2024-01-23T22:00:50.602+0000] {processor.py:753} INFO - DAG(s) dict_keys(['example_task_group']) retrieved from /home/airflow/.local/lib/python3.7/site-packages/airflow/example_dags/example_task_group.py
[2024-01-23T22:00:50.639+0000] {logging_mixin.py:137} INFO - [2024-01-23T22:00:50.638+0000] {dag.py:2676} INFO - Sync 1 DAGs
[2024-01-23T22:00:50.667+0000] {logging_mixin.py:137} INFO - [2024-01-23T22:00:50.667+0000] {dag.py:3427} INFO - Setting next_dagrun for example_task_group to 2024-01-22T22:00:50.667459+00:00, run_after=2024-01-23T22:00:50.667459+00:00
[2024-01-23T22:00:50.692+0000] {processor.py:175} INFO - Processing /home/airflow/.local/lib/python3.7/site-packages/airflow/example_dags/example_task_group.py took 0.108 seconds
[2024-01-23T22:01:20.884+0000] {processor.py:153} INFO - Started process (PID=436) to work on /home/airflow/.local/lib/python3.7/site-packages/airflow/example_dags/example_task_group.py
[2024-01-23T22:01:20.885+0000] {processor.py:743} INFO - Processing file /home/airflow/.local/lib/python3.7/site-packages/airflow/example_dags/example_task_group.py for tasks to queue
[2024-01-23T22:01:20.886+0000] {logging_mixin.py:137} INFO - [2024-01-23T22:01:20.885+0000] {dagbag.py:538} INFO - Filling up the DagBag from /home/airflow/.local/lib/python3.7/site-packages/airflow/example_dags/example_task_group.py
[2024-01-23T22:01:20.900+0000] {processor.py:753} INFO - DAG(s) dict_keys(['example_task_group']) retrieved from /home/airflow/.local/lib/python3.7/site-packages/airflow/example_dags/example_task_group.py
[2024-01-23T22:01:20.940+0000] {logging_mixin.py:137} INFO - [2024-01-23T22:01:20.940+0000] {dag.py:2676} INFO - Sync 1 DAGs
[2024-01-23T22:01:20.967+0000] {logging_mixin.py:137} INFO - [2024-01-23T22:01:20.966+0000] {dag.py:3427} INFO - Setting next_dagrun for example_task_group to 2024-01-22T22:01:20.966685+00:00, run_after=2024-01-23T22:01:20.966685+00:00
[2024-01-23T22:01:20.990+0000] {processor.py:175} INFO - Processing /home/airflow/.local/lib/python3.7/site-packages/airflow/example_dags/example_task_group.py took 0.109 seconds
[2024-01-23T22:01:51.155+0000] {processor.py:153} INFO - Started process (PID=536) to work on /home/airflow/.local/lib/python3.7/site-packages/airflow/example_dags/example_task_group.py
[2024-01-23T22:01:51.156+0000] {processor.py:743} INFO - Processing file /home/airflow/.local/lib/python3.7/site-packages/airflow/example_dags/example_task_group.py for tasks to queue
[2024-01-23T22:01:51.157+0000] {logging_mixin.py:137} INFO - [2024-01-23T22:01:51.157+0000] {dagbag.py:538} INFO - Filling up the DagBag from /home/airflow/.local/lib/python3.7/site-packages/airflow/example_dags/example_task_group.py
[2024-01-23T22:01:51.184+0000] {processor.py:753} INFO - DAG(s) dict_keys(['example_task_group']) retrieved from /home/airflow/.local/lib/python3.7/site-packages/airflow/example_dags/example_task_group.py
[2024-01-23T22:01:51.239+0000] {logging_mixin.py:137} INFO - [2024-01-23T22:01:51.239+0000] {dag.py:2676} INFO - Sync 1 DAGs
[2024-01-23T22:01:51.273+0000] {logging_mixin.py:137} INFO - [2024-01-23T22:01:51.273+0000] {dag.py:3427} INFO - Setting next_dagrun for example_task_group to 2024-01-22T22:01:51.272827+00:00, run_after=2024-01-23T22:01:51.272827+00:00
[2024-01-23T22:01:51.299+0000] {processor.py:175} INFO - Processing /home/airflow/.local/lib/python3.7/site-packages/airflow/example_dags/example_task_group.py took 0.147 seconds
[2024-01-23T22:02:21.711+0000] {processor.py:153} INFO - Started process (PID=616) to work on /home/airflow/.local/lib/python3.7/site-packages/airflow/example_dags/example_task_group.py
[2024-01-23T22:02:21.713+0000] {processor.py:743} INFO - Processing file /home/airflow/.local/lib/python3.7/site-packages/airflow/example_dags/example_task_group.py for tasks to queue
[2024-01-23T22:02:21.715+0000] {logging_mixin.py:137} INFO - [2024-01-23T22:02:21.715+0000] {dagbag.py:538} INFO - Filling up the DagBag from /home/airflow/.local/lib/python3.7/site-packages/airflow/example_dags/example_task_group.py
[2024-01-23T22:02:21.743+0000] {processor.py:753} INFO - DAG(s) dict_keys(['example_task_group']) retrieved from /home/airflow/.local/lib/python3.7/site-packages/airflow/example_dags/example_task_group.py
[2024-01-23T22:02:21.797+0000] {logging_mixin.py:137} INFO - [2024-01-23T22:02:21.797+0000] {dag.py:2676} INFO - Sync 1 DAGs
[2024-01-23T22:02:21.829+0000] {logging_mixin.py:137} INFO - [2024-01-23T22:02:21.828+0000] {dag.py:3427} INFO - Setting next_dagrun for example_task_group to 2024-01-22T22:02:21.828578+00:00, run_after=2024-01-23T22:02:21.828578+00:00
[2024-01-23T22:02:21.856+0000] {processor.py:175} INFO - Processing /home/airflow/.local/lib/python3.7/site-packages/airflow/example_dags/example_task_group.py took 0.149 seconds
[2024-01-23T22:02:51.973+0000] {processor.py:153} INFO - Started process (PID=705) to work on /home/airflow/.local/lib/python3.7/site-packages/airflow/example_dags/example_task_group.py
[2024-01-23T22:02:51.974+0000] {processor.py:743} INFO - Processing file /home/airflow/.local/lib/python3.7/site-packages/airflow/example_dags/example_task_group.py for tasks to queue
[2024-01-23T22:02:51.975+0000] {logging_mixin.py:137} INFO - [2024-01-23T22:02:51.975+0000] {dagbag.py:538} INFO - Filling up the DagBag from /home/airflow/.local/lib/python3.7/site-packages/airflow/example_dags/example_task_group.py
[2024-01-23T22:02:51.993+0000] {processor.py:753} INFO - DAG(s) dict_keys(['example_task_group']) retrieved from /home/airflow/.local/lib/python3.7/site-packages/airflow/example_dags/example_task_group.py
[2024-01-23T22:02:52.036+0000] {logging_mixin.py:137} INFO - [2024-01-23T22:02:52.035+0000] {dag.py:2676} INFO - Sync 1 DAGs
[2024-01-23T22:02:52.066+0000] {logging_mixin.py:137} INFO - [2024-01-23T22:02:52.066+0000] {dag.py:3427} INFO - Setting next_dagrun for example_task_group to 2024-01-22T22:02:52.066373+00:00, run_after=2024-01-23T22:02:52.066373+00:00
[2024-01-23T22:02:52.091+0000] {processor.py:175} INFO - Processing /home/airflow/.local/lib/python3.7/site-packages/airflow/example_dags/example_task_group.py took 0.122 seconds
[2024-01-23T22:03:22.398+0000] {processor.py:153} INFO - Started process (PID=796) to work on /home/airflow/.local/lib/python3.7/site-packages/airflow/example_dags/example_task_group.py
[2024-01-23T22:03:22.398+0000] {processor.py:743} INFO - Processing file /home/airflow/.local/lib/python3.7/site-packages/airflow/example_dags/example_task_group.py for tasks to queue
[2024-01-23T22:03:22.400+0000] {logging_mixin.py:137} INFO - [2024-01-23T22:03:22.399+0000] {dagbag.py:538} INFO - Filling up the DagBag from /home/airflow/.local/lib/python3.7/site-packages/airflow/example_dags/example_task_group.py
[2024-01-23T22:03:22.420+0000] {processor.py:753} INFO - DAG(s) dict_keys(['example_task_group']) retrieved from /home/airflow/.local/lib/python3.7/site-packages/airflow/example_dags/example_task_group.py
[2024-01-23T22:03:22.469+0000] {logging_mixin.py:137} INFO - [2024-01-23T22:03:22.469+0000] {dag.py:2676} INFO - Sync 1 DAGs
[2024-01-23T22:03:22.501+0000] {logging_mixin.py:137} INFO - [2024-01-23T22:03:22.501+0000] {dag.py:3427} INFO - Setting next_dagrun for example_task_group to 2024-01-22T22:03:22.500827+00:00, run_after=2024-01-23T22:03:22.500827+00:00
[2024-01-23T22:03:22.530+0000] {processor.py:175} INFO - Processing /home/airflow/.local/lib/python3.7/site-packages/airflow/example_dags/example_task_group.py took 0.135 seconds
[2024-01-23T22:03:52.677+0000] {processor.py:153} INFO - Started process (PID=876) to work on /home/airflow/.local/lib/python3.7/site-packages/airflow/example_dags/example_task_group.py
[2024-01-23T22:03:52.678+0000] {processor.py:743} INFO - Processing file /home/airflow/.local/lib/python3.7/site-packages/airflow/example_dags/example_task_group.py for tasks to queue
[2024-01-23T22:03:52.679+0000] {logging_mixin.py:137} INFO - [2024-01-23T22:03:52.678+0000] {dagbag.py:538} INFO - Filling up the DagBag from /home/airflow/.local/lib/python3.7/site-packages/airflow/example_dags/example_task_group.py
[2024-01-23T22:03:52.700+0000] {processor.py:753} INFO - DAG(s) dict_keys(['example_task_group']) retrieved from /home/airflow/.local/lib/python3.7/site-packages/airflow/example_dags/example_task_group.py
[2024-01-23T22:03:52.749+0000] {logging_mixin.py:137} INFO - [2024-01-23T22:03:52.749+0000] {dag.py:2676} INFO - Sync 1 DAGs
[2024-01-23T22:03:52.788+0000] {logging_mixin.py:137} INFO - [2024-01-23T22:03:52.788+0000] {dag.py:3427} INFO - Setting next_dagrun for example_task_group to 2024-01-22T22:03:52.788446+00:00, run_after=2024-01-23T22:03:52.788446+00:00
[2024-01-23T22:03:52.819+0000] {processor.py:175} INFO - Processing /home/airflow/.local/lib/python3.7/site-packages/airflow/example_dags/example_task_group.py took 0.146 seconds
[2024-01-23T22:04:23.357+0000] {processor.py:153} INFO - Started process (PID=976) to work on /home/airflow/.local/lib/python3.7/site-packages/airflow/example_dags/example_task_group.py
[2024-01-23T22:04:23.358+0000] {processor.py:743} INFO - Processing file /home/airflow/.local/lib/python3.7/site-packages/airflow/example_dags/example_task_group.py for tasks to queue
[2024-01-23T22:04:23.359+0000] {logging_mixin.py:137} INFO - [2024-01-23T22:04:23.359+0000] {dagbag.py:538} INFO - Filling up the DagBag from /home/airflow/.local/lib/python3.7/site-packages/airflow/example_dags/example_task_group.py
[2024-01-23T22:04:23.381+0000] {processor.py:753} INFO - DAG(s) dict_keys(['example_task_group']) retrieved from /home/airflow/.local/lib/python3.7/site-packages/airflow/example_dags/example_task_group.py
[2024-01-23T22:04:23.440+0000] {logging_mixin.py:137} INFO - [2024-01-23T22:04:23.440+0000] {dag.py:2676} INFO - Sync 1 DAGs
[2024-01-23T22:04:23.491+0000] {logging_mixin.py:137} INFO - [2024-01-23T22:04:23.490+0000] {dag.py:3427} INFO - Setting next_dagrun for example_task_group to 2024-01-22T22:04:23.490583+00:00, run_after=2024-01-23T22:04:23.490583+00:00
[2024-01-23T22:04:23.526+0000] {processor.py:175} INFO - Processing /home/airflow/.local/lib/python3.7/site-packages/airflow/example_dags/example_task_group.py took 0.172 seconds
[2024-01-23T22:04:53.674+0000] {processor.py:153} INFO - Started process (PID=1056) to work on /home/airflow/.local/lib/python3.7/site-packages/airflow/example_dags/example_task_group.py
[2024-01-23T22:04:53.675+0000] {processor.py:743} INFO - Processing file /home/airflow/.local/lib/python3.7/site-packages/airflow/example_dags/example_task_group.py for tasks to queue
[2024-01-23T22:04:53.676+0000] {logging_mixin.py:137} INFO - [2024-01-23T22:04:53.676+0000] {dagbag.py:538} INFO - Filling up the DagBag from /home/airflow/.local/lib/python3.7/site-packages/airflow/example_dags/example_task_group.py
[2024-01-23T22:04:53.695+0000] {processor.py:753} INFO - DAG(s) dict_keys(['example_task_group']) retrieved from /home/airflow/.local/lib/python3.7/site-packages/airflow/example_dags/example_task_group.py
[2024-01-23T22:04:53.748+0000] {logging_mixin.py:137} INFO - [2024-01-23T22:04:53.746+0000] {dag.py:2676} INFO - Sync 1 DAGs
[2024-01-23T22:04:53.787+0000] {logging_mixin.py:137} INFO - [2024-01-23T22:04:53.787+0000] {dag.py:3427} INFO - Setting next_dagrun for example_task_group to 2024-01-22T22:04:53.787148+00:00, run_after=2024-01-23T22:04:53.787148+00:00
[2024-01-23T22:04:53.808+0000] {processor.py:175} INFO - Processing /home/airflow/.local/lib/python3.7/site-packages/airflow/example_dags/example_task_group.py took 0.136 seconds
[2024-01-23T22:05:24.189+0000] {processor.py:153} INFO - Started process (PID=1136) to work on /home/airflow/.local/lib/python3.7/site-packages/airflow/example_dags/example_task_group.py
[2024-01-23T22:05:24.190+0000] {processor.py:743} INFO - Processing file /home/airflow/.local/lib/python3.7/site-packages/airflow/example_dags/example_task_group.py for tasks to queue
[2024-01-23T22:05:24.191+0000] {logging_mixin.py:137} INFO - [2024-01-23T22:05:24.191+0000] {dagbag.py:538} INFO - Filling up the DagBag from /home/airflow/.local/lib/python3.7/site-packages/airflow/example_dags/example_task_group.py
[2024-01-23T22:05:24.212+0000] {processor.py:753} INFO - DAG(s) dict_keys(['example_task_group']) retrieved from /home/airflow/.local/lib/python3.7/site-packages/airflow/example_dags/example_task_group.py
[2024-01-23T22:05:24.254+0000] {logging_mixin.py:137} INFO - [2024-01-23T22:05:24.254+0000] {dag.py:2676} INFO - Sync 1 DAGs
[2024-01-23T22:05:24.284+0000] {logging_mixin.py:137} INFO - [2024-01-23T22:05:24.284+0000] {dag.py:3427} INFO - Setting next_dagrun for example_task_group to 2024-01-22T22:05:24.284325+00:00, run_after=2024-01-23T22:05:24.284325+00:00
[2024-01-23T22:05:24.312+0000] {processor.py:175} INFO - Processing /home/airflow/.local/lib/python3.7/site-packages/airflow/example_dags/example_task_group.py took 0.126 seconds
[2024-01-23T22:05:54.651+0000] {processor.py:153} INFO - Started process (PID=1225) to work on /home/airflow/.local/lib/python3.7/site-packages/airflow/example_dags/example_task_group.py
[2024-01-23T22:05:54.652+0000] {processor.py:743} INFO - Processing file /home/airflow/.local/lib/python3.7/site-packages/airflow/example_dags/example_task_group.py for tasks to queue
[2024-01-23T22:05:54.653+0000] {logging_mixin.py:137} INFO - [2024-01-23T22:05:54.653+0000] {dagbag.py:538} INFO - Filling up the DagBag from /home/airflow/.local/lib/python3.7/site-packages/airflow/example_dags/example_task_group.py
[2024-01-23T22:05:54.672+0000] {processor.py:753} INFO - DAG(s) dict_keys(['example_task_group']) retrieved from /home/airflow/.local/lib/python3.7/site-packages/airflow/example_dags/example_task_group.py
[2024-01-23T22:05:54.716+0000] {logging_mixin.py:137} INFO - [2024-01-23T22:05:54.716+0000] {dag.py:2676} INFO - Sync 1 DAGs
[2024-01-23T22:05:54.747+0000] {logging_mixin.py:137} INFO - [2024-01-23T22:05:54.747+0000] {dag.py:3427} INFO - Setting next_dagrun for example_task_group to 2024-01-22T22:05:54.747379+00:00, run_after=2024-01-23T22:05:54.747379+00:00
[2024-01-23T22:05:54.770+0000] {processor.py:175} INFO - Processing /home/airflow/.local/lib/python3.7/site-packages/airflow/example_dags/example_task_group.py took 0.122 seconds
[2024-01-23T22:06:25.614+0000] {processor.py:153} INFO - Started process (PID=1316) to work on /home/airflow/.local/lib/python3.7/site-packages/airflow/example_dags/example_task_group.py
[2024-01-23T22:06:25.615+0000] {processor.py:743} INFO - Processing file /home/airflow/.local/lib/python3.7/site-packages/airflow/example_dags/example_task_group.py for tasks to queue
[2024-01-23T22:06:25.616+0000] {logging_mixin.py:137} INFO - [2024-01-23T22:06:25.615+0000] {dagbag.py:538} INFO - Filling up the DagBag from /home/airflow/.local/lib/python3.7/site-packages/airflow/example_dags/example_task_group.py
[2024-01-23T22:06:25.631+0000] {processor.py:753} INFO - DAG(s) dict_keys(['example_task_group']) retrieved from /home/airflow/.local/lib/python3.7/site-packages/airflow/example_dags/example_task_group.py
[2024-01-23T22:06:25.668+0000] {logging_mixin.py:137} INFO - [2024-01-23T22:06:25.668+0000] {dag.py:2676} INFO - Sync 1 DAGs
[2024-01-23T22:06:25.697+0000] {logging_mixin.py:137} INFO - [2024-01-23T22:06:25.697+0000] {dag.py:3427} INFO - Setting next_dagrun for example_task_group to 2024-01-22T22:06:25.696909+00:00, run_after=2024-01-23T22:06:25.696909+00:00
[2024-01-23T22:06:25.719+0000] {processor.py:175} INFO - Processing /home/airflow/.local/lib/python3.7/site-packages/airflow/example_dags/example_task_group.py took 0.107 seconds
[2024-01-23T22:06:55.753+0000] {processor.py:153} INFO - Started process (PID=1395) to work on /home/airflow/.local/lib/python3.7/site-packages/airflow/example_dags/example_task_group.py
[2024-01-23T22:06:55.754+0000] {processor.py:743} INFO - Processing file /home/airflow/.local/lib/python3.7/site-packages/airflow/example_dags/example_task_group.py for tasks to queue
[2024-01-23T22:06:55.755+0000] {logging_mixin.py:137} INFO - [2024-01-23T22:06:55.755+0000] {dagbag.py:538} INFO - Filling up the DagBag from /home/airflow/.local/lib/python3.7/site-packages/airflow/example_dags/example_task_group.py
[2024-01-23T22:06:55.770+0000] {processor.py:753} INFO - DAG(s) dict_keys(['example_task_group']) retrieved from /home/airflow/.local/lib/python3.7/site-packages/airflow/example_dags/example_task_group.py
[2024-01-23T22:06:55.816+0000] {logging_mixin.py:137} INFO - [2024-01-23T22:06:55.816+0000] {dag.py:2676} INFO - Sync 1 DAGs
[2024-01-23T22:06:55.861+0000] {logging_mixin.py:137} INFO - [2024-01-23T22:06:55.861+0000] {dag.py:3427} INFO - Setting next_dagrun for example_task_group to 2024-01-22T22:06:55.861079+00:00, run_after=2024-01-23T22:06:55.861079+00:00
[2024-01-23T22:06:55.891+0000] {processor.py:175} INFO - Processing /home/airflow/.local/lib/python3.7/site-packages/airflow/example_dags/example_task_group.py took 0.140 seconds
[2024-01-23T22:07:26.545+0000] {processor.py:153} INFO - Started process (PID=1496) to work on /home/airflow/.local/lib/python3.7/site-packages/airflow/example_dags/example_task_group.py
[2024-01-23T22:07:26.546+0000] {processor.py:743} INFO - Processing file /home/airflow/.local/lib/python3.7/site-packages/airflow/example_dags/example_task_group.py for tasks to queue
[2024-01-23T22:07:26.547+0000] {logging_mixin.py:137} INFO - [2024-01-23T22:07:26.547+0000] {dagbag.py:538} INFO - Filling up the DagBag from /home/airflow/.local/lib/python3.7/site-packages/airflow/example_dags/example_task_group.py
[2024-01-23T22:07:26.562+0000] {processor.py:753} INFO - DAG(s) dict_keys(['example_task_group']) retrieved from /home/airflow/.local/lib/python3.7/site-packages/airflow/example_dags/example_task_group.py
[2024-01-23T22:07:26.602+0000] {logging_mixin.py:137} INFO - [2024-01-23T22:07:26.601+0000] {dag.py:2676} INFO - Sync 1 DAGs
[2024-01-23T22:07:26.636+0000] {logging_mixin.py:137} INFO - [2024-01-23T22:07:26.636+0000] {dag.py:3427} INFO - Setting next_dagrun for example_task_group to 2024-01-22T22:07:26.636294+00:00, run_after=2024-01-23T22:07:26.636294+00:00
[2024-01-23T22:07:26.668+0000] {processor.py:175} INFO - Processing /home/airflow/.local/lib/python3.7/site-packages/airflow/example_dags/example_task_group.py took 0.125 seconds
[2024-01-23T22:07:56.834+0000] {processor.py:153} INFO - Started process (PID=1576) to work on /home/airflow/.local/lib/python3.7/site-packages/airflow/example_dags/example_task_group.py
[2024-01-23T22:07:56.834+0000] {processor.py:743} INFO - Processing file /home/airflow/.local/lib/python3.7/site-packages/airflow/example_dags/example_task_group.py for tasks to queue
[2024-01-23T22:07:56.835+0000] {logging_mixin.py:137} INFO - [2024-01-23T22:07:56.835+0000] {dagbag.py:538} INFO - Filling up the DagBag from /home/airflow/.local/lib/python3.7/site-packages/airflow/example_dags/example_task_group.py
[2024-01-23T22:07:56.851+0000] {processor.py:753} INFO - DAG(s) dict_keys(['example_task_group']) retrieved from /home/airflow/.local/lib/python3.7/site-packages/airflow/example_dags/example_task_group.py
[2024-01-23T22:07:56.889+0000] {logging_mixin.py:137} INFO - [2024-01-23T22:07:56.889+0000] {dag.py:2676} INFO - Sync 1 DAGs
[2024-01-23T22:07:56.924+0000] {logging_mixin.py:137} INFO - [2024-01-23T22:07:56.923+0000] {dag.py:3427} INFO - Setting next_dagrun for example_task_group to 2024-01-22T22:07:56.923692+00:00, run_after=2024-01-23T22:07:56.923692+00:00
[2024-01-23T22:07:56.947+0000] {processor.py:175} INFO - Processing /home/airflow/.local/lib/python3.7/site-packages/airflow/example_dags/example_task_group.py took 0.116 seconds
[2024-01-23T22:08:27.032+0000] {processor.py:153} INFO - Started process (PID=1656) to work on /home/airflow/.local/lib/python3.7/site-packages/airflow/example_dags/example_task_group.py
[2024-01-23T22:08:27.033+0000] {processor.py:743} INFO - Processing file /home/airflow/.local/lib/python3.7/site-packages/airflow/example_dags/example_task_group.py for tasks to queue
[2024-01-23T22:08:27.034+0000] {logging_mixin.py:137} INFO - [2024-01-23T22:08:27.034+0000] {dagbag.py:538} INFO - Filling up the DagBag from /home/airflow/.local/lib/python3.7/site-packages/airflow/example_dags/example_task_group.py
[2024-01-23T22:08:27.061+0000] {processor.py:753} INFO - DAG(s) dict_keys(['example_task_group']) retrieved from /home/airflow/.local/lib/python3.7/site-packages/airflow/example_dags/example_task_group.py
[2024-01-23T22:08:27.118+0000] {logging_mixin.py:137} INFO - [2024-01-23T22:08:27.118+0000] {dag.py:2676} INFO - Sync 1 DAGs
[2024-01-23T22:08:27.146+0000] {logging_mixin.py:137} INFO - [2024-01-23T22:08:27.146+0000] {dag.py:3427} INFO - Setting next_dagrun for example_task_group to 2024-01-22T22:08:27.145806+00:00, run_after=2024-01-23T22:08:27.145806+00:00
[2024-01-23T22:08:27.167+0000] {processor.py:175} INFO - Processing /home/airflow/.local/lib/python3.7/site-packages/airflow/example_dags/example_task_group.py took 0.139 seconds
[2024-01-23T22:08:57.950+0000] {processor.py:153} INFO - Started process (PID=1756) to work on /home/airflow/.local/lib/python3.7/site-packages/airflow/example_dags/example_task_group.py
[2024-01-23T22:08:57.951+0000] {processor.py:743} INFO - Processing file /home/airflow/.local/lib/python3.7/site-packages/airflow/example_dags/example_task_group.py for tasks to queue
[2024-01-23T22:08:57.951+0000] {logging_mixin.py:137} INFO - [2024-01-23T22:08:57.951+0000] {dagbag.py:538} INFO - Filling up the DagBag from /home/airflow/.local/lib/python3.7/site-packages/airflow/example_dags/example_task_group.py
[2024-01-23T22:08:57.972+0000] {processor.py:753} INFO - DAG(s) dict_keys(['example_task_group']) retrieved from /home/airflow/.local/lib/python3.7/site-packages/airflow/example_dags/example_task_group.py
[2024-01-23T22:08:58.056+0000] {logging_mixin.py:137} INFO - [2024-01-23T22:08:58.056+0000] {dag.py:2676} INFO - Sync 1 DAGs
[2024-01-23T22:08:58.092+0000] {logging_mixin.py:137} INFO - [2024-01-23T22:08:58.092+0000] {dag.py:3427} INFO - Setting next_dagrun for example_task_group to 2024-01-22T22:08:58.092107+00:00, run_after=2024-01-23T22:08:58.092107+00:00
[2024-01-23T22:08:58.118+0000] {processor.py:175} INFO - Processing /home/airflow/.local/lib/python3.7/site-packages/airflow/example_dags/example_task_group.py took 0.172 seconds
[2024-01-23T22:09:28.655+0000] {processor.py:153} INFO - Started process (PID=1836) to work on /home/airflow/.local/lib/python3.7/site-packages/airflow/example_dags/example_task_group.py
[2024-01-23T22:09:28.656+0000] {processor.py:743} INFO - Processing file /home/airflow/.local/lib/python3.7/site-packages/airflow/example_dags/example_task_group.py for tasks to queue
[2024-01-23T22:09:28.657+0000] {logging_mixin.py:137} INFO - [2024-01-23T22:09:28.657+0000] {dagbag.py:538} INFO - Filling up the DagBag from /home/airflow/.local/lib/python3.7/site-packages/airflow/example_dags/example_task_group.py
[2024-01-23T22:09:28.673+0000] {processor.py:753} INFO - DAG(s) dict_keys(['example_task_group']) retrieved from /home/airflow/.local/lib/python3.7/site-packages/airflow/example_dags/example_task_group.py
[2024-01-23T22:09:28.714+0000] {logging_mixin.py:137} INFO - [2024-01-23T22:09:28.714+0000] {dag.py:2676} INFO - Sync 1 DAGs
[2024-01-23T22:09:28.747+0000] {logging_mixin.py:137} INFO - [2024-01-23T22:09:28.746+0000] {dag.py:3427} INFO - Setting next_dagrun for example_task_group to 2024-01-22T22:09:28.746657+00:00, run_after=2024-01-23T22:09:28.746657+00:00
[2024-01-23T22:09:28.774+0000] {processor.py:175} INFO - Processing /home/airflow/.local/lib/python3.7/site-packages/airflow/example_dags/example_task_group.py took 0.121 seconds
[2024-01-23T22:09:58.950+0000] {processor.py:153} INFO - Started process (PID=1916) to work on /home/airflow/.local/lib/python3.7/site-packages/airflow/example_dags/example_task_group.py
[2024-01-23T22:09:58.951+0000] {processor.py:743} INFO - Processing file /home/airflow/.local/lib/python3.7/site-packages/airflow/example_dags/example_task_group.py for tasks to queue
[2024-01-23T22:09:58.951+0000] {logging_mixin.py:137} INFO - [2024-01-23T22:09:58.951+0000] {dagbag.py:538} INFO - Filling up the DagBag from /home/airflow/.local/lib/python3.7/site-packages/airflow/example_dags/example_task_group.py
[2024-01-23T22:09:58.972+0000] {processor.py:753} INFO - DAG(s) dict_keys(['example_task_group']) retrieved from /home/airflow/.local/lib/python3.7/site-packages/airflow/example_dags/example_task_group.py
[2024-01-23T22:09:59.011+0000] {logging_mixin.py:137} INFO - [2024-01-23T22:09:59.011+0000] {dag.py:2676} INFO - Sync 1 DAGs
[2024-01-23T22:09:59.045+0000] {logging_mixin.py:137} INFO - [2024-01-23T22:09:59.045+0000] {dag.py:3427} INFO - Setting next_dagrun for example_task_group to 2024-01-22T22:09:59.044750+00:00, run_after=2024-01-23T22:09:59.044750+00:00
[2024-01-23T22:09:59.069+0000] {processor.py:175} INFO - Processing /home/airflow/.local/lib/python3.7/site-packages/airflow/example_dags/example_task_group.py took 0.122 seconds
[2024-01-23T22:10:29.542+0000] {processor.py:153} INFO - Started process (PID=2016) to work on /home/airflow/.local/lib/python3.7/site-packages/airflow/example_dags/example_task_group.py
[2024-01-23T22:10:29.543+0000] {processor.py:743} INFO - Processing file /home/airflow/.local/lib/python3.7/site-packages/airflow/example_dags/example_task_group.py for tasks to queue
[2024-01-23T22:10:29.544+0000] {logging_mixin.py:137} INFO - [2024-01-23T22:10:29.543+0000] {dagbag.py:538} INFO - Filling up the DagBag from /home/airflow/.local/lib/python3.7/site-packages/airflow/example_dags/example_task_group.py
[2024-01-23T22:10:29.563+0000] {processor.py:753} INFO - DAG(s) dict_keys(['example_task_group']) retrieved from /home/airflow/.local/lib/python3.7/site-packages/airflow/example_dags/example_task_group.py
[2024-01-23T22:10:29.606+0000] {logging_mixin.py:137} INFO - [2024-01-23T22:10:29.606+0000] {dag.py:2676} INFO - Sync 1 DAGs
[2024-01-23T22:10:29.633+0000] {logging_mixin.py:137} INFO - [2024-01-23T22:10:29.633+0000] {dag.py:3427} INFO - Setting next_dagrun for example_task_group to 2024-01-22T22:10:29.633189+00:00, run_after=2024-01-23T22:10:29.633189+00:00
[2024-01-23T22:10:29.669+0000] {processor.py:175} INFO - Processing /home/airflow/.local/lib/python3.7/site-packages/airflow/example_dags/example_task_group.py took 0.130 seconds
[2024-01-23T22:10:59.915+0000] {processor.py:153} INFO - Started process (PID=2096) to work on /home/airflow/.local/lib/python3.7/site-packages/airflow/example_dags/example_task_group.py
[2024-01-23T22:10:59.915+0000] {processor.py:743} INFO - Processing file /home/airflow/.local/lib/python3.7/site-packages/airflow/example_dags/example_task_group.py for tasks to queue
[2024-01-23T22:10:59.916+0000] {logging_mixin.py:137} INFO - [2024-01-23T22:10:59.916+0000] {dagbag.py:538} INFO - Filling up the DagBag from /home/airflow/.local/lib/python3.7/site-packages/airflow/example_dags/example_task_group.py
[2024-01-23T22:10:59.935+0000] {processor.py:753} INFO - DAG(s) dict_keys(['example_task_group']) retrieved from /home/airflow/.local/lib/python3.7/site-packages/airflow/example_dags/example_task_group.py
[2024-01-23T22:10:59.969+0000] {logging_mixin.py:137} INFO - [2024-01-23T22:10:59.969+0000] {dag.py:2676} INFO - Sync 1 DAGs
[2024-01-23T22:10:59.997+0000] {logging_mixin.py:137} INFO - [2024-01-23T22:10:59.997+0000] {dag.py:3427} INFO - Setting next_dagrun for example_task_group to 2024-01-22T22:10:59.997237+00:00, run_after=2024-01-23T22:10:59.997237+00:00
[2024-01-23T22:11:00.024+0000] {processor.py:175} INFO - Processing /home/airflow/.local/lib/python3.7/site-packages/airflow/example_dags/example_task_group.py took 0.111 seconds
[2024-01-23T22:11:30.262+0000] {processor.py:153} INFO - Started process (PID=2176) to work on /home/airflow/.local/lib/python3.7/site-packages/airflow/example_dags/example_task_group.py
[2024-01-23T22:11:30.262+0000] {processor.py:743} INFO - Processing file /home/airflow/.local/lib/python3.7/site-packages/airflow/example_dags/example_task_group.py for tasks to queue
[2024-01-23T22:11:30.263+0000] {logging_mixin.py:137} INFO - [2024-01-23T22:11:30.263+0000] {dagbag.py:538} INFO - Filling up the DagBag from /home/airflow/.local/lib/python3.7/site-packages/airflow/example_dags/example_task_group.py
[2024-01-23T22:11:30.282+0000] {processor.py:753} INFO - DAG(s) dict_keys(['example_task_group']) retrieved from /home/airflow/.local/lib/python3.7/site-packages/airflow/example_dags/example_task_group.py
[2024-01-23T22:11:30.313+0000] {logging_mixin.py:137} INFO - [2024-01-23T22:11:30.313+0000] {dag.py:2676} INFO - Sync 1 DAGs
[2024-01-23T22:11:30.346+0000] {logging_mixin.py:137} INFO - [2024-01-23T22:11:30.346+0000] {dag.py:3427} INFO - Setting next_dagrun for example_task_group to 2024-01-22T22:11:30.345946+00:00, run_after=2024-01-23T22:11:30.345946+00:00
[2024-01-23T22:11:30.366+0000] {processor.py:175} INFO - Processing /home/airflow/.local/lib/python3.7/site-packages/airflow/example_dags/example_task_group.py took 0.107 seconds
[2024-01-23T22:12:00.598+0000] {processor.py:153} INFO - Started process (PID=2276) to work on /home/airflow/.local/lib/python3.7/site-packages/airflow/example_dags/example_task_group.py
[2024-01-23T22:12:00.599+0000] {processor.py:743} INFO - Processing file /home/airflow/.local/lib/python3.7/site-packages/airflow/example_dags/example_task_group.py for tasks to queue
[2024-01-23T22:12:00.600+0000] {logging_mixin.py:137} INFO - [2024-01-23T22:12:00.599+0000] {dagbag.py:538} INFO - Filling up the DagBag from /home/airflow/.local/lib/python3.7/site-packages/airflow/example_dags/example_task_group.py
[2024-01-23T22:12:00.617+0000] {processor.py:753} INFO - DAG(s) dict_keys(['example_task_group']) retrieved from /home/airflow/.local/lib/python3.7/site-packages/airflow/example_dags/example_task_group.py
[2024-01-23T22:12:00.662+0000] {logging_mixin.py:137} INFO - [2024-01-23T22:12:00.662+0000] {dag.py:2676} INFO - Sync 1 DAGs
[2024-01-23T22:12:00.691+0000] {logging_mixin.py:137} INFO - [2024-01-23T22:12:00.691+0000] {dag.py:3427} INFO - Setting next_dagrun for example_task_group to 2024-01-22T22:12:00.690948+00:00, run_after=2024-01-23T22:12:00.690948+00:00
[2024-01-23T22:12:00.714+0000] {processor.py:175} INFO - Processing /home/airflow/.local/lib/python3.7/site-packages/airflow/example_dags/example_task_group.py took 0.119 seconds
[2024-01-23T22:12:31.092+0000] {processor.py:153} INFO - Started process (PID=2356) to work on /home/airflow/.local/lib/python3.7/site-packages/airflow/example_dags/example_task_group.py
[2024-01-23T22:12:31.093+0000] {processor.py:743} INFO - Processing file /home/airflow/.local/lib/python3.7/site-packages/airflow/example_dags/example_task_group.py for tasks to queue
[2024-01-23T22:12:31.093+0000] {logging_mixin.py:137} INFO - [2024-01-23T22:12:31.093+0000] {dagbag.py:538} INFO - Filling up the DagBag from /home/airflow/.local/lib/python3.7/site-packages/airflow/example_dags/example_task_group.py
[2024-01-23T22:12:31.107+0000] {processor.py:753} INFO - DAG(s) dict_keys(['example_task_group']) retrieved from /home/airflow/.local/lib/python3.7/site-packages/airflow/example_dags/example_task_group.py
[2024-01-23T22:12:31.143+0000] {logging_mixin.py:137} INFO - [2024-01-23T22:12:31.143+0000] {dag.py:2676} INFO - Sync 1 DAGs
[2024-01-23T22:12:31.170+0000] {logging_mixin.py:137} INFO - [2024-01-23T22:12:31.170+0000] {dag.py:3427} INFO - Setting next_dagrun for example_task_group to 2024-01-22T22:12:31.170009+00:00, run_after=2024-01-23T22:12:31.170009+00:00
[2024-01-23T22:12:31.191+0000] {processor.py:175} INFO - Processing /home/airflow/.local/lib/python3.7/site-packages/airflow/example_dags/example_task_group.py took 0.102 seconds
[2024-01-23T22:13:01.525+0000] {processor.py:153} INFO - Started process (PID=2445) to work on /home/airflow/.local/lib/python3.7/site-packages/airflow/example_dags/example_task_group.py
[2024-01-23T22:13:01.526+0000] {processor.py:743} INFO - Processing file /home/airflow/.local/lib/python3.7/site-packages/airflow/example_dags/example_task_group.py for tasks to queue
[2024-01-23T22:13:01.527+0000] {logging_mixin.py:137} INFO - [2024-01-23T22:13:01.527+0000] {dagbag.py:538} INFO - Filling up the DagBag from /home/airflow/.local/lib/python3.7/site-packages/airflow/example_dags/example_task_group.py
[2024-01-23T22:13:01.546+0000] {processor.py:753} INFO - DAG(s) dict_keys(['example_task_group']) retrieved from /home/airflow/.local/lib/python3.7/site-packages/airflow/example_dags/example_task_group.py
[2024-01-23T22:13:01.584+0000] {logging_mixin.py:137} INFO - [2024-01-23T22:13:01.584+0000] {dag.py:2676} INFO - Sync 1 DAGs
[2024-01-23T22:13:01.618+0000] {logging_mixin.py:137} INFO - [2024-01-23T22:13:01.617+0000] {dag.py:3427} INFO - Setting next_dagrun for example_task_group to 2024-01-22T22:13:01.617527+00:00, run_after=2024-01-23T22:13:01.617527+00:00
[2024-01-23T22:13:01.646+0000] {processor.py:175} INFO - Processing /home/airflow/.local/lib/python3.7/site-packages/airflow/example_dags/example_task_group.py took 0.124 seconds
[2024-01-23T22:13:32.059+0000] {processor.py:153} INFO - Started process (PID=2536) to work on /home/airflow/.local/lib/python3.7/site-packages/airflow/example_dags/example_task_group.py
[2024-01-23T22:13:32.060+0000] {processor.py:743} INFO - Processing file /home/airflow/.local/lib/python3.7/site-packages/airflow/example_dags/example_task_group.py for tasks to queue
[2024-01-23T22:13:32.060+0000] {logging_mixin.py:137} INFO - [2024-01-23T22:13:32.060+0000] {dagbag.py:538} INFO - Filling up the DagBag from /home/airflow/.local/lib/python3.7/site-packages/airflow/example_dags/example_task_group.py
[2024-01-23T22:13:32.072+0000] {processor.py:753} INFO - DAG(s) dict_keys(['example_task_group']) retrieved from /home/airflow/.local/lib/python3.7/site-packages/airflow/example_dags/example_task_group.py
[2024-01-23T22:13:32.109+0000] {logging_mixin.py:137} INFO - [2024-01-23T22:13:32.109+0000] {dag.py:2676} INFO - Sync 1 DAGs
[2024-01-23T22:13:32.139+0000] {logging_mixin.py:137} INFO - [2024-01-23T22:13:32.139+0000] {dag.py:3427} INFO - Setting next_dagrun for example_task_group to 2024-01-22T22:13:32.139553+00:00, run_after=2024-01-23T22:13:32.139553+00:00
[2024-01-23T22:13:32.159+0000] {processor.py:175} INFO - Processing /home/airflow/.local/lib/python3.7/site-packages/airflow/example_dags/example_task_group.py took 0.102 seconds
[2024-01-23T22:14:02.546+0000] {processor.py:153} INFO - Started process (PID=2615) to work on /home/airflow/.local/lib/python3.7/site-packages/airflow/example_dags/example_task_group.py
[2024-01-23T22:14:02.547+0000] {processor.py:743} INFO - Processing file /home/airflow/.local/lib/python3.7/site-packages/airflow/example_dags/example_task_group.py for tasks to queue
[2024-01-23T22:14:02.548+0000] {logging_mixin.py:137} INFO - [2024-01-23T22:14:02.548+0000] {dagbag.py:538} INFO - Filling up the DagBag from /home/airflow/.local/lib/python3.7/site-packages/airflow/example_dags/example_task_group.py
[2024-01-23T22:14:02.565+0000] {processor.py:753} INFO - DAG(s) dict_keys(['example_task_group']) retrieved from /home/airflow/.local/lib/python3.7/site-packages/airflow/example_dags/example_task_group.py
[2024-01-23T22:14:02.601+0000] {logging_mixin.py:137} INFO - [2024-01-23T22:14:02.600+0000] {dag.py:2676} INFO - Sync 1 DAGs
[2024-01-23T22:14:02.625+0000] {logging_mixin.py:137} INFO - [2024-01-23T22:14:02.625+0000] {dag.py:3427} INFO - Setting next_dagrun for example_task_group to 2024-01-22T22:14:02.625120+00:00, run_after=2024-01-23T22:14:02.625120+00:00
[2024-01-23T22:14:02.645+0000] {processor.py:175} INFO - Processing /home/airflow/.local/lib/python3.7/site-packages/airflow/example_dags/example_task_group.py took 0.101 seconds
[2024-01-23T22:14:33.338+0000] {processor.py:153} INFO - Started process (PID=2716) to work on /home/airflow/.local/lib/python3.7/site-packages/airflow/example_dags/example_task_group.py
[2024-01-23T22:14:33.339+0000] {processor.py:743} INFO - Processing file /home/airflow/.local/lib/python3.7/site-packages/airflow/example_dags/example_task_group.py for tasks to queue
[2024-01-23T22:14:33.340+0000] {logging_mixin.py:137} INFO - [2024-01-23T22:14:33.339+0000] {dagbag.py:538} INFO - Filling up the DagBag from /home/airflow/.local/lib/python3.7/site-packages/airflow/example_dags/example_task_group.py
[2024-01-23T22:14:33.365+0000] {processor.py:753} INFO - DAG(s) dict_keys(['example_task_group']) retrieved from /home/airflow/.local/lib/python3.7/site-packages/airflow/example_dags/example_task_group.py
[2024-01-23T22:14:33.419+0000] {logging_mixin.py:137} INFO - [2024-01-23T22:14:33.419+0000] {dag.py:2676} INFO - Sync 1 DAGs
[2024-01-23T22:14:33.452+0000] {logging_mixin.py:137} INFO - [2024-01-23T22:14:33.451+0000] {dag.py:3427} INFO - Setting next_dagrun for example_task_group to 2024-01-22T22:14:33.451591+00:00, run_after=2024-01-23T22:14:33.451591+00:00
[2024-01-23T22:14:33.478+0000] {processor.py:175} INFO - Processing /home/airflow/.local/lib/python3.7/site-packages/airflow/example_dags/example_task_group.py took 0.144 seconds
[2024-01-23T22:15:03.683+0000] {processor.py:153} INFO - Started process (PID=2797) to work on /home/airflow/.local/lib/python3.7/site-packages/airflow/example_dags/example_task_group.py
[2024-01-23T22:15:03.684+0000] {processor.py:743} INFO - Processing file /home/airflow/.local/lib/python3.7/site-packages/airflow/example_dags/example_task_group.py for tasks to queue
[2024-01-23T22:15:03.685+0000] {logging_mixin.py:137} INFO - [2024-01-23T22:15:03.685+0000] {dagbag.py:538} INFO - Filling up the DagBag from /home/airflow/.local/lib/python3.7/site-packages/airflow/example_dags/example_task_group.py
[2024-01-23T22:15:03.703+0000] {processor.py:753} INFO - DAG(s) dict_keys(['example_task_group']) retrieved from /home/airflow/.local/lib/python3.7/site-packages/airflow/example_dags/example_task_group.py
[2024-01-23T22:15:03.742+0000] {logging_mixin.py:137} INFO - [2024-01-23T22:15:03.742+0000] {dag.py:2676} INFO - Sync 1 DAGs
[2024-01-23T22:15:03.773+0000] {logging_mixin.py:137} INFO - [2024-01-23T22:15:03.773+0000] {dag.py:3427} INFO - Setting next_dagrun for example_task_group to 2024-01-22T22:15:03.772943+00:00, run_after=2024-01-23T22:15:03.772943+00:00
[2024-01-23T22:15:03.801+0000] {processor.py:175} INFO - Processing /home/airflow/.local/lib/python3.7/site-packages/airflow/example_dags/example_task_group.py took 0.121 seconds
[2024-01-23T22:15:33.996+0000] {processor.py:153} INFO - Started process (PID=2878) to work on /home/airflow/.local/lib/python3.7/site-packages/airflow/example_dags/example_task_group.py
[2024-01-23T22:15:33.997+0000] {processor.py:743} INFO - Processing file /home/airflow/.local/lib/python3.7/site-packages/airflow/example_dags/example_task_group.py for tasks to queue
[2024-01-23T22:15:33.998+0000] {logging_mixin.py:137} INFO - [2024-01-23T22:15:33.998+0000] {dagbag.py:538} INFO - Filling up the DagBag from /home/airflow/.local/lib/python3.7/site-packages/airflow/example_dags/example_task_group.py
[2024-01-23T22:15:34.018+0000] {processor.py:753} INFO - DAG(s) dict_keys(['example_task_group']) retrieved from /home/airflow/.local/lib/python3.7/site-packages/airflow/example_dags/example_task_group.py
[2024-01-23T22:15:34.060+0000] {logging_mixin.py:137} INFO - [2024-01-23T22:15:34.060+0000] {dag.py:2676} INFO - Sync 1 DAGs
[2024-01-23T22:15:34.089+0000] {logging_mixin.py:137} INFO - [2024-01-23T22:15:34.089+0000] {dag.py:3427} INFO - Setting next_dagrun for example_task_group to 2024-01-22T22:15:34.089058+00:00, run_after=2024-01-23T22:15:34.089058+00:00
[2024-01-23T22:15:34.121+0000] {processor.py:175} INFO - Processing /home/airflow/.local/lib/python3.7/site-packages/airflow/example_dags/example_task_group.py took 0.127 seconds
[2024-01-23T22:16:04.364+0000] {processor.py:153} INFO - Started process (PID=2978) to work on /home/airflow/.local/lib/python3.7/site-packages/airflow/example_dags/example_task_group.py
[2024-01-23T22:16:04.365+0000] {processor.py:743} INFO - Processing file /home/airflow/.local/lib/python3.7/site-packages/airflow/example_dags/example_task_group.py for tasks to queue
[2024-01-23T22:16:04.366+0000] {logging_mixin.py:137} INFO - [2024-01-23T22:16:04.366+0000] {dagbag.py:538} INFO - Filling up the DagBag from /home/airflow/.local/lib/python3.7/site-packages/airflow/example_dags/example_task_group.py
[2024-01-23T22:16:04.386+0000] {processor.py:753} INFO - DAG(s) dict_keys(['example_task_group']) retrieved from /home/airflow/.local/lib/python3.7/site-packages/airflow/example_dags/example_task_group.py
[2024-01-23T22:16:04.430+0000] {logging_mixin.py:137} INFO - [2024-01-23T22:16:04.430+0000] {dag.py:2676} INFO - Sync 1 DAGs
[2024-01-23T22:16:04.458+0000] {logging_mixin.py:137} INFO - [2024-01-23T22:16:04.458+0000] {dag.py:3427} INFO - Setting next_dagrun for example_task_group to 2024-01-22T22:16:04.457782+00:00, run_after=2024-01-23T22:16:04.457782+00:00
[2024-01-23T22:16:04.480+0000] {processor.py:175} INFO - Processing /home/airflow/.local/lib/python3.7/site-packages/airflow/example_dags/example_task_group.py took 0.119 seconds
[2024-01-23T22:16:35.412+0000] {processor.py:153} INFO - Started process (PID=3057) to work on /home/airflow/.local/lib/python3.7/site-packages/airflow/example_dags/example_task_group.py
[2024-01-23T22:16:35.413+0000] {processor.py:743} INFO - Processing file /home/airflow/.local/lib/python3.7/site-packages/airflow/example_dags/example_task_group.py for tasks to queue
[2024-01-23T22:16:35.414+0000] {logging_mixin.py:137} INFO - [2024-01-23T22:16:35.414+0000] {dagbag.py:538} INFO - Filling up the DagBag from /home/airflow/.local/lib/python3.7/site-packages/airflow/example_dags/example_task_group.py
[2024-01-23T22:16:35.440+0000] {processor.py:753} INFO - DAG(s) dict_keys(['example_task_group']) retrieved from /home/airflow/.local/lib/python3.7/site-packages/airflow/example_dags/example_task_group.py
[2024-01-23T22:16:35.478+0000] {logging_mixin.py:137} INFO - [2024-01-23T22:16:35.478+0000] {dag.py:2676} INFO - Sync 1 DAGs
[2024-01-23T22:16:35.506+0000] {logging_mixin.py:137} INFO - [2024-01-23T22:16:35.506+0000] {dag.py:3427} INFO - Setting next_dagrun for example_task_group to 2024-01-22T22:16:35.506454+00:00, run_after=2024-01-23T22:16:35.506454+00:00
[2024-01-23T22:16:35.527+0000] {processor.py:175} INFO - Processing /home/airflow/.local/lib/python3.7/site-packages/airflow/example_dags/example_task_group.py took 0.119 seconds
[2024-01-23T22:17:05.785+0000] {processor.py:153} INFO - Started process (PID=3145) to work on /home/airflow/.local/lib/python3.7/site-packages/airflow/example_dags/example_task_group.py
[2024-01-23T22:17:05.786+0000] {processor.py:743} INFO - Processing file /home/airflow/.local/lib/python3.7/site-packages/airflow/example_dags/example_task_group.py for tasks to queue
[2024-01-23T22:17:05.786+0000] {logging_mixin.py:137} INFO - [2024-01-23T22:17:05.786+0000] {dagbag.py:538} INFO - Filling up the DagBag from /home/airflow/.local/lib/python3.7/site-packages/airflow/example_dags/example_task_group.py
[2024-01-23T22:17:05.806+0000] {processor.py:753} INFO - DAG(s) dict_keys(['example_task_group']) retrieved from /home/airflow/.local/lib/python3.7/site-packages/airflow/example_dags/example_task_group.py
[2024-01-23T22:17:05.847+0000] {logging_mixin.py:137} INFO - [2024-01-23T22:17:05.846+0000] {dag.py:2676} INFO - Sync 1 DAGs
[2024-01-23T22:17:05.876+0000] {logging_mixin.py:137} INFO - [2024-01-23T22:17:05.876+0000] {dag.py:3427} INFO - Setting next_dagrun for example_task_group to 2024-01-22T22:17:05.875922+00:00, run_after=2024-01-23T22:17:05.875922+00:00
[2024-01-23T22:17:05.901+0000] {processor.py:175} INFO - Processing /home/airflow/.local/lib/python3.7/site-packages/airflow/example_dags/example_task_group.py took 0.119 seconds
[2024-01-23T22:17:36.172+0000] {processor.py:153} INFO - Started process (PID=3236) to work on /home/airflow/.local/lib/python3.7/site-packages/airflow/example_dags/example_task_group.py
[2024-01-23T22:17:36.174+0000] {processor.py:743} INFO - Processing file /home/airflow/.local/lib/python3.7/site-packages/airflow/example_dags/example_task_group.py for tasks to queue
[2024-01-23T22:17:36.175+0000] {logging_mixin.py:137} INFO - [2024-01-23T22:17:36.175+0000] {dagbag.py:538} INFO - Filling up the DagBag from /home/airflow/.local/lib/python3.7/site-packages/airflow/example_dags/example_task_group.py
[2024-01-23T22:17:36.195+0000] {processor.py:753} INFO - DAG(s) dict_keys(['example_task_group']) retrieved from /home/airflow/.local/lib/python3.7/site-packages/airflow/example_dags/example_task_group.py
[2024-01-23T22:17:36.240+0000] {logging_mixin.py:137} INFO - [2024-01-23T22:17:36.240+0000] {dag.py:2676} INFO - Sync 1 DAGs
[2024-01-23T22:17:36.275+0000] {logging_mixin.py:137} INFO - [2024-01-23T22:17:36.275+0000] {dag.py:3427} INFO - Setting next_dagrun for example_task_group to 2024-01-22T22:17:36.275337+00:00, run_after=2024-01-23T22:17:36.275337+00:00
[2024-01-23T22:17:36.300+0000] {processor.py:175} INFO - Processing /home/airflow/.local/lib/python3.7/site-packages/airflow/example_dags/example_task_group.py took 0.130 seconds
[2024-01-23T22:18:06.393+0000] {processor.py:153} INFO - Started process (PID=3316) to work on /home/airflow/.local/lib/python3.7/site-packages/airflow/example_dags/example_task_group.py
[2024-01-23T22:18:06.394+0000] {processor.py:743} INFO - Processing file /home/airflow/.local/lib/python3.7/site-packages/airflow/example_dags/example_task_group.py for tasks to queue
[2024-01-23T22:18:06.395+0000] {logging_mixin.py:137} INFO - [2024-01-23T22:18:06.394+0000] {dagbag.py:538} INFO - Filling up the DagBag from /home/airflow/.local/lib/python3.7/site-packages/airflow/example_dags/example_task_group.py
[2024-01-23T22:18:06.408+0000] {processor.py:753} INFO - DAG(s) dict_keys(['example_task_group']) retrieved from /home/airflow/.local/lib/python3.7/site-packages/airflow/example_dags/example_task_group.py
[2024-01-23T22:18:06.450+0000] {logging_mixin.py:137} INFO - [2024-01-23T22:18:06.449+0000] {dag.py:2676} INFO - Sync 1 DAGs
[2024-01-23T22:18:06.480+0000] {logging_mixin.py:137} INFO - [2024-01-23T22:18:06.479+0000] {dag.py:3427} INFO - Setting next_dagrun for example_task_group to 2024-01-22T22:18:06.479506+00:00, run_after=2024-01-23T22:18:06.479506+00:00
[2024-01-23T22:18:06.505+0000] {processor.py:175} INFO - Processing /home/airflow/.local/lib/python3.7/site-packages/airflow/example_dags/example_task_group.py took 0.114 seconds
[2024-01-23T22:18:36.706+0000] {processor.py:153} INFO - Started process (PID=3416) to work on /home/airflow/.local/lib/python3.7/site-packages/airflow/example_dags/example_task_group.py
[2024-01-23T22:18:36.707+0000] {processor.py:743} INFO - Processing file /home/airflow/.local/lib/python3.7/site-packages/airflow/example_dags/example_task_group.py for tasks to queue
[2024-01-23T22:18:36.708+0000] {logging_mixin.py:137} INFO - [2024-01-23T22:18:36.708+0000] {dagbag.py:538} INFO - Filling up the DagBag from /home/airflow/.local/lib/python3.7/site-packages/airflow/example_dags/example_task_group.py
[2024-01-23T22:18:36.724+0000] {processor.py:753} INFO - DAG(s) dict_keys(['example_task_group']) retrieved from /home/airflow/.local/lib/python3.7/site-packages/airflow/example_dags/example_task_group.py
[2024-01-23T22:18:36.768+0000] {logging_mixin.py:137} INFO - [2024-01-23T22:18:36.768+0000] {dag.py:2676} INFO - Sync 1 DAGs
[2024-01-23T22:18:36.803+0000] {logging_mixin.py:137} INFO - [2024-01-23T22:18:36.803+0000] {dag.py:3427} INFO - Setting next_dagrun for example_task_group to 2024-01-22T22:18:36.803277+00:00, run_after=2024-01-23T22:18:36.803277+00:00
[2024-01-23T22:18:36.829+0000] {processor.py:175} INFO - Processing /home/airflow/.local/lib/python3.7/site-packages/airflow/example_dags/example_task_group.py took 0.126 seconds
[2024-01-23T22:19:07.167+0000] {processor.py:153} INFO - Started process (PID=3496) to work on /home/airflow/.local/lib/python3.7/site-packages/airflow/example_dags/example_task_group.py
[2024-01-23T22:19:07.168+0000] {processor.py:743} INFO - Processing file /home/airflow/.local/lib/python3.7/site-packages/airflow/example_dags/example_task_group.py for tasks to queue
[2024-01-23T22:19:07.169+0000] {logging_mixin.py:137} INFO - [2024-01-23T22:19:07.169+0000] {dagbag.py:538} INFO - Filling up the DagBag from /home/airflow/.local/lib/python3.7/site-packages/airflow/example_dags/example_task_group.py
[2024-01-23T22:19:07.186+0000] {processor.py:753} INFO - DAG(s) dict_keys(['example_task_group']) retrieved from /home/airflow/.local/lib/python3.7/site-packages/airflow/example_dags/example_task_group.py
[2024-01-23T22:19:07.232+0000] {logging_mixin.py:137} INFO - [2024-01-23T22:19:07.232+0000] {dag.py:2676} INFO - Sync 1 DAGs
[2024-01-23T22:19:07.271+0000] {logging_mixin.py:137} INFO - [2024-01-23T22:19:07.270+0000] {dag.py:3427} INFO - Setting next_dagrun for example_task_group to 2024-01-22T22:19:07.270568+00:00, run_after=2024-01-23T22:19:07.270568+00:00
[2024-01-23T22:19:07.296+0000] {processor.py:175} INFO - Processing /home/airflow/.local/lib/python3.7/site-packages/airflow/example_dags/example_task_group.py took 0.132 seconds
[2024-01-23T22:19:37.421+0000] {processor.py:153} INFO - Started process (PID=3576) to work on /home/airflow/.local/lib/python3.7/site-packages/airflow/example_dags/example_task_group.py
[2024-01-23T22:19:37.421+0000] {processor.py:743} INFO - Processing file /home/airflow/.local/lib/python3.7/site-packages/airflow/example_dags/example_task_group.py for tasks to queue
[2024-01-23T22:19:37.422+0000] {logging_mixin.py:137} INFO - [2024-01-23T22:19:37.422+0000] {dagbag.py:538} INFO - Filling up the DagBag from /home/airflow/.local/lib/python3.7/site-packages/airflow/example_dags/example_task_group.py
[2024-01-23T22:19:37.440+0000] {processor.py:753} INFO - DAG(s) dict_keys(['example_task_group']) retrieved from /home/airflow/.local/lib/python3.7/site-packages/airflow/example_dags/example_task_group.py
[2024-01-23T22:19:37.477+0000] {logging_mixin.py:137} INFO - [2024-01-23T22:19:37.477+0000] {dag.py:2676} INFO - Sync 1 DAGs
[2024-01-23T22:19:37.511+0000] {logging_mixin.py:137} INFO - [2024-01-23T22:19:37.511+0000] {dag.py:3427} INFO - Setting next_dagrun for example_task_group to 2024-01-22T22:19:37.511031+00:00, run_after=2024-01-23T22:19:37.511031+00:00
[2024-01-23T22:19:37.534+0000] {processor.py:175} INFO - Processing /home/airflow/.local/lib/python3.7/site-packages/airflow/example_dags/example_task_group.py took 0.115 seconds
[2024-01-23T22:20:07.775+0000] {processor.py:153} INFO - Started process (PID=3665) to work on /home/airflow/.local/lib/python3.7/site-packages/airflow/example_dags/example_task_group.py
[2024-01-23T22:20:07.776+0000] {processor.py:743} INFO - Processing file /home/airflow/.local/lib/python3.7/site-packages/airflow/example_dags/example_task_group.py for tasks to queue
[2024-01-23T22:20:07.777+0000] {logging_mixin.py:137} INFO - [2024-01-23T22:20:07.777+0000] {dagbag.py:538} INFO - Filling up the DagBag from /home/airflow/.local/lib/python3.7/site-packages/airflow/example_dags/example_task_group.py
[2024-01-23T22:20:07.795+0000] {processor.py:753} INFO - DAG(s) dict_keys(['example_task_group']) retrieved from /home/airflow/.local/lib/python3.7/site-packages/airflow/example_dags/example_task_group.py
[2024-01-23T22:20:07.842+0000] {logging_mixin.py:137} INFO - [2024-01-23T22:20:07.841+0000] {dag.py:2676} INFO - Sync 1 DAGs
[2024-01-23T22:20:07.894+0000] {logging_mixin.py:137} INFO - [2024-01-23T22:20:07.894+0000] {dag.py:3427} INFO - Setting next_dagrun for example_task_group to 2024-01-22T22:20:07.894304+00:00, run_after=2024-01-23T22:20:07.894304+00:00
[2024-01-23T22:20:07.951+0000] {processor.py:175} INFO - Processing /home/airflow/.local/lib/python3.7/site-packages/airflow/example_dags/example_task_group.py took 0.179 seconds
[2024-01-23T22:20:38.293+0000] {processor.py:153} INFO - Started process (PID=3757) to work on /home/airflow/.local/lib/python3.7/site-packages/airflow/example_dags/example_task_group.py
[2024-01-23T22:20:38.294+0000] {processor.py:743} INFO - Processing file /home/airflow/.local/lib/python3.7/site-packages/airflow/example_dags/example_task_group.py for tasks to queue
[2024-01-23T22:20:38.294+0000] {logging_mixin.py:137} INFO - [2024-01-23T22:20:38.294+0000] {dagbag.py:538} INFO - Filling up the DagBag from /home/airflow/.local/lib/python3.7/site-packages/airflow/example_dags/example_task_group.py
[2024-01-23T22:20:38.309+0000] {processor.py:753} INFO - DAG(s) dict_keys(['example_task_group']) retrieved from /home/airflow/.local/lib/python3.7/site-packages/airflow/example_dags/example_task_group.py
[2024-01-23T22:20:38.349+0000] {logging_mixin.py:137} INFO - [2024-01-23T22:20:38.349+0000] {dag.py:2676} INFO - Sync 1 DAGs
[2024-01-23T22:20:38.382+0000] {logging_mixin.py:137} INFO - [2024-01-23T22:20:38.382+0000] {dag.py:3427} INFO - Setting next_dagrun for example_task_group to 2024-01-22T22:20:38.381948+00:00, run_after=2024-01-23T22:20:38.381948+00:00
[2024-01-23T22:20:38.404+0000] {processor.py:175} INFO - Processing /home/airflow/.local/lib/python3.7/site-packages/airflow/example_dags/example_task_group.py took 0.113 seconds
[2024-01-23T22:21:08.701+0000] {processor.py:153} INFO - Started process (PID=3837) to work on /home/airflow/.local/lib/python3.7/site-packages/airflow/example_dags/example_task_group.py
[2024-01-23T22:21:08.702+0000] {processor.py:743} INFO - Processing file /home/airflow/.local/lib/python3.7/site-packages/airflow/example_dags/example_task_group.py for tasks to queue
[2024-01-23T22:21:08.703+0000] {logging_mixin.py:137} INFO - [2024-01-23T22:21:08.703+0000] {dagbag.py:538} INFO - Filling up the DagBag from /home/airflow/.local/lib/python3.7/site-packages/airflow/example_dags/example_task_group.py
[2024-01-23T22:21:08.722+0000] {processor.py:753} INFO - DAG(s) dict_keys(['example_task_group']) retrieved from /home/airflow/.local/lib/python3.7/site-packages/airflow/example_dags/example_task_group.py
[2024-01-23T22:21:08.767+0000] {logging_mixin.py:137} INFO - [2024-01-23T22:21:08.766+0000] {dag.py:2676} INFO - Sync 1 DAGs
[2024-01-23T22:21:08.802+0000] {logging_mixin.py:137} INFO - [2024-01-23T22:21:08.802+0000] {dag.py:3427} INFO - Setting next_dagrun for example_task_group to 2024-01-22T22:21:08.802219+00:00, run_after=2024-01-23T22:21:08.802219+00:00
[2024-01-23T22:21:08.826+0000] {processor.py:175} INFO - Processing /home/airflow/.local/lib/python3.7/site-packages/airflow/example_dags/example_task_group.py took 0.128 seconds
[2024-01-23T22:21:39.320+0000] {processor.py:153} INFO - Started process (PID=3937) to work on /home/airflow/.local/lib/python3.7/site-packages/airflow/example_dags/example_task_group.py
[2024-01-23T22:21:39.321+0000] {processor.py:743} INFO - Processing file /home/airflow/.local/lib/python3.7/site-packages/airflow/example_dags/example_task_group.py for tasks to queue
[2024-01-23T22:21:39.322+0000] {logging_mixin.py:137} INFO - [2024-01-23T22:21:39.322+0000] {dagbag.py:538} INFO - Filling up the DagBag from /home/airflow/.local/lib/python3.7/site-packages/airflow/example_dags/example_task_group.py
[2024-01-23T22:21:39.342+0000] {processor.py:753} INFO - DAG(s) dict_keys(['example_task_group']) retrieved from /home/airflow/.local/lib/python3.7/site-packages/airflow/example_dags/example_task_group.py
[2024-01-23T22:21:39.383+0000] {logging_mixin.py:137} INFO - [2024-01-23T22:21:39.382+0000] {dag.py:2676} INFO - Sync 1 DAGs
[2024-01-23T22:21:39.424+0000] {logging_mixin.py:137} INFO - [2024-01-23T22:21:39.424+0000] {dag.py:3427} INFO - Setting next_dagrun for example_task_group to 2024-01-22T22:21:39.424177+00:00, run_after=2024-01-23T22:21:39.424177+00:00
[2024-01-23T22:21:39.448+0000] {processor.py:175} INFO - Processing /home/airflow/.local/lib/python3.7/site-packages/airflow/example_dags/example_task_group.py took 0.131 seconds
[2024-01-23T22:22:09.637+0000] {processor.py:153} INFO - Started process (PID=4017) to work on /home/airflow/.local/lib/python3.7/site-packages/airflow/example_dags/example_task_group.py
[2024-01-23T22:22:09.638+0000] {processor.py:743} INFO - Processing file /home/airflow/.local/lib/python3.7/site-packages/airflow/example_dags/example_task_group.py for tasks to queue
[2024-01-23T22:22:09.639+0000] {logging_mixin.py:137} INFO - [2024-01-23T22:22:09.639+0000] {dagbag.py:538} INFO - Filling up the DagBag from /home/airflow/.local/lib/python3.7/site-packages/airflow/example_dags/example_task_group.py
[2024-01-23T22:22:09.656+0000] {processor.py:753} INFO - DAG(s) dict_keys(['example_task_group']) retrieved from /home/airflow/.local/lib/python3.7/site-packages/airflow/example_dags/example_task_group.py
[2024-01-23T22:22:09.694+0000] {logging_mixin.py:137} INFO - [2024-01-23T22:22:09.694+0000] {dag.py:2676} INFO - Sync 1 DAGs
[2024-01-23T22:22:09.725+0000] {logging_mixin.py:137} INFO - [2024-01-23T22:22:09.725+0000] {dag.py:3427} INFO - Setting next_dagrun for example_task_group to 2024-01-22T22:22:09.725347+00:00, run_after=2024-01-23T22:22:09.725347+00:00
[2024-01-23T22:22:09.757+0000] {processor.py:175} INFO - Processing /home/airflow/.local/lib/python3.7/site-packages/airflow/example_dags/example_task_group.py took 0.122 seconds
[2024-01-23T22:22:39.840+0000] {processor.py:153} INFO - Started process (PID=4097) to work on /home/airflow/.local/lib/python3.7/site-packages/airflow/example_dags/example_task_group.py
[2024-01-23T22:22:39.841+0000] {processor.py:743} INFO - Processing file /home/airflow/.local/lib/python3.7/site-packages/airflow/example_dags/example_task_group.py for tasks to queue
[2024-01-23T22:22:39.841+0000] {logging_mixin.py:137} INFO - [2024-01-23T22:22:39.841+0000] {dagbag.py:538} INFO - Filling up the DagBag from /home/airflow/.local/lib/python3.7/site-packages/airflow/example_dags/example_task_group.py
[2024-01-23T22:22:39.859+0000] {processor.py:753} INFO - DAG(s) dict_keys(['example_task_group']) retrieved from /home/airflow/.local/lib/python3.7/site-packages/airflow/example_dags/example_task_group.py
[2024-01-23T22:22:39.900+0000] {logging_mixin.py:137} INFO - [2024-01-23T22:22:39.899+0000] {dag.py:2676} INFO - Sync 1 DAGs
[2024-01-23T22:22:39.934+0000] {logging_mixin.py:137} INFO - [2024-01-23T22:22:39.934+0000] {dag.py:3427} INFO - Setting next_dagrun for example_task_group to 2024-01-22T22:22:39.934443+00:00, run_after=2024-01-23T22:22:39.934443+00:00
[2024-01-23T22:22:39.955+0000] {processor.py:175} INFO - Processing /home/airflow/.local/lib/python3.7/site-packages/airflow/example_dags/example_task_group.py took 0.118 seconds
[2024-01-23T22:23:10.052+0000] {processor.py:153} INFO - Started process (PID=4197) to work on /home/airflow/.local/lib/python3.7/site-packages/airflow/example_dags/example_task_group.py
[2024-01-23T22:23:10.053+0000] {processor.py:743} INFO - Processing file /home/airflow/.local/lib/python3.7/site-packages/airflow/example_dags/example_task_group.py for tasks to queue
[2024-01-23T22:23:10.054+0000] {logging_mixin.py:137} INFO - [2024-01-23T22:23:10.053+0000] {dagbag.py:538} INFO - Filling up the DagBag from /home/airflow/.local/lib/python3.7/site-packages/airflow/example_dags/example_task_group.py
[2024-01-23T22:23:10.072+0000] {processor.py:753} INFO - DAG(s) dict_keys(['example_task_group']) retrieved from /home/airflow/.local/lib/python3.7/site-packages/airflow/example_dags/example_task_group.py
[2024-01-23T22:23:10.123+0000] {logging_mixin.py:137} INFO - [2024-01-23T22:23:10.122+0000] {dag.py:2676} INFO - Sync 1 DAGs
[2024-01-23T22:23:10.153+0000] {logging_mixin.py:137} INFO - [2024-01-23T22:23:10.152+0000] {dag.py:3427} INFO - Setting next_dagrun for example_task_group to 2024-01-22T22:23:10.152552+00:00, run_after=2024-01-23T22:23:10.152552+00:00
[2024-01-23T22:23:10.172+0000] {processor.py:175} INFO - Processing /home/airflow/.local/lib/python3.7/site-packages/airflow/example_dags/example_task_group.py took 0.123 seconds
[2024-01-23T22:23:40.208+0000] {processor.py:153} INFO - Started process (PID=4278) to work on /home/airflow/.local/lib/python3.7/site-packages/airflow/example_dags/example_task_group.py
[2024-01-23T22:23:40.209+0000] {processor.py:743} INFO - Processing file /home/airflow/.local/lib/python3.7/site-packages/airflow/example_dags/example_task_group.py for tasks to queue
[2024-01-23T22:23:40.209+0000] {logging_mixin.py:137} INFO - [2024-01-23T22:23:40.209+0000] {dagbag.py:538} INFO - Filling up the DagBag from /home/airflow/.local/lib/python3.7/site-packages/airflow/example_dags/example_task_group.py
[2024-01-23T22:23:40.225+0000] {processor.py:753} INFO - DAG(s) dict_keys(['example_task_group']) retrieved from /home/airflow/.local/lib/python3.7/site-packages/airflow/example_dags/example_task_group.py
[2024-01-23T22:23:40.267+0000] {logging_mixin.py:137} INFO - [2024-01-23T22:23:40.267+0000] {dag.py:2676} INFO - Sync 1 DAGs
[2024-01-23T22:23:40.299+0000] {logging_mixin.py:137} INFO - [2024-01-23T22:23:40.299+0000] {dag.py:3427} INFO - Setting next_dagrun for example_task_group to 2024-01-22T22:23:40.298709+00:00, run_after=2024-01-23T22:23:40.298709+00:00
[2024-01-23T22:23:40.325+0000] {processor.py:175} INFO - Processing /home/airflow/.local/lib/python3.7/site-packages/airflow/example_dags/example_task_group.py took 0.120 seconds
[2024-01-23T22:24:10.725+0000] {processor.py:153} INFO - Started process (PID=4365) to work on /home/airflow/.local/lib/python3.7/site-packages/airflow/example_dags/example_task_group.py
[2024-01-23T22:24:10.726+0000] {processor.py:743} INFO - Processing file /home/airflow/.local/lib/python3.7/site-packages/airflow/example_dags/example_task_group.py for tasks to queue
[2024-01-23T22:24:10.727+0000] {logging_mixin.py:137} INFO - [2024-01-23T22:24:10.727+0000] {dagbag.py:538} INFO - Filling up the DagBag from /home/airflow/.local/lib/python3.7/site-packages/airflow/example_dags/example_task_group.py
[2024-01-23T22:24:10.745+0000] {processor.py:753} INFO - DAG(s) dict_keys(['example_task_group']) retrieved from /home/airflow/.local/lib/python3.7/site-packages/airflow/example_dags/example_task_group.py
[2024-01-23T22:24:10.795+0000] {logging_mixin.py:137} INFO - [2024-01-23T22:24:10.795+0000] {dag.py:2676} INFO - Sync 1 DAGs
[2024-01-23T22:24:10.836+0000] {logging_mixin.py:137} INFO - [2024-01-23T22:24:10.835+0000] {dag.py:3427} INFO - Setting next_dagrun for example_task_group to 2024-01-22T22:24:10.835524+00:00, run_after=2024-01-23T22:24:10.835524+00:00
[2024-01-23T22:24:10.857+0000] {processor.py:175} INFO - Processing /home/airflow/.local/lib/python3.7/site-packages/airflow/example_dags/example_task_group.py took 0.134 seconds
[2024-01-23T22:24:41.696+0000] {processor.py:153} INFO - Started process (PID=4458) to work on /home/airflow/.local/lib/python3.7/site-packages/airflow/example_dags/example_task_group.py
[2024-01-23T22:24:41.697+0000] {processor.py:743} INFO - Processing file /home/airflow/.local/lib/python3.7/site-packages/airflow/example_dags/example_task_group.py for tasks to queue
[2024-01-23T22:24:41.697+0000] {logging_mixin.py:137} INFO - [2024-01-23T22:24:41.697+0000] {dagbag.py:538} INFO - Filling up the DagBag from /home/airflow/.local/lib/python3.7/site-packages/airflow/example_dags/example_task_group.py
[2024-01-23T22:24:41.716+0000] {processor.py:753} INFO - DAG(s) dict_keys(['example_task_group']) retrieved from /home/airflow/.local/lib/python3.7/site-packages/airflow/example_dags/example_task_group.py
[2024-01-23T22:24:41.752+0000] {logging_mixin.py:137} INFO - [2024-01-23T22:24:41.751+0000] {dag.py:2676} INFO - Sync 1 DAGs
[2024-01-23T22:24:41.784+0000] {logging_mixin.py:137} INFO - [2024-01-23T22:24:41.784+0000] {dag.py:3427} INFO - Setting next_dagrun for example_task_group to 2024-01-22T22:24:41.784261+00:00, run_after=2024-01-23T22:24:41.784261+00:00
[2024-01-23T22:24:41.805+0000] {processor.py:175} INFO - Processing /home/airflow/.local/lib/python3.7/site-packages/airflow/example_dags/example_task_group.py took 0.111 seconds
[2024-01-23T22:25:12.808+0000] {processor.py:153} INFO - Started process (PID=4538) to work on /home/airflow/.local/lib/python3.7/site-packages/airflow/example_dags/example_task_group.py
[2024-01-23T22:25:12.809+0000] {processor.py:743} INFO - Processing file /home/airflow/.local/lib/python3.7/site-packages/airflow/example_dags/example_task_group.py for tasks to queue
[2024-01-23T22:25:12.810+0000] {logging_mixin.py:137} INFO - [2024-01-23T22:25:12.810+0000] {dagbag.py:538} INFO - Filling up the DagBag from /home/airflow/.local/lib/python3.7/site-packages/airflow/example_dags/example_task_group.py
[2024-01-23T22:25:12.823+0000] {processor.py:753} INFO - DAG(s) dict_keys(['example_task_group']) retrieved from /home/airflow/.local/lib/python3.7/site-packages/airflow/example_dags/example_task_group.py
[2024-01-23T22:25:12.859+0000] {logging_mixin.py:137} INFO - [2024-01-23T22:25:12.859+0000] {dag.py:2676} INFO - Sync 1 DAGs
[2024-01-23T22:25:12.886+0000] {logging_mixin.py:137} INFO - [2024-01-23T22:25:12.885+0000] {dag.py:3427} INFO - Setting next_dagrun for example_task_group to 2024-01-22T22:25:12.885667+00:00, run_after=2024-01-23T22:25:12.885667+00:00
[2024-01-23T22:25:12.907+0000] {processor.py:175} INFO - Processing /home/airflow/.local/lib/python3.7/site-packages/airflow/example_dags/example_task_group.py took 0.101 seconds
[2024-01-23T22:25:43.151+0000] {processor.py:153} INFO - Started process (PID=4638) to work on /home/airflow/.local/lib/python3.7/site-packages/airflow/example_dags/example_task_group.py
[2024-01-23T22:25:43.152+0000] {processor.py:743} INFO - Processing file /home/airflow/.local/lib/python3.7/site-packages/airflow/example_dags/example_task_group.py for tasks to queue
[2024-01-23T22:25:43.153+0000] {logging_mixin.py:137} INFO - [2024-01-23T22:25:43.153+0000] {dagbag.py:538} INFO - Filling up the DagBag from /home/airflow/.local/lib/python3.7/site-packages/airflow/example_dags/example_task_group.py
[2024-01-23T22:25:43.167+0000] {processor.py:753} INFO - DAG(s) dict_keys(['example_task_group']) retrieved from /home/airflow/.local/lib/python3.7/site-packages/airflow/example_dags/example_task_group.py
[2024-01-23T22:25:43.204+0000] {logging_mixin.py:137} INFO - [2024-01-23T22:25:43.204+0000] {dag.py:2676} INFO - Sync 1 DAGs
[2024-01-23T22:25:43.241+0000] {logging_mixin.py:137} INFO - [2024-01-23T22:25:43.241+0000] {dag.py:3427} INFO - Setting next_dagrun for example_task_group to 2024-01-22T22:25:43.241402+00:00, run_after=2024-01-23T22:25:43.241402+00:00
[2024-01-23T22:25:43.267+0000] {processor.py:175} INFO - Processing /home/airflow/.local/lib/python3.7/site-packages/airflow/example_dags/example_task_group.py took 0.118 seconds
[2024-01-23T22:26:13.469+0000] {processor.py:153} INFO - Started process (PID=4717) to work on /home/airflow/.local/lib/python3.7/site-packages/airflow/example_dags/example_task_group.py
[2024-01-23T22:26:13.470+0000] {processor.py:743} INFO - Processing file /home/airflow/.local/lib/python3.7/site-packages/airflow/example_dags/example_task_group.py for tasks to queue
[2024-01-23T22:26:13.471+0000] {logging_mixin.py:137} INFO - [2024-01-23T22:26:13.470+0000] {dagbag.py:538} INFO - Filling up the DagBag from /home/airflow/.local/lib/python3.7/site-packages/airflow/example_dags/example_task_group.py
[2024-01-23T22:26:13.486+0000] {processor.py:753} INFO - DAG(s) dict_keys(['example_task_group']) retrieved from /home/airflow/.local/lib/python3.7/site-packages/airflow/example_dags/example_task_group.py
[2024-01-23T22:26:13.527+0000] {logging_mixin.py:137} INFO - [2024-01-23T22:26:13.527+0000] {dag.py:2676} INFO - Sync 1 DAGs
[2024-01-23T22:26:13.557+0000] {logging_mixin.py:137} INFO - [2024-01-23T22:26:13.557+0000] {dag.py:3427} INFO - Setting next_dagrun for example_task_group to 2024-01-22T22:26:13.556840+00:00, run_after=2024-01-23T22:26:13.556840+00:00
[2024-01-23T22:26:13.585+0000] {processor.py:175} INFO - Processing /home/airflow/.local/lib/python3.7/site-packages/airflow/example_dags/example_task_group.py took 0.118 seconds
[2024-01-23T22:26:43.643+0000] {processor.py:153} INFO - Started process (PID=4797) to work on /home/airflow/.local/lib/python3.7/site-packages/airflow/example_dags/example_task_group.py
[2024-01-23T22:26:43.644+0000] {processor.py:743} INFO - Processing file /home/airflow/.local/lib/python3.7/site-packages/airflow/example_dags/example_task_group.py for tasks to queue
[2024-01-23T22:26:43.644+0000] {logging_mixin.py:137} INFO - [2024-01-23T22:26:43.644+0000] {dagbag.py:538} INFO - Filling up the DagBag from /home/airflow/.local/lib/python3.7/site-packages/airflow/example_dags/example_task_group.py
[2024-01-23T22:26:43.658+0000] {processor.py:753} INFO - DAG(s) dict_keys(['example_task_group']) retrieved from /home/airflow/.local/lib/python3.7/site-packages/airflow/example_dags/example_task_group.py
[2024-01-23T22:26:43.690+0000] {logging_mixin.py:137} INFO - [2024-01-23T22:26:43.690+0000] {dag.py:2676} INFO - Sync 1 DAGs
[2024-01-23T22:26:43.716+0000] {logging_mixin.py:137} INFO - [2024-01-23T22:26:43.716+0000] {dag.py:3427} INFO - Setting next_dagrun for example_task_group to 2024-01-22T22:26:43.715996+00:00, run_after=2024-01-23T22:26:43.715996+00:00
[2024-01-23T22:26:43.738+0000] {processor.py:175} INFO - Processing /home/airflow/.local/lib/python3.7/site-packages/airflow/example_dags/example_task_group.py took 0.098 seconds
[2024-01-23T22:27:13.946+0000] {processor.py:153} INFO - Started process (PID=4897) to work on /home/airflow/.local/lib/python3.7/site-packages/airflow/example_dags/example_task_group.py
[2024-01-23T22:27:13.946+0000] {processor.py:743} INFO - Processing file /home/airflow/.local/lib/python3.7/site-packages/airflow/example_dags/example_task_group.py for tasks to queue
[2024-01-23T22:27:13.947+0000] {logging_mixin.py:137} INFO - [2024-01-23T22:27:13.947+0000] {dagbag.py:538} INFO - Filling up the DagBag from /home/airflow/.local/lib/python3.7/site-packages/airflow/example_dags/example_task_group.py
[2024-01-23T22:27:13.962+0000] {processor.py:753} INFO - DAG(s) dict_keys(['example_task_group']) retrieved from /home/airflow/.local/lib/python3.7/site-packages/airflow/example_dags/example_task_group.py
[2024-01-23T22:27:14.002+0000] {logging_mixin.py:137} INFO - [2024-01-23T22:27:14.002+0000] {dag.py:2676} INFO - Sync 1 DAGs
[2024-01-23T22:27:14.034+0000] {logging_mixin.py:137} INFO - [2024-01-23T22:27:14.034+0000] {dag.py:3427} INFO - Setting next_dagrun for example_task_group to 2024-01-22T22:27:14.033932+00:00, run_after=2024-01-23T22:27:14.033932+00:00
[2024-01-23T22:27:14.055+0000] {processor.py:175} INFO - Processing /home/airflow/.local/lib/python3.7/site-packages/airflow/example_dags/example_task_group.py took 0.112 seconds
[2024-01-23T22:27:44.387+0000] {processor.py:153} INFO - Started process (PID=4977) to work on /home/airflow/.local/lib/python3.7/site-packages/airflow/example_dags/example_task_group.py
[2024-01-23T22:27:44.388+0000] {processor.py:743} INFO - Processing file /home/airflow/.local/lib/python3.7/site-packages/airflow/example_dags/example_task_group.py for tasks to queue
[2024-01-23T22:27:44.388+0000] {logging_mixin.py:137} INFO - [2024-01-23T22:27:44.388+0000] {dagbag.py:538} INFO - Filling up the DagBag from /home/airflow/.local/lib/python3.7/site-packages/airflow/example_dags/example_task_group.py
[2024-01-23T22:27:44.403+0000] {processor.py:753} INFO - DAG(s) dict_keys(['example_task_group']) retrieved from /home/airflow/.local/lib/python3.7/site-packages/airflow/example_dags/example_task_group.py
[2024-01-23T22:27:44.438+0000] {logging_mixin.py:137} INFO - [2024-01-23T22:27:44.438+0000] {dag.py:2676} INFO - Sync 1 DAGs
[2024-01-23T22:27:44.469+0000] {logging_mixin.py:137} INFO - [2024-01-23T22:27:44.469+0000] {dag.py:3427} INFO - Setting next_dagrun for example_task_group to 2024-01-22T22:27:44.469194+00:00, run_after=2024-01-23T22:27:44.469194+00:00
[2024-01-23T22:27:44.491+0000] {processor.py:175} INFO - Processing /home/airflow/.local/lib/python3.7/site-packages/airflow/example_dags/example_task_group.py took 0.106 seconds
[2024-01-23T22:28:14.766+0000] {processor.py:153} INFO - Started process (PID=5066) to work on /home/airflow/.local/lib/python3.7/site-packages/airflow/example_dags/example_task_group.py
[2024-01-23T22:28:14.767+0000] {processor.py:743} INFO - Processing file /home/airflow/.local/lib/python3.7/site-packages/airflow/example_dags/example_task_group.py for tasks to queue
[2024-01-23T22:28:14.768+0000] {logging_mixin.py:137} INFO - [2024-01-23T22:28:14.768+0000] {dagbag.py:538} INFO - Filling up the DagBag from /home/airflow/.local/lib/python3.7/site-packages/airflow/example_dags/example_task_group.py
[2024-01-23T22:28:14.786+0000] {processor.py:753} INFO - DAG(s) dict_keys(['example_task_group']) retrieved from /home/airflow/.local/lib/python3.7/site-packages/airflow/example_dags/example_task_group.py
[2024-01-23T22:28:14.830+0000] {logging_mixin.py:137} INFO - [2024-01-23T22:28:14.830+0000] {dag.py:2676} INFO - Sync 1 DAGs
[2024-01-23T22:28:14.860+0000] {logging_mixin.py:137} INFO - [2024-01-23T22:28:14.860+0000] {dag.py:3427} INFO - Setting next_dagrun for example_task_group to 2024-01-22T22:28:14.860348+00:00, run_after=2024-01-23T22:28:14.860348+00:00
[2024-01-23T22:28:14.885+0000] {processor.py:175} INFO - Processing /home/airflow/.local/lib/python3.7/site-packages/airflow/example_dags/example_task_group.py took 0.121 seconds
[2024-01-23T22:28:45.250+0000] {processor.py:153} INFO - Started process (PID=5157) to work on /home/airflow/.local/lib/python3.7/site-packages/airflow/example_dags/example_task_group.py
[2024-01-23T22:28:45.250+0000] {processor.py:743} INFO - Processing file /home/airflow/.local/lib/python3.7/site-packages/airflow/example_dags/example_task_group.py for tasks to queue
[2024-01-23T22:28:45.251+0000] {logging_mixin.py:137} INFO - [2024-01-23T22:28:45.251+0000] {dagbag.py:538} INFO - Filling up the DagBag from /home/airflow/.local/lib/python3.7/site-packages/airflow/example_dags/example_task_group.py
[2024-01-23T22:28:45.267+0000] {processor.py:753} INFO - DAG(s) dict_keys(['example_task_group']) retrieved from /home/airflow/.local/lib/python3.7/site-packages/airflow/example_dags/example_task_group.py
[2024-01-23T22:28:45.307+0000] {logging_mixin.py:137} INFO - [2024-01-23T22:28:45.307+0000] {dag.py:2676} INFO - Sync 1 DAGs
[2024-01-23T22:28:45.336+0000] {logging_mixin.py:137} INFO - [2024-01-23T22:28:45.336+0000] {dag.py:3427} INFO - Setting next_dagrun for example_task_group to 2024-01-22T22:28:45.335749+00:00, run_after=2024-01-23T22:28:45.335749+00:00
[2024-01-23T22:28:45.360+0000] {processor.py:175} INFO - Processing /home/airflow/.local/lib/python3.7/site-packages/airflow/example_dags/example_task_group.py took 0.113 seconds
[2024-01-23T22:29:15.550+0000] {processor.py:153} INFO - Started process (PID=5237) to work on /home/airflow/.local/lib/python3.7/site-packages/airflow/example_dags/example_task_group.py
[2024-01-23T22:29:15.551+0000] {processor.py:743} INFO - Processing file /home/airflow/.local/lib/python3.7/site-packages/airflow/example_dags/example_task_group.py for tasks to queue
[2024-01-23T22:29:15.551+0000] {logging_mixin.py:137} INFO - [2024-01-23T22:29:15.551+0000] {dagbag.py:538} INFO - Filling up the DagBag from /home/airflow/.local/lib/python3.7/site-packages/airflow/example_dags/example_task_group.py
[2024-01-23T22:29:15.565+0000] {processor.py:753} INFO - DAG(s) dict_keys(['example_task_group']) retrieved from /home/airflow/.local/lib/python3.7/site-packages/airflow/example_dags/example_task_group.py
[2024-01-23T22:29:15.609+0000] {logging_mixin.py:137} INFO - [2024-01-23T22:29:15.609+0000] {dag.py:2676} INFO - Sync 1 DAGs
[2024-01-23T22:29:15.639+0000] {logging_mixin.py:137} INFO - [2024-01-23T22:29:15.639+0000] {dag.py:3427} INFO - Setting next_dagrun for example_task_group to 2024-01-22T22:29:15.638950+00:00, run_after=2024-01-23T22:29:15.638950+00:00
[2024-01-23T22:29:15.660+0000] {processor.py:175} INFO - Processing /home/airflow/.local/lib/python3.7/site-packages/airflow/example_dags/example_task_group.py took 0.112 seconds
[2024-01-23T22:29:46.289+0000] {processor.py:153} INFO - Started process (PID=5336) to work on /home/airflow/.local/lib/python3.7/site-packages/airflow/example_dags/example_task_group.py
[2024-01-23T22:29:46.290+0000] {processor.py:743} INFO - Processing file /home/airflow/.local/lib/python3.7/site-packages/airflow/example_dags/example_task_group.py for tasks to queue
[2024-01-23T22:29:46.291+0000] {logging_mixin.py:137} INFO - [2024-01-23T22:29:46.290+0000] {dagbag.py:538} INFO - Filling up the DagBag from /home/airflow/.local/lib/python3.7/site-packages/airflow/example_dags/example_task_group.py
[2024-01-23T22:29:46.312+0000] {processor.py:753} INFO - DAG(s) dict_keys(['example_task_group']) retrieved from /home/airflow/.local/lib/python3.7/site-packages/airflow/example_dags/example_task_group.py
[2024-01-23T22:29:46.357+0000] {logging_mixin.py:137} INFO - [2024-01-23T22:29:46.357+0000] {dag.py:2676} INFO - Sync 1 DAGs
[2024-01-23T22:29:46.391+0000] {logging_mixin.py:137} INFO - [2024-01-23T22:29:46.390+0000] {dag.py:3427} INFO - Setting next_dagrun for example_task_group to 2024-01-22T22:29:46.390457+00:00, run_after=2024-01-23T22:29:46.390457+00:00
[2024-01-23T22:29:46.415+0000] {processor.py:175} INFO - Processing /home/airflow/.local/lib/python3.7/site-packages/airflow/example_dags/example_task_group.py took 0.129 seconds
[2024-01-23T22:30:16.628+0000] {processor.py:153} INFO - Started process (PID=5415) to work on /home/airflow/.local/lib/python3.7/site-packages/airflow/example_dags/example_task_group.py
[2024-01-23T22:30:16.629+0000] {processor.py:743} INFO - Processing file /home/airflow/.local/lib/python3.7/site-packages/airflow/example_dags/example_task_group.py for tasks to queue
[2024-01-23T22:30:16.629+0000] {logging_mixin.py:137} INFO - [2024-01-23T22:30:16.629+0000] {dagbag.py:538} INFO - Filling up the DagBag from /home/airflow/.local/lib/python3.7/site-packages/airflow/example_dags/example_task_group.py
[2024-01-23T22:30:16.646+0000] {processor.py:753} INFO - DAG(s) dict_keys(['example_task_group']) retrieved from /home/airflow/.local/lib/python3.7/site-packages/airflow/example_dags/example_task_group.py
[2024-01-23T22:30:16.686+0000] {logging_mixin.py:137} INFO - [2024-01-23T22:30:16.686+0000] {dag.py:2676} INFO - Sync 1 DAGs
[2024-01-23T22:30:16.727+0000] {logging_mixin.py:137} INFO - [2024-01-23T22:30:16.727+0000] {dag.py:3427} INFO - Setting next_dagrun for example_task_group to 2024-01-22T22:30:16.727509+00:00, run_after=2024-01-23T22:30:16.727509+00:00
[2024-01-23T22:30:16.754+0000] {processor.py:175} INFO - Processing /home/airflow/.local/lib/python3.7/site-packages/airflow/example_dags/example_task_group.py took 0.128 seconds
[2024-01-23T22:30:46.882+0000] {processor.py:153} INFO - Started process (PID=5495) to work on /home/airflow/.local/lib/python3.7/site-packages/airflow/example_dags/example_task_group.py
[2024-01-23T22:30:46.882+0000] {processor.py:743} INFO - Processing file /home/airflow/.local/lib/python3.7/site-packages/airflow/example_dags/example_task_group.py for tasks to queue
[2024-01-23T22:30:46.883+0000] {logging_mixin.py:137} INFO - [2024-01-23T22:30:46.883+0000] {dagbag.py:538} INFO - Filling up the DagBag from /home/airflow/.local/lib/python3.7/site-packages/airflow/example_dags/example_task_group.py
[2024-01-23T22:30:46.897+0000] {processor.py:753} INFO - DAG(s) dict_keys(['example_task_group']) retrieved from /home/airflow/.local/lib/python3.7/site-packages/airflow/example_dags/example_task_group.py
[2024-01-23T22:30:46.933+0000] {logging_mixin.py:137} INFO - [2024-01-23T22:30:46.933+0000] {dag.py:2676} INFO - Sync 1 DAGs
[2024-01-23T22:30:46.965+0000] {logging_mixin.py:137} INFO - [2024-01-23T22:30:46.965+0000] {dag.py:3427} INFO - Setting next_dagrun for example_task_group to 2024-01-22T22:30:46.965395+00:00, run_after=2024-01-23T22:30:46.965395+00:00
[2024-01-23T22:30:46.988+0000] {processor.py:175} INFO - Processing /home/airflow/.local/lib/python3.7/site-packages/airflow/example_dags/example_task_group.py took 0.109 seconds
[2024-01-23T22:31:17.180+0000] {processor.py:153} INFO - Started process (PID=5595) to work on /home/airflow/.local/lib/python3.7/site-packages/airflow/example_dags/example_task_group.py
[2024-01-23T22:31:17.181+0000] {processor.py:743} INFO - Processing file /home/airflow/.local/lib/python3.7/site-packages/airflow/example_dags/example_task_group.py for tasks to queue
[2024-01-23T22:31:17.181+0000] {logging_mixin.py:137} INFO - [2024-01-23T22:31:17.181+0000] {dagbag.py:538} INFO - Filling up the DagBag from /home/airflow/.local/lib/python3.7/site-packages/airflow/example_dags/example_task_group.py
[2024-01-23T22:31:17.196+0000] {processor.py:753} INFO - DAG(s) dict_keys(['example_task_group']) retrieved from /home/airflow/.local/lib/python3.7/site-packages/airflow/example_dags/example_task_group.py
[2024-01-23T22:31:17.234+0000] {logging_mixin.py:137} INFO - [2024-01-23T22:31:17.234+0000] {dag.py:2676} INFO - Sync 1 DAGs
[2024-01-23T22:31:17.260+0000] {logging_mixin.py:137} INFO - [2024-01-23T22:31:17.260+0000] {dag.py:3427} INFO - Setting next_dagrun for example_task_group to 2024-01-22T22:31:17.259834+00:00, run_after=2024-01-23T22:31:17.259834+00:00
[2024-01-23T22:31:17.283+0000] {processor.py:175} INFO - Processing /home/airflow/.local/lib/python3.7/site-packages/airflow/example_dags/example_task_group.py took 0.105 seconds
[2024-01-23T22:31:47.391+0000] {processor.py:153} INFO - Started process (PID=5676) to work on /home/airflow/.local/lib/python3.7/site-packages/airflow/example_dags/example_task_group.py
[2024-01-23T22:31:47.391+0000] {processor.py:743} INFO - Processing file /home/airflow/.local/lib/python3.7/site-packages/airflow/example_dags/example_task_group.py for tasks to queue
[2024-01-23T22:31:47.392+0000] {logging_mixin.py:137} INFO - [2024-01-23T22:31:47.392+0000] {dagbag.py:538} INFO - Filling up the DagBag from /home/airflow/.local/lib/python3.7/site-packages/airflow/example_dags/example_task_group.py
[2024-01-23T22:31:47.408+0000] {processor.py:753} INFO - DAG(s) dict_keys(['example_task_group']) retrieved from /home/airflow/.local/lib/python3.7/site-packages/airflow/example_dags/example_task_group.py
[2024-01-23T22:31:47.444+0000] {logging_mixin.py:137} INFO - [2024-01-23T22:31:47.444+0000] {dag.py:2676} INFO - Sync 1 DAGs
[2024-01-23T22:31:47.477+0000] {logging_mixin.py:137} INFO - [2024-01-23T22:31:47.476+0000] {dag.py:3427} INFO - Setting next_dagrun for example_task_group to 2024-01-22T22:31:47.476491+00:00, run_after=2024-01-23T22:31:47.476491+00:00
[2024-01-23T22:31:47.505+0000] {processor.py:175} INFO - Processing /home/airflow/.local/lib/python3.7/site-packages/airflow/example_dags/example_task_group.py took 0.117 seconds
