[2024-01-23T21:50:41.087+0000] {processor.py:153} INFO - Started process (PID=79) to work on /home/airflow/.local/lib/python3.7/site-packages/airflow/example_dags/example_latest_only.py
[2024-01-23T21:50:41.088+0000] {processor.py:743} INFO - Processing file /home/airflow/.local/lib/python3.7/site-packages/airflow/example_dags/example_latest_only.py for tasks to queue
[2024-01-23T21:50:41.090+0000] {logging_mixin.py:137} INFO - [2024-01-23T21:50:41.090+0000] {dagbag.py:538} INFO - Filling up the DagBag from /home/airflow/.local/lib/python3.7/site-packages/airflow/example_dags/example_latest_only.py
[2024-01-23T21:50:41.202+0000] {processor.py:753} INFO - DAG(s) dict_keys(['latest_only']) retrieved from /home/airflow/.local/lib/python3.7/site-packages/airflow/example_dags/example_latest_only.py
[2024-01-23T21:50:41.342+0000] {logging_mixin.py:137} INFO - [2024-01-23T21:50:41.342+0000] {dag.py:2676} INFO - Sync 1 DAGs
[2024-01-23T21:50:41.446+0000] {logging_mixin.py:137} INFO - [2024-01-23T21:50:41.446+0000] {dag.py:3427} INFO - Setting next_dagrun for latest_only to 2024-01-23T17:50:41.445181+00:00, run_after=2024-01-23T21:50:41.445181+00:00
[2024-01-23T21:50:41.506+0000] {processor.py:175} INFO - Processing /home/airflow/.local/lib/python3.7/site-packages/airflow/example_dags/example_latest_only.py took 0.437 seconds
[2024-01-23T21:51:11.925+0000] {processor.py:153} INFO - Started process (PID=159) to work on /home/airflow/.local/lib/python3.7/site-packages/airflow/example_dags/example_latest_only.py
[2024-01-23T21:51:11.926+0000] {processor.py:743} INFO - Processing file /home/airflow/.local/lib/python3.7/site-packages/airflow/example_dags/example_latest_only.py for tasks to queue
[2024-01-23T21:51:11.926+0000] {logging_mixin.py:137} INFO - [2024-01-23T21:51:11.926+0000] {dagbag.py:538} INFO - Filling up the DagBag from /home/airflow/.local/lib/python3.7/site-packages/airflow/example_dags/example_latest_only.py
[2024-01-23T21:51:11.942+0000] {processor.py:753} INFO - DAG(s) dict_keys(['latest_only']) retrieved from /home/airflow/.local/lib/python3.7/site-packages/airflow/example_dags/example_latest_only.py
[2024-01-23T21:51:11.978+0000] {logging_mixin.py:137} INFO - [2024-01-23T21:51:11.978+0000] {dag.py:2676} INFO - Sync 1 DAGs
[2024-01-23T21:51:12.010+0000] {logging_mixin.py:137} INFO - [2024-01-23T21:51:12.010+0000] {dag.py:3427} INFO - Setting next_dagrun for latest_only to 2024-01-23T17:51:12.010086+00:00, run_after=2024-01-23T21:51:12.010086+00:00
[2024-01-23T21:51:12.031+0000] {processor.py:175} INFO - Processing /home/airflow/.local/lib/python3.7/site-packages/airflow/example_dags/example_latest_only.py took 0.108 seconds
[2024-01-23T21:51:42.777+0000] {processor.py:153} INFO - Started process (PID=259) to work on /home/airflow/.local/lib/python3.7/site-packages/airflow/example_dags/example_latest_only.py
[2024-01-23T21:51:42.778+0000] {processor.py:743} INFO - Processing file /home/airflow/.local/lib/python3.7/site-packages/airflow/example_dags/example_latest_only.py for tasks to queue
[2024-01-23T21:51:42.779+0000] {logging_mixin.py:137} INFO - [2024-01-23T21:51:42.779+0000] {dagbag.py:538} INFO - Filling up the DagBag from /home/airflow/.local/lib/python3.7/site-packages/airflow/example_dags/example_latest_only.py
[2024-01-23T21:51:42.795+0000] {processor.py:753} INFO - DAG(s) dict_keys(['latest_only']) retrieved from /home/airflow/.local/lib/python3.7/site-packages/airflow/example_dags/example_latest_only.py
[2024-01-23T21:51:42.837+0000] {logging_mixin.py:137} INFO - [2024-01-23T21:51:42.837+0000] {dag.py:2676} INFO - Sync 1 DAGs
[2024-01-23T21:51:42.872+0000] {logging_mixin.py:137} INFO - [2024-01-23T21:51:42.872+0000] {dag.py:3427} INFO - Setting next_dagrun for latest_only to 2024-01-23T17:51:42.871901+00:00, run_after=2024-01-23T21:51:42.871901+00:00
[2024-01-23T21:51:42.895+0000] {processor.py:175} INFO - Processing /home/airflow/.local/lib/python3.7/site-packages/airflow/example_dags/example_latest_only.py took 0.120 seconds
[2024-01-23T21:52:13.261+0000] {processor.py:153} INFO - Started process (PID=339) to work on /home/airflow/.local/lib/python3.7/site-packages/airflow/example_dags/example_latest_only.py
[2024-01-23T21:52:13.262+0000] {processor.py:743} INFO - Processing file /home/airflow/.local/lib/python3.7/site-packages/airflow/example_dags/example_latest_only.py for tasks to queue
[2024-01-23T21:52:13.263+0000] {logging_mixin.py:137} INFO - [2024-01-23T21:52:13.262+0000] {dagbag.py:538} INFO - Filling up the DagBag from /home/airflow/.local/lib/python3.7/site-packages/airflow/example_dags/example_latest_only.py
[2024-01-23T21:52:13.276+0000] {processor.py:753} INFO - DAG(s) dict_keys(['latest_only']) retrieved from /home/airflow/.local/lib/python3.7/site-packages/airflow/example_dags/example_latest_only.py
[2024-01-23T21:52:13.322+0000] {logging_mixin.py:137} INFO - [2024-01-23T21:52:13.322+0000] {dag.py:2676} INFO - Sync 1 DAGs
[2024-01-23T21:52:13.360+0000] {logging_mixin.py:137} INFO - [2024-01-23T21:52:13.360+0000] {dag.py:3427} INFO - Setting next_dagrun for latest_only to 2024-01-23T17:52:13.360185+00:00, run_after=2024-01-23T21:52:13.360185+00:00
[2024-01-23T21:52:13.388+0000] {processor.py:175} INFO - Processing /home/airflow/.local/lib/python3.7/site-packages/airflow/example_dags/example_latest_only.py took 0.130 seconds
[2024-01-23T21:52:43.600+0000] {processor.py:153} INFO - Started process (PID=419) to work on /home/airflow/.local/lib/python3.7/site-packages/airflow/example_dags/example_latest_only.py
[2024-01-23T21:52:43.601+0000] {processor.py:743} INFO - Processing file /home/airflow/.local/lib/python3.7/site-packages/airflow/example_dags/example_latest_only.py for tasks to queue
[2024-01-23T21:52:43.601+0000] {logging_mixin.py:137} INFO - [2024-01-23T21:52:43.601+0000] {dagbag.py:538} INFO - Filling up the DagBag from /home/airflow/.local/lib/python3.7/site-packages/airflow/example_dags/example_latest_only.py
[2024-01-23T21:52:43.616+0000] {processor.py:753} INFO - DAG(s) dict_keys(['latest_only']) retrieved from /home/airflow/.local/lib/python3.7/site-packages/airflow/example_dags/example_latest_only.py
[2024-01-23T21:52:43.651+0000] {logging_mixin.py:137} INFO - [2024-01-23T21:52:43.651+0000] {dag.py:2676} INFO - Sync 1 DAGs
[2024-01-23T21:52:43.677+0000] {logging_mixin.py:137} INFO - [2024-01-23T21:52:43.677+0000] {dag.py:3427} INFO - Setting next_dagrun for latest_only to 2024-01-23T17:52:43.677050+00:00, run_after=2024-01-23T21:52:43.677050+00:00
[2024-01-23T21:52:43.699+0000] {processor.py:175} INFO - Processing /home/airflow/.local/lib/python3.7/site-packages/airflow/example_dags/example_latest_only.py took 0.102 seconds
[2024-01-23T21:53:14.548+0000] {processor.py:153} INFO - Started process (PID=519) to work on /home/airflow/.local/lib/python3.7/site-packages/airflow/example_dags/example_latest_only.py
[2024-01-23T21:53:14.549+0000] {processor.py:743} INFO - Processing file /home/airflow/.local/lib/python3.7/site-packages/airflow/example_dags/example_latest_only.py for tasks to queue
[2024-01-23T21:53:14.549+0000] {logging_mixin.py:137} INFO - [2024-01-23T21:53:14.549+0000] {dagbag.py:538} INFO - Filling up the DagBag from /home/airflow/.local/lib/python3.7/site-packages/airflow/example_dags/example_latest_only.py
[2024-01-23T21:53:14.564+0000] {processor.py:753} INFO - DAG(s) dict_keys(['latest_only']) retrieved from /home/airflow/.local/lib/python3.7/site-packages/airflow/example_dags/example_latest_only.py
[2024-01-23T21:53:14.610+0000] {logging_mixin.py:137} INFO - [2024-01-23T21:53:14.609+0000] {dag.py:2676} INFO - Sync 1 DAGs
[2024-01-23T21:53:14.644+0000] {logging_mixin.py:137} INFO - [2024-01-23T21:53:14.643+0000] {dag.py:3427} INFO - Setting next_dagrun for latest_only to 2024-01-23T17:53:14.643633+00:00, run_after=2024-01-23T21:53:14.643633+00:00
[2024-01-23T21:53:14.666+0000] {processor.py:175} INFO - Processing /home/airflow/.local/lib/python3.7/site-packages/airflow/example_dags/example_latest_only.py took 0.121 seconds
[2024-01-23T21:53:45.174+0000] {processor.py:153} INFO - Started process (PID=599) to work on /home/airflow/.local/lib/python3.7/site-packages/airflow/example_dags/example_latest_only.py
[2024-01-23T21:53:45.175+0000] {processor.py:743} INFO - Processing file /home/airflow/.local/lib/python3.7/site-packages/airflow/example_dags/example_latest_only.py for tasks to queue
[2024-01-23T21:53:45.176+0000] {logging_mixin.py:137} INFO - [2024-01-23T21:53:45.176+0000] {dagbag.py:538} INFO - Filling up the DagBag from /home/airflow/.local/lib/python3.7/site-packages/airflow/example_dags/example_latest_only.py
[2024-01-23T21:53:45.189+0000] {processor.py:753} INFO - DAG(s) dict_keys(['latest_only']) retrieved from /home/airflow/.local/lib/python3.7/site-packages/airflow/example_dags/example_latest_only.py
[2024-01-23T21:53:45.226+0000] {logging_mixin.py:137} INFO - [2024-01-23T21:53:45.225+0000] {dag.py:2676} INFO - Sync 1 DAGs
[2024-01-23T21:53:45.258+0000] {logging_mixin.py:137} INFO - [2024-01-23T21:53:45.258+0000] {dag.py:3427} INFO - Setting next_dagrun for latest_only to 2024-01-23T17:53:45.258065+00:00, run_after=2024-01-23T21:53:45.258065+00:00
[2024-01-23T21:53:45.278+0000] {processor.py:175} INFO - Processing /home/airflow/.local/lib/python3.7/site-packages/airflow/example_dags/example_latest_only.py took 0.106 seconds
[2024-01-23T21:59:16.423+0000] {processor.py:153} INFO - Started process (PID=79) to work on /home/airflow/.local/lib/python3.7/site-packages/airflow/example_dags/example_latest_only.py
[2024-01-23T21:59:16.423+0000] {processor.py:743} INFO - Processing file /home/airflow/.local/lib/python3.7/site-packages/airflow/example_dags/example_latest_only.py for tasks to queue
[2024-01-23T21:59:16.424+0000] {logging_mixin.py:137} INFO - [2024-01-23T21:59:16.424+0000] {dagbag.py:538} INFO - Filling up the DagBag from /home/airflow/.local/lib/python3.7/site-packages/airflow/example_dags/example_latest_only.py
[2024-01-23T21:59:16.444+0000] {processor.py:753} INFO - DAG(s) dict_keys(['latest_only']) retrieved from /home/airflow/.local/lib/python3.7/site-packages/airflow/example_dags/example_latest_only.py
[2024-01-23T21:59:16.492+0000] {logging_mixin.py:137} INFO - [2024-01-23T21:59:16.492+0000] {dag.py:2676} INFO - Sync 1 DAGs
[2024-01-23T21:59:16.549+0000] {logging_mixin.py:137} INFO - [2024-01-23T21:59:16.548+0000] {dag.py:3427} INFO - Setting next_dagrun for latest_only to 2024-01-23T17:59:16.548648+00:00, run_after=2024-01-23T21:59:16.548648+00:00
[2024-01-23T21:59:16.594+0000] {processor.py:175} INFO - Processing /home/airflow/.local/lib/python3.7/site-packages/airflow/example_dags/example_latest_only.py took 0.175 seconds
[2024-01-23T21:59:47.128+0000] {processor.py:153} INFO - Started process (PID=159) to work on /home/airflow/.local/lib/python3.7/site-packages/airflow/example_dags/example_latest_only.py
[2024-01-23T21:59:47.129+0000] {processor.py:743} INFO - Processing file /home/airflow/.local/lib/python3.7/site-packages/airflow/example_dags/example_latest_only.py for tasks to queue
[2024-01-23T21:59:47.129+0000] {logging_mixin.py:137} INFO - [2024-01-23T21:59:47.129+0000] {dagbag.py:538} INFO - Filling up the DagBag from /home/airflow/.local/lib/python3.7/site-packages/airflow/example_dags/example_latest_only.py
[2024-01-23T21:59:47.144+0000] {processor.py:753} INFO - DAG(s) dict_keys(['latest_only']) retrieved from /home/airflow/.local/lib/python3.7/site-packages/airflow/example_dags/example_latest_only.py
[2024-01-23T21:59:47.183+0000] {logging_mixin.py:137} INFO - [2024-01-23T21:59:47.183+0000] {dag.py:2676} INFO - Sync 1 DAGs
[2024-01-23T21:59:47.214+0000] {logging_mixin.py:137} INFO - [2024-01-23T21:59:47.214+0000] {dag.py:3427} INFO - Setting next_dagrun for latest_only to 2024-01-23T17:59:47.214497+00:00, run_after=2024-01-23T21:59:47.214497+00:00
[2024-01-23T21:59:47.234+0000] {processor.py:175} INFO - Processing /home/airflow/.local/lib/python3.7/site-packages/airflow/example_dags/example_latest_only.py took 0.109 seconds
[2024-01-23T22:00:18.152+0000] {processor.py:153} INFO - Started process (PID=259) to work on /home/airflow/.local/lib/python3.7/site-packages/airflow/example_dags/example_latest_only.py
[2024-01-23T22:00:18.153+0000] {processor.py:743} INFO - Processing file /home/airflow/.local/lib/python3.7/site-packages/airflow/example_dags/example_latest_only.py for tasks to queue
[2024-01-23T22:00:18.154+0000] {logging_mixin.py:137} INFO - [2024-01-23T22:00:18.154+0000] {dagbag.py:538} INFO - Filling up the DagBag from /home/airflow/.local/lib/python3.7/site-packages/airflow/example_dags/example_latest_only.py
[2024-01-23T22:00:18.171+0000] {processor.py:753} INFO - DAG(s) dict_keys(['latest_only']) retrieved from /home/airflow/.local/lib/python3.7/site-packages/airflow/example_dags/example_latest_only.py
[2024-01-23T22:00:18.218+0000] {logging_mixin.py:137} INFO - [2024-01-23T22:00:18.218+0000] {dag.py:2676} INFO - Sync 1 DAGs
[2024-01-23T22:00:18.249+0000] {logging_mixin.py:137} INFO - [2024-01-23T22:00:18.248+0000] {dag.py:3427} INFO - Setting next_dagrun for latest_only to 2024-01-23T18:00:18.248606+00:00, run_after=2024-01-23T22:00:18.248606+00:00
[2024-01-23T22:00:18.273+0000] {processor.py:175} INFO - Processing /home/airflow/.local/lib/python3.7/site-packages/airflow/example_dags/example_latest_only.py took 0.123 seconds
[2024-01-23T22:00:48.336+0000] {processor.py:153} INFO - Started process (PID=339) to work on /home/airflow/.local/lib/python3.7/site-packages/airflow/example_dags/example_latest_only.py
[2024-01-23T22:00:48.337+0000] {processor.py:743} INFO - Processing file /home/airflow/.local/lib/python3.7/site-packages/airflow/example_dags/example_latest_only.py for tasks to queue
[2024-01-23T22:00:48.338+0000] {logging_mixin.py:137} INFO - [2024-01-23T22:00:48.337+0000] {dagbag.py:538} INFO - Filling up the DagBag from /home/airflow/.local/lib/python3.7/site-packages/airflow/example_dags/example_latest_only.py
[2024-01-23T22:00:48.351+0000] {processor.py:753} INFO - DAG(s) dict_keys(['latest_only']) retrieved from /home/airflow/.local/lib/python3.7/site-packages/airflow/example_dags/example_latest_only.py
[2024-01-23T22:00:48.386+0000] {logging_mixin.py:137} INFO - [2024-01-23T22:00:48.386+0000] {dag.py:2676} INFO - Sync 1 DAGs
[2024-01-23T22:00:48.410+0000] {logging_mixin.py:137} INFO - [2024-01-23T22:00:48.410+0000] {dag.py:3427} INFO - Setting next_dagrun for latest_only to 2024-01-23T18:00:48.410065+00:00, run_after=2024-01-23T22:00:48.410065+00:00
[2024-01-23T22:00:48.429+0000] {processor.py:175} INFO - Processing /home/airflow/.local/lib/python3.7/site-packages/airflow/example_dags/example_latest_only.py took 0.096 seconds
[2024-01-23T22:01:19.383+0000] {processor.py:153} INFO - Started process (PID=419) to work on /home/airflow/.local/lib/python3.7/site-packages/airflow/example_dags/example_latest_only.py
[2024-01-23T22:01:19.384+0000] {processor.py:743} INFO - Processing file /home/airflow/.local/lib/python3.7/site-packages/airflow/example_dags/example_latest_only.py for tasks to queue
[2024-01-23T22:01:19.384+0000] {logging_mixin.py:137} INFO - [2024-01-23T22:01:19.384+0000] {dagbag.py:538} INFO - Filling up the DagBag from /home/airflow/.local/lib/python3.7/site-packages/airflow/example_dags/example_latest_only.py
[2024-01-23T22:01:19.396+0000] {processor.py:753} INFO - DAG(s) dict_keys(['latest_only']) retrieved from /home/airflow/.local/lib/python3.7/site-packages/airflow/example_dags/example_latest_only.py
[2024-01-23T22:01:19.435+0000] {logging_mixin.py:137} INFO - [2024-01-23T22:01:19.435+0000] {dag.py:2676} INFO - Sync 1 DAGs
[2024-01-23T22:01:19.467+0000] {logging_mixin.py:137} INFO - [2024-01-23T22:01:19.467+0000] {dag.py:3427} INFO - Setting next_dagrun for latest_only to 2024-01-23T18:01:19.467006+00:00, run_after=2024-01-23T22:01:19.467006+00:00
[2024-01-23T22:01:19.496+0000] {processor.py:175} INFO - Processing /home/airflow/.local/lib/python3.7/site-packages/airflow/example_dags/example_latest_only.py took 0.115 seconds
[2024-01-23T22:01:49.859+0000] {processor.py:153} INFO - Started process (PID=519) to work on /home/airflow/.local/lib/python3.7/site-packages/airflow/example_dags/example_latest_only.py
[2024-01-23T22:01:49.860+0000] {processor.py:743} INFO - Processing file /home/airflow/.local/lib/python3.7/site-packages/airflow/example_dags/example_latest_only.py for tasks to queue
[2024-01-23T22:01:49.860+0000] {logging_mixin.py:137} INFO - [2024-01-23T22:01:49.860+0000] {dagbag.py:538} INFO - Filling up the DagBag from /home/airflow/.local/lib/python3.7/site-packages/airflow/example_dags/example_latest_only.py
[2024-01-23T22:01:49.873+0000] {processor.py:753} INFO - DAG(s) dict_keys(['latest_only']) retrieved from /home/airflow/.local/lib/python3.7/site-packages/airflow/example_dags/example_latest_only.py
[2024-01-23T22:01:49.916+0000] {logging_mixin.py:137} INFO - [2024-01-23T22:01:49.915+0000] {dag.py:2676} INFO - Sync 1 DAGs
[2024-01-23T22:01:49.950+0000] {logging_mixin.py:137} INFO - [2024-01-23T22:01:49.950+0000] {dag.py:3427} INFO - Setting next_dagrun for latest_only to 2024-01-23T18:01:49.950022+00:00, run_after=2024-01-23T22:01:49.950022+00:00
[2024-01-23T22:01:49.973+0000] {processor.py:175} INFO - Processing /home/airflow/.local/lib/python3.7/site-packages/airflow/example_dags/example_latest_only.py took 0.118 seconds
[2024-01-23T22:02:20.182+0000] {processor.py:153} INFO - Started process (PID=599) to work on /home/airflow/.local/lib/python3.7/site-packages/airflow/example_dags/example_latest_only.py
[2024-01-23T22:02:20.183+0000] {processor.py:743} INFO - Processing file /home/airflow/.local/lib/python3.7/site-packages/airflow/example_dags/example_latest_only.py for tasks to queue
[2024-01-23T22:02:20.184+0000] {logging_mixin.py:137} INFO - [2024-01-23T22:02:20.183+0000] {dagbag.py:538} INFO - Filling up the DagBag from /home/airflow/.local/lib/python3.7/site-packages/airflow/example_dags/example_latest_only.py
[2024-01-23T22:02:20.198+0000] {processor.py:753} INFO - DAG(s) dict_keys(['latest_only']) retrieved from /home/airflow/.local/lib/python3.7/site-packages/airflow/example_dags/example_latest_only.py
[2024-01-23T22:02:20.241+0000] {logging_mixin.py:137} INFO - [2024-01-23T22:02:20.241+0000] {dag.py:2676} INFO - Sync 1 DAGs
[2024-01-23T22:02:20.272+0000] {logging_mixin.py:137} INFO - [2024-01-23T22:02:20.272+0000] {dag.py:3427} INFO - Setting next_dagrun for latest_only to 2024-01-23T18:02:20.271967+00:00, run_after=2024-01-23T22:02:20.271967+00:00
[2024-01-23T22:02:20.299+0000] {processor.py:175} INFO - Processing /home/airflow/.local/lib/python3.7/site-packages/airflow/example_dags/example_latest_only.py took 0.120 seconds
[2024-01-23T22:02:50.420+0000] {processor.py:153} INFO - Started process (PID=679) to work on /home/airflow/.local/lib/python3.7/site-packages/airflow/example_dags/example_latest_only.py
[2024-01-23T22:02:50.421+0000] {processor.py:743} INFO - Processing file /home/airflow/.local/lib/python3.7/site-packages/airflow/example_dags/example_latest_only.py for tasks to queue
[2024-01-23T22:02:50.422+0000] {logging_mixin.py:137} INFO - [2024-01-23T22:02:50.422+0000] {dagbag.py:538} INFO - Filling up the DagBag from /home/airflow/.local/lib/python3.7/site-packages/airflow/example_dags/example_latest_only.py
[2024-01-23T22:02:50.437+0000] {processor.py:753} INFO - DAG(s) dict_keys(['latest_only']) retrieved from /home/airflow/.local/lib/python3.7/site-packages/airflow/example_dags/example_latest_only.py
[2024-01-23T22:02:50.477+0000] {logging_mixin.py:137} INFO - [2024-01-23T22:02:50.476+0000] {dag.py:2676} INFO - Sync 1 DAGs
[2024-01-23T22:02:50.507+0000] {logging_mixin.py:137} INFO - [2024-01-23T22:02:50.507+0000] {dag.py:3427} INFO - Setting next_dagrun for latest_only to 2024-01-23T18:02:50.507503+00:00, run_after=2024-01-23T22:02:50.507503+00:00
[2024-01-23T22:02:50.531+0000] {processor.py:175} INFO - Processing /home/airflow/.local/lib/python3.7/site-packages/airflow/example_dags/example_latest_only.py took 0.113 seconds
[2024-01-23T22:03:20.737+0000] {processor.py:153} INFO - Started process (PID=779) to work on /home/airflow/.local/lib/python3.7/site-packages/airflow/example_dags/example_latest_only.py
[2024-01-23T22:03:20.737+0000] {processor.py:743} INFO - Processing file /home/airflow/.local/lib/python3.7/site-packages/airflow/example_dags/example_latest_only.py for tasks to queue
[2024-01-23T22:03:20.738+0000] {logging_mixin.py:137} INFO - [2024-01-23T22:03:20.738+0000] {dagbag.py:538} INFO - Filling up the DagBag from /home/airflow/.local/lib/python3.7/site-packages/airflow/example_dags/example_latest_only.py
[2024-01-23T22:03:20.756+0000] {processor.py:753} INFO - DAG(s) dict_keys(['latest_only']) retrieved from /home/airflow/.local/lib/python3.7/site-packages/airflow/example_dags/example_latest_only.py
[2024-01-23T22:03:20.803+0000] {logging_mixin.py:137} INFO - [2024-01-23T22:03:20.803+0000] {dag.py:2676} INFO - Sync 1 DAGs
[2024-01-23T22:03:20.835+0000] {logging_mixin.py:137} INFO - [2024-01-23T22:03:20.835+0000] {dag.py:3427} INFO - Setting next_dagrun for latest_only to 2024-01-23T18:03:20.834947+00:00, run_after=2024-01-23T22:03:20.834947+00:00
[2024-01-23T22:03:20.863+0000] {processor.py:175} INFO - Processing /home/airflow/.local/lib/python3.7/site-packages/airflow/example_dags/example_latest_only.py took 0.130 seconds
[2024-01-23T22:03:51.123+0000] {processor.py:153} INFO - Started process (PID=859) to work on /home/airflow/.local/lib/python3.7/site-packages/airflow/example_dags/example_latest_only.py
[2024-01-23T22:03:51.124+0000] {processor.py:743} INFO - Processing file /home/airflow/.local/lib/python3.7/site-packages/airflow/example_dags/example_latest_only.py for tasks to queue
[2024-01-23T22:03:51.125+0000] {logging_mixin.py:137} INFO - [2024-01-23T22:03:51.125+0000] {dagbag.py:538} INFO - Filling up the DagBag from /home/airflow/.local/lib/python3.7/site-packages/airflow/example_dags/example_latest_only.py
[2024-01-23T22:03:51.137+0000] {processor.py:753} INFO - DAG(s) dict_keys(['latest_only']) retrieved from /home/airflow/.local/lib/python3.7/site-packages/airflow/example_dags/example_latest_only.py
[2024-01-23T22:03:51.176+0000] {logging_mixin.py:137} INFO - [2024-01-23T22:03:51.176+0000] {dag.py:2676} INFO - Sync 1 DAGs
[2024-01-23T22:03:51.208+0000] {logging_mixin.py:137} INFO - [2024-01-23T22:03:51.208+0000] {dag.py:3427} INFO - Setting next_dagrun for latest_only to 2024-01-23T18:03:51.207903+00:00, run_after=2024-01-23T22:03:51.207903+00:00
[2024-01-23T22:03:51.237+0000] {processor.py:175} INFO - Processing /home/airflow/.local/lib/python3.7/site-packages/airflow/example_dags/example_latest_only.py took 0.117 seconds
[2024-01-23T22:04:21.427+0000] {processor.py:153} INFO - Started process (PID=939) to work on /home/airflow/.local/lib/python3.7/site-packages/airflow/example_dags/example_latest_only.py
[2024-01-23T22:04:21.427+0000] {processor.py:743} INFO - Processing file /home/airflow/.local/lib/python3.7/site-packages/airflow/example_dags/example_latest_only.py for tasks to queue
[2024-01-23T22:04:21.428+0000] {logging_mixin.py:137} INFO - [2024-01-23T22:04:21.428+0000] {dagbag.py:538} INFO - Filling up the DagBag from /home/airflow/.local/lib/python3.7/site-packages/airflow/example_dags/example_latest_only.py
[2024-01-23T22:04:21.440+0000] {processor.py:753} INFO - DAG(s) dict_keys(['latest_only']) retrieved from /home/airflow/.local/lib/python3.7/site-packages/airflow/example_dags/example_latest_only.py
[2024-01-23T22:04:21.479+0000] {logging_mixin.py:137} INFO - [2024-01-23T22:04:21.479+0000] {dag.py:2676} INFO - Sync 1 DAGs
[2024-01-23T22:04:21.508+0000] {logging_mixin.py:137} INFO - [2024-01-23T22:04:21.508+0000] {dag.py:3427} INFO - Setting next_dagrun for latest_only to 2024-01-23T18:04:21.507906+00:00, run_after=2024-01-23T22:04:21.507906+00:00
[2024-01-23T22:04:21.531+0000] {processor.py:175} INFO - Processing /home/airflow/.local/lib/python3.7/site-packages/airflow/example_dags/example_latest_only.py took 0.107 seconds
[2024-01-23T22:04:52.341+0000] {processor.py:153} INFO - Started process (PID=1039) to work on /home/airflow/.local/lib/python3.7/site-packages/airflow/example_dags/example_latest_only.py
[2024-01-23T22:04:52.342+0000] {processor.py:743} INFO - Processing file /home/airflow/.local/lib/python3.7/site-packages/airflow/example_dags/example_latest_only.py for tasks to queue
[2024-01-23T22:04:52.343+0000] {logging_mixin.py:137} INFO - [2024-01-23T22:04:52.343+0000] {dagbag.py:538} INFO - Filling up the DagBag from /home/airflow/.local/lib/python3.7/site-packages/airflow/example_dags/example_latest_only.py
[2024-01-23T22:04:52.356+0000] {processor.py:753} INFO - DAG(s) dict_keys(['latest_only']) retrieved from /home/airflow/.local/lib/python3.7/site-packages/airflow/example_dags/example_latest_only.py
[2024-01-23T22:04:52.396+0000] {logging_mixin.py:137} INFO - [2024-01-23T22:04:52.395+0000] {dag.py:2676} INFO - Sync 1 DAGs
[2024-01-23T22:04:52.425+0000] {logging_mixin.py:137} INFO - [2024-01-23T22:04:52.425+0000] {dag.py:3427} INFO - Setting next_dagrun for latest_only to 2024-01-23T18:04:52.425120+00:00, run_after=2024-01-23T22:04:52.425120+00:00
[2024-01-23T22:04:52.446+0000] {processor.py:175} INFO - Processing /home/airflow/.local/lib/python3.7/site-packages/airflow/example_dags/example_latest_only.py took 0.107 seconds
[2024-01-23T22:05:22.618+0000] {processor.py:153} INFO - Started process (PID=1119) to work on /home/airflow/.local/lib/python3.7/site-packages/airflow/example_dags/example_latest_only.py
[2024-01-23T22:05:22.618+0000] {processor.py:743} INFO - Processing file /home/airflow/.local/lib/python3.7/site-packages/airflow/example_dags/example_latest_only.py for tasks to queue
[2024-01-23T22:05:22.619+0000] {logging_mixin.py:137} INFO - [2024-01-23T22:05:22.619+0000] {dagbag.py:538} INFO - Filling up the DagBag from /home/airflow/.local/lib/python3.7/site-packages/airflow/example_dags/example_latest_only.py
[2024-01-23T22:05:22.635+0000] {processor.py:753} INFO - DAG(s) dict_keys(['latest_only']) retrieved from /home/airflow/.local/lib/python3.7/site-packages/airflow/example_dags/example_latest_only.py
[2024-01-23T22:05:22.674+0000] {logging_mixin.py:137} INFO - [2024-01-23T22:05:22.673+0000] {dag.py:2676} INFO - Sync 1 DAGs
[2024-01-23T22:05:22.702+0000] {logging_mixin.py:137} INFO - [2024-01-23T22:05:22.702+0000] {dag.py:3427} INFO - Setting next_dagrun for latest_only to 2024-01-23T18:05:22.702162+00:00, run_after=2024-01-23T22:05:22.702162+00:00
[2024-01-23T22:05:22.729+0000] {processor.py:175} INFO - Processing /home/airflow/.local/lib/python3.7/site-packages/airflow/example_dags/example_latest_only.py took 0.114 seconds
[2024-01-23T22:05:52.804+0000] {processor.py:153} INFO - Started process (PID=1199) to work on /home/airflow/.local/lib/python3.7/site-packages/airflow/example_dags/example_latest_only.py
[2024-01-23T22:05:52.805+0000] {processor.py:743} INFO - Processing file /home/airflow/.local/lib/python3.7/site-packages/airflow/example_dags/example_latest_only.py for tasks to queue
[2024-01-23T22:05:52.806+0000] {logging_mixin.py:137} INFO - [2024-01-23T22:05:52.805+0000] {dagbag.py:538} INFO - Filling up the DagBag from /home/airflow/.local/lib/python3.7/site-packages/airflow/example_dags/example_latest_only.py
[2024-01-23T22:05:52.821+0000] {processor.py:753} INFO - DAG(s) dict_keys(['latest_only']) retrieved from /home/airflow/.local/lib/python3.7/site-packages/airflow/example_dags/example_latest_only.py
[2024-01-23T22:05:52.869+0000] {logging_mixin.py:137} INFO - [2024-01-23T22:05:52.869+0000] {dag.py:2676} INFO - Sync 1 DAGs
[2024-01-23T22:05:52.907+0000] {logging_mixin.py:137} INFO - [2024-01-23T22:05:52.906+0000] {dag.py:3427} INFO - Setting next_dagrun for latest_only to 2024-01-23T18:05:52.906456+00:00, run_after=2024-01-23T22:05:52.906456+00:00
[2024-01-23T22:05:52.932+0000] {processor.py:175} INFO - Processing /home/airflow/.local/lib/python3.7/site-packages/airflow/example_dags/example_latest_only.py took 0.131 seconds
[2024-01-23T22:06:23.330+0000] {processor.py:153} INFO - Started process (PID=1299) to work on /home/airflow/.local/lib/python3.7/site-packages/airflow/example_dags/example_latest_only.py
[2024-01-23T22:06:23.331+0000] {processor.py:743} INFO - Processing file /home/airflow/.local/lib/python3.7/site-packages/airflow/example_dags/example_latest_only.py for tasks to queue
[2024-01-23T22:06:23.331+0000] {logging_mixin.py:137} INFO - [2024-01-23T22:06:23.331+0000] {dagbag.py:538} INFO - Filling up the DagBag from /home/airflow/.local/lib/python3.7/site-packages/airflow/example_dags/example_latest_only.py
[2024-01-23T22:06:23.342+0000] {processor.py:753} INFO - DAG(s) dict_keys(['latest_only']) retrieved from /home/airflow/.local/lib/python3.7/site-packages/airflow/example_dags/example_latest_only.py
[2024-01-23T22:06:23.378+0000] {logging_mixin.py:137} INFO - [2024-01-23T22:06:23.378+0000] {dag.py:2676} INFO - Sync 1 DAGs
[2024-01-23T22:06:23.405+0000] {logging_mixin.py:137} INFO - [2024-01-23T22:06:23.405+0000] {dag.py:3427} INFO - Setting next_dagrun for latest_only to 2024-01-23T18:06:23.404975+00:00, run_after=2024-01-23T22:06:23.404975+00:00
[2024-01-23T22:06:23.430+0000] {processor.py:175} INFO - Processing /home/airflow/.local/lib/python3.7/site-packages/airflow/example_dags/example_latest_only.py took 0.102 seconds
[2024-01-23T22:06:54.389+0000] {processor.py:153} INFO - Started process (PID=1379) to work on /home/airflow/.local/lib/python3.7/site-packages/airflow/example_dags/example_latest_only.py
[2024-01-23T22:06:54.390+0000] {processor.py:743} INFO - Processing file /home/airflow/.local/lib/python3.7/site-packages/airflow/example_dags/example_latest_only.py for tasks to queue
[2024-01-23T22:06:54.391+0000] {logging_mixin.py:137} INFO - [2024-01-23T22:06:54.391+0000] {dagbag.py:538} INFO - Filling up the DagBag from /home/airflow/.local/lib/python3.7/site-packages/airflow/example_dags/example_latest_only.py
[2024-01-23T22:06:54.405+0000] {processor.py:753} INFO - DAG(s) dict_keys(['latest_only']) retrieved from /home/airflow/.local/lib/python3.7/site-packages/airflow/example_dags/example_latest_only.py
[2024-01-23T22:06:54.442+0000] {logging_mixin.py:137} INFO - [2024-01-23T22:06:54.441+0000] {dag.py:2676} INFO - Sync 1 DAGs
[2024-01-23T22:06:54.469+0000] {logging_mixin.py:137} INFO - [2024-01-23T22:06:54.469+0000] {dag.py:3427} INFO - Setting next_dagrun for latest_only to 2024-01-23T18:06:54.469272+00:00, run_after=2024-01-23T22:06:54.469272+00:00
[2024-01-23T22:06:54.491+0000] {processor.py:175} INFO - Processing /home/airflow/.local/lib/python3.7/site-packages/airflow/example_dags/example_latest_only.py took 0.104 seconds
[2024-01-23T22:07:24.776+0000] {processor.py:153} INFO - Started process (PID=1468) to work on /home/airflow/.local/lib/python3.7/site-packages/airflow/example_dags/example_latest_only.py
[2024-01-23T22:07:24.777+0000] {processor.py:743} INFO - Processing file /home/airflow/.local/lib/python3.7/site-packages/airflow/example_dags/example_latest_only.py for tasks to queue
[2024-01-23T22:07:24.778+0000] {logging_mixin.py:137} INFO - [2024-01-23T22:07:24.778+0000] {dagbag.py:538} INFO - Filling up the DagBag from /home/airflow/.local/lib/python3.7/site-packages/airflow/example_dags/example_latest_only.py
[2024-01-23T22:07:24.791+0000] {processor.py:753} INFO - DAG(s) dict_keys(['latest_only']) retrieved from /home/airflow/.local/lib/python3.7/site-packages/airflow/example_dags/example_latest_only.py
[2024-01-23T22:07:24.832+0000] {logging_mixin.py:137} INFO - [2024-01-23T22:07:24.832+0000] {dag.py:2676} INFO - Sync 1 DAGs
[2024-01-23T22:07:24.866+0000] {logging_mixin.py:137} INFO - [2024-01-23T22:07:24.865+0000] {dag.py:3427} INFO - Setting next_dagrun for latest_only to 2024-01-23T18:07:24.865475+00:00, run_after=2024-01-23T22:07:24.865475+00:00
[2024-01-23T22:07:24.891+0000] {processor.py:175} INFO - Processing /home/airflow/.local/lib/python3.7/site-packages/airflow/example_dags/example_latest_only.py took 0.117 seconds
[2024-01-23T22:07:55.278+0000] {processor.py:153} INFO - Started process (PID=1559) to work on /home/airflow/.local/lib/python3.7/site-packages/airflow/example_dags/example_latest_only.py
[2024-01-23T22:07:55.278+0000] {processor.py:743} INFO - Processing file /home/airflow/.local/lib/python3.7/site-packages/airflow/example_dags/example_latest_only.py for tasks to queue
[2024-01-23T22:07:55.279+0000] {logging_mixin.py:137} INFO - [2024-01-23T22:07:55.279+0000] {dagbag.py:538} INFO - Filling up the DagBag from /home/airflow/.local/lib/python3.7/site-packages/airflow/example_dags/example_latest_only.py
[2024-01-23T22:07:55.294+0000] {processor.py:753} INFO - DAG(s) dict_keys(['latest_only']) retrieved from /home/airflow/.local/lib/python3.7/site-packages/airflow/example_dags/example_latest_only.py
[2024-01-23T22:07:55.334+0000] {logging_mixin.py:137} INFO - [2024-01-23T22:07:55.334+0000] {dag.py:2676} INFO - Sync 1 DAGs
[2024-01-23T22:07:55.363+0000] {logging_mixin.py:137} INFO - [2024-01-23T22:07:55.363+0000] {dag.py:3427} INFO - Setting next_dagrun for latest_only to 2024-01-23T18:07:55.363558+00:00, run_after=2024-01-23T22:07:55.363558+00:00
[2024-01-23T22:07:55.391+0000] {processor.py:175} INFO - Processing /home/airflow/.local/lib/python3.7/site-packages/airflow/example_dags/example_latest_only.py took 0.116 seconds
[2024-01-23T22:08:25.444+0000] {processor.py:153} INFO - Started process (PID=1639) to work on /home/airflow/.local/lib/python3.7/site-packages/airflow/example_dags/example_latest_only.py
[2024-01-23T22:08:25.444+0000] {processor.py:743} INFO - Processing file /home/airflow/.local/lib/python3.7/site-packages/airflow/example_dags/example_latest_only.py for tasks to queue
[2024-01-23T22:08:25.445+0000] {logging_mixin.py:137} INFO - [2024-01-23T22:08:25.445+0000] {dagbag.py:538} INFO - Filling up the DagBag from /home/airflow/.local/lib/python3.7/site-packages/airflow/example_dags/example_latest_only.py
[2024-01-23T22:08:25.456+0000] {processor.py:753} INFO - DAG(s) dict_keys(['latest_only']) retrieved from /home/airflow/.local/lib/python3.7/site-packages/airflow/example_dags/example_latest_only.py
[2024-01-23T22:08:25.495+0000] {logging_mixin.py:137} INFO - [2024-01-23T22:08:25.495+0000] {dag.py:2676} INFO - Sync 1 DAGs
[2024-01-23T22:08:25.522+0000] {logging_mixin.py:137} INFO - [2024-01-23T22:08:25.521+0000] {dag.py:3427} INFO - Setting next_dagrun for latest_only to 2024-01-23T18:08:25.521769+00:00, run_after=2024-01-23T22:08:25.521769+00:00
[2024-01-23T22:08:25.541+0000] {processor.py:175} INFO - Processing /home/airflow/.local/lib/python3.7/site-packages/airflow/example_dags/example_latest_only.py took 0.100 seconds
[2024-01-23T22:08:55.877+0000] {processor.py:153} INFO - Started process (PID=1739) to work on /home/airflow/.local/lib/python3.7/site-packages/airflow/example_dags/example_latest_only.py
[2024-01-23T22:08:55.878+0000] {processor.py:743} INFO - Processing file /home/airflow/.local/lib/python3.7/site-packages/airflow/example_dags/example_latest_only.py for tasks to queue
[2024-01-23T22:08:55.879+0000] {logging_mixin.py:137} INFO - [2024-01-23T22:08:55.879+0000] {dagbag.py:538} INFO - Filling up the DagBag from /home/airflow/.local/lib/python3.7/site-packages/airflow/example_dags/example_latest_only.py
[2024-01-23T22:08:55.895+0000] {processor.py:753} INFO - DAG(s) dict_keys(['latest_only']) retrieved from /home/airflow/.local/lib/python3.7/site-packages/airflow/example_dags/example_latest_only.py
[2024-01-23T22:08:55.944+0000] {logging_mixin.py:137} INFO - [2024-01-23T22:08:55.943+0000] {dag.py:2676} INFO - Sync 1 DAGs
[2024-01-23T22:08:55.982+0000] {logging_mixin.py:137} INFO - [2024-01-23T22:08:55.982+0000] {dag.py:3427} INFO - Setting next_dagrun for latest_only to 2024-01-23T18:08:55.982135+00:00, run_after=2024-01-23T22:08:55.982135+00:00
[2024-01-23T22:08:56.014+0000] {processor.py:175} INFO - Processing /home/airflow/.local/lib/python3.7/site-packages/airflow/example_dags/example_latest_only.py took 0.139 seconds
[2024-01-23T22:09:26.858+0000] {processor.py:153} INFO - Started process (PID=1819) to work on /home/airflow/.local/lib/python3.7/site-packages/airflow/example_dags/example_latest_only.py
[2024-01-23T22:09:26.858+0000] {processor.py:743} INFO - Processing file /home/airflow/.local/lib/python3.7/site-packages/airflow/example_dags/example_latest_only.py for tasks to queue
[2024-01-23T22:09:26.859+0000] {logging_mixin.py:137} INFO - [2024-01-23T22:09:26.859+0000] {dagbag.py:538} INFO - Filling up the DagBag from /home/airflow/.local/lib/python3.7/site-packages/airflow/example_dags/example_latest_only.py
[2024-01-23T22:09:26.875+0000] {processor.py:753} INFO - DAG(s) dict_keys(['latest_only']) retrieved from /home/airflow/.local/lib/python3.7/site-packages/airflow/example_dags/example_latest_only.py
[2024-01-23T22:09:26.917+0000] {logging_mixin.py:137} INFO - [2024-01-23T22:09:26.916+0000] {dag.py:2676} INFO - Sync 1 DAGs
[2024-01-23T22:09:26.948+0000] {logging_mixin.py:137} INFO - [2024-01-23T22:09:26.948+0000] {dag.py:3427} INFO - Setting next_dagrun for latest_only to 2024-01-23T18:09:26.947813+00:00, run_after=2024-01-23T22:09:26.947813+00:00
[2024-01-23T22:09:26.969+0000] {processor.py:175} INFO - Processing /home/airflow/.local/lib/python3.7/site-packages/airflow/example_dags/example_latest_only.py took 0.114 seconds
[2024-01-23T22:09:57.668+0000] {processor.py:153} INFO - Started process (PID=1899) to work on /home/airflow/.local/lib/python3.7/site-packages/airflow/example_dags/example_latest_only.py
[2024-01-23T22:09:57.668+0000] {processor.py:743} INFO - Processing file /home/airflow/.local/lib/python3.7/site-packages/airflow/example_dags/example_latest_only.py for tasks to queue
[2024-01-23T22:09:57.669+0000] {logging_mixin.py:137} INFO - [2024-01-23T22:09:57.669+0000] {dagbag.py:538} INFO - Filling up the DagBag from /home/airflow/.local/lib/python3.7/site-packages/airflow/example_dags/example_latest_only.py
[2024-01-23T22:09:57.681+0000] {processor.py:753} INFO - DAG(s) dict_keys(['latest_only']) retrieved from /home/airflow/.local/lib/python3.7/site-packages/airflow/example_dags/example_latest_only.py
[2024-01-23T22:09:57.723+0000] {logging_mixin.py:137} INFO - [2024-01-23T22:09:57.723+0000] {dag.py:2676} INFO - Sync 1 DAGs
[2024-01-23T22:09:57.750+0000] {logging_mixin.py:137} INFO - [2024-01-23T22:09:57.750+0000] {dag.py:3427} INFO - Setting next_dagrun for latest_only to 2024-01-23T18:09:57.750343+00:00, run_after=2024-01-23T22:09:57.750343+00:00
[2024-01-23T22:09:57.786+0000] {processor.py:175} INFO - Processing /home/airflow/.local/lib/python3.7/site-packages/airflow/example_dags/example_latest_only.py took 0.120 seconds
[2024-01-23T22:10:27.956+0000] {processor.py:153} INFO - Started process (PID=1998) to work on /home/airflow/.local/lib/python3.7/site-packages/airflow/example_dags/example_latest_only.py
[2024-01-23T22:10:27.957+0000] {processor.py:743} INFO - Processing file /home/airflow/.local/lib/python3.7/site-packages/airflow/example_dags/example_latest_only.py for tasks to queue
[2024-01-23T22:10:27.958+0000] {logging_mixin.py:137} INFO - [2024-01-23T22:10:27.958+0000] {dagbag.py:538} INFO - Filling up the DagBag from /home/airflow/.local/lib/python3.7/site-packages/airflow/example_dags/example_latest_only.py
[2024-01-23T22:10:27.975+0000] {processor.py:753} INFO - DAG(s) dict_keys(['latest_only']) retrieved from /home/airflow/.local/lib/python3.7/site-packages/airflow/example_dags/example_latest_only.py
[2024-01-23T22:10:28.016+0000] {logging_mixin.py:137} INFO - [2024-01-23T22:10:28.016+0000] {dag.py:2676} INFO - Sync 1 DAGs
[2024-01-23T22:10:28.053+0000] {logging_mixin.py:137} INFO - [2024-01-23T22:10:28.053+0000] {dag.py:3427} INFO - Setting next_dagrun for latest_only to 2024-01-23T18:10:28.053179+00:00, run_after=2024-01-23T22:10:28.053179+00:00
[2024-01-23T22:10:28.079+0000] {processor.py:175} INFO - Processing /home/airflow/.local/lib/python3.7/site-packages/airflow/example_dags/example_latest_only.py took 0.125 seconds
[2024-01-23T22:10:58.468+0000] {processor.py:153} INFO - Started process (PID=2079) to work on /home/airflow/.local/lib/python3.7/site-packages/airflow/example_dags/example_latest_only.py
[2024-01-23T22:10:58.468+0000] {processor.py:743} INFO - Processing file /home/airflow/.local/lib/python3.7/site-packages/airflow/example_dags/example_latest_only.py for tasks to queue
[2024-01-23T22:10:58.470+0000] {logging_mixin.py:137} INFO - [2024-01-23T22:10:58.469+0000] {dagbag.py:538} INFO - Filling up the DagBag from /home/airflow/.local/lib/python3.7/site-packages/airflow/example_dags/example_latest_only.py
[2024-01-23T22:10:58.486+0000] {processor.py:753} INFO - DAG(s) dict_keys(['latest_only']) retrieved from /home/airflow/.local/lib/python3.7/site-packages/airflow/example_dags/example_latest_only.py
[2024-01-23T22:10:58.527+0000] {logging_mixin.py:137} INFO - [2024-01-23T22:10:58.527+0000] {dag.py:2676} INFO - Sync 1 DAGs
[2024-01-23T22:10:58.560+0000] {logging_mixin.py:137} INFO - [2024-01-23T22:10:58.560+0000] {dag.py:3427} INFO - Setting next_dagrun for latest_only to 2024-01-23T18:10:58.559884+00:00, run_after=2024-01-23T22:10:58.559884+00:00
[2024-01-23T22:10:58.584+0000] {processor.py:175} INFO - Processing /home/airflow/.local/lib/python3.7/site-packages/airflow/example_dags/example_latest_only.py took 0.120 seconds
[2024-01-23T22:11:28.716+0000] {processor.py:153} INFO - Started process (PID=2159) to work on /home/airflow/.local/lib/python3.7/site-packages/airflow/example_dags/example_latest_only.py
[2024-01-23T22:11:28.716+0000] {processor.py:743} INFO - Processing file /home/airflow/.local/lib/python3.7/site-packages/airflow/example_dags/example_latest_only.py for tasks to queue
[2024-01-23T22:11:28.717+0000] {logging_mixin.py:137} INFO - [2024-01-23T22:11:28.717+0000] {dagbag.py:538} INFO - Filling up the DagBag from /home/airflow/.local/lib/python3.7/site-packages/airflow/example_dags/example_latest_only.py
[2024-01-23T22:11:28.730+0000] {processor.py:753} INFO - DAG(s) dict_keys(['latest_only']) retrieved from /home/airflow/.local/lib/python3.7/site-packages/airflow/example_dags/example_latest_only.py
[2024-01-23T22:11:28.764+0000] {logging_mixin.py:137} INFO - [2024-01-23T22:11:28.763+0000] {dag.py:2676} INFO - Sync 1 DAGs
[2024-01-23T22:11:28.788+0000] {logging_mixin.py:137} INFO - [2024-01-23T22:11:28.788+0000] {dag.py:3427} INFO - Setting next_dagrun for latest_only to 2024-01-23T18:11:28.788622+00:00, run_after=2024-01-23T22:11:28.788622+00:00
[2024-01-23T22:11:28.810+0000] {processor.py:175} INFO - Processing /home/airflow/.local/lib/python3.7/site-packages/airflow/example_dags/example_latest_only.py took 0.097 seconds
[2024-01-23T22:11:59.283+0000] {processor.py:153} INFO - Started process (PID=2259) to work on /home/airflow/.local/lib/python3.7/site-packages/airflow/example_dags/example_latest_only.py
[2024-01-23T22:11:59.284+0000] {processor.py:743} INFO - Processing file /home/airflow/.local/lib/python3.7/site-packages/airflow/example_dags/example_latest_only.py for tasks to queue
[2024-01-23T22:11:59.285+0000] {logging_mixin.py:137} INFO - [2024-01-23T22:11:59.284+0000] {dagbag.py:538} INFO - Filling up the DagBag from /home/airflow/.local/lib/python3.7/site-packages/airflow/example_dags/example_latest_only.py
[2024-01-23T22:11:59.298+0000] {processor.py:753} INFO - DAG(s) dict_keys(['latest_only']) retrieved from /home/airflow/.local/lib/python3.7/site-packages/airflow/example_dags/example_latest_only.py
[2024-01-23T22:11:59.340+0000] {logging_mixin.py:137} INFO - [2024-01-23T22:11:59.340+0000] {dag.py:2676} INFO - Sync 1 DAGs
[2024-01-23T22:11:59.382+0000] {logging_mixin.py:137} INFO - [2024-01-23T22:11:59.382+0000] {dag.py:3427} INFO - Setting next_dagrun for latest_only to 2024-01-23T18:11:59.382247+00:00, run_after=2024-01-23T22:11:59.382247+00:00
[2024-01-23T22:11:59.413+0000] {processor.py:175} INFO - Processing /home/airflow/.local/lib/python3.7/site-packages/airflow/example_dags/example_latest_only.py took 0.133 seconds
[2024-01-23T22:12:29.509+0000] {processor.py:153} INFO - Started process (PID=2339) to work on /home/airflow/.local/lib/python3.7/site-packages/airflow/example_dags/example_latest_only.py
[2024-01-23T22:12:29.509+0000] {processor.py:743} INFO - Processing file /home/airflow/.local/lib/python3.7/site-packages/airflow/example_dags/example_latest_only.py for tasks to queue
[2024-01-23T22:12:29.510+0000] {logging_mixin.py:137} INFO - [2024-01-23T22:12:29.510+0000] {dagbag.py:538} INFO - Filling up the DagBag from /home/airflow/.local/lib/python3.7/site-packages/airflow/example_dags/example_latest_only.py
[2024-01-23T22:12:29.522+0000] {processor.py:753} INFO - DAG(s) dict_keys(['latest_only']) retrieved from /home/airflow/.local/lib/python3.7/site-packages/airflow/example_dags/example_latest_only.py
[2024-01-23T22:12:29.555+0000] {logging_mixin.py:137} INFO - [2024-01-23T22:12:29.555+0000] {dag.py:2676} INFO - Sync 1 DAGs
[2024-01-23T22:12:29.579+0000] {logging_mixin.py:137} INFO - [2024-01-23T22:12:29.579+0000] {dag.py:3427} INFO - Setting next_dagrun for latest_only to 2024-01-23T18:12:29.578799+00:00, run_after=2024-01-23T22:12:29.578799+00:00
[2024-01-23T22:12:29.599+0000] {processor.py:175} INFO - Processing /home/airflow/.local/lib/python3.7/site-packages/airflow/example_dags/example_latest_only.py took 0.092 seconds
[2024-01-23T22:12:59.745+0000] {processor.py:153} INFO - Started process (PID=2419) to work on /home/airflow/.local/lib/python3.7/site-packages/airflow/example_dags/example_latest_only.py
[2024-01-23T22:12:59.746+0000] {processor.py:743} INFO - Processing file /home/airflow/.local/lib/python3.7/site-packages/airflow/example_dags/example_latest_only.py for tasks to queue
[2024-01-23T22:12:59.746+0000] {logging_mixin.py:137} INFO - [2024-01-23T22:12:59.746+0000] {dagbag.py:538} INFO - Filling up the DagBag from /home/airflow/.local/lib/python3.7/site-packages/airflow/example_dags/example_latest_only.py
[2024-01-23T22:12:59.759+0000] {processor.py:753} INFO - DAG(s) dict_keys(['latest_only']) retrieved from /home/airflow/.local/lib/python3.7/site-packages/airflow/example_dags/example_latest_only.py
[2024-01-23T22:12:59.793+0000] {logging_mixin.py:137} INFO - [2024-01-23T22:12:59.793+0000] {dag.py:2676} INFO - Sync 1 DAGs
[2024-01-23T22:12:59.816+0000] {logging_mixin.py:137} INFO - [2024-01-23T22:12:59.816+0000] {dag.py:3427} INFO - Setting next_dagrun for latest_only to 2024-01-23T18:12:59.816493+00:00, run_after=2024-01-23T22:12:59.816493+00:00
[2024-01-23T22:12:59.838+0000] {processor.py:175} INFO - Processing /home/airflow/.local/lib/python3.7/site-packages/airflow/example_dags/example_latest_only.py took 0.095 seconds
[2024-01-23T22:13:30.815+0000] {processor.py:153} INFO - Started process (PID=2519) to work on /home/airflow/.local/lib/python3.7/site-packages/airflow/example_dags/example_latest_only.py
[2024-01-23T22:13:30.815+0000] {processor.py:743} INFO - Processing file /home/airflow/.local/lib/python3.7/site-packages/airflow/example_dags/example_latest_only.py for tasks to queue
[2024-01-23T22:13:30.816+0000] {logging_mixin.py:137} INFO - [2024-01-23T22:13:30.816+0000] {dagbag.py:538} INFO - Filling up the DagBag from /home/airflow/.local/lib/python3.7/site-packages/airflow/example_dags/example_latest_only.py
[2024-01-23T22:13:30.829+0000] {processor.py:753} INFO - DAG(s) dict_keys(['latest_only']) retrieved from /home/airflow/.local/lib/python3.7/site-packages/airflow/example_dags/example_latest_only.py
[2024-01-23T22:13:30.869+0000] {logging_mixin.py:137} INFO - [2024-01-23T22:13:30.869+0000] {dag.py:2676} INFO - Sync 1 DAGs
[2024-01-23T22:13:30.900+0000] {logging_mixin.py:137} INFO - [2024-01-23T22:13:30.900+0000] {dag.py:3427} INFO - Setting next_dagrun for latest_only to 2024-01-23T18:13:30.900380+00:00, run_after=2024-01-23T22:13:30.900380+00:00
[2024-01-23T22:13:30.923+0000] {processor.py:175} INFO - Processing /home/airflow/.local/lib/python3.7/site-packages/airflow/example_dags/example_latest_only.py took 0.111 seconds
[2024-01-23T22:14:01.150+0000] {processor.py:153} INFO - Started process (PID=2598) to work on /home/airflow/.local/lib/python3.7/site-packages/airflow/example_dags/example_latest_only.py
[2024-01-23T22:14:01.151+0000] {processor.py:743} INFO - Processing file /home/airflow/.local/lib/python3.7/site-packages/airflow/example_dags/example_latest_only.py for tasks to queue
[2024-01-23T22:14:01.152+0000] {logging_mixin.py:137} INFO - [2024-01-23T22:14:01.152+0000] {dagbag.py:538} INFO - Filling up the DagBag from /home/airflow/.local/lib/python3.7/site-packages/airflow/example_dags/example_latest_only.py
[2024-01-23T22:14:01.164+0000] {processor.py:753} INFO - DAG(s) dict_keys(['latest_only']) retrieved from /home/airflow/.local/lib/python3.7/site-packages/airflow/example_dags/example_latest_only.py
[2024-01-23T22:14:01.209+0000] {logging_mixin.py:137} INFO - [2024-01-23T22:14:01.209+0000] {dag.py:2676} INFO - Sync 1 DAGs
[2024-01-23T22:14:01.243+0000] {logging_mixin.py:137} INFO - [2024-01-23T22:14:01.243+0000] {dag.py:3427} INFO - Setting next_dagrun for latest_only to 2024-01-23T18:14:01.242980+00:00, run_after=2024-01-23T22:14:01.242980+00:00
[2024-01-23T22:14:01.266+0000] {processor.py:175} INFO - Processing /home/airflow/.local/lib/python3.7/site-packages/airflow/example_dags/example_latest_only.py took 0.118 seconds
[2024-01-23T22:14:31.512+0000] {processor.py:153} INFO - Started process (PID=2688) to work on /home/airflow/.local/lib/python3.7/site-packages/airflow/example_dags/example_latest_only.py
[2024-01-23T22:14:31.513+0000] {processor.py:743} INFO - Processing file /home/airflow/.local/lib/python3.7/site-packages/airflow/example_dags/example_latest_only.py for tasks to queue
[2024-01-23T22:14:31.514+0000] {logging_mixin.py:137} INFO - [2024-01-23T22:14:31.513+0000] {dagbag.py:538} INFO - Filling up the DagBag from /home/airflow/.local/lib/python3.7/site-packages/airflow/example_dags/example_latest_only.py
[2024-01-23T22:14:31.527+0000] {processor.py:753} INFO - DAG(s) dict_keys(['latest_only']) retrieved from /home/airflow/.local/lib/python3.7/site-packages/airflow/example_dags/example_latest_only.py
[2024-01-23T22:14:31.573+0000] {logging_mixin.py:137} INFO - [2024-01-23T22:14:31.573+0000] {dag.py:2676} INFO - Sync 1 DAGs
[2024-01-23T22:14:31.614+0000] {logging_mixin.py:137} INFO - [2024-01-23T22:14:31.613+0000] {dag.py:3427} INFO - Setting next_dagrun for latest_only to 2024-01-23T18:14:31.613592+00:00, run_after=2024-01-23T22:14:31.613592+00:00
[2024-01-23T22:14:31.645+0000] {processor.py:175} INFO - Processing /home/airflow/.local/lib/python3.7/site-packages/airflow/example_dags/example_latest_only.py took 0.136 seconds
[2024-01-23T22:15:02.412+0000] {processor.py:153} INFO - Started process (PID=2780) to work on /home/airflow/.local/lib/python3.7/site-packages/airflow/example_dags/example_latest_only.py
[2024-01-23T22:15:02.413+0000] {processor.py:743} INFO - Processing file /home/airflow/.local/lib/python3.7/site-packages/airflow/example_dags/example_latest_only.py for tasks to queue
[2024-01-23T22:15:02.413+0000] {logging_mixin.py:137} INFO - [2024-01-23T22:15:02.413+0000] {dagbag.py:538} INFO - Filling up the DagBag from /home/airflow/.local/lib/python3.7/site-packages/airflow/example_dags/example_latest_only.py
[2024-01-23T22:15:02.426+0000] {processor.py:753} INFO - DAG(s) dict_keys(['latest_only']) retrieved from /home/airflow/.local/lib/python3.7/site-packages/airflow/example_dags/example_latest_only.py
[2024-01-23T22:15:02.460+0000] {logging_mixin.py:137} INFO - [2024-01-23T22:15:02.460+0000] {dag.py:2676} INFO - Sync 1 DAGs
[2024-01-23T22:15:02.485+0000] {logging_mixin.py:137} INFO - [2024-01-23T22:15:02.485+0000] {dag.py:3427} INFO - Setting next_dagrun for latest_only to 2024-01-23T18:15:02.484753+00:00, run_after=2024-01-23T22:15:02.484753+00:00
[2024-01-23T22:15:02.510+0000] {processor.py:175} INFO - Processing /home/airflow/.local/lib/python3.7/site-packages/airflow/example_dags/example_latest_only.py took 0.101 seconds
[2024-01-23T22:15:32.677+0000] {processor.py:153} INFO - Started process (PID=2861) to work on /home/airflow/.local/lib/python3.7/site-packages/airflow/example_dags/example_latest_only.py
[2024-01-23T22:15:32.678+0000] {processor.py:743} INFO - Processing file /home/airflow/.local/lib/python3.7/site-packages/airflow/example_dags/example_latest_only.py for tasks to queue
[2024-01-23T22:15:32.679+0000] {logging_mixin.py:137} INFO - [2024-01-23T22:15:32.679+0000] {dagbag.py:538} INFO - Filling up the DagBag from /home/airflow/.local/lib/python3.7/site-packages/airflow/example_dags/example_latest_only.py
[2024-01-23T22:15:32.691+0000] {processor.py:753} INFO - DAG(s) dict_keys(['latest_only']) retrieved from /home/airflow/.local/lib/python3.7/site-packages/airflow/example_dags/example_latest_only.py
[2024-01-23T22:15:32.723+0000] {logging_mixin.py:137} INFO - [2024-01-23T22:15:32.723+0000] {dag.py:2676} INFO - Sync 1 DAGs
[2024-01-23T22:15:32.751+0000] {logging_mixin.py:137} INFO - [2024-01-23T22:15:32.751+0000] {dag.py:3427} INFO - Setting next_dagrun for latest_only to 2024-01-23T18:15:32.751493+00:00, run_after=2024-01-23T22:15:32.751493+00:00
[2024-01-23T22:15:32.773+0000] {processor.py:175} INFO - Processing /home/airflow/.local/lib/python3.7/site-packages/airflow/example_dags/example_latest_only.py took 0.098 seconds
[2024-01-23T22:16:03.046+0000] {processor.py:153} INFO - Started process (PID=2961) to work on /home/airflow/.local/lib/python3.7/site-packages/airflow/example_dags/example_latest_only.py
[2024-01-23T22:16:03.047+0000] {processor.py:743} INFO - Processing file /home/airflow/.local/lib/python3.7/site-packages/airflow/example_dags/example_latest_only.py for tasks to queue
[2024-01-23T22:16:03.048+0000] {logging_mixin.py:137} INFO - [2024-01-23T22:16:03.048+0000] {dagbag.py:538} INFO - Filling up the DagBag from /home/airflow/.local/lib/python3.7/site-packages/airflow/example_dags/example_latest_only.py
[2024-01-23T22:16:03.063+0000] {processor.py:753} INFO - DAG(s) dict_keys(['latest_only']) retrieved from /home/airflow/.local/lib/python3.7/site-packages/airflow/example_dags/example_latest_only.py
[2024-01-23T22:16:03.104+0000] {logging_mixin.py:137} INFO - [2024-01-23T22:16:03.103+0000] {dag.py:2676} INFO - Sync 1 DAGs
[2024-01-23T22:16:03.132+0000] {logging_mixin.py:137} INFO - [2024-01-23T22:16:03.131+0000] {dag.py:3427} INFO - Setting next_dagrun for latest_only to 2024-01-23T18:16:03.131549+00:00, run_after=2024-01-23T22:16:03.131549+00:00
[2024-01-23T22:16:03.154+0000] {processor.py:175} INFO - Processing /home/airflow/.local/lib/python3.7/site-packages/airflow/example_dags/example_latest_only.py took 0.110 seconds
[2024-01-23T22:16:34.072+0000] {processor.py:153} INFO - Started process (PID=3040) to work on /home/airflow/.local/lib/python3.7/site-packages/airflow/example_dags/example_latest_only.py
[2024-01-23T22:16:34.072+0000] {processor.py:743} INFO - Processing file /home/airflow/.local/lib/python3.7/site-packages/airflow/example_dags/example_latest_only.py for tasks to queue
[2024-01-23T22:16:34.073+0000] {logging_mixin.py:137} INFO - [2024-01-23T22:16:34.073+0000] {dagbag.py:538} INFO - Filling up the DagBag from /home/airflow/.local/lib/python3.7/site-packages/airflow/example_dags/example_latest_only.py
[2024-01-23T22:16:34.086+0000] {processor.py:753} INFO - DAG(s) dict_keys(['latest_only']) retrieved from /home/airflow/.local/lib/python3.7/site-packages/airflow/example_dags/example_latest_only.py
[2024-01-23T22:16:34.130+0000] {logging_mixin.py:137} INFO - [2024-01-23T22:16:34.130+0000] {dag.py:2676} INFO - Sync 1 DAGs
[2024-01-23T22:16:34.165+0000] {logging_mixin.py:137} INFO - [2024-01-23T22:16:34.164+0000] {dag.py:3427} INFO - Setting next_dagrun for latest_only to 2024-01-23T18:16:34.164574+00:00, run_after=2024-01-23T22:16:34.164574+00:00
[2024-01-23T22:16:34.191+0000] {processor.py:175} INFO - Processing /home/airflow/.local/lib/python3.7/site-packages/airflow/example_dags/example_latest_only.py took 0.122 seconds
[2024-01-23T22:17:04.333+0000] {processor.py:153} INFO - Started process (PID=3120) to work on /home/airflow/.local/lib/python3.7/site-packages/airflow/example_dags/example_latest_only.py
[2024-01-23T22:17:04.334+0000] {processor.py:743} INFO - Processing file /home/airflow/.local/lib/python3.7/site-packages/airflow/example_dags/example_latest_only.py for tasks to queue
[2024-01-23T22:17:04.335+0000] {logging_mixin.py:137} INFO - [2024-01-23T22:17:04.335+0000] {dagbag.py:538} INFO - Filling up the DagBag from /home/airflow/.local/lib/python3.7/site-packages/airflow/example_dags/example_latest_only.py
[2024-01-23T22:17:04.346+0000] {processor.py:753} INFO - DAG(s) dict_keys(['latest_only']) retrieved from /home/airflow/.local/lib/python3.7/site-packages/airflow/example_dags/example_latest_only.py
[2024-01-23T22:17:04.377+0000] {logging_mixin.py:137} INFO - [2024-01-23T22:17:04.377+0000] {dag.py:2676} INFO - Sync 1 DAGs
[2024-01-23T22:17:04.401+0000] {logging_mixin.py:137} INFO - [2024-01-23T22:17:04.401+0000] {dag.py:3427} INFO - Setting next_dagrun for latest_only to 2024-01-23T18:17:04.400922+00:00, run_after=2024-01-23T22:17:04.400922+00:00
[2024-01-23T22:17:04.427+0000] {processor.py:175} INFO - Processing /home/airflow/.local/lib/python3.7/site-packages/airflow/example_dags/example_latest_only.py took 0.096 seconds
[2024-01-23T22:17:34.469+0000] {processor.py:153} INFO - Started process (PID=3218) to work on /home/airflow/.local/lib/python3.7/site-packages/airflow/example_dags/example_latest_only.py
[2024-01-23T22:17:34.469+0000] {processor.py:743} INFO - Processing file /home/airflow/.local/lib/python3.7/site-packages/airflow/example_dags/example_latest_only.py for tasks to queue
[2024-01-23T22:17:34.470+0000] {logging_mixin.py:137} INFO - [2024-01-23T22:17:34.470+0000] {dagbag.py:538} INFO - Filling up the DagBag from /home/airflow/.local/lib/python3.7/site-packages/airflow/example_dags/example_latest_only.py
[2024-01-23T22:17:34.483+0000] {processor.py:753} INFO - DAG(s) dict_keys(['latest_only']) retrieved from /home/airflow/.local/lib/python3.7/site-packages/airflow/example_dags/example_latest_only.py
[2024-01-23T22:17:34.521+0000] {logging_mixin.py:137} INFO - [2024-01-23T22:17:34.520+0000] {dag.py:2676} INFO - Sync 1 DAGs
[2024-01-23T22:17:34.549+0000] {logging_mixin.py:137} INFO - [2024-01-23T22:17:34.549+0000] {dag.py:3427} INFO - Setting next_dagrun for latest_only to 2024-01-23T18:17:34.549294+00:00, run_after=2024-01-23T22:17:34.549294+00:00
[2024-01-23T22:17:34.581+0000] {processor.py:175} INFO - Processing /home/airflow/.local/lib/python3.7/site-packages/airflow/example_dags/example_latest_only.py took 0.116 seconds
[2024-01-23T22:18:04.708+0000] {processor.py:153} INFO - Started process (PID=3298) to work on /home/airflow/.local/lib/python3.7/site-packages/airflow/example_dags/example_latest_only.py
[2024-01-23T22:18:04.709+0000] {processor.py:743} INFO - Processing file /home/airflow/.local/lib/python3.7/site-packages/airflow/example_dags/example_latest_only.py for tasks to queue
[2024-01-23T22:18:04.710+0000] {logging_mixin.py:137} INFO - [2024-01-23T22:18:04.710+0000] {dagbag.py:538} INFO - Filling up the DagBag from /home/airflow/.local/lib/python3.7/site-packages/airflow/example_dags/example_latest_only.py
[2024-01-23T22:18:04.723+0000] {processor.py:753} INFO - DAG(s) dict_keys(['latest_only']) retrieved from /home/airflow/.local/lib/python3.7/site-packages/airflow/example_dags/example_latest_only.py
[2024-01-23T22:18:04.760+0000] {logging_mixin.py:137} INFO - [2024-01-23T22:18:04.760+0000] {dag.py:2676} INFO - Sync 1 DAGs
[2024-01-23T22:18:04.784+0000] {logging_mixin.py:137} INFO - [2024-01-23T22:18:04.784+0000] {dag.py:3427} INFO - Setting next_dagrun for latest_only to 2024-01-23T18:18:04.784191+00:00, run_after=2024-01-23T22:18:04.784191+00:00
[2024-01-23T22:18:04.804+0000] {processor.py:175} INFO - Processing /home/airflow/.local/lib/python3.7/site-packages/airflow/example_dags/example_latest_only.py took 0.099 seconds
[2024-01-23T22:18:35.082+0000] {processor.py:153} INFO - Started process (PID=3378) to work on /home/airflow/.local/lib/python3.7/site-packages/airflow/example_dags/example_latest_only.py
[2024-01-23T22:18:35.083+0000] {processor.py:743} INFO - Processing file /home/airflow/.local/lib/python3.7/site-packages/airflow/example_dags/example_latest_only.py for tasks to queue
[2024-01-23T22:18:35.084+0000] {logging_mixin.py:137} INFO - [2024-01-23T22:18:35.084+0000] {dagbag.py:538} INFO - Filling up the DagBag from /home/airflow/.local/lib/python3.7/site-packages/airflow/example_dags/example_latest_only.py
[2024-01-23T22:18:35.098+0000] {processor.py:753} INFO - DAG(s) dict_keys(['latest_only']) retrieved from /home/airflow/.local/lib/python3.7/site-packages/airflow/example_dags/example_latest_only.py
[2024-01-23T22:18:35.147+0000] {logging_mixin.py:137} INFO - [2024-01-23T22:18:35.147+0000] {dag.py:2676} INFO - Sync 1 DAGs
[2024-01-23T22:18:35.180+0000] {logging_mixin.py:137} INFO - [2024-01-23T22:18:35.179+0000] {dag.py:3427} INFO - Setting next_dagrun for latest_only to 2024-01-23T18:18:35.179577+00:00, run_after=2024-01-23T22:18:35.179577+00:00
[2024-01-23T22:18:35.204+0000] {processor.py:175} INFO - Processing /home/airflow/.local/lib/python3.7/site-packages/airflow/example_dags/example_latest_only.py took 0.125 seconds
[2024-01-23T22:19:05.731+0000] {processor.py:153} INFO - Started process (PID=3479) to work on /home/airflow/.local/lib/python3.7/site-packages/airflow/example_dags/example_latest_only.py
[2024-01-23T22:19:05.732+0000] {processor.py:743} INFO - Processing file /home/airflow/.local/lib/python3.7/site-packages/airflow/example_dags/example_latest_only.py for tasks to queue
[2024-01-23T22:19:05.732+0000] {logging_mixin.py:137} INFO - [2024-01-23T22:19:05.732+0000] {dagbag.py:538} INFO - Filling up the DagBag from /home/airflow/.local/lib/python3.7/site-packages/airflow/example_dags/example_latest_only.py
[2024-01-23T22:19:05.748+0000] {processor.py:753} INFO - DAG(s) dict_keys(['latest_only']) retrieved from /home/airflow/.local/lib/python3.7/site-packages/airflow/example_dags/example_latest_only.py
[2024-01-23T22:19:05.791+0000] {logging_mixin.py:137} INFO - [2024-01-23T22:19:05.791+0000] {dag.py:2676} INFO - Sync 1 DAGs
[2024-01-23T22:19:05.825+0000] {logging_mixin.py:137} INFO - [2024-01-23T22:19:05.824+0000] {dag.py:3427} INFO - Setting next_dagrun for latest_only to 2024-01-23T18:19:05.824614+00:00, run_after=2024-01-23T22:19:05.824614+00:00
[2024-01-23T22:19:05.858+0000] {processor.py:175} INFO - Processing /home/airflow/.local/lib/python3.7/site-packages/airflow/example_dags/example_latest_only.py took 0.131 seconds
[2024-01-23T22:19:35.956+0000] {processor.py:153} INFO - Started process (PID=3559) to work on /home/airflow/.local/lib/python3.7/site-packages/airflow/example_dags/example_latest_only.py
[2024-01-23T22:19:35.957+0000] {processor.py:743} INFO - Processing file /home/airflow/.local/lib/python3.7/site-packages/airflow/example_dags/example_latest_only.py for tasks to queue
[2024-01-23T22:19:35.959+0000] {logging_mixin.py:137} INFO - [2024-01-23T22:19:35.958+0000] {dagbag.py:538} INFO - Filling up the DagBag from /home/airflow/.local/lib/python3.7/site-packages/airflow/example_dags/example_latest_only.py
[2024-01-23T22:19:35.975+0000] {processor.py:753} INFO - DAG(s) dict_keys(['latest_only']) retrieved from /home/airflow/.local/lib/python3.7/site-packages/airflow/example_dags/example_latest_only.py
[2024-01-23T22:19:36.018+0000] {logging_mixin.py:137} INFO - [2024-01-23T22:19:36.018+0000] {dag.py:2676} INFO - Sync 1 DAGs
[2024-01-23T22:19:36.048+0000] {logging_mixin.py:137} INFO - [2024-01-23T22:19:36.047+0000] {dag.py:3427} INFO - Setting next_dagrun for latest_only to 2024-01-23T18:19:36.047578+00:00, run_after=2024-01-23T22:19:36.047578+00:00
[2024-01-23T22:19:36.070+0000] {processor.py:175} INFO - Processing /home/airflow/.local/lib/python3.7/site-packages/airflow/example_dags/example_latest_only.py took 0.116 seconds
[2024-01-23T22:20:06.221+0000] {processor.py:153} INFO - Started process (PID=3639) to work on /home/airflow/.local/lib/python3.7/site-packages/airflow/example_dags/example_latest_only.py
[2024-01-23T22:20:06.221+0000] {processor.py:743} INFO - Processing file /home/airflow/.local/lib/python3.7/site-packages/airflow/example_dags/example_latest_only.py for tasks to queue
[2024-01-23T22:20:06.222+0000] {logging_mixin.py:137} INFO - [2024-01-23T22:20:06.222+0000] {dagbag.py:538} INFO - Filling up the DagBag from /home/airflow/.local/lib/python3.7/site-packages/airflow/example_dags/example_latest_only.py
[2024-01-23T22:20:06.239+0000] {processor.py:753} INFO - DAG(s) dict_keys(['latest_only']) retrieved from /home/airflow/.local/lib/python3.7/site-packages/airflow/example_dags/example_latest_only.py
[2024-01-23T22:20:06.281+0000] {logging_mixin.py:137} INFO - [2024-01-23T22:20:06.280+0000] {dag.py:2676} INFO - Sync 1 DAGs
[2024-01-23T22:20:06.312+0000] {logging_mixin.py:137} INFO - [2024-01-23T22:20:06.312+0000] {dag.py:3427} INFO - Setting next_dagrun for latest_only to 2024-01-23T18:20:06.312152+00:00, run_after=2024-01-23T22:20:06.312152+00:00
[2024-01-23T22:20:06.335+0000] {processor.py:175} INFO - Processing /home/airflow/.local/lib/python3.7/site-packages/airflow/example_dags/example_latest_only.py took 0.117 seconds
[2024-01-23T22:20:36.854+0000] {processor.py:153} INFO - Started process (PID=3740) to work on /home/airflow/.local/lib/python3.7/site-packages/airflow/example_dags/example_latest_only.py
[2024-01-23T22:20:36.854+0000] {processor.py:743} INFO - Processing file /home/airflow/.local/lib/python3.7/site-packages/airflow/example_dags/example_latest_only.py for tasks to queue
[2024-01-23T22:20:36.855+0000] {logging_mixin.py:137} INFO - [2024-01-23T22:20:36.855+0000] {dagbag.py:538} INFO - Filling up the DagBag from /home/airflow/.local/lib/python3.7/site-packages/airflow/example_dags/example_latest_only.py
[2024-01-23T22:20:36.870+0000] {processor.py:753} INFO - DAG(s) dict_keys(['latest_only']) retrieved from /home/airflow/.local/lib/python3.7/site-packages/airflow/example_dags/example_latest_only.py
[2024-01-23T22:20:36.907+0000] {logging_mixin.py:137} INFO - [2024-01-23T22:20:36.907+0000] {dag.py:2676} INFO - Sync 1 DAGs
[2024-01-23T22:20:36.932+0000] {logging_mixin.py:137} INFO - [2024-01-23T22:20:36.932+0000] {dag.py:3427} INFO - Setting next_dagrun for latest_only to 2024-01-23T18:20:36.932315+00:00, run_after=2024-01-23T22:20:36.932315+00:00
[2024-01-23T22:20:36.952+0000] {processor.py:175} INFO - Processing /home/airflow/.local/lib/python3.7/site-packages/airflow/example_dags/example_latest_only.py took 0.101 seconds
[2024-01-23T22:21:07.151+0000] {processor.py:153} INFO - Started process (PID=3820) to work on /home/airflow/.local/lib/python3.7/site-packages/airflow/example_dags/example_latest_only.py
[2024-01-23T22:21:07.152+0000] {processor.py:743} INFO - Processing file /home/airflow/.local/lib/python3.7/site-packages/airflow/example_dags/example_latest_only.py for tasks to queue
[2024-01-23T22:21:07.152+0000] {logging_mixin.py:137} INFO - [2024-01-23T22:21:07.152+0000] {dagbag.py:538} INFO - Filling up the DagBag from /home/airflow/.local/lib/python3.7/site-packages/airflow/example_dags/example_latest_only.py
[2024-01-23T22:21:07.166+0000] {processor.py:753} INFO - DAG(s) dict_keys(['latest_only']) retrieved from /home/airflow/.local/lib/python3.7/site-packages/airflow/example_dags/example_latest_only.py
[2024-01-23T22:21:07.205+0000] {logging_mixin.py:137} INFO - [2024-01-23T22:21:07.205+0000] {dag.py:2676} INFO - Sync 1 DAGs
[2024-01-23T22:21:07.238+0000] {logging_mixin.py:137} INFO - [2024-01-23T22:21:07.238+0000] {dag.py:3427} INFO - Setting next_dagrun for latest_only to 2024-01-23T18:21:07.238468+00:00, run_after=2024-01-23T22:21:07.238468+00:00
[2024-01-23T22:21:07.260+0000] {processor.py:175} INFO - Processing /home/airflow/.local/lib/python3.7/site-packages/airflow/example_dags/example_latest_only.py took 0.112 seconds
[2024-01-23T22:21:37.543+0000] {processor.py:153} INFO - Started process (PID=3909) to work on /home/airflow/.local/lib/python3.7/site-packages/airflow/example_dags/example_latest_only.py
[2024-01-23T22:21:37.544+0000] {processor.py:743} INFO - Processing file /home/airflow/.local/lib/python3.7/site-packages/airflow/example_dags/example_latest_only.py for tasks to queue
[2024-01-23T22:21:37.545+0000] {logging_mixin.py:137} INFO - [2024-01-23T22:21:37.545+0000] {dagbag.py:538} INFO - Filling up the DagBag from /home/airflow/.local/lib/python3.7/site-packages/airflow/example_dags/example_latest_only.py
[2024-01-23T22:21:37.561+0000] {processor.py:753} INFO - DAG(s) dict_keys(['latest_only']) retrieved from /home/airflow/.local/lib/python3.7/site-packages/airflow/example_dags/example_latest_only.py
[2024-01-23T22:21:37.601+0000] {logging_mixin.py:137} INFO - [2024-01-23T22:21:37.601+0000] {dag.py:2676} INFO - Sync 1 DAGs
[2024-01-23T22:21:37.632+0000] {logging_mixin.py:137} INFO - [2024-01-23T22:21:37.632+0000] {dag.py:3427} INFO - Setting next_dagrun for latest_only to 2024-01-23T18:21:37.631641+00:00, run_after=2024-01-23T22:21:37.631641+00:00
[2024-01-23T22:21:37.664+0000] {processor.py:175} INFO - Processing /home/airflow/.local/lib/python3.7/site-packages/airflow/example_dags/example_latest_only.py took 0.124 seconds
[2024-01-23T22:22:08.208+0000] {processor.py:153} INFO - Started process (PID=4000) to work on /home/airflow/.local/lib/python3.7/site-packages/airflow/example_dags/example_latest_only.py
[2024-01-23T22:22:08.209+0000] {processor.py:743} INFO - Processing file /home/airflow/.local/lib/python3.7/site-packages/airflow/example_dags/example_latest_only.py for tasks to queue
[2024-01-23T22:22:08.210+0000] {logging_mixin.py:137} INFO - [2024-01-23T22:22:08.210+0000] {dagbag.py:538} INFO - Filling up the DagBag from /home/airflow/.local/lib/python3.7/site-packages/airflow/example_dags/example_latest_only.py
[2024-01-23T22:22:08.223+0000] {processor.py:753} INFO - DAG(s) dict_keys(['latest_only']) retrieved from /home/airflow/.local/lib/python3.7/site-packages/airflow/example_dags/example_latest_only.py
[2024-01-23T22:22:08.260+0000] {logging_mixin.py:137} INFO - [2024-01-23T22:22:08.260+0000] {dag.py:2676} INFO - Sync 1 DAGs
[2024-01-23T22:22:08.290+0000] {logging_mixin.py:137} INFO - [2024-01-23T22:22:08.290+0000] {dag.py:3427} INFO - Setting next_dagrun for latest_only to 2024-01-23T18:22:08.289817+00:00, run_after=2024-01-23T22:22:08.289817+00:00
[2024-01-23T22:22:08.310+0000] {processor.py:175} INFO - Processing /home/airflow/.local/lib/python3.7/site-packages/airflow/example_dags/example_latest_only.py took 0.104 seconds
[2024-01-23T22:22:38.462+0000] {processor.py:153} INFO - Started process (PID=4080) to work on /home/airflow/.local/lib/python3.7/site-packages/airflow/example_dags/example_latest_only.py
[2024-01-23T22:22:38.463+0000] {processor.py:743} INFO - Processing file /home/airflow/.local/lib/python3.7/site-packages/airflow/example_dags/example_latest_only.py for tasks to queue
[2024-01-23T22:22:38.463+0000] {logging_mixin.py:137} INFO - [2024-01-23T22:22:38.463+0000] {dagbag.py:538} INFO - Filling up the DagBag from /home/airflow/.local/lib/python3.7/site-packages/airflow/example_dags/example_latest_only.py
[2024-01-23T22:22:38.476+0000] {processor.py:753} INFO - DAG(s) dict_keys(['latest_only']) retrieved from /home/airflow/.local/lib/python3.7/site-packages/airflow/example_dags/example_latest_only.py
[2024-01-23T22:22:38.515+0000] {logging_mixin.py:137} INFO - [2024-01-23T22:22:38.515+0000] {dag.py:2676} INFO - Sync 1 DAGs
[2024-01-23T22:22:38.542+0000] {logging_mixin.py:137} INFO - [2024-01-23T22:22:38.542+0000] {dag.py:3427} INFO - Setting next_dagrun for latest_only to 2024-01-23T18:22:38.542409+00:00, run_after=2024-01-23T22:22:38.542409+00:00
[2024-01-23T22:22:38.563+0000] {processor.py:175} INFO - Processing /home/airflow/.local/lib/python3.7/site-packages/airflow/example_dags/example_latest_only.py took 0.104 seconds
[2024-01-23T22:23:08.734+0000] {processor.py:153} INFO - Started process (PID=4180) to work on /home/airflow/.local/lib/python3.7/site-packages/airflow/example_dags/example_latest_only.py
[2024-01-23T22:23:08.734+0000] {processor.py:743} INFO - Processing file /home/airflow/.local/lib/python3.7/site-packages/airflow/example_dags/example_latest_only.py for tasks to queue
[2024-01-23T22:23:08.736+0000] {logging_mixin.py:137} INFO - [2024-01-23T22:23:08.735+0000] {dagbag.py:538} INFO - Filling up the DagBag from /home/airflow/.local/lib/python3.7/site-packages/airflow/example_dags/example_latest_only.py
[2024-01-23T22:23:08.751+0000] {processor.py:753} INFO - DAG(s) dict_keys(['latest_only']) retrieved from /home/airflow/.local/lib/python3.7/site-packages/airflow/example_dags/example_latest_only.py
[2024-01-23T22:23:08.790+0000] {logging_mixin.py:137} INFO - [2024-01-23T22:23:08.790+0000] {dag.py:2676} INFO - Sync 1 DAGs
[2024-01-23T22:23:08.829+0000] {logging_mixin.py:137} INFO - [2024-01-23T22:23:08.829+0000] {dag.py:3427} INFO - Setting next_dagrun for latest_only to 2024-01-23T18:23:08.829358+00:00, run_after=2024-01-23T22:23:08.829358+00:00
[2024-01-23T22:23:08.852+0000] {processor.py:175} INFO - Processing /home/airflow/.local/lib/python3.7/site-packages/airflow/example_dags/example_latest_only.py took 0.121 seconds
[2024-01-23T22:23:39.067+0000] {processor.py:153} INFO - Started process (PID=4261) to work on /home/airflow/.local/lib/python3.7/site-packages/airflow/example_dags/example_latest_only.py
[2024-01-23T22:23:39.068+0000] {processor.py:743} INFO - Processing file /home/airflow/.local/lib/python3.7/site-packages/airflow/example_dags/example_latest_only.py for tasks to queue
[2024-01-23T22:23:39.069+0000] {logging_mixin.py:137} INFO - [2024-01-23T22:23:39.069+0000] {dagbag.py:538} INFO - Filling up the DagBag from /home/airflow/.local/lib/python3.7/site-packages/airflow/example_dags/example_latest_only.py
[2024-01-23T22:23:39.081+0000] {processor.py:753} INFO - DAG(s) dict_keys(['latest_only']) retrieved from /home/airflow/.local/lib/python3.7/site-packages/airflow/example_dags/example_latest_only.py
[2024-01-23T22:23:39.115+0000] {logging_mixin.py:137} INFO - [2024-01-23T22:23:39.115+0000] {dag.py:2676} INFO - Sync 1 DAGs
[2024-01-23T22:23:39.144+0000] {logging_mixin.py:137} INFO - [2024-01-23T22:23:39.144+0000] {dag.py:3427} INFO - Setting next_dagrun for latest_only to 2024-01-23T18:23:39.144375+00:00, run_after=2024-01-23T22:23:39.144375+00:00
[2024-01-23T22:23:39.173+0000] {processor.py:175} INFO - Processing /home/airflow/.local/lib/python3.7/site-packages/airflow/example_dags/example_latest_only.py took 0.108 seconds
[2024-01-23T22:24:09.268+0000] {processor.py:153} INFO - Started process (PID=4341) to work on /home/airflow/.local/lib/python3.7/site-packages/airflow/example_dags/example_latest_only.py
[2024-01-23T22:24:09.268+0000] {processor.py:743} INFO - Processing file /home/airflow/.local/lib/python3.7/site-packages/airflow/example_dags/example_latest_only.py for tasks to queue
[2024-01-23T22:24:09.269+0000] {logging_mixin.py:137} INFO - [2024-01-23T22:24:09.269+0000] {dagbag.py:538} INFO - Filling up the DagBag from /home/airflow/.local/lib/python3.7/site-packages/airflow/example_dags/example_latest_only.py
[2024-01-23T22:24:09.282+0000] {processor.py:753} INFO - DAG(s) dict_keys(['latest_only']) retrieved from /home/airflow/.local/lib/python3.7/site-packages/airflow/example_dags/example_latest_only.py
[2024-01-23T22:24:09.323+0000] {logging_mixin.py:137} INFO - [2024-01-23T22:24:09.323+0000] {dag.py:2676} INFO - Sync 1 DAGs
[2024-01-23T22:24:09.352+0000] {logging_mixin.py:137} INFO - [2024-01-23T22:24:09.352+0000] {dag.py:3427} INFO - Setting next_dagrun for latest_only to 2024-01-23T18:24:09.352434+00:00, run_after=2024-01-23T22:24:09.352434+00:00
[2024-01-23T22:24:09.373+0000] {processor.py:175} INFO - Processing /home/airflow/.local/lib/python3.7/site-packages/airflow/example_dags/example_latest_only.py took 0.108 seconds
[2024-01-23T22:24:39.463+0000] {processor.py:153} INFO - Started process (PID=4441) to work on /home/airflow/.local/lib/python3.7/site-packages/airflow/example_dags/example_latest_only.py
[2024-01-23T22:24:39.464+0000] {processor.py:743} INFO - Processing file /home/airflow/.local/lib/python3.7/site-packages/airflow/example_dags/example_latest_only.py for tasks to queue
[2024-01-23T22:24:39.465+0000] {logging_mixin.py:137} INFO - [2024-01-23T22:24:39.465+0000] {dagbag.py:538} INFO - Filling up the DagBag from /home/airflow/.local/lib/python3.7/site-packages/airflow/example_dags/example_latest_only.py
[2024-01-23T22:24:39.479+0000] {processor.py:753} INFO - DAG(s) dict_keys(['latest_only']) retrieved from /home/airflow/.local/lib/python3.7/site-packages/airflow/example_dags/example_latest_only.py
[2024-01-23T22:24:39.520+0000] {logging_mixin.py:137} INFO - [2024-01-23T22:24:39.520+0000] {dag.py:2676} INFO - Sync 1 DAGs
[2024-01-23T22:24:39.553+0000] {logging_mixin.py:137} INFO - [2024-01-23T22:24:39.553+0000] {dag.py:3427} INFO - Setting next_dagrun for latest_only to 2024-01-23T18:24:39.553278+00:00, run_after=2024-01-23T22:24:39.553278+00:00
[2024-01-23T22:24:39.589+0000] {processor.py:175} INFO - Processing /home/airflow/.local/lib/python3.7/site-packages/airflow/example_dags/example_latest_only.py took 0.129 seconds
[2024-01-23T22:25:10.300+0000] {processor.py:153} INFO - Started process (PID=4521) to work on /home/airflow/.local/lib/python3.7/site-packages/airflow/example_dags/example_latest_only.py
[2024-01-23T22:25:10.301+0000] {processor.py:743} INFO - Processing file /home/airflow/.local/lib/python3.7/site-packages/airflow/example_dags/example_latest_only.py for tasks to queue
[2024-01-23T22:25:10.301+0000] {logging_mixin.py:137} INFO - [2024-01-23T22:25:10.301+0000] {dagbag.py:538} INFO - Filling up the DagBag from /home/airflow/.local/lib/python3.7/site-packages/airflow/example_dags/example_latest_only.py
[2024-01-23T22:25:10.315+0000] {processor.py:753} INFO - DAG(s) dict_keys(['latest_only']) retrieved from /home/airflow/.local/lib/python3.7/site-packages/airflow/example_dags/example_latest_only.py
[2024-01-23T22:25:10.350+0000] {logging_mixin.py:137} INFO - [2024-01-23T22:25:10.350+0000] {dag.py:2676} INFO - Sync 1 DAGs
[2024-01-23T22:25:10.383+0000] {logging_mixin.py:137} INFO - [2024-01-23T22:25:10.383+0000] {dag.py:3427} INFO - Setting next_dagrun for latest_only to 2024-01-23T18:25:10.383323+00:00, run_after=2024-01-23T22:25:10.383323+00:00
[2024-01-23T22:25:10.406+0000] {processor.py:175} INFO - Processing /home/airflow/.local/lib/python3.7/site-packages/airflow/example_dags/example_latest_only.py took 0.109 seconds
[2024-01-23T22:25:40.614+0000] {processor.py:153} INFO - Started process (PID=4601) to work on /home/airflow/.local/lib/python3.7/site-packages/airflow/example_dags/example_latest_only.py
[2024-01-23T22:25:40.615+0000] {processor.py:743} INFO - Processing file /home/airflow/.local/lib/python3.7/site-packages/airflow/example_dags/example_latest_only.py for tasks to queue
[2024-01-23T22:25:40.616+0000] {logging_mixin.py:137} INFO - [2024-01-23T22:25:40.615+0000] {dagbag.py:538} INFO - Filling up the DagBag from /home/airflow/.local/lib/python3.7/site-packages/airflow/example_dags/example_latest_only.py
[2024-01-23T22:25:40.631+0000] {processor.py:753} INFO - DAG(s) dict_keys(['latest_only']) retrieved from /home/airflow/.local/lib/python3.7/site-packages/airflow/example_dags/example_latest_only.py
[2024-01-23T22:25:40.669+0000] {logging_mixin.py:137} INFO - [2024-01-23T22:25:40.668+0000] {dag.py:2676} INFO - Sync 1 DAGs
[2024-01-23T22:25:40.698+0000] {logging_mixin.py:137} INFO - [2024-01-23T22:25:40.698+0000] {dag.py:3427} INFO - Setting next_dagrun for latest_only to 2024-01-23T18:25:40.698456+00:00, run_after=2024-01-23T22:25:40.698456+00:00
[2024-01-23T22:25:40.727+0000] {processor.py:175} INFO - Processing /home/airflow/.local/lib/python3.7/site-packages/airflow/example_dags/example_latest_only.py took 0.117 seconds
[2024-01-23T22:26:11.095+0000] {processor.py:153} INFO - Started process (PID=4700) to work on /home/airflow/.local/lib/python3.7/site-packages/airflow/example_dags/example_latest_only.py
[2024-01-23T22:26:11.096+0000] {processor.py:743} INFO - Processing file /home/airflow/.local/lib/python3.7/site-packages/airflow/example_dags/example_latest_only.py for tasks to queue
[2024-01-23T22:26:11.097+0000] {logging_mixin.py:137} INFO - [2024-01-23T22:26:11.097+0000] {dagbag.py:538} INFO - Filling up the DagBag from /home/airflow/.local/lib/python3.7/site-packages/airflow/example_dags/example_latest_only.py
[2024-01-23T22:26:11.110+0000] {processor.py:753} INFO - DAG(s) dict_keys(['latest_only']) retrieved from /home/airflow/.local/lib/python3.7/site-packages/airflow/example_dags/example_latest_only.py
[2024-01-23T22:26:11.147+0000] {logging_mixin.py:137} INFO - [2024-01-23T22:26:11.146+0000] {dag.py:2676} INFO - Sync 1 DAGs
[2024-01-23T22:26:11.183+0000] {logging_mixin.py:137} INFO - [2024-01-23T22:26:11.182+0000] {dag.py:3427} INFO - Setting next_dagrun for latest_only to 2024-01-23T18:26:11.182540+00:00, run_after=2024-01-23T22:26:11.182540+00:00
[2024-01-23T22:26:11.212+0000] {processor.py:175} INFO - Processing /home/airflow/.local/lib/python3.7/site-packages/airflow/example_dags/example_latest_only.py took 0.119 seconds
[2024-01-23T22:26:41.303+0000] {processor.py:153} INFO - Started process (PID=4780) to work on /home/airflow/.local/lib/python3.7/site-packages/airflow/example_dags/example_latest_only.py
[2024-01-23T22:26:41.304+0000] {processor.py:743} INFO - Processing file /home/airflow/.local/lib/python3.7/site-packages/airflow/example_dags/example_latest_only.py for tasks to queue
[2024-01-23T22:26:41.305+0000] {logging_mixin.py:137} INFO - [2024-01-23T22:26:41.305+0000] {dagbag.py:538} INFO - Filling up the DagBag from /home/airflow/.local/lib/python3.7/site-packages/airflow/example_dags/example_latest_only.py
[2024-01-23T22:26:41.319+0000] {processor.py:753} INFO - DAG(s) dict_keys(['latest_only']) retrieved from /home/airflow/.local/lib/python3.7/site-packages/airflow/example_dags/example_latest_only.py
[2024-01-23T22:26:41.360+0000] {logging_mixin.py:137} INFO - [2024-01-23T22:26:41.360+0000] {dag.py:2676} INFO - Sync 1 DAGs
[2024-01-23T22:26:41.391+0000] {logging_mixin.py:137} INFO - [2024-01-23T22:26:41.391+0000] {dag.py:3427} INFO - Setting next_dagrun for latest_only to 2024-01-23T18:26:41.391176+00:00, run_after=2024-01-23T22:26:41.391176+00:00
[2024-01-23T22:26:41.415+0000] {processor.py:175} INFO - Processing /home/airflow/.local/lib/python3.7/site-packages/airflow/example_dags/example_latest_only.py took 0.115 seconds
[2024-01-23T22:27:11.590+0000] {processor.py:153} INFO - Started process (PID=4869) to work on /home/airflow/.local/lib/python3.7/site-packages/airflow/example_dags/example_latest_only.py
[2024-01-23T22:27:11.590+0000] {processor.py:743} INFO - Processing file /home/airflow/.local/lib/python3.7/site-packages/airflow/example_dags/example_latest_only.py for tasks to queue
[2024-01-23T22:27:11.591+0000] {logging_mixin.py:137} INFO - [2024-01-23T22:27:11.591+0000] {dagbag.py:538} INFO - Filling up the DagBag from /home/airflow/.local/lib/python3.7/site-packages/airflow/example_dags/example_latest_only.py
[2024-01-23T22:27:11.605+0000] {processor.py:753} INFO - DAG(s) dict_keys(['latest_only']) retrieved from /home/airflow/.local/lib/python3.7/site-packages/airflow/example_dags/example_latest_only.py
[2024-01-23T22:27:11.647+0000] {logging_mixin.py:137} INFO - [2024-01-23T22:27:11.647+0000] {dag.py:2676} INFO - Sync 1 DAGs
[2024-01-23T22:27:11.680+0000] {logging_mixin.py:137} INFO - [2024-01-23T22:27:11.680+0000] {dag.py:3427} INFO - Setting next_dagrun for latest_only to 2024-01-23T18:27:11.679763+00:00, run_after=2024-01-23T22:27:11.679763+00:00
[2024-01-23T22:27:11.705+0000] {processor.py:175} INFO - Processing /home/airflow/.local/lib/python3.7/site-packages/airflow/example_dags/example_latest_only.py took 0.117 seconds
[2024-01-23T22:27:41.874+0000] {processor.py:153} INFO - Started process (PID=4960) to work on /home/airflow/.local/lib/python3.7/site-packages/airflow/example_dags/example_latest_only.py
[2024-01-23T22:27:41.875+0000] {processor.py:743} INFO - Processing file /home/airflow/.local/lib/python3.7/site-packages/airflow/example_dags/example_latest_only.py for tasks to queue
[2024-01-23T22:27:41.876+0000] {logging_mixin.py:137} INFO - [2024-01-23T22:27:41.876+0000] {dagbag.py:538} INFO - Filling up the DagBag from /home/airflow/.local/lib/python3.7/site-packages/airflow/example_dags/example_latest_only.py
[2024-01-23T22:27:41.891+0000] {processor.py:753} INFO - DAG(s) dict_keys(['latest_only']) retrieved from /home/airflow/.local/lib/python3.7/site-packages/airflow/example_dags/example_latest_only.py
[2024-01-23T22:27:41.933+0000] {logging_mixin.py:137} INFO - [2024-01-23T22:27:41.933+0000] {dag.py:2676} INFO - Sync 1 DAGs
[2024-01-23T22:27:41.958+0000] {logging_mixin.py:137} INFO - [2024-01-23T22:27:41.958+0000] {dag.py:3427} INFO - Setting next_dagrun for latest_only to 2024-01-23T18:27:41.958503+00:00, run_after=2024-01-23T22:27:41.958503+00:00
[2024-01-23T22:27:41.979+0000] {processor.py:175} INFO - Processing /home/airflow/.local/lib/python3.7/site-packages/airflow/example_dags/example_latest_only.py took 0.107 seconds
[2024-01-23T22:28:12.168+0000] {processor.py:153} INFO - Started process (PID=5040) to work on /home/airflow/.local/lib/python3.7/site-packages/airflow/example_dags/example_latest_only.py
[2024-01-23T22:28:12.169+0000] {processor.py:743} INFO - Processing file /home/airflow/.local/lib/python3.7/site-packages/airflow/example_dags/example_latest_only.py for tasks to queue
[2024-01-23T22:28:12.169+0000] {logging_mixin.py:137} INFO - [2024-01-23T22:28:12.169+0000] {dagbag.py:538} INFO - Filling up the DagBag from /home/airflow/.local/lib/python3.7/site-packages/airflow/example_dags/example_latest_only.py
[2024-01-23T22:28:12.182+0000] {processor.py:753} INFO - DAG(s) dict_keys(['latest_only']) retrieved from /home/airflow/.local/lib/python3.7/site-packages/airflow/example_dags/example_latest_only.py
[2024-01-23T22:28:12.215+0000] {logging_mixin.py:137} INFO - [2024-01-23T22:28:12.215+0000] {dag.py:2676} INFO - Sync 1 DAGs
[2024-01-23T22:28:12.238+0000] {logging_mixin.py:137} INFO - [2024-01-23T22:28:12.238+0000] {dag.py:3427} INFO - Setting next_dagrun for latest_only to 2024-01-23T18:28:12.238039+00:00, run_after=2024-01-23T22:28:12.238039+00:00
[2024-01-23T22:28:12.256+0000] {processor.py:175} INFO - Processing /home/airflow/.local/lib/python3.7/site-packages/airflow/example_dags/example_latest_only.py took 0.090 seconds
[2024-01-23T22:28:42.871+0000] {processor.py:153} INFO - Started process (PID=5140) to work on /home/airflow/.local/lib/python3.7/site-packages/airflow/example_dags/example_latest_only.py
[2024-01-23T22:28:42.871+0000] {processor.py:743} INFO - Processing file /home/airflow/.local/lib/python3.7/site-packages/airflow/example_dags/example_latest_only.py for tasks to queue
[2024-01-23T22:28:42.872+0000] {logging_mixin.py:137} INFO - [2024-01-23T22:28:42.872+0000] {dagbag.py:538} INFO - Filling up the DagBag from /home/airflow/.local/lib/python3.7/site-packages/airflow/example_dags/example_latest_only.py
[2024-01-23T22:28:42.884+0000] {processor.py:753} INFO - DAG(s) dict_keys(['latest_only']) retrieved from /home/airflow/.local/lib/python3.7/site-packages/airflow/example_dags/example_latest_only.py
[2024-01-23T22:28:42.924+0000] {logging_mixin.py:137} INFO - [2024-01-23T22:28:42.924+0000] {dag.py:2676} INFO - Sync 1 DAGs
[2024-01-23T22:28:42.957+0000] {logging_mixin.py:137} INFO - [2024-01-23T22:28:42.956+0000] {dag.py:3427} INFO - Setting next_dagrun for latest_only to 2024-01-23T18:28:42.956573+00:00, run_after=2024-01-23T22:28:42.956573+00:00
[2024-01-23T22:28:42.981+0000] {processor.py:175} INFO - Processing /home/airflow/.local/lib/python3.7/site-packages/airflow/example_dags/example_latest_only.py took 0.113 seconds
[2024-01-23T22:29:13.083+0000] {processor.py:153} INFO - Started process (PID=5220) to work on /home/airflow/.local/lib/python3.7/site-packages/airflow/example_dags/example_latest_only.py
[2024-01-23T22:29:13.083+0000] {processor.py:743} INFO - Processing file /home/airflow/.local/lib/python3.7/site-packages/airflow/example_dags/example_latest_only.py for tasks to queue
[2024-01-23T22:29:13.084+0000] {logging_mixin.py:137} INFO - [2024-01-23T22:29:13.084+0000] {dagbag.py:538} INFO - Filling up the DagBag from /home/airflow/.local/lib/python3.7/site-packages/airflow/example_dags/example_latest_only.py
[2024-01-23T22:29:13.096+0000] {processor.py:753} INFO - DAG(s) dict_keys(['latest_only']) retrieved from /home/airflow/.local/lib/python3.7/site-packages/airflow/example_dags/example_latest_only.py
[2024-01-23T22:29:13.130+0000] {logging_mixin.py:137} INFO - [2024-01-23T22:29:13.130+0000] {dag.py:2676} INFO - Sync 1 DAGs
[2024-01-23T22:29:13.157+0000] {logging_mixin.py:137} INFO - [2024-01-23T22:29:13.157+0000] {dag.py:3427} INFO - Setting next_dagrun for latest_only to 2024-01-23T18:29:13.157400+00:00, run_after=2024-01-23T22:29:13.157400+00:00
[2024-01-23T22:29:13.180+0000] {processor.py:175} INFO - Processing /home/airflow/.local/lib/python3.7/site-packages/airflow/example_dags/example_latest_only.py took 0.100 seconds
[2024-01-23T22:29:43.464+0000] {processor.py:153} INFO - Started process (PID=5300) to work on /home/airflow/.local/lib/python3.7/site-packages/airflow/example_dags/example_latest_only.py
[2024-01-23T22:29:43.465+0000] {processor.py:743} INFO - Processing file /home/airflow/.local/lib/python3.7/site-packages/airflow/example_dags/example_latest_only.py for tasks to queue
[2024-01-23T22:29:43.466+0000] {logging_mixin.py:137} INFO - [2024-01-23T22:29:43.466+0000] {dagbag.py:538} INFO - Filling up the DagBag from /home/airflow/.local/lib/python3.7/site-packages/airflow/example_dags/example_latest_only.py
[2024-01-23T22:29:43.482+0000] {processor.py:753} INFO - DAG(s) dict_keys(['latest_only']) retrieved from /home/airflow/.local/lib/python3.7/site-packages/airflow/example_dags/example_latest_only.py
[2024-01-23T22:29:43.530+0000] {logging_mixin.py:137} INFO - [2024-01-23T22:29:43.530+0000] {dag.py:2676} INFO - Sync 1 DAGs
[2024-01-23T22:29:43.565+0000] {logging_mixin.py:137} INFO - [2024-01-23T22:29:43.564+0000] {dag.py:3427} INFO - Setting next_dagrun for latest_only to 2024-01-23T18:29:43.564568+00:00, run_after=2024-01-23T22:29:43.564568+00:00
[2024-01-23T22:29:43.591+0000] {processor.py:175} INFO - Processing /home/airflow/.local/lib/python3.7/site-packages/airflow/example_dags/example_latest_only.py took 0.129 seconds
[2024-01-23T22:30:14.252+0000] {processor.py:153} INFO - Started process (PID=5398) to work on /home/airflow/.local/lib/python3.7/site-packages/airflow/example_dags/example_latest_only.py
[2024-01-23T22:30:14.252+0000] {processor.py:743} INFO - Processing file /home/airflow/.local/lib/python3.7/site-packages/airflow/example_dags/example_latest_only.py for tasks to queue
[2024-01-23T22:30:14.253+0000] {logging_mixin.py:137} INFO - [2024-01-23T22:30:14.253+0000] {dagbag.py:538} INFO - Filling up the DagBag from /home/airflow/.local/lib/python3.7/site-packages/airflow/example_dags/example_latest_only.py
[2024-01-23T22:30:14.265+0000] {processor.py:753} INFO - DAG(s) dict_keys(['latest_only']) retrieved from /home/airflow/.local/lib/python3.7/site-packages/airflow/example_dags/example_latest_only.py
[2024-01-23T22:30:14.304+0000] {logging_mixin.py:137} INFO - [2024-01-23T22:30:14.304+0000] {dag.py:2676} INFO - Sync 1 DAGs
[2024-01-23T22:30:14.330+0000] {logging_mixin.py:137} INFO - [2024-01-23T22:30:14.330+0000] {dag.py:3427} INFO - Setting next_dagrun for latest_only to 2024-01-23T18:30:14.329788+00:00, run_after=2024-01-23T22:30:14.329788+00:00
[2024-01-23T22:30:14.350+0000] {processor.py:175} INFO - Processing /home/airflow/.local/lib/python3.7/site-packages/airflow/example_dags/example_latest_only.py took 0.100 seconds
[2024-01-23T22:30:45.440+0000] {processor.py:153} INFO - Started process (PID=5478) to work on /home/airflow/.local/lib/python3.7/site-packages/airflow/example_dags/example_latest_only.py
[2024-01-23T22:30:45.441+0000] {processor.py:743} INFO - Processing file /home/airflow/.local/lib/python3.7/site-packages/airflow/example_dags/example_latest_only.py for tasks to queue
[2024-01-23T22:30:45.441+0000] {logging_mixin.py:137} INFO - [2024-01-23T22:30:45.441+0000] {dagbag.py:538} INFO - Filling up the DagBag from /home/airflow/.local/lib/python3.7/site-packages/airflow/example_dags/example_latest_only.py
[2024-01-23T22:30:45.455+0000] {processor.py:753} INFO - DAG(s) dict_keys(['latest_only']) retrieved from /home/airflow/.local/lib/python3.7/site-packages/airflow/example_dags/example_latest_only.py
[2024-01-23T22:30:45.492+0000] {logging_mixin.py:137} INFO - [2024-01-23T22:30:45.491+0000] {dag.py:2676} INFO - Sync 1 DAGs
[2024-01-23T22:30:45.523+0000] {logging_mixin.py:137} INFO - [2024-01-23T22:30:45.523+0000] {dag.py:3427} INFO - Setting next_dagrun for latest_only to 2024-01-23T18:30:45.523531+00:00, run_after=2024-01-23T22:30:45.523531+00:00
[2024-01-23T22:30:45.545+0000] {processor.py:175} INFO - Processing /home/airflow/.local/lib/python3.7/site-packages/airflow/example_dags/example_latest_only.py took 0.107 seconds
[2024-01-23T22:31:15.703+0000] {processor.py:153} INFO - Started process (PID=5578) to work on /home/airflow/.local/lib/python3.7/site-packages/airflow/example_dags/example_latest_only.py
[2024-01-23T22:31:15.704+0000] {processor.py:743} INFO - Processing file /home/airflow/.local/lib/python3.7/site-packages/airflow/example_dags/example_latest_only.py for tasks to queue
[2024-01-23T22:31:15.704+0000] {logging_mixin.py:137} INFO - [2024-01-23T22:31:15.704+0000] {dagbag.py:538} INFO - Filling up the DagBag from /home/airflow/.local/lib/python3.7/site-packages/airflow/example_dags/example_latest_only.py
[2024-01-23T22:31:15.718+0000] {processor.py:753} INFO - DAG(s) dict_keys(['latest_only']) retrieved from /home/airflow/.local/lib/python3.7/site-packages/airflow/example_dags/example_latest_only.py
[2024-01-23T22:31:15.755+0000] {logging_mixin.py:137} INFO - [2024-01-23T22:31:15.755+0000] {dag.py:2676} INFO - Sync 1 DAGs
[2024-01-23T22:31:15.788+0000] {logging_mixin.py:137} INFO - [2024-01-23T22:31:15.788+0000] {dag.py:3427} INFO - Setting next_dagrun for latest_only to 2024-01-23T18:31:15.788180+00:00, run_after=2024-01-23T22:31:15.788180+00:00
[2024-01-23T22:31:15.808+0000] {processor.py:175} INFO - Processing /home/airflow/.local/lib/python3.7/site-packages/airflow/example_dags/example_latest_only.py took 0.107 seconds
[2024-01-23T22:31:46.123+0000] {processor.py:153} INFO - Started process (PID=5659) to work on /home/airflow/.local/lib/python3.7/site-packages/airflow/example_dags/example_latest_only.py
[2024-01-23T22:31:46.123+0000] {processor.py:743} INFO - Processing file /home/airflow/.local/lib/python3.7/site-packages/airflow/example_dags/example_latest_only.py for tasks to queue
[2024-01-23T22:31:46.124+0000] {logging_mixin.py:137} INFO - [2024-01-23T22:31:46.124+0000] {dagbag.py:538} INFO - Filling up the DagBag from /home/airflow/.local/lib/python3.7/site-packages/airflow/example_dags/example_latest_only.py
[2024-01-23T22:31:46.137+0000] {processor.py:753} INFO - DAG(s) dict_keys(['latest_only']) retrieved from /home/airflow/.local/lib/python3.7/site-packages/airflow/example_dags/example_latest_only.py
[2024-01-23T22:31:46.184+0000] {logging_mixin.py:137} INFO - [2024-01-23T22:31:46.184+0000] {dag.py:2676} INFO - Sync 1 DAGs
[2024-01-23T22:31:46.219+0000] {logging_mixin.py:137} INFO - [2024-01-23T22:31:46.219+0000] {dag.py:3427} INFO - Setting next_dagrun for latest_only to 2024-01-23T18:31:46.219089+00:00, run_after=2024-01-23T22:31:46.219089+00:00
[2024-01-23T22:31:46.239+0000] {processor.py:175} INFO - Processing /home/airflow/.local/lib/python3.7/site-packages/airflow/example_dags/example_latest_only.py took 0.119 seconds
