[2024-01-23T21:50:40.305+0000] {processor.py:153} INFO - Started process (PID=75) to work on /home/airflow/.local/lib/python3.7/site-packages/airflow/example_dags/example_kubernetes_executor.py
[2024-01-23T21:50:40.313+0000] {processor.py:743} INFO - Processing file /home/airflow/.local/lib/python3.7/site-packages/airflow/example_dags/example_kubernetes_executor.py for tasks to queue
[2024-01-23T21:50:40.315+0000] {logging_mixin.py:137} INFO - [2024-01-23T21:50:40.315+0000] {dagbag.py:538} INFO - Filling up the DagBag from /home/airflow/.local/lib/python3.7/site-packages/airflow/example_dags/example_kubernetes_executor.py
[2024-01-23T21:50:40.501+0000] {processor.py:753} INFO - DAG(s) dict_keys(['example_kubernetes_executor']) retrieved from /home/airflow/.local/lib/python3.7/site-packages/airflow/example_dags/example_kubernetes_executor.py
[2024-01-23T21:50:40.671+0000] {logging_mixin.py:137} INFO - [2024-01-23T21:50:40.671+0000] {dag.py:2676} INFO - Sync 1 DAGs
[2024-01-23T21:50:40.740+0000] {logging_mixin.py:137} INFO - [2024-01-23T21:50:40.739+0000] {dag.py:3427} INFO - Setting next_dagrun for example_kubernetes_executor to None, run_after=None
[2024-01-23T21:50:40.783+0000] {processor.py:175} INFO - Processing /home/airflow/.local/lib/python3.7/site-packages/airflow/example_dags/example_kubernetes_executor.py took 0.521 seconds
[2024-01-23T21:51:11.616+0000] {processor.py:153} INFO - Started process (PID=155) to work on /home/airflow/.local/lib/python3.7/site-packages/airflow/example_dags/example_kubernetes_executor.py
[2024-01-23T21:51:11.617+0000] {processor.py:743} INFO - Processing file /home/airflow/.local/lib/python3.7/site-packages/airflow/example_dags/example_kubernetes_executor.py for tasks to queue
[2024-01-23T21:51:11.618+0000] {logging_mixin.py:137} INFO - [2024-01-23T21:51:11.617+0000] {dagbag.py:538} INFO - Filling up the DagBag from /home/airflow/.local/lib/python3.7/site-packages/airflow/example_dags/example_kubernetes_executor.py
[2024-01-23T21:51:11.651+0000] {processor.py:753} INFO - DAG(s) dict_keys(['example_kubernetes_executor']) retrieved from /home/airflow/.local/lib/python3.7/site-packages/airflow/example_dags/example_kubernetes_executor.py
[2024-01-23T21:51:11.693+0000] {logging_mixin.py:137} INFO - [2024-01-23T21:51:11.693+0000] {dag.py:2676} INFO - Sync 1 DAGs
[2024-01-23T21:51:11.724+0000] {logging_mixin.py:137} INFO - [2024-01-23T21:51:11.724+0000] {dag.py:3427} INFO - Setting next_dagrun for example_kubernetes_executor to None, run_after=None
[2024-01-23T21:51:11.753+0000] {processor.py:175} INFO - Processing /home/airflow/.local/lib/python3.7/site-packages/airflow/example_dags/example_kubernetes_executor.py took 0.139 seconds
[2024-01-23T21:51:42.476+0000] {processor.py:153} INFO - Started process (PID=255) to work on /home/airflow/.local/lib/python3.7/site-packages/airflow/example_dags/example_kubernetes_executor.py
[2024-01-23T21:51:42.477+0000] {processor.py:743} INFO - Processing file /home/airflow/.local/lib/python3.7/site-packages/airflow/example_dags/example_kubernetes_executor.py for tasks to queue
[2024-01-23T21:51:42.478+0000] {logging_mixin.py:137} INFO - [2024-01-23T21:51:42.478+0000] {dagbag.py:538} INFO - Filling up the DagBag from /home/airflow/.local/lib/python3.7/site-packages/airflow/example_dags/example_kubernetes_executor.py
[2024-01-23T21:51:42.514+0000] {processor.py:753} INFO - DAG(s) dict_keys(['example_kubernetes_executor']) retrieved from /home/airflow/.local/lib/python3.7/site-packages/airflow/example_dags/example_kubernetes_executor.py
[2024-01-23T21:51:42.558+0000] {logging_mixin.py:137} INFO - [2024-01-23T21:51:42.558+0000] {dag.py:2676} INFO - Sync 1 DAGs
[2024-01-23T21:51:42.590+0000] {logging_mixin.py:137} INFO - [2024-01-23T21:51:42.590+0000] {dag.py:3427} INFO - Setting next_dagrun for example_kubernetes_executor to None, run_after=None
[2024-01-23T21:51:42.613+0000] {processor.py:175} INFO - Processing /home/airflow/.local/lib/python3.7/site-packages/airflow/example_dags/example_kubernetes_executor.py took 0.142 seconds
[2024-01-23T21:52:12.813+0000] {processor.py:153} INFO - Started process (PID=335) to work on /home/airflow/.local/lib/python3.7/site-packages/airflow/example_dags/example_kubernetes_executor.py
[2024-01-23T21:52:12.814+0000] {processor.py:743} INFO - Processing file /home/airflow/.local/lib/python3.7/site-packages/airflow/example_dags/example_kubernetes_executor.py for tasks to queue
[2024-01-23T21:52:12.815+0000] {logging_mixin.py:137} INFO - [2024-01-23T21:52:12.814+0000] {dagbag.py:538} INFO - Filling up the DagBag from /home/airflow/.local/lib/python3.7/site-packages/airflow/example_dags/example_kubernetes_executor.py
[2024-01-23T21:52:12.847+0000] {processor.py:753} INFO - DAG(s) dict_keys(['example_kubernetes_executor']) retrieved from /home/airflow/.local/lib/python3.7/site-packages/airflow/example_dags/example_kubernetes_executor.py
[2024-01-23T21:52:12.889+0000] {logging_mixin.py:137} INFO - [2024-01-23T21:52:12.889+0000] {dag.py:2676} INFO - Sync 1 DAGs
[2024-01-23T21:52:12.920+0000] {logging_mixin.py:137} INFO - [2024-01-23T21:52:12.920+0000] {dag.py:3427} INFO - Setting next_dagrun for example_kubernetes_executor to None, run_after=None
[2024-01-23T21:52:12.943+0000] {processor.py:175} INFO - Processing /home/airflow/.local/lib/python3.7/site-packages/airflow/example_dags/example_kubernetes_executor.py took 0.132 seconds
[2024-01-23T21:52:43.295+0000] {processor.py:153} INFO - Started process (PID=415) to work on /home/airflow/.local/lib/python3.7/site-packages/airflow/example_dags/example_kubernetes_executor.py
[2024-01-23T21:52:43.296+0000] {processor.py:743} INFO - Processing file /home/airflow/.local/lib/python3.7/site-packages/airflow/example_dags/example_kubernetes_executor.py for tasks to queue
[2024-01-23T21:52:43.297+0000] {logging_mixin.py:137} INFO - [2024-01-23T21:52:43.297+0000] {dagbag.py:538} INFO - Filling up the DagBag from /home/airflow/.local/lib/python3.7/site-packages/airflow/example_dags/example_kubernetes_executor.py
[2024-01-23T21:52:43.340+0000] {processor.py:753} INFO - DAG(s) dict_keys(['example_kubernetes_executor']) retrieved from /home/airflow/.local/lib/python3.7/site-packages/airflow/example_dags/example_kubernetes_executor.py
[2024-01-23T21:52:43.388+0000] {logging_mixin.py:137} INFO - [2024-01-23T21:52:43.387+0000] {dag.py:2676} INFO - Sync 1 DAGs
[2024-01-23T21:52:43.418+0000] {logging_mixin.py:137} INFO - [2024-01-23T21:52:43.418+0000] {dag.py:3427} INFO - Setting next_dagrun for example_kubernetes_executor to None, run_after=None
[2024-01-23T21:52:43.440+0000] {processor.py:175} INFO - Processing /home/airflow/.local/lib/python3.7/site-packages/airflow/example_dags/example_kubernetes_executor.py took 0.148 seconds
[2024-01-23T21:53:14.203+0000] {processor.py:153} INFO - Started process (PID=515) to work on /home/airflow/.local/lib/python3.7/site-packages/airflow/example_dags/example_kubernetes_executor.py
[2024-01-23T21:53:14.204+0000] {processor.py:743} INFO - Processing file /home/airflow/.local/lib/python3.7/site-packages/airflow/example_dags/example_kubernetes_executor.py for tasks to queue
[2024-01-23T21:53:14.205+0000] {logging_mixin.py:137} INFO - [2024-01-23T21:53:14.205+0000] {dagbag.py:538} INFO - Filling up the DagBag from /home/airflow/.local/lib/python3.7/site-packages/airflow/example_dags/example_kubernetes_executor.py
[2024-01-23T21:53:14.245+0000] {processor.py:753} INFO - DAG(s) dict_keys(['example_kubernetes_executor']) retrieved from /home/airflow/.local/lib/python3.7/site-packages/airflow/example_dags/example_kubernetes_executor.py
[2024-01-23T21:53:14.297+0000] {logging_mixin.py:137} INFO - [2024-01-23T21:53:14.297+0000] {dag.py:2676} INFO - Sync 1 DAGs
[2024-01-23T21:53:14.332+0000] {logging_mixin.py:137} INFO - [2024-01-23T21:53:14.331+0000] {dag.py:3427} INFO - Setting next_dagrun for example_kubernetes_executor to None, run_after=None
[2024-01-23T21:53:14.355+0000] {processor.py:175} INFO - Processing /home/airflow/.local/lib/python3.7/site-packages/airflow/example_dags/example_kubernetes_executor.py took 0.154 seconds
[2024-01-23T21:53:44.884+0000] {processor.py:153} INFO - Started process (PID=595) to work on /home/airflow/.local/lib/python3.7/site-packages/airflow/example_dags/example_kubernetes_executor.py
[2024-01-23T21:53:44.885+0000] {processor.py:743} INFO - Processing file /home/airflow/.local/lib/python3.7/site-packages/airflow/example_dags/example_kubernetes_executor.py for tasks to queue
[2024-01-23T21:53:44.886+0000] {logging_mixin.py:137} INFO - [2024-01-23T21:53:44.886+0000] {dagbag.py:538} INFO - Filling up the DagBag from /home/airflow/.local/lib/python3.7/site-packages/airflow/example_dags/example_kubernetes_executor.py
[2024-01-23T21:53:44.922+0000] {processor.py:753} INFO - DAG(s) dict_keys(['example_kubernetes_executor']) retrieved from /home/airflow/.local/lib/python3.7/site-packages/airflow/example_dags/example_kubernetes_executor.py
[2024-01-23T21:53:44.965+0000] {logging_mixin.py:137} INFO - [2024-01-23T21:53:44.965+0000] {dag.py:2676} INFO - Sync 1 DAGs
[2024-01-23T21:53:44.990+0000] {logging_mixin.py:137} INFO - [2024-01-23T21:53:44.989+0000] {dag.py:3427} INFO - Setting next_dagrun for example_kubernetes_executor to None, run_after=None
[2024-01-23T21:53:45.010+0000] {processor.py:175} INFO - Processing /home/airflow/.local/lib/python3.7/site-packages/airflow/example_dags/example_kubernetes_executor.py took 0.128 seconds
[2024-01-23T21:59:16.011+0000] {processor.py:153} INFO - Started process (PID=75) to work on /home/airflow/.local/lib/python3.7/site-packages/airflow/example_dags/example_kubernetes_executor.py
[2024-01-23T21:59:16.013+0000] {processor.py:743} INFO - Processing file /home/airflow/.local/lib/python3.7/site-packages/airflow/example_dags/example_kubernetes_executor.py for tasks to queue
[2024-01-23T21:59:16.014+0000] {logging_mixin.py:137} INFO - [2024-01-23T21:59:16.014+0000] {dagbag.py:538} INFO - Filling up the DagBag from /home/airflow/.local/lib/python3.7/site-packages/airflow/example_dags/example_kubernetes_executor.py
[2024-01-23T21:59:16.062+0000] {processor.py:753} INFO - DAG(s) dict_keys(['example_kubernetes_executor']) retrieved from /home/airflow/.local/lib/python3.7/site-packages/airflow/example_dags/example_kubernetes_executor.py
[2024-01-23T21:59:16.135+0000] {logging_mixin.py:137} INFO - [2024-01-23T21:59:16.135+0000] {dag.py:2676} INFO - Sync 1 DAGs
[2024-01-23T21:59:16.182+0000] {logging_mixin.py:137} INFO - [2024-01-23T21:59:16.182+0000] {dag.py:3427} INFO - Setting next_dagrun for example_kubernetes_executor to None, run_after=None
[2024-01-23T21:59:16.215+0000] {processor.py:175} INFO - Processing /home/airflow/.local/lib/python3.7/site-packages/airflow/example_dags/example_kubernetes_executor.py took 0.211 seconds
[2024-01-23T21:59:46.850+0000] {processor.py:153} INFO - Started process (PID=155) to work on /home/airflow/.local/lib/python3.7/site-packages/airflow/example_dags/example_kubernetes_executor.py
[2024-01-23T21:59:46.851+0000] {processor.py:743} INFO - Processing file /home/airflow/.local/lib/python3.7/site-packages/airflow/example_dags/example_kubernetes_executor.py for tasks to queue
[2024-01-23T21:59:46.851+0000] {logging_mixin.py:137} INFO - [2024-01-23T21:59:46.851+0000] {dagbag.py:538} INFO - Filling up the DagBag from /home/airflow/.local/lib/python3.7/site-packages/airflow/example_dags/example_kubernetes_executor.py
[2024-01-23T21:59:46.882+0000] {processor.py:753} INFO - DAG(s) dict_keys(['example_kubernetes_executor']) retrieved from /home/airflow/.local/lib/python3.7/site-packages/airflow/example_dags/example_kubernetes_executor.py
[2024-01-23T21:59:46.924+0000] {logging_mixin.py:137} INFO - [2024-01-23T21:59:46.924+0000] {dag.py:2676} INFO - Sync 1 DAGs
[2024-01-23T21:59:46.949+0000] {logging_mixin.py:137} INFO - [2024-01-23T21:59:46.949+0000] {dag.py:3427} INFO - Setting next_dagrun for example_kubernetes_executor to None, run_after=None
[2024-01-23T21:59:46.971+0000] {processor.py:175} INFO - Processing /home/airflow/.local/lib/python3.7/site-packages/airflow/example_dags/example_kubernetes_executor.py took 0.124 seconds
[2024-01-23T22:00:17.533+0000] {processor.py:153} INFO - Started process (PID=244) to work on /home/airflow/.local/lib/python3.7/site-packages/airflow/example_dags/example_kubernetes_executor.py
[2024-01-23T22:00:17.533+0000] {processor.py:743} INFO - Processing file /home/airflow/.local/lib/python3.7/site-packages/airflow/example_dags/example_kubernetes_executor.py for tasks to queue
[2024-01-23T22:00:17.534+0000] {logging_mixin.py:137} INFO - [2024-01-23T22:00:17.534+0000] {dagbag.py:538} INFO - Filling up the DagBag from /home/airflow/.local/lib/python3.7/site-packages/airflow/example_dags/example_kubernetes_executor.py
[2024-01-23T22:00:17.575+0000] {processor.py:753} INFO - DAG(s) dict_keys(['example_kubernetes_executor']) retrieved from /home/airflow/.local/lib/python3.7/site-packages/airflow/example_dags/example_kubernetes_executor.py
[2024-01-23T22:00:17.635+0000] {logging_mixin.py:137} INFO - [2024-01-23T22:00:17.635+0000] {dag.py:2676} INFO - Sync 1 DAGs
[2024-01-23T22:00:17.671+0000] {logging_mixin.py:137} INFO - [2024-01-23T22:00:17.671+0000] {dag.py:3427} INFO - Setting next_dagrun for example_kubernetes_executor to None, run_after=None
[2024-01-23T22:00:17.726+0000] {processor.py:175} INFO - Processing /home/airflow/.local/lib/python3.7/site-packages/airflow/example_dags/example_kubernetes_executor.py took 0.196 seconds
[2024-01-23T22:00:48.057+0000] {processor.py:153} INFO - Started process (PID=335) to work on /home/airflow/.local/lib/python3.7/site-packages/airflow/example_dags/example_kubernetes_executor.py
[2024-01-23T22:00:48.058+0000] {processor.py:743} INFO - Processing file /home/airflow/.local/lib/python3.7/site-packages/airflow/example_dags/example_kubernetes_executor.py for tasks to queue
[2024-01-23T22:00:48.059+0000] {logging_mixin.py:137} INFO - [2024-01-23T22:00:48.059+0000] {dagbag.py:538} INFO - Filling up the DagBag from /home/airflow/.local/lib/python3.7/site-packages/airflow/example_dags/example_kubernetes_executor.py
[2024-01-23T22:00:48.084+0000] {processor.py:753} INFO - DAG(s) dict_keys(['example_kubernetes_executor']) retrieved from /home/airflow/.local/lib/python3.7/site-packages/airflow/example_dags/example_kubernetes_executor.py
[2024-01-23T22:00:48.125+0000] {logging_mixin.py:137} INFO - [2024-01-23T22:00:48.125+0000] {dag.py:2676} INFO - Sync 1 DAGs
[2024-01-23T22:00:48.154+0000] {logging_mixin.py:137} INFO - [2024-01-23T22:00:48.154+0000] {dag.py:3427} INFO - Setting next_dagrun for example_kubernetes_executor to None, run_after=None
[2024-01-23T22:00:48.176+0000] {processor.py:175} INFO - Processing /home/airflow/.local/lib/python3.7/site-packages/airflow/example_dags/example_kubernetes_executor.py took 0.120 seconds
[2024-01-23T22:01:19.054+0000] {processor.py:153} INFO - Started process (PID=415) to work on /home/airflow/.local/lib/python3.7/site-packages/airflow/example_dags/example_kubernetes_executor.py
[2024-01-23T22:01:19.055+0000] {processor.py:743} INFO - Processing file /home/airflow/.local/lib/python3.7/site-packages/airflow/example_dags/example_kubernetes_executor.py for tasks to queue
[2024-01-23T22:01:19.056+0000] {logging_mixin.py:137} INFO - [2024-01-23T22:01:19.056+0000] {dagbag.py:538} INFO - Filling up the DagBag from /home/airflow/.local/lib/python3.7/site-packages/airflow/example_dags/example_kubernetes_executor.py
[2024-01-23T22:01:19.088+0000] {processor.py:753} INFO - DAG(s) dict_keys(['example_kubernetes_executor']) retrieved from /home/airflow/.local/lib/python3.7/site-packages/airflow/example_dags/example_kubernetes_executor.py
[2024-01-23T22:01:19.136+0000] {logging_mixin.py:137} INFO - [2024-01-23T22:01:19.136+0000] {dag.py:2676} INFO - Sync 1 DAGs
[2024-01-23T22:01:19.169+0000] {logging_mixin.py:137} INFO - [2024-01-23T22:01:19.169+0000] {dag.py:3427} INFO - Setting next_dagrun for example_kubernetes_executor to None, run_after=None
[2024-01-23T22:01:19.194+0000] {processor.py:175} INFO - Processing /home/airflow/.local/lib/python3.7/site-packages/airflow/example_dags/example_kubernetes_executor.py took 0.142 seconds
[2024-01-23T22:01:49.510+0000] {processor.py:153} INFO - Started process (PID=515) to work on /home/airflow/.local/lib/python3.7/site-packages/airflow/example_dags/example_kubernetes_executor.py
[2024-01-23T22:01:49.511+0000] {processor.py:743} INFO - Processing file /home/airflow/.local/lib/python3.7/site-packages/airflow/example_dags/example_kubernetes_executor.py for tasks to queue
[2024-01-23T22:01:49.511+0000] {logging_mixin.py:137} INFO - [2024-01-23T22:01:49.511+0000] {dagbag.py:538} INFO - Filling up the DagBag from /home/airflow/.local/lib/python3.7/site-packages/airflow/example_dags/example_kubernetes_executor.py
[2024-01-23T22:01:49.544+0000] {processor.py:753} INFO - DAG(s) dict_keys(['example_kubernetes_executor']) retrieved from /home/airflow/.local/lib/python3.7/site-packages/airflow/example_dags/example_kubernetes_executor.py
[2024-01-23T22:01:49.592+0000] {logging_mixin.py:137} INFO - [2024-01-23T22:01:49.592+0000] {dag.py:2676} INFO - Sync 1 DAGs
[2024-01-23T22:01:49.620+0000] {logging_mixin.py:137} INFO - [2024-01-23T22:01:49.620+0000] {dag.py:3427} INFO - Setting next_dagrun for example_kubernetes_executor to None, run_after=None
[2024-01-23T22:01:49.651+0000] {processor.py:175} INFO - Processing /home/airflow/.local/lib/python3.7/site-packages/airflow/example_dags/example_kubernetes_executor.py took 0.144 seconds
[2024-01-23T22:02:19.698+0000] {processor.py:153} INFO - Started process (PID=595) to work on /home/airflow/.local/lib/python3.7/site-packages/airflow/example_dags/example_kubernetes_executor.py
[2024-01-23T22:02:19.699+0000] {processor.py:743} INFO - Processing file /home/airflow/.local/lib/python3.7/site-packages/airflow/example_dags/example_kubernetes_executor.py for tasks to queue
[2024-01-23T22:02:19.700+0000] {logging_mixin.py:137} INFO - [2024-01-23T22:02:19.700+0000] {dagbag.py:538} INFO - Filling up the DagBag from /home/airflow/.local/lib/python3.7/site-packages/airflow/example_dags/example_kubernetes_executor.py
[2024-01-23T22:02:19.726+0000] {processor.py:753} INFO - DAG(s) dict_keys(['example_kubernetes_executor']) retrieved from /home/airflow/.local/lib/python3.7/site-packages/airflow/example_dags/example_kubernetes_executor.py
[2024-01-23T22:02:19.771+0000] {logging_mixin.py:137} INFO - [2024-01-23T22:02:19.770+0000] {dag.py:2676} INFO - Sync 1 DAGs
[2024-01-23T22:02:19.797+0000] {logging_mixin.py:137} INFO - [2024-01-23T22:02:19.797+0000] {dag.py:3427} INFO - Setting next_dagrun for example_kubernetes_executor to None, run_after=None
[2024-01-23T22:02:19.818+0000] {processor.py:175} INFO - Processing /home/airflow/.local/lib/python3.7/site-packages/airflow/example_dags/example_kubernetes_executor.py took 0.122 seconds
[2024-01-23T22:02:50.118+0000] {processor.py:153} INFO - Started process (PID=675) to work on /home/airflow/.local/lib/python3.7/site-packages/airflow/example_dags/example_kubernetes_executor.py
[2024-01-23T22:02:50.118+0000] {processor.py:743} INFO - Processing file /home/airflow/.local/lib/python3.7/site-packages/airflow/example_dags/example_kubernetes_executor.py for tasks to queue
[2024-01-23T22:02:50.119+0000] {logging_mixin.py:137} INFO - [2024-01-23T22:02:50.119+0000] {dagbag.py:538} INFO - Filling up the DagBag from /home/airflow/.local/lib/python3.7/site-packages/airflow/example_dags/example_kubernetes_executor.py
[2024-01-23T22:02:50.153+0000] {processor.py:753} INFO - DAG(s) dict_keys(['example_kubernetes_executor']) retrieved from /home/airflow/.local/lib/python3.7/site-packages/airflow/example_dags/example_kubernetes_executor.py
[2024-01-23T22:02:50.200+0000] {logging_mixin.py:137} INFO - [2024-01-23T22:02:50.200+0000] {dag.py:2676} INFO - Sync 1 DAGs
[2024-01-23T22:02:50.225+0000] {logging_mixin.py:137} INFO - [2024-01-23T22:02:50.225+0000] {dag.py:3427} INFO - Setting next_dagrun for example_kubernetes_executor to None, run_after=None
[2024-01-23T22:02:50.253+0000] {processor.py:175} INFO - Processing /home/airflow/.local/lib/python3.7/site-packages/airflow/example_dags/example_kubernetes_executor.py took 0.138 seconds
[2024-01-23T22:03:20.415+0000] {processor.py:153} INFO - Started process (PID=775) to work on /home/airflow/.local/lib/python3.7/site-packages/airflow/example_dags/example_kubernetes_executor.py
[2024-01-23T22:03:20.416+0000] {processor.py:743} INFO - Processing file /home/airflow/.local/lib/python3.7/site-packages/airflow/example_dags/example_kubernetes_executor.py for tasks to queue
[2024-01-23T22:03:20.417+0000] {logging_mixin.py:137} INFO - [2024-01-23T22:03:20.417+0000] {dagbag.py:538} INFO - Filling up the DagBag from /home/airflow/.local/lib/python3.7/site-packages/airflow/example_dags/example_kubernetes_executor.py
[2024-01-23T22:03:20.448+0000] {processor.py:753} INFO - DAG(s) dict_keys(['example_kubernetes_executor']) retrieved from /home/airflow/.local/lib/python3.7/site-packages/airflow/example_dags/example_kubernetes_executor.py
[2024-01-23T22:03:20.496+0000] {logging_mixin.py:137} INFO - [2024-01-23T22:03:20.496+0000] {dag.py:2676} INFO - Sync 1 DAGs
[2024-01-23T22:03:20.532+0000] {logging_mixin.py:137} INFO - [2024-01-23T22:03:20.531+0000] {dag.py:3427} INFO - Setting next_dagrun for example_kubernetes_executor to None, run_after=None
[2024-01-23T22:03:20.559+0000] {processor.py:175} INFO - Processing /home/airflow/.local/lib/python3.7/site-packages/airflow/example_dags/example_kubernetes_executor.py took 0.145 seconds
[2024-01-23T22:03:50.801+0000] {processor.py:153} INFO - Started process (PID=855) to work on /home/airflow/.local/lib/python3.7/site-packages/airflow/example_dags/example_kubernetes_executor.py
[2024-01-23T22:03:50.802+0000] {processor.py:743} INFO - Processing file /home/airflow/.local/lib/python3.7/site-packages/airflow/example_dags/example_kubernetes_executor.py for tasks to queue
[2024-01-23T22:03:50.803+0000] {logging_mixin.py:137} INFO - [2024-01-23T22:03:50.803+0000] {dagbag.py:538} INFO - Filling up the DagBag from /home/airflow/.local/lib/python3.7/site-packages/airflow/example_dags/example_kubernetes_executor.py
[2024-01-23T22:03:50.835+0000] {processor.py:753} INFO - DAG(s) dict_keys(['example_kubernetes_executor']) retrieved from /home/airflow/.local/lib/python3.7/site-packages/airflow/example_dags/example_kubernetes_executor.py
[2024-01-23T22:03:50.875+0000] {logging_mixin.py:137} INFO - [2024-01-23T22:03:50.875+0000] {dag.py:2676} INFO - Sync 1 DAGs
[2024-01-23T22:03:50.901+0000] {logging_mixin.py:137} INFO - [2024-01-23T22:03:50.901+0000] {dag.py:3427} INFO - Setting next_dagrun for example_kubernetes_executor to None, run_after=None
[2024-01-23T22:03:50.923+0000] {processor.py:175} INFO - Processing /home/airflow/.local/lib/python3.7/site-packages/airflow/example_dags/example_kubernetes_executor.py took 0.125 seconds
[2024-01-23T22:04:21.129+0000] {processor.py:153} INFO - Started process (PID=935) to work on /home/airflow/.local/lib/python3.7/site-packages/airflow/example_dags/example_kubernetes_executor.py
[2024-01-23T22:04:21.130+0000] {processor.py:743} INFO - Processing file /home/airflow/.local/lib/python3.7/site-packages/airflow/example_dags/example_kubernetes_executor.py for tasks to queue
[2024-01-23T22:04:21.130+0000] {logging_mixin.py:137} INFO - [2024-01-23T22:04:21.130+0000] {dagbag.py:538} INFO - Filling up the DagBag from /home/airflow/.local/lib/python3.7/site-packages/airflow/example_dags/example_kubernetes_executor.py
[2024-01-23T22:04:21.157+0000] {processor.py:753} INFO - DAG(s) dict_keys(['example_kubernetes_executor']) retrieved from /home/airflow/.local/lib/python3.7/site-packages/airflow/example_dags/example_kubernetes_executor.py
[2024-01-23T22:04:21.195+0000] {logging_mixin.py:137} INFO - [2024-01-23T22:04:21.195+0000] {dag.py:2676} INFO - Sync 1 DAGs
[2024-01-23T22:04:21.224+0000] {logging_mixin.py:137} INFO - [2024-01-23T22:04:21.224+0000] {dag.py:3427} INFO - Setting next_dagrun for example_kubernetes_executor to None, run_after=None
[2024-01-23T22:04:21.245+0000] {processor.py:175} INFO - Processing /home/airflow/.local/lib/python3.7/site-packages/airflow/example_dags/example_kubernetes_executor.py took 0.118 seconds
[2024-01-23T22:04:51.943+0000] {processor.py:153} INFO - Started process (PID=1035) to work on /home/airflow/.local/lib/python3.7/site-packages/airflow/example_dags/example_kubernetes_executor.py
[2024-01-23T22:04:51.944+0000] {processor.py:743} INFO - Processing file /home/airflow/.local/lib/python3.7/site-packages/airflow/example_dags/example_kubernetes_executor.py for tasks to queue
[2024-01-23T22:04:51.944+0000] {logging_mixin.py:137} INFO - [2024-01-23T22:04:51.944+0000] {dagbag.py:538} INFO - Filling up the DagBag from /home/airflow/.local/lib/python3.7/site-packages/airflow/example_dags/example_kubernetes_executor.py
[2024-01-23T22:04:51.971+0000] {processor.py:753} INFO - DAG(s) dict_keys(['example_kubernetes_executor']) retrieved from /home/airflow/.local/lib/python3.7/site-packages/airflow/example_dags/example_kubernetes_executor.py
[2024-01-23T22:04:52.011+0000] {logging_mixin.py:137} INFO - [2024-01-23T22:04:52.011+0000] {dag.py:2676} INFO - Sync 1 DAGs
[2024-01-23T22:04:52.039+0000] {logging_mixin.py:137} INFO - [2024-01-23T22:04:52.039+0000] {dag.py:3427} INFO - Setting next_dagrun for example_kubernetes_executor to None, run_after=None
[2024-01-23T22:04:52.060+0000] {processor.py:175} INFO - Processing /home/airflow/.local/lib/python3.7/site-packages/airflow/example_dags/example_kubernetes_executor.py took 0.119 seconds
[2024-01-23T22:05:22.318+0000] {processor.py:153} INFO - Started process (PID=1115) to work on /home/airflow/.local/lib/python3.7/site-packages/airflow/example_dags/example_kubernetes_executor.py
[2024-01-23T22:05:22.319+0000] {processor.py:743} INFO - Processing file /home/airflow/.local/lib/python3.7/site-packages/airflow/example_dags/example_kubernetes_executor.py for tasks to queue
[2024-01-23T22:05:22.320+0000] {logging_mixin.py:137} INFO - [2024-01-23T22:05:22.320+0000] {dagbag.py:538} INFO - Filling up the DagBag from /home/airflow/.local/lib/python3.7/site-packages/airflow/example_dags/example_kubernetes_executor.py
[2024-01-23T22:05:22.351+0000] {processor.py:753} INFO - DAG(s) dict_keys(['example_kubernetes_executor']) retrieved from /home/airflow/.local/lib/python3.7/site-packages/airflow/example_dags/example_kubernetes_executor.py
[2024-01-23T22:05:22.394+0000] {logging_mixin.py:137} INFO - [2024-01-23T22:05:22.394+0000] {dag.py:2676} INFO - Sync 1 DAGs
[2024-01-23T22:05:22.425+0000] {logging_mixin.py:137} INFO - [2024-01-23T22:05:22.425+0000] {dag.py:3427} INFO - Setting next_dagrun for example_kubernetes_executor to None, run_after=None
[2024-01-23T22:05:22.450+0000] {processor.py:175} INFO - Processing /home/airflow/.local/lib/python3.7/site-packages/airflow/example_dags/example_kubernetes_executor.py took 0.134 seconds
[2024-01-23T22:05:52.635+0000] {processor.py:153} INFO - Started process (PID=1196) to work on /home/airflow/.local/lib/python3.7/site-packages/airflow/example_dags/example_kubernetes_executor.py
[2024-01-23T22:05:52.636+0000] {processor.py:743} INFO - Processing file /home/airflow/.local/lib/python3.7/site-packages/airflow/example_dags/example_kubernetes_executor.py for tasks to queue
[2024-01-23T22:05:52.637+0000] {logging_mixin.py:137} INFO - [2024-01-23T22:05:52.637+0000] {dagbag.py:538} INFO - Filling up the DagBag from /home/airflow/.local/lib/python3.7/site-packages/airflow/example_dags/example_kubernetes_executor.py
[2024-01-23T22:05:52.675+0000] {processor.py:753} INFO - DAG(s) dict_keys(['example_kubernetes_executor']) retrieved from /home/airflow/.local/lib/python3.7/site-packages/airflow/example_dags/example_kubernetes_executor.py
[2024-01-23T22:05:52.717+0000] {logging_mixin.py:137} INFO - [2024-01-23T22:05:52.717+0000] {dag.py:2676} INFO - Sync 1 DAGs
[2024-01-23T22:05:52.748+0000] {logging_mixin.py:137} INFO - [2024-01-23T22:05:52.748+0000] {dag.py:3427} INFO - Setting next_dagrun for example_kubernetes_executor to None, run_after=None
[2024-01-23T22:05:52.777+0000] {processor.py:175} INFO - Processing /home/airflow/.local/lib/python3.7/site-packages/airflow/example_dags/example_kubernetes_executor.py took 0.145 seconds
[2024-01-23T22:06:23.171+0000] {processor.py:153} INFO - Started process (PID=1296) to work on /home/airflow/.local/lib/python3.7/site-packages/airflow/example_dags/example_kubernetes_executor.py
[2024-01-23T22:06:23.172+0000] {processor.py:743} INFO - Processing file /home/airflow/.local/lib/python3.7/site-packages/airflow/example_dags/example_kubernetes_executor.py for tasks to queue
[2024-01-23T22:06:23.173+0000] {logging_mixin.py:137} INFO - [2024-01-23T22:06:23.172+0000] {dagbag.py:538} INFO - Filling up the DagBag from /home/airflow/.local/lib/python3.7/site-packages/airflow/example_dags/example_kubernetes_executor.py
[2024-01-23T22:06:23.199+0000] {processor.py:753} INFO - DAG(s) dict_keys(['example_kubernetes_executor']) retrieved from /home/airflow/.local/lib/python3.7/site-packages/airflow/example_dags/example_kubernetes_executor.py
[2024-01-23T22:06:23.242+0000] {logging_mixin.py:137} INFO - [2024-01-23T22:06:23.242+0000] {dag.py:2676} INFO - Sync 1 DAGs
[2024-01-23T22:06:23.267+0000] {logging_mixin.py:137} INFO - [2024-01-23T22:06:23.267+0000] {dag.py:3427} INFO - Setting next_dagrun for example_kubernetes_executor to None, run_after=None
[2024-01-23T22:06:23.290+0000] {processor.py:175} INFO - Processing /home/airflow/.local/lib/python3.7/site-packages/airflow/example_dags/example_kubernetes_executor.py took 0.121 seconds
[2024-01-23T22:06:54.007+0000] {processor.py:153} INFO - Started process (PID=1375) to work on /home/airflow/.local/lib/python3.7/site-packages/airflow/example_dags/example_kubernetes_executor.py
[2024-01-23T22:06:54.008+0000] {processor.py:743} INFO - Processing file /home/airflow/.local/lib/python3.7/site-packages/airflow/example_dags/example_kubernetes_executor.py for tasks to queue
[2024-01-23T22:06:54.009+0000] {logging_mixin.py:137} INFO - [2024-01-23T22:06:54.009+0000] {dagbag.py:538} INFO - Filling up the DagBag from /home/airflow/.local/lib/python3.7/site-packages/airflow/example_dags/example_kubernetes_executor.py
[2024-01-23T22:06:54.045+0000] {processor.py:753} INFO - DAG(s) dict_keys(['example_kubernetes_executor']) retrieved from /home/airflow/.local/lib/python3.7/site-packages/airflow/example_dags/example_kubernetes_executor.py
[2024-01-23T22:06:54.102+0000] {logging_mixin.py:137} INFO - [2024-01-23T22:06:54.101+0000] {dag.py:2676} INFO - Sync 1 DAGs
[2024-01-23T22:06:54.145+0000] {logging_mixin.py:137} INFO - [2024-01-23T22:06:54.145+0000] {dag.py:3427} INFO - Setting next_dagrun for example_kubernetes_executor to None, run_after=None
[2024-01-23T22:06:54.185+0000] {processor.py:175} INFO - Processing /home/airflow/.local/lib/python3.7/site-packages/airflow/example_dags/example_kubernetes_executor.py took 0.180 seconds
[2024-01-23T22:07:24.324+0000] {processor.py:153} INFO - Started process (PID=1462) to work on /home/airflow/.local/lib/python3.7/site-packages/airflow/example_dags/example_kubernetes_executor.py
[2024-01-23T22:07:24.325+0000] {processor.py:743} INFO - Processing file /home/airflow/.local/lib/python3.7/site-packages/airflow/example_dags/example_kubernetes_executor.py for tasks to queue
[2024-01-23T22:07:24.326+0000] {logging_mixin.py:137} INFO - [2024-01-23T22:07:24.326+0000] {dagbag.py:538} INFO - Filling up the DagBag from /home/airflow/.local/lib/python3.7/site-packages/airflow/example_dags/example_kubernetes_executor.py
[2024-01-23T22:07:24.353+0000] {processor.py:753} INFO - DAG(s) dict_keys(['example_kubernetes_executor']) retrieved from /home/airflow/.local/lib/python3.7/site-packages/airflow/example_dags/example_kubernetes_executor.py
[2024-01-23T22:07:24.394+0000] {logging_mixin.py:137} INFO - [2024-01-23T22:07:24.394+0000] {dag.py:2676} INFO - Sync 1 DAGs
[2024-01-23T22:07:24.430+0000] {logging_mixin.py:137} INFO - [2024-01-23T22:07:24.429+0000] {dag.py:3427} INFO - Setting next_dagrun for example_kubernetes_executor to None, run_after=None
[2024-01-23T22:07:24.453+0000] {processor.py:175} INFO - Processing /home/airflow/.local/lib/python3.7/site-packages/airflow/example_dags/example_kubernetes_executor.py took 0.131 seconds
[2024-01-23T22:07:54.956+0000] {processor.py:153} INFO - Started process (PID=1555) to work on /home/airflow/.local/lib/python3.7/site-packages/airflow/example_dags/example_kubernetes_executor.py
[2024-01-23T22:07:54.957+0000] {processor.py:743} INFO - Processing file /home/airflow/.local/lib/python3.7/site-packages/airflow/example_dags/example_kubernetes_executor.py for tasks to queue
[2024-01-23T22:07:54.958+0000] {logging_mixin.py:137} INFO - [2024-01-23T22:07:54.957+0000] {dagbag.py:538} INFO - Filling up the DagBag from /home/airflow/.local/lib/python3.7/site-packages/airflow/example_dags/example_kubernetes_executor.py
[2024-01-23T22:07:54.989+0000] {processor.py:753} INFO - DAG(s) dict_keys(['example_kubernetes_executor']) retrieved from /home/airflow/.local/lib/python3.7/site-packages/airflow/example_dags/example_kubernetes_executor.py
[2024-01-23T22:07:55.040+0000] {logging_mixin.py:137} INFO - [2024-01-23T22:07:55.040+0000] {dag.py:2676} INFO - Sync 1 DAGs
[2024-01-23T22:07:55.078+0000] {logging_mixin.py:137} INFO - [2024-01-23T22:07:55.078+0000] {dag.py:3427} INFO - Setting next_dagrun for example_kubernetes_executor to None, run_after=None
[2024-01-23T22:07:55.100+0000] {processor.py:175} INFO - Processing /home/airflow/.local/lib/python3.7/site-packages/airflow/example_dags/example_kubernetes_executor.py took 0.146 seconds
[2024-01-23T22:08:25.172+0000] {processor.py:153} INFO - Started process (PID=1635) to work on /home/airflow/.local/lib/python3.7/site-packages/airflow/example_dags/example_kubernetes_executor.py
[2024-01-23T22:08:25.173+0000] {processor.py:743} INFO - Processing file /home/airflow/.local/lib/python3.7/site-packages/airflow/example_dags/example_kubernetes_executor.py for tasks to queue
[2024-01-23T22:08:25.173+0000] {logging_mixin.py:137} INFO - [2024-01-23T22:08:25.173+0000] {dagbag.py:538} INFO - Filling up the DagBag from /home/airflow/.local/lib/python3.7/site-packages/airflow/example_dags/example_kubernetes_executor.py
[2024-01-23T22:08:25.204+0000] {processor.py:753} INFO - DAG(s) dict_keys(['example_kubernetes_executor']) retrieved from /home/airflow/.local/lib/python3.7/site-packages/airflow/example_dags/example_kubernetes_executor.py
[2024-01-23T22:08:25.248+0000] {logging_mixin.py:137} INFO - [2024-01-23T22:08:25.247+0000] {dag.py:2676} INFO - Sync 1 DAGs
[2024-01-23T22:08:25.278+0000] {logging_mixin.py:137} INFO - [2024-01-23T22:08:25.277+0000] {dag.py:3427} INFO - Setting next_dagrun for example_kubernetes_executor to None, run_after=None
[2024-01-23T22:08:25.304+0000] {processor.py:175} INFO - Processing /home/airflow/.local/lib/python3.7/site-packages/airflow/example_dags/example_kubernetes_executor.py took 0.134 seconds
[2024-01-23T22:08:55.468+0000] {processor.py:153} INFO - Started process (PID=1735) to work on /home/airflow/.local/lib/python3.7/site-packages/airflow/example_dags/example_kubernetes_executor.py
[2024-01-23T22:08:55.469+0000] {processor.py:743} INFO - Processing file /home/airflow/.local/lib/python3.7/site-packages/airflow/example_dags/example_kubernetes_executor.py for tasks to queue
[2024-01-23T22:08:55.470+0000] {logging_mixin.py:137} INFO - [2024-01-23T22:08:55.469+0000] {dagbag.py:538} INFO - Filling up the DagBag from /home/airflow/.local/lib/python3.7/site-packages/airflow/example_dags/example_kubernetes_executor.py
[2024-01-23T22:08:55.517+0000] {processor.py:753} INFO - DAG(s) dict_keys(['example_kubernetes_executor']) retrieved from /home/airflow/.local/lib/python3.7/site-packages/airflow/example_dags/example_kubernetes_executor.py
[2024-01-23T22:08:55.591+0000] {logging_mixin.py:137} INFO - [2024-01-23T22:08:55.591+0000] {dag.py:2676} INFO - Sync 1 DAGs
[2024-01-23T22:08:55.628+0000] {logging_mixin.py:137} INFO - [2024-01-23T22:08:55.628+0000] {dag.py:3427} INFO - Setting next_dagrun for example_kubernetes_executor to None, run_after=None
[2024-01-23T22:08:55.658+0000] {processor.py:175} INFO - Processing /home/airflow/.local/lib/python3.7/site-packages/airflow/example_dags/example_kubernetes_executor.py took 0.193 seconds
[2024-01-23T22:09:26.579+0000] {processor.py:153} INFO - Started process (PID=1815) to work on /home/airflow/.local/lib/python3.7/site-packages/airflow/example_dags/example_kubernetes_executor.py
[2024-01-23T22:09:26.580+0000] {processor.py:743} INFO - Processing file /home/airflow/.local/lib/python3.7/site-packages/airflow/example_dags/example_kubernetes_executor.py for tasks to queue
[2024-01-23T22:09:26.581+0000] {logging_mixin.py:137} INFO - [2024-01-23T22:09:26.580+0000] {dagbag.py:538} INFO - Filling up the DagBag from /home/airflow/.local/lib/python3.7/site-packages/airflow/example_dags/example_kubernetes_executor.py
[2024-01-23T22:09:26.607+0000] {processor.py:753} INFO - DAG(s) dict_keys(['example_kubernetes_executor']) retrieved from /home/airflow/.local/lib/python3.7/site-packages/airflow/example_dags/example_kubernetes_executor.py
[2024-01-23T22:09:26.650+0000] {logging_mixin.py:137} INFO - [2024-01-23T22:09:26.650+0000] {dag.py:2676} INFO - Sync 1 DAGs
[2024-01-23T22:09:26.676+0000] {logging_mixin.py:137} INFO - [2024-01-23T22:09:26.676+0000] {dag.py:3427} INFO - Setting next_dagrun for example_kubernetes_executor to None, run_after=None
[2024-01-23T22:09:26.697+0000] {processor.py:175} INFO - Processing /home/airflow/.local/lib/python3.7/site-packages/airflow/example_dags/example_kubernetes_executor.py took 0.120 seconds
[2024-01-23T22:09:57.414+0000] {processor.py:153} INFO - Started process (PID=1895) to work on /home/airflow/.local/lib/python3.7/site-packages/airflow/example_dags/example_kubernetes_executor.py
[2024-01-23T22:09:57.414+0000] {processor.py:743} INFO - Processing file /home/airflow/.local/lib/python3.7/site-packages/airflow/example_dags/example_kubernetes_executor.py for tasks to queue
[2024-01-23T22:09:57.415+0000] {logging_mixin.py:137} INFO - [2024-01-23T22:09:57.415+0000] {dagbag.py:538} INFO - Filling up the DagBag from /home/airflow/.local/lib/python3.7/site-packages/airflow/example_dags/example_kubernetes_executor.py
[2024-01-23T22:09:57.442+0000] {processor.py:753} INFO - DAG(s) dict_keys(['example_kubernetes_executor']) retrieved from /home/airflow/.local/lib/python3.7/site-packages/airflow/example_dags/example_kubernetes_executor.py
[2024-01-23T22:09:57.478+0000] {logging_mixin.py:137} INFO - [2024-01-23T22:09:57.477+0000] {dag.py:2676} INFO - Sync 1 DAGs
[2024-01-23T22:09:57.506+0000] {logging_mixin.py:137} INFO - [2024-01-23T22:09:57.505+0000] {dag.py:3427} INFO - Setting next_dagrun for example_kubernetes_executor to None, run_after=None
[2024-01-23T22:09:57.526+0000] {processor.py:175} INFO - Processing /home/airflow/.local/lib/python3.7/site-packages/airflow/example_dags/example_kubernetes_executor.py took 0.115 seconds
[2024-01-23T22:10:27.615+0000] {processor.py:153} INFO - Started process (PID=1995) to work on /home/airflow/.local/lib/python3.7/site-packages/airflow/example_dags/example_kubernetes_executor.py
[2024-01-23T22:10:27.616+0000] {processor.py:743} INFO - Processing file /home/airflow/.local/lib/python3.7/site-packages/airflow/example_dags/example_kubernetes_executor.py for tasks to queue
[2024-01-23T22:10:27.617+0000] {logging_mixin.py:137} INFO - [2024-01-23T22:10:27.617+0000] {dagbag.py:538} INFO - Filling up the DagBag from /home/airflow/.local/lib/python3.7/site-packages/airflow/example_dags/example_kubernetes_executor.py
[2024-01-23T22:10:27.653+0000] {processor.py:753} INFO - DAG(s) dict_keys(['example_kubernetes_executor']) retrieved from /home/airflow/.local/lib/python3.7/site-packages/airflow/example_dags/example_kubernetes_executor.py
[2024-01-23T22:10:27.705+0000] {logging_mixin.py:137} INFO - [2024-01-23T22:10:27.705+0000] {dag.py:2676} INFO - Sync 1 DAGs
[2024-01-23T22:10:27.760+0000] {logging_mixin.py:137} INFO - [2024-01-23T22:10:27.760+0000] {dag.py:3427} INFO - Setting next_dagrun for example_kubernetes_executor to None, run_after=None
[2024-01-23T22:10:27.790+0000] {processor.py:175} INFO - Processing /home/airflow/.local/lib/python3.7/site-packages/airflow/example_dags/example_kubernetes_executor.py took 0.177 seconds
[2024-01-23T22:10:58.105+0000] {processor.py:153} INFO - Started process (PID=2075) to work on /home/airflow/.local/lib/python3.7/site-packages/airflow/example_dags/example_kubernetes_executor.py
[2024-01-23T22:10:58.105+0000] {processor.py:743} INFO - Processing file /home/airflow/.local/lib/python3.7/site-packages/airflow/example_dags/example_kubernetes_executor.py for tasks to queue
[2024-01-23T22:10:58.106+0000] {logging_mixin.py:137} INFO - [2024-01-23T22:10:58.106+0000] {dagbag.py:538} INFO - Filling up the DagBag from /home/airflow/.local/lib/python3.7/site-packages/airflow/example_dags/example_kubernetes_executor.py
[2024-01-23T22:10:58.135+0000] {processor.py:753} INFO - DAG(s) dict_keys(['example_kubernetes_executor']) retrieved from /home/airflow/.local/lib/python3.7/site-packages/airflow/example_dags/example_kubernetes_executor.py
[2024-01-23T22:10:58.179+0000] {logging_mixin.py:137} INFO - [2024-01-23T22:10:58.179+0000] {dag.py:2676} INFO - Sync 1 DAGs
[2024-01-23T22:10:58.208+0000] {logging_mixin.py:137} INFO - [2024-01-23T22:10:58.208+0000] {dag.py:3427} INFO - Setting next_dagrun for example_kubernetes_executor to None, run_after=None
[2024-01-23T22:10:58.244+0000] {processor.py:175} INFO - Processing /home/airflow/.local/lib/python3.7/site-packages/airflow/example_dags/example_kubernetes_executor.py took 0.141 seconds
[2024-01-23T22:11:28.420+0000] {processor.py:153} INFO - Started process (PID=2155) to work on /home/airflow/.local/lib/python3.7/site-packages/airflow/example_dags/example_kubernetes_executor.py
[2024-01-23T22:11:28.421+0000] {processor.py:743} INFO - Processing file /home/airflow/.local/lib/python3.7/site-packages/airflow/example_dags/example_kubernetes_executor.py for tasks to queue
[2024-01-23T22:11:28.421+0000] {logging_mixin.py:137} INFO - [2024-01-23T22:11:28.421+0000] {dagbag.py:538} INFO - Filling up the DagBag from /home/airflow/.local/lib/python3.7/site-packages/airflow/example_dags/example_kubernetes_executor.py
[2024-01-23T22:11:28.446+0000] {processor.py:753} INFO - DAG(s) dict_keys(['example_kubernetes_executor']) retrieved from /home/airflow/.local/lib/python3.7/site-packages/airflow/example_dags/example_kubernetes_executor.py
[2024-01-23T22:11:28.489+0000] {logging_mixin.py:137} INFO - [2024-01-23T22:11:28.489+0000] {dag.py:2676} INFO - Sync 1 DAGs
[2024-01-23T22:11:28.513+0000] {logging_mixin.py:137} INFO - [2024-01-23T22:11:28.513+0000] {dag.py:3427} INFO - Setting next_dagrun for example_kubernetes_executor to None, run_after=None
[2024-01-23T22:11:28.532+0000] {processor.py:175} INFO - Processing /home/airflow/.local/lib/python3.7/site-packages/airflow/example_dags/example_kubernetes_executor.py took 0.114 seconds
[2024-01-23T22:11:58.927+0000] {processor.py:153} INFO - Started process (PID=2255) to work on /home/airflow/.local/lib/python3.7/site-packages/airflow/example_dags/example_kubernetes_executor.py
[2024-01-23T22:11:58.928+0000] {processor.py:743} INFO - Processing file /home/airflow/.local/lib/python3.7/site-packages/airflow/example_dags/example_kubernetes_executor.py for tasks to queue
[2024-01-23T22:11:58.929+0000] {logging_mixin.py:137} INFO - [2024-01-23T22:11:58.929+0000] {dagbag.py:538} INFO - Filling up the DagBag from /home/airflow/.local/lib/python3.7/site-packages/airflow/example_dags/example_kubernetes_executor.py
[2024-01-23T22:11:58.962+0000] {processor.py:753} INFO - DAG(s) dict_keys(['example_kubernetes_executor']) retrieved from /home/airflow/.local/lib/python3.7/site-packages/airflow/example_dags/example_kubernetes_executor.py
[2024-01-23T22:11:59.021+0000] {logging_mixin.py:137} INFO - [2024-01-23T22:11:59.020+0000] {dag.py:2676} INFO - Sync 1 DAGs
[2024-01-23T22:11:59.052+0000] {logging_mixin.py:137} INFO - [2024-01-23T22:11:59.052+0000] {dag.py:3427} INFO - Setting next_dagrun for example_kubernetes_executor to None, run_after=None
[2024-01-23T22:11:59.072+0000] {processor.py:175} INFO - Processing /home/airflow/.local/lib/python3.7/site-packages/airflow/example_dags/example_kubernetes_executor.py took 0.148 seconds
[2024-01-23T22:12:29.207+0000] {processor.py:153} INFO - Started process (PID=2335) to work on /home/airflow/.local/lib/python3.7/site-packages/airflow/example_dags/example_kubernetes_executor.py
[2024-01-23T22:12:29.207+0000] {processor.py:743} INFO - Processing file /home/airflow/.local/lib/python3.7/site-packages/airflow/example_dags/example_kubernetes_executor.py for tasks to queue
[2024-01-23T22:12:29.208+0000] {logging_mixin.py:137} INFO - [2024-01-23T22:12:29.208+0000] {dagbag.py:538} INFO - Filling up the DagBag from /home/airflow/.local/lib/python3.7/site-packages/airflow/example_dags/example_kubernetes_executor.py
[2024-01-23T22:12:29.241+0000] {processor.py:753} INFO - DAG(s) dict_keys(['example_kubernetes_executor']) retrieved from /home/airflow/.local/lib/python3.7/site-packages/airflow/example_dags/example_kubernetes_executor.py
[2024-01-23T22:12:29.289+0000] {logging_mixin.py:137} INFO - [2024-01-23T22:12:29.289+0000] {dag.py:2676} INFO - Sync 1 DAGs
[2024-01-23T22:12:29.316+0000] {logging_mixin.py:137} INFO - [2024-01-23T22:12:29.315+0000] {dag.py:3427} INFO - Setting next_dagrun for example_kubernetes_executor to None, run_after=None
[2024-01-23T22:12:29.334+0000] {processor.py:175} INFO - Processing /home/airflow/.local/lib/python3.7/site-packages/airflow/example_dags/example_kubernetes_executor.py took 0.130 seconds
[2024-01-23T22:12:59.480+0000] {processor.py:153} INFO - Started process (PID=2415) to work on /home/airflow/.local/lib/python3.7/site-packages/airflow/example_dags/example_kubernetes_executor.py
[2024-01-23T22:12:59.480+0000] {processor.py:743} INFO - Processing file /home/airflow/.local/lib/python3.7/site-packages/airflow/example_dags/example_kubernetes_executor.py for tasks to queue
[2024-01-23T22:12:59.481+0000] {logging_mixin.py:137} INFO - [2024-01-23T22:12:59.481+0000] {dagbag.py:538} INFO - Filling up the DagBag from /home/airflow/.local/lib/python3.7/site-packages/airflow/example_dags/example_kubernetes_executor.py
[2024-01-23T22:12:59.511+0000] {processor.py:753} INFO - DAG(s) dict_keys(['example_kubernetes_executor']) retrieved from /home/airflow/.local/lib/python3.7/site-packages/airflow/example_dags/example_kubernetes_executor.py
[2024-01-23T22:12:59.556+0000] {logging_mixin.py:137} INFO - [2024-01-23T22:12:59.556+0000] {dag.py:2676} INFO - Sync 1 DAGs
[2024-01-23T22:12:59.586+0000] {logging_mixin.py:137} INFO - [2024-01-23T22:12:59.586+0000] {dag.py:3427} INFO - Setting next_dagrun for example_kubernetes_executor to None, run_after=None
[2024-01-23T22:12:59.605+0000] {processor.py:175} INFO - Processing /home/airflow/.local/lib/python3.7/site-packages/airflow/example_dags/example_kubernetes_executor.py took 0.128 seconds
[2024-01-23T22:13:30.516+0000] {processor.py:153} INFO - Started process (PID=2515) to work on /home/airflow/.local/lib/python3.7/site-packages/airflow/example_dags/example_kubernetes_executor.py
[2024-01-23T22:13:30.517+0000] {processor.py:743} INFO - Processing file /home/airflow/.local/lib/python3.7/site-packages/airflow/example_dags/example_kubernetes_executor.py for tasks to queue
[2024-01-23T22:13:30.518+0000] {logging_mixin.py:137} INFO - [2024-01-23T22:13:30.518+0000] {dagbag.py:538} INFO - Filling up the DagBag from /home/airflow/.local/lib/python3.7/site-packages/airflow/example_dags/example_kubernetes_executor.py
[2024-01-23T22:13:30.554+0000] {processor.py:753} INFO - DAG(s) dict_keys(['example_kubernetes_executor']) retrieved from /home/airflow/.local/lib/python3.7/site-packages/airflow/example_dags/example_kubernetes_executor.py
[2024-01-23T22:13:30.604+0000] {logging_mixin.py:137} INFO - [2024-01-23T22:13:30.604+0000] {dag.py:2676} INFO - Sync 1 DAGs
[2024-01-23T22:13:30.640+0000] {logging_mixin.py:137} INFO - [2024-01-23T22:13:30.640+0000] {dag.py:3427} INFO - Setting next_dagrun for example_kubernetes_executor to None, run_after=None
[2024-01-23T22:13:30.660+0000] {processor.py:175} INFO - Processing /home/airflow/.local/lib/python3.7/site-packages/airflow/example_dags/example_kubernetes_executor.py took 0.147 seconds
[2024-01-23T22:14:00.710+0000] {processor.py:153} INFO - Started process (PID=2594) to work on /home/airflow/.local/lib/python3.7/site-packages/airflow/example_dags/example_kubernetes_executor.py
[2024-01-23T22:14:00.711+0000] {processor.py:743} INFO - Processing file /home/airflow/.local/lib/python3.7/site-packages/airflow/example_dags/example_kubernetes_executor.py for tasks to queue
[2024-01-23T22:14:00.712+0000] {logging_mixin.py:137} INFO - [2024-01-23T22:14:00.712+0000] {dagbag.py:538} INFO - Filling up the DagBag from /home/airflow/.local/lib/python3.7/site-packages/airflow/example_dags/example_kubernetes_executor.py
[2024-01-23T22:14:00.743+0000] {processor.py:753} INFO - DAG(s) dict_keys(['example_kubernetes_executor']) retrieved from /home/airflow/.local/lib/python3.7/site-packages/airflow/example_dags/example_kubernetes_executor.py
[2024-01-23T22:14:00.790+0000] {logging_mixin.py:137} INFO - [2024-01-23T22:14:00.790+0000] {dag.py:2676} INFO - Sync 1 DAGs
[2024-01-23T22:14:00.823+0000] {logging_mixin.py:137} INFO - [2024-01-23T22:14:00.823+0000] {dag.py:3427} INFO - Setting next_dagrun for example_kubernetes_executor to None, run_after=None
[2024-01-23T22:14:00.846+0000] {processor.py:175} INFO - Processing /home/airflow/.local/lib/python3.7/site-packages/airflow/example_dags/example_kubernetes_executor.py took 0.138 seconds
[2024-01-23T22:14:31.169+0000] {processor.py:153} INFO - Started process (PID=2682) to work on /home/airflow/.local/lib/python3.7/site-packages/airflow/example_dags/example_kubernetes_executor.py
[2024-01-23T22:14:31.170+0000] {processor.py:743} INFO - Processing file /home/airflow/.local/lib/python3.7/site-packages/airflow/example_dags/example_kubernetes_executor.py for tasks to queue
[2024-01-23T22:14:31.171+0000] {logging_mixin.py:137} INFO - [2024-01-23T22:14:31.170+0000] {dagbag.py:538} INFO - Filling up the DagBag from /home/airflow/.local/lib/python3.7/site-packages/airflow/example_dags/example_kubernetes_executor.py
[2024-01-23T22:14:31.211+0000] {processor.py:753} INFO - DAG(s) dict_keys(['example_kubernetes_executor']) retrieved from /home/airflow/.local/lib/python3.7/site-packages/airflow/example_dags/example_kubernetes_executor.py
[2024-01-23T22:14:31.265+0000] {logging_mixin.py:137} INFO - [2024-01-23T22:14:31.265+0000] {dag.py:2676} INFO - Sync 1 DAGs
[2024-01-23T22:14:31.300+0000] {logging_mixin.py:137} INFO - [2024-01-23T22:14:31.300+0000] {dag.py:3427} INFO - Setting next_dagrun for example_kubernetes_executor to None, run_after=None
[2024-01-23T22:14:31.332+0000] {processor.py:175} INFO - Processing /home/airflow/.local/lib/python3.7/site-packages/airflow/example_dags/example_kubernetes_executor.py took 0.166 seconds
[2024-01-23T22:15:02.167+0000] {processor.py:153} INFO - Started process (PID=2776) to work on /home/airflow/.local/lib/python3.7/site-packages/airflow/example_dags/example_kubernetes_executor.py
[2024-01-23T22:15:02.168+0000] {processor.py:743} INFO - Processing file /home/airflow/.local/lib/python3.7/site-packages/airflow/example_dags/example_kubernetes_executor.py for tasks to queue
[2024-01-23T22:15:02.169+0000] {logging_mixin.py:137} INFO - [2024-01-23T22:15:02.169+0000] {dagbag.py:538} INFO - Filling up the DagBag from /home/airflow/.local/lib/python3.7/site-packages/airflow/example_dags/example_kubernetes_executor.py
[2024-01-23T22:15:02.201+0000] {processor.py:753} INFO - DAG(s) dict_keys(['example_kubernetes_executor']) retrieved from /home/airflow/.local/lib/python3.7/site-packages/airflow/example_dags/example_kubernetes_executor.py
[2024-01-23T22:15:02.239+0000] {logging_mixin.py:137} INFO - [2024-01-23T22:15:02.238+0000] {dag.py:2676} INFO - Sync 1 DAGs
[2024-01-23T22:15:02.266+0000] {logging_mixin.py:137} INFO - [2024-01-23T22:15:02.266+0000] {dag.py:3427} INFO - Setting next_dagrun for example_kubernetes_executor to None, run_after=None
[2024-01-23T22:15:02.286+0000] {processor.py:175} INFO - Processing /home/airflow/.local/lib/python3.7/site-packages/airflow/example_dags/example_kubernetes_executor.py took 0.122 seconds
[2024-01-23T22:15:32.421+0000] {processor.py:153} INFO - Started process (PID=2857) to work on /home/airflow/.local/lib/python3.7/site-packages/airflow/example_dags/example_kubernetes_executor.py
[2024-01-23T22:15:32.421+0000] {processor.py:743} INFO - Processing file /home/airflow/.local/lib/python3.7/site-packages/airflow/example_dags/example_kubernetes_executor.py for tasks to queue
[2024-01-23T22:15:32.422+0000] {logging_mixin.py:137} INFO - [2024-01-23T22:15:32.422+0000] {dagbag.py:538} INFO - Filling up the DagBag from /home/airflow/.local/lib/python3.7/site-packages/airflow/example_dags/example_kubernetes_executor.py
[2024-01-23T22:15:32.452+0000] {processor.py:753} INFO - DAG(s) dict_keys(['example_kubernetes_executor']) retrieved from /home/airflow/.local/lib/python3.7/site-packages/airflow/example_dags/example_kubernetes_executor.py
[2024-01-23T22:15:32.501+0000] {logging_mixin.py:137} INFO - [2024-01-23T22:15:32.501+0000] {dag.py:2676} INFO - Sync 1 DAGs
[2024-01-23T22:15:32.526+0000] {logging_mixin.py:137} INFO - [2024-01-23T22:15:32.526+0000] {dag.py:3427} INFO - Setting next_dagrun for example_kubernetes_executor to None, run_after=None
[2024-01-23T22:15:32.547+0000] {processor.py:175} INFO - Processing /home/airflow/.local/lib/python3.7/site-packages/airflow/example_dags/example_kubernetes_executor.py took 0.129 seconds
[2024-01-23T22:16:02.743+0000] {processor.py:153} INFO - Started process (PID=2957) to work on /home/airflow/.local/lib/python3.7/site-packages/airflow/example_dags/example_kubernetes_executor.py
[2024-01-23T22:16:02.744+0000] {processor.py:743} INFO - Processing file /home/airflow/.local/lib/python3.7/site-packages/airflow/example_dags/example_kubernetes_executor.py for tasks to queue
[2024-01-23T22:16:02.745+0000] {logging_mixin.py:137} INFO - [2024-01-23T22:16:02.745+0000] {dagbag.py:538} INFO - Filling up the DagBag from /home/airflow/.local/lib/python3.7/site-packages/airflow/example_dags/example_kubernetes_executor.py
[2024-01-23T22:16:02.774+0000] {processor.py:753} INFO - DAG(s) dict_keys(['example_kubernetes_executor']) retrieved from /home/airflow/.local/lib/python3.7/site-packages/airflow/example_dags/example_kubernetes_executor.py
[2024-01-23T22:16:02.825+0000] {logging_mixin.py:137} INFO - [2024-01-23T22:16:02.825+0000] {dag.py:2676} INFO - Sync 1 DAGs
[2024-01-23T22:16:02.858+0000] {logging_mixin.py:137} INFO - [2024-01-23T22:16:02.858+0000] {dag.py:3427} INFO - Setting next_dagrun for example_kubernetes_executor to None, run_after=None
[2024-01-23T22:16:02.881+0000] {processor.py:175} INFO - Processing /home/airflow/.local/lib/python3.7/site-packages/airflow/example_dags/example_kubernetes_executor.py took 0.141 seconds
[2024-01-23T22:16:33.783+0000] {processor.py:153} INFO - Started process (PID=3036) to work on /home/airflow/.local/lib/python3.7/site-packages/airflow/example_dags/example_kubernetes_executor.py
[2024-01-23T22:16:33.784+0000] {processor.py:743} INFO - Processing file /home/airflow/.local/lib/python3.7/site-packages/airflow/example_dags/example_kubernetes_executor.py for tasks to queue
[2024-01-23T22:16:33.785+0000] {logging_mixin.py:137} INFO - [2024-01-23T22:16:33.784+0000] {dagbag.py:538} INFO - Filling up the DagBag from /home/airflow/.local/lib/python3.7/site-packages/airflow/example_dags/example_kubernetes_executor.py
[2024-01-23T22:16:33.811+0000] {processor.py:753} INFO - DAG(s) dict_keys(['example_kubernetes_executor']) retrieved from /home/airflow/.local/lib/python3.7/site-packages/airflow/example_dags/example_kubernetes_executor.py
[2024-01-23T22:16:33.850+0000] {logging_mixin.py:137} INFO - [2024-01-23T22:16:33.850+0000] {dag.py:2676} INFO - Sync 1 DAGs
[2024-01-23T22:16:33.874+0000] {logging_mixin.py:137} INFO - [2024-01-23T22:16:33.874+0000] {dag.py:3427} INFO - Setting next_dagrun for example_kubernetes_executor to None, run_after=None
[2024-01-23T22:16:33.897+0000] {processor.py:175} INFO - Processing /home/airflow/.local/lib/python3.7/site-packages/airflow/example_dags/example_kubernetes_executor.py took 0.116 seconds
[2024-01-23T22:17:04.061+0000] {processor.py:153} INFO - Started process (PID=3116) to work on /home/airflow/.local/lib/python3.7/site-packages/airflow/example_dags/example_kubernetes_executor.py
[2024-01-23T22:17:04.061+0000] {processor.py:743} INFO - Processing file /home/airflow/.local/lib/python3.7/site-packages/airflow/example_dags/example_kubernetes_executor.py for tasks to queue
[2024-01-23T22:17:04.062+0000] {logging_mixin.py:137} INFO - [2024-01-23T22:17:04.062+0000] {dagbag.py:538} INFO - Filling up the DagBag from /home/airflow/.local/lib/python3.7/site-packages/airflow/example_dags/example_kubernetes_executor.py
[2024-01-23T22:17:04.088+0000] {processor.py:753} INFO - DAG(s) dict_keys(['example_kubernetes_executor']) retrieved from /home/airflow/.local/lib/python3.7/site-packages/airflow/example_dags/example_kubernetes_executor.py
[2024-01-23T22:17:04.128+0000] {logging_mixin.py:137} INFO - [2024-01-23T22:17:04.128+0000] {dag.py:2676} INFO - Sync 1 DAGs
[2024-01-23T22:17:04.165+0000] {logging_mixin.py:137} INFO - [2024-01-23T22:17:04.165+0000] {dag.py:3427} INFO - Setting next_dagrun for example_kubernetes_executor to None, run_after=None
[2024-01-23T22:17:04.195+0000] {processor.py:175} INFO - Processing /home/airflow/.local/lib/python3.7/site-packages/airflow/example_dags/example_kubernetes_executor.py took 0.137 seconds
[2024-01-23T22:17:34.302+0000] {processor.py:153} INFO - Started process (PID=3215) to work on /home/airflow/.local/lib/python3.7/site-packages/airflow/example_dags/example_kubernetes_executor.py
[2024-01-23T22:17:34.302+0000] {processor.py:743} INFO - Processing file /home/airflow/.local/lib/python3.7/site-packages/airflow/example_dags/example_kubernetes_executor.py for tasks to queue
[2024-01-23T22:17:34.303+0000] {logging_mixin.py:137} INFO - [2024-01-23T22:17:34.303+0000] {dagbag.py:538} INFO - Filling up the DagBag from /home/airflow/.local/lib/python3.7/site-packages/airflow/example_dags/example_kubernetes_executor.py
[2024-01-23T22:17:34.335+0000] {processor.py:753} INFO - DAG(s) dict_keys(['example_kubernetes_executor']) retrieved from /home/airflow/.local/lib/python3.7/site-packages/airflow/example_dags/example_kubernetes_executor.py
[2024-01-23T22:17:34.379+0000] {logging_mixin.py:137} INFO - [2024-01-23T22:17:34.379+0000] {dag.py:2676} INFO - Sync 1 DAGs
[2024-01-23T22:17:34.411+0000] {logging_mixin.py:137} INFO - [2024-01-23T22:17:34.411+0000] {dag.py:3427} INFO - Setting next_dagrun for example_kubernetes_executor to None, run_after=None
[2024-01-23T22:17:34.440+0000] {processor.py:175} INFO - Processing /home/airflow/.local/lib/python3.7/site-packages/airflow/example_dags/example_kubernetes_executor.py took 0.141 seconds
[2024-01-23T22:18:04.550+0000] {processor.py:153} INFO - Started process (PID=3295) to work on /home/airflow/.local/lib/python3.7/site-packages/airflow/example_dags/example_kubernetes_executor.py
[2024-01-23T22:18:04.551+0000] {processor.py:743} INFO - Processing file /home/airflow/.local/lib/python3.7/site-packages/airflow/example_dags/example_kubernetes_executor.py for tasks to queue
[2024-01-23T22:18:04.551+0000] {logging_mixin.py:137} INFO - [2024-01-23T22:18:04.551+0000] {dagbag.py:538} INFO - Filling up the DagBag from /home/airflow/.local/lib/python3.7/site-packages/airflow/example_dags/example_kubernetes_executor.py
[2024-01-23T22:18:04.582+0000] {processor.py:753} INFO - DAG(s) dict_keys(['example_kubernetes_executor']) retrieved from /home/airflow/.local/lib/python3.7/site-packages/airflow/example_dags/example_kubernetes_executor.py
[2024-01-23T22:18:04.628+0000] {logging_mixin.py:137} INFO - [2024-01-23T22:18:04.628+0000] {dag.py:2676} INFO - Sync 1 DAGs
[2024-01-23T22:18:04.654+0000] {logging_mixin.py:137} INFO - [2024-01-23T22:18:04.654+0000] {dag.py:3427} INFO - Setting next_dagrun for example_kubernetes_executor to None, run_after=None
[2024-01-23T22:18:04.679+0000] {processor.py:175} INFO - Processing /home/airflow/.local/lib/python3.7/site-packages/airflow/example_dags/example_kubernetes_executor.py took 0.132 seconds
[2024-01-23T22:18:34.916+0000] {processor.py:153} INFO - Started process (PID=3375) to work on /home/airflow/.local/lib/python3.7/site-packages/airflow/example_dags/example_kubernetes_executor.py
[2024-01-23T22:18:34.917+0000] {processor.py:743} INFO - Processing file /home/airflow/.local/lib/python3.7/site-packages/airflow/example_dags/example_kubernetes_executor.py for tasks to queue
[2024-01-23T22:18:34.918+0000] {logging_mixin.py:137} INFO - [2024-01-23T22:18:34.917+0000] {dagbag.py:538} INFO - Filling up the DagBag from /home/airflow/.local/lib/python3.7/site-packages/airflow/example_dags/example_kubernetes_executor.py
[2024-01-23T22:18:34.951+0000] {processor.py:753} INFO - DAG(s) dict_keys(['example_kubernetes_executor']) retrieved from /home/airflow/.local/lib/python3.7/site-packages/airflow/example_dags/example_kubernetes_executor.py
[2024-01-23T22:18:35.001+0000] {logging_mixin.py:137} INFO - [2024-01-23T22:18:35.001+0000] {dag.py:2676} INFO - Sync 1 DAGs
[2024-01-23T22:18:35.030+0000] {logging_mixin.py:137} INFO - [2024-01-23T22:18:35.030+0000] {dag.py:3427} INFO - Setting next_dagrun for example_kubernetes_executor to None, run_after=None
[2024-01-23T22:18:35.055+0000] {processor.py:175} INFO - Processing /home/airflow/.local/lib/python3.7/site-packages/airflow/example_dags/example_kubernetes_executor.py took 0.141 seconds
[2024-01-23T22:19:05.432+0000] {processor.py:153} INFO - Started process (PID=3475) to work on /home/airflow/.local/lib/python3.7/site-packages/airflow/example_dags/example_kubernetes_executor.py
[2024-01-23T22:19:05.433+0000] {processor.py:743} INFO - Processing file /home/airflow/.local/lib/python3.7/site-packages/airflow/example_dags/example_kubernetes_executor.py for tasks to queue
[2024-01-23T22:19:05.434+0000] {logging_mixin.py:137} INFO - [2024-01-23T22:19:05.433+0000] {dagbag.py:538} INFO - Filling up the DagBag from /home/airflow/.local/lib/python3.7/site-packages/airflow/example_dags/example_kubernetes_executor.py
[2024-01-23T22:19:05.471+0000] {processor.py:753} INFO - DAG(s) dict_keys(['example_kubernetes_executor']) retrieved from /home/airflow/.local/lib/python3.7/site-packages/airflow/example_dags/example_kubernetes_executor.py
[2024-01-23T22:19:05.515+0000] {logging_mixin.py:137} INFO - [2024-01-23T22:19:05.515+0000] {dag.py:2676} INFO - Sync 1 DAGs
[2024-01-23T22:19:05.545+0000] {logging_mixin.py:137} INFO - [2024-01-23T22:19:05.545+0000] {dag.py:3427} INFO - Setting next_dagrun for example_kubernetes_executor to None, run_after=None
[2024-01-23T22:19:05.571+0000] {processor.py:175} INFO - Processing /home/airflow/.local/lib/python3.7/site-packages/airflow/example_dags/example_kubernetes_executor.py took 0.141 seconds
[2024-01-23T22:19:35.673+0000] {processor.py:153} INFO - Started process (PID=3555) to work on /home/airflow/.local/lib/python3.7/site-packages/airflow/example_dags/example_kubernetes_executor.py
[2024-01-23T22:19:35.673+0000] {processor.py:743} INFO - Processing file /home/airflow/.local/lib/python3.7/site-packages/airflow/example_dags/example_kubernetes_executor.py for tasks to queue
[2024-01-23T22:19:35.674+0000] {logging_mixin.py:137} INFO - [2024-01-23T22:19:35.674+0000] {dagbag.py:538} INFO - Filling up the DagBag from /home/airflow/.local/lib/python3.7/site-packages/airflow/example_dags/example_kubernetes_executor.py
[2024-01-23T22:19:35.706+0000] {processor.py:753} INFO - DAG(s) dict_keys(['example_kubernetes_executor']) retrieved from /home/airflow/.local/lib/python3.7/site-packages/airflow/example_dags/example_kubernetes_executor.py
[2024-01-23T22:19:35.755+0000] {logging_mixin.py:137} INFO - [2024-01-23T22:19:35.755+0000] {dag.py:2676} INFO - Sync 1 DAGs
[2024-01-23T22:19:35.787+0000] {logging_mixin.py:137} INFO - [2024-01-23T22:19:35.787+0000] {dag.py:3427} INFO - Setting next_dagrun for example_kubernetes_executor to None, run_after=None
[2024-01-23T22:19:35.811+0000] {processor.py:175} INFO - Processing /home/airflow/.local/lib/python3.7/site-packages/airflow/example_dags/example_kubernetes_executor.py took 0.141 seconds
[2024-01-23T22:20:05.918+0000] {processor.py:153} INFO - Started process (PID=3635) to work on /home/airflow/.local/lib/python3.7/site-packages/airflow/example_dags/example_kubernetes_executor.py
[2024-01-23T22:20:05.919+0000] {processor.py:743} INFO - Processing file /home/airflow/.local/lib/python3.7/site-packages/airflow/example_dags/example_kubernetes_executor.py for tasks to queue
[2024-01-23T22:20:05.920+0000] {logging_mixin.py:137} INFO - [2024-01-23T22:20:05.920+0000] {dagbag.py:538} INFO - Filling up the DagBag from /home/airflow/.local/lib/python3.7/site-packages/airflow/example_dags/example_kubernetes_executor.py
[2024-01-23T22:20:05.952+0000] {processor.py:753} INFO - DAG(s) dict_keys(['example_kubernetes_executor']) retrieved from /home/airflow/.local/lib/python3.7/site-packages/airflow/example_dags/example_kubernetes_executor.py
[2024-01-23T22:20:06.003+0000] {logging_mixin.py:137} INFO - [2024-01-23T22:20:06.003+0000] {dag.py:2676} INFO - Sync 1 DAGs
[2024-01-23T22:20:06.033+0000] {logging_mixin.py:137} INFO - [2024-01-23T22:20:06.033+0000] {dag.py:3427} INFO - Setting next_dagrun for example_kubernetes_executor to None, run_after=None
[2024-01-23T22:20:06.057+0000] {processor.py:175} INFO - Processing /home/airflow/.local/lib/python3.7/site-packages/airflow/example_dags/example_kubernetes_executor.py took 0.141 seconds
[2024-01-23T22:20:36.579+0000] {processor.py:153} INFO - Started process (PID=3736) to work on /home/airflow/.local/lib/python3.7/site-packages/airflow/example_dags/example_kubernetes_executor.py
[2024-01-23T22:20:36.580+0000] {processor.py:743} INFO - Processing file /home/airflow/.local/lib/python3.7/site-packages/airflow/example_dags/example_kubernetes_executor.py for tasks to queue
[2024-01-23T22:20:36.580+0000] {logging_mixin.py:137} INFO - [2024-01-23T22:20:36.580+0000] {dagbag.py:538} INFO - Filling up the DagBag from /home/airflow/.local/lib/python3.7/site-packages/airflow/example_dags/example_kubernetes_executor.py
[2024-01-23T22:20:36.611+0000] {processor.py:753} INFO - DAG(s) dict_keys(['example_kubernetes_executor']) retrieved from /home/airflow/.local/lib/python3.7/site-packages/airflow/example_dags/example_kubernetes_executor.py
[2024-01-23T22:20:36.654+0000] {logging_mixin.py:137} INFO - [2024-01-23T22:20:36.653+0000] {dag.py:2676} INFO - Sync 1 DAGs
[2024-01-23T22:20:36.682+0000] {logging_mixin.py:137} INFO - [2024-01-23T22:20:36.682+0000] {dag.py:3427} INFO - Setting next_dagrun for example_kubernetes_executor to None, run_after=None
[2024-01-23T22:20:36.703+0000] {processor.py:175} INFO - Processing /home/airflow/.local/lib/python3.7/site-packages/airflow/example_dags/example_kubernetes_executor.py took 0.126 seconds
[2024-01-23T22:21:06.859+0000] {processor.py:153} INFO - Started process (PID=3816) to work on /home/airflow/.local/lib/python3.7/site-packages/airflow/example_dags/example_kubernetes_executor.py
[2024-01-23T22:21:06.860+0000] {processor.py:743} INFO - Processing file /home/airflow/.local/lib/python3.7/site-packages/airflow/example_dags/example_kubernetes_executor.py for tasks to queue
[2024-01-23T22:21:06.861+0000] {logging_mixin.py:137} INFO - [2024-01-23T22:21:06.861+0000] {dagbag.py:538} INFO - Filling up the DagBag from /home/airflow/.local/lib/python3.7/site-packages/airflow/example_dags/example_kubernetes_executor.py
[2024-01-23T22:21:06.892+0000] {processor.py:753} INFO - DAG(s) dict_keys(['example_kubernetes_executor']) retrieved from /home/airflow/.local/lib/python3.7/site-packages/airflow/example_dags/example_kubernetes_executor.py
[2024-01-23T22:21:06.938+0000] {logging_mixin.py:137} INFO - [2024-01-23T22:21:06.938+0000] {dag.py:2676} INFO - Sync 1 DAGs
[2024-01-23T22:21:06.969+0000] {logging_mixin.py:137} INFO - [2024-01-23T22:21:06.968+0000] {dag.py:3427} INFO - Setting next_dagrun for example_kubernetes_executor to None, run_after=None
[2024-01-23T22:21:06.990+0000] {processor.py:175} INFO - Processing /home/airflow/.local/lib/python3.7/site-packages/airflow/example_dags/example_kubernetes_executor.py took 0.133 seconds
[2024-01-23T22:21:37.223+0000] {processor.py:153} INFO - Started process (PID=3905) to work on /home/airflow/.local/lib/python3.7/site-packages/airflow/example_dags/example_kubernetes_executor.py
[2024-01-23T22:21:37.223+0000] {processor.py:743} INFO - Processing file /home/airflow/.local/lib/python3.7/site-packages/airflow/example_dags/example_kubernetes_executor.py for tasks to queue
[2024-01-23T22:21:37.224+0000] {logging_mixin.py:137} INFO - [2024-01-23T22:21:37.224+0000] {dagbag.py:538} INFO - Filling up the DagBag from /home/airflow/.local/lib/python3.7/site-packages/airflow/example_dags/example_kubernetes_executor.py
[2024-01-23T22:21:37.258+0000] {processor.py:753} INFO - DAG(s) dict_keys(['example_kubernetes_executor']) retrieved from /home/airflow/.local/lib/python3.7/site-packages/airflow/example_dags/example_kubernetes_executor.py
[2024-01-23T22:21:37.305+0000] {logging_mixin.py:137} INFO - [2024-01-23T22:21:37.305+0000] {dag.py:2676} INFO - Sync 1 DAGs
[2024-01-23T22:21:37.335+0000] {logging_mixin.py:137} INFO - [2024-01-23T22:21:37.335+0000] {dag.py:3427} INFO - Setting next_dagrun for example_kubernetes_executor to None, run_after=None
[2024-01-23T22:21:37.359+0000] {processor.py:175} INFO - Processing /home/airflow/.local/lib/python3.7/site-packages/airflow/example_dags/example_kubernetes_executor.py took 0.139 seconds
[2024-01-23T22:22:07.926+0000] {processor.py:153} INFO - Started process (PID=3996) to work on /home/airflow/.local/lib/python3.7/site-packages/airflow/example_dags/example_kubernetes_executor.py
[2024-01-23T22:22:07.927+0000] {processor.py:743} INFO - Processing file /home/airflow/.local/lib/python3.7/site-packages/airflow/example_dags/example_kubernetes_executor.py for tasks to queue
[2024-01-23T22:22:07.928+0000] {logging_mixin.py:137} INFO - [2024-01-23T22:22:07.928+0000] {dagbag.py:538} INFO - Filling up the DagBag from /home/airflow/.local/lib/python3.7/site-packages/airflow/example_dags/example_kubernetes_executor.py
[2024-01-23T22:22:07.959+0000] {processor.py:753} INFO - DAG(s) dict_keys(['example_kubernetes_executor']) retrieved from /home/airflow/.local/lib/python3.7/site-packages/airflow/example_dags/example_kubernetes_executor.py
[2024-01-23T22:22:08.006+0000] {logging_mixin.py:137} INFO - [2024-01-23T22:22:08.006+0000] {dag.py:2676} INFO - Sync 1 DAGs
[2024-01-23T22:22:08.037+0000] {logging_mixin.py:137} INFO - [2024-01-23T22:22:08.037+0000] {dag.py:3427} INFO - Setting next_dagrun for example_kubernetes_executor to None, run_after=None
[2024-01-23T22:22:08.060+0000] {processor.py:175} INFO - Processing /home/airflow/.local/lib/python3.7/site-packages/airflow/example_dags/example_kubernetes_executor.py took 0.136 seconds
[2024-01-23T22:22:38.173+0000] {processor.py:153} INFO - Started process (PID=4076) to work on /home/airflow/.local/lib/python3.7/site-packages/airflow/example_dags/example_kubernetes_executor.py
[2024-01-23T22:22:38.173+0000] {processor.py:743} INFO - Processing file /home/airflow/.local/lib/python3.7/site-packages/airflow/example_dags/example_kubernetes_executor.py for tasks to queue
[2024-01-23T22:22:38.174+0000] {logging_mixin.py:137} INFO - [2024-01-23T22:22:38.174+0000] {dagbag.py:538} INFO - Filling up the DagBag from /home/airflow/.local/lib/python3.7/site-packages/airflow/example_dags/example_kubernetes_executor.py
[2024-01-23T22:22:38.206+0000] {processor.py:753} INFO - DAG(s) dict_keys(['example_kubernetes_executor']) retrieved from /home/airflow/.local/lib/python3.7/site-packages/airflow/example_dags/example_kubernetes_executor.py
[2024-01-23T22:22:38.262+0000] {logging_mixin.py:137} INFO - [2024-01-23T22:22:38.262+0000] {dag.py:2676} INFO - Sync 1 DAGs
[2024-01-23T22:22:38.296+0000] {logging_mixin.py:137} INFO - [2024-01-23T22:22:38.296+0000] {dag.py:3427} INFO - Setting next_dagrun for example_kubernetes_executor to None, run_after=None
[2024-01-23T22:22:38.319+0000] {processor.py:175} INFO - Processing /home/airflow/.local/lib/python3.7/site-packages/airflow/example_dags/example_kubernetes_executor.py took 0.149 seconds
[2024-01-23T22:23:08.439+0000] {processor.py:153} INFO - Started process (PID=4176) to work on /home/airflow/.local/lib/python3.7/site-packages/airflow/example_dags/example_kubernetes_executor.py
[2024-01-23T22:23:08.440+0000] {processor.py:743} INFO - Processing file /home/airflow/.local/lib/python3.7/site-packages/airflow/example_dags/example_kubernetes_executor.py for tasks to queue
[2024-01-23T22:23:08.441+0000] {logging_mixin.py:137} INFO - [2024-01-23T22:23:08.441+0000] {dagbag.py:538} INFO - Filling up the DagBag from /home/airflow/.local/lib/python3.7/site-packages/airflow/example_dags/example_kubernetes_executor.py
[2024-01-23T22:23:08.476+0000] {processor.py:753} INFO - DAG(s) dict_keys(['example_kubernetes_executor']) retrieved from /home/airflow/.local/lib/python3.7/site-packages/airflow/example_dags/example_kubernetes_executor.py
[2024-01-23T22:23:08.520+0000] {logging_mixin.py:137} INFO - [2024-01-23T22:23:08.520+0000] {dag.py:2676} INFO - Sync 1 DAGs
[2024-01-23T22:23:08.554+0000] {logging_mixin.py:137} INFO - [2024-01-23T22:23:08.554+0000] {dag.py:3427} INFO - Setting next_dagrun for example_kubernetes_executor to None, run_after=None
[2024-01-23T22:23:08.580+0000] {processor.py:175} INFO - Processing /home/airflow/.local/lib/python3.7/site-packages/airflow/example_dags/example_kubernetes_executor.py took 0.143 seconds
[2024-01-23T22:23:38.648+0000] {processor.py:153} INFO - Started process (PID=4257) to work on /home/airflow/.local/lib/python3.7/site-packages/airflow/example_dags/example_kubernetes_executor.py
[2024-01-23T22:23:38.649+0000] {processor.py:743} INFO - Processing file /home/airflow/.local/lib/python3.7/site-packages/airflow/example_dags/example_kubernetes_executor.py for tasks to queue
[2024-01-23T22:23:38.650+0000] {logging_mixin.py:137} INFO - [2024-01-23T22:23:38.649+0000] {dagbag.py:538} INFO - Filling up the DagBag from /home/airflow/.local/lib/python3.7/site-packages/airflow/example_dags/example_kubernetes_executor.py
[2024-01-23T22:23:38.680+0000] {processor.py:753} INFO - DAG(s) dict_keys(['example_kubernetes_executor']) retrieved from /home/airflow/.local/lib/python3.7/site-packages/airflow/example_dags/example_kubernetes_executor.py
[2024-01-23T22:23:38.722+0000] {logging_mixin.py:137} INFO - [2024-01-23T22:23:38.722+0000] {dag.py:2676} INFO - Sync 1 DAGs
[2024-01-23T22:23:38.752+0000] {logging_mixin.py:137} INFO - [2024-01-23T22:23:38.752+0000] {dag.py:3427} INFO - Setting next_dagrun for example_kubernetes_executor to None, run_after=None
[2024-01-23T22:23:38.772+0000] {processor.py:175} INFO - Processing /home/airflow/.local/lib/python3.7/site-packages/airflow/example_dags/example_kubernetes_executor.py took 0.126 seconds
[2024-01-23T22:24:08.818+0000] {processor.py:153} INFO - Started process (PID=4337) to work on /home/airflow/.local/lib/python3.7/site-packages/airflow/example_dags/example_kubernetes_executor.py
[2024-01-23T22:24:08.818+0000] {processor.py:743} INFO - Processing file /home/airflow/.local/lib/python3.7/site-packages/airflow/example_dags/example_kubernetes_executor.py for tasks to queue
[2024-01-23T22:24:08.819+0000] {logging_mixin.py:137} INFO - [2024-01-23T22:24:08.819+0000] {dagbag.py:538} INFO - Filling up the DagBag from /home/airflow/.local/lib/python3.7/site-packages/airflow/example_dags/example_kubernetes_executor.py
[2024-01-23T22:24:08.845+0000] {processor.py:753} INFO - DAG(s) dict_keys(['example_kubernetes_executor']) retrieved from /home/airflow/.local/lib/python3.7/site-packages/airflow/example_dags/example_kubernetes_executor.py
[2024-01-23T22:24:08.890+0000] {logging_mixin.py:137} INFO - [2024-01-23T22:24:08.889+0000] {dag.py:2676} INFO - Sync 1 DAGs
[2024-01-23T22:24:08.919+0000] {logging_mixin.py:137} INFO - [2024-01-23T22:24:08.919+0000] {dag.py:3427} INFO - Setting next_dagrun for example_kubernetes_executor to None, run_after=None
[2024-01-23T22:24:08.946+0000] {processor.py:175} INFO - Processing /home/airflow/.local/lib/python3.7/site-packages/airflow/example_dags/example_kubernetes_executor.py took 0.133 seconds
[2024-01-23T22:24:39.096+0000] {processor.py:153} INFO - Started process (PID=4437) to work on /home/airflow/.local/lib/python3.7/site-packages/airflow/example_dags/example_kubernetes_executor.py
[2024-01-23T22:24:39.097+0000] {processor.py:743} INFO - Processing file /home/airflow/.local/lib/python3.7/site-packages/airflow/example_dags/example_kubernetes_executor.py for tasks to queue
[2024-01-23T22:24:39.097+0000] {logging_mixin.py:137} INFO - [2024-01-23T22:24:39.097+0000] {dagbag.py:538} INFO - Filling up the DagBag from /home/airflow/.local/lib/python3.7/site-packages/airflow/example_dags/example_kubernetes_executor.py
[2024-01-23T22:24:39.131+0000] {processor.py:753} INFO - DAG(s) dict_keys(['example_kubernetes_executor']) retrieved from /home/airflow/.local/lib/python3.7/site-packages/airflow/example_dags/example_kubernetes_executor.py
[2024-01-23T22:24:39.185+0000] {logging_mixin.py:137} INFO - [2024-01-23T22:24:39.184+0000] {dag.py:2676} INFO - Sync 1 DAGs
[2024-01-23T22:24:39.223+0000] {logging_mixin.py:137} INFO - [2024-01-23T22:24:39.223+0000] {dag.py:3427} INFO - Setting next_dagrun for example_kubernetes_executor to None, run_after=None
[2024-01-23T22:24:39.252+0000] {processor.py:175} INFO - Processing /home/airflow/.local/lib/python3.7/site-packages/airflow/example_dags/example_kubernetes_executor.py took 0.159 seconds
[2024-01-23T22:25:10.019+0000] {processor.py:153} INFO - Started process (PID=4517) to work on /home/airflow/.local/lib/python3.7/site-packages/airflow/example_dags/example_kubernetes_executor.py
[2024-01-23T22:25:10.019+0000] {processor.py:743} INFO - Processing file /home/airflow/.local/lib/python3.7/site-packages/airflow/example_dags/example_kubernetes_executor.py for tasks to queue
[2024-01-23T22:25:10.020+0000] {logging_mixin.py:137} INFO - [2024-01-23T22:25:10.020+0000] {dagbag.py:538} INFO - Filling up the DagBag from /home/airflow/.local/lib/python3.7/site-packages/airflow/example_dags/example_kubernetes_executor.py
[2024-01-23T22:25:10.048+0000] {processor.py:753} INFO - DAG(s) dict_keys(['example_kubernetes_executor']) retrieved from /home/airflow/.local/lib/python3.7/site-packages/airflow/example_dags/example_kubernetes_executor.py
[2024-01-23T22:25:10.091+0000] {logging_mixin.py:137} INFO - [2024-01-23T22:25:10.091+0000] {dag.py:2676} INFO - Sync 1 DAGs
[2024-01-23T22:25:10.115+0000] {logging_mixin.py:137} INFO - [2024-01-23T22:25:10.114+0000] {dag.py:3427} INFO - Setting next_dagrun for example_kubernetes_executor to None, run_after=None
[2024-01-23T22:25:10.134+0000] {processor.py:175} INFO - Processing /home/airflow/.local/lib/python3.7/site-packages/airflow/example_dags/example_kubernetes_executor.py took 0.118 seconds
[2024-01-23T22:25:40.318+0000] {processor.py:153} INFO - Started process (PID=4597) to work on /home/airflow/.local/lib/python3.7/site-packages/airflow/example_dags/example_kubernetes_executor.py
[2024-01-23T22:25:40.318+0000] {processor.py:743} INFO - Processing file /home/airflow/.local/lib/python3.7/site-packages/airflow/example_dags/example_kubernetes_executor.py for tasks to queue
[2024-01-23T22:25:40.319+0000] {logging_mixin.py:137} INFO - [2024-01-23T22:25:40.319+0000] {dagbag.py:538} INFO - Filling up the DagBag from /home/airflow/.local/lib/python3.7/site-packages/airflow/example_dags/example_kubernetes_executor.py
[2024-01-23T22:25:40.358+0000] {processor.py:753} INFO - DAG(s) dict_keys(['example_kubernetes_executor']) retrieved from /home/airflow/.local/lib/python3.7/site-packages/airflow/example_dags/example_kubernetes_executor.py
[2024-01-23T22:25:40.406+0000] {logging_mixin.py:137} INFO - [2024-01-23T22:25:40.406+0000] {dag.py:2676} INFO - Sync 1 DAGs
[2024-01-23T22:25:40.437+0000] {logging_mixin.py:137} INFO - [2024-01-23T22:25:40.437+0000] {dag.py:3427} INFO - Setting next_dagrun for example_kubernetes_executor to None, run_after=None
[2024-01-23T22:25:40.467+0000] {processor.py:175} INFO - Processing /home/airflow/.local/lib/python3.7/site-packages/airflow/example_dags/example_kubernetes_executor.py took 0.151 seconds
[2024-01-23T22:26:10.621+0000] {processor.py:153} INFO - Started process (PID=4696) to work on /home/airflow/.local/lib/python3.7/site-packages/airflow/example_dags/example_kubernetes_executor.py
[2024-01-23T22:26:10.621+0000] {processor.py:743} INFO - Processing file /home/airflow/.local/lib/python3.7/site-packages/airflow/example_dags/example_kubernetes_executor.py for tasks to queue
[2024-01-23T22:26:10.622+0000] {logging_mixin.py:137} INFO - [2024-01-23T22:26:10.622+0000] {dagbag.py:538} INFO - Filling up the DagBag from /home/airflow/.local/lib/python3.7/site-packages/airflow/example_dags/example_kubernetes_executor.py
[2024-01-23T22:26:10.654+0000] {processor.py:753} INFO - DAG(s) dict_keys(['example_kubernetes_executor']) retrieved from /home/airflow/.local/lib/python3.7/site-packages/airflow/example_dags/example_kubernetes_executor.py
[2024-01-23T22:26:10.697+0000] {logging_mixin.py:137} INFO - [2024-01-23T22:26:10.697+0000] {dag.py:2676} INFO - Sync 1 DAGs
[2024-01-23T22:26:10.737+0000] {logging_mixin.py:137} INFO - [2024-01-23T22:26:10.736+0000] {dag.py:3427} INFO - Setting next_dagrun for example_kubernetes_executor to None, run_after=None
[2024-01-23T22:26:10.768+0000] {processor.py:175} INFO - Processing /home/airflow/.local/lib/python3.7/site-packages/airflow/example_dags/example_kubernetes_executor.py took 0.150 seconds
[2024-01-23T22:26:40.854+0000] {processor.py:153} INFO - Started process (PID=4776) to work on /home/airflow/.local/lib/python3.7/site-packages/airflow/example_dags/example_kubernetes_executor.py
[2024-01-23T22:26:40.855+0000] {processor.py:743} INFO - Processing file /home/airflow/.local/lib/python3.7/site-packages/airflow/example_dags/example_kubernetes_executor.py for tasks to queue
[2024-01-23T22:26:40.856+0000] {logging_mixin.py:137} INFO - [2024-01-23T22:26:40.856+0000] {dagbag.py:538} INFO - Filling up the DagBag from /home/airflow/.local/lib/python3.7/site-packages/airflow/example_dags/example_kubernetes_executor.py
[2024-01-23T22:26:40.891+0000] {processor.py:753} INFO - DAG(s) dict_keys(['example_kubernetes_executor']) retrieved from /home/airflow/.local/lib/python3.7/site-packages/airflow/example_dags/example_kubernetes_executor.py
[2024-01-23T22:26:40.937+0000] {logging_mixin.py:137} INFO - [2024-01-23T22:26:40.937+0000] {dag.py:2676} INFO - Sync 1 DAGs
[2024-01-23T22:26:40.966+0000] {logging_mixin.py:137} INFO - [2024-01-23T22:26:40.966+0000] {dag.py:3427} INFO - Setting next_dagrun for example_kubernetes_executor to None, run_after=None
[2024-01-23T22:26:40.986+0000] {processor.py:175} INFO - Processing /home/airflow/.local/lib/python3.7/site-packages/airflow/example_dags/example_kubernetes_executor.py took 0.135 seconds
[2024-01-23T22:27:11.135+0000] {processor.py:153} INFO - Started process (PID=4865) to work on /home/airflow/.local/lib/python3.7/site-packages/airflow/example_dags/example_kubernetes_executor.py
[2024-01-23T22:27:11.136+0000] {processor.py:743} INFO - Processing file /home/airflow/.local/lib/python3.7/site-packages/airflow/example_dags/example_kubernetes_executor.py for tasks to queue
[2024-01-23T22:27:11.137+0000] {logging_mixin.py:137} INFO - [2024-01-23T22:27:11.137+0000] {dagbag.py:538} INFO - Filling up the DagBag from /home/airflow/.local/lib/python3.7/site-packages/airflow/example_dags/example_kubernetes_executor.py
[2024-01-23T22:27:11.167+0000] {processor.py:753} INFO - DAG(s) dict_keys(['example_kubernetes_executor']) retrieved from /home/airflow/.local/lib/python3.7/site-packages/airflow/example_dags/example_kubernetes_executor.py
[2024-01-23T22:27:11.217+0000] {logging_mixin.py:137} INFO - [2024-01-23T22:27:11.217+0000] {dag.py:2676} INFO - Sync 1 DAGs
[2024-01-23T22:27:11.242+0000] {logging_mixin.py:137} INFO - [2024-01-23T22:27:11.242+0000] {dag.py:3427} INFO - Setting next_dagrun for example_kubernetes_executor to None, run_after=None
[2024-01-23T22:27:11.263+0000] {processor.py:175} INFO - Processing /home/airflow/.local/lib/python3.7/site-packages/airflow/example_dags/example_kubernetes_executor.py took 0.130 seconds
[2024-01-23T22:27:41.436+0000] {processor.py:153} INFO - Started process (PID=4956) to work on /home/airflow/.local/lib/python3.7/site-packages/airflow/example_dags/example_kubernetes_executor.py
[2024-01-23T22:27:41.437+0000] {processor.py:743} INFO - Processing file /home/airflow/.local/lib/python3.7/site-packages/airflow/example_dags/example_kubernetes_executor.py for tasks to queue
[2024-01-23T22:27:41.438+0000] {logging_mixin.py:137} INFO - [2024-01-23T22:27:41.438+0000] {dagbag.py:538} INFO - Filling up the DagBag from /home/airflow/.local/lib/python3.7/site-packages/airflow/example_dags/example_kubernetes_executor.py
[2024-01-23T22:27:41.472+0000] {processor.py:753} INFO - DAG(s) dict_keys(['example_kubernetes_executor']) retrieved from /home/airflow/.local/lib/python3.7/site-packages/airflow/example_dags/example_kubernetes_executor.py
[2024-01-23T22:27:41.519+0000] {logging_mixin.py:137} INFO - [2024-01-23T22:27:41.519+0000] {dag.py:2676} INFO - Sync 1 DAGs
[2024-01-23T22:27:41.550+0000] {logging_mixin.py:137} INFO - [2024-01-23T22:27:41.550+0000] {dag.py:3427} INFO - Setting next_dagrun for example_kubernetes_executor to None, run_after=None
[2024-01-23T22:27:41.571+0000] {processor.py:175} INFO - Processing /home/airflow/.local/lib/python3.7/site-packages/airflow/example_dags/example_kubernetes_executor.py took 0.138 seconds
[2024-01-23T22:28:11.753+0000] {processor.py:153} INFO - Started process (PID=5036) to work on /home/airflow/.local/lib/python3.7/site-packages/airflow/example_dags/example_kubernetes_executor.py
[2024-01-23T22:28:11.754+0000] {processor.py:743} INFO - Processing file /home/airflow/.local/lib/python3.7/site-packages/airflow/example_dags/example_kubernetes_executor.py for tasks to queue
[2024-01-23T22:28:11.755+0000] {logging_mixin.py:137} INFO - [2024-01-23T22:28:11.755+0000] {dagbag.py:538} INFO - Filling up the DagBag from /home/airflow/.local/lib/python3.7/site-packages/airflow/example_dags/example_kubernetes_executor.py
[2024-01-23T22:28:11.784+0000] {processor.py:753} INFO - DAG(s) dict_keys(['example_kubernetes_executor']) retrieved from /home/airflow/.local/lib/python3.7/site-packages/airflow/example_dags/example_kubernetes_executor.py
[2024-01-23T22:28:11.826+0000] {logging_mixin.py:137} INFO - [2024-01-23T22:28:11.826+0000] {dag.py:2676} INFO - Sync 1 DAGs
[2024-01-23T22:28:11.852+0000] {logging_mixin.py:137} INFO - [2024-01-23T22:28:11.851+0000] {dag.py:3427} INFO - Setting next_dagrun for example_kubernetes_executor to None, run_after=None
[2024-01-23T22:28:11.883+0000] {processor.py:175} INFO - Processing /home/airflow/.local/lib/python3.7/site-packages/airflow/example_dags/example_kubernetes_executor.py took 0.132 seconds
[2024-01-23T22:28:42.411+0000] {processor.py:153} INFO - Started process (PID=5136) to work on /home/airflow/.local/lib/python3.7/site-packages/airflow/example_dags/example_kubernetes_executor.py
[2024-01-23T22:28:42.412+0000] {processor.py:743} INFO - Processing file /home/airflow/.local/lib/python3.7/site-packages/airflow/example_dags/example_kubernetes_executor.py for tasks to queue
[2024-01-23T22:28:42.413+0000] {logging_mixin.py:137} INFO - [2024-01-23T22:28:42.413+0000] {dagbag.py:538} INFO - Filling up the DagBag from /home/airflow/.local/lib/python3.7/site-packages/airflow/example_dags/example_kubernetes_executor.py
[2024-01-23T22:28:42.449+0000] {processor.py:753} INFO - DAG(s) dict_keys(['example_kubernetes_executor']) retrieved from /home/airflow/.local/lib/python3.7/site-packages/airflow/example_dags/example_kubernetes_executor.py
[2024-01-23T22:28:42.492+0000] {logging_mixin.py:137} INFO - [2024-01-23T22:28:42.492+0000] {dag.py:2676} INFO - Sync 1 DAGs
[2024-01-23T22:28:42.524+0000] {logging_mixin.py:137} INFO - [2024-01-23T22:28:42.524+0000] {dag.py:3427} INFO - Setting next_dagrun for example_kubernetes_executor to None, run_after=None
[2024-01-23T22:28:42.546+0000] {processor.py:175} INFO - Processing /home/airflow/.local/lib/python3.7/site-packages/airflow/example_dags/example_kubernetes_executor.py took 0.137 seconds
[2024-01-23T22:29:12.663+0000] {processor.py:153} INFO - Started process (PID=5216) to work on /home/airflow/.local/lib/python3.7/site-packages/airflow/example_dags/example_kubernetes_executor.py
[2024-01-23T22:29:12.663+0000] {processor.py:743} INFO - Processing file /home/airflow/.local/lib/python3.7/site-packages/airflow/example_dags/example_kubernetes_executor.py for tasks to queue
[2024-01-23T22:29:12.664+0000] {logging_mixin.py:137} INFO - [2024-01-23T22:29:12.664+0000] {dagbag.py:538} INFO - Filling up the DagBag from /home/airflow/.local/lib/python3.7/site-packages/airflow/example_dags/example_kubernetes_executor.py
[2024-01-23T22:29:12.700+0000] {processor.py:753} INFO - DAG(s) dict_keys(['example_kubernetes_executor']) retrieved from /home/airflow/.local/lib/python3.7/site-packages/airflow/example_dags/example_kubernetes_executor.py
[2024-01-23T22:29:12.749+0000] {logging_mixin.py:137} INFO - [2024-01-23T22:29:12.749+0000] {dag.py:2676} INFO - Sync 1 DAGs
[2024-01-23T22:29:12.781+0000] {logging_mixin.py:137} INFO - [2024-01-23T22:29:12.781+0000] {dag.py:3427} INFO - Setting next_dagrun for example_kubernetes_executor to None, run_after=None
[2024-01-23T22:29:12.805+0000] {processor.py:175} INFO - Processing /home/airflow/.local/lib/python3.7/site-packages/airflow/example_dags/example_kubernetes_executor.py took 0.145 seconds
[2024-01-23T22:29:42.977+0000] {processor.py:153} INFO - Started process (PID=5296) to work on /home/airflow/.local/lib/python3.7/site-packages/airflow/example_dags/example_kubernetes_executor.py
[2024-01-23T22:29:42.978+0000] {processor.py:743} INFO - Processing file /home/airflow/.local/lib/python3.7/site-packages/airflow/example_dags/example_kubernetes_executor.py for tasks to queue
[2024-01-23T22:29:42.979+0000] {logging_mixin.py:137} INFO - [2024-01-23T22:29:42.978+0000] {dagbag.py:538} INFO - Filling up the DagBag from /home/airflow/.local/lib/python3.7/site-packages/airflow/example_dags/example_kubernetes_executor.py
[2024-01-23T22:29:43.012+0000] {processor.py:753} INFO - DAG(s) dict_keys(['example_kubernetes_executor']) retrieved from /home/airflow/.local/lib/python3.7/site-packages/airflow/example_dags/example_kubernetes_executor.py
[2024-01-23T22:29:43.069+0000] {logging_mixin.py:137} INFO - [2024-01-23T22:29:43.069+0000] {dag.py:2676} INFO - Sync 1 DAGs
[2024-01-23T22:29:43.095+0000] {logging_mixin.py:137} INFO - [2024-01-23T22:29:43.094+0000] {dag.py:3427} INFO - Setting next_dagrun for example_kubernetes_executor to None, run_after=None
[2024-01-23T22:29:43.117+0000] {processor.py:175} INFO - Processing /home/airflow/.local/lib/python3.7/site-packages/airflow/example_dags/example_kubernetes_executor.py took 0.142 seconds
[2024-01-23T22:30:13.933+0000] {processor.py:153} INFO - Started process (PID=5394) to work on /home/airflow/.local/lib/python3.7/site-packages/airflow/example_dags/example_kubernetes_executor.py
[2024-01-23T22:30:13.934+0000] {processor.py:743} INFO - Processing file /home/airflow/.local/lib/python3.7/site-packages/airflow/example_dags/example_kubernetes_executor.py for tasks to queue
[2024-01-23T22:30:13.935+0000] {logging_mixin.py:137} INFO - [2024-01-23T22:30:13.935+0000] {dagbag.py:538} INFO - Filling up the DagBag from /home/airflow/.local/lib/python3.7/site-packages/airflow/example_dags/example_kubernetes_executor.py
[2024-01-23T22:30:13.970+0000] {processor.py:753} INFO - DAG(s) dict_keys(['example_kubernetes_executor']) retrieved from /home/airflow/.local/lib/python3.7/site-packages/airflow/example_dags/example_kubernetes_executor.py
[2024-01-23T22:30:14.017+0000] {logging_mixin.py:137} INFO - [2024-01-23T22:30:14.017+0000] {dag.py:2676} INFO - Sync 1 DAGs
[2024-01-23T22:30:14.050+0000] {logging_mixin.py:137} INFO - [2024-01-23T22:30:14.049+0000] {dag.py:3427} INFO - Setting next_dagrun for example_kubernetes_executor to None, run_after=None
[2024-01-23T22:30:14.073+0000] {processor.py:175} INFO - Processing /home/airflow/.local/lib/python3.7/site-packages/airflow/example_dags/example_kubernetes_executor.py took 0.142 seconds
[2024-01-23T22:30:45.024+0000] {processor.py:153} INFO - Started process (PID=5474) to work on /home/airflow/.local/lib/python3.7/site-packages/airflow/example_dags/example_kubernetes_executor.py
[2024-01-23T22:30:45.024+0000] {processor.py:743} INFO - Processing file /home/airflow/.local/lib/python3.7/site-packages/airflow/example_dags/example_kubernetes_executor.py for tasks to queue
[2024-01-23T22:30:45.025+0000] {logging_mixin.py:137} INFO - [2024-01-23T22:30:45.025+0000] {dagbag.py:538} INFO - Filling up the DagBag from /home/airflow/.local/lib/python3.7/site-packages/airflow/example_dags/example_kubernetes_executor.py
[2024-01-23T22:30:45.056+0000] {processor.py:753} INFO - DAG(s) dict_keys(['example_kubernetes_executor']) retrieved from /home/airflow/.local/lib/python3.7/site-packages/airflow/example_dags/example_kubernetes_executor.py
[2024-01-23T22:30:45.107+0000] {logging_mixin.py:137} INFO - [2024-01-23T22:30:45.107+0000] {dag.py:2676} INFO - Sync 1 DAGs
[2024-01-23T22:30:45.137+0000] {logging_mixin.py:137} INFO - [2024-01-23T22:30:45.137+0000] {dag.py:3427} INFO - Setting next_dagrun for example_kubernetes_executor to None, run_after=None
[2024-01-23T22:30:45.160+0000] {processor.py:175} INFO - Processing /home/airflow/.local/lib/python3.7/site-packages/airflow/example_dags/example_kubernetes_executor.py took 0.140 seconds
[2024-01-23T22:31:15.259+0000] {processor.py:153} INFO - Started process (PID=5574) to work on /home/airflow/.local/lib/python3.7/site-packages/airflow/example_dags/example_kubernetes_executor.py
[2024-01-23T22:31:15.260+0000] {processor.py:743} INFO - Processing file /home/airflow/.local/lib/python3.7/site-packages/airflow/example_dags/example_kubernetes_executor.py for tasks to queue
[2024-01-23T22:31:15.261+0000] {logging_mixin.py:137} INFO - [2024-01-23T22:31:15.261+0000] {dagbag.py:538} INFO - Filling up the DagBag from /home/airflow/.local/lib/python3.7/site-packages/airflow/example_dags/example_kubernetes_executor.py
[2024-01-23T22:31:15.288+0000] {processor.py:753} INFO - DAG(s) dict_keys(['example_kubernetes_executor']) retrieved from /home/airflow/.local/lib/python3.7/site-packages/airflow/example_dags/example_kubernetes_executor.py
[2024-01-23T22:31:15.333+0000] {logging_mixin.py:137} INFO - [2024-01-23T22:31:15.333+0000] {dag.py:2676} INFO - Sync 1 DAGs
[2024-01-23T22:31:15.362+0000] {logging_mixin.py:137} INFO - [2024-01-23T22:31:15.362+0000] {dag.py:3427} INFO - Setting next_dagrun for example_kubernetes_executor to None, run_after=None
[2024-01-23T22:31:15.385+0000] {processor.py:175} INFO - Processing /home/airflow/.local/lib/python3.7/site-packages/airflow/example_dags/example_kubernetes_executor.py took 0.128 seconds
[2024-01-23T22:31:45.691+0000] {processor.py:153} INFO - Started process (PID=5655) to work on /home/airflow/.local/lib/python3.7/site-packages/airflow/example_dags/example_kubernetes_executor.py
[2024-01-23T22:31:45.692+0000] {processor.py:743} INFO - Processing file /home/airflow/.local/lib/python3.7/site-packages/airflow/example_dags/example_kubernetes_executor.py for tasks to queue
[2024-01-23T22:31:45.693+0000] {logging_mixin.py:137} INFO - [2024-01-23T22:31:45.693+0000] {dagbag.py:538} INFO - Filling up the DagBag from /home/airflow/.local/lib/python3.7/site-packages/airflow/example_dags/example_kubernetes_executor.py
[2024-01-23T22:31:45.725+0000] {processor.py:753} INFO - DAG(s) dict_keys(['example_kubernetes_executor']) retrieved from /home/airflow/.local/lib/python3.7/site-packages/airflow/example_dags/example_kubernetes_executor.py
[2024-01-23T22:31:45.766+0000] {logging_mixin.py:137} INFO - [2024-01-23T22:31:45.766+0000] {dag.py:2676} INFO - Sync 1 DAGs
[2024-01-23T22:31:45.792+0000] {logging_mixin.py:137} INFO - [2024-01-23T22:31:45.791+0000] {dag.py:3427} INFO - Setting next_dagrun for example_kubernetes_executor to None, run_after=None
[2024-01-23T22:31:45.814+0000] {processor.py:175} INFO - Processing /home/airflow/.local/lib/python3.7/site-packages/airflow/example_dags/example_kubernetes_executor.py took 0.126 seconds
