[2024-01-23T21:50:44.775+0000] {processor.py:153} INFO - Started process (PID=98) to work on /home/airflow/.local/lib/python3.7/site-packages/airflow/example_dags/example_sla_dag.py
[2024-01-23T21:50:44.775+0000] {processor.py:743} INFO - Processing file /home/airflow/.local/lib/python3.7/site-packages/airflow/example_dags/example_sla_dag.py for tasks to queue
[2024-01-23T21:50:44.776+0000] {logging_mixin.py:137} INFO - [2024-01-23T21:50:44.776+0000] {dagbag.py:538} INFO - Filling up the DagBag from /home/airflow/.local/lib/python3.7/site-packages/airflow/example_dags/example_sla_dag.py
[2024-01-23T21:50:44.809+0000] {processor.py:753} INFO - DAG(s) dict_keys(['example_sla_dag']) retrieved from /home/airflow/.local/lib/python3.7/site-packages/airflow/example_dags/example_sla_dag.py
[2024-01-23T21:50:44.849+0000] {logging_mixin.py:137} INFO - [2024-01-23T21:50:44.849+0000] {dag.py:2676} INFO - Sync 1 DAGs
[2024-01-23T21:50:44.899+0000] {logging_mixin.py:137} INFO - [2024-01-23T21:50:44.899+0000] {dag.py:3427} INFO - Setting next_dagrun for example_sla_dag to 2024-01-23T21:48:00+00:00, run_after=2024-01-23T21:50:00+00:00
[2024-01-23T21:50:44.928+0000] {processor.py:175} INFO - Processing /home/airflow/.local/lib/python3.7/site-packages/airflow/example_dags/example_sla_dag.py took 0.155 seconds
[2024-01-23T21:51:15.715+0000] {processor.py:153} INFO - Started process (PID=198) to work on /home/airflow/.local/lib/python3.7/site-packages/airflow/example_dags/example_sla_dag.py
[2024-01-23T21:51:15.716+0000] {processor.py:743} INFO - Processing file /home/airflow/.local/lib/python3.7/site-packages/airflow/example_dags/example_sla_dag.py for tasks to queue
[2024-01-23T21:51:15.717+0000] {logging_mixin.py:137} INFO - [2024-01-23T21:51:15.717+0000] {dagbag.py:538} INFO - Filling up the DagBag from /home/airflow/.local/lib/python3.7/site-packages/airflow/example_dags/example_sla_dag.py
[2024-01-23T21:51:15.749+0000] {processor.py:753} INFO - DAG(s) dict_keys(['example_sla_dag']) retrieved from /home/airflow/.local/lib/python3.7/site-packages/airflow/example_dags/example_sla_dag.py
[2024-01-23T21:51:15.800+0000] {logging_mixin.py:137} INFO - [2024-01-23T21:51:15.800+0000] {dag.py:2676} INFO - Sync 1 DAGs
[2024-01-23T21:51:15.875+0000] {logging_mixin.py:137} INFO - [2024-01-23T21:51:15.874+0000] {dag.py:3427} INFO - Setting next_dagrun for example_sla_dag to 2024-01-23T21:48:00+00:00, run_after=2024-01-23T21:50:00+00:00
[2024-01-23T21:51:15.907+0000] {processor.py:175} INFO - Processing /home/airflow/.local/lib/python3.7/site-packages/airflow/example_dags/example_sla_dag.py took 0.194 seconds
[2024-01-23T21:51:46.214+0000] {processor.py:153} INFO - Started process (PID=278) to work on /home/airflow/.local/lib/python3.7/site-packages/airflow/example_dags/example_sla_dag.py
[2024-01-23T21:51:46.214+0000] {processor.py:743} INFO - Processing file /home/airflow/.local/lib/python3.7/site-packages/airflow/example_dags/example_sla_dag.py for tasks to queue
[2024-01-23T21:51:46.215+0000] {logging_mixin.py:137} INFO - [2024-01-23T21:51:46.215+0000] {dagbag.py:538} INFO - Filling up the DagBag from /home/airflow/.local/lib/python3.7/site-packages/airflow/example_dags/example_sla_dag.py
[2024-01-23T21:51:46.237+0000] {processor.py:753} INFO - DAG(s) dict_keys(['example_sla_dag']) retrieved from /home/airflow/.local/lib/python3.7/site-packages/airflow/example_dags/example_sla_dag.py
[2024-01-23T21:51:46.273+0000] {logging_mixin.py:137} INFO - [2024-01-23T21:51:46.273+0000] {dag.py:2676} INFO - Sync 1 DAGs
[2024-01-23T21:51:46.308+0000] {logging_mixin.py:137} INFO - [2024-01-23T21:51:46.308+0000] {dag.py:3427} INFO - Setting next_dagrun for example_sla_dag to 2024-01-23T21:48:00+00:00, run_after=2024-01-23T21:50:00+00:00
[2024-01-23T21:51:46.328+0000] {processor.py:175} INFO - Processing /home/airflow/.local/lib/python3.7/site-packages/airflow/example_dags/example_sla_dag.py took 0.117 seconds
[2024-01-23T21:52:16.753+0000] {processor.py:153} INFO - Started process (PID=358) to work on /home/airflow/.local/lib/python3.7/site-packages/airflow/example_dags/example_sla_dag.py
[2024-01-23T21:52:16.754+0000] {processor.py:743} INFO - Processing file /home/airflow/.local/lib/python3.7/site-packages/airflow/example_dags/example_sla_dag.py for tasks to queue
[2024-01-23T21:52:16.754+0000] {logging_mixin.py:137} INFO - [2024-01-23T21:52:16.754+0000] {dagbag.py:538} INFO - Filling up the DagBag from /home/airflow/.local/lib/python3.7/site-packages/airflow/example_dags/example_sla_dag.py
[2024-01-23T21:52:16.777+0000] {processor.py:753} INFO - DAG(s) dict_keys(['example_sla_dag']) retrieved from /home/airflow/.local/lib/python3.7/site-packages/airflow/example_dags/example_sla_dag.py
[2024-01-23T21:52:16.811+0000] {logging_mixin.py:137} INFO - [2024-01-23T21:52:16.810+0000] {dag.py:2676} INFO - Sync 1 DAGs
[2024-01-23T21:52:16.843+0000] {logging_mixin.py:137} INFO - [2024-01-23T21:52:16.842+0000] {dag.py:3427} INFO - Setting next_dagrun for example_sla_dag to 2024-01-23T21:50:00+00:00, run_after=2024-01-23T21:52:00+00:00
[2024-01-23T21:52:16.869+0000] {processor.py:175} INFO - Processing /home/airflow/.local/lib/python3.7/site-packages/airflow/example_dags/example_sla_dag.py took 0.118 seconds
[2024-01-23T21:52:47.505+0000] {processor.py:153} INFO - Started process (PID=458) to work on /home/airflow/.local/lib/python3.7/site-packages/airflow/example_dags/example_sla_dag.py
[2024-01-23T21:52:47.505+0000] {processor.py:743} INFO - Processing file /home/airflow/.local/lib/python3.7/site-packages/airflow/example_dags/example_sla_dag.py for tasks to queue
[2024-01-23T21:52:47.507+0000] {logging_mixin.py:137} INFO - [2024-01-23T21:52:47.507+0000] {dagbag.py:538} INFO - Filling up the DagBag from /home/airflow/.local/lib/python3.7/site-packages/airflow/example_dags/example_sla_dag.py
[2024-01-23T21:52:47.534+0000] {processor.py:753} INFO - DAG(s) dict_keys(['example_sla_dag']) retrieved from /home/airflow/.local/lib/python3.7/site-packages/airflow/example_dags/example_sla_dag.py
[2024-01-23T21:52:47.578+0000] {logging_mixin.py:137} INFO - [2024-01-23T21:52:47.577+0000] {dag.py:2676} INFO - Sync 1 DAGs
[2024-01-23T21:52:47.621+0000] {logging_mixin.py:137} INFO - [2024-01-23T21:52:47.621+0000] {dag.py:3427} INFO - Setting next_dagrun for example_sla_dag to 2024-01-23T21:50:00+00:00, run_after=2024-01-23T21:52:00+00:00
[2024-01-23T21:52:47.645+0000] {processor.py:175} INFO - Processing /home/airflow/.local/lib/python3.7/site-packages/airflow/example_dags/example_sla_dag.py took 0.143 seconds
[2024-01-23T21:53:18.117+0000] {processor.py:153} INFO - Started process (PID=538) to work on /home/airflow/.local/lib/python3.7/site-packages/airflow/example_dags/example_sla_dag.py
[2024-01-23T21:53:18.118+0000] {processor.py:743} INFO - Processing file /home/airflow/.local/lib/python3.7/site-packages/airflow/example_dags/example_sla_dag.py for tasks to queue
[2024-01-23T21:53:18.119+0000] {logging_mixin.py:137} INFO - [2024-01-23T21:53:18.118+0000] {dagbag.py:538} INFO - Filling up the DagBag from /home/airflow/.local/lib/python3.7/site-packages/airflow/example_dags/example_sla_dag.py
[2024-01-23T21:53:18.147+0000] {processor.py:753} INFO - DAG(s) dict_keys(['example_sla_dag']) retrieved from /home/airflow/.local/lib/python3.7/site-packages/airflow/example_dags/example_sla_dag.py
[2024-01-23T21:53:18.238+0000] {logging_mixin.py:137} INFO - [2024-01-23T21:53:18.237+0000] {dag.py:2676} INFO - Sync 1 DAGs
[2024-01-23T21:53:18.277+0000] {logging_mixin.py:137} INFO - [2024-01-23T21:53:18.277+0000] {dag.py:3427} INFO - Setting next_dagrun for example_sla_dag to 2024-01-23T21:50:00+00:00, run_after=2024-01-23T21:52:00+00:00
[2024-01-23T21:53:18.304+0000] {processor.py:175} INFO - Processing /home/airflow/.local/lib/python3.7/site-packages/airflow/example_dags/example_sla_dag.py took 0.190 seconds
[2024-01-23T21:53:48.940+0000] {processor.py:153} INFO - Started process (PID=628) to work on /home/airflow/.local/lib/python3.7/site-packages/airflow/example_dags/example_sla_dag.py
[2024-01-23T21:53:48.941+0000] {processor.py:743} INFO - Processing file /home/airflow/.local/lib/python3.7/site-packages/airflow/example_dags/example_sla_dag.py for tasks to queue
[2024-01-23T21:53:48.942+0000] {logging_mixin.py:137} INFO - [2024-01-23T21:53:48.942+0000] {dagbag.py:538} INFO - Filling up the DagBag from /home/airflow/.local/lib/python3.7/site-packages/airflow/example_dags/example_sla_dag.py
[2024-01-23T21:53:48.975+0000] {processor.py:753} INFO - DAG(s) dict_keys(['example_sla_dag']) retrieved from /home/airflow/.local/lib/python3.7/site-packages/airflow/example_dags/example_sla_dag.py
[2024-01-23T21:53:49.019+0000] {logging_mixin.py:137} INFO - [2024-01-23T21:53:49.019+0000] {dag.py:2676} INFO - Sync 1 DAGs
[2024-01-23T21:53:49.052+0000] {logging_mixin.py:137} INFO - [2024-01-23T21:53:49.052+0000] {dag.py:3427} INFO - Setting next_dagrun for example_sla_dag to 2024-01-23T21:50:00+00:00, run_after=2024-01-23T21:52:00+00:00
[2024-01-23T21:53:49.075+0000] {processor.py:175} INFO - Processing /home/airflow/.local/lib/python3.7/site-packages/airflow/example_dags/example_sla_dag.py took 0.139 seconds
[2024-01-23T21:59:18.298+0000] {processor.py:153} INFO - Started process (PID=98) to work on /home/airflow/.local/lib/python3.7/site-packages/airflow/example_dags/example_sla_dag.py
[2024-01-23T21:59:18.299+0000] {processor.py:743} INFO - Processing file /home/airflow/.local/lib/python3.7/site-packages/airflow/example_dags/example_sla_dag.py for tasks to queue
[2024-01-23T21:59:18.300+0000] {logging_mixin.py:137} INFO - [2024-01-23T21:59:18.300+0000] {dagbag.py:538} INFO - Filling up the DagBag from /home/airflow/.local/lib/python3.7/site-packages/airflow/example_dags/example_sla_dag.py
[2024-01-23T21:59:18.334+0000] {processor.py:753} INFO - DAG(s) dict_keys(['example_sla_dag']) retrieved from /home/airflow/.local/lib/python3.7/site-packages/airflow/example_dags/example_sla_dag.py
[2024-01-23T21:59:18.378+0000] {logging_mixin.py:137} INFO - [2024-01-23T21:59:18.378+0000] {dag.py:2676} INFO - Sync 1 DAGs
[2024-01-23T21:59:18.430+0000] {logging_mixin.py:137} INFO - [2024-01-23T21:59:18.430+0000] {dag.py:3427} INFO - Setting next_dagrun for example_sla_dag to 2024-01-23T21:56:00+00:00, run_after=2024-01-23T21:58:00+00:00
[2024-01-23T21:59:18.457+0000] {processor.py:175} INFO - Processing /home/airflow/.local/lib/python3.7/site-packages/airflow/example_dags/example_sla_dag.py took 0.162 seconds
[2024-01-23T21:59:48.705+0000] {processor.py:153} INFO - Started process (PID=178) to work on /home/airflow/.local/lib/python3.7/site-packages/airflow/example_dags/example_sla_dag.py
[2024-01-23T21:59:48.706+0000] {processor.py:743} INFO - Processing file /home/airflow/.local/lib/python3.7/site-packages/airflow/example_dags/example_sla_dag.py for tasks to queue
[2024-01-23T21:59:48.707+0000] {logging_mixin.py:137} INFO - [2024-01-23T21:59:48.706+0000] {dagbag.py:538} INFO - Filling up the DagBag from /home/airflow/.local/lib/python3.7/site-packages/airflow/example_dags/example_sla_dag.py
[2024-01-23T21:59:48.734+0000] {processor.py:753} INFO - DAG(s) dict_keys(['example_sla_dag']) retrieved from /home/airflow/.local/lib/python3.7/site-packages/airflow/example_dags/example_sla_dag.py
[2024-01-23T21:59:48.773+0000] {logging_mixin.py:137} INFO - [2024-01-23T21:59:48.773+0000] {dag.py:2676} INFO - Sync 1 DAGs
[2024-01-23T21:59:48.804+0000] {logging_mixin.py:137} INFO - [2024-01-23T21:59:48.804+0000] {dag.py:3427} INFO - Setting next_dagrun for example_sla_dag to 2024-01-23T21:56:00+00:00, run_after=2024-01-23T21:58:00+00:00
[2024-01-23T21:59:48.826+0000] {processor.py:175} INFO - Processing /home/airflow/.local/lib/python3.7/site-packages/airflow/example_dags/example_sla_dag.py took 0.123 seconds
[2024-01-23T22:00:19.999+0000] {processor.py:153} INFO - Started process (PID=278) to work on /home/airflow/.local/lib/python3.7/site-packages/airflow/example_dags/example_sla_dag.py
[2024-01-23T22:00:19.999+0000] {processor.py:743} INFO - Processing file /home/airflow/.local/lib/python3.7/site-packages/airflow/example_dags/example_sla_dag.py for tasks to queue
[2024-01-23T22:00:20.000+0000] {logging_mixin.py:137} INFO - [2024-01-23T22:00:20.000+0000] {dagbag.py:538} INFO - Filling up the DagBag from /home/airflow/.local/lib/python3.7/site-packages/airflow/example_dags/example_sla_dag.py
[2024-01-23T22:00:20.025+0000] {processor.py:753} INFO - DAG(s) dict_keys(['example_sla_dag']) retrieved from /home/airflow/.local/lib/python3.7/site-packages/airflow/example_dags/example_sla_dag.py
[2024-01-23T22:00:20.062+0000] {logging_mixin.py:137} INFO - [2024-01-23T22:00:20.062+0000] {dag.py:2676} INFO - Sync 1 DAGs
[2024-01-23T22:00:20.099+0000] {logging_mixin.py:137} INFO - [2024-01-23T22:00:20.099+0000] {dag.py:3427} INFO - Setting next_dagrun for example_sla_dag to 2024-01-23T21:58:00+00:00, run_after=2024-01-23T22:00:00+00:00
[2024-01-23T22:00:20.122+0000] {processor.py:175} INFO - Processing /home/airflow/.local/lib/python3.7/site-packages/airflow/example_dags/example_sla_dag.py took 0.126 seconds
[2024-01-23T22:00:50.714+0000] {processor.py:153} INFO - Started process (PID=358) to work on /home/airflow/.local/lib/python3.7/site-packages/airflow/example_dags/example_sla_dag.py
[2024-01-23T22:00:50.715+0000] {processor.py:743} INFO - Processing file /home/airflow/.local/lib/python3.7/site-packages/airflow/example_dags/example_sla_dag.py for tasks to queue
[2024-01-23T22:00:50.715+0000] {logging_mixin.py:137} INFO - [2024-01-23T22:00:50.715+0000] {dagbag.py:538} INFO - Filling up the DagBag from /home/airflow/.local/lib/python3.7/site-packages/airflow/example_dags/example_sla_dag.py
[2024-01-23T22:00:50.740+0000] {processor.py:753} INFO - DAG(s) dict_keys(['example_sla_dag']) retrieved from /home/airflow/.local/lib/python3.7/site-packages/airflow/example_dags/example_sla_dag.py
[2024-01-23T22:00:50.775+0000] {logging_mixin.py:137} INFO - [2024-01-23T22:00:50.775+0000] {dag.py:2676} INFO - Sync 1 DAGs
[2024-01-23T22:00:50.811+0000] {logging_mixin.py:137} INFO - [2024-01-23T22:00:50.811+0000] {dag.py:3427} INFO - Setting next_dagrun for example_sla_dag to 2024-01-23T21:58:00+00:00, run_after=2024-01-23T22:00:00+00:00
[2024-01-23T22:00:50.836+0000] {processor.py:175} INFO - Processing /home/airflow/.local/lib/python3.7/site-packages/airflow/example_dags/example_sla_dag.py took 0.125 seconds
[2024-01-23T22:01:21.015+0000] {processor.py:153} INFO - Started process (PID=438) to work on /home/airflow/.local/lib/python3.7/site-packages/airflow/example_dags/example_sla_dag.py
[2024-01-23T22:01:21.016+0000] {processor.py:743} INFO - Processing file /home/airflow/.local/lib/python3.7/site-packages/airflow/example_dags/example_sla_dag.py for tasks to queue
[2024-01-23T22:01:21.017+0000] {logging_mixin.py:137} INFO - [2024-01-23T22:01:21.017+0000] {dagbag.py:538} INFO - Filling up the DagBag from /home/airflow/.local/lib/python3.7/site-packages/airflow/example_dags/example_sla_dag.py
[2024-01-23T22:01:21.050+0000] {processor.py:753} INFO - DAG(s) dict_keys(['example_sla_dag']) retrieved from /home/airflow/.local/lib/python3.7/site-packages/airflow/example_dags/example_sla_dag.py
[2024-01-23T22:01:21.092+0000] {logging_mixin.py:137} INFO - [2024-01-23T22:01:21.092+0000] {dag.py:2676} INFO - Sync 1 DAGs
[2024-01-23T22:01:21.131+0000] {logging_mixin.py:137} INFO - [2024-01-23T22:01:21.131+0000] {dag.py:3427} INFO - Setting next_dagrun for example_sla_dag to 2024-01-23T21:58:00+00:00, run_after=2024-01-23T22:00:00+00:00
[2024-01-23T22:01:21.163+0000] {processor.py:175} INFO - Processing /home/airflow/.local/lib/python3.7/site-packages/airflow/example_dags/example_sla_dag.py took 0.151 seconds
[2024-01-23T22:01:51.324+0000] {processor.py:153} INFO - Started process (PID=538) to work on /home/airflow/.local/lib/python3.7/site-packages/airflow/example_dags/example_sla_dag.py
[2024-01-23T22:01:51.325+0000] {processor.py:743} INFO - Processing file /home/airflow/.local/lib/python3.7/site-packages/airflow/example_dags/example_sla_dag.py for tasks to queue
[2024-01-23T22:01:51.326+0000] {logging_mixin.py:137} INFO - [2024-01-23T22:01:51.326+0000] {dagbag.py:538} INFO - Filling up the DagBag from /home/airflow/.local/lib/python3.7/site-packages/airflow/example_dags/example_sla_dag.py
[2024-01-23T22:01:51.349+0000] {processor.py:753} INFO - DAG(s) dict_keys(['example_sla_dag']) retrieved from /home/airflow/.local/lib/python3.7/site-packages/airflow/example_dags/example_sla_dag.py
[2024-01-23T22:01:51.393+0000] {logging_mixin.py:137} INFO - [2024-01-23T22:01:51.393+0000] {dag.py:2676} INFO - Sync 1 DAGs
[2024-01-23T22:01:51.429+0000] {logging_mixin.py:137} INFO - [2024-01-23T22:01:51.429+0000] {dag.py:3427} INFO - Setting next_dagrun for example_sla_dag to 2024-01-23T21:58:00+00:00, run_after=2024-01-23T22:00:00+00:00
[2024-01-23T22:01:51.454+0000] {processor.py:175} INFO - Processing /home/airflow/.local/lib/python3.7/site-packages/airflow/example_dags/example_sla_dag.py took 0.131 seconds
[2024-01-23T22:02:21.880+0000] {processor.py:153} INFO - Started process (PID=618) to work on /home/airflow/.local/lib/python3.7/site-packages/airflow/example_dags/example_sla_dag.py
[2024-01-23T22:02:21.881+0000] {processor.py:743} INFO - Processing file /home/airflow/.local/lib/python3.7/site-packages/airflow/example_dags/example_sla_dag.py for tasks to queue
[2024-01-23T22:02:21.882+0000] {logging_mixin.py:137} INFO - [2024-01-23T22:02:21.882+0000] {dagbag.py:538} INFO - Filling up the DagBag from /home/airflow/.local/lib/python3.7/site-packages/airflow/example_dags/example_sla_dag.py
[2024-01-23T22:02:21.911+0000] {processor.py:753} INFO - DAG(s) dict_keys(['example_sla_dag']) retrieved from /home/airflow/.local/lib/python3.7/site-packages/airflow/example_dags/example_sla_dag.py
[2024-01-23T22:02:21.963+0000] {logging_mixin.py:137} INFO - [2024-01-23T22:02:21.963+0000] {dag.py:2676} INFO - Sync 1 DAGs
[2024-01-23T22:02:21.997+0000] {logging_mixin.py:137} INFO - [2024-01-23T22:02:21.997+0000] {dag.py:3427} INFO - Setting next_dagrun for example_sla_dag to 2024-01-23T22:00:00+00:00, run_after=2024-01-23T22:02:00+00:00
[2024-01-23T22:02:22.018+0000] {processor.py:175} INFO - Processing /home/airflow/.local/lib/python3.7/site-packages/airflow/example_dags/example_sla_dag.py took 0.140 seconds
[2024-01-23T22:02:52.158+0000] {processor.py:153} INFO - Started process (PID=708) to work on /home/airflow/.local/lib/python3.7/site-packages/airflow/example_dags/example_sla_dag.py
[2024-01-23T22:02:52.159+0000] {processor.py:743} INFO - Processing file /home/airflow/.local/lib/python3.7/site-packages/airflow/example_dags/example_sla_dag.py for tasks to queue
[2024-01-23T22:02:52.160+0000] {logging_mixin.py:137} INFO - [2024-01-23T22:02:52.159+0000] {dagbag.py:538} INFO - Filling up the DagBag from /home/airflow/.local/lib/python3.7/site-packages/airflow/example_dags/example_sla_dag.py
[2024-01-23T22:02:52.190+0000] {processor.py:753} INFO - DAG(s) dict_keys(['example_sla_dag']) retrieved from /home/airflow/.local/lib/python3.7/site-packages/airflow/example_dags/example_sla_dag.py
[2024-01-23T22:02:52.237+0000] {logging_mixin.py:137} INFO - [2024-01-23T22:02:52.237+0000] {dag.py:2676} INFO - Sync 1 DAGs
[2024-01-23T22:02:52.270+0000] {logging_mixin.py:137} INFO - [2024-01-23T22:02:52.270+0000] {dag.py:3427} INFO - Setting next_dagrun for example_sla_dag to 2024-01-23T22:00:00+00:00, run_after=2024-01-23T22:02:00+00:00
[2024-01-23T22:02:52.292+0000] {processor.py:175} INFO - Processing /home/airflow/.local/lib/python3.7/site-packages/airflow/example_dags/example_sla_dag.py took 0.137 seconds
[2024-01-23T22:03:22.556+0000] {processor.py:153} INFO - Started process (PID=799) to work on /home/airflow/.local/lib/python3.7/site-packages/airflow/example_dags/example_sla_dag.py
[2024-01-23T22:03:22.556+0000] {processor.py:743} INFO - Processing file /home/airflow/.local/lib/python3.7/site-packages/airflow/example_dags/example_sla_dag.py for tasks to queue
[2024-01-23T22:03:22.557+0000] {logging_mixin.py:137} INFO - [2024-01-23T22:03:22.557+0000] {dagbag.py:538} INFO - Filling up the DagBag from /home/airflow/.local/lib/python3.7/site-packages/airflow/example_dags/example_sla_dag.py
[2024-01-23T22:03:22.588+0000] {processor.py:753} INFO - DAG(s) dict_keys(['example_sla_dag']) retrieved from /home/airflow/.local/lib/python3.7/site-packages/airflow/example_dags/example_sla_dag.py
[2024-01-23T22:03:22.633+0000] {logging_mixin.py:137} INFO - [2024-01-23T22:03:22.633+0000] {dag.py:2676} INFO - Sync 1 DAGs
[2024-01-23T22:03:22.687+0000] {logging_mixin.py:137} INFO - [2024-01-23T22:03:22.687+0000] {dag.py:3427} INFO - Setting next_dagrun for example_sla_dag to 2024-01-23T22:00:00+00:00, run_after=2024-01-23T22:02:00+00:00
[2024-01-23T22:03:22.717+0000] {processor.py:175} INFO - Processing /home/airflow/.local/lib/python3.7/site-packages/airflow/example_dags/example_sla_dag.py took 0.164 seconds
[2024-01-23T22:03:52.918+0000] {processor.py:153} INFO - Started process (PID=880) to work on /home/airflow/.local/lib/python3.7/site-packages/airflow/example_dags/example_sla_dag.py
[2024-01-23T22:03:52.919+0000] {processor.py:743} INFO - Processing file /home/airflow/.local/lib/python3.7/site-packages/airflow/example_dags/example_sla_dag.py for tasks to queue
[2024-01-23T22:03:52.920+0000] {logging_mixin.py:137} INFO - [2024-01-23T22:03:52.920+0000] {dagbag.py:538} INFO - Filling up the DagBag from /home/airflow/.local/lib/python3.7/site-packages/airflow/example_dags/example_sla_dag.py
[2024-01-23T22:03:52.958+0000] {processor.py:753} INFO - DAG(s) dict_keys(['example_sla_dag']) retrieved from /home/airflow/.local/lib/python3.7/site-packages/airflow/example_dags/example_sla_dag.py
[2024-01-23T22:03:53.000+0000] {logging_mixin.py:137} INFO - [2024-01-23T22:03:53.000+0000] {dag.py:2676} INFO - Sync 1 DAGs
[2024-01-23T22:03:53.044+0000] {logging_mixin.py:137} INFO - [2024-01-23T22:03:53.044+0000] {dag.py:3427} INFO - Setting next_dagrun for example_sla_dag to 2024-01-23T22:00:00+00:00, run_after=2024-01-23T22:02:00+00:00
[2024-01-23T22:03:53.075+0000] {processor.py:175} INFO - Processing /home/airflow/.local/lib/python3.7/site-packages/airflow/example_dags/example_sla_dag.py took 0.160 seconds
[2024-01-23T22:04:23.555+0000] {processor.py:153} INFO - Started process (PID=978) to work on /home/airflow/.local/lib/python3.7/site-packages/airflow/example_dags/example_sla_dag.py
[2024-01-23T22:04:23.556+0000] {processor.py:743} INFO - Processing file /home/airflow/.local/lib/python3.7/site-packages/airflow/example_dags/example_sla_dag.py for tasks to queue
[2024-01-23T22:04:23.559+0000] {logging_mixin.py:137} INFO - [2024-01-23T22:04:23.558+0000] {dagbag.py:538} INFO - Filling up the DagBag from /home/airflow/.local/lib/python3.7/site-packages/airflow/example_dags/example_sla_dag.py
[2024-01-23T22:04:23.597+0000] {processor.py:753} INFO - DAG(s) dict_keys(['example_sla_dag']) retrieved from /home/airflow/.local/lib/python3.7/site-packages/airflow/example_dags/example_sla_dag.py
[2024-01-23T22:04:23.644+0000] {logging_mixin.py:137} INFO - [2024-01-23T22:04:23.644+0000] {dag.py:2676} INFO - Sync 1 DAGs
[2024-01-23T22:04:23.687+0000] {logging_mixin.py:137} INFO - [2024-01-23T22:04:23.687+0000] {dag.py:3427} INFO - Setting next_dagrun for example_sla_dag to 2024-01-23T22:02:00+00:00, run_after=2024-01-23T22:04:00+00:00
[2024-01-23T22:04:23.715+0000] {processor.py:175} INFO - Processing /home/airflow/.local/lib/python3.7/site-packages/airflow/example_dags/example_sla_dag.py took 0.163 seconds
[2024-01-23T22:04:53.877+0000] {processor.py:153} INFO - Started process (PID=1059) to work on /home/airflow/.local/lib/python3.7/site-packages/airflow/example_dags/example_sla_dag.py
[2024-01-23T22:04:53.878+0000] {processor.py:743} INFO - Processing file /home/airflow/.local/lib/python3.7/site-packages/airflow/example_dags/example_sla_dag.py for tasks to queue
[2024-01-23T22:04:53.879+0000] {logging_mixin.py:137} INFO - [2024-01-23T22:04:53.879+0000] {dagbag.py:538} INFO - Filling up the DagBag from /home/airflow/.local/lib/python3.7/site-packages/airflow/example_dags/example_sla_dag.py
[2024-01-23T22:04:53.902+0000] {processor.py:753} INFO - DAG(s) dict_keys(['example_sla_dag']) retrieved from /home/airflow/.local/lib/python3.7/site-packages/airflow/example_dags/example_sla_dag.py
[2024-01-23T22:04:53.941+0000] {logging_mixin.py:137} INFO - [2024-01-23T22:04:53.940+0000] {dag.py:2676} INFO - Sync 1 DAGs
[2024-01-23T22:04:53.976+0000] {logging_mixin.py:137} INFO - [2024-01-23T22:04:53.976+0000] {dag.py:3427} INFO - Setting next_dagrun for example_sla_dag to 2024-01-23T22:02:00+00:00, run_after=2024-01-23T22:04:00+00:00
[2024-01-23T22:04:54.001+0000] {processor.py:175} INFO - Processing /home/airflow/.local/lib/python3.7/site-packages/airflow/example_dags/example_sla_dag.py took 0.126 seconds
[2024-01-23T22:05:24.336+0000] {processor.py:153} INFO - Started process (PID=1138) to work on /home/airflow/.local/lib/python3.7/site-packages/airflow/example_dags/example_sla_dag.py
[2024-01-23T22:05:24.337+0000] {processor.py:743} INFO - Processing file /home/airflow/.local/lib/python3.7/site-packages/airflow/example_dags/example_sla_dag.py for tasks to queue
[2024-01-23T22:05:24.337+0000] {logging_mixin.py:137} INFO - [2024-01-23T22:05:24.337+0000] {dagbag.py:538} INFO - Filling up the DagBag from /home/airflow/.local/lib/python3.7/site-packages/airflow/example_dags/example_sla_dag.py
[2024-01-23T22:05:24.364+0000] {processor.py:753} INFO - DAG(s) dict_keys(['example_sla_dag']) retrieved from /home/airflow/.local/lib/python3.7/site-packages/airflow/example_dags/example_sla_dag.py
[2024-01-23T22:05:24.407+0000] {logging_mixin.py:137} INFO - [2024-01-23T22:05:24.407+0000] {dag.py:2676} INFO - Sync 1 DAGs
[2024-01-23T22:05:24.453+0000] {logging_mixin.py:137} INFO - [2024-01-23T22:05:24.453+0000] {dag.py:3427} INFO - Setting next_dagrun for example_sla_dag to 2024-01-23T22:02:00+00:00, run_after=2024-01-23T22:04:00+00:00
[2024-01-23T22:05:24.477+0000] {processor.py:175} INFO - Processing /home/airflow/.local/lib/python3.7/site-packages/airflow/example_dags/example_sla_dag.py took 0.144 seconds
[2024-01-23T22:05:54.800+0000] {processor.py:153} INFO - Started process (PID=1227) to work on /home/airflow/.local/lib/python3.7/site-packages/airflow/example_dags/example_sla_dag.py
[2024-01-23T22:05:54.801+0000] {processor.py:743} INFO - Processing file /home/airflow/.local/lib/python3.7/site-packages/airflow/example_dags/example_sla_dag.py for tasks to queue
[2024-01-23T22:05:54.802+0000] {logging_mixin.py:137} INFO - [2024-01-23T22:05:54.802+0000] {dagbag.py:538} INFO - Filling up the DagBag from /home/airflow/.local/lib/python3.7/site-packages/airflow/example_dags/example_sla_dag.py
[2024-01-23T22:05:54.832+0000] {processor.py:753} INFO - DAG(s) dict_keys(['example_sla_dag']) retrieved from /home/airflow/.local/lib/python3.7/site-packages/airflow/example_dags/example_sla_dag.py
[2024-01-23T22:05:54.894+0000] {logging_mixin.py:137} INFO - [2024-01-23T22:05:54.894+0000] {dag.py:2676} INFO - Sync 1 DAGs
[2024-01-23T22:05:54.937+0000] {logging_mixin.py:137} INFO - [2024-01-23T22:05:54.937+0000] {dag.py:3427} INFO - Setting next_dagrun for example_sla_dag to 2024-01-23T22:02:00+00:00, run_after=2024-01-23T22:04:00+00:00
[2024-01-23T22:05:54.968+0000] {processor.py:175} INFO - Processing /home/airflow/.local/lib/python3.7/site-packages/airflow/example_dags/example_sla_dag.py took 0.170 seconds
[2024-01-23T22:06:25.788+0000] {processor.py:153} INFO - Started process (PID=1318) to work on /home/airflow/.local/lib/python3.7/site-packages/airflow/example_dags/example_sla_dag.py
[2024-01-23T22:06:25.789+0000] {processor.py:743} INFO - Processing file /home/airflow/.local/lib/python3.7/site-packages/airflow/example_dags/example_sla_dag.py for tasks to queue
[2024-01-23T22:06:25.790+0000] {logging_mixin.py:137} INFO - [2024-01-23T22:06:25.790+0000] {dagbag.py:538} INFO - Filling up the DagBag from /home/airflow/.local/lib/python3.7/site-packages/airflow/example_dags/example_sla_dag.py
[2024-01-23T22:06:25.818+0000] {processor.py:753} INFO - DAG(s) dict_keys(['example_sla_dag']) retrieved from /home/airflow/.local/lib/python3.7/site-packages/airflow/example_dags/example_sla_dag.py
[2024-01-23T22:06:25.859+0000] {logging_mixin.py:137} INFO - [2024-01-23T22:06:25.859+0000] {dag.py:2676} INFO - Sync 1 DAGs
[2024-01-23T22:06:25.891+0000] {logging_mixin.py:137} INFO - [2024-01-23T22:06:25.891+0000] {dag.py:3427} INFO - Setting next_dagrun for example_sla_dag to 2024-01-23T22:04:00+00:00, run_after=2024-01-23T22:06:00+00:00
[2024-01-23T22:06:25.914+0000] {processor.py:175} INFO - Processing /home/airflow/.local/lib/python3.7/site-packages/airflow/example_dags/example_sla_dag.py took 0.128 seconds
[2024-01-23T22:06:56.089+0000] {processor.py:153} INFO - Started process (PID=1399) to work on /home/airflow/.local/lib/python3.7/site-packages/airflow/example_dags/example_sla_dag.py
[2024-01-23T22:06:56.090+0000] {processor.py:743} INFO - Processing file /home/airflow/.local/lib/python3.7/site-packages/airflow/example_dags/example_sla_dag.py for tasks to queue
[2024-01-23T22:06:56.092+0000] {logging_mixin.py:137} INFO - [2024-01-23T22:06:56.091+0000] {dagbag.py:538} INFO - Filling up the DagBag from /home/airflow/.local/lib/python3.7/site-packages/airflow/example_dags/example_sla_dag.py
[2024-01-23T22:06:56.129+0000] {processor.py:753} INFO - DAG(s) dict_keys(['example_sla_dag']) retrieved from /home/airflow/.local/lib/python3.7/site-packages/airflow/example_dags/example_sla_dag.py
[2024-01-23T22:06:56.177+0000] {logging_mixin.py:137} INFO - [2024-01-23T22:06:56.176+0000] {dag.py:2676} INFO - Sync 1 DAGs
[2024-01-23T22:06:56.213+0000] {logging_mixin.py:137} INFO - [2024-01-23T22:06:56.213+0000] {dag.py:3427} INFO - Setting next_dagrun for example_sla_dag to 2024-01-23T22:04:00+00:00, run_after=2024-01-23T22:06:00+00:00
[2024-01-23T22:06:56.236+0000] {processor.py:175} INFO - Processing /home/airflow/.local/lib/python3.7/site-packages/airflow/example_dags/example_sla_dag.py took 0.150 seconds
[2024-01-23T22:07:26.701+0000] {processor.py:153} INFO - Started process (PID=1498) to work on /home/airflow/.local/lib/python3.7/site-packages/airflow/example_dags/example_sla_dag.py
[2024-01-23T22:07:26.702+0000] {processor.py:743} INFO - Processing file /home/airflow/.local/lib/python3.7/site-packages/airflow/example_dags/example_sla_dag.py for tasks to queue
[2024-01-23T22:07:26.702+0000] {logging_mixin.py:137} INFO - [2024-01-23T22:07:26.702+0000] {dagbag.py:538} INFO - Filling up the DagBag from /home/airflow/.local/lib/python3.7/site-packages/airflow/example_dags/example_sla_dag.py
[2024-01-23T22:07:26.729+0000] {processor.py:753} INFO - DAG(s) dict_keys(['example_sla_dag']) retrieved from /home/airflow/.local/lib/python3.7/site-packages/airflow/example_dags/example_sla_dag.py
[2024-01-23T22:07:26.770+0000] {logging_mixin.py:137} INFO - [2024-01-23T22:07:26.769+0000] {dag.py:2676} INFO - Sync 1 DAGs
[2024-01-23T22:07:26.804+0000] {logging_mixin.py:137} INFO - [2024-01-23T22:07:26.804+0000] {dag.py:3427} INFO - Setting next_dagrun for example_sla_dag to 2024-01-23T22:04:00+00:00, run_after=2024-01-23T22:06:00+00:00
[2024-01-23T22:07:26.824+0000] {processor.py:175} INFO - Processing /home/airflow/.local/lib/python3.7/site-packages/airflow/example_dags/example_sla_dag.py took 0.126 seconds
[2024-01-23T22:07:56.970+0000] {processor.py:153} INFO - Started process (PID=1578) to work on /home/airflow/.local/lib/python3.7/site-packages/airflow/example_dags/example_sla_dag.py
[2024-01-23T22:07:56.970+0000] {processor.py:743} INFO - Processing file /home/airflow/.local/lib/python3.7/site-packages/airflow/example_dags/example_sla_dag.py for tasks to queue
[2024-01-23T22:07:56.971+0000] {logging_mixin.py:137} INFO - [2024-01-23T22:07:56.971+0000] {dagbag.py:538} INFO - Filling up the DagBag from /home/airflow/.local/lib/python3.7/site-packages/airflow/example_dags/example_sla_dag.py
[2024-01-23T22:07:56.995+0000] {processor.py:753} INFO - DAG(s) dict_keys(['example_sla_dag']) retrieved from /home/airflow/.local/lib/python3.7/site-packages/airflow/example_dags/example_sla_dag.py
[2024-01-23T22:07:57.034+0000] {logging_mixin.py:137} INFO - [2024-01-23T22:07:57.033+0000] {dag.py:2676} INFO - Sync 1 DAGs
[2024-01-23T22:07:57.081+0000] {logging_mixin.py:137} INFO - [2024-01-23T22:07:57.081+0000] {dag.py:3427} INFO - Setting next_dagrun for example_sla_dag to 2024-01-23T22:04:00+00:00, run_after=2024-01-23T22:06:00+00:00
[2024-01-23T22:07:57.113+0000] {processor.py:175} INFO - Processing /home/airflow/.local/lib/python3.7/site-packages/airflow/example_dags/example_sla_dag.py took 0.146 seconds
[2024-01-23T22:08:27.188+0000] {processor.py:153} INFO - Started process (PID=1658) to work on /home/airflow/.local/lib/python3.7/site-packages/airflow/example_dags/example_sla_dag.py
[2024-01-23T22:08:27.189+0000] {processor.py:743} INFO - Processing file /home/airflow/.local/lib/python3.7/site-packages/airflow/example_dags/example_sla_dag.py for tasks to queue
[2024-01-23T22:08:27.190+0000] {logging_mixin.py:137} INFO - [2024-01-23T22:08:27.190+0000] {dagbag.py:538} INFO - Filling up the DagBag from /home/airflow/.local/lib/python3.7/site-packages/airflow/example_dags/example_sla_dag.py
[2024-01-23T22:08:27.218+0000] {processor.py:753} INFO - DAG(s) dict_keys(['example_sla_dag']) retrieved from /home/airflow/.local/lib/python3.7/site-packages/airflow/example_dags/example_sla_dag.py
[2024-01-23T22:08:27.255+0000] {logging_mixin.py:137} INFO - [2024-01-23T22:08:27.254+0000] {dag.py:2676} INFO - Sync 1 DAGs
[2024-01-23T22:08:27.288+0000] {logging_mixin.py:137} INFO - [2024-01-23T22:08:27.288+0000] {dag.py:3427} INFO - Setting next_dagrun for example_sla_dag to 2024-01-23T22:06:00+00:00, run_after=2024-01-23T22:08:00+00:00
[2024-01-23T22:08:27.311+0000] {processor.py:175} INFO - Processing /home/airflow/.local/lib/python3.7/site-packages/airflow/example_dags/example_sla_dag.py took 0.125 seconds
[2024-01-23T22:08:58.144+0000] {processor.py:153} INFO - Started process (PID=1758) to work on /home/airflow/.local/lib/python3.7/site-packages/airflow/example_dags/example_sla_dag.py
[2024-01-23T22:08:58.145+0000] {processor.py:743} INFO - Processing file /home/airflow/.local/lib/python3.7/site-packages/airflow/example_dags/example_sla_dag.py for tasks to queue
[2024-01-23T22:08:58.146+0000] {logging_mixin.py:137} INFO - [2024-01-23T22:08:58.145+0000] {dagbag.py:538} INFO - Filling up the DagBag from /home/airflow/.local/lib/python3.7/site-packages/airflow/example_dags/example_sla_dag.py
[2024-01-23T22:08:58.173+0000] {processor.py:753} INFO - DAG(s) dict_keys(['example_sla_dag']) retrieved from /home/airflow/.local/lib/python3.7/site-packages/airflow/example_dags/example_sla_dag.py
[2024-01-23T22:08:58.225+0000] {logging_mixin.py:137} INFO - [2024-01-23T22:08:58.225+0000] {dag.py:2676} INFO - Sync 1 DAGs
[2024-01-23T22:08:58.264+0000] {logging_mixin.py:137} INFO - [2024-01-23T22:08:58.263+0000] {dag.py:3427} INFO - Setting next_dagrun for example_sla_dag to 2024-01-23T22:06:00+00:00, run_after=2024-01-23T22:08:00+00:00
[2024-01-23T22:08:58.288+0000] {processor.py:175} INFO - Processing /home/airflow/.local/lib/python3.7/site-packages/airflow/example_dags/example_sla_dag.py took 0.147 seconds
[2024-01-23T22:09:28.799+0000] {processor.py:153} INFO - Started process (PID=1838) to work on /home/airflow/.local/lib/python3.7/site-packages/airflow/example_dags/example_sla_dag.py
[2024-01-23T22:09:28.799+0000] {processor.py:743} INFO - Processing file /home/airflow/.local/lib/python3.7/site-packages/airflow/example_dags/example_sla_dag.py for tasks to queue
[2024-01-23T22:09:28.800+0000] {logging_mixin.py:137} INFO - [2024-01-23T22:09:28.800+0000] {dagbag.py:538} INFO - Filling up the DagBag from /home/airflow/.local/lib/python3.7/site-packages/airflow/example_dags/example_sla_dag.py
[2024-01-23T22:09:28.830+0000] {processor.py:753} INFO - DAG(s) dict_keys(['example_sla_dag']) retrieved from /home/airflow/.local/lib/python3.7/site-packages/airflow/example_dags/example_sla_dag.py
[2024-01-23T22:09:28.867+0000] {logging_mixin.py:137} INFO - [2024-01-23T22:09:28.867+0000] {dag.py:2676} INFO - Sync 1 DAGs
[2024-01-23T22:09:28.905+0000] {logging_mixin.py:137} INFO - [2024-01-23T22:09:28.905+0000] {dag.py:3427} INFO - Setting next_dagrun for example_sla_dag to 2024-01-23T22:06:00+00:00, run_after=2024-01-23T22:08:00+00:00
[2024-01-23T22:09:28.927+0000] {processor.py:175} INFO - Processing /home/airflow/.local/lib/python3.7/site-packages/airflow/example_dags/example_sla_dag.py took 0.131 seconds
[2024-01-23T22:09:59.094+0000] {processor.py:153} INFO - Started process (PID=1918) to work on /home/airflow/.local/lib/python3.7/site-packages/airflow/example_dags/example_sla_dag.py
[2024-01-23T22:09:59.095+0000] {processor.py:743} INFO - Processing file /home/airflow/.local/lib/python3.7/site-packages/airflow/example_dags/example_sla_dag.py for tasks to queue
[2024-01-23T22:09:59.096+0000] {logging_mixin.py:137} INFO - [2024-01-23T22:09:59.096+0000] {dagbag.py:538} INFO - Filling up the DagBag from /home/airflow/.local/lib/python3.7/site-packages/airflow/example_dags/example_sla_dag.py
[2024-01-23T22:09:59.119+0000] {processor.py:753} INFO - DAG(s) dict_keys(['example_sla_dag']) retrieved from /home/airflow/.local/lib/python3.7/site-packages/airflow/example_dags/example_sla_dag.py
[2024-01-23T22:09:59.163+0000] {logging_mixin.py:137} INFO - [2024-01-23T22:09:59.163+0000] {dag.py:2676} INFO - Sync 1 DAGs
[2024-01-23T22:09:59.199+0000] {logging_mixin.py:137} INFO - [2024-01-23T22:09:59.199+0000] {dag.py:3427} INFO - Setting next_dagrun for example_sla_dag to 2024-01-23T22:06:00+00:00, run_after=2024-01-23T22:08:00+00:00
[2024-01-23T22:09:59.220+0000] {processor.py:175} INFO - Processing /home/airflow/.local/lib/python3.7/site-packages/airflow/example_dags/example_sla_dag.py took 0.127 seconds
[2024-01-23T22:10:29.701+0000] {processor.py:153} INFO - Started process (PID=2018) to work on /home/airflow/.local/lib/python3.7/site-packages/airflow/example_dags/example_sla_dag.py
[2024-01-23T22:10:29.702+0000] {processor.py:743} INFO - Processing file /home/airflow/.local/lib/python3.7/site-packages/airflow/example_dags/example_sla_dag.py for tasks to queue
[2024-01-23T22:10:29.703+0000] {logging_mixin.py:137} INFO - [2024-01-23T22:10:29.703+0000] {dagbag.py:538} INFO - Filling up the DagBag from /home/airflow/.local/lib/python3.7/site-packages/airflow/example_dags/example_sla_dag.py
[2024-01-23T22:10:29.735+0000] {processor.py:753} INFO - DAG(s) dict_keys(['example_sla_dag']) retrieved from /home/airflow/.local/lib/python3.7/site-packages/airflow/example_dags/example_sla_dag.py
[2024-01-23T22:10:29.779+0000] {logging_mixin.py:137} INFO - [2024-01-23T22:10:29.779+0000] {dag.py:2676} INFO - Sync 1 DAGs
[2024-01-23T22:10:29.814+0000] {logging_mixin.py:137} INFO - [2024-01-23T22:10:29.814+0000] {dag.py:3427} INFO - Setting next_dagrun for example_sla_dag to 2024-01-23T22:08:00+00:00, run_after=2024-01-23T22:10:00+00:00
[2024-01-23T22:10:29.834+0000] {processor.py:175} INFO - Processing /home/airflow/.local/lib/python3.7/site-packages/airflow/example_dags/example_sla_dag.py took 0.136 seconds
[2024-01-23T22:11:00.048+0000] {processor.py:153} INFO - Started process (PID=2098) to work on /home/airflow/.local/lib/python3.7/site-packages/airflow/example_dags/example_sla_dag.py
[2024-01-23T22:11:00.049+0000] {processor.py:743} INFO - Processing file /home/airflow/.local/lib/python3.7/site-packages/airflow/example_dags/example_sla_dag.py for tasks to queue
[2024-01-23T22:11:00.050+0000] {logging_mixin.py:137} INFO - [2024-01-23T22:11:00.049+0000] {dagbag.py:538} INFO - Filling up the DagBag from /home/airflow/.local/lib/python3.7/site-packages/airflow/example_dags/example_sla_dag.py
[2024-01-23T22:11:00.072+0000] {processor.py:753} INFO - DAG(s) dict_keys(['example_sla_dag']) retrieved from /home/airflow/.local/lib/python3.7/site-packages/airflow/example_dags/example_sla_dag.py
[2024-01-23T22:11:00.107+0000] {logging_mixin.py:137} INFO - [2024-01-23T22:11:00.106+0000] {dag.py:2676} INFO - Sync 1 DAGs
[2024-01-23T22:11:00.138+0000] {logging_mixin.py:137} INFO - [2024-01-23T22:11:00.138+0000] {dag.py:3427} INFO - Setting next_dagrun for example_sla_dag to 2024-01-23T22:08:00+00:00, run_after=2024-01-23T22:10:00+00:00
[2024-01-23T22:11:00.160+0000] {processor.py:175} INFO - Processing /home/airflow/.local/lib/python3.7/site-packages/airflow/example_dags/example_sla_dag.py took 0.115 seconds
[2024-01-23T22:11:30.426+0000] {processor.py:153} INFO - Started process (PID=2179) to work on /home/airflow/.local/lib/python3.7/site-packages/airflow/example_dags/example_sla_dag.py
[2024-01-23T22:11:30.427+0000] {processor.py:743} INFO - Processing file /home/airflow/.local/lib/python3.7/site-packages/airflow/example_dags/example_sla_dag.py for tasks to queue
[2024-01-23T22:11:30.427+0000] {logging_mixin.py:137} INFO - [2024-01-23T22:11:30.427+0000] {dagbag.py:538} INFO - Filling up the DagBag from /home/airflow/.local/lib/python3.7/site-packages/airflow/example_dags/example_sla_dag.py
[2024-01-23T22:11:30.450+0000] {processor.py:753} INFO - DAG(s) dict_keys(['example_sla_dag']) retrieved from /home/airflow/.local/lib/python3.7/site-packages/airflow/example_dags/example_sla_dag.py
[2024-01-23T22:11:30.482+0000] {logging_mixin.py:137} INFO - [2024-01-23T22:11:30.482+0000] {dag.py:2676} INFO - Sync 1 DAGs
[2024-01-23T22:11:30.513+0000] {logging_mixin.py:137} INFO - [2024-01-23T22:11:30.513+0000] {dag.py:3427} INFO - Setting next_dagrun for example_sla_dag to 2024-01-23T22:08:00+00:00, run_after=2024-01-23T22:10:00+00:00
[2024-01-23T22:11:30.536+0000] {processor.py:175} INFO - Processing /home/airflow/.local/lib/python3.7/site-packages/airflow/example_dags/example_sla_dag.py took 0.113 seconds
[2024-01-23T22:12:00.741+0000] {processor.py:153} INFO - Started process (PID=2278) to work on /home/airflow/.local/lib/python3.7/site-packages/airflow/example_dags/example_sla_dag.py
[2024-01-23T22:12:00.741+0000] {processor.py:743} INFO - Processing file /home/airflow/.local/lib/python3.7/site-packages/airflow/example_dags/example_sla_dag.py for tasks to queue
[2024-01-23T22:12:00.742+0000] {logging_mixin.py:137} INFO - [2024-01-23T22:12:00.742+0000] {dagbag.py:538} INFO - Filling up the DagBag from /home/airflow/.local/lib/python3.7/site-packages/airflow/example_dags/example_sla_dag.py
[2024-01-23T22:12:00.762+0000] {processor.py:753} INFO - DAG(s) dict_keys(['example_sla_dag']) retrieved from /home/airflow/.local/lib/python3.7/site-packages/airflow/example_dags/example_sla_dag.py
[2024-01-23T22:12:00.798+0000] {logging_mixin.py:137} INFO - [2024-01-23T22:12:00.798+0000] {dag.py:2676} INFO - Sync 1 DAGs
[2024-01-23T22:12:00.828+0000] {logging_mixin.py:137} INFO - [2024-01-23T22:12:00.828+0000] {dag.py:3427} INFO - Setting next_dagrun for example_sla_dag to 2024-01-23T22:10:00+00:00, run_after=2024-01-23T22:12:00+00:00
[2024-01-23T22:12:00.845+0000] {processor.py:175} INFO - Processing /home/airflow/.local/lib/python3.7/site-packages/airflow/example_dags/example_sla_dag.py took 0.107 seconds
[2024-01-23T22:12:31.372+0000] {processor.py:153} INFO - Started process (PID=2358) to work on /home/airflow/.local/lib/python3.7/site-packages/airflow/example_dags/example_sla_dag.py
[2024-01-23T22:12:31.373+0000] {processor.py:743} INFO - Processing file /home/airflow/.local/lib/python3.7/site-packages/airflow/example_dags/example_sla_dag.py for tasks to queue
[2024-01-23T22:12:31.374+0000] {logging_mixin.py:137} INFO - [2024-01-23T22:12:31.373+0000] {dagbag.py:538} INFO - Filling up the DagBag from /home/airflow/.local/lib/python3.7/site-packages/airflow/example_dags/example_sla_dag.py
[2024-01-23T22:12:31.402+0000] {processor.py:753} INFO - DAG(s) dict_keys(['example_sla_dag']) retrieved from /home/airflow/.local/lib/python3.7/site-packages/airflow/example_dags/example_sla_dag.py
[2024-01-23T22:12:31.443+0000] {logging_mixin.py:137} INFO - [2024-01-23T22:12:31.443+0000] {dag.py:2676} INFO - Sync 1 DAGs
[2024-01-23T22:12:31.479+0000] {logging_mixin.py:137} INFO - [2024-01-23T22:12:31.479+0000] {dag.py:3427} INFO - Setting next_dagrun for example_sla_dag to 2024-01-23T22:10:00+00:00, run_after=2024-01-23T22:12:00+00:00
[2024-01-23T22:12:31.500+0000] {processor.py:175} INFO - Processing /home/airflow/.local/lib/python3.7/site-packages/airflow/example_dags/example_sla_dag.py took 0.131 seconds
[2024-01-23T22:13:01.678+0000] {processor.py:153} INFO - Started process (PID=2447) to work on /home/airflow/.local/lib/python3.7/site-packages/airflow/example_dags/example_sla_dag.py
[2024-01-23T22:13:01.679+0000] {processor.py:743} INFO - Processing file /home/airflow/.local/lib/python3.7/site-packages/airflow/example_dags/example_sla_dag.py for tasks to queue
[2024-01-23T22:13:01.680+0000] {logging_mixin.py:137} INFO - [2024-01-23T22:13:01.679+0000] {dagbag.py:538} INFO - Filling up the DagBag from /home/airflow/.local/lib/python3.7/site-packages/airflow/example_dags/example_sla_dag.py
[2024-01-23T22:13:01.707+0000] {processor.py:753} INFO - DAG(s) dict_keys(['example_sla_dag']) retrieved from /home/airflow/.local/lib/python3.7/site-packages/airflow/example_dags/example_sla_dag.py
[2024-01-23T22:13:01.745+0000] {logging_mixin.py:137} INFO - [2024-01-23T22:13:01.745+0000] {dag.py:2676} INFO - Sync 1 DAGs
[2024-01-23T22:13:01.782+0000] {logging_mixin.py:137} INFO - [2024-01-23T22:13:01.782+0000] {dag.py:3427} INFO - Setting next_dagrun for example_sla_dag to 2024-01-23T22:10:00+00:00, run_after=2024-01-23T22:12:00+00:00
[2024-01-23T22:13:01.808+0000] {processor.py:175} INFO - Processing /home/airflow/.local/lib/python3.7/site-packages/airflow/example_dags/example_sla_dag.py took 0.133 seconds
[2024-01-23T22:13:32.181+0000] {processor.py:153} INFO - Started process (PID=2538) to work on /home/airflow/.local/lib/python3.7/site-packages/airflow/example_dags/example_sla_dag.py
[2024-01-23T22:13:32.182+0000] {processor.py:743} INFO - Processing file /home/airflow/.local/lib/python3.7/site-packages/airflow/example_dags/example_sla_dag.py for tasks to queue
[2024-01-23T22:13:32.182+0000] {logging_mixin.py:137} INFO - [2024-01-23T22:13:32.182+0000] {dagbag.py:538} INFO - Filling up the DagBag from /home/airflow/.local/lib/python3.7/site-packages/airflow/example_dags/example_sla_dag.py
[2024-01-23T22:13:32.209+0000] {processor.py:753} INFO - DAG(s) dict_keys(['example_sla_dag']) retrieved from /home/airflow/.local/lib/python3.7/site-packages/airflow/example_dags/example_sla_dag.py
[2024-01-23T22:13:32.247+0000] {logging_mixin.py:137} INFO - [2024-01-23T22:13:32.246+0000] {dag.py:2676} INFO - Sync 1 DAGs
[2024-01-23T22:13:32.283+0000] {logging_mixin.py:137} INFO - [2024-01-23T22:13:32.283+0000] {dag.py:3427} INFO - Setting next_dagrun for example_sla_dag to 2024-01-23T22:10:00+00:00, run_after=2024-01-23T22:12:00+00:00
[2024-01-23T22:13:32.305+0000] {processor.py:175} INFO - Processing /home/airflow/.local/lib/python3.7/site-packages/airflow/example_dags/example_sla_dag.py took 0.127 seconds
[2024-01-23T22:14:02.671+0000] {processor.py:153} INFO - Started process (PID=2617) to work on /home/airflow/.local/lib/python3.7/site-packages/airflow/example_dags/example_sla_dag.py
[2024-01-23T22:14:02.671+0000] {processor.py:743} INFO - Processing file /home/airflow/.local/lib/python3.7/site-packages/airflow/example_dags/example_sla_dag.py for tasks to queue
[2024-01-23T22:14:02.672+0000] {logging_mixin.py:137} INFO - [2024-01-23T22:14:02.672+0000] {dagbag.py:538} INFO - Filling up the DagBag from /home/airflow/.local/lib/python3.7/site-packages/airflow/example_dags/example_sla_dag.py
[2024-01-23T22:14:02.695+0000] {processor.py:753} INFO - DAG(s) dict_keys(['example_sla_dag']) retrieved from /home/airflow/.local/lib/python3.7/site-packages/airflow/example_dags/example_sla_dag.py
[2024-01-23T22:14:02.739+0000] {logging_mixin.py:137} INFO - [2024-01-23T22:14:02.739+0000] {dag.py:2676} INFO - Sync 1 DAGs
[2024-01-23T22:14:02.771+0000] {logging_mixin.py:137} INFO - [2024-01-23T22:14:02.771+0000] {dag.py:3427} INFO - Setting next_dagrun for example_sla_dag to 2024-01-23T22:12:00+00:00, run_after=2024-01-23T22:14:00+00:00
[2024-01-23T22:14:02.796+0000] {processor.py:175} INFO - Processing /home/airflow/.local/lib/python3.7/site-packages/airflow/example_dags/example_sla_dag.py took 0.128 seconds
[2024-01-23T22:14:33.506+0000] {processor.py:153} INFO - Started process (PID=2718) to work on /home/airflow/.local/lib/python3.7/site-packages/airflow/example_dags/example_sla_dag.py
[2024-01-23T22:14:33.507+0000] {processor.py:743} INFO - Processing file /home/airflow/.local/lib/python3.7/site-packages/airflow/example_dags/example_sla_dag.py for tasks to queue
[2024-01-23T22:14:33.508+0000] {logging_mixin.py:137} INFO - [2024-01-23T22:14:33.508+0000] {dagbag.py:538} INFO - Filling up the DagBag from /home/airflow/.local/lib/python3.7/site-packages/airflow/example_dags/example_sla_dag.py
[2024-01-23T22:14:33.538+0000] {processor.py:753} INFO - DAG(s) dict_keys(['example_sla_dag']) retrieved from /home/airflow/.local/lib/python3.7/site-packages/airflow/example_dags/example_sla_dag.py
[2024-01-23T22:14:33.585+0000] {logging_mixin.py:137} INFO - [2024-01-23T22:14:33.584+0000] {dag.py:2676} INFO - Sync 1 DAGs
[2024-01-23T22:14:33.627+0000] {logging_mixin.py:137} INFO - [2024-01-23T22:14:33.627+0000] {dag.py:3427} INFO - Setting next_dagrun for example_sla_dag to 2024-01-23T22:12:00+00:00, run_after=2024-01-23T22:14:00+00:00
[2024-01-23T22:14:33.658+0000] {processor.py:175} INFO - Processing /home/airflow/.local/lib/python3.7/site-packages/airflow/example_dags/example_sla_dag.py took 0.155 seconds
[2024-01-23T22:15:03.824+0000] {processor.py:153} INFO - Started process (PID=2799) to work on /home/airflow/.local/lib/python3.7/site-packages/airflow/example_dags/example_sla_dag.py
[2024-01-23T22:15:03.825+0000] {processor.py:743} INFO - Processing file /home/airflow/.local/lib/python3.7/site-packages/airflow/example_dags/example_sla_dag.py for tasks to queue
[2024-01-23T22:15:03.826+0000] {logging_mixin.py:137} INFO - [2024-01-23T22:15:03.825+0000] {dagbag.py:538} INFO - Filling up the DagBag from /home/airflow/.local/lib/python3.7/site-packages/airflow/example_dags/example_sla_dag.py
[2024-01-23T22:15:03.849+0000] {processor.py:753} INFO - DAG(s) dict_keys(['example_sla_dag']) retrieved from /home/airflow/.local/lib/python3.7/site-packages/airflow/example_dags/example_sla_dag.py
[2024-01-23T22:15:03.892+0000] {logging_mixin.py:137} INFO - [2024-01-23T22:15:03.892+0000] {dag.py:2676} INFO - Sync 1 DAGs
[2024-01-23T22:15:03.933+0000] {logging_mixin.py:137} INFO - [2024-01-23T22:15:03.933+0000] {dag.py:3427} INFO - Setting next_dagrun for example_sla_dag to 2024-01-23T22:12:00+00:00, run_after=2024-01-23T22:14:00+00:00
[2024-01-23T22:15:03.955+0000] {processor.py:175} INFO - Processing /home/airflow/.local/lib/python3.7/site-packages/airflow/example_dags/example_sla_dag.py took 0.133 seconds
[2024-01-23T22:15:34.147+0000] {processor.py:153} INFO - Started process (PID=2880) to work on /home/airflow/.local/lib/python3.7/site-packages/airflow/example_dags/example_sla_dag.py
[2024-01-23T22:15:34.148+0000] {processor.py:743} INFO - Processing file /home/airflow/.local/lib/python3.7/site-packages/airflow/example_dags/example_sla_dag.py for tasks to queue
[2024-01-23T22:15:34.149+0000] {logging_mixin.py:137} INFO - [2024-01-23T22:15:34.149+0000] {dagbag.py:538} INFO - Filling up the DagBag from /home/airflow/.local/lib/python3.7/site-packages/airflow/example_dags/example_sla_dag.py
[2024-01-23T22:15:34.180+0000] {processor.py:753} INFO - DAG(s) dict_keys(['example_sla_dag']) retrieved from /home/airflow/.local/lib/python3.7/site-packages/airflow/example_dags/example_sla_dag.py
[2024-01-23T22:15:34.234+0000] {logging_mixin.py:137} INFO - [2024-01-23T22:15:34.234+0000] {dag.py:2676} INFO - Sync 1 DAGs
[2024-01-23T22:15:34.268+0000] {logging_mixin.py:137} INFO - [2024-01-23T22:15:34.268+0000] {dag.py:3427} INFO - Setting next_dagrun for example_sla_dag to 2024-01-23T22:12:00+00:00, run_after=2024-01-23T22:14:00+00:00
[2024-01-23T22:15:34.290+0000] {processor.py:175} INFO - Processing /home/airflow/.local/lib/python3.7/site-packages/airflow/example_dags/example_sla_dag.py took 0.147 seconds
[2024-01-23T22:16:04.582+0000] {processor.py:153} INFO - Started process (PID=2982) to work on /home/airflow/.local/lib/python3.7/site-packages/airflow/example_dags/example_sla_dag.py
[2024-01-23T22:16:04.582+0000] {processor.py:743} INFO - Processing file /home/airflow/.local/lib/python3.7/site-packages/airflow/example_dags/example_sla_dag.py for tasks to queue
[2024-01-23T22:16:04.583+0000] {logging_mixin.py:137} INFO - [2024-01-23T22:16:04.583+0000] {dagbag.py:538} INFO - Filling up the DagBag from /home/airflow/.local/lib/python3.7/site-packages/airflow/example_dags/example_sla_dag.py
[2024-01-23T22:16:04.604+0000] {processor.py:753} INFO - DAG(s) dict_keys(['example_sla_dag']) retrieved from /home/airflow/.local/lib/python3.7/site-packages/airflow/example_dags/example_sla_dag.py
[2024-01-23T22:16:04.641+0000] {logging_mixin.py:137} INFO - [2024-01-23T22:16:04.641+0000] {dag.py:2676} INFO - Sync 1 DAGs
[2024-01-23T22:16:04.672+0000] {logging_mixin.py:137} INFO - [2024-01-23T22:16:04.672+0000] {dag.py:3427} INFO - Setting next_dagrun for example_sla_dag to 2024-01-23T22:14:00+00:00, run_after=2024-01-23T22:16:00+00:00
[2024-01-23T22:16:04.700+0000] {processor.py:175} INFO - Processing /home/airflow/.local/lib/python3.7/site-packages/airflow/example_dags/example_sla_dag.py took 0.121 seconds
[2024-01-23T22:16:35.631+0000] {processor.py:153} INFO - Started process (PID=3061) to work on /home/airflow/.local/lib/python3.7/site-packages/airflow/example_dags/example_sla_dag.py
[2024-01-23T22:16:35.632+0000] {processor.py:743} INFO - Processing file /home/airflow/.local/lib/python3.7/site-packages/airflow/example_dags/example_sla_dag.py for tasks to queue
[2024-01-23T22:16:35.632+0000] {logging_mixin.py:137} INFO - [2024-01-23T22:16:35.632+0000] {dagbag.py:538} INFO - Filling up the DagBag from /home/airflow/.local/lib/python3.7/site-packages/airflow/example_dags/example_sla_dag.py
[2024-01-23T22:16:35.659+0000] {processor.py:753} INFO - DAG(s) dict_keys(['example_sla_dag']) retrieved from /home/airflow/.local/lib/python3.7/site-packages/airflow/example_dags/example_sla_dag.py
[2024-01-23T22:16:35.692+0000] {logging_mixin.py:137} INFO - [2024-01-23T22:16:35.692+0000] {dag.py:2676} INFO - Sync 1 DAGs
[2024-01-23T22:16:35.722+0000] {logging_mixin.py:137} INFO - [2024-01-23T22:16:35.722+0000] {dag.py:3427} INFO - Setting next_dagrun for example_sla_dag to 2024-01-23T22:14:00+00:00, run_after=2024-01-23T22:16:00+00:00
[2024-01-23T22:16:35.746+0000] {processor.py:175} INFO - Processing /home/airflow/.local/lib/python3.7/site-packages/airflow/example_dags/example_sla_dag.py took 0.118 seconds
[2024-01-23T22:17:05.930+0000] {processor.py:153} INFO - Started process (PID=3147) to work on /home/airflow/.local/lib/python3.7/site-packages/airflow/example_dags/example_sla_dag.py
[2024-01-23T22:17:05.931+0000] {processor.py:743} INFO - Processing file /home/airflow/.local/lib/python3.7/site-packages/airflow/example_dags/example_sla_dag.py for tasks to queue
[2024-01-23T22:17:05.932+0000] {logging_mixin.py:137} INFO - [2024-01-23T22:17:05.932+0000] {dagbag.py:538} INFO - Filling up the DagBag from /home/airflow/.local/lib/python3.7/site-packages/airflow/example_dags/example_sla_dag.py
[2024-01-23T22:17:05.954+0000] {processor.py:753} INFO - DAG(s) dict_keys(['example_sla_dag']) retrieved from /home/airflow/.local/lib/python3.7/site-packages/airflow/example_dags/example_sla_dag.py
[2024-01-23T22:17:05.989+0000] {logging_mixin.py:137} INFO - [2024-01-23T22:17:05.989+0000] {dag.py:2676} INFO - Sync 1 DAGs
[2024-01-23T22:17:06.024+0000] {logging_mixin.py:137} INFO - [2024-01-23T22:17:06.024+0000] {dag.py:3427} INFO - Setting next_dagrun for example_sla_dag to 2024-01-23T22:14:00+00:00, run_after=2024-01-23T22:16:00+00:00
[2024-01-23T22:17:06.050+0000] {processor.py:175} INFO - Processing /home/airflow/.local/lib/python3.7/site-packages/airflow/example_dags/example_sla_dag.py took 0.122 seconds
[2024-01-23T22:17:36.326+0000] {processor.py:153} INFO - Started process (PID=3238) to work on /home/airflow/.local/lib/python3.7/site-packages/airflow/example_dags/example_sla_dag.py
[2024-01-23T22:17:36.327+0000] {processor.py:743} INFO - Processing file /home/airflow/.local/lib/python3.7/site-packages/airflow/example_dags/example_sla_dag.py for tasks to queue
[2024-01-23T22:17:36.328+0000] {logging_mixin.py:137} INFO - [2024-01-23T22:17:36.328+0000] {dagbag.py:538} INFO - Filling up the DagBag from /home/airflow/.local/lib/python3.7/site-packages/airflow/example_dags/example_sla_dag.py
[2024-01-23T22:17:36.352+0000] {processor.py:753} INFO - DAG(s) dict_keys(['example_sla_dag']) retrieved from /home/airflow/.local/lib/python3.7/site-packages/airflow/example_dags/example_sla_dag.py
[2024-01-23T22:17:36.393+0000] {logging_mixin.py:137} INFO - [2024-01-23T22:17:36.393+0000] {dag.py:2676} INFO - Sync 1 DAGs
[2024-01-23T22:17:36.428+0000] {logging_mixin.py:137} INFO - [2024-01-23T22:17:36.428+0000] {dag.py:3427} INFO - Setting next_dagrun for example_sla_dag to 2024-01-23T22:14:00+00:00, run_after=2024-01-23T22:16:00+00:00
[2024-01-23T22:17:36.452+0000] {processor.py:175} INFO - Processing /home/airflow/.local/lib/python3.7/site-packages/airflow/example_dags/example_sla_dag.py took 0.129 seconds
[2024-01-23T22:18:06.569+0000] {processor.py:153} INFO - Started process (PID=3319) to work on /home/airflow/.local/lib/python3.7/site-packages/airflow/example_dags/example_sla_dag.py
[2024-01-23T22:18:06.570+0000] {processor.py:743} INFO - Processing file /home/airflow/.local/lib/python3.7/site-packages/airflow/example_dags/example_sla_dag.py for tasks to queue
[2024-01-23T22:18:06.571+0000] {logging_mixin.py:137} INFO - [2024-01-23T22:18:06.571+0000] {dagbag.py:538} INFO - Filling up the DagBag from /home/airflow/.local/lib/python3.7/site-packages/airflow/example_dags/example_sla_dag.py
[2024-01-23T22:18:06.595+0000] {processor.py:753} INFO - DAG(s) dict_keys(['example_sla_dag']) retrieved from /home/airflow/.local/lib/python3.7/site-packages/airflow/example_dags/example_sla_dag.py
[2024-01-23T22:18:06.631+0000] {logging_mixin.py:137} INFO - [2024-01-23T22:18:06.631+0000] {dag.py:2676} INFO - Sync 1 DAGs
[2024-01-23T22:18:06.659+0000] {logging_mixin.py:137} INFO - [2024-01-23T22:18:06.659+0000] {dag.py:3427} INFO - Setting next_dagrun for example_sla_dag to 2024-01-23T22:16:00+00:00, run_after=2024-01-23T22:18:00+00:00
[2024-01-23T22:18:06.679+0000] {processor.py:175} INFO - Processing /home/airflow/.local/lib/python3.7/site-packages/airflow/example_dags/example_sla_dag.py took 0.112 seconds
[2024-01-23T22:18:36.857+0000] {processor.py:153} INFO - Started process (PID=3418) to work on /home/airflow/.local/lib/python3.7/site-packages/airflow/example_dags/example_sla_dag.py
[2024-01-23T22:18:36.858+0000] {processor.py:743} INFO - Processing file /home/airflow/.local/lib/python3.7/site-packages/airflow/example_dags/example_sla_dag.py for tasks to queue
[2024-01-23T22:18:36.859+0000] {logging_mixin.py:137} INFO - [2024-01-23T22:18:36.859+0000] {dagbag.py:538} INFO - Filling up the DagBag from /home/airflow/.local/lib/python3.7/site-packages/airflow/example_dags/example_sla_dag.py
[2024-01-23T22:18:36.890+0000] {processor.py:753} INFO - DAG(s) dict_keys(['example_sla_dag']) retrieved from /home/airflow/.local/lib/python3.7/site-packages/airflow/example_dags/example_sla_dag.py
[2024-01-23T22:18:36.936+0000] {logging_mixin.py:137} INFO - [2024-01-23T22:18:36.936+0000] {dag.py:2676} INFO - Sync 1 DAGs
[2024-01-23T22:18:36.973+0000] {logging_mixin.py:137} INFO - [2024-01-23T22:18:36.973+0000] {dag.py:3427} INFO - Setting next_dagrun for example_sla_dag to 2024-01-23T22:16:00+00:00, run_after=2024-01-23T22:18:00+00:00
[2024-01-23T22:18:36.997+0000] {processor.py:175} INFO - Processing /home/airflow/.local/lib/python3.7/site-packages/airflow/example_dags/example_sla_dag.py took 0.143 seconds
[2024-01-23T22:19:07.319+0000] {processor.py:153} INFO - Started process (PID=3498) to work on /home/airflow/.local/lib/python3.7/site-packages/airflow/example_dags/example_sla_dag.py
[2024-01-23T22:19:07.320+0000] {processor.py:743} INFO - Processing file /home/airflow/.local/lib/python3.7/site-packages/airflow/example_dags/example_sla_dag.py for tasks to queue
[2024-01-23T22:19:07.321+0000] {logging_mixin.py:137} INFO - [2024-01-23T22:19:07.321+0000] {dagbag.py:538} INFO - Filling up the DagBag from /home/airflow/.local/lib/python3.7/site-packages/airflow/example_dags/example_sla_dag.py
[2024-01-23T22:19:07.350+0000] {processor.py:753} INFO - DAG(s) dict_keys(['example_sla_dag']) retrieved from /home/airflow/.local/lib/python3.7/site-packages/airflow/example_dags/example_sla_dag.py
[2024-01-23T22:19:07.392+0000] {logging_mixin.py:137} INFO - [2024-01-23T22:19:07.392+0000] {dag.py:2676} INFO - Sync 1 DAGs
[2024-01-23T22:19:07.427+0000] {logging_mixin.py:137} INFO - [2024-01-23T22:19:07.427+0000] {dag.py:3427} INFO - Setting next_dagrun for example_sla_dag to 2024-01-23T22:16:00+00:00, run_after=2024-01-23T22:18:00+00:00
[2024-01-23T22:19:07.449+0000] {processor.py:175} INFO - Processing /home/airflow/.local/lib/python3.7/site-packages/airflow/example_dags/example_sla_dag.py took 0.132 seconds
[2024-01-23T22:19:37.569+0000] {processor.py:153} INFO - Started process (PID=3578) to work on /home/airflow/.local/lib/python3.7/site-packages/airflow/example_dags/example_sla_dag.py
[2024-01-23T22:19:37.570+0000] {processor.py:743} INFO - Processing file /home/airflow/.local/lib/python3.7/site-packages/airflow/example_dags/example_sla_dag.py for tasks to queue
[2024-01-23T22:19:37.571+0000] {logging_mixin.py:137} INFO - [2024-01-23T22:19:37.571+0000] {dagbag.py:538} INFO - Filling up the DagBag from /home/airflow/.local/lib/python3.7/site-packages/airflow/example_dags/example_sla_dag.py
[2024-01-23T22:19:37.592+0000] {processor.py:753} INFO - DAG(s) dict_keys(['example_sla_dag']) retrieved from /home/airflow/.local/lib/python3.7/site-packages/airflow/example_dags/example_sla_dag.py
[2024-01-23T22:19:37.630+0000] {logging_mixin.py:137} INFO - [2024-01-23T22:19:37.630+0000] {dag.py:2676} INFO - Sync 1 DAGs
[2024-01-23T22:19:37.662+0000] {logging_mixin.py:137} INFO - [2024-01-23T22:19:37.662+0000] {dag.py:3427} INFO - Setting next_dagrun for example_sla_dag to 2024-01-23T22:16:00+00:00, run_after=2024-01-23T22:18:00+00:00
[2024-01-23T22:19:37.686+0000] {processor.py:175} INFO - Processing /home/airflow/.local/lib/python3.7/site-packages/airflow/example_dags/example_sla_dag.py took 0.119 seconds
[2024-01-23T22:20:07.979+0000] {processor.py:153} INFO - Started process (PID=3678) to work on /home/airflow/.local/lib/python3.7/site-packages/airflow/example_dags/example_sla_dag.py
[2024-01-23T22:20:07.981+0000] {processor.py:743} INFO - Processing file /home/airflow/.local/lib/python3.7/site-packages/airflow/example_dags/example_sla_dag.py for tasks to queue
[2024-01-23T22:20:07.982+0000] {logging_mixin.py:137} INFO - [2024-01-23T22:20:07.981+0000] {dagbag.py:538} INFO - Filling up the DagBag from /home/airflow/.local/lib/python3.7/site-packages/airflow/example_dags/example_sla_dag.py
[2024-01-23T22:20:08.009+0000] {processor.py:753} INFO - DAG(s) dict_keys(['example_sla_dag']) retrieved from /home/airflow/.local/lib/python3.7/site-packages/airflow/example_dags/example_sla_dag.py
[2024-01-23T22:20:08.064+0000] {logging_mixin.py:137} INFO - [2024-01-23T22:20:08.064+0000] {dag.py:2676} INFO - Sync 1 DAGs
[2024-01-23T22:20:08.110+0000] {logging_mixin.py:137} INFO - [2024-01-23T22:20:08.110+0000] {dag.py:3427} INFO - Setting next_dagrun for example_sla_dag to 2024-01-23T22:18:00+00:00, run_after=2024-01-23T22:20:00+00:00
[2024-01-23T22:20:08.141+0000] {processor.py:175} INFO - Processing /home/airflow/.local/lib/python3.7/site-packages/airflow/example_dags/example_sla_dag.py took 0.164 seconds
[2024-01-23T22:20:38.429+0000] {processor.py:153} INFO - Started process (PID=3759) to work on /home/airflow/.local/lib/python3.7/site-packages/airflow/example_dags/example_sla_dag.py
[2024-01-23T22:20:38.429+0000] {processor.py:743} INFO - Processing file /home/airflow/.local/lib/python3.7/site-packages/airflow/example_dags/example_sla_dag.py for tasks to queue
[2024-01-23T22:20:38.430+0000] {logging_mixin.py:137} INFO - [2024-01-23T22:20:38.430+0000] {dagbag.py:538} INFO - Filling up the DagBag from /home/airflow/.local/lib/python3.7/site-packages/airflow/example_dags/example_sla_dag.py
[2024-01-23T22:20:38.450+0000] {processor.py:753} INFO - DAG(s) dict_keys(['example_sla_dag']) retrieved from /home/airflow/.local/lib/python3.7/site-packages/airflow/example_dags/example_sla_dag.py
[2024-01-23T22:20:38.486+0000] {logging_mixin.py:137} INFO - [2024-01-23T22:20:38.486+0000] {dag.py:2676} INFO - Sync 1 DAGs
[2024-01-23T22:20:38.521+0000] {logging_mixin.py:137} INFO - [2024-01-23T22:20:38.521+0000] {dag.py:3427} INFO - Setting next_dagrun for example_sla_dag to 2024-01-23T22:18:00+00:00, run_after=2024-01-23T22:20:00+00:00
[2024-01-23T22:20:38.541+0000] {processor.py:175} INFO - Processing /home/airflow/.local/lib/python3.7/site-packages/airflow/example_dags/example_sla_dag.py took 0.115 seconds
[2024-01-23T22:21:08.849+0000] {processor.py:153} INFO - Started process (PID=3839) to work on /home/airflow/.local/lib/python3.7/site-packages/airflow/example_dags/example_sla_dag.py
[2024-01-23T22:21:08.850+0000] {processor.py:743} INFO - Processing file /home/airflow/.local/lib/python3.7/site-packages/airflow/example_dags/example_sla_dag.py for tasks to queue
[2024-01-23T22:21:08.851+0000] {logging_mixin.py:137} INFO - [2024-01-23T22:21:08.851+0000] {dagbag.py:538} INFO - Filling up the DagBag from /home/airflow/.local/lib/python3.7/site-packages/airflow/example_dags/example_sla_dag.py
[2024-01-23T22:21:08.879+0000] {processor.py:753} INFO - DAG(s) dict_keys(['example_sla_dag']) retrieved from /home/airflow/.local/lib/python3.7/site-packages/airflow/example_dags/example_sla_dag.py
[2024-01-23T22:21:08.926+0000] {logging_mixin.py:137} INFO - [2024-01-23T22:21:08.926+0000] {dag.py:2676} INFO - Sync 1 DAGs
[2024-01-23T22:21:08.970+0000] {logging_mixin.py:137} INFO - [2024-01-23T22:21:08.970+0000] {dag.py:3427} INFO - Setting next_dagrun for example_sla_dag to 2024-01-23T22:18:00+00:00, run_after=2024-01-23T22:20:00+00:00
[2024-01-23T22:21:08.998+0000] {processor.py:175} INFO - Processing /home/airflow/.local/lib/python3.7/site-packages/airflow/example_dags/example_sla_dag.py took 0.152 seconds
[2024-01-23T22:21:39.478+0000] {processor.py:153} INFO - Started process (PID=3939) to work on /home/airflow/.local/lib/python3.7/site-packages/airflow/example_dags/example_sla_dag.py
[2024-01-23T22:21:39.478+0000] {processor.py:743} INFO - Processing file /home/airflow/.local/lib/python3.7/site-packages/airflow/example_dags/example_sla_dag.py for tasks to queue
[2024-01-23T22:21:39.479+0000] {logging_mixin.py:137} INFO - [2024-01-23T22:21:39.479+0000] {dagbag.py:538} INFO - Filling up the DagBag from /home/airflow/.local/lib/python3.7/site-packages/airflow/example_dags/example_sla_dag.py
[2024-01-23T22:21:39.506+0000] {processor.py:753} INFO - DAG(s) dict_keys(['example_sla_dag']) retrieved from /home/airflow/.local/lib/python3.7/site-packages/airflow/example_dags/example_sla_dag.py
[2024-01-23T22:21:39.567+0000] {logging_mixin.py:137} INFO - [2024-01-23T22:21:39.567+0000] {dag.py:2676} INFO - Sync 1 DAGs
[2024-01-23T22:21:39.603+0000] {logging_mixin.py:137} INFO - [2024-01-23T22:21:39.602+0000] {dag.py:3427} INFO - Setting next_dagrun for example_sla_dag to 2024-01-23T22:18:00+00:00, run_after=2024-01-23T22:20:00+00:00
[2024-01-23T22:21:39.631+0000] {processor.py:175} INFO - Processing /home/airflow/.local/lib/python3.7/site-packages/airflow/example_dags/example_sla_dag.py took 0.156 seconds
[2024-01-23T22:22:09.781+0000] {processor.py:153} INFO - Started process (PID=4019) to work on /home/airflow/.local/lib/python3.7/site-packages/airflow/example_dags/example_sla_dag.py
[2024-01-23T22:22:09.781+0000] {processor.py:743} INFO - Processing file /home/airflow/.local/lib/python3.7/site-packages/airflow/example_dags/example_sla_dag.py for tasks to queue
[2024-01-23T22:22:09.782+0000] {logging_mixin.py:137} INFO - [2024-01-23T22:22:09.782+0000] {dagbag.py:538} INFO - Filling up the DagBag from /home/airflow/.local/lib/python3.7/site-packages/airflow/example_dags/example_sla_dag.py
[2024-01-23T22:22:09.806+0000] {processor.py:753} INFO - DAG(s) dict_keys(['example_sla_dag']) retrieved from /home/airflow/.local/lib/python3.7/site-packages/airflow/example_dags/example_sla_dag.py
[2024-01-23T22:22:09.844+0000] {logging_mixin.py:137} INFO - [2024-01-23T22:22:09.844+0000] {dag.py:2676} INFO - Sync 1 DAGs
[2024-01-23T22:22:09.879+0000] {logging_mixin.py:137} INFO - [2024-01-23T22:22:09.879+0000] {dag.py:3427} INFO - Setting next_dagrun for example_sla_dag to 2024-01-23T22:20:00+00:00, run_after=2024-01-23T22:22:00+00:00
[2024-01-23T22:22:09.898+0000] {processor.py:175} INFO - Processing /home/airflow/.local/lib/python3.7/site-packages/airflow/example_dags/example_sla_dag.py took 0.119 seconds
[2024-01-23T22:22:40.025+0000] {processor.py:153} INFO - Started process (PID=4100) to work on /home/airflow/.local/lib/python3.7/site-packages/airflow/example_dags/example_sla_dag.py
[2024-01-23T22:22:40.025+0000] {processor.py:743} INFO - Processing file /home/airflow/.local/lib/python3.7/site-packages/airflow/example_dags/example_sla_dag.py for tasks to queue
[2024-01-23T22:22:40.026+0000] {logging_mixin.py:137} INFO - [2024-01-23T22:22:40.026+0000] {dagbag.py:538} INFO - Filling up the DagBag from /home/airflow/.local/lib/python3.7/site-packages/airflow/example_dags/example_sla_dag.py
[2024-01-23T22:22:40.052+0000] {processor.py:753} INFO - DAG(s) dict_keys(['example_sla_dag']) retrieved from /home/airflow/.local/lib/python3.7/site-packages/airflow/example_dags/example_sla_dag.py
[2024-01-23T22:22:40.093+0000] {logging_mixin.py:137} INFO - [2024-01-23T22:22:40.093+0000] {dag.py:2676} INFO - Sync 1 DAGs
[2024-01-23T22:22:40.125+0000] {logging_mixin.py:137} INFO - [2024-01-23T22:22:40.125+0000] {dag.py:3427} INFO - Setting next_dagrun for example_sla_dag to 2024-01-23T22:20:00+00:00, run_after=2024-01-23T22:22:00+00:00
[2024-01-23T22:22:40.146+0000] {processor.py:175} INFO - Processing /home/airflow/.local/lib/python3.7/site-packages/airflow/example_dags/example_sla_dag.py took 0.123 seconds
[2024-01-23T22:23:10.214+0000] {processor.py:153} INFO - Started process (PID=4200) to work on /home/airflow/.local/lib/python3.7/site-packages/airflow/example_dags/example_sla_dag.py
[2024-01-23T22:23:10.215+0000] {processor.py:743} INFO - Processing file /home/airflow/.local/lib/python3.7/site-packages/airflow/example_dags/example_sla_dag.py for tasks to queue
[2024-01-23T22:23:10.216+0000] {logging_mixin.py:137} INFO - [2024-01-23T22:23:10.216+0000] {dagbag.py:538} INFO - Filling up the DagBag from /home/airflow/.local/lib/python3.7/site-packages/airflow/example_dags/example_sla_dag.py
[2024-01-23T22:23:10.242+0000] {processor.py:753} INFO - DAG(s) dict_keys(['example_sla_dag']) retrieved from /home/airflow/.local/lib/python3.7/site-packages/airflow/example_dags/example_sla_dag.py
[2024-01-23T22:23:10.280+0000] {logging_mixin.py:137} INFO - [2024-01-23T22:23:10.280+0000] {dag.py:2676} INFO - Sync 1 DAGs
[2024-01-23T22:23:10.309+0000] {logging_mixin.py:137} INFO - [2024-01-23T22:23:10.309+0000] {dag.py:3427} INFO - Setting next_dagrun for example_sla_dag to 2024-01-23T22:20:00+00:00, run_after=2024-01-23T22:22:00+00:00
[2024-01-23T22:23:10.329+0000] {processor.py:175} INFO - Processing /home/airflow/.local/lib/python3.7/site-packages/airflow/example_dags/example_sla_dag.py took 0.118 seconds
[2024-01-23T22:23:40.478+0000] {processor.py:153} INFO - Started process (PID=4280) to work on /home/airflow/.local/lib/python3.7/site-packages/airflow/example_dags/example_sla_dag.py
[2024-01-23T22:23:40.479+0000] {processor.py:743} INFO - Processing file /home/airflow/.local/lib/python3.7/site-packages/airflow/example_dags/example_sla_dag.py for tasks to queue
[2024-01-23T22:23:40.480+0000] {logging_mixin.py:137} INFO - [2024-01-23T22:23:40.480+0000] {dagbag.py:538} INFO - Filling up the DagBag from /home/airflow/.local/lib/python3.7/site-packages/airflow/example_dags/example_sla_dag.py
[2024-01-23T22:23:40.507+0000] {processor.py:753} INFO - DAG(s) dict_keys(['example_sla_dag']) retrieved from /home/airflow/.local/lib/python3.7/site-packages/airflow/example_dags/example_sla_dag.py
[2024-01-23T22:23:40.550+0000] {logging_mixin.py:137} INFO - [2024-01-23T22:23:40.550+0000] {dag.py:2676} INFO - Sync 1 DAGs
[2024-01-23T22:23:40.576+0000] {logging_mixin.py:137} INFO - [2024-01-23T22:23:40.576+0000] {dag.py:3427} INFO - Setting next_dagrun for example_sla_dag to 2024-01-23T22:20:00+00:00, run_after=2024-01-23T22:22:00+00:00
[2024-01-23T22:23:40.595+0000] {processor.py:175} INFO - Processing /home/airflow/.local/lib/python3.7/site-packages/airflow/example_dags/example_sla_dag.py took 0.119 seconds
[2024-01-23T22:24:10.909+0000] {processor.py:153} INFO - Started process (PID=4369) to work on /home/airflow/.local/lib/python3.7/site-packages/airflow/example_dags/example_sla_dag.py
[2024-01-23T22:24:10.909+0000] {processor.py:743} INFO - Processing file /home/airflow/.local/lib/python3.7/site-packages/airflow/example_dags/example_sla_dag.py for tasks to queue
[2024-01-23T22:24:10.910+0000] {logging_mixin.py:137} INFO - [2024-01-23T22:24:10.910+0000] {dagbag.py:538} INFO - Filling up the DagBag from /home/airflow/.local/lib/python3.7/site-packages/airflow/example_dags/example_sla_dag.py
[2024-01-23T22:24:10.936+0000] {processor.py:753} INFO - DAG(s) dict_keys(['example_sla_dag']) retrieved from /home/airflow/.local/lib/python3.7/site-packages/airflow/example_dags/example_sla_dag.py
[2024-01-23T22:24:10.971+0000] {logging_mixin.py:137} INFO - [2024-01-23T22:24:10.971+0000] {dag.py:2676} INFO - Sync 1 DAGs
[2024-01-23T22:24:11.008+0000] {logging_mixin.py:137} INFO - [2024-01-23T22:24:11.008+0000] {dag.py:3427} INFO - Setting next_dagrun for example_sla_dag to 2024-01-23T22:22:00+00:00, run_after=2024-01-23T22:24:00+00:00
[2024-01-23T22:24:11.034+0000] {processor.py:175} INFO - Processing /home/airflow/.local/lib/python3.7/site-packages/airflow/example_dags/example_sla_dag.py took 0.128 seconds
[2024-01-23T22:24:41.829+0000] {processor.py:153} INFO - Started process (PID=4460) to work on /home/airflow/.local/lib/python3.7/site-packages/airflow/example_dags/example_sla_dag.py
[2024-01-23T22:24:41.830+0000] {processor.py:743} INFO - Processing file /home/airflow/.local/lib/python3.7/site-packages/airflow/example_dags/example_sla_dag.py for tasks to queue
[2024-01-23T22:24:41.831+0000] {logging_mixin.py:137} INFO - [2024-01-23T22:24:41.831+0000] {dagbag.py:538} INFO - Filling up the DagBag from /home/airflow/.local/lib/python3.7/site-packages/airflow/example_dags/example_sla_dag.py
[2024-01-23T22:24:41.863+0000] {processor.py:753} INFO - DAG(s) dict_keys(['example_sla_dag']) retrieved from /home/airflow/.local/lib/python3.7/site-packages/airflow/example_dags/example_sla_dag.py
[2024-01-23T22:24:41.911+0000] {logging_mixin.py:137} INFO - [2024-01-23T22:24:41.911+0000] {dag.py:2676} INFO - Sync 1 DAGs
[2024-01-23T22:24:41.962+0000] {logging_mixin.py:137} INFO - [2024-01-23T22:24:41.962+0000] {dag.py:3427} INFO - Setting next_dagrun for example_sla_dag to 2024-01-23T22:22:00+00:00, run_after=2024-01-23T22:24:00+00:00
[2024-01-23T22:24:41.991+0000] {processor.py:175} INFO - Processing /home/airflow/.local/lib/python3.7/site-packages/airflow/example_dags/example_sla_dag.py took 0.165 seconds
[2024-01-23T22:25:12.930+0000] {processor.py:153} INFO - Started process (PID=4540) to work on /home/airflow/.local/lib/python3.7/site-packages/airflow/example_dags/example_sla_dag.py
[2024-01-23T22:25:12.931+0000] {processor.py:743} INFO - Processing file /home/airflow/.local/lib/python3.7/site-packages/airflow/example_dags/example_sla_dag.py for tasks to queue
[2024-01-23T22:25:12.932+0000] {logging_mixin.py:137} INFO - [2024-01-23T22:25:12.931+0000] {dagbag.py:538} INFO - Filling up the DagBag from /home/airflow/.local/lib/python3.7/site-packages/airflow/example_dags/example_sla_dag.py
[2024-01-23T22:25:12.954+0000] {processor.py:753} INFO - DAG(s) dict_keys(['example_sla_dag']) retrieved from /home/airflow/.local/lib/python3.7/site-packages/airflow/example_dags/example_sla_dag.py
[2024-01-23T22:25:12.993+0000] {logging_mixin.py:137} INFO - [2024-01-23T22:25:12.993+0000] {dag.py:2676} INFO - Sync 1 DAGs
[2024-01-23T22:25:13.025+0000] {logging_mixin.py:137} INFO - [2024-01-23T22:25:13.025+0000] {dag.py:3427} INFO - Setting next_dagrun for example_sla_dag to 2024-01-23T22:22:00+00:00, run_after=2024-01-23T22:24:00+00:00
[2024-01-23T22:25:13.046+0000] {processor.py:175} INFO - Processing /home/airflow/.local/lib/python3.7/site-packages/airflow/example_dags/example_sla_dag.py took 0.118 seconds
[2024-01-23T22:25:43.296+0000] {processor.py:153} INFO - Started process (PID=4640) to work on /home/airflow/.local/lib/python3.7/site-packages/airflow/example_dags/example_sla_dag.py
[2024-01-23T22:25:43.297+0000] {processor.py:743} INFO - Processing file /home/airflow/.local/lib/python3.7/site-packages/airflow/example_dags/example_sla_dag.py for tasks to queue
[2024-01-23T22:25:43.298+0000] {logging_mixin.py:137} INFO - [2024-01-23T22:25:43.298+0000] {dagbag.py:538} INFO - Filling up the DagBag from /home/airflow/.local/lib/python3.7/site-packages/airflow/example_dags/example_sla_dag.py
[2024-01-23T22:25:43.320+0000] {processor.py:753} INFO - DAG(s) dict_keys(['example_sla_dag']) retrieved from /home/airflow/.local/lib/python3.7/site-packages/airflow/example_dags/example_sla_dag.py
[2024-01-23T22:25:43.364+0000] {logging_mixin.py:137} INFO - [2024-01-23T22:25:43.364+0000] {dag.py:2676} INFO - Sync 1 DAGs
[2024-01-23T22:25:43.405+0000] {logging_mixin.py:137} INFO - [2024-01-23T22:25:43.405+0000] {dag.py:3427} INFO - Setting next_dagrun for example_sla_dag to 2024-01-23T22:22:00+00:00, run_after=2024-01-23T22:24:00+00:00
[2024-01-23T22:25:43.431+0000] {processor.py:175} INFO - Processing /home/airflow/.local/lib/python3.7/site-packages/airflow/example_dags/example_sla_dag.py took 0.137 seconds
[2024-01-23T22:26:13.608+0000] {processor.py:153} INFO - Started process (PID=4719) to work on /home/airflow/.local/lib/python3.7/site-packages/airflow/example_dags/example_sla_dag.py
[2024-01-23T22:26:13.609+0000] {processor.py:743} INFO - Processing file /home/airflow/.local/lib/python3.7/site-packages/airflow/example_dags/example_sla_dag.py for tasks to queue
[2024-01-23T22:26:13.610+0000] {logging_mixin.py:137} INFO - [2024-01-23T22:26:13.610+0000] {dagbag.py:538} INFO - Filling up the DagBag from /home/airflow/.local/lib/python3.7/site-packages/airflow/example_dags/example_sla_dag.py
[2024-01-23T22:26:13.631+0000] {processor.py:753} INFO - DAG(s) dict_keys(['example_sla_dag']) retrieved from /home/airflow/.local/lib/python3.7/site-packages/airflow/example_dags/example_sla_dag.py
[2024-01-23T22:26:13.668+0000] {logging_mixin.py:137} INFO - [2024-01-23T22:26:13.668+0000] {dag.py:2676} INFO - Sync 1 DAGs
[2024-01-23T22:26:13.696+0000] {logging_mixin.py:137} INFO - [2024-01-23T22:26:13.695+0000] {dag.py:3427} INFO - Setting next_dagrun for example_sla_dag to 2024-01-23T22:24:00+00:00, run_after=2024-01-23T22:26:00+00:00
[2024-01-23T22:26:13.722+0000] {processor.py:175} INFO - Processing /home/airflow/.local/lib/python3.7/site-packages/airflow/example_dags/example_sla_dag.py took 0.116 seconds
[2024-01-23T22:26:43.904+0000] {processor.py:153} INFO - Started process (PID=4799) to work on /home/airflow/.local/lib/python3.7/site-packages/airflow/example_dags/example_sla_dag.py
[2024-01-23T22:26:43.905+0000] {processor.py:743} INFO - Processing file /home/airflow/.local/lib/python3.7/site-packages/airflow/example_dags/example_sla_dag.py for tasks to queue
[2024-01-23T22:26:43.906+0000] {logging_mixin.py:137} INFO - [2024-01-23T22:26:43.906+0000] {dagbag.py:538} INFO - Filling up the DagBag from /home/airflow/.local/lib/python3.7/site-packages/airflow/example_dags/example_sla_dag.py
[2024-01-23T22:26:43.936+0000] {processor.py:753} INFO - DAG(s) dict_keys(['example_sla_dag']) retrieved from /home/airflow/.local/lib/python3.7/site-packages/airflow/example_dags/example_sla_dag.py
[2024-01-23T22:26:43.973+0000] {logging_mixin.py:137} INFO - [2024-01-23T22:26:43.972+0000] {dag.py:2676} INFO - Sync 1 DAGs
[2024-01-23T22:26:44.010+0000] {logging_mixin.py:137} INFO - [2024-01-23T22:26:44.010+0000] {dag.py:3427} INFO - Setting next_dagrun for example_sla_dag to 2024-01-23T22:24:00+00:00, run_after=2024-01-23T22:26:00+00:00
[2024-01-23T22:26:44.032+0000] {processor.py:175} INFO - Processing /home/airflow/.local/lib/python3.7/site-packages/airflow/example_dags/example_sla_dag.py took 0.130 seconds
[2024-01-23T22:27:14.078+0000] {processor.py:153} INFO - Started process (PID=4899) to work on /home/airflow/.local/lib/python3.7/site-packages/airflow/example_dags/example_sla_dag.py
[2024-01-23T22:27:14.078+0000] {processor.py:743} INFO - Processing file /home/airflow/.local/lib/python3.7/site-packages/airflow/example_dags/example_sla_dag.py for tasks to queue
[2024-01-23T22:27:14.079+0000] {logging_mixin.py:137} INFO - [2024-01-23T22:27:14.079+0000] {dagbag.py:538} INFO - Filling up the DagBag from /home/airflow/.local/lib/python3.7/site-packages/airflow/example_dags/example_sla_dag.py
[2024-01-23T22:27:14.102+0000] {processor.py:753} INFO - DAG(s) dict_keys(['example_sla_dag']) retrieved from /home/airflow/.local/lib/python3.7/site-packages/airflow/example_dags/example_sla_dag.py
[2024-01-23T22:27:14.145+0000] {logging_mixin.py:137} INFO - [2024-01-23T22:27:14.144+0000] {dag.py:2676} INFO - Sync 1 DAGs
[2024-01-23T22:27:14.187+0000] {logging_mixin.py:137} INFO - [2024-01-23T22:27:14.187+0000] {dag.py:3427} INFO - Setting next_dagrun for example_sla_dag to 2024-01-23T22:24:00+00:00, run_after=2024-01-23T22:26:00+00:00
[2024-01-23T22:27:14.210+0000] {processor.py:175} INFO - Processing /home/airflow/.local/lib/python3.7/site-packages/airflow/example_dags/example_sla_dag.py took 0.135 seconds
[2024-01-23T22:27:44.517+0000] {processor.py:153} INFO - Started process (PID=4979) to work on /home/airflow/.local/lib/python3.7/site-packages/airflow/example_dags/example_sla_dag.py
[2024-01-23T22:27:44.518+0000] {processor.py:743} INFO - Processing file /home/airflow/.local/lib/python3.7/site-packages/airflow/example_dags/example_sla_dag.py for tasks to queue
[2024-01-23T22:27:44.519+0000] {logging_mixin.py:137} INFO - [2024-01-23T22:27:44.519+0000] {dagbag.py:538} INFO - Filling up the DagBag from /home/airflow/.local/lib/python3.7/site-packages/airflow/example_dags/example_sla_dag.py
[2024-01-23T22:27:44.542+0000] {processor.py:753} INFO - DAG(s) dict_keys(['example_sla_dag']) retrieved from /home/airflow/.local/lib/python3.7/site-packages/airflow/example_dags/example_sla_dag.py
[2024-01-23T22:27:44.585+0000] {logging_mixin.py:137} INFO - [2024-01-23T22:27:44.585+0000] {dag.py:2676} INFO - Sync 1 DAGs
[2024-01-23T22:27:44.613+0000] {logging_mixin.py:137} INFO - [2024-01-23T22:27:44.613+0000] {dag.py:3427} INFO - Setting next_dagrun for example_sla_dag to 2024-01-23T22:24:00+00:00, run_after=2024-01-23T22:26:00+00:00
[2024-01-23T22:27:44.634+0000] {processor.py:175} INFO - Processing /home/airflow/.local/lib/python3.7/site-packages/airflow/example_dags/example_sla_dag.py took 0.119 seconds
[2024-01-23T22:28:14.916+0000] {processor.py:153} INFO - Started process (PID=5068) to work on /home/airflow/.local/lib/python3.7/site-packages/airflow/example_dags/example_sla_dag.py
[2024-01-23T22:28:14.917+0000] {processor.py:743} INFO - Processing file /home/airflow/.local/lib/python3.7/site-packages/airflow/example_dags/example_sla_dag.py for tasks to queue
[2024-01-23T22:28:14.918+0000] {logging_mixin.py:137} INFO - [2024-01-23T22:28:14.918+0000] {dagbag.py:538} INFO - Filling up the DagBag from /home/airflow/.local/lib/python3.7/site-packages/airflow/example_dags/example_sla_dag.py
[2024-01-23T22:28:14.946+0000] {processor.py:753} INFO - DAG(s) dict_keys(['example_sla_dag']) retrieved from /home/airflow/.local/lib/python3.7/site-packages/airflow/example_dags/example_sla_dag.py
[2024-01-23T22:28:14.993+0000] {logging_mixin.py:137} INFO - [2024-01-23T22:28:14.992+0000] {dag.py:2676} INFO - Sync 1 DAGs
[2024-01-23T22:28:15.031+0000] {logging_mixin.py:137} INFO - [2024-01-23T22:28:15.031+0000] {dag.py:3427} INFO - Setting next_dagrun for example_sla_dag to 2024-01-23T22:26:00+00:00, run_after=2024-01-23T22:28:00+00:00
[2024-01-23T22:28:15.058+0000] {processor.py:175} INFO - Processing /home/airflow/.local/lib/python3.7/site-packages/airflow/example_dags/example_sla_dag.py took 0.146 seconds
[2024-01-23T22:28:45.425+0000] {processor.py:153} INFO - Started process (PID=5160) to work on /home/airflow/.local/lib/python3.7/site-packages/airflow/example_dags/example_sla_dag.py
[2024-01-23T22:28:45.425+0000] {processor.py:743} INFO - Processing file /home/airflow/.local/lib/python3.7/site-packages/airflow/example_dags/example_sla_dag.py for tasks to queue
[2024-01-23T22:28:45.426+0000] {logging_mixin.py:137} INFO - [2024-01-23T22:28:45.426+0000] {dagbag.py:538} INFO - Filling up the DagBag from /home/airflow/.local/lib/python3.7/site-packages/airflow/example_dags/example_sla_dag.py
[2024-01-23T22:28:45.450+0000] {processor.py:753} INFO - DAG(s) dict_keys(['example_sla_dag']) retrieved from /home/airflow/.local/lib/python3.7/site-packages/airflow/example_dags/example_sla_dag.py
[2024-01-23T22:28:45.485+0000] {logging_mixin.py:137} INFO - [2024-01-23T22:28:45.485+0000] {dag.py:2676} INFO - Sync 1 DAGs
[2024-01-23T22:28:45.522+0000] {logging_mixin.py:137} INFO - [2024-01-23T22:28:45.522+0000] {dag.py:3427} INFO - Setting next_dagrun for example_sla_dag to 2024-01-23T22:26:00+00:00, run_after=2024-01-23T22:28:00+00:00
[2024-01-23T22:28:45.542+0000] {processor.py:175} INFO - Processing /home/airflow/.local/lib/python3.7/site-packages/airflow/example_dags/example_sla_dag.py took 0.119 seconds
[2024-01-23T22:29:15.780+0000] {processor.py:153} INFO - Started process (PID=5241) to work on /home/airflow/.local/lib/python3.7/site-packages/airflow/example_dags/example_sla_dag.py
[2024-01-23T22:29:15.781+0000] {processor.py:743} INFO - Processing file /home/airflow/.local/lib/python3.7/site-packages/airflow/example_dags/example_sla_dag.py for tasks to queue
[2024-01-23T22:29:15.781+0000] {logging_mixin.py:137} INFO - [2024-01-23T22:29:15.781+0000] {dagbag.py:538} INFO - Filling up the DagBag from /home/airflow/.local/lib/python3.7/site-packages/airflow/example_dags/example_sla_dag.py
[2024-01-23T22:29:15.803+0000] {processor.py:753} INFO - DAG(s) dict_keys(['example_sla_dag']) retrieved from /home/airflow/.local/lib/python3.7/site-packages/airflow/example_dags/example_sla_dag.py
[2024-01-23T22:29:15.840+0000] {logging_mixin.py:137} INFO - [2024-01-23T22:29:15.840+0000] {dag.py:2676} INFO - Sync 1 DAGs
[2024-01-23T22:29:15.871+0000] {logging_mixin.py:137} INFO - [2024-01-23T22:29:15.871+0000] {dag.py:3427} INFO - Setting next_dagrun for example_sla_dag to 2024-01-23T22:26:00+00:00, run_after=2024-01-23T22:28:00+00:00
[2024-01-23T22:29:15.894+0000] {processor.py:175} INFO - Processing /home/airflow/.local/lib/python3.7/site-packages/airflow/example_dags/example_sla_dag.py took 0.117 seconds
[2024-01-23T22:29:46.447+0000] {processor.py:153} INFO - Started process (PID=5338) to work on /home/airflow/.local/lib/python3.7/site-packages/airflow/example_dags/example_sla_dag.py
[2024-01-23T22:29:46.448+0000] {processor.py:743} INFO - Processing file /home/airflow/.local/lib/python3.7/site-packages/airflow/example_dags/example_sla_dag.py for tasks to queue
[2024-01-23T22:29:46.449+0000] {logging_mixin.py:137} INFO - [2024-01-23T22:29:46.448+0000] {dagbag.py:538} INFO - Filling up the DagBag from /home/airflow/.local/lib/python3.7/site-packages/airflow/example_dags/example_sla_dag.py
[2024-01-23T22:29:46.477+0000] {processor.py:753} INFO - DAG(s) dict_keys(['example_sla_dag']) retrieved from /home/airflow/.local/lib/python3.7/site-packages/airflow/example_dags/example_sla_dag.py
[2024-01-23T22:29:46.526+0000] {logging_mixin.py:137} INFO - [2024-01-23T22:29:46.526+0000] {dag.py:2676} INFO - Sync 1 DAGs
[2024-01-23T22:29:46.563+0000] {logging_mixin.py:137} INFO - [2024-01-23T22:29:46.562+0000] {dag.py:3427} INFO - Setting next_dagrun for example_sla_dag to 2024-01-23T22:26:00+00:00, run_after=2024-01-23T22:28:00+00:00
[2024-01-23T22:29:46.592+0000] {processor.py:175} INFO - Processing /home/airflow/.local/lib/python3.7/site-packages/airflow/example_dags/example_sla_dag.py took 0.149 seconds
[2024-01-23T22:30:16.782+0000] {processor.py:153} INFO - Started process (PID=5417) to work on /home/airflow/.local/lib/python3.7/site-packages/airflow/example_dags/example_sla_dag.py
[2024-01-23T22:30:16.783+0000] {processor.py:743} INFO - Processing file /home/airflow/.local/lib/python3.7/site-packages/airflow/example_dags/example_sla_dag.py for tasks to queue
[2024-01-23T22:30:16.784+0000] {logging_mixin.py:137} INFO - [2024-01-23T22:30:16.784+0000] {dagbag.py:538} INFO - Filling up the DagBag from /home/airflow/.local/lib/python3.7/site-packages/airflow/example_dags/example_sla_dag.py
[2024-01-23T22:30:16.811+0000] {processor.py:753} INFO - DAG(s) dict_keys(['example_sla_dag']) retrieved from /home/airflow/.local/lib/python3.7/site-packages/airflow/example_dags/example_sla_dag.py
[2024-01-23T22:30:16.850+0000] {logging_mixin.py:137} INFO - [2024-01-23T22:30:16.850+0000] {dag.py:2676} INFO - Sync 1 DAGs
[2024-01-23T22:30:16.881+0000] {logging_mixin.py:137} INFO - [2024-01-23T22:30:16.881+0000] {dag.py:3427} INFO - Setting next_dagrun for example_sla_dag to 2024-01-23T22:28:00+00:00, run_after=2024-01-23T22:30:00+00:00
[2024-01-23T22:30:16.910+0000] {processor.py:175} INFO - Processing /home/airflow/.local/lib/python3.7/site-packages/airflow/example_dags/example_sla_dag.py took 0.131 seconds
[2024-01-23T22:30:47.016+0000] {processor.py:153} INFO - Started process (PID=5497) to work on /home/airflow/.local/lib/python3.7/site-packages/airflow/example_dags/example_sla_dag.py
[2024-01-23T22:30:47.017+0000] {processor.py:743} INFO - Processing file /home/airflow/.local/lib/python3.7/site-packages/airflow/example_dags/example_sla_dag.py for tasks to queue
[2024-01-23T22:30:47.018+0000] {logging_mixin.py:137} INFO - [2024-01-23T22:30:47.017+0000] {dagbag.py:538} INFO - Filling up the DagBag from /home/airflow/.local/lib/python3.7/site-packages/airflow/example_dags/example_sla_dag.py
[2024-01-23T22:30:47.044+0000] {processor.py:753} INFO - DAG(s) dict_keys(['example_sla_dag']) retrieved from /home/airflow/.local/lib/python3.7/site-packages/airflow/example_dags/example_sla_dag.py
[2024-01-23T22:30:47.085+0000] {logging_mixin.py:137} INFO - [2024-01-23T22:30:47.085+0000] {dag.py:2676} INFO - Sync 1 DAGs
[2024-01-23T22:30:47.125+0000] {logging_mixin.py:137} INFO - [2024-01-23T22:30:47.125+0000] {dag.py:3427} INFO - Setting next_dagrun for example_sla_dag to 2024-01-23T22:28:00+00:00, run_after=2024-01-23T22:30:00+00:00
[2024-01-23T22:30:47.145+0000] {processor.py:175} INFO - Processing /home/airflow/.local/lib/python3.7/site-packages/airflow/example_dags/example_sla_dag.py took 0.131 seconds
[2024-01-23T22:31:17.308+0000] {processor.py:153} INFO - Started process (PID=5597) to work on /home/airflow/.local/lib/python3.7/site-packages/airflow/example_dags/example_sla_dag.py
[2024-01-23T22:31:17.309+0000] {processor.py:743} INFO - Processing file /home/airflow/.local/lib/python3.7/site-packages/airflow/example_dags/example_sla_dag.py for tasks to queue
[2024-01-23T22:31:17.310+0000] {logging_mixin.py:137} INFO - [2024-01-23T22:31:17.309+0000] {dagbag.py:538} INFO - Filling up the DagBag from /home/airflow/.local/lib/python3.7/site-packages/airflow/example_dags/example_sla_dag.py
[2024-01-23T22:31:17.336+0000] {processor.py:753} INFO - DAG(s) dict_keys(['example_sla_dag']) retrieved from /home/airflow/.local/lib/python3.7/site-packages/airflow/example_dags/example_sla_dag.py
[2024-01-23T22:31:17.378+0000] {logging_mixin.py:137} INFO - [2024-01-23T22:31:17.378+0000] {dag.py:2676} INFO - Sync 1 DAGs
[2024-01-23T22:31:17.411+0000] {logging_mixin.py:137} INFO - [2024-01-23T22:31:17.410+0000] {dag.py:3427} INFO - Setting next_dagrun for example_sla_dag to 2024-01-23T22:28:00+00:00, run_after=2024-01-23T22:30:00+00:00
[2024-01-23T22:31:17.430+0000] {processor.py:175} INFO - Processing /home/airflow/.local/lib/python3.7/site-packages/airflow/example_dags/example_sla_dag.py took 0.124 seconds
[2024-01-23T22:31:47.576+0000] {processor.py:153} INFO - Started process (PID=5679) to work on /home/airflow/.local/lib/python3.7/site-packages/airflow/example_dags/example_sla_dag.py
[2024-01-23T22:31:47.577+0000] {processor.py:743} INFO - Processing file /home/airflow/.local/lib/python3.7/site-packages/airflow/example_dags/example_sla_dag.py for tasks to queue
[2024-01-23T22:31:47.578+0000] {logging_mixin.py:137} INFO - [2024-01-23T22:31:47.577+0000] {dagbag.py:538} INFO - Filling up the DagBag from /home/airflow/.local/lib/python3.7/site-packages/airflow/example_dags/example_sla_dag.py
[2024-01-23T22:31:47.604+0000] {processor.py:753} INFO - DAG(s) dict_keys(['example_sla_dag']) retrieved from /home/airflow/.local/lib/python3.7/site-packages/airflow/example_dags/example_sla_dag.py
[2024-01-23T22:31:47.648+0000] {logging_mixin.py:137} INFO - [2024-01-23T22:31:47.647+0000] {dag.py:2676} INFO - Sync 1 DAGs
[2024-01-23T22:31:47.683+0000] {logging_mixin.py:137} INFO - [2024-01-23T22:31:47.683+0000] {dag.py:3427} INFO - Setting next_dagrun for example_sla_dag to 2024-01-23T22:28:00+00:00, run_after=2024-01-23T22:30:00+00:00
[2024-01-23T22:31:47.703+0000] {processor.py:175} INFO - Processing /home/airflow/.local/lib/python3.7/site-packages/airflow/example_dags/example_sla_dag.py took 0.129 seconds
