[2024-01-23T21:50:40.140+0000] {processor.py:153} INFO - Started process (PID=74) to work on /home/airflow/.local/lib/python3.7/site-packages/airflow/example_dags/example_branch_operator.py
[2024-01-23T21:50:40.146+0000] {processor.py:743} INFO - Processing file /home/airflow/.local/lib/python3.7/site-packages/airflow/example_dags/example_branch_operator.py for tasks to queue
[2024-01-23T21:50:40.154+0000] {logging_mixin.py:137} INFO - [2024-01-23T21:50:40.153+0000] {dagbag.py:538} INFO - Filling up the DagBag from /home/airflow/.local/lib/python3.7/site-packages/airflow/example_dags/example_branch_operator.py
[2024-01-23T21:50:40.203+0000] {processor.py:753} INFO - DAG(s) dict_keys(['example_branch_operator']) retrieved from /home/airflow/.local/lib/python3.7/site-packages/airflow/example_dags/example_branch_operator.py
[2024-01-23T21:50:40.379+0000] {logging_mixin.py:137} INFO - [2024-01-23T21:50:40.379+0000] {dag.py:2676} INFO - Sync 1 DAGs
[2024-01-23T21:50:40.464+0000] {logging_mixin.py:137} INFO - [2024-01-23T21:50:40.464+0000] {dag.py:3427} INFO - Setting next_dagrun for example_branch_operator to 2024-01-22T00:00:00+00:00, run_after=2024-01-23T00:00:00+00:00
[2024-01-23T21:50:40.507+0000] {processor.py:175} INFO - Processing /home/airflow/.local/lib/python3.7/site-packages/airflow/example_dags/example_branch_operator.py took 0.378 seconds
[2024-01-23T21:51:10.603+0000] {processor.py:153} INFO - Started process (PID=154) to work on /home/airflow/.local/lib/python3.7/site-packages/airflow/example_dags/example_branch_operator.py
[2024-01-23T21:51:10.603+0000] {processor.py:743} INFO - Processing file /home/airflow/.local/lib/python3.7/site-packages/airflow/example_dags/example_branch_operator.py for tasks to queue
[2024-01-23T21:51:10.604+0000] {logging_mixin.py:137} INFO - [2024-01-23T21:51:10.604+0000] {dagbag.py:538} INFO - Filling up the DagBag from /home/airflow/.local/lib/python3.7/site-packages/airflow/example_dags/example_branch_operator.py
[2024-01-23T21:51:10.625+0000] {processor.py:753} INFO - DAG(s) dict_keys(['example_branch_operator']) retrieved from /home/airflow/.local/lib/python3.7/site-packages/airflow/example_dags/example_branch_operator.py
[2024-01-23T21:51:10.665+0000] {logging_mixin.py:137} INFO - [2024-01-23T21:51:10.665+0000] {dag.py:2676} INFO - Sync 1 DAGs
[2024-01-23T21:51:10.693+0000] {logging_mixin.py:137} INFO - [2024-01-23T21:51:10.693+0000] {dag.py:3427} INFO - Setting next_dagrun for example_branch_operator to 2024-01-22T00:00:00+00:00, run_after=2024-01-23T00:00:00+00:00
[2024-01-23T21:51:10.713+0000] {processor.py:175} INFO - Processing /home/airflow/.local/lib/python3.7/site-packages/airflow/example_dags/example_branch_operator.py took 0.113 seconds
[2024-01-23T21:51:41.244+0000] {processor.py:153} INFO - Started process (PID=254) to work on /home/airflow/.local/lib/python3.7/site-packages/airflow/example_dags/example_branch_operator.py
[2024-01-23T21:51:41.245+0000] {processor.py:743} INFO - Processing file /home/airflow/.local/lib/python3.7/site-packages/airflow/example_dags/example_branch_operator.py for tasks to queue
[2024-01-23T21:51:41.246+0000] {logging_mixin.py:137} INFO - [2024-01-23T21:51:41.246+0000] {dagbag.py:538} INFO - Filling up the DagBag from /home/airflow/.local/lib/python3.7/site-packages/airflow/example_dags/example_branch_operator.py
[2024-01-23T21:51:41.266+0000] {processor.py:753} INFO - DAG(s) dict_keys(['example_branch_operator']) retrieved from /home/airflow/.local/lib/python3.7/site-packages/airflow/example_dags/example_branch_operator.py
[2024-01-23T21:51:41.321+0000] {logging_mixin.py:137} INFO - [2024-01-23T21:51:41.321+0000] {dag.py:2676} INFO - Sync 1 DAGs
[2024-01-23T21:51:41.396+0000] {logging_mixin.py:137} INFO - [2024-01-23T21:51:41.395+0000] {dag.py:3427} INFO - Setting next_dagrun for example_branch_operator to 2024-01-22T00:00:00+00:00, run_after=2024-01-23T00:00:00+00:00
[2024-01-23T21:51:41.432+0000] {processor.py:175} INFO - Processing /home/airflow/.local/lib/python3.7/site-packages/airflow/example_dags/example_branch_operator.py took 0.190 seconds
[2024-01-23T21:52:11.774+0000] {processor.py:153} INFO - Started process (PID=334) to work on /home/airflow/.local/lib/python3.7/site-packages/airflow/example_dags/example_branch_operator.py
[2024-01-23T21:52:11.774+0000] {processor.py:743} INFO - Processing file /home/airflow/.local/lib/python3.7/site-packages/airflow/example_dags/example_branch_operator.py for tasks to queue
[2024-01-23T21:52:11.775+0000] {logging_mixin.py:137} INFO - [2024-01-23T21:52:11.775+0000] {dagbag.py:538} INFO - Filling up the DagBag from /home/airflow/.local/lib/python3.7/site-packages/airflow/example_dags/example_branch_operator.py
[2024-01-23T21:52:11.793+0000] {processor.py:753} INFO - DAG(s) dict_keys(['example_branch_operator']) retrieved from /home/airflow/.local/lib/python3.7/site-packages/airflow/example_dags/example_branch_operator.py
[2024-01-23T21:52:11.833+0000] {logging_mixin.py:137} INFO - [2024-01-23T21:52:11.833+0000] {dag.py:2676} INFO - Sync 1 DAGs
[2024-01-23T21:52:11.866+0000] {logging_mixin.py:137} INFO - [2024-01-23T21:52:11.866+0000] {dag.py:3427} INFO - Setting next_dagrun for example_branch_operator to 2024-01-22T00:00:00+00:00, run_after=2024-01-23T00:00:00+00:00
[2024-01-23T21:52:11.887+0000] {processor.py:175} INFO - Processing /home/airflow/.local/lib/python3.7/site-packages/airflow/example_dags/example_branch_operator.py took 0.116 seconds
[2024-01-23T21:52:42.163+0000] {processor.py:153} INFO - Started process (PID=414) to work on /home/airflow/.local/lib/python3.7/site-packages/airflow/example_dags/example_branch_operator.py
[2024-01-23T21:52:42.165+0000] {processor.py:743} INFO - Processing file /home/airflow/.local/lib/python3.7/site-packages/airflow/example_dags/example_branch_operator.py for tasks to queue
[2024-01-23T21:52:42.166+0000] {logging_mixin.py:137} INFO - [2024-01-23T21:52:42.165+0000] {dagbag.py:538} INFO - Filling up the DagBag from /home/airflow/.local/lib/python3.7/site-packages/airflow/example_dags/example_branch_operator.py
[2024-01-23T21:52:42.183+0000] {processor.py:753} INFO - DAG(s) dict_keys(['example_branch_operator']) retrieved from /home/airflow/.local/lib/python3.7/site-packages/airflow/example_dags/example_branch_operator.py
[2024-01-23T21:52:42.221+0000] {logging_mixin.py:137} INFO - [2024-01-23T21:52:42.221+0000] {dag.py:2676} INFO - Sync 1 DAGs
[2024-01-23T21:52:42.253+0000] {logging_mixin.py:137} INFO - [2024-01-23T21:52:42.252+0000] {dag.py:3427} INFO - Setting next_dagrun for example_branch_operator to 2024-01-22T00:00:00+00:00, run_after=2024-01-23T00:00:00+00:00
[2024-01-23T21:52:42.279+0000] {processor.py:175} INFO - Processing /home/airflow/.local/lib/python3.7/site-packages/airflow/example_dags/example_branch_operator.py took 0.119 seconds
[2024-01-23T21:53:13.185+0000] {processor.py:153} INFO - Started process (PID=514) to work on /home/airflow/.local/lib/python3.7/site-packages/airflow/example_dags/example_branch_operator.py
[2024-01-23T21:53:13.185+0000] {processor.py:743} INFO - Processing file /home/airflow/.local/lib/python3.7/site-packages/airflow/example_dags/example_branch_operator.py for tasks to queue
[2024-01-23T21:53:13.186+0000] {logging_mixin.py:137} INFO - [2024-01-23T21:53:13.186+0000] {dagbag.py:538} INFO - Filling up the DagBag from /home/airflow/.local/lib/python3.7/site-packages/airflow/example_dags/example_branch_operator.py
[2024-01-23T21:53:13.202+0000] {processor.py:753} INFO - DAG(s) dict_keys(['example_branch_operator']) retrieved from /home/airflow/.local/lib/python3.7/site-packages/airflow/example_dags/example_branch_operator.py
[2024-01-23T21:53:13.239+0000] {logging_mixin.py:137} INFO - [2024-01-23T21:53:13.239+0000] {dag.py:2676} INFO - Sync 1 DAGs
[2024-01-23T21:53:13.271+0000] {logging_mixin.py:137} INFO - [2024-01-23T21:53:13.270+0000] {dag.py:3427} INFO - Setting next_dagrun for example_branch_operator to 2024-01-22T00:00:00+00:00, run_after=2024-01-23T00:00:00+00:00
[2024-01-23T21:53:13.296+0000] {processor.py:175} INFO - Processing /home/airflow/.local/lib/python3.7/site-packages/airflow/example_dags/example_branch_operator.py took 0.113 seconds
[2024-01-23T21:53:43.720+0000] {processor.py:153} INFO - Started process (PID=594) to work on /home/airflow/.local/lib/python3.7/site-packages/airflow/example_dags/example_branch_operator.py
[2024-01-23T21:53:43.720+0000] {processor.py:743} INFO - Processing file /home/airflow/.local/lib/python3.7/site-packages/airflow/example_dags/example_branch_operator.py for tasks to queue
[2024-01-23T21:53:43.721+0000] {logging_mixin.py:137} INFO - [2024-01-23T21:53:43.721+0000] {dagbag.py:538} INFO - Filling up the DagBag from /home/airflow/.local/lib/python3.7/site-packages/airflow/example_dags/example_branch_operator.py
[2024-01-23T21:53:43.741+0000] {processor.py:753} INFO - DAG(s) dict_keys(['example_branch_operator']) retrieved from /home/airflow/.local/lib/python3.7/site-packages/airflow/example_dags/example_branch_operator.py
[2024-01-23T21:53:43.790+0000] {logging_mixin.py:137} INFO - [2024-01-23T21:53:43.790+0000] {dag.py:2676} INFO - Sync 1 DAGs
[2024-01-23T21:53:43.827+0000] {logging_mixin.py:137} INFO - [2024-01-23T21:53:43.827+0000] {dag.py:3427} INFO - Setting next_dagrun for example_branch_operator to 2024-01-22T00:00:00+00:00, run_after=2024-01-23T00:00:00+00:00
[2024-01-23T21:53:43.854+0000] {processor.py:175} INFO - Processing /home/airflow/.local/lib/python3.7/site-packages/airflow/example_dags/example_branch_operator.py took 0.137 seconds
[2024-01-23T21:59:15.816+0000] {processor.py:153} INFO - Started process (PID=74) to work on /home/airflow/.local/lib/python3.7/site-packages/airflow/example_dags/example_branch_operator.py
[2024-01-23T21:59:15.817+0000] {processor.py:743} INFO - Processing file /home/airflow/.local/lib/python3.7/site-packages/airflow/example_dags/example_branch_operator.py for tasks to queue
[2024-01-23T21:59:15.818+0000] {logging_mixin.py:137} INFO - [2024-01-23T21:59:15.818+0000] {dagbag.py:538} INFO - Filling up the DagBag from /home/airflow/.local/lib/python3.7/site-packages/airflow/example_dags/example_branch_operator.py
[2024-01-23T21:59:15.845+0000] {processor.py:753} INFO - DAG(s) dict_keys(['example_branch_operator']) retrieved from /home/airflow/.local/lib/python3.7/site-packages/airflow/example_dags/example_branch_operator.py
[2024-01-23T21:59:15.892+0000] {logging_mixin.py:137} INFO - [2024-01-23T21:59:15.891+0000] {dag.py:2676} INFO - Sync 1 DAGs
[2024-01-23T21:59:15.938+0000] {logging_mixin.py:137} INFO - [2024-01-23T21:59:15.938+0000] {dag.py:3427} INFO - Setting next_dagrun for example_branch_operator to 2024-01-22T00:00:00+00:00, run_after=2024-01-23T00:00:00+00:00
[2024-01-23T21:59:15.977+0000] {processor.py:175} INFO - Processing /home/airflow/.local/lib/python3.7/site-packages/airflow/example_dags/example_branch_operator.py took 0.165 seconds
[2024-01-23T21:59:46.704+0000] {processor.py:153} INFO - Started process (PID=154) to work on /home/airflow/.local/lib/python3.7/site-packages/airflow/example_dags/example_branch_operator.py
[2024-01-23T21:59:46.705+0000] {processor.py:743} INFO - Processing file /home/airflow/.local/lib/python3.7/site-packages/airflow/example_dags/example_branch_operator.py for tasks to queue
[2024-01-23T21:59:46.706+0000] {logging_mixin.py:137} INFO - [2024-01-23T21:59:46.706+0000] {dagbag.py:538} INFO - Filling up the DagBag from /home/airflow/.local/lib/python3.7/site-packages/airflow/example_dags/example_branch_operator.py
[2024-01-23T21:59:46.728+0000] {processor.py:753} INFO - DAG(s) dict_keys(['example_branch_operator']) retrieved from /home/airflow/.local/lib/python3.7/site-packages/airflow/example_dags/example_branch_operator.py
[2024-01-23T21:59:46.766+0000] {logging_mixin.py:137} INFO - [2024-01-23T21:59:46.765+0000] {dag.py:2676} INFO - Sync 1 DAGs
[2024-01-23T21:59:46.797+0000] {logging_mixin.py:137} INFO - [2024-01-23T21:59:46.797+0000] {dag.py:3427} INFO - Setting next_dagrun for example_branch_operator to 2024-01-22T00:00:00+00:00, run_after=2024-01-23T00:00:00+00:00
[2024-01-23T21:59:46.820+0000] {processor.py:175} INFO - Processing /home/airflow/.local/lib/python3.7/site-packages/airflow/example_dags/example_branch_operator.py took 0.119 seconds
[2024-01-23T22:00:17.356+0000] {processor.py:153} INFO - Started process (PID=243) to work on /home/airflow/.local/lib/python3.7/site-packages/airflow/example_dags/example_branch_operator.py
[2024-01-23T22:00:17.356+0000] {processor.py:743} INFO - Processing file /home/airflow/.local/lib/python3.7/site-packages/airflow/example_dags/example_branch_operator.py for tasks to queue
[2024-01-23T22:00:17.357+0000] {logging_mixin.py:137} INFO - [2024-01-23T22:00:17.357+0000] {dagbag.py:538} INFO - Filling up the DagBag from /home/airflow/.local/lib/python3.7/site-packages/airflow/example_dags/example_branch_operator.py
[2024-01-23T22:00:17.376+0000] {processor.py:753} INFO - DAG(s) dict_keys(['example_branch_operator']) retrieved from /home/airflow/.local/lib/python3.7/site-packages/airflow/example_dags/example_branch_operator.py
[2024-01-23T22:00:17.429+0000] {logging_mixin.py:137} INFO - [2024-01-23T22:00:17.429+0000] {dag.py:2676} INFO - Sync 1 DAGs
[2024-01-23T22:00:17.471+0000] {logging_mixin.py:137} INFO - [2024-01-23T22:00:17.471+0000] {dag.py:3427} INFO - Setting next_dagrun for example_branch_operator to 2024-01-22T00:00:00+00:00, run_after=2024-01-23T00:00:00+00:00
[2024-01-23T22:00:17.505+0000] {processor.py:175} INFO - Processing /home/airflow/.local/lib/python3.7/site-packages/airflow/example_dags/example_branch_operator.py took 0.152 seconds
[2024-01-23T22:00:48.038+0000] {processor.py:153} INFO - Started process (PID=334) to work on /home/airflow/.local/lib/python3.7/site-packages/airflow/example_dags/example_branch_operator.py
[2024-01-23T22:00:48.039+0000] {processor.py:743} INFO - Processing file /home/airflow/.local/lib/python3.7/site-packages/airflow/example_dags/example_branch_operator.py for tasks to queue
[2024-01-23T22:00:48.039+0000] {logging_mixin.py:137} INFO - [2024-01-23T22:00:48.039+0000] {dagbag.py:538} INFO - Filling up the DagBag from /home/airflow/.local/lib/python3.7/site-packages/airflow/example_dags/example_branch_operator.py
[2024-01-23T22:00:48.057+0000] {processor.py:753} INFO - DAG(s) dict_keys(['example_branch_operator']) retrieved from /home/airflow/.local/lib/python3.7/site-packages/airflow/example_dags/example_branch_operator.py
[2024-01-23T22:00:48.095+0000] {logging_mixin.py:137} INFO - [2024-01-23T22:00:48.095+0000] {dag.py:2676} INFO - Sync 1 DAGs
[2024-01-23T22:00:48.126+0000] {logging_mixin.py:137} INFO - [2024-01-23T22:00:48.126+0000] {dag.py:3427} INFO - Setting next_dagrun for example_branch_operator to 2024-01-22T00:00:00+00:00, run_after=2024-01-23T00:00:00+00:00
[2024-01-23T22:00:48.146+0000] {processor.py:175} INFO - Processing /home/airflow/.local/lib/python3.7/site-packages/airflow/example_dags/example_branch_operator.py took 0.111 seconds
[2024-01-23T22:01:18.916+0000] {processor.py:153} INFO - Started process (PID=414) to work on /home/airflow/.local/lib/python3.7/site-packages/airflow/example_dags/example_branch_operator.py
[2024-01-23T22:01:18.916+0000] {processor.py:743} INFO - Processing file /home/airflow/.local/lib/python3.7/site-packages/airflow/example_dags/example_branch_operator.py for tasks to queue
[2024-01-23T22:01:18.917+0000] {logging_mixin.py:137} INFO - [2024-01-23T22:01:18.917+0000] {dagbag.py:538} INFO - Filling up the DagBag from /home/airflow/.local/lib/python3.7/site-packages/airflow/example_dags/example_branch_operator.py
[2024-01-23T22:01:18.937+0000] {processor.py:753} INFO - DAG(s) dict_keys(['example_branch_operator']) retrieved from /home/airflow/.local/lib/python3.7/site-packages/airflow/example_dags/example_branch_operator.py
[2024-01-23T22:01:18.978+0000] {logging_mixin.py:137} INFO - [2024-01-23T22:01:18.978+0000] {dag.py:2676} INFO - Sync 1 DAGs
[2024-01-23T22:01:19.007+0000] {logging_mixin.py:137} INFO - [2024-01-23T22:01:19.007+0000] {dag.py:3427} INFO - Setting next_dagrun for example_branch_operator to 2024-01-22T00:00:00+00:00, run_after=2024-01-23T00:00:00+00:00
[2024-01-23T22:01:19.029+0000] {processor.py:175} INFO - Processing /home/airflow/.local/lib/python3.7/site-packages/airflow/example_dags/example_branch_operator.py took 0.116 seconds
[2024-01-23T22:01:49.334+0000] {processor.py:153} INFO - Started process (PID=514) to work on /home/airflow/.local/lib/python3.7/site-packages/airflow/example_dags/example_branch_operator.py
[2024-01-23T22:01:49.335+0000] {processor.py:743} INFO - Processing file /home/airflow/.local/lib/python3.7/site-packages/airflow/example_dags/example_branch_operator.py for tasks to queue
[2024-01-23T22:01:49.336+0000] {logging_mixin.py:137} INFO - [2024-01-23T22:01:49.336+0000] {dagbag.py:538} INFO - Filling up the DagBag from /home/airflow/.local/lib/python3.7/site-packages/airflow/example_dags/example_branch_operator.py
[2024-01-23T22:01:49.357+0000] {processor.py:753} INFO - DAG(s) dict_keys(['example_branch_operator']) retrieved from /home/airflow/.local/lib/python3.7/site-packages/airflow/example_dags/example_branch_operator.py
[2024-01-23T22:01:49.399+0000] {logging_mixin.py:137} INFO - [2024-01-23T22:01:49.399+0000] {dag.py:2676} INFO - Sync 1 DAGs
[2024-01-23T22:01:49.438+0000] {logging_mixin.py:137} INFO - [2024-01-23T22:01:49.438+0000] {dag.py:3427} INFO - Setting next_dagrun for example_branch_operator to 2024-01-22T00:00:00+00:00, run_after=2024-01-23T00:00:00+00:00
[2024-01-23T22:01:49.472+0000] {processor.py:175} INFO - Processing /home/airflow/.local/lib/python3.7/site-packages/airflow/example_dags/example_branch_operator.py took 0.140 seconds
[2024-01-23T22:02:19.559+0000] {processor.py:153} INFO - Started process (PID=594) to work on /home/airflow/.local/lib/python3.7/site-packages/airflow/example_dags/example_branch_operator.py
[2024-01-23T22:02:19.560+0000] {processor.py:743} INFO - Processing file /home/airflow/.local/lib/python3.7/site-packages/airflow/example_dags/example_branch_operator.py for tasks to queue
[2024-01-23T22:02:19.560+0000] {logging_mixin.py:137} INFO - [2024-01-23T22:02:19.560+0000] {dagbag.py:538} INFO - Filling up the DagBag from /home/airflow/.local/lib/python3.7/site-packages/airflow/example_dags/example_branch_operator.py
[2024-01-23T22:02:19.578+0000] {processor.py:753} INFO - DAG(s) dict_keys(['example_branch_operator']) retrieved from /home/airflow/.local/lib/python3.7/site-packages/airflow/example_dags/example_branch_operator.py
[2024-01-23T22:02:19.619+0000] {logging_mixin.py:137} INFO - [2024-01-23T22:02:19.619+0000] {dag.py:2676} INFO - Sync 1 DAGs
[2024-01-23T22:02:19.652+0000] {logging_mixin.py:137} INFO - [2024-01-23T22:02:19.652+0000] {dag.py:3427} INFO - Setting next_dagrun for example_branch_operator to 2024-01-22T00:00:00+00:00, run_after=2024-01-23T00:00:00+00:00
[2024-01-23T22:02:19.673+0000] {processor.py:175} INFO - Processing /home/airflow/.local/lib/python3.7/site-packages/airflow/example_dags/example_branch_operator.py took 0.117 seconds
[2024-01-23T22:02:50.116+0000] {processor.py:153} INFO - Started process (PID=674) to work on /home/airflow/.local/lib/python3.7/site-packages/airflow/example_dags/example_branch_operator.py
[2024-01-23T22:02:50.117+0000] {processor.py:743} INFO - Processing file /home/airflow/.local/lib/python3.7/site-packages/airflow/example_dags/example_branch_operator.py for tasks to queue
[2024-01-23T22:02:50.118+0000] {logging_mixin.py:137} INFO - [2024-01-23T22:02:50.118+0000] {dagbag.py:538} INFO - Filling up the DagBag from /home/airflow/.local/lib/python3.7/site-packages/airflow/example_dags/example_branch_operator.py
[2024-01-23T22:02:50.138+0000] {processor.py:753} INFO - DAG(s) dict_keys(['example_branch_operator']) retrieved from /home/airflow/.local/lib/python3.7/site-packages/airflow/example_dags/example_branch_operator.py
[2024-01-23T22:02:50.183+0000] {logging_mixin.py:137} INFO - [2024-01-23T22:02:50.183+0000] {dag.py:2676} INFO - Sync 1 DAGs
[2024-01-23T22:02:50.213+0000] {logging_mixin.py:137} INFO - [2024-01-23T22:02:50.213+0000] {dag.py:3427} INFO - Setting next_dagrun for example_branch_operator to 2024-01-22T00:00:00+00:00, run_after=2024-01-23T00:00:00+00:00
[2024-01-23T22:02:50.238+0000] {processor.py:175} INFO - Processing /home/airflow/.local/lib/python3.7/site-packages/airflow/example_dags/example_branch_operator.py took 0.124 seconds
[2024-01-23T22:03:20.380+0000] {processor.py:153} INFO - Started process (PID=774) to work on /home/airflow/.local/lib/python3.7/site-packages/airflow/example_dags/example_branch_operator.py
[2024-01-23T22:03:20.381+0000] {processor.py:743} INFO - Processing file /home/airflow/.local/lib/python3.7/site-packages/airflow/example_dags/example_branch_operator.py for tasks to queue
[2024-01-23T22:03:20.382+0000] {logging_mixin.py:137} INFO - [2024-01-23T22:03:20.382+0000] {dagbag.py:538} INFO - Filling up the DagBag from /home/airflow/.local/lib/python3.7/site-packages/airflow/example_dags/example_branch_operator.py
[2024-01-23T22:03:20.403+0000] {processor.py:753} INFO - DAG(s) dict_keys(['example_branch_operator']) retrieved from /home/airflow/.local/lib/python3.7/site-packages/airflow/example_dags/example_branch_operator.py
[2024-01-23T22:03:20.446+0000] {logging_mixin.py:137} INFO - [2024-01-23T22:03:20.446+0000] {dag.py:2676} INFO - Sync 1 DAGs
[2024-01-23T22:03:20.486+0000] {logging_mixin.py:137} INFO - [2024-01-23T22:03:20.486+0000] {dag.py:3427} INFO - Setting next_dagrun for example_branch_operator to 2024-01-22T00:00:00+00:00, run_after=2024-01-23T00:00:00+00:00
[2024-01-23T22:03:20.514+0000] {processor.py:175} INFO - Processing /home/airflow/.local/lib/python3.7/site-packages/airflow/example_dags/example_branch_operator.py took 0.137 seconds
[2024-01-23T22:03:50.661+0000] {processor.py:153} INFO - Started process (PID=854) to work on /home/airflow/.local/lib/python3.7/site-packages/airflow/example_dags/example_branch_operator.py
[2024-01-23T22:03:50.662+0000] {processor.py:743} INFO - Processing file /home/airflow/.local/lib/python3.7/site-packages/airflow/example_dags/example_branch_operator.py for tasks to queue
[2024-01-23T22:03:50.663+0000] {logging_mixin.py:137} INFO - [2024-01-23T22:03:50.663+0000] {dagbag.py:538} INFO - Filling up the DagBag from /home/airflow/.local/lib/python3.7/site-packages/airflow/example_dags/example_branch_operator.py
[2024-01-23T22:03:50.681+0000] {processor.py:753} INFO - DAG(s) dict_keys(['example_branch_operator']) retrieved from /home/airflow/.local/lib/python3.7/site-packages/airflow/example_dags/example_branch_operator.py
[2024-01-23T22:03:50.716+0000] {logging_mixin.py:137} INFO - [2024-01-23T22:03:50.715+0000] {dag.py:2676} INFO - Sync 1 DAGs
[2024-01-23T22:03:50.747+0000] {logging_mixin.py:137} INFO - [2024-01-23T22:03:50.747+0000] {dag.py:3427} INFO - Setting next_dagrun for example_branch_operator to 2024-01-22T00:00:00+00:00, run_after=2024-01-23T00:00:00+00:00
[2024-01-23T22:03:50.771+0000] {processor.py:175} INFO - Processing /home/airflow/.local/lib/python3.7/site-packages/airflow/example_dags/example_branch_operator.py took 0.112 seconds
[2024-01-23T22:04:20.997+0000] {processor.py:153} INFO - Started process (PID=934) to work on /home/airflow/.local/lib/python3.7/site-packages/airflow/example_dags/example_branch_operator.py
[2024-01-23T22:04:20.998+0000] {processor.py:743} INFO - Processing file /home/airflow/.local/lib/python3.7/site-packages/airflow/example_dags/example_branch_operator.py for tasks to queue
[2024-01-23T22:04:20.999+0000] {logging_mixin.py:137} INFO - [2024-01-23T22:04:20.998+0000] {dagbag.py:538} INFO - Filling up the DagBag from /home/airflow/.local/lib/python3.7/site-packages/airflow/example_dags/example_branch_operator.py
[2024-01-23T22:04:21.016+0000] {processor.py:753} INFO - DAG(s) dict_keys(['example_branch_operator']) retrieved from /home/airflow/.local/lib/python3.7/site-packages/airflow/example_dags/example_branch_operator.py
[2024-01-23T22:04:21.051+0000] {logging_mixin.py:137} INFO - [2024-01-23T22:04:21.051+0000] {dag.py:2676} INFO - Sync 1 DAGs
[2024-01-23T22:04:21.082+0000] {logging_mixin.py:137} INFO - [2024-01-23T22:04:21.082+0000] {dag.py:3427} INFO - Setting next_dagrun for example_branch_operator to 2024-01-22T00:00:00+00:00, run_after=2024-01-23T00:00:00+00:00
[2024-01-23T22:04:21.103+0000] {processor.py:175} INFO - Processing /home/airflow/.local/lib/python3.7/site-packages/airflow/example_dags/example_branch_operator.py took 0.109 seconds
[2024-01-23T22:04:51.818+0000] {processor.py:153} INFO - Started process (PID=1034) to work on /home/airflow/.local/lib/python3.7/site-packages/airflow/example_dags/example_branch_operator.py
[2024-01-23T22:04:51.818+0000] {processor.py:743} INFO - Processing file /home/airflow/.local/lib/python3.7/site-packages/airflow/example_dags/example_branch_operator.py for tasks to queue
[2024-01-23T22:04:51.819+0000] {logging_mixin.py:137} INFO - [2024-01-23T22:04:51.819+0000] {dagbag.py:538} INFO - Filling up the DagBag from /home/airflow/.local/lib/python3.7/site-packages/airflow/example_dags/example_branch_operator.py
[2024-01-23T22:04:51.836+0000] {processor.py:753} INFO - DAG(s) dict_keys(['example_branch_operator']) retrieved from /home/airflow/.local/lib/python3.7/site-packages/airflow/example_dags/example_branch_operator.py
[2024-01-23T22:04:51.872+0000] {logging_mixin.py:137} INFO - [2024-01-23T22:04:51.872+0000] {dag.py:2676} INFO - Sync 1 DAGs
[2024-01-23T22:04:51.898+0000] {logging_mixin.py:137} INFO - [2024-01-23T22:04:51.897+0000] {dag.py:3427} INFO - Setting next_dagrun for example_branch_operator to 2024-01-22T00:00:00+00:00, run_after=2024-01-23T00:00:00+00:00
[2024-01-23T22:04:51.918+0000] {processor.py:175} INFO - Processing /home/airflow/.local/lib/python3.7/site-packages/airflow/example_dags/example_branch_operator.py took 0.103 seconds
[2024-01-23T22:05:22.178+0000] {processor.py:153} INFO - Started process (PID=1114) to work on /home/airflow/.local/lib/python3.7/site-packages/airflow/example_dags/example_branch_operator.py
[2024-01-23T22:05:22.179+0000] {processor.py:743} INFO - Processing file /home/airflow/.local/lib/python3.7/site-packages/airflow/example_dags/example_branch_operator.py for tasks to queue
[2024-01-23T22:05:22.180+0000] {logging_mixin.py:137} INFO - [2024-01-23T22:05:22.179+0000] {dagbag.py:538} INFO - Filling up the DagBag from /home/airflow/.local/lib/python3.7/site-packages/airflow/example_dags/example_branch_operator.py
[2024-01-23T22:05:22.201+0000] {processor.py:753} INFO - DAG(s) dict_keys(['example_branch_operator']) retrieved from /home/airflow/.local/lib/python3.7/site-packages/airflow/example_dags/example_branch_operator.py
[2024-01-23T22:05:22.236+0000] {logging_mixin.py:137} INFO - [2024-01-23T22:05:22.235+0000] {dag.py:2676} INFO - Sync 1 DAGs
[2024-01-23T22:05:22.265+0000] {logging_mixin.py:137} INFO - [2024-01-23T22:05:22.265+0000] {dag.py:3427} INFO - Setting next_dagrun for example_branch_operator to 2024-01-22T00:00:00+00:00, run_after=2024-01-23T00:00:00+00:00
[2024-01-23T22:05:22.287+0000] {processor.py:175} INFO - Processing /home/airflow/.local/lib/python3.7/site-packages/airflow/example_dags/example_branch_operator.py took 0.111 seconds
[2024-01-23T22:05:52.480+0000] {processor.py:153} INFO - Started process (PID=1194) to work on /home/airflow/.local/lib/python3.7/site-packages/airflow/example_dags/example_branch_operator.py
[2024-01-23T22:05:52.481+0000] {processor.py:743} INFO - Processing file /home/airflow/.local/lib/python3.7/site-packages/airflow/example_dags/example_branch_operator.py for tasks to queue
[2024-01-23T22:05:52.482+0000] {logging_mixin.py:137} INFO - [2024-01-23T22:05:52.482+0000] {dagbag.py:538} INFO - Filling up the DagBag from /home/airflow/.local/lib/python3.7/site-packages/airflow/example_dags/example_branch_operator.py
[2024-01-23T22:05:52.501+0000] {processor.py:753} INFO - DAG(s) dict_keys(['example_branch_operator']) retrieved from /home/airflow/.local/lib/python3.7/site-packages/airflow/example_dags/example_branch_operator.py
[2024-01-23T22:05:52.546+0000] {logging_mixin.py:137} INFO - [2024-01-23T22:05:52.546+0000] {dag.py:2676} INFO - Sync 1 DAGs
[2024-01-23T22:05:52.584+0000] {logging_mixin.py:137} INFO - [2024-01-23T22:05:52.584+0000] {dag.py:3427} INFO - Setting next_dagrun for example_branch_operator to 2024-01-22T00:00:00+00:00, run_after=2024-01-23T00:00:00+00:00
[2024-01-23T22:05:52.609+0000] {processor.py:175} INFO - Processing /home/airflow/.local/lib/python3.7/site-packages/airflow/example_dags/example_branch_operator.py took 0.131 seconds
[2024-01-23T22:06:23.024+0000] {processor.py:153} INFO - Started process (PID=1294) to work on /home/airflow/.local/lib/python3.7/site-packages/airflow/example_dags/example_branch_operator.py
[2024-01-23T22:06:23.025+0000] {processor.py:743} INFO - Processing file /home/airflow/.local/lib/python3.7/site-packages/airflow/example_dags/example_branch_operator.py for tasks to queue
[2024-01-23T22:06:23.026+0000] {logging_mixin.py:137} INFO - [2024-01-23T22:06:23.026+0000] {dagbag.py:538} INFO - Filling up the DagBag from /home/airflow/.local/lib/python3.7/site-packages/airflow/example_dags/example_branch_operator.py
[2024-01-23T22:06:23.043+0000] {processor.py:753} INFO - DAG(s) dict_keys(['example_branch_operator']) retrieved from /home/airflow/.local/lib/python3.7/site-packages/airflow/example_dags/example_branch_operator.py
[2024-01-23T22:06:23.088+0000] {logging_mixin.py:137} INFO - [2024-01-23T22:06:23.086+0000] {dag.py:2676} INFO - Sync 1 DAGs
[2024-01-23T22:06:23.124+0000] {logging_mixin.py:137} INFO - [2024-01-23T22:06:23.124+0000] {dag.py:3427} INFO - Setting next_dagrun for example_branch_operator to 2024-01-22T00:00:00+00:00, run_after=2024-01-23T00:00:00+00:00
[2024-01-23T22:06:23.146+0000] {processor.py:175} INFO - Processing /home/airflow/.local/lib/python3.7/site-packages/airflow/example_dags/example_branch_operator.py took 0.124 seconds
[2024-01-23T22:06:53.988+0000] {processor.py:153} INFO - Started process (PID=1374) to work on /home/airflow/.local/lib/python3.7/site-packages/airflow/example_dags/example_branch_operator.py
[2024-01-23T22:06:53.989+0000] {processor.py:743} INFO - Processing file /home/airflow/.local/lib/python3.7/site-packages/airflow/example_dags/example_branch_operator.py for tasks to queue
[2024-01-23T22:06:53.990+0000] {logging_mixin.py:137} INFO - [2024-01-23T22:06:53.990+0000] {dagbag.py:538} INFO - Filling up the DagBag from /home/airflow/.local/lib/python3.7/site-packages/airflow/example_dags/example_branch_operator.py
[2024-01-23T22:06:54.012+0000] {processor.py:753} INFO - DAG(s) dict_keys(['example_branch_operator']) retrieved from /home/airflow/.local/lib/python3.7/site-packages/airflow/example_dags/example_branch_operator.py
[2024-01-23T22:06:54.057+0000] {logging_mixin.py:137} INFO - [2024-01-23T22:06:54.057+0000] {dag.py:2676} INFO - Sync 1 DAGs
[2024-01-23T22:06:54.096+0000] {logging_mixin.py:137} INFO - [2024-01-23T22:06:54.096+0000] {dag.py:3427} INFO - Setting next_dagrun for example_branch_operator to 2024-01-22T00:00:00+00:00, run_after=2024-01-23T00:00:00+00:00
[2024-01-23T22:06:54.136+0000] {processor.py:175} INFO - Processing /home/airflow/.local/lib/python3.7/site-packages/airflow/example_dags/example_branch_operator.py took 0.150 seconds
[2024-01-23T22:07:24.324+0000] {processor.py:153} INFO - Started process (PID=1461) to work on /home/airflow/.local/lib/python3.7/site-packages/airflow/example_dags/example_branch_operator.py
[2024-01-23T22:07:24.325+0000] {processor.py:743} INFO - Processing file /home/airflow/.local/lib/python3.7/site-packages/airflow/example_dags/example_branch_operator.py for tasks to queue
[2024-01-23T22:07:24.326+0000] {logging_mixin.py:137} INFO - [2024-01-23T22:07:24.326+0000] {dagbag.py:538} INFO - Filling up the DagBag from /home/airflow/.local/lib/python3.7/site-packages/airflow/example_dags/example_branch_operator.py
[2024-01-23T22:07:24.342+0000] {processor.py:753} INFO - DAG(s) dict_keys(['example_branch_operator']) retrieved from /home/airflow/.local/lib/python3.7/site-packages/airflow/example_dags/example_branch_operator.py
[2024-01-23T22:07:24.383+0000] {logging_mixin.py:137} INFO - [2024-01-23T22:07:24.382+0000] {dag.py:2676} INFO - Sync 1 DAGs
[2024-01-23T22:07:24.422+0000] {logging_mixin.py:137} INFO - [2024-01-23T22:07:24.422+0000] {dag.py:3427} INFO - Setting next_dagrun for example_branch_operator to 2024-01-22T00:00:00+00:00, run_after=2024-01-23T00:00:00+00:00
[2024-01-23T22:07:24.445+0000] {processor.py:175} INFO - Processing /home/airflow/.local/lib/python3.7/site-packages/airflow/example_dags/example_branch_operator.py took 0.124 seconds
[2024-01-23T22:07:54.817+0000] {processor.py:153} INFO - Started process (PID=1554) to work on /home/airflow/.local/lib/python3.7/site-packages/airflow/example_dags/example_branch_operator.py
[2024-01-23T22:07:54.818+0000] {processor.py:743} INFO - Processing file /home/airflow/.local/lib/python3.7/site-packages/airflow/example_dags/example_branch_operator.py for tasks to queue
[2024-01-23T22:07:54.819+0000] {logging_mixin.py:137} INFO - [2024-01-23T22:07:54.819+0000] {dagbag.py:538} INFO - Filling up the DagBag from /home/airflow/.local/lib/python3.7/site-packages/airflow/example_dags/example_branch_operator.py
[2024-01-23T22:07:54.835+0000] {processor.py:753} INFO - DAG(s) dict_keys(['example_branch_operator']) retrieved from /home/airflow/.local/lib/python3.7/site-packages/airflow/example_dags/example_branch_operator.py
[2024-01-23T22:07:54.873+0000] {logging_mixin.py:137} INFO - [2024-01-23T22:07:54.873+0000] {dag.py:2676} INFO - Sync 1 DAGs
[2024-01-23T22:07:54.904+0000] {logging_mixin.py:137} INFO - [2024-01-23T22:07:54.904+0000] {dag.py:3427} INFO - Setting next_dagrun for example_branch_operator to 2024-01-22T00:00:00+00:00, run_after=2024-01-23T00:00:00+00:00
[2024-01-23T22:07:54.927+0000] {processor.py:175} INFO - Processing /home/airflow/.local/lib/python3.7/site-packages/airflow/example_dags/example_branch_operator.py took 0.111 seconds
[2024-01-23T22:08:25.158+0000] {processor.py:153} INFO - Started process (PID=1634) to work on /home/airflow/.local/lib/python3.7/site-packages/airflow/example_dags/example_branch_operator.py
[2024-01-23T22:08:25.159+0000] {processor.py:743} INFO - Processing file /home/airflow/.local/lib/python3.7/site-packages/airflow/example_dags/example_branch_operator.py for tasks to queue
[2024-01-23T22:08:25.159+0000] {logging_mixin.py:137} INFO - [2024-01-23T22:08:25.159+0000] {dagbag.py:538} INFO - Filling up the DagBag from /home/airflow/.local/lib/python3.7/site-packages/airflow/example_dags/example_branch_operator.py
[2024-01-23T22:08:25.176+0000] {processor.py:753} INFO - DAG(s) dict_keys(['example_branch_operator']) retrieved from /home/airflow/.local/lib/python3.7/site-packages/airflow/example_dags/example_branch_operator.py
[2024-01-23T22:08:25.214+0000] {logging_mixin.py:137} INFO - [2024-01-23T22:08:25.214+0000] {dag.py:2676} INFO - Sync 1 DAGs
[2024-01-23T22:08:25.244+0000] {logging_mixin.py:137} INFO - [2024-01-23T22:08:25.244+0000] {dag.py:3427} INFO - Setting next_dagrun for example_branch_operator to 2024-01-22T00:00:00+00:00, run_after=2024-01-23T00:00:00+00:00
[2024-01-23T22:08:25.265+0000] {processor.py:175} INFO - Processing /home/airflow/.local/lib/python3.7/site-packages/airflow/example_dags/example_branch_operator.py took 0.110 seconds
[2024-01-23T22:08:55.442+0000] {processor.py:153} INFO - Started process (PID=1734) to work on /home/airflow/.local/lib/python3.7/site-packages/airflow/example_dags/example_branch_operator.py
[2024-01-23T22:08:55.443+0000] {processor.py:743} INFO - Processing file /home/airflow/.local/lib/python3.7/site-packages/airflow/example_dags/example_branch_operator.py for tasks to queue
[2024-01-23T22:08:55.444+0000] {logging_mixin.py:137} INFO - [2024-01-23T22:08:55.444+0000] {dagbag.py:538} INFO - Filling up the DagBag from /home/airflow/.local/lib/python3.7/site-packages/airflow/example_dags/example_branch_operator.py
[2024-01-23T22:08:55.467+0000] {processor.py:753} INFO - DAG(s) dict_keys(['example_branch_operator']) retrieved from /home/airflow/.local/lib/python3.7/site-packages/airflow/example_dags/example_branch_operator.py
[2024-01-23T22:08:55.530+0000] {logging_mixin.py:137} INFO - [2024-01-23T22:08:55.529+0000] {dag.py:2676} INFO - Sync 1 DAGs
[2024-01-23T22:08:55.591+0000] {logging_mixin.py:137} INFO - [2024-01-23T22:08:55.591+0000] {dag.py:3427} INFO - Setting next_dagrun for example_branch_operator to 2024-01-22T00:00:00+00:00, run_after=2024-01-23T00:00:00+00:00
[2024-01-23T22:08:55.619+0000] {processor.py:175} INFO - Processing /home/airflow/.local/lib/python3.7/site-packages/airflow/example_dags/example_branch_operator.py took 0.180 seconds
[2024-01-23T22:09:26.574+0000] {processor.py:153} INFO - Started process (PID=1814) to work on /home/airflow/.local/lib/python3.7/site-packages/airflow/example_dags/example_branch_operator.py
[2024-01-23T22:09:26.575+0000] {processor.py:743} INFO - Processing file /home/airflow/.local/lib/python3.7/site-packages/airflow/example_dags/example_branch_operator.py for tasks to queue
[2024-01-23T22:09:26.576+0000] {logging_mixin.py:137} INFO - [2024-01-23T22:09:26.576+0000] {dagbag.py:538} INFO - Filling up the DagBag from /home/airflow/.local/lib/python3.7/site-packages/airflow/example_dags/example_branch_operator.py
[2024-01-23T22:09:26.594+0000] {processor.py:753} INFO - DAG(s) dict_keys(['example_branch_operator']) retrieved from /home/airflow/.local/lib/python3.7/site-packages/airflow/example_dags/example_branch_operator.py
[2024-01-23T22:09:26.635+0000] {logging_mixin.py:137} INFO - [2024-01-23T22:09:26.635+0000] {dag.py:2676} INFO - Sync 1 DAGs
[2024-01-23T22:09:26.666+0000] {logging_mixin.py:137} INFO - [2024-01-23T22:09:26.666+0000] {dag.py:3427} INFO - Setting next_dagrun for example_branch_operator to 2024-01-22T00:00:00+00:00, run_after=2024-01-23T00:00:00+00:00
[2024-01-23T22:09:26.688+0000] {processor.py:175} INFO - Processing /home/airflow/.local/lib/python3.7/site-packages/airflow/example_dags/example_branch_operator.py took 0.116 seconds
[2024-01-23T22:09:57.286+0000] {processor.py:153} INFO - Started process (PID=1894) to work on /home/airflow/.local/lib/python3.7/site-packages/airflow/example_dags/example_branch_operator.py
[2024-01-23T22:09:57.286+0000] {processor.py:743} INFO - Processing file /home/airflow/.local/lib/python3.7/site-packages/airflow/example_dags/example_branch_operator.py for tasks to queue
[2024-01-23T22:09:57.287+0000] {logging_mixin.py:137} INFO - [2024-01-23T22:09:57.287+0000] {dagbag.py:538} INFO - Filling up the DagBag from /home/airflow/.local/lib/python3.7/site-packages/airflow/example_dags/example_branch_operator.py
[2024-01-23T22:09:57.301+0000] {processor.py:753} INFO - DAG(s) dict_keys(['example_branch_operator']) retrieved from /home/airflow/.local/lib/python3.7/site-packages/airflow/example_dags/example_branch_operator.py
[2024-01-23T22:09:57.340+0000] {logging_mixin.py:137} INFO - [2024-01-23T22:09:57.339+0000] {dag.py:2676} INFO - Sync 1 DAGs
[2024-01-23T22:09:57.366+0000] {logging_mixin.py:137} INFO - [2024-01-23T22:09:57.366+0000] {dag.py:3427} INFO - Setting next_dagrun for example_branch_operator to 2024-01-22T00:00:00+00:00, run_after=2024-01-23T00:00:00+00:00
[2024-01-23T22:09:57.385+0000] {processor.py:175} INFO - Processing /home/airflow/.local/lib/python3.7/site-packages/airflow/example_dags/example_branch_operator.py took 0.102 seconds
[2024-01-23T22:10:27.600+0000] {processor.py:153} INFO - Started process (PID=1994) to work on /home/airflow/.local/lib/python3.7/site-packages/airflow/example_dags/example_branch_operator.py
[2024-01-23T22:10:27.600+0000] {processor.py:743} INFO - Processing file /home/airflow/.local/lib/python3.7/site-packages/airflow/example_dags/example_branch_operator.py for tasks to queue
[2024-01-23T22:10:27.601+0000] {logging_mixin.py:137} INFO - [2024-01-23T22:10:27.601+0000] {dagbag.py:538} INFO - Filling up the DagBag from /home/airflow/.local/lib/python3.7/site-packages/airflow/example_dags/example_branch_operator.py
[2024-01-23T22:10:27.624+0000] {processor.py:753} INFO - DAG(s) dict_keys(['example_branch_operator']) retrieved from /home/airflow/.local/lib/python3.7/site-packages/airflow/example_dags/example_branch_operator.py
[2024-01-23T22:10:27.670+0000] {logging_mixin.py:137} INFO - [2024-01-23T22:10:27.670+0000] {dag.py:2676} INFO - Sync 1 DAGs
[2024-01-23T22:10:27.705+0000] {logging_mixin.py:137} INFO - [2024-01-23T22:10:27.705+0000] {dag.py:3427} INFO - Setting next_dagrun for example_branch_operator to 2024-01-22T00:00:00+00:00, run_after=2024-01-23T00:00:00+00:00
[2024-01-23T22:10:27.745+0000] {processor.py:175} INFO - Processing /home/airflow/.local/lib/python3.7/site-packages/airflow/example_dags/example_branch_operator.py took 0.148 seconds
[2024-01-23T22:10:57.968+0000] {processor.py:153} INFO - Started process (PID=2074) to work on /home/airflow/.local/lib/python3.7/site-packages/airflow/example_dags/example_branch_operator.py
[2024-01-23T22:10:57.968+0000] {processor.py:743} INFO - Processing file /home/airflow/.local/lib/python3.7/site-packages/airflow/example_dags/example_branch_operator.py for tasks to queue
[2024-01-23T22:10:57.969+0000] {logging_mixin.py:137} INFO - [2024-01-23T22:10:57.969+0000] {dagbag.py:538} INFO - Filling up the DagBag from /home/airflow/.local/lib/python3.7/site-packages/airflow/example_dags/example_branch_operator.py
[2024-01-23T22:10:57.988+0000] {processor.py:753} INFO - DAG(s) dict_keys(['example_branch_operator']) retrieved from /home/airflow/.local/lib/python3.7/site-packages/airflow/example_dags/example_branch_operator.py
[2024-01-23T22:10:58.029+0000] {logging_mixin.py:137} INFO - [2024-01-23T22:10:58.028+0000] {dag.py:2676} INFO - Sync 1 DAGs
[2024-01-23T22:10:58.058+0000] {logging_mixin.py:137} INFO - [2024-01-23T22:10:58.058+0000] {dag.py:3427} INFO - Setting next_dagrun for example_branch_operator to 2024-01-22T00:00:00+00:00, run_after=2024-01-23T00:00:00+00:00
[2024-01-23T22:10:58.078+0000] {processor.py:175} INFO - Processing /home/airflow/.local/lib/python3.7/site-packages/airflow/example_dags/example_branch_operator.py took 0.112 seconds
[2024-01-23T22:11:28.286+0000] {processor.py:153} INFO - Started process (PID=2154) to work on /home/airflow/.local/lib/python3.7/site-packages/airflow/example_dags/example_branch_operator.py
[2024-01-23T22:11:28.286+0000] {processor.py:743} INFO - Processing file /home/airflow/.local/lib/python3.7/site-packages/airflow/example_dags/example_branch_operator.py for tasks to queue
[2024-01-23T22:11:28.287+0000] {logging_mixin.py:137} INFO - [2024-01-23T22:11:28.287+0000] {dagbag.py:538} INFO - Filling up the DagBag from /home/airflow/.local/lib/python3.7/site-packages/airflow/example_dags/example_branch_operator.py
[2024-01-23T22:11:28.306+0000] {processor.py:753} INFO - DAG(s) dict_keys(['example_branch_operator']) retrieved from /home/airflow/.local/lib/python3.7/site-packages/airflow/example_dags/example_branch_operator.py
[2024-01-23T22:11:28.343+0000] {logging_mixin.py:137} INFO - [2024-01-23T22:11:28.342+0000] {dag.py:2676} INFO - Sync 1 DAGs
[2024-01-23T22:11:28.375+0000] {logging_mixin.py:137} INFO - [2024-01-23T22:11:28.375+0000] {dag.py:3427} INFO - Setting next_dagrun for example_branch_operator to 2024-01-22T00:00:00+00:00, run_after=2024-01-23T00:00:00+00:00
[2024-01-23T22:11:28.395+0000] {processor.py:175} INFO - Processing /home/airflow/.local/lib/python3.7/site-packages/airflow/example_dags/example_branch_operator.py took 0.111 seconds
[2024-01-23T22:11:58.766+0000] {processor.py:153} INFO - Started process (PID=2254) to work on /home/airflow/.local/lib/python3.7/site-packages/airflow/example_dags/example_branch_operator.py
[2024-01-23T22:11:58.767+0000] {processor.py:743} INFO - Processing file /home/airflow/.local/lib/python3.7/site-packages/airflow/example_dags/example_branch_operator.py for tasks to queue
[2024-01-23T22:11:58.768+0000] {logging_mixin.py:137} INFO - [2024-01-23T22:11:58.768+0000] {dagbag.py:538} INFO - Filling up the DagBag from /home/airflow/.local/lib/python3.7/site-packages/airflow/example_dags/example_branch_operator.py
[2024-01-23T22:11:58.793+0000] {processor.py:753} INFO - DAG(s) dict_keys(['example_branch_operator']) retrieved from /home/airflow/.local/lib/python3.7/site-packages/airflow/example_dags/example_branch_operator.py
[2024-01-23T22:11:58.839+0000] {logging_mixin.py:137} INFO - [2024-01-23T22:11:58.839+0000] {dag.py:2676} INFO - Sync 1 DAGs
[2024-01-23T22:11:58.875+0000] {logging_mixin.py:137} INFO - [2024-01-23T22:11:58.875+0000] {dag.py:3427} INFO - Setting next_dagrun for example_branch_operator to 2024-01-22T00:00:00+00:00, run_after=2024-01-23T00:00:00+00:00
[2024-01-23T22:11:58.896+0000] {processor.py:175} INFO - Processing /home/airflow/.local/lib/python3.7/site-packages/airflow/example_dags/example_branch_operator.py took 0.136 seconds
[2024-01-23T22:12:29.060+0000] {processor.py:153} INFO - Started process (PID=2334) to work on /home/airflow/.local/lib/python3.7/site-packages/airflow/example_dags/example_branch_operator.py
[2024-01-23T22:12:29.060+0000] {processor.py:743} INFO - Processing file /home/airflow/.local/lib/python3.7/site-packages/airflow/example_dags/example_branch_operator.py for tasks to queue
[2024-01-23T22:12:29.061+0000] {logging_mixin.py:137} INFO - [2024-01-23T22:12:29.061+0000] {dagbag.py:538} INFO - Filling up the DagBag from /home/airflow/.local/lib/python3.7/site-packages/airflow/example_dags/example_branch_operator.py
[2024-01-23T22:12:29.080+0000] {processor.py:753} INFO - DAG(s) dict_keys(['example_branch_operator']) retrieved from /home/airflow/.local/lib/python3.7/site-packages/airflow/example_dags/example_branch_operator.py
[2024-01-23T22:12:29.119+0000] {logging_mixin.py:137} INFO - [2024-01-23T22:12:29.119+0000] {dag.py:2676} INFO - Sync 1 DAGs
[2024-01-23T22:12:29.149+0000] {logging_mixin.py:137} INFO - [2024-01-23T22:12:29.149+0000] {dag.py:3427} INFO - Setting next_dagrun for example_branch_operator to 2024-01-22T00:00:00+00:00, run_after=2024-01-23T00:00:00+00:00
[2024-01-23T22:12:29.177+0000] {processor.py:175} INFO - Processing /home/airflow/.local/lib/python3.7/site-packages/airflow/example_dags/example_branch_operator.py took 0.120 seconds
[2024-01-23T22:12:59.463+0000] {processor.py:153} INFO - Started process (PID=2414) to work on /home/airflow/.local/lib/python3.7/site-packages/airflow/example_dags/example_branch_operator.py
[2024-01-23T22:12:59.464+0000] {processor.py:743} INFO - Processing file /home/airflow/.local/lib/python3.7/site-packages/airflow/example_dags/example_branch_operator.py for tasks to queue
[2024-01-23T22:12:59.465+0000] {logging_mixin.py:137} INFO - [2024-01-23T22:12:59.465+0000] {dagbag.py:538} INFO - Filling up the DagBag from /home/airflow/.local/lib/python3.7/site-packages/airflow/example_dags/example_branch_operator.py
[2024-01-23T22:12:59.480+0000] {processor.py:753} INFO - DAG(s) dict_keys(['example_branch_operator']) retrieved from /home/airflow/.local/lib/python3.7/site-packages/airflow/example_dags/example_branch_operator.py
[2024-01-23T22:12:59.515+0000] {logging_mixin.py:137} INFO - [2024-01-23T22:12:59.515+0000] {dag.py:2676} INFO - Sync 1 DAGs
[2024-01-23T22:12:59.541+0000] {logging_mixin.py:137} INFO - [2024-01-23T22:12:59.541+0000] {dag.py:3427} INFO - Setting next_dagrun for example_branch_operator to 2024-01-22T00:00:00+00:00, run_after=2024-01-23T00:00:00+00:00
[2024-01-23T22:12:59.566+0000] {processor.py:175} INFO - Processing /home/airflow/.local/lib/python3.7/site-packages/airflow/example_dags/example_branch_operator.py took 0.105 seconds
[2024-01-23T22:13:30.373+0000] {processor.py:153} INFO - Started process (PID=2514) to work on /home/airflow/.local/lib/python3.7/site-packages/airflow/example_dags/example_branch_operator.py
[2024-01-23T22:13:30.374+0000] {processor.py:743} INFO - Processing file /home/airflow/.local/lib/python3.7/site-packages/airflow/example_dags/example_branch_operator.py for tasks to queue
[2024-01-23T22:13:30.375+0000] {logging_mixin.py:137} INFO - [2024-01-23T22:13:30.374+0000] {dagbag.py:538} INFO - Filling up the DagBag from /home/airflow/.local/lib/python3.7/site-packages/airflow/example_dags/example_branch_operator.py
[2024-01-23T22:13:30.389+0000] {processor.py:753} INFO - DAG(s) dict_keys(['example_branch_operator']) retrieved from /home/airflow/.local/lib/python3.7/site-packages/airflow/example_dags/example_branch_operator.py
[2024-01-23T22:13:30.428+0000] {logging_mixin.py:137} INFO - [2024-01-23T22:13:30.428+0000] {dag.py:2676} INFO - Sync 1 DAGs
[2024-01-23T22:13:30.461+0000] {logging_mixin.py:137} INFO - [2024-01-23T22:13:30.461+0000] {dag.py:3427} INFO - Setting next_dagrun for example_branch_operator to 2024-01-22T00:00:00+00:00, run_after=2024-01-23T00:00:00+00:00
[2024-01-23T22:13:30.486+0000] {processor.py:175} INFO - Processing /home/airflow/.local/lib/python3.7/site-packages/airflow/example_dags/example_branch_operator.py took 0.116 seconds
[2024-01-23T22:14:00.566+0000] {processor.py:153} INFO - Started process (PID=2593) to work on /home/airflow/.local/lib/python3.7/site-packages/airflow/example_dags/example_branch_operator.py
[2024-01-23T22:14:00.567+0000] {processor.py:743} INFO - Processing file /home/airflow/.local/lib/python3.7/site-packages/airflow/example_dags/example_branch_operator.py for tasks to queue
[2024-01-23T22:14:00.568+0000] {logging_mixin.py:137} INFO - [2024-01-23T22:14:00.568+0000] {dagbag.py:538} INFO - Filling up the DagBag from /home/airflow/.local/lib/python3.7/site-packages/airflow/example_dags/example_branch_operator.py
[2024-01-23T22:14:00.589+0000] {processor.py:753} INFO - DAG(s) dict_keys(['example_branch_operator']) retrieved from /home/airflow/.local/lib/python3.7/site-packages/airflow/example_dags/example_branch_operator.py
[2024-01-23T22:14:00.629+0000] {logging_mixin.py:137} INFO - [2024-01-23T22:14:00.629+0000] {dag.py:2676} INFO - Sync 1 DAGs
[2024-01-23T22:14:00.660+0000] {logging_mixin.py:137} INFO - [2024-01-23T22:14:00.660+0000] {dag.py:3427} INFO - Setting next_dagrun for example_branch_operator to 2024-01-22T00:00:00+00:00, run_after=2024-01-23T00:00:00+00:00
[2024-01-23T22:14:00.683+0000] {processor.py:175} INFO - Processing /home/airflow/.local/lib/python3.7/site-packages/airflow/example_dags/example_branch_operator.py took 0.120 seconds
[2024-01-23T22:14:31.018+0000] {processor.py:153} INFO - Started process (PID=2681) to work on /home/airflow/.local/lib/python3.7/site-packages/airflow/example_dags/example_branch_operator.py
[2024-01-23T22:14:31.018+0000] {processor.py:743} INFO - Processing file /home/airflow/.local/lib/python3.7/site-packages/airflow/example_dags/example_branch_operator.py for tasks to queue
[2024-01-23T22:14:31.019+0000] {logging_mixin.py:137} INFO - [2024-01-23T22:14:31.019+0000] {dagbag.py:538} INFO - Filling up the DagBag from /home/airflow/.local/lib/python3.7/site-packages/airflow/example_dags/example_branch_operator.py
[2024-01-23T22:14:31.034+0000] {processor.py:753} INFO - DAG(s) dict_keys(['example_branch_operator']) retrieved from /home/airflow/.local/lib/python3.7/site-packages/airflow/example_dags/example_branch_operator.py
[2024-01-23T22:14:31.078+0000] {logging_mixin.py:137} INFO - [2024-01-23T22:14:31.077+0000] {dag.py:2676} INFO - Sync 1 DAGs
[2024-01-23T22:14:31.114+0000] {logging_mixin.py:137} INFO - [2024-01-23T22:14:31.114+0000] {dag.py:3427} INFO - Setting next_dagrun for example_branch_operator to 2024-01-22T00:00:00+00:00, run_after=2024-01-23T00:00:00+00:00
[2024-01-23T22:14:31.138+0000] {processor.py:175} INFO - Processing /home/airflow/.local/lib/python3.7/site-packages/airflow/example_dags/example_branch_operator.py took 0.123 seconds
[2024-01-23T22:15:02.012+0000] {processor.py:153} INFO - Started process (PID=2775) to work on /home/airflow/.local/lib/python3.7/site-packages/airflow/example_dags/example_branch_operator.py
[2024-01-23T22:15:02.012+0000] {processor.py:743} INFO - Processing file /home/airflow/.local/lib/python3.7/site-packages/airflow/example_dags/example_branch_operator.py for tasks to queue
[2024-01-23T22:15:02.013+0000] {logging_mixin.py:137} INFO - [2024-01-23T22:15:02.013+0000] {dagbag.py:538} INFO - Filling up the DagBag from /home/airflow/.local/lib/python3.7/site-packages/airflow/example_dags/example_branch_operator.py
[2024-01-23T22:15:02.030+0000] {processor.py:753} INFO - DAG(s) dict_keys(['example_branch_operator']) retrieved from /home/airflow/.local/lib/python3.7/site-packages/airflow/example_dags/example_branch_operator.py
[2024-01-23T22:15:02.071+0000] {logging_mixin.py:137} INFO - [2024-01-23T22:15:02.071+0000] {dag.py:2676} INFO - Sync 1 DAGs
[2024-01-23T22:15:02.105+0000] {logging_mixin.py:137} INFO - [2024-01-23T22:15:02.105+0000] {dag.py:3427} INFO - Setting next_dagrun for example_branch_operator to 2024-01-22T00:00:00+00:00, run_after=2024-01-23T00:00:00+00:00
[2024-01-23T22:15:02.132+0000] {processor.py:175} INFO - Processing /home/airflow/.local/lib/python3.7/site-packages/airflow/example_dags/example_branch_operator.py took 0.123 seconds
[2024-01-23T22:15:32.268+0000] {processor.py:153} INFO - Started process (PID=2856) to work on /home/airflow/.local/lib/python3.7/site-packages/airflow/example_dags/example_branch_operator.py
[2024-01-23T22:15:32.269+0000] {processor.py:743} INFO - Processing file /home/airflow/.local/lib/python3.7/site-packages/airflow/example_dags/example_branch_operator.py for tasks to queue
[2024-01-23T22:15:32.269+0000] {logging_mixin.py:137} INFO - [2024-01-23T22:15:32.269+0000] {dagbag.py:538} INFO - Filling up the DagBag from /home/airflow/.local/lib/python3.7/site-packages/airflow/example_dags/example_branch_operator.py
[2024-01-23T22:15:32.289+0000] {processor.py:753} INFO - DAG(s) dict_keys(['example_branch_operator']) retrieved from /home/airflow/.local/lib/python3.7/site-packages/airflow/example_dags/example_branch_operator.py
[2024-01-23T22:15:32.325+0000] {logging_mixin.py:137} INFO - [2024-01-23T22:15:32.325+0000] {dag.py:2676} INFO - Sync 1 DAGs
[2024-01-23T22:15:32.370+0000] {logging_mixin.py:137} INFO - [2024-01-23T22:15:32.369+0000] {dag.py:3427} INFO - Setting next_dagrun for example_branch_operator to 2024-01-22T00:00:00+00:00, run_after=2024-01-23T00:00:00+00:00
[2024-01-23T22:15:32.392+0000] {processor.py:175} INFO - Processing /home/airflow/.local/lib/python3.7/site-packages/airflow/example_dags/example_branch_operator.py took 0.126 seconds
[2024-01-23T22:16:02.610+0000] {processor.py:153} INFO - Started process (PID=2956) to work on /home/airflow/.local/lib/python3.7/site-packages/airflow/example_dags/example_branch_operator.py
[2024-01-23T22:16:02.610+0000] {processor.py:743} INFO - Processing file /home/airflow/.local/lib/python3.7/site-packages/airflow/example_dags/example_branch_operator.py for tasks to queue
[2024-01-23T22:16:02.611+0000] {logging_mixin.py:137} INFO - [2024-01-23T22:16:02.611+0000] {dagbag.py:538} INFO - Filling up the DagBag from /home/airflow/.local/lib/python3.7/site-packages/airflow/example_dags/example_branch_operator.py
[2024-01-23T22:16:02.632+0000] {processor.py:753} INFO - DAG(s) dict_keys(['example_branch_operator']) retrieved from /home/airflow/.local/lib/python3.7/site-packages/airflow/example_dags/example_branch_operator.py
[2024-01-23T22:16:02.669+0000] {logging_mixin.py:137} INFO - [2024-01-23T22:16:02.669+0000] {dag.py:2676} INFO - Sync 1 DAGs
[2024-01-23T22:16:02.696+0000] {logging_mixin.py:137} INFO - [2024-01-23T22:16:02.696+0000] {dag.py:3427} INFO - Setting next_dagrun for example_branch_operator to 2024-01-22T00:00:00+00:00, run_after=2024-01-23T00:00:00+00:00
[2024-01-23T22:16:02.716+0000] {processor.py:175} INFO - Processing /home/airflow/.local/lib/python3.7/site-packages/airflow/example_dags/example_branch_operator.py took 0.109 seconds
[2024-01-23T22:16:32.765+0000] {processor.py:153} INFO - Started process (PID=3035) to work on /home/airflow/.local/lib/python3.7/site-packages/airflow/example_dags/example_branch_operator.py
[2024-01-23T22:16:32.766+0000] {processor.py:743} INFO - Processing file /home/airflow/.local/lib/python3.7/site-packages/airflow/example_dags/example_branch_operator.py for tasks to queue
[2024-01-23T22:16:32.766+0000] {logging_mixin.py:137} INFO - [2024-01-23T22:16:32.766+0000] {dagbag.py:538} INFO - Filling up the DagBag from /home/airflow/.local/lib/python3.7/site-packages/airflow/example_dags/example_branch_operator.py
[2024-01-23T22:16:32.783+0000] {processor.py:753} INFO - DAG(s) dict_keys(['example_branch_operator']) retrieved from /home/airflow/.local/lib/python3.7/site-packages/airflow/example_dags/example_branch_operator.py
[2024-01-23T22:16:32.820+0000] {logging_mixin.py:137} INFO - [2024-01-23T22:16:32.820+0000] {dag.py:2676} INFO - Sync 1 DAGs
[2024-01-23T22:16:32.850+0000] {logging_mixin.py:137} INFO - [2024-01-23T22:16:32.850+0000] {dag.py:3427} INFO - Setting next_dagrun for example_branch_operator to 2024-01-22T00:00:00+00:00, run_after=2024-01-23T00:00:00+00:00
[2024-01-23T22:16:32.870+0000] {processor.py:175} INFO - Processing /home/airflow/.local/lib/python3.7/site-packages/airflow/example_dags/example_branch_operator.py took 0.107 seconds
[2024-01-23T22:17:03.044+0000] {processor.py:153} INFO - Started process (PID=3115) to work on /home/airflow/.local/lib/python3.7/site-packages/airflow/example_dags/example_branch_operator.py
[2024-01-23T22:17:03.044+0000] {processor.py:743} INFO - Processing file /home/airflow/.local/lib/python3.7/site-packages/airflow/example_dags/example_branch_operator.py for tasks to queue
[2024-01-23T22:17:03.045+0000] {logging_mixin.py:137} INFO - [2024-01-23T22:17:03.045+0000] {dagbag.py:538} INFO - Filling up the DagBag from /home/airflow/.local/lib/python3.7/site-packages/airflow/example_dags/example_branch_operator.py
[2024-01-23T22:17:03.060+0000] {processor.py:753} INFO - DAG(s) dict_keys(['example_branch_operator']) retrieved from /home/airflow/.local/lib/python3.7/site-packages/airflow/example_dags/example_branch_operator.py
[2024-01-23T22:17:03.097+0000] {logging_mixin.py:137} INFO - [2024-01-23T22:17:03.097+0000] {dag.py:2676} INFO - Sync 1 DAGs
[2024-01-23T22:17:03.127+0000] {logging_mixin.py:137} INFO - [2024-01-23T22:17:03.126+0000] {dag.py:3427} INFO - Setting next_dagrun for example_branch_operator to 2024-01-22T00:00:00+00:00, run_after=2024-01-23T00:00:00+00:00
[2024-01-23T22:17:03.147+0000] {processor.py:175} INFO - Processing /home/airflow/.local/lib/python3.7/site-packages/airflow/example_dags/example_branch_operator.py took 0.105 seconds
[2024-01-23T22:17:33.294+0000] {processor.py:153} INFO - Started process (PID=3214) to work on /home/airflow/.local/lib/python3.7/site-packages/airflow/example_dags/example_branch_operator.py
[2024-01-23T22:17:33.295+0000] {processor.py:743} INFO - Processing file /home/airflow/.local/lib/python3.7/site-packages/airflow/example_dags/example_branch_operator.py for tasks to queue
[2024-01-23T22:17:33.297+0000] {logging_mixin.py:137} INFO - [2024-01-23T22:17:33.296+0000] {dagbag.py:538} INFO - Filling up the DagBag from /home/airflow/.local/lib/python3.7/site-packages/airflow/example_dags/example_branch_operator.py
[2024-01-23T22:17:33.317+0000] {processor.py:753} INFO - DAG(s) dict_keys(['example_branch_operator']) retrieved from /home/airflow/.local/lib/python3.7/site-packages/airflow/example_dags/example_branch_operator.py
[2024-01-23T22:17:33.364+0000] {logging_mixin.py:137} INFO - [2024-01-23T22:17:33.364+0000] {dag.py:2676} INFO - Sync 1 DAGs
[2024-01-23T22:17:33.403+0000] {logging_mixin.py:137} INFO - [2024-01-23T22:17:33.403+0000] {dag.py:3427} INFO - Setting next_dagrun for example_branch_operator to 2024-01-22T00:00:00+00:00, run_after=2024-01-23T00:00:00+00:00
[2024-01-23T22:17:33.432+0000] {processor.py:175} INFO - Processing /home/airflow/.local/lib/python3.7/site-packages/airflow/example_dags/example_branch_operator.py took 0.140 seconds
[2024-01-23T22:18:03.543+0000] {processor.py:153} INFO - Started process (PID=3294) to work on /home/airflow/.local/lib/python3.7/site-packages/airflow/example_dags/example_branch_operator.py
[2024-01-23T22:18:03.543+0000] {processor.py:743} INFO - Processing file /home/airflow/.local/lib/python3.7/site-packages/airflow/example_dags/example_branch_operator.py for tasks to queue
[2024-01-23T22:18:03.544+0000] {logging_mixin.py:137} INFO - [2024-01-23T22:18:03.544+0000] {dagbag.py:538} INFO - Filling up the DagBag from /home/airflow/.local/lib/python3.7/site-packages/airflow/example_dags/example_branch_operator.py
[2024-01-23T22:18:03.560+0000] {processor.py:753} INFO - DAG(s) dict_keys(['example_branch_operator']) retrieved from /home/airflow/.local/lib/python3.7/site-packages/airflow/example_dags/example_branch_operator.py
[2024-01-23T22:18:03.603+0000] {logging_mixin.py:137} INFO - [2024-01-23T22:18:03.603+0000] {dag.py:2676} INFO - Sync 1 DAGs
[2024-01-23T22:18:03.631+0000] {logging_mixin.py:137} INFO - [2024-01-23T22:18:03.631+0000] {dag.py:3427} INFO - Setting next_dagrun for example_branch_operator to 2024-01-22T00:00:00+00:00, run_after=2024-01-23T00:00:00+00:00
[2024-01-23T22:18:03.652+0000] {processor.py:175} INFO - Processing /home/airflow/.local/lib/python3.7/site-packages/airflow/example_dags/example_branch_operator.py took 0.112 seconds
[2024-01-23T22:18:33.908+0000] {processor.py:153} INFO - Started process (PID=3374) to work on /home/airflow/.local/lib/python3.7/site-packages/airflow/example_dags/example_branch_operator.py
[2024-01-23T22:18:33.908+0000] {processor.py:743} INFO - Processing file /home/airflow/.local/lib/python3.7/site-packages/airflow/example_dags/example_branch_operator.py for tasks to queue
[2024-01-23T22:18:33.909+0000] {logging_mixin.py:137} INFO - [2024-01-23T22:18:33.909+0000] {dagbag.py:538} INFO - Filling up the DagBag from /home/airflow/.local/lib/python3.7/site-packages/airflow/example_dags/example_branch_operator.py
[2024-01-23T22:18:33.927+0000] {processor.py:753} INFO - DAG(s) dict_keys(['example_branch_operator']) retrieved from /home/airflow/.local/lib/python3.7/site-packages/airflow/example_dags/example_branch_operator.py
[2024-01-23T22:18:33.971+0000] {logging_mixin.py:137} INFO - [2024-01-23T22:18:33.971+0000] {dag.py:2676} INFO - Sync 1 DAGs
[2024-01-23T22:18:34.001+0000] {logging_mixin.py:137} INFO - [2024-01-23T22:18:34.001+0000] {dag.py:3427} INFO - Setting next_dagrun for example_branch_operator to 2024-01-22T00:00:00+00:00, run_after=2024-01-23T00:00:00+00:00
[2024-01-23T22:18:34.024+0000] {processor.py:175} INFO - Processing /home/airflow/.local/lib/python3.7/site-packages/airflow/example_dags/example_branch_operator.py took 0.118 seconds
[2024-01-23T22:19:04.424+0000] {processor.py:153} INFO - Started process (PID=3474) to work on /home/airflow/.local/lib/python3.7/site-packages/airflow/example_dags/example_branch_operator.py
[2024-01-23T22:19:04.425+0000] {processor.py:743} INFO - Processing file /home/airflow/.local/lib/python3.7/site-packages/airflow/example_dags/example_branch_operator.py for tasks to queue
[2024-01-23T22:19:04.426+0000] {logging_mixin.py:137} INFO - [2024-01-23T22:19:04.426+0000] {dagbag.py:538} INFO - Filling up the DagBag from /home/airflow/.local/lib/python3.7/site-packages/airflow/example_dags/example_branch_operator.py
[2024-01-23T22:19:04.446+0000] {processor.py:753} INFO - DAG(s) dict_keys(['example_branch_operator']) retrieved from /home/airflow/.local/lib/python3.7/site-packages/airflow/example_dags/example_branch_operator.py
[2024-01-23T22:19:04.500+0000] {logging_mixin.py:137} INFO - [2024-01-23T22:19:04.499+0000] {dag.py:2676} INFO - Sync 1 DAGs
[2024-01-23T22:19:04.536+0000] {logging_mixin.py:137} INFO - [2024-01-23T22:19:04.535+0000] {dag.py:3427} INFO - Setting next_dagrun for example_branch_operator to 2024-01-22T00:00:00+00:00, run_after=2024-01-23T00:00:00+00:00
[2024-01-23T22:19:04.570+0000] {processor.py:175} INFO - Processing /home/airflow/.local/lib/python3.7/site-packages/airflow/example_dags/example_branch_operator.py took 0.148 seconds
[2024-01-23T22:19:34.661+0000] {processor.py:153} INFO - Started process (PID=3554) to work on /home/airflow/.local/lib/python3.7/site-packages/airflow/example_dags/example_branch_operator.py
[2024-01-23T22:19:34.661+0000] {processor.py:743} INFO - Processing file /home/airflow/.local/lib/python3.7/site-packages/airflow/example_dags/example_branch_operator.py for tasks to queue
[2024-01-23T22:19:34.662+0000] {logging_mixin.py:137} INFO - [2024-01-23T22:19:34.662+0000] {dagbag.py:538} INFO - Filling up the DagBag from /home/airflow/.local/lib/python3.7/site-packages/airflow/example_dags/example_branch_operator.py
[2024-01-23T22:19:34.677+0000] {processor.py:753} INFO - DAG(s) dict_keys(['example_branch_operator']) retrieved from /home/airflow/.local/lib/python3.7/site-packages/airflow/example_dags/example_branch_operator.py
[2024-01-23T22:19:34.714+0000] {logging_mixin.py:137} INFO - [2024-01-23T22:19:34.714+0000] {dag.py:2676} INFO - Sync 1 DAGs
[2024-01-23T22:19:34.748+0000] {logging_mixin.py:137} INFO - [2024-01-23T22:19:34.748+0000] {dag.py:3427} INFO - Setting next_dagrun for example_branch_operator to 2024-01-22T00:00:00+00:00, run_after=2024-01-23T00:00:00+00:00
[2024-01-23T22:19:34.771+0000] {processor.py:175} INFO - Processing /home/airflow/.local/lib/python3.7/site-packages/airflow/example_dags/example_branch_operator.py took 0.112 seconds
[2024-01-23T22:20:04.909+0000] {processor.py:153} INFO - Started process (PID=3634) to work on /home/airflow/.local/lib/python3.7/site-packages/airflow/example_dags/example_branch_operator.py
[2024-01-23T22:20:04.910+0000] {processor.py:743} INFO - Processing file /home/airflow/.local/lib/python3.7/site-packages/airflow/example_dags/example_branch_operator.py for tasks to queue
[2024-01-23T22:20:04.910+0000] {logging_mixin.py:137} INFO - [2024-01-23T22:20:04.910+0000] {dagbag.py:538} INFO - Filling up the DagBag from /home/airflow/.local/lib/python3.7/site-packages/airflow/example_dags/example_branch_operator.py
[2024-01-23T22:20:04.932+0000] {processor.py:753} INFO - DAG(s) dict_keys(['example_branch_operator']) retrieved from /home/airflow/.local/lib/python3.7/site-packages/airflow/example_dags/example_branch_operator.py
[2024-01-23T22:20:04.973+0000] {logging_mixin.py:137} INFO - [2024-01-23T22:20:04.973+0000] {dag.py:2676} INFO - Sync 1 DAGs
[2024-01-23T22:20:04.999+0000] {logging_mixin.py:137} INFO - [2024-01-23T22:20:04.999+0000] {dag.py:3427} INFO - Setting next_dagrun for example_branch_operator to 2024-01-22T00:00:00+00:00, run_after=2024-01-23T00:00:00+00:00
[2024-01-23T22:20:05.020+0000] {processor.py:175} INFO - Processing /home/airflow/.local/lib/python3.7/site-packages/airflow/example_dags/example_branch_operator.py took 0.113 seconds
[2024-01-23T22:20:35.571+0000] {processor.py:153} INFO - Started process (PID=3735) to work on /home/airflow/.local/lib/python3.7/site-packages/airflow/example_dags/example_branch_operator.py
[2024-01-23T22:20:35.572+0000] {processor.py:743} INFO - Processing file /home/airflow/.local/lib/python3.7/site-packages/airflow/example_dags/example_branch_operator.py for tasks to queue
[2024-01-23T22:20:35.573+0000] {logging_mixin.py:137} INFO - [2024-01-23T22:20:35.573+0000] {dagbag.py:538} INFO - Filling up the DagBag from /home/airflow/.local/lib/python3.7/site-packages/airflow/example_dags/example_branch_operator.py
[2024-01-23T22:20:35.589+0000] {processor.py:753} INFO - DAG(s) dict_keys(['example_branch_operator']) retrieved from /home/airflow/.local/lib/python3.7/site-packages/airflow/example_dags/example_branch_operator.py
[2024-01-23T22:20:35.625+0000] {logging_mixin.py:137} INFO - [2024-01-23T22:20:35.625+0000] {dag.py:2676} INFO - Sync 1 DAGs
[2024-01-23T22:20:35.658+0000] {logging_mixin.py:137} INFO - [2024-01-23T22:20:35.658+0000] {dag.py:3427} INFO - Setting next_dagrun for example_branch_operator to 2024-01-22T00:00:00+00:00, run_after=2024-01-23T00:00:00+00:00
[2024-01-23T22:20:35.693+0000] {processor.py:175} INFO - Processing /home/airflow/.local/lib/python3.7/site-packages/airflow/example_dags/example_branch_operator.py took 0.125 seconds
[2024-01-23T22:21:05.847+0000] {processor.py:153} INFO - Started process (PID=3815) to work on /home/airflow/.local/lib/python3.7/site-packages/airflow/example_dags/example_branch_operator.py
[2024-01-23T22:21:05.848+0000] {processor.py:743} INFO - Processing file /home/airflow/.local/lib/python3.7/site-packages/airflow/example_dags/example_branch_operator.py for tasks to queue
[2024-01-23T22:21:05.848+0000] {logging_mixin.py:137} INFO - [2024-01-23T22:21:05.848+0000] {dagbag.py:538} INFO - Filling up the DagBag from /home/airflow/.local/lib/python3.7/site-packages/airflow/example_dags/example_branch_operator.py
[2024-01-23T22:21:05.864+0000] {processor.py:753} INFO - DAG(s) dict_keys(['example_branch_operator']) retrieved from /home/airflow/.local/lib/python3.7/site-packages/airflow/example_dags/example_branch_operator.py
[2024-01-23T22:21:05.906+0000] {logging_mixin.py:137} INFO - [2024-01-23T22:21:05.905+0000] {dag.py:2676} INFO - Sync 1 DAGs
[2024-01-23T22:21:05.941+0000] {logging_mixin.py:137} INFO - [2024-01-23T22:21:05.941+0000] {dag.py:3427} INFO - Setting next_dagrun for example_branch_operator to 2024-01-22T00:00:00+00:00, run_after=2024-01-23T00:00:00+00:00
[2024-01-23T22:21:05.965+0000] {processor.py:175} INFO - Processing /home/airflow/.local/lib/python3.7/site-packages/airflow/example_dags/example_branch_operator.py took 0.120 seconds
[2024-01-23T22:21:36.199+0000] {processor.py:153} INFO - Started process (PID=3895) to work on /home/airflow/.local/lib/python3.7/site-packages/airflow/example_dags/example_branch_operator.py
[2024-01-23T22:21:36.200+0000] {processor.py:743} INFO - Processing file /home/airflow/.local/lib/python3.7/site-packages/airflow/example_dags/example_branch_operator.py for tasks to queue
[2024-01-23T22:21:36.201+0000] {logging_mixin.py:137} INFO - [2024-01-23T22:21:36.201+0000] {dagbag.py:538} INFO - Filling up the DagBag from /home/airflow/.local/lib/python3.7/site-packages/airflow/example_dags/example_branch_operator.py
[2024-01-23T22:21:36.218+0000] {processor.py:753} INFO - DAG(s) dict_keys(['example_branch_operator']) retrieved from /home/airflow/.local/lib/python3.7/site-packages/airflow/example_dags/example_branch_operator.py
[2024-01-23T22:21:36.255+0000] {logging_mixin.py:137} INFO - [2024-01-23T22:21:36.254+0000] {dag.py:2676} INFO - Sync 1 DAGs
[2024-01-23T22:21:36.288+0000] {logging_mixin.py:137} INFO - [2024-01-23T22:21:36.288+0000] {dag.py:3427} INFO - Setting next_dagrun for example_branch_operator to 2024-01-22T00:00:00+00:00, run_after=2024-01-23T00:00:00+00:00
[2024-01-23T22:21:36.311+0000] {processor.py:175} INFO - Processing /home/airflow/.local/lib/python3.7/site-packages/airflow/example_dags/example_branch_operator.py took 0.114 seconds
[2024-01-23T22:22:06.916+0000] {processor.py:153} INFO - Started process (PID=3995) to work on /home/airflow/.local/lib/python3.7/site-packages/airflow/example_dags/example_branch_operator.py
[2024-01-23T22:22:06.917+0000] {processor.py:743} INFO - Processing file /home/airflow/.local/lib/python3.7/site-packages/airflow/example_dags/example_branch_operator.py for tasks to queue
[2024-01-23T22:22:06.917+0000] {logging_mixin.py:137} INFO - [2024-01-23T22:22:06.917+0000] {dagbag.py:538} INFO - Filling up the DagBag from /home/airflow/.local/lib/python3.7/site-packages/airflow/example_dags/example_branch_operator.py
[2024-01-23T22:22:06.932+0000] {processor.py:753} INFO - DAG(s) dict_keys(['example_branch_operator']) retrieved from /home/airflow/.local/lib/python3.7/site-packages/airflow/example_dags/example_branch_operator.py
[2024-01-23T22:22:06.968+0000] {logging_mixin.py:137} INFO - [2024-01-23T22:22:06.967+0000] {dag.py:2676} INFO - Sync 1 DAGs
[2024-01-23T22:22:07.001+0000] {logging_mixin.py:137} INFO - [2024-01-23T22:22:07.001+0000] {dag.py:3427} INFO - Setting next_dagrun for example_branch_operator to 2024-01-22T00:00:00+00:00, run_after=2024-01-23T00:00:00+00:00
[2024-01-23T22:22:07.021+0000] {processor.py:175} INFO - Processing /home/airflow/.local/lib/python3.7/site-packages/airflow/example_dags/example_branch_operator.py took 0.107 seconds
[2024-01-23T22:22:37.164+0000] {processor.py:153} INFO - Started process (PID=4075) to work on /home/airflow/.local/lib/python3.7/site-packages/airflow/example_dags/example_branch_operator.py
[2024-01-23T22:22:37.164+0000] {processor.py:743} INFO - Processing file /home/airflow/.local/lib/python3.7/site-packages/airflow/example_dags/example_branch_operator.py for tasks to queue
[2024-01-23T22:22:37.165+0000] {logging_mixin.py:137} INFO - [2024-01-23T22:22:37.165+0000] {dagbag.py:538} INFO - Filling up the DagBag from /home/airflow/.local/lib/python3.7/site-packages/airflow/example_dags/example_branch_operator.py
[2024-01-23T22:22:37.182+0000] {processor.py:753} INFO - DAG(s) dict_keys(['example_branch_operator']) retrieved from /home/airflow/.local/lib/python3.7/site-packages/airflow/example_dags/example_branch_operator.py
[2024-01-23T22:22:37.220+0000] {logging_mixin.py:137} INFO - [2024-01-23T22:22:37.219+0000] {dag.py:2676} INFO - Sync 1 DAGs
[2024-01-23T22:22:37.254+0000] {logging_mixin.py:137} INFO - [2024-01-23T22:22:37.254+0000] {dag.py:3427} INFO - Setting next_dagrun for example_branch_operator to 2024-01-22T00:00:00+00:00, run_after=2024-01-23T00:00:00+00:00
[2024-01-23T22:22:37.274+0000] {processor.py:175} INFO - Processing /home/airflow/.local/lib/python3.7/site-packages/airflow/example_dags/example_branch_operator.py took 0.112 seconds
[2024-01-23T22:23:07.405+0000] {processor.py:153} INFO - Started process (PID=4164) to work on /home/airflow/.local/lib/python3.7/site-packages/airflow/example_dags/example_branch_operator.py
[2024-01-23T22:23:07.406+0000] {processor.py:743} INFO - Processing file /home/airflow/.local/lib/python3.7/site-packages/airflow/example_dags/example_branch_operator.py for tasks to queue
[2024-01-23T22:23:07.407+0000] {logging_mixin.py:137} INFO - [2024-01-23T22:23:07.407+0000] {dagbag.py:538} INFO - Filling up the DagBag from /home/airflow/.local/lib/python3.7/site-packages/airflow/example_dags/example_branch_operator.py
[2024-01-23T22:23:07.426+0000] {processor.py:753} INFO - DAG(s) dict_keys(['example_branch_operator']) retrieved from /home/airflow/.local/lib/python3.7/site-packages/airflow/example_dags/example_branch_operator.py
[2024-01-23T22:23:07.467+0000] {logging_mixin.py:137} INFO - [2024-01-23T22:23:07.467+0000] {dag.py:2676} INFO - Sync 1 DAGs
[2024-01-23T22:23:07.497+0000] {logging_mixin.py:137} INFO - [2024-01-23T22:23:07.497+0000] {dag.py:3427} INFO - Setting next_dagrun for example_branch_operator to 2024-01-22T00:00:00+00:00, run_after=2024-01-23T00:00:00+00:00
[2024-01-23T22:23:07.520+0000] {processor.py:175} INFO - Processing /home/airflow/.local/lib/python3.7/site-packages/airflow/example_dags/example_branch_operator.py took 0.118 seconds
[2024-01-23T22:23:38.530+0000] {processor.py:153} INFO - Started process (PID=4256) to work on /home/airflow/.local/lib/python3.7/site-packages/airflow/example_dags/example_branch_operator.py
[2024-01-23T22:23:38.530+0000] {processor.py:743} INFO - Processing file /home/airflow/.local/lib/python3.7/site-packages/airflow/example_dags/example_branch_operator.py for tasks to queue
[2024-01-23T22:23:38.531+0000] {logging_mixin.py:137} INFO - [2024-01-23T22:23:38.531+0000] {dagbag.py:538} INFO - Filling up the DagBag from /home/airflow/.local/lib/python3.7/site-packages/airflow/example_dags/example_branch_operator.py
[2024-01-23T22:23:38.547+0000] {processor.py:753} INFO - DAG(s) dict_keys(['example_branch_operator']) retrieved from /home/airflow/.local/lib/python3.7/site-packages/airflow/example_dags/example_branch_operator.py
[2024-01-23T22:23:38.589+0000] {logging_mixin.py:137} INFO - [2024-01-23T22:23:38.589+0000] {dag.py:2676} INFO - Sync 1 DAGs
[2024-01-23T22:23:38.616+0000] {logging_mixin.py:137} INFO - [2024-01-23T22:23:38.615+0000] {dag.py:3427} INFO - Setting next_dagrun for example_branch_operator to 2024-01-22T00:00:00+00:00, run_after=2024-01-23T00:00:00+00:00
[2024-01-23T22:23:38.639+0000] {processor.py:175} INFO - Processing /home/airflow/.local/lib/python3.7/site-packages/airflow/example_dags/example_branch_operator.py took 0.113 seconds
[2024-01-23T22:24:08.817+0000] {processor.py:153} INFO - Started process (PID=4336) to work on /home/airflow/.local/lib/python3.7/site-packages/airflow/example_dags/example_branch_operator.py
[2024-01-23T22:24:08.817+0000] {processor.py:743} INFO - Processing file /home/airflow/.local/lib/python3.7/site-packages/airflow/example_dags/example_branch_operator.py for tasks to queue
[2024-01-23T22:24:08.818+0000] {logging_mixin.py:137} INFO - [2024-01-23T22:24:08.818+0000] {dagbag.py:538} INFO - Filling up the DagBag from /home/airflow/.local/lib/python3.7/site-packages/airflow/example_dags/example_branch_operator.py
[2024-01-23T22:24:08.836+0000] {processor.py:753} INFO - DAG(s) dict_keys(['example_branch_operator']) retrieved from /home/airflow/.local/lib/python3.7/site-packages/airflow/example_dags/example_branch_operator.py
[2024-01-23T22:24:08.871+0000] {logging_mixin.py:137} INFO - [2024-01-23T22:24:08.871+0000] {dag.py:2676} INFO - Sync 1 DAGs
[2024-01-23T22:24:08.897+0000] {logging_mixin.py:137} INFO - [2024-01-23T22:24:08.896+0000] {dag.py:3427} INFO - Setting next_dagrun for example_branch_operator to 2024-01-22T00:00:00+00:00, run_after=2024-01-23T00:00:00+00:00
[2024-01-23T22:24:08.923+0000] {processor.py:175} INFO - Processing /home/airflow/.local/lib/python3.7/site-packages/airflow/example_dags/example_branch_operator.py took 0.110 seconds
[2024-01-23T22:24:39.096+0000] {processor.py:153} INFO - Started process (PID=4436) to work on /home/airflow/.local/lib/python3.7/site-packages/airflow/example_dags/example_branch_operator.py
[2024-01-23T22:24:39.096+0000] {processor.py:743} INFO - Processing file /home/airflow/.local/lib/python3.7/site-packages/airflow/example_dags/example_branch_operator.py for tasks to queue
[2024-01-23T22:24:39.097+0000] {logging_mixin.py:137} INFO - [2024-01-23T22:24:39.097+0000] {dagbag.py:538} INFO - Filling up the DagBag from /home/airflow/.local/lib/python3.7/site-packages/airflow/example_dags/example_branch_operator.py
[2024-01-23T22:24:39.118+0000] {processor.py:753} INFO - DAG(s) dict_keys(['example_branch_operator']) retrieved from /home/airflow/.local/lib/python3.7/site-packages/airflow/example_dags/example_branch_operator.py
[2024-01-23T22:24:39.165+0000] {logging_mixin.py:137} INFO - [2024-01-23T22:24:39.165+0000] {dag.py:2676} INFO - Sync 1 DAGs
[2024-01-23T22:24:39.205+0000] {logging_mixin.py:137} INFO - [2024-01-23T22:24:39.205+0000] {dag.py:3427} INFO - Setting next_dagrun for example_branch_operator to 2024-01-22T00:00:00+00:00, run_after=2024-01-23T00:00:00+00:00
[2024-01-23T22:24:39.233+0000] {processor.py:175} INFO - Processing /home/airflow/.local/lib/python3.7/site-packages/airflow/example_dags/example_branch_operator.py took 0.141 seconds
[2024-01-23T22:25:10.019+0000] {processor.py:153} INFO - Started process (PID=4516) to work on /home/airflow/.local/lib/python3.7/site-packages/airflow/example_dags/example_branch_operator.py
[2024-01-23T22:25:10.019+0000] {processor.py:743} INFO - Processing file /home/airflow/.local/lib/python3.7/site-packages/airflow/example_dags/example_branch_operator.py for tasks to queue
[2024-01-23T22:25:10.020+0000] {logging_mixin.py:137} INFO - [2024-01-23T22:25:10.020+0000] {dagbag.py:538} INFO - Filling up the DagBag from /home/airflow/.local/lib/python3.7/site-packages/airflow/example_dags/example_branch_operator.py
[2024-01-23T22:25:10.038+0000] {processor.py:753} INFO - DAG(s) dict_keys(['example_branch_operator']) retrieved from /home/airflow/.local/lib/python3.7/site-packages/airflow/example_dags/example_branch_operator.py
[2024-01-23T22:25:10.076+0000] {logging_mixin.py:137} INFO - [2024-01-23T22:25:10.075+0000] {dag.py:2676} INFO - Sync 1 DAGs
[2024-01-23T22:25:10.104+0000] {logging_mixin.py:137} INFO - [2024-01-23T22:25:10.104+0000] {dag.py:3427} INFO - Setting next_dagrun for example_branch_operator to 2024-01-22T00:00:00+00:00, run_after=2024-01-23T00:00:00+00:00
[2024-01-23T22:25:10.124+0000] {processor.py:175} INFO - Processing /home/airflow/.local/lib/python3.7/site-packages/airflow/example_dags/example_branch_operator.py took 0.108 seconds
[2024-01-23T22:25:40.318+0000] {processor.py:153} INFO - Started process (PID=4596) to work on /home/airflow/.local/lib/python3.7/site-packages/airflow/example_dags/example_branch_operator.py
[2024-01-23T22:25:40.318+0000] {processor.py:743} INFO - Processing file /home/airflow/.local/lib/python3.7/site-packages/airflow/example_dags/example_branch_operator.py for tasks to queue
[2024-01-23T22:25:40.319+0000] {logging_mixin.py:137} INFO - [2024-01-23T22:25:40.319+0000] {dagbag.py:538} INFO - Filling up the DagBag from /home/airflow/.local/lib/python3.7/site-packages/airflow/example_dags/example_branch_operator.py
[2024-01-23T22:25:40.335+0000] {processor.py:753} INFO - DAG(s) dict_keys(['example_branch_operator']) retrieved from /home/airflow/.local/lib/python3.7/site-packages/airflow/example_dags/example_branch_operator.py
[2024-01-23T22:25:40.373+0000] {logging_mixin.py:137} INFO - [2024-01-23T22:25:40.373+0000] {dag.py:2676} INFO - Sync 1 DAGs
[2024-01-23T22:25:40.402+0000] {logging_mixin.py:137} INFO - [2024-01-23T22:25:40.402+0000] {dag.py:3427} INFO - Setting next_dagrun for example_branch_operator to 2024-01-22T00:00:00+00:00, run_after=2024-01-23T00:00:00+00:00
[2024-01-23T22:25:40.425+0000] {processor.py:175} INFO - Processing /home/airflow/.local/lib/python3.7/site-packages/airflow/example_dags/example_branch_operator.py took 0.111 seconds
[2024-01-23T22:26:10.621+0000] {processor.py:153} INFO - Started process (PID=4695) to work on /home/airflow/.local/lib/python3.7/site-packages/airflow/example_dags/example_branch_operator.py
[2024-01-23T22:26:10.621+0000] {processor.py:743} INFO - Processing file /home/airflow/.local/lib/python3.7/site-packages/airflow/example_dags/example_branch_operator.py for tasks to queue
[2024-01-23T22:26:10.622+0000] {logging_mixin.py:137} INFO - [2024-01-23T22:26:10.622+0000] {dagbag.py:538} INFO - Filling up the DagBag from /home/airflow/.local/lib/python3.7/site-packages/airflow/example_dags/example_branch_operator.py
[2024-01-23T22:26:10.640+0000] {processor.py:753} INFO - DAG(s) dict_keys(['example_branch_operator']) retrieved from /home/airflow/.local/lib/python3.7/site-packages/airflow/example_dags/example_branch_operator.py
[2024-01-23T22:26:10.683+0000] {logging_mixin.py:137} INFO - [2024-01-23T22:26:10.683+0000] {dag.py:2676} INFO - Sync 1 DAGs
[2024-01-23T22:26:10.722+0000] {logging_mixin.py:137} INFO - [2024-01-23T22:26:10.722+0000] {dag.py:3427} INFO - Setting next_dagrun for example_branch_operator to 2024-01-22T00:00:00+00:00, run_after=2024-01-23T00:00:00+00:00
[2024-01-23T22:26:10.748+0000] {processor.py:175} INFO - Processing /home/airflow/.local/lib/python3.7/site-packages/airflow/example_dags/example_branch_operator.py took 0.130 seconds
[2024-01-23T22:26:40.854+0000] {processor.py:153} INFO - Started process (PID=4775) to work on /home/airflow/.local/lib/python3.7/site-packages/airflow/example_dags/example_branch_operator.py
[2024-01-23T22:26:40.855+0000] {processor.py:743} INFO - Processing file /home/airflow/.local/lib/python3.7/site-packages/airflow/example_dags/example_branch_operator.py for tasks to queue
[2024-01-23T22:26:40.856+0000] {logging_mixin.py:137} INFO - [2024-01-23T22:26:40.855+0000] {dagbag.py:538} INFO - Filling up the DagBag from /home/airflow/.local/lib/python3.7/site-packages/airflow/example_dags/example_branch_operator.py
[2024-01-23T22:26:40.879+0000] {processor.py:753} INFO - DAG(s) dict_keys(['example_branch_operator']) retrieved from /home/airflow/.local/lib/python3.7/site-packages/airflow/example_dags/example_branch_operator.py
[2024-01-23T22:26:40.922+0000] {logging_mixin.py:137} INFO - [2024-01-23T22:26:40.922+0000] {dag.py:2676} INFO - Sync 1 DAGs
[2024-01-23T22:26:40.954+0000] {logging_mixin.py:137} INFO - [2024-01-23T22:26:40.954+0000] {dag.py:3427} INFO - Setting next_dagrun for example_branch_operator to 2024-01-22T00:00:00+00:00, run_after=2024-01-23T00:00:00+00:00
[2024-01-23T22:26:40.976+0000] {processor.py:175} INFO - Processing /home/airflow/.local/lib/python3.7/site-packages/airflow/example_dags/example_branch_operator.py took 0.125 seconds
[2024-01-23T22:27:11.135+0000] {processor.py:153} INFO - Started process (PID=4864) to work on /home/airflow/.local/lib/python3.7/site-packages/airflow/example_dags/example_branch_operator.py
[2024-01-23T22:27:11.136+0000] {processor.py:743} INFO - Processing file /home/airflow/.local/lib/python3.7/site-packages/airflow/example_dags/example_branch_operator.py for tasks to queue
[2024-01-23T22:27:11.137+0000] {logging_mixin.py:137} INFO - [2024-01-23T22:27:11.137+0000] {dagbag.py:538} INFO - Filling up the DagBag from /home/airflow/.local/lib/python3.7/site-packages/airflow/example_dags/example_branch_operator.py
[2024-01-23T22:27:11.155+0000] {processor.py:753} INFO - DAG(s) dict_keys(['example_branch_operator']) retrieved from /home/airflow/.local/lib/python3.7/site-packages/airflow/example_dags/example_branch_operator.py
[2024-01-23T22:27:11.199+0000] {logging_mixin.py:137} INFO - [2024-01-23T22:27:11.198+0000] {dag.py:2676} INFO - Sync 1 DAGs
[2024-01-23T22:27:11.231+0000] {logging_mixin.py:137} INFO - [2024-01-23T22:27:11.231+0000] {dag.py:3427} INFO - Setting next_dagrun for example_branch_operator to 2024-01-22T00:00:00+00:00, run_after=2024-01-23T00:00:00+00:00
[2024-01-23T22:27:11.251+0000] {processor.py:175} INFO - Processing /home/airflow/.local/lib/python3.7/site-packages/airflow/example_dags/example_branch_operator.py took 0.118 seconds
[2024-01-23T22:27:41.436+0000] {processor.py:153} INFO - Started process (PID=4955) to work on /home/airflow/.local/lib/python3.7/site-packages/airflow/example_dags/example_branch_operator.py
[2024-01-23T22:27:41.437+0000] {processor.py:743} INFO - Processing file /home/airflow/.local/lib/python3.7/site-packages/airflow/example_dags/example_branch_operator.py for tasks to queue
[2024-01-23T22:27:41.438+0000] {logging_mixin.py:137} INFO - [2024-01-23T22:27:41.438+0000] {dagbag.py:538} INFO - Filling up the DagBag from /home/airflow/.local/lib/python3.7/site-packages/airflow/example_dags/example_branch_operator.py
[2024-01-23T22:27:41.458+0000] {processor.py:753} INFO - DAG(s) dict_keys(['example_branch_operator']) retrieved from /home/airflow/.local/lib/python3.7/site-packages/airflow/example_dags/example_branch_operator.py
[2024-01-23T22:27:41.498+0000] {logging_mixin.py:137} INFO - [2024-01-23T22:27:41.498+0000] {dag.py:2676} INFO - Sync 1 DAGs
[2024-01-23T22:27:41.534+0000] {logging_mixin.py:137} INFO - [2024-01-23T22:27:41.534+0000] {dag.py:3427} INFO - Setting next_dagrun for example_branch_operator to 2024-01-22T00:00:00+00:00, run_after=2024-01-23T00:00:00+00:00
[2024-01-23T22:27:41.566+0000] {processor.py:175} INFO - Processing /home/airflow/.local/lib/python3.7/site-packages/airflow/example_dags/example_branch_operator.py took 0.133 seconds
[2024-01-23T22:28:11.753+0000] {processor.py:153} INFO - Started process (PID=5035) to work on /home/airflow/.local/lib/python3.7/site-packages/airflow/example_dags/example_branch_operator.py
[2024-01-23T22:28:11.754+0000] {processor.py:743} INFO - Processing file /home/airflow/.local/lib/python3.7/site-packages/airflow/example_dags/example_branch_operator.py for tasks to queue
[2024-01-23T22:28:11.755+0000] {logging_mixin.py:137} INFO - [2024-01-23T22:28:11.755+0000] {dagbag.py:538} INFO - Filling up the DagBag from /home/airflow/.local/lib/python3.7/site-packages/airflow/example_dags/example_branch_operator.py
[2024-01-23T22:28:11.771+0000] {processor.py:753} INFO - DAG(s) dict_keys(['example_branch_operator']) retrieved from /home/airflow/.local/lib/python3.7/site-packages/airflow/example_dags/example_branch_operator.py
[2024-01-23T22:28:11.809+0000] {logging_mixin.py:137} INFO - [2024-01-23T22:28:11.808+0000] {dag.py:2676} INFO - Sync 1 DAGs
[2024-01-23T22:28:11.835+0000] {logging_mixin.py:137} INFO - [2024-01-23T22:28:11.835+0000] {dag.py:3427} INFO - Setting next_dagrun for example_branch_operator to 2024-01-22T00:00:00+00:00, run_after=2024-01-23T00:00:00+00:00
[2024-01-23T22:28:11.860+0000] {processor.py:175} INFO - Processing /home/airflow/.local/lib/python3.7/site-packages/airflow/example_dags/example_branch_operator.py took 0.108 seconds
[2024-01-23T22:28:42.411+0000] {processor.py:153} INFO - Started process (PID=5135) to work on /home/airflow/.local/lib/python3.7/site-packages/airflow/example_dags/example_branch_operator.py
[2024-01-23T22:28:42.412+0000] {processor.py:743} INFO - Processing file /home/airflow/.local/lib/python3.7/site-packages/airflow/example_dags/example_branch_operator.py for tasks to queue
[2024-01-23T22:28:42.413+0000] {logging_mixin.py:137} INFO - [2024-01-23T22:28:42.413+0000] {dagbag.py:538} INFO - Filling up the DagBag from /home/airflow/.local/lib/python3.7/site-packages/airflow/example_dags/example_branch_operator.py
[2024-01-23T22:28:42.432+0000] {processor.py:753} INFO - DAG(s) dict_keys(['example_branch_operator']) retrieved from /home/airflow/.local/lib/python3.7/site-packages/airflow/example_dags/example_branch_operator.py
[2024-01-23T22:28:42.478+0000] {logging_mixin.py:137} INFO - [2024-01-23T22:28:42.478+0000] {dag.py:2676} INFO - Sync 1 DAGs
[2024-01-23T22:28:42.510+0000] {logging_mixin.py:137} INFO - [2024-01-23T22:28:42.510+0000] {dag.py:3427} INFO - Setting next_dagrun for example_branch_operator to 2024-01-22T00:00:00+00:00, run_after=2024-01-23T00:00:00+00:00
[2024-01-23T22:28:42.546+0000] {processor.py:175} INFO - Processing /home/airflow/.local/lib/python3.7/site-packages/airflow/example_dags/example_branch_operator.py took 0.137 seconds
[2024-01-23T22:29:12.663+0000] {processor.py:153} INFO - Started process (PID=5215) to work on /home/airflow/.local/lib/python3.7/site-packages/airflow/example_dags/example_branch_operator.py
[2024-01-23T22:29:12.663+0000] {processor.py:743} INFO - Processing file /home/airflow/.local/lib/python3.7/site-packages/airflow/example_dags/example_branch_operator.py for tasks to queue
[2024-01-23T22:29:12.664+0000] {logging_mixin.py:137} INFO - [2024-01-23T22:29:12.664+0000] {dagbag.py:538} INFO - Filling up the DagBag from /home/airflow/.local/lib/python3.7/site-packages/airflow/example_dags/example_branch_operator.py
[2024-01-23T22:29:12.683+0000] {processor.py:753} INFO - DAG(s) dict_keys(['example_branch_operator']) retrieved from /home/airflow/.local/lib/python3.7/site-packages/airflow/example_dags/example_branch_operator.py
[2024-01-23T22:29:12.727+0000] {logging_mixin.py:137} INFO - [2024-01-23T22:29:12.727+0000] {dag.py:2676} INFO - Sync 1 DAGs
[2024-01-23T22:29:12.762+0000] {logging_mixin.py:137} INFO - [2024-01-23T22:29:12.761+0000] {dag.py:3427} INFO - Setting next_dagrun for example_branch_operator to 2024-01-22T00:00:00+00:00, run_after=2024-01-23T00:00:00+00:00
[2024-01-23T22:29:12.785+0000] {processor.py:175} INFO - Processing /home/airflow/.local/lib/python3.7/site-packages/airflow/example_dags/example_branch_operator.py took 0.125 seconds
[2024-01-23T22:29:42.976+0000] {processor.py:153} INFO - Started process (PID=5295) to work on /home/airflow/.local/lib/python3.7/site-packages/airflow/example_dags/example_branch_operator.py
[2024-01-23T22:29:42.977+0000] {processor.py:743} INFO - Processing file /home/airflow/.local/lib/python3.7/site-packages/airflow/example_dags/example_branch_operator.py for tasks to queue
[2024-01-23T22:29:42.978+0000] {logging_mixin.py:137} INFO - [2024-01-23T22:29:42.978+0000] {dagbag.py:538} INFO - Filling up the DagBag from /home/airflow/.local/lib/python3.7/site-packages/airflow/example_dags/example_branch_operator.py
[2024-01-23T22:29:42.998+0000] {processor.py:753} INFO - DAG(s) dict_keys(['example_branch_operator']) retrieved from /home/airflow/.local/lib/python3.7/site-packages/airflow/example_dags/example_branch_operator.py
[2024-01-23T22:29:43.049+0000] {logging_mixin.py:137} INFO - [2024-01-23T22:29:43.049+0000] {dag.py:2676} INFO - Sync 1 DAGs
[2024-01-23T22:29:43.082+0000] {logging_mixin.py:137} INFO - [2024-01-23T22:29:43.082+0000] {dag.py:3427} INFO - Setting next_dagrun for example_branch_operator to 2024-01-22T00:00:00+00:00, run_after=2024-01-23T00:00:00+00:00
[2024-01-23T22:29:43.105+0000] {processor.py:175} INFO - Processing /home/airflow/.local/lib/python3.7/site-packages/airflow/example_dags/example_branch_operator.py took 0.132 seconds
[2024-01-23T22:30:13.933+0000] {processor.py:153} INFO - Started process (PID=5393) to work on /home/airflow/.local/lib/python3.7/site-packages/airflow/example_dags/example_branch_operator.py
[2024-01-23T22:30:13.934+0000] {processor.py:743} INFO - Processing file /home/airflow/.local/lib/python3.7/site-packages/airflow/example_dags/example_branch_operator.py for tasks to queue
[2024-01-23T22:30:13.935+0000] {logging_mixin.py:137} INFO - [2024-01-23T22:30:13.935+0000] {dagbag.py:538} INFO - Filling up the DagBag from /home/airflow/.local/lib/python3.7/site-packages/airflow/example_dags/example_branch_operator.py
[2024-01-23T22:30:13.954+0000] {processor.py:753} INFO - DAG(s) dict_keys(['example_branch_operator']) retrieved from /home/airflow/.local/lib/python3.7/site-packages/airflow/example_dags/example_branch_operator.py
[2024-01-23T22:30:13.998+0000] {logging_mixin.py:137} INFO - [2024-01-23T22:30:13.998+0000] {dag.py:2676} INFO - Sync 1 DAGs
[2024-01-23T22:30:14.034+0000] {logging_mixin.py:137} INFO - [2024-01-23T22:30:14.034+0000] {dag.py:3427} INFO - Setting next_dagrun for example_branch_operator to 2024-01-22T00:00:00+00:00, run_after=2024-01-23T00:00:00+00:00
[2024-01-23T22:30:14.061+0000] {processor.py:175} INFO - Processing /home/airflow/.local/lib/python3.7/site-packages/airflow/example_dags/example_branch_operator.py took 0.130 seconds
[2024-01-23T22:30:45.024+0000] {processor.py:153} INFO - Started process (PID=5473) to work on /home/airflow/.local/lib/python3.7/site-packages/airflow/example_dags/example_branch_operator.py
[2024-01-23T22:30:45.024+0000] {processor.py:743} INFO - Processing file /home/airflow/.local/lib/python3.7/site-packages/airflow/example_dags/example_branch_operator.py for tasks to queue
[2024-01-23T22:30:45.025+0000] {logging_mixin.py:137} INFO - [2024-01-23T22:30:45.025+0000] {dagbag.py:538} INFO - Filling up the DagBag from /home/airflow/.local/lib/python3.7/site-packages/airflow/example_dags/example_branch_operator.py
[2024-01-23T22:30:45.043+0000] {processor.py:753} INFO - DAG(s) dict_keys(['example_branch_operator']) retrieved from /home/airflow/.local/lib/python3.7/site-packages/airflow/example_dags/example_branch_operator.py
[2024-01-23T22:30:45.097+0000] {logging_mixin.py:137} INFO - [2024-01-23T22:30:45.096+0000] {dag.py:2676} INFO - Sync 1 DAGs
[2024-01-23T22:30:45.134+0000] {logging_mixin.py:137} INFO - [2024-01-23T22:30:45.133+0000] {dag.py:3427} INFO - Setting next_dagrun for example_branch_operator to 2024-01-22T00:00:00+00:00, run_after=2024-01-23T00:00:00+00:00
[2024-01-23T22:30:45.156+0000] {processor.py:175} INFO - Processing /home/airflow/.local/lib/python3.7/site-packages/airflow/example_dags/example_branch_operator.py took 0.135 seconds
[2024-01-23T22:31:15.259+0000] {processor.py:153} INFO - Started process (PID=5573) to work on /home/airflow/.local/lib/python3.7/site-packages/airflow/example_dags/example_branch_operator.py
[2024-01-23T22:31:15.260+0000] {processor.py:743} INFO - Processing file /home/airflow/.local/lib/python3.7/site-packages/airflow/example_dags/example_branch_operator.py for tasks to queue
[2024-01-23T22:31:15.260+0000] {logging_mixin.py:137} INFO - [2024-01-23T22:31:15.260+0000] {dagbag.py:538} INFO - Filling up the DagBag from /home/airflow/.local/lib/python3.7/site-packages/airflow/example_dags/example_branch_operator.py
[2024-01-23T22:31:15.281+0000] {processor.py:753} INFO - DAG(s) dict_keys(['example_branch_operator']) retrieved from /home/airflow/.local/lib/python3.7/site-packages/airflow/example_dags/example_branch_operator.py
[2024-01-23T22:31:15.321+0000] {logging_mixin.py:137} INFO - [2024-01-23T22:31:15.320+0000] {dag.py:2676} INFO - Sync 1 DAGs
[2024-01-23T22:31:15.357+0000] {logging_mixin.py:137} INFO - [2024-01-23T22:31:15.357+0000] {dag.py:3427} INFO - Setting next_dagrun for example_branch_operator to 2024-01-22T00:00:00+00:00, run_after=2024-01-23T00:00:00+00:00
[2024-01-23T22:31:15.378+0000] {processor.py:175} INFO - Processing /home/airflow/.local/lib/python3.7/site-packages/airflow/example_dags/example_branch_operator.py took 0.122 seconds
[2024-01-23T22:31:45.690+0000] {processor.py:153} INFO - Started process (PID=5654) to work on /home/airflow/.local/lib/python3.7/site-packages/airflow/example_dags/example_branch_operator.py
[2024-01-23T22:31:45.691+0000] {processor.py:743} INFO - Processing file /home/airflow/.local/lib/python3.7/site-packages/airflow/example_dags/example_branch_operator.py for tasks to queue
[2024-01-23T22:31:45.693+0000] {logging_mixin.py:137} INFO - [2024-01-23T22:31:45.693+0000] {dagbag.py:538} INFO - Filling up the DagBag from /home/airflow/.local/lib/python3.7/site-packages/airflow/example_dags/example_branch_operator.py
[2024-01-23T22:31:45.714+0000] {processor.py:753} INFO - DAG(s) dict_keys(['example_branch_operator']) retrieved from /home/airflow/.local/lib/python3.7/site-packages/airflow/example_dags/example_branch_operator.py
[2024-01-23T22:31:45.753+0000] {logging_mixin.py:137} INFO - [2024-01-23T22:31:45.753+0000] {dag.py:2676} INFO - Sync 1 DAGs
[2024-01-23T22:31:45.782+0000] {logging_mixin.py:137} INFO - [2024-01-23T22:31:45.782+0000] {dag.py:3427} INFO - Setting next_dagrun for example_branch_operator to 2024-01-22T00:00:00+00:00, run_after=2024-01-23T00:00:00+00:00
[2024-01-23T22:31:45.812+0000] {processor.py:175} INFO - Processing /home/airflow/.local/lib/python3.7/site-packages/airflow/example_dags/example_branch_operator.py took 0.124 seconds
