[2024-01-23T21:50:38.729+0000] {processor.py:153} INFO - Started process (PID=67) to work on /home/airflow/.local/lib/python3.7/site-packages/airflow/example_dags/example_trigger_target_dag.py
[2024-01-23T21:50:38.734+0000] {processor.py:743} INFO - Processing file /home/airflow/.local/lib/python3.7/site-packages/airflow/example_dags/example_trigger_target_dag.py for tasks to queue
[2024-01-23T21:50:38.736+0000] {logging_mixin.py:137} INFO - [2024-01-23T21:50:38.736+0000] {dagbag.py:538} INFO - Filling up the DagBag from /home/airflow/.local/lib/python3.7/site-packages/airflow/example_dags/example_trigger_target_dag.py
[2024-01-23T21:50:38.868+0000] {processor.py:753} INFO - DAG(s) dict_keys(['example_trigger_target_dag']) retrieved from /home/airflow/.local/lib/python3.7/site-packages/airflow/example_dags/example_trigger_target_dag.py
[2024-01-23T21:50:39.002+0000] {logging_mixin.py:137} INFO - [2024-01-23T21:50:39.001+0000] {dag.py:2676} INFO - Sync 1 DAGs
[2024-01-23T21:50:39.079+0000] {logging_mixin.py:137} INFO - [2024-01-23T21:50:39.078+0000] {dag.py:3427} INFO - Setting next_dagrun for example_trigger_target_dag to None, run_after=None
[2024-01-23T21:50:39.125+0000] {processor.py:175} INFO - Processing /home/airflow/.local/lib/python3.7/site-packages/airflow/example_dags/example_trigger_target_dag.py took 0.415 seconds
[2024-01-23T21:51:09.707+0000] {processor.py:153} INFO - Started process (PID=147) to work on /home/airflow/.local/lib/python3.7/site-packages/airflow/example_dags/example_trigger_target_dag.py
[2024-01-23T21:51:09.708+0000] {processor.py:743} INFO - Processing file /home/airflow/.local/lib/python3.7/site-packages/airflow/example_dags/example_trigger_target_dag.py for tasks to queue
[2024-01-23T21:51:09.709+0000] {logging_mixin.py:137} INFO - [2024-01-23T21:51:09.709+0000] {dagbag.py:538} INFO - Filling up the DagBag from /home/airflow/.local/lib/python3.7/site-packages/airflow/example_dags/example_trigger_target_dag.py
[2024-01-23T21:51:09.733+0000] {processor.py:753} INFO - DAG(s) dict_keys(['example_trigger_target_dag']) retrieved from /home/airflow/.local/lib/python3.7/site-packages/airflow/example_dags/example_trigger_target_dag.py
[2024-01-23T21:51:09.772+0000] {logging_mixin.py:137} INFO - [2024-01-23T21:51:09.772+0000] {dag.py:2676} INFO - Sync 1 DAGs
[2024-01-23T21:51:09.808+0000] {logging_mixin.py:137} INFO - [2024-01-23T21:51:09.808+0000] {dag.py:3427} INFO - Setting next_dagrun for example_trigger_target_dag to None, run_after=None
[2024-01-23T21:51:09.830+0000] {processor.py:175} INFO - Processing /home/airflow/.local/lib/python3.7/site-packages/airflow/example_dags/example_trigger_target_dag.py took 0.125 seconds
[2024-01-23T21:51:40.557+0000] {processor.py:153} INFO - Started process (PID=236) to work on /home/airflow/.local/lib/python3.7/site-packages/airflow/example_dags/example_trigger_target_dag.py
[2024-01-23T21:51:40.558+0000] {processor.py:743} INFO - Processing file /home/airflow/.local/lib/python3.7/site-packages/airflow/example_dags/example_trigger_target_dag.py for tasks to queue
[2024-01-23T21:51:40.559+0000] {logging_mixin.py:137} INFO - [2024-01-23T21:51:40.558+0000] {dagbag.py:538} INFO - Filling up the DagBag from /home/airflow/.local/lib/python3.7/site-packages/airflow/example_dags/example_trigger_target_dag.py
[2024-01-23T21:51:40.582+0000] {processor.py:753} INFO - DAG(s) dict_keys(['example_trigger_target_dag']) retrieved from /home/airflow/.local/lib/python3.7/site-packages/airflow/example_dags/example_trigger_target_dag.py
[2024-01-23T21:51:40.620+0000] {logging_mixin.py:137} INFO - [2024-01-23T21:51:40.620+0000] {dag.py:2676} INFO - Sync 1 DAGs
[2024-01-23T21:51:40.650+0000] {logging_mixin.py:137} INFO - [2024-01-23T21:51:40.650+0000] {dag.py:3427} INFO - Setting next_dagrun for example_trigger_target_dag to None, run_after=None
[2024-01-23T21:51:40.672+0000] {processor.py:175} INFO - Processing /home/airflow/.local/lib/python3.7/site-packages/airflow/example_dags/example_trigger_target_dag.py took 0.118 seconds
[2024-01-23T21:52:11.164+0000] {processor.py:153} INFO - Started process (PID=327) to work on /home/airflow/.local/lib/python3.7/site-packages/airflow/example_dags/example_trigger_target_dag.py
[2024-01-23T21:52:11.164+0000] {processor.py:743} INFO - Processing file /home/airflow/.local/lib/python3.7/site-packages/airflow/example_dags/example_trigger_target_dag.py for tasks to queue
[2024-01-23T21:52:11.165+0000] {logging_mixin.py:137} INFO - [2024-01-23T21:52:11.165+0000] {dagbag.py:538} INFO - Filling up the DagBag from /home/airflow/.local/lib/python3.7/site-packages/airflow/example_dags/example_trigger_target_dag.py
[2024-01-23T21:52:11.189+0000] {processor.py:753} INFO - DAG(s) dict_keys(['example_trigger_target_dag']) retrieved from /home/airflow/.local/lib/python3.7/site-packages/airflow/example_dags/example_trigger_target_dag.py
[2024-01-23T21:52:11.229+0000] {logging_mixin.py:137} INFO - [2024-01-23T21:52:11.228+0000] {dag.py:2676} INFO - Sync 1 DAGs
[2024-01-23T21:52:11.260+0000] {logging_mixin.py:137} INFO - [2024-01-23T21:52:11.260+0000] {dag.py:3427} INFO - Setting next_dagrun for example_trigger_target_dag to None, run_after=None
[2024-01-23T21:52:11.286+0000] {processor.py:175} INFO - Processing /home/airflow/.local/lib/python3.7/site-packages/airflow/example_dags/example_trigger_target_dag.py took 0.124 seconds
[2024-01-23T21:52:41.499+0000] {processor.py:153} INFO - Started process (PID=407) to work on /home/airflow/.local/lib/python3.7/site-packages/airflow/example_dags/example_trigger_target_dag.py
[2024-01-23T21:52:41.500+0000] {processor.py:743} INFO - Processing file /home/airflow/.local/lib/python3.7/site-packages/airflow/example_dags/example_trigger_target_dag.py for tasks to queue
[2024-01-23T21:52:41.500+0000] {logging_mixin.py:137} INFO - [2024-01-23T21:52:41.500+0000] {dagbag.py:538} INFO - Filling up the DagBag from /home/airflow/.local/lib/python3.7/site-packages/airflow/example_dags/example_trigger_target_dag.py
[2024-01-23T21:52:41.525+0000] {processor.py:753} INFO - DAG(s) dict_keys(['example_trigger_target_dag']) retrieved from /home/airflow/.local/lib/python3.7/site-packages/airflow/example_dags/example_trigger_target_dag.py
[2024-01-23T21:52:41.563+0000] {logging_mixin.py:137} INFO - [2024-01-23T21:52:41.563+0000] {dag.py:2676} INFO - Sync 1 DAGs
[2024-01-23T21:52:41.594+0000] {logging_mixin.py:137} INFO - [2024-01-23T21:52:41.594+0000] {dag.py:3427} INFO - Setting next_dagrun for example_trigger_target_dag to None, run_after=None
[2024-01-23T21:52:41.617+0000] {processor.py:175} INFO - Processing /home/airflow/.local/lib/python3.7/site-packages/airflow/example_dags/example_trigger_target_dag.py took 0.120 seconds
[2024-01-23T21:53:12.505+0000] {processor.py:153} INFO - Started process (PID=507) to work on /home/airflow/.local/lib/python3.7/site-packages/airflow/example_dags/example_trigger_target_dag.py
[2024-01-23T21:53:12.506+0000] {processor.py:743} INFO - Processing file /home/airflow/.local/lib/python3.7/site-packages/airflow/example_dags/example_trigger_target_dag.py for tasks to queue
[2024-01-23T21:53:12.507+0000] {logging_mixin.py:137} INFO - [2024-01-23T21:53:12.507+0000] {dagbag.py:538} INFO - Filling up the DagBag from /home/airflow/.local/lib/python3.7/site-packages/airflow/example_dags/example_trigger_target_dag.py
[2024-01-23T21:53:12.539+0000] {processor.py:753} INFO - DAG(s) dict_keys(['example_trigger_target_dag']) retrieved from /home/airflow/.local/lib/python3.7/site-packages/airflow/example_dags/example_trigger_target_dag.py
[2024-01-23T21:53:12.588+0000] {logging_mixin.py:137} INFO - [2024-01-23T21:53:12.588+0000] {dag.py:2676} INFO - Sync 1 DAGs
[2024-01-23T21:53:12.620+0000] {logging_mixin.py:137} INFO - [2024-01-23T21:53:12.620+0000] {dag.py:3427} INFO - Setting next_dagrun for example_trigger_target_dag to None, run_after=None
[2024-01-23T21:53:12.646+0000] {processor.py:175} INFO - Processing /home/airflow/.local/lib/python3.7/site-packages/airflow/example_dags/example_trigger_target_dag.py took 0.144 seconds
[2024-01-23T21:53:42.890+0000] {processor.py:153} INFO - Started process (PID=587) to work on /home/airflow/.local/lib/python3.7/site-packages/airflow/example_dags/example_trigger_target_dag.py
[2024-01-23T21:53:42.891+0000] {processor.py:743} INFO - Processing file /home/airflow/.local/lib/python3.7/site-packages/airflow/example_dags/example_trigger_target_dag.py for tasks to queue
[2024-01-23T21:53:42.892+0000] {logging_mixin.py:137} INFO - [2024-01-23T21:53:42.891+0000] {dagbag.py:538} INFO - Filling up the DagBag from /home/airflow/.local/lib/python3.7/site-packages/airflow/example_dags/example_trigger_target_dag.py
[2024-01-23T21:53:42.917+0000] {processor.py:753} INFO - DAG(s) dict_keys(['example_trigger_target_dag']) retrieved from /home/airflow/.local/lib/python3.7/site-packages/airflow/example_dags/example_trigger_target_dag.py
[2024-01-23T21:53:42.952+0000] {logging_mixin.py:137} INFO - [2024-01-23T21:53:42.951+0000] {dag.py:2676} INFO - Sync 1 DAGs
[2024-01-23T21:53:42.985+0000] {logging_mixin.py:137} INFO - [2024-01-23T21:53:42.985+0000] {dag.py:3427} INFO - Setting next_dagrun for example_trigger_target_dag to None, run_after=None
[2024-01-23T21:53:43.007+0000] {processor.py:175} INFO - Processing /home/airflow/.local/lib/python3.7/site-packages/airflow/example_dags/example_trigger_target_dag.py took 0.122 seconds
[2024-01-23T21:59:14.698+0000] {processor.py:153} INFO - Started process (PID=67) to work on /home/airflow/.local/lib/python3.7/site-packages/airflow/example_dags/example_trigger_target_dag.py
[2024-01-23T21:59:14.699+0000] {processor.py:743} INFO - Processing file /home/airflow/.local/lib/python3.7/site-packages/airflow/example_dags/example_trigger_target_dag.py for tasks to queue
[2024-01-23T21:59:14.700+0000] {logging_mixin.py:137} INFO - [2024-01-23T21:59:14.700+0000] {dagbag.py:538} INFO - Filling up the DagBag from /home/airflow/.local/lib/python3.7/site-packages/airflow/example_dags/example_trigger_target_dag.py
[2024-01-23T21:59:14.765+0000] {processor.py:753} INFO - DAG(s) dict_keys(['example_trigger_target_dag']) retrieved from /home/airflow/.local/lib/python3.7/site-packages/airflow/example_dags/example_trigger_target_dag.py
[2024-01-23T21:59:14.843+0000] {logging_mixin.py:137} INFO - [2024-01-23T21:59:14.842+0000] {dag.py:2676} INFO - Sync 1 DAGs
[2024-01-23T21:59:14.904+0000] {logging_mixin.py:137} INFO - [2024-01-23T21:59:14.904+0000] {dag.py:3427} INFO - Setting next_dagrun for example_trigger_target_dag to None, run_after=None
[2024-01-23T21:59:14.950+0000] {processor.py:175} INFO - Processing /home/airflow/.local/lib/python3.7/site-packages/airflow/example_dags/example_trigger_target_dag.py took 0.254 seconds
[2024-01-23T21:59:45.196+0000] {processor.py:153} INFO - Started process (PID=147) to work on /home/airflow/.local/lib/python3.7/site-packages/airflow/example_dags/example_trigger_target_dag.py
[2024-01-23T21:59:45.197+0000] {processor.py:743} INFO - Processing file /home/airflow/.local/lib/python3.7/site-packages/airflow/example_dags/example_trigger_target_dag.py for tasks to queue
[2024-01-23T21:59:45.197+0000] {logging_mixin.py:137} INFO - [2024-01-23T21:59:45.197+0000] {dagbag.py:538} INFO - Filling up the DagBag from /home/airflow/.local/lib/python3.7/site-packages/airflow/example_dags/example_trigger_target_dag.py
[2024-01-23T21:59:45.220+0000] {processor.py:753} INFO - DAG(s) dict_keys(['example_trigger_target_dag']) retrieved from /home/airflow/.local/lib/python3.7/site-packages/airflow/example_dags/example_trigger_target_dag.py
[2024-01-23T21:59:45.259+0000] {logging_mixin.py:137} INFO - [2024-01-23T21:59:45.259+0000] {dag.py:2676} INFO - Sync 1 DAGs
[2024-01-23T21:59:45.289+0000] {logging_mixin.py:137} INFO - [2024-01-23T21:59:45.289+0000] {dag.py:3427} INFO - Setting next_dagrun for example_trigger_target_dag to None, run_after=None
[2024-01-23T21:59:45.315+0000] {processor.py:175} INFO - Processing /home/airflow/.local/lib/python3.7/site-packages/airflow/example_dags/example_trigger_target_dag.py took 0.121 seconds
[2024-01-23T22:00:15.821+0000] {processor.py:153} INFO - Started process (PID=227) to work on /home/airflow/.local/lib/python3.7/site-packages/airflow/example_dags/example_trigger_target_dag.py
[2024-01-23T22:00:15.822+0000] {processor.py:743} INFO - Processing file /home/airflow/.local/lib/python3.7/site-packages/airflow/example_dags/example_trigger_target_dag.py for tasks to queue
[2024-01-23T22:00:15.823+0000] {logging_mixin.py:137} INFO - [2024-01-23T22:00:15.822+0000] {dagbag.py:538} INFO - Filling up the DagBag from /home/airflow/.local/lib/python3.7/site-packages/airflow/example_dags/example_trigger_target_dag.py
[2024-01-23T22:00:15.849+0000] {processor.py:753} INFO - DAG(s) dict_keys(['example_trigger_target_dag']) retrieved from /home/airflow/.local/lib/python3.7/site-packages/airflow/example_dags/example_trigger_target_dag.py
[2024-01-23T22:00:15.893+0000] {logging_mixin.py:137} INFO - [2024-01-23T22:00:15.893+0000] {dag.py:2676} INFO - Sync 1 DAGs
[2024-01-23T22:00:15.929+0000] {logging_mixin.py:137} INFO - [2024-01-23T22:00:15.929+0000] {dag.py:3427} INFO - Setting next_dagrun for example_trigger_target_dag to None, run_after=None
[2024-01-23T22:00:15.949+0000] {processor.py:175} INFO - Processing /home/airflow/.local/lib/python3.7/site-packages/airflow/example_dags/example_trigger_target_dag.py took 0.131 seconds
[2024-01-23T22:00:46.528+0000] {processor.py:153} INFO - Started process (PID=327) to work on /home/airflow/.local/lib/python3.7/site-packages/airflow/example_dags/example_trigger_target_dag.py
[2024-01-23T22:00:46.528+0000] {processor.py:743} INFO - Processing file /home/airflow/.local/lib/python3.7/site-packages/airflow/example_dags/example_trigger_target_dag.py for tasks to queue
[2024-01-23T22:00:46.529+0000] {logging_mixin.py:137} INFO - [2024-01-23T22:00:46.529+0000] {dagbag.py:538} INFO - Filling up the DagBag from /home/airflow/.local/lib/python3.7/site-packages/airflow/example_dags/example_trigger_target_dag.py
[2024-01-23T22:00:46.548+0000] {processor.py:753} INFO - DAG(s) dict_keys(['example_trigger_target_dag']) retrieved from /home/airflow/.local/lib/python3.7/site-packages/airflow/example_dags/example_trigger_target_dag.py
[2024-01-23T22:00:46.579+0000] {logging_mixin.py:137} INFO - [2024-01-23T22:00:46.579+0000] {dag.py:2676} INFO - Sync 1 DAGs
[2024-01-23T22:00:46.611+0000] {logging_mixin.py:137} INFO - [2024-01-23T22:00:46.611+0000] {dag.py:3427} INFO - Setting next_dagrun for example_trigger_target_dag to None, run_after=None
[2024-01-23T22:00:46.633+0000] {processor.py:175} INFO - Processing /home/airflow/.local/lib/python3.7/site-packages/airflow/example_dags/example_trigger_target_dag.py took 0.107 seconds
[2024-01-23T22:01:17.403+0000] {processor.py:153} INFO - Started process (PID=407) to work on /home/airflow/.local/lib/python3.7/site-packages/airflow/example_dags/example_trigger_target_dag.py
[2024-01-23T22:01:17.403+0000] {processor.py:743} INFO - Processing file /home/airflow/.local/lib/python3.7/site-packages/airflow/example_dags/example_trigger_target_dag.py for tasks to queue
[2024-01-23T22:01:17.404+0000] {logging_mixin.py:137} INFO - [2024-01-23T22:01:17.404+0000] {dagbag.py:538} INFO - Filling up the DagBag from /home/airflow/.local/lib/python3.7/site-packages/airflow/example_dags/example_trigger_target_dag.py
[2024-01-23T22:01:17.430+0000] {processor.py:753} INFO - DAG(s) dict_keys(['example_trigger_target_dag']) retrieved from /home/airflow/.local/lib/python3.7/site-packages/airflow/example_dags/example_trigger_target_dag.py
[2024-01-23T22:01:17.468+0000] {logging_mixin.py:137} INFO - [2024-01-23T22:01:17.468+0000] {dag.py:2676} INFO - Sync 1 DAGs
[2024-01-23T22:01:17.495+0000] {logging_mixin.py:137} INFO - [2024-01-23T22:01:17.495+0000] {dag.py:3427} INFO - Setting next_dagrun for example_trigger_target_dag to None, run_after=None
[2024-01-23T22:01:17.517+0000] {processor.py:175} INFO - Processing /home/airflow/.local/lib/python3.7/site-packages/airflow/example_dags/example_trigger_target_dag.py took 0.118 seconds
[2024-01-23T22:01:47.723+0000] {processor.py:153} INFO - Started process (PID=496) to work on /home/airflow/.local/lib/python3.7/site-packages/airflow/example_dags/example_trigger_target_dag.py
[2024-01-23T22:01:47.724+0000] {processor.py:743} INFO - Processing file /home/airflow/.local/lib/python3.7/site-packages/airflow/example_dags/example_trigger_target_dag.py for tasks to queue
[2024-01-23T22:01:47.725+0000] {logging_mixin.py:137} INFO - [2024-01-23T22:01:47.725+0000] {dagbag.py:538} INFO - Filling up the DagBag from /home/airflow/.local/lib/python3.7/site-packages/airflow/example_dags/example_trigger_target_dag.py
[2024-01-23T22:01:47.752+0000] {processor.py:753} INFO - DAG(s) dict_keys(['example_trigger_target_dag']) retrieved from /home/airflow/.local/lib/python3.7/site-packages/airflow/example_dags/example_trigger_target_dag.py
[2024-01-23T22:01:47.799+0000] {logging_mixin.py:137} INFO - [2024-01-23T22:01:47.799+0000] {dag.py:2676} INFO - Sync 1 DAGs
[2024-01-23T22:01:47.836+0000] {logging_mixin.py:137} INFO - [2024-01-23T22:01:47.836+0000] {dag.py:3427} INFO - Setting next_dagrun for example_trigger_target_dag to None, run_after=None
[2024-01-23T22:01:47.861+0000] {processor.py:175} INFO - Processing /home/airflow/.local/lib/python3.7/site-packages/airflow/example_dags/example_trigger_target_dag.py took 0.140 seconds
[2024-01-23T22:02:18.036+0000] {processor.py:153} INFO - Started process (PID=587) to work on /home/airflow/.local/lib/python3.7/site-packages/airflow/example_dags/example_trigger_target_dag.py
[2024-01-23T22:02:18.037+0000] {processor.py:743} INFO - Processing file /home/airflow/.local/lib/python3.7/site-packages/airflow/example_dags/example_trigger_target_dag.py for tasks to queue
[2024-01-23T22:02:18.037+0000] {logging_mixin.py:137} INFO - [2024-01-23T22:02:18.037+0000] {dagbag.py:538} INFO - Filling up the DagBag from /home/airflow/.local/lib/python3.7/site-packages/airflow/example_dags/example_trigger_target_dag.py
[2024-01-23T22:02:18.061+0000] {processor.py:753} INFO - DAG(s) dict_keys(['example_trigger_target_dag']) retrieved from /home/airflow/.local/lib/python3.7/site-packages/airflow/example_dags/example_trigger_target_dag.py
[2024-01-23T22:02:18.097+0000] {logging_mixin.py:137} INFO - [2024-01-23T22:02:18.096+0000] {dag.py:2676} INFO - Sync 1 DAGs
[2024-01-23T22:02:18.126+0000] {logging_mixin.py:137} INFO - [2024-01-23T22:02:18.126+0000] {dag.py:3427} INFO - Setting next_dagrun for example_trigger_target_dag to None, run_after=None
[2024-01-23T22:02:18.152+0000] {processor.py:175} INFO - Processing /home/airflow/.local/lib/python3.7/site-packages/airflow/example_dags/example_trigger_target_dag.py took 0.118 seconds
[2024-01-23T22:02:48.453+0000] {processor.py:153} INFO - Started process (PID=667) to work on /home/airflow/.local/lib/python3.7/site-packages/airflow/example_dags/example_trigger_target_dag.py
[2024-01-23T22:02:48.454+0000] {processor.py:743} INFO - Processing file /home/airflow/.local/lib/python3.7/site-packages/airflow/example_dags/example_trigger_target_dag.py for tasks to queue
[2024-01-23T22:02:48.455+0000] {logging_mixin.py:137} INFO - [2024-01-23T22:02:48.455+0000] {dagbag.py:538} INFO - Filling up the DagBag from /home/airflow/.local/lib/python3.7/site-packages/airflow/example_dags/example_trigger_target_dag.py
[2024-01-23T22:02:48.480+0000] {processor.py:753} INFO - DAG(s) dict_keys(['example_trigger_target_dag']) retrieved from /home/airflow/.local/lib/python3.7/site-packages/airflow/example_dags/example_trigger_target_dag.py
[2024-01-23T22:02:48.517+0000] {logging_mixin.py:137} INFO - [2024-01-23T22:02:48.517+0000] {dag.py:2676} INFO - Sync 1 DAGs
[2024-01-23T22:02:48.545+0000] {logging_mixin.py:137} INFO - [2024-01-23T22:02:48.545+0000] {dag.py:3427} INFO - Setting next_dagrun for example_trigger_target_dag to None, run_after=None
[2024-01-23T22:02:48.567+0000] {processor.py:175} INFO - Processing /home/airflow/.local/lib/python3.7/site-packages/airflow/example_dags/example_trigger_target_dag.py took 0.117 seconds
[2024-01-23T22:03:18.791+0000] {processor.py:153} INFO - Started process (PID=767) to work on /home/airflow/.local/lib/python3.7/site-packages/airflow/example_dags/example_trigger_target_dag.py
[2024-01-23T22:03:18.792+0000] {processor.py:743} INFO - Processing file /home/airflow/.local/lib/python3.7/site-packages/airflow/example_dags/example_trigger_target_dag.py for tasks to queue
[2024-01-23T22:03:18.793+0000] {logging_mixin.py:137} INFO - [2024-01-23T22:03:18.793+0000] {dagbag.py:538} INFO - Filling up the DagBag from /home/airflow/.local/lib/python3.7/site-packages/airflow/example_dags/example_trigger_target_dag.py
[2024-01-23T22:03:18.820+0000] {processor.py:753} INFO - DAG(s) dict_keys(['example_trigger_target_dag']) retrieved from /home/airflow/.local/lib/python3.7/site-packages/airflow/example_dags/example_trigger_target_dag.py
[2024-01-23T22:03:18.864+0000] {logging_mixin.py:137} INFO - [2024-01-23T22:03:18.863+0000] {dag.py:2676} INFO - Sync 1 DAGs
[2024-01-23T22:03:18.899+0000] {logging_mixin.py:137} INFO - [2024-01-23T22:03:18.899+0000] {dag.py:3427} INFO - Setting next_dagrun for example_trigger_target_dag to None, run_after=None
[2024-01-23T22:03:18.925+0000] {processor.py:175} INFO - Processing /home/airflow/.local/lib/python3.7/site-packages/airflow/example_dags/example_trigger_target_dag.py took 0.139 seconds
[2024-01-23T22:03:49.150+0000] {processor.py:153} INFO - Started process (PID=847) to work on /home/airflow/.local/lib/python3.7/site-packages/airflow/example_dags/example_trigger_target_dag.py
[2024-01-23T22:03:49.151+0000] {processor.py:743} INFO - Processing file /home/airflow/.local/lib/python3.7/site-packages/airflow/example_dags/example_trigger_target_dag.py for tasks to queue
[2024-01-23T22:03:49.152+0000] {logging_mixin.py:137} INFO - [2024-01-23T22:03:49.152+0000] {dagbag.py:538} INFO - Filling up the DagBag from /home/airflow/.local/lib/python3.7/site-packages/airflow/example_dags/example_trigger_target_dag.py
[2024-01-23T22:03:49.178+0000] {processor.py:753} INFO - DAG(s) dict_keys(['example_trigger_target_dag']) retrieved from /home/airflow/.local/lib/python3.7/site-packages/airflow/example_dags/example_trigger_target_dag.py
[2024-01-23T22:03:49.217+0000] {logging_mixin.py:137} INFO - [2024-01-23T22:03:49.217+0000] {dag.py:2676} INFO - Sync 1 DAGs
[2024-01-23T22:03:49.250+0000] {logging_mixin.py:137} INFO - [2024-01-23T22:03:49.249+0000] {dag.py:3427} INFO - Setting next_dagrun for example_trigger_target_dag to None, run_after=None
[2024-01-23T22:03:49.272+0000] {processor.py:175} INFO - Processing /home/airflow/.local/lib/python3.7/site-packages/airflow/example_dags/example_trigger_target_dag.py took 0.124 seconds
[2024-01-23T22:04:19.501+0000] {processor.py:153} INFO - Started process (PID=927) to work on /home/airflow/.local/lib/python3.7/site-packages/airflow/example_dags/example_trigger_target_dag.py
[2024-01-23T22:04:19.502+0000] {processor.py:743} INFO - Processing file /home/airflow/.local/lib/python3.7/site-packages/airflow/example_dags/example_trigger_target_dag.py for tasks to queue
[2024-01-23T22:04:19.503+0000] {logging_mixin.py:137} INFO - [2024-01-23T22:04:19.502+0000] {dagbag.py:538} INFO - Filling up the DagBag from /home/airflow/.local/lib/python3.7/site-packages/airflow/example_dags/example_trigger_target_dag.py
[2024-01-23T22:04:19.524+0000] {processor.py:753} INFO - DAG(s) dict_keys(['example_trigger_target_dag']) retrieved from /home/airflow/.local/lib/python3.7/site-packages/airflow/example_dags/example_trigger_target_dag.py
[2024-01-23T22:04:19.561+0000] {logging_mixin.py:137} INFO - [2024-01-23T22:04:19.561+0000] {dag.py:2676} INFO - Sync 1 DAGs
[2024-01-23T22:04:19.586+0000] {logging_mixin.py:137} INFO - [2024-01-23T22:04:19.586+0000] {dag.py:3427} INFO - Setting next_dagrun for example_trigger_target_dag to None, run_after=None
[2024-01-23T22:04:19.608+0000] {processor.py:175} INFO - Processing /home/airflow/.local/lib/python3.7/site-packages/airflow/example_dags/example_trigger_target_dag.py took 0.108 seconds
[2024-01-23T22:04:50.266+0000] {processor.py:153} INFO - Started process (PID=1027) to work on /home/airflow/.local/lib/python3.7/site-packages/airflow/example_dags/example_trigger_target_dag.py
[2024-01-23T22:04:50.267+0000] {processor.py:743} INFO - Processing file /home/airflow/.local/lib/python3.7/site-packages/airflow/example_dags/example_trigger_target_dag.py for tasks to queue
[2024-01-23T22:04:50.268+0000] {logging_mixin.py:137} INFO - [2024-01-23T22:04:50.268+0000] {dagbag.py:538} INFO - Filling up the DagBag from /home/airflow/.local/lib/python3.7/site-packages/airflow/example_dags/example_trigger_target_dag.py
[2024-01-23T22:04:50.293+0000] {processor.py:753} INFO - DAG(s) dict_keys(['example_trigger_target_dag']) retrieved from /home/airflow/.local/lib/python3.7/site-packages/airflow/example_dags/example_trigger_target_dag.py
[2024-01-23T22:04:50.338+0000] {logging_mixin.py:137} INFO - [2024-01-23T22:04:50.338+0000] {dag.py:2676} INFO - Sync 1 DAGs
[2024-01-23T22:04:50.369+0000] {logging_mixin.py:137} INFO - [2024-01-23T22:04:50.369+0000] {dag.py:3427} INFO - Setting next_dagrun for example_trigger_target_dag to None, run_after=None
[2024-01-23T22:04:50.397+0000] {processor.py:175} INFO - Processing /home/airflow/.local/lib/python3.7/site-packages/airflow/example_dags/example_trigger_target_dag.py took 0.134 seconds
[2024-01-23T22:05:20.629+0000] {processor.py:153} INFO - Started process (PID=1107) to work on /home/airflow/.local/lib/python3.7/site-packages/airflow/example_dags/example_trigger_target_dag.py
[2024-01-23T22:05:20.630+0000] {processor.py:743} INFO - Processing file /home/airflow/.local/lib/python3.7/site-packages/airflow/example_dags/example_trigger_target_dag.py for tasks to queue
[2024-01-23T22:05:20.631+0000] {logging_mixin.py:137} INFO - [2024-01-23T22:05:20.631+0000] {dagbag.py:538} INFO - Filling up the DagBag from /home/airflow/.local/lib/python3.7/site-packages/airflow/example_dags/example_trigger_target_dag.py
[2024-01-23T22:05:20.657+0000] {processor.py:753} INFO - DAG(s) dict_keys(['example_trigger_target_dag']) retrieved from /home/airflow/.local/lib/python3.7/site-packages/airflow/example_dags/example_trigger_target_dag.py
[2024-01-23T22:05:20.697+0000] {logging_mixin.py:137} INFO - [2024-01-23T22:05:20.697+0000] {dag.py:2676} INFO - Sync 1 DAGs
[2024-01-23T22:05:20.727+0000] {logging_mixin.py:137} INFO - [2024-01-23T22:05:20.726+0000] {dag.py:3427} INFO - Setting next_dagrun for example_trigger_target_dag to None, run_after=None
[2024-01-23T22:05:20.750+0000] {processor.py:175} INFO - Processing /home/airflow/.local/lib/python3.7/site-packages/airflow/example_dags/example_trigger_target_dag.py took 0.124 seconds
[2024-01-23T22:05:50.963+0000] {processor.py:153} INFO - Started process (PID=1187) to work on /home/airflow/.local/lib/python3.7/site-packages/airflow/example_dags/example_trigger_target_dag.py
[2024-01-23T22:05:50.964+0000] {processor.py:743} INFO - Processing file /home/airflow/.local/lib/python3.7/site-packages/airflow/example_dags/example_trigger_target_dag.py for tasks to queue
[2024-01-23T22:05:50.965+0000] {logging_mixin.py:137} INFO - [2024-01-23T22:05:50.965+0000] {dagbag.py:538} INFO - Filling up the DagBag from /home/airflow/.local/lib/python3.7/site-packages/airflow/example_dags/example_trigger_target_dag.py
[2024-01-23T22:05:50.988+0000] {processor.py:753} INFO - DAG(s) dict_keys(['example_trigger_target_dag']) retrieved from /home/airflow/.local/lib/python3.7/site-packages/airflow/example_dags/example_trigger_target_dag.py
[2024-01-23T22:05:51.028+0000] {logging_mixin.py:137} INFO - [2024-01-23T22:05:51.028+0000] {dag.py:2676} INFO - Sync 1 DAGs
[2024-01-23T22:05:51.062+0000] {logging_mixin.py:137} INFO - [2024-01-23T22:05:51.062+0000] {dag.py:3427} INFO - Setting next_dagrun for example_trigger_target_dag to None, run_after=None
[2024-01-23T22:05:51.083+0000] {processor.py:175} INFO - Processing /home/airflow/.local/lib/python3.7/site-packages/airflow/example_dags/example_trigger_target_dag.py took 0.122 seconds
[2024-01-23T22:06:21.482+0000] {processor.py:153} INFO - Started process (PID=1287) to work on /home/airflow/.local/lib/python3.7/site-packages/airflow/example_dags/example_trigger_target_dag.py
[2024-01-23T22:06:21.482+0000] {processor.py:743} INFO - Processing file /home/airflow/.local/lib/python3.7/site-packages/airflow/example_dags/example_trigger_target_dag.py for tasks to queue
[2024-01-23T22:06:21.483+0000] {logging_mixin.py:137} INFO - [2024-01-23T22:06:21.483+0000] {dagbag.py:538} INFO - Filling up the DagBag from /home/airflow/.local/lib/python3.7/site-packages/airflow/example_dags/example_trigger_target_dag.py
[2024-01-23T22:06:21.508+0000] {processor.py:753} INFO - DAG(s) dict_keys(['example_trigger_target_dag']) retrieved from /home/airflow/.local/lib/python3.7/site-packages/airflow/example_dags/example_trigger_target_dag.py
[2024-01-23T22:06:21.549+0000] {logging_mixin.py:137} INFO - [2024-01-23T22:06:21.549+0000] {dag.py:2676} INFO - Sync 1 DAGs
[2024-01-23T22:06:21.580+0000] {logging_mixin.py:137} INFO - [2024-01-23T22:06:21.580+0000] {dag.py:3427} INFO - Setting next_dagrun for example_trigger_target_dag to None, run_after=None
[2024-01-23T22:06:21.603+0000] {processor.py:175} INFO - Processing /home/airflow/.local/lib/python3.7/site-packages/airflow/example_dags/example_trigger_target_dag.py took 0.123 seconds
[2024-01-23T22:06:52.432+0000] {processor.py:153} INFO - Started process (PID=1367) to work on /home/airflow/.local/lib/python3.7/site-packages/airflow/example_dags/example_trigger_target_dag.py
[2024-01-23T22:06:52.433+0000] {processor.py:743} INFO - Processing file /home/airflow/.local/lib/python3.7/site-packages/airflow/example_dags/example_trigger_target_dag.py for tasks to queue
[2024-01-23T22:06:52.433+0000] {logging_mixin.py:137} INFO - [2024-01-23T22:06:52.433+0000] {dagbag.py:538} INFO - Filling up the DagBag from /home/airflow/.local/lib/python3.7/site-packages/airflow/example_dags/example_trigger_target_dag.py
[2024-01-23T22:06:52.458+0000] {processor.py:753} INFO - DAG(s) dict_keys(['example_trigger_target_dag']) retrieved from /home/airflow/.local/lib/python3.7/site-packages/airflow/example_dags/example_trigger_target_dag.py
[2024-01-23T22:06:52.503+0000] {logging_mixin.py:137} INFO - [2024-01-23T22:06:52.503+0000] {dag.py:2676} INFO - Sync 1 DAGs
[2024-01-23T22:06:52.536+0000] {logging_mixin.py:137} INFO - [2024-01-23T22:06:52.536+0000] {dag.py:3427} INFO - Setting next_dagrun for example_trigger_target_dag to None, run_after=None
[2024-01-23T22:06:52.558+0000] {processor.py:175} INFO - Processing /home/airflow/.local/lib/python3.7/site-packages/airflow/example_dags/example_trigger_target_dag.py took 0.129 seconds
[2024-01-23T22:07:22.654+0000] {processor.py:153} INFO - Started process (PID=1447) to work on /home/airflow/.local/lib/python3.7/site-packages/airflow/example_dags/example_trigger_target_dag.py
[2024-01-23T22:07:22.654+0000] {processor.py:743} INFO - Processing file /home/airflow/.local/lib/python3.7/site-packages/airflow/example_dags/example_trigger_target_dag.py for tasks to queue
[2024-01-23T22:07:22.655+0000] {logging_mixin.py:137} INFO - [2024-01-23T22:07:22.655+0000] {dagbag.py:538} INFO - Filling up the DagBag from /home/airflow/.local/lib/python3.7/site-packages/airflow/example_dags/example_trigger_target_dag.py
[2024-01-23T22:07:22.677+0000] {processor.py:753} INFO - DAG(s) dict_keys(['example_trigger_target_dag']) retrieved from /home/airflow/.local/lib/python3.7/site-packages/airflow/example_dags/example_trigger_target_dag.py
[2024-01-23T22:07:22.713+0000] {logging_mixin.py:137} INFO - [2024-01-23T22:07:22.712+0000] {dag.py:2676} INFO - Sync 1 DAGs
[2024-01-23T22:07:22.744+0000] {logging_mixin.py:137} INFO - [2024-01-23T22:07:22.744+0000] {dag.py:3427} INFO - Setting next_dagrun for example_trigger_target_dag to None, run_after=None
[2024-01-23T22:07:22.767+0000] {processor.py:175} INFO - Processing /home/airflow/.local/lib/python3.7/site-packages/airflow/example_dags/example_trigger_target_dag.py took 0.115 seconds
[2024-01-23T22:07:53.294+0000] {processor.py:153} INFO - Started process (PID=1547) to work on /home/airflow/.local/lib/python3.7/site-packages/airflow/example_dags/example_trigger_target_dag.py
[2024-01-23T22:07:53.295+0000] {processor.py:743} INFO - Processing file /home/airflow/.local/lib/python3.7/site-packages/airflow/example_dags/example_trigger_target_dag.py for tasks to queue
[2024-01-23T22:07:53.296+0000] {logging_mixin.py:137} INFO - [2024-01-23T22:07:53.296+0000] {dagbag.py:538} INFO - Filling up the DagBag from /home/airflow/.local/lib/python3.7/site-packages/airflow/example_dags/example_trigger_target_dag.py
[2024-01-23T22:07:53.319+0000] {processor.py:753} INFO - DAG(s) dict_keys(['example_trigger_target_dag']) retrieved from /home/airflow/.local/lib/python3.7/site-packages/airflow/example_dags/example_trigger_target_dag.py
[2024-01-23T22:07:53.361+0000] {logging_mixin.py:137} INFO - [2024-01-23T22:07:53.360+0000] {dag.py:2676} INFO - Sync 1 DAGs
[2024-01-23T22:07:53.393+0000] {logging_mixin.py:137} INFO - [2024-01-23T22:07:53.393+0000] {dag.py:3427} INFO - Setting next_dagrun for example_trigger_target_dag to None, run_after=None
[2024-01-23T22:07:53.414+0000] {processor.py:175} INFO - Processing /home/airflow/.local/lib/python3.7/site-packages/airflow/example_dags/example_trigger_target_dag.py took 0.122 seconds
[2024-01-23T22:08:23.616+0000] {processor.py:153} INFO - Started process (PID=1627) to work on /home/airflow/.local/lib/python3.7/site-packages/airflow/example_dags/example_trigger_target_dag.py
[2024-01-23T22:08:23.617+0000] {processor.py:743} INFO - Processing file /home/airflow/.local/lib/python3.7/site-packages/airflow/example_dags/example_trigger_target_dag.py for tasks to queue
[2024-01-23T22:08:23.617+0000] {logging_mixin.py:137} INFO - [2024-01-23T22:08:23.617+0000] {dagbag.py:538} INFO - Filling up the DagBag from /home/airflow/.local/lib/python3.7/site-packages/airflow/example_dags/example_trigger_target_dag.py
[2024-01-23T22:08:23.644+0000] {processor.py:753} INFO - DAG(s) dict_keys(['example_trigger_target_dag']) retrieved from /home/airflow/.local/lib/python3.7/site-packages/airflow/example_dags/example_trigger_target_dag.py
[2024-01-23T22:08:23.691+0000] {logging_mixin.py:137} INFO - [2024-01-23T22:08:23.690+0000] {dag.py:2676} INFO - Sync 1 DAGs
[2024-01-23T22:08:23.728+0000] {logging_mixin.py:137} INFO - [2024-01-23T22:08:23.727+0000] {dag.py:3427} INFO - Setting next_dagrun for example_trigger_target_dag to None, run_after=None
[2024-01-23T22:08:23.752+0000] {processor.py:175} INFO - Processing /home/airflow/.local/lib/python3.7/site-packages/airflow/example_dags/example_trigger_target_dag.py took 0.139 seconds
[2024-01-23T22:08:53.845+0000] {processor.py:153} INFO - Started process (PID=1707) to work on /home/airflow/.local/lib/python3.7/site-packages/airflow/example_dags/example_trigger_target_dag.py
[2024-01-23T22:08:53.846+0000] {processor.py:743} INFO - Processing file /home/airflow/.local/lib/python3.7/site-packages/airflow/example_dags/example_trigger_target_dag.py for tasks to queue
[2024-01-23T22:08:53.846+0000] {logging_mixin.py:137} INFO - [2024-01-23T22:08:53.846+0000] {dagbag.py:538} INFO - Filling up the DagBag from /home/airflow/.local/lib/python3.7/site-packages/airflow/example_dags/example_trigger_target_dag.py
[2024-01-23T22:08:53.865+0000] {processor.py:753} INFO - DAG(s) dict_keys(['example_trigger_target_dag']) retrieved from /home/airflow/.local/lib/python3.7/site-packages/airflow/example_dags/example_trigger_target_dag.py
[2024-01-23T22:08:53.904+0000] {logging_mixin.py:137} INFO - [2024-01-23T22:08:53.904+0000] {dag.py:2676} INFO - Sync 1 DAGs
[2024-01-23T22:08:53.931+0000] {logging_mixin.py:137} INFO - [2024-01-23T22:08:53.931+0000] {dag.py:3427} INFO - Setting next_dagrun for example_trigger_target_dag to None, run_after=None
[2024-01-23T22:08:53.954+0000] {processor.py:175} INFO - Processing /home/airflow/.local/lib/python3.7/site-packages/airflow/example_dags/example_trigger_target_dag.py took 0.112 seconds
[2024-01-23T22:09:24.064+0000] {processor.py:153} INFO - Started process (PID=1807) to work on /home/airflow/.local/lib/python3.7/site-packages/airflow/example_dags/example_trigger_target_dag.py
[2024-01-23T22:09:24.065+0000] {processor.py:743} INFO - Processing file /home/airflow/.local/lib/python3.7/site-packages/airflow/example_dags/example_trigger_target_dag.py for tasks to queue
[2024-01-23T22:09:24.065+0000] {logging_mixin.py:137} INFO - [2024-01-23T22:09:24.065+0000] {dagbag.py:538} INFO - Filling up the DagBag from /home/airflow/.local/lib/python3.7/site-packages/airflow/example_dags/example_trigger_target_dag.py
[2024-01-23T22:09:24.088+0000] {processor.py:753} INFO - DAG(s) dict_keys(['example_trigger_target_dag']) retrieved from /home/airflow/.local/lib/python3.7/site-packages/airflow/example_dags/example_trigger_target_dag.py
[2024-01-23T22:09:24.129+0000] {logging_mixin.py:137} INFO - [2024-01-23T22:09:24.129+0000] {dag.py:2676} INFO - Sync 1 DAGs
[2024-01-23T22:09:24.166+0000] {logging_mixin.py:137} INFO - [2024-01-23T22:09:24.166+0000] {dag.py:3427} INFO - Setting next_dagrun for example_trigger_target_dag to None, run_after=None
[2024-01-23T22:09:24.191+0000] {processor.py:175} INFO - Processing /home/airflow/.local/lib/python3.7/site-packages/airflow/example_dags/example_trigger_target_dag.py took 0.129 seconds
[2024-01-23T22:09:54.811+0000] {processor.py:153} INFO - Started process (PID=1887) to work on /home/airflow/.local/lib/python3.7/site-packages/airflow/example_dags/example_trigger_target_dag.py
[2024-01-23T22:09:54.812+0000] {processor.py:743} INFO - Processing file /home/airflow/.local/lib/python3.7/site-packages/airflow/example_dags/example_trigger_target_dag.py for tasks to queue
[2024-01-23T22:09:54.812+0000] {logging_mixin.py:137} INFO - [2024-01-23T22:09:54.812+0000] {dagbag.py:538} INFO - Filling up the DagBag from /home/airflow/.local/lib/python3.7/site-packages/airflow/example_dags/example_trigger_target_dag.py
[2024-01-23T22:09:54.835+0000] {processor.py:753} INFO - DAG(s) dict_keys(['example_trigger_target_dag']) retrieved from /home/airflow/.local/lib/python3.7/site-packages/airflow/example_dags/example_trigger_target_dag.py
[2024-01-23T22:09:54.881+0000] {logging_mixin.py:137} INFO - [2024-01-23T22:09:54.881+0000] {dag.py:2676} INFO - Sync 1 DAGs
[2024-01-23T22:09:54.912+0000] {logging_mixin.py:137} INFO - [2024-01-23T22:09:54.912+0000] {dag.py:3427} INFO - Setting next_dagrun for example_trigger_target_dag to None, run_after=None
[2024-01-23T22:09:54.934+0000] {processor.py:175} INFO - Processing /home/airflow/.local/lib/python3.7/site-packages/airflow/example_dags/example_trigger_target_dag.py took 0.126 seconds
[2024-01-23T22:10:25.093+0000] {processor.py:153} INFO - Started process (PID=1967) to work on /home/airflow/.local/lib/python3.7/site-packages/airflow/example_dags/example_trigger_target_dag.py
[2024-01-23T22:10:25.093+0000] {processor.py:743} INFO - Processing file /home/airflow/.local/lib/python3.7/site-packages/airflow/example_dags/example_trigger_target_dag.py for tasks to queue
[2024-01-23T22:10:25.094+0000] {logging_mixin.py:137} INFO - [2024-01-23T22:10:25.094+0000] {dagbag.py:538} INFO - Filling up the DagBag from /home/airflow/.local/lib/python3.7/site-packages/airflow/example_dags/example_trigger_target_dag.py
[2024-01-23T22:10:25.114+0000] {processor.py:753} INFO - DAG(s) dict_keys(['example_trigger_target_dag']) retrieved from /home/airflow/.local/lib/python3.7/site-packages/airflow/example_dags/example_trigger_target_dag.py
[2024-01-23T22:10:25.163+0000] {logging_mixin.py:137} INFO - [2024-01-23T22:10:25.163+0000] {dag.py:2676} INFO - Sync 1 DAGs
[2024-01-23T22:10:25.197+0000] {logging_mixin.py:137} INFO - [2024-01-23T22:10:25.197+0000] {dag.py:3427} INFO - Setting next_dagrun for example_trigger_target_dag to None, run_after=None
[2024-01-23T22:10:25.220+0000] {processor.py:175} INFO - Processing /home/airflow/.local/lib/python3.7/site-packages/airflow/example_dags/example_trigger_target_dag.py took 0.130 seconds
[2024-01-23T22:10:55.462+0000] {processor.py:153} INFO - Started process (PID=2067) to work on /home/airflow/.local/lib/python3.7/site-packages/airflow/example_dags/example_trigger_target_dag.py
[2024-01-23T22:10:55.463+0000] {processor.py:743} INFO - Processing file /home/airflow/.local/lib/python3.7/site-packages/airflow/example_dags/example_trigger_target_dag.py for tasks to queue
[2024-01-23T22:10:55.464+0000] {logging_mixin.py:137} INFO - [2024-01-23T22:10:55.463+0000] {dagbag.py:538} INFO - Filling up the DagBag from /home/airflow/.local/lib/python3.7/site-packages/airflow/example_dags/example_trigger_target_dag.py
[2024-01-23T22:10:55.491+0000] {processor.py:753} INFO - DAG(s) dict_keys(['example_trigger_target_dag']) retrieved from /home/airflow/.local/lib/python3.7/site-packages/airflow/example_dags/example_trigger_target_dag.py
[2024-01-23T22:10:55.528+0000] {logging_mixin.py:137} INFO - [2024-01-23T22:10:55.527+0000] {dag.py:2676} INFO - Sync 1 DAGs
[2024-01-23T22:10:55.557+0000] {logging_mixin.py:137} INFO - [2024-01-23T22:10:55.557+0000] {dag.py:3427} INFO - Setting next_dagrun for example_trigger_target_dag to None, run_after=None
[2024-01-23T22:10:55.580+0000] {processor.py:175} INFO - Processing /home/airflow/.local/lib/python3.7/site-packages/airflow/example_dags/example_trigger_target_dag.py took 0.120 seconds
[2024-01-23T22:11:25.832+0000] {processor.py:153} INFO - Started process (PID=2147) to work on /home/airflow/.local/lib/python3.7/site-packages/airflow/example_dags/example_trigger_target_dag.py
[2024-01-23T22:11:25.833+0000] {processor.py:743} INFO - Processing file /home/airflow/.local/lib/python3.7/site-packages/airflow/example_dags/example_trigger_target_dag.py for tasks to queue
[2024-01-23T22:11:25.834+0000] {logging_mixin.py:137} INFO - [2024-01-23T22:11:25.834+0000] {dagbag.py:538} INFO - Filling up the DagBag from /home/airflow/.local/lib/python3.7/site-packages/airflow/example_dags/example_trigger_target_dag.py
[2024-01-23T22:11:25.857+0000] {processor.py:753} INFO - DAG(s) dict_keys(['example_trigger_target_dag']) retrieved from /home/airflow/.local/lib/python3.7/site-packages/airflow/example_dags/example_trigger_target_dag.py
[2024-01-23T22:11:25.903+0000] {logging_mixin.py:137} INFO - [2024-01-23T22:11:25.903+0000] {dag.py:2676} INFO - Sync 1 DAGs
[2024-01-23T22:11:25.938+0000] {logging_mixin.py:137} INFO - [2024-01-23T22:11:25.938+0000] {dag.py:3427} INFO - Setting next_dagrun for example_trigger_target_dag to None, run_after=None
[2024-01-23T22:11:25.963+0000] {processor.py:175} INFO - Processing /home/airflow/.local/lib/python3.7/site-packages/airflow/example_dags/example_trigger_target_dag.py took 0.133 seconds
[2024-01-23T22:11:56.194+0000] {processor.py:153} INFO - Started process (PID=2227) to work on /home/airflow/.local/lib/python3.7/site-packages/airflow/example_dags/example_trigger_target_dag.py
[2024-01-23T22:11:56.195+0000] {processor.py:743} INFO - Processing file /home/airflow/.local/lib/python3.7/site-packages/airflow/example_dags/example_trigger_target_dag.py for tasks to queue
[2024-01-23T22:11:56.196+0000] {logging_mixin.py:137} INFO - [2024-01-23T22:11:56.196+0000] {dagbag.py:538} INFO - Filling up the DagBag from /home/airflow/.local/lib/python3.7/site-packages/airflow/example_dags/example_trigger_target_dag.py
[2024-01-23T22:11:56.222+0000] {processor.py:753} INFO - DAG(s) dict_keys(['example_trigger_target_dag']) retrieved from /home/airflow/.local/lib/python3.7/site-packages/airflow/example_dags/example_trigger_target_dag.py
[2024-01-23T22:11:56.260+0000] {logging_mixin.py:137} INFO - [2024-01-23T22:11:56.260+0000] {dag.py:2676} INFO - Sync 1 DAGs
[2024-01-23T22:11:56.293+0000] {logging_mixin.py:137} INFO - [2024-01-23T22:11:56.293+0000] {dag.py:3427} INFO - Setting next_dagrun for example_trigger_target_dag to None, run_after=None
[2024-01-23T22:11:56.314+0000] {processor.py:175} INFO - Processing /home/airflow/.local/lib/python3.7/site-packages/airflow/example_dags/example_trigger_target_dag.py took 0.123 seconds
[2024-01-23T22:12:26.545+0000] {processor.py:153} INFO - Started process (PID=2327) to work on /home/airflow/.local/lib/python3.7/site-packages/airflow/example_dags/example_trigger_target_dag.py
[2024-01-23T22:12:26.546+0000] {processor.py:743} INFO - Processing file /home/airflow/.local/lib/python3.7/site-packages/airflow/example_dags/example_trigger_target_dag.py for tasks to queue
[2024-01-23T22:12:26.546+0000] {logging_mixin.py:137} INFO - [2024-01-23T22:12:26.546+0000] {dagbag.py:538} INFO - Filling up the DagBag from /home/airflow/.local/lib/python3.7/site-packages/airflow/example_dags/example_trigger_target_dag.py
[2024-01-23T22:12:26.572+0000] {processor.py:753} INFO - DAG(s) dict_keys(['example_trigger_target_dag']) retrieved from /home/airflow/.local/lib/python3.7/site-packages/airflow/example_dags/example_trigger_target_dag.py
[2024-01-23T22:12:26.617+0000] {logging_mixin.py:137} INFO - [2024-01-23T22:12:26.616+0000] {dag.py:2676} INFO - Sync 1 DAGs
[2024-01-23T22:12:26.645+0000] {logging_mixin.py:137} INFO - [2024-01-23T22:12:26.645+0000] {dag.py:3427} INFO - Setting next_dagrun for example_trigger_target_dag to None, run_after=None
[2024-01-23T22:12:26.667+0000] {processor.py:175} INFO - Processing /home/airflow/.local/lib/python3.7/site-packages/airflow/example_dags/example_trigger_target_dag.py took 0.124 seconds
[2024-01-23T22:12:57.031+0000] {processor.py:153} INFO - Started process (PID=2407) to work on /home/airflow/.local/lib/python3.7/site-packages/airflow/example_dags/example_trigger_target_dag.py
[2024-01-23T22:12:57.032+0000] {processor.py:743} INFO - Processing file /home/airflow/.local/lib/python3.7/site-packages/airflow/example_dags/example_trigger_target_dag.py for tasks to queue
[2024-01-23T22:12:57.032+0000] {logging_mixin.py:137} INFO - [2024-01-23T22:12:57.032+0000] {dagbag.py:538} INFO - Filling up the DagBag from /home/airflow/.local/lib/python3.7/site-packages/airflow/example_dags/example_trigger_target_dag.py
[2024-01-23T22:12:57.054+0000] {processor.py:753} INFO - DAG(s) dict_keys(['example_trigger_target_dag']) retrieved from /home/airflow/.local/lib/python3.7/site-packages/airflow/example_dags/example_trigger_target_dag.py
[2024-01-23T22:12:57.097+0000] {logging_mixin.py:137} INFO - [2024-01-23T22:12:57.096+0000] {dag.py:2676} INFO - Sync 1 DAGs
[2024-01-23T22:12:57.135+0000] {logging_mixin.py:137} INFO - [2024-01-23T22:12:57.135+0000] {dag.py:3427} INFO - Setting next_dagrun for example_trigger_target_dag to None, run_after=None
[2024-01-23T22:12:57.163+0000] {processor.py:175} INFO - Processing /home/airflow/.local/lib/python3.7/site-packages/airflow/example_dags/example_trigger_target_dag.py took 0.134 seconds
[2024-01-23T22:13:27.871+0000] {processor.py:153} INFO - Started process (PID=2507) to work on /home/airflow/.local/lib/python3.7/site-packages/airflow/example_dags/example_trigger_target_dag.py
[2024-01-23T22:13:27.872+0000] {processor.py:743} INFO - Processing file /home/airflow/.local/lib/python3.7/site-packages/airflow/example_dags/example_trigger_target_dag.py for tasks to queue
[2024-01-23T22:13:27.873+0000] {logging_mixin.py:137} INFO - [2024-01-23T22:13:27.872+0000] {dagbag.py:538} INFO - Filling up the DagBag from /home/airflow/.local/lib/python3.7/site-packages/airflow/example_dags/example_trigger_target_dag.py
[2024-01-23T22:13:27.899+0000] {processor.py:753} INFO - DAG(s) dict_keys(['example_trigger_target_dag']) retrieved from /home/airflow/.local/lib/python3.7/site-packages/airflow/example_dags/example_trigger_target_dag.py
[2024-01-23T22:13:27.949+0000] {logging_mixin.py:137} INFO - [2024-01-23T22:13:27.949+0000] {dag.py:2676} INFO - Sync 1 DAGs
[2024-01-23T22:13:27.982+0000] {logging_mixin.py:137} INFO - [2024-01-23T22:13:27.982+0000] {dag.py:3427} INFO - Setting next_dagrun for example_trigger_target_dag to None, run_after=None
[2024-01-23T22:13:28.007+0000] {processor.py:175} INFO - Processing /home/airflow/.local/lib/python3.7/site-packages/airflow/example_dags/example_trigger_target_dag.py took 0.138 seconds
[2024-01-23T22:13:58.071+0000] {processor.py:153} INFO - Started process (PID=2586) to work on /home/airflow/.local/lib/python3.7/site-packages/airflow/example_dags/example_trigger_target_dag.py
[2024-01-23T22:13:58.071+0000] {processor.py:743} INFO - Processing file /home/airflow/.local/lib/python3.7/site-packages/airflow/example_dags/example_trigger_target_dag.py for tasks to queue
[2024-01-23T22:13:58.072+0000] {logging_mixin.py:137} INFO - [2024-01-23T22:13:58.072+0000] {dagbag.py:538} INFO - Filling up the DagBag from /home/airflow/.local/lib/python3.7/site-packages/airflow/example_dags/example_trigger_target_dag.py
[2024-01-23T22:13:58.091+0000] {processor.py:753} INFO - DAG(s) dict_keys(['example_trigger_target_dag']) retrieved from /home/airflow/.local/lib/python3.7/site-packages/airflow/example_dags/example_trigger_target_dag.py
[2024-01-23T22:13:58.123+0000] {logging_mixin.py:137} INFO - [2024-01-23T22:13:58.123+0000] {dag.py:2676} INFO - Sync 1 DAGs
[2024-01-23T22:13:58.150+0000] {logging_mixin.py:137} INFO - [2024-01-23T22:13:58.150+0000] {dag.py:3427} INFO - Setting next_dagrun for example_trigger_target_dag to None, run_after=None
[2024-01-23T22:13:58.170+0000] {processor.py:175} INFO - Processing /home/airflow/.local/lib/python3.7/site-packages/airflow/example_dags/example_trigger_target_dag.py took 0.102 seconds
[2024-01-23T22:14:28.697+0000] {processor.py:153} INFO - Started process (PID=2666) to work on /home/airflow/.local/lib/python3.7/site-packages/airflow/example_dags/example_trigger_target_dag.py
[2024-01-23T22:14:28.697+0000] {processor.py:743} INFO - Processing file /home/airflow/.local/lib/python3.7/site-packages/airflow/example_dags/example_trigger_target_dag.py for tasks to queue
[2024-01-23T22:14:28.698+0000] {logging_mixin.py:137} INFO - [2024-01-23T22:14:28.698+0000] {dagbag.py:538} INFO - Filling up the DagBag from /home/airflow/.local/lib/python3.7/site-packages/airflow/example_dags/example_trigger_target_dag.py
[2024-01-23T22:14:28.717+0000] {processor.py:753} INFO - DAG(s) dict_keys(['example_trigger_target_dag']) retrieved from /home/airflow/.local/lib/python3.7/site-packages/airflow/example_dags/example_trigger_target_dag.py
[2024-01-23T22:14:28.754+0000] {logging_mixin.py:137} INFO - [2024-01-23T22:14:28.754+0000] {dag.py:2676} INFO - Sync 1 DAGs
[2024-01-23T22:14:28.777+0000] {logging_mixin.py:137} INFO - [2024-01-23T22:14:28.777+0000] {dag.py:3427} INFO - Setting next_dagrun for example_trigger_target_dag to None, run_after=None
[2024-01-23T22:14:28.795+0000] {processor.py:175} INFO - Processing /home/airflow/.local/lib/python3.7/site-packages/airflow/example_dags/example_trigger_target_dag.py took 0.100 seconds
[2024-01-23T22:14:59.563+0000] {processor.py:153} INFO - Started process (PID=2768) to work on /home/airflow/.local/lib/python3.7/site-packages/airflow/example_dags/example_trigger_target_dag.py
[2024-01-23T22:14:59.564+0000] {processor.py:743} INFO - Processing file /home/airflow/.local/lib/python3.7/site-packages/airflow/example_dags/example_trigger_target_dag.py for tasks to queue
[2024-01-23T22:14:59.564+0000] {logging_mixin.py:137} INFO - [2024-01-23T22:14:59.564+0000] {dagbag.py:538} INFO - Filling up the DagBag from /home/airflow/.local/lib/python3.7/site-packages/airflow/example_dags/example_trigger_target_dag.py
[2024-01-23T22:14:59.585+0000] {processor.py:753} INFO - DAG(s) dict_keys(['example_trigger_target_dag']) retrieved from /home/airflow/.local/lib/python3.7/site-packages/airflow/example_dags/example_trigger_target_dag.py
[2024-01-23T22:14:59.619+0000] {logging_mixin.py:137} INFO - [2024-01-23T22:14:59.619+0000] {dag.py:2676} INFO - Sync 1 DAGs
[2024-01-23T22:14:59.654+0000] {logging_mixin.py:137} INFO - [2024-01-23T22:14:59.654+0000] {dag.py:3427} INFO - Setting next_dagrun for example_trigger_target_dag to None, run_after=None
[2024-01-23T22:14:59.676+0000] {processor.py:175} INFO - Processing /home/airflow/.local/lib/python3.7/site-packages/airflow/example_dags/example_trigger_target_dag.py took 0.115 seconds
[2024-01-23T22:15:29.806+0000] {processor.py:153} INFO - Started process (PID=2849) to work on /home/airflow/.local/lib/python3.7/site-packages/airflow/example_dags/example_trigger_target_dag.py
[2024-01-23T22:15:29.806+0000] {processor.py:743} INFO - Processing file /home/airflow/.local/lib/python3.7/site-packages/airflow/example_dags/example_trigger_target_dag.py for tasks to queue
[2024-01-23T22:15:29.807+0000] {logging_mixin.py:137} INFO - [2024-01-23T22:15:29.807+0000] {dagbag.py:538} INFO - Filling up the DagBag from /home/airflow/.local/lib/python3.7/site-packages/airflow/example_dags/example_trigger_target_dag.py
[2024-01-23T22:15:29.826+0000] {processor.py:753} INFO - DAG(s) dict_keys(['example_trigger_target_dag']) retrieved from /home/airflow/.local/lib/python3.7/site-packages/airflow/example_dags/example_trigger_target_dag.py
[2024-01-23T22:15:29.864+0000] {logging_mixin.py:137} INFO - [2024-01-23T22:15:29.864+0000] {dag.py:2676} INFO - Sync 1 DAGs
[2024-01-23T22:15:29.891+0000] {logging_mixin.py:137} INFO - [2024-01-23T22:15:29.891+0000] {dag.py:3427} INFO - Setting next_dagrun for example_trigger_target_dag to None, run_after=None
[2024-01-23T22:15:29.912+0000] {processor.py:175} INFO - Processing /home/airflow/.local/lib/python3.7/site-packages/airflow/example_dags/example_trigger_target_dag.py took 0.108 seconds
[2024-01-23T22:16:00.094+0000] {processor.py:153} INFO - Started process (PID=2929) to work on /home/airflow/.local/lib/python3.7/site-packages/airflow/example_dags/example_trigger_target_dag.py
[2024-01-23T22:16:00.094+0000] {processor.py:743} INFO - Processing file /home/airflow/.local/lib/python3.7/site-packages/airflow/example_dags/example_trigger_target_dag.py for tasks to queue
[2024-01-23T22:16:00.095+0000] {logging_mixin.py:137} INFO - [2024-01-23T22:16:00.095+0000] {dagbag.py:538} INFO - Filling up the DagBag from /home/airflow/.local/lib/python3.7/site-packages/airflow/example_dags/example_trigger_target_dag.py
[2024-01-23T22:16:00.116+0000] {processor.py:753} INFO - DAG(s) dict_keys(['example_trigger_target_dag']) retrieved from /home/airflow/.local/lib/python3.7/site-packages/airflow/example_dags/example_trigger_target_dag.py
[2024-01-23T22:16:00.153+0000] {logging_mixin.py:137} INFO - [2024-01-23T22:16:00.153+0000] {dag.py:2676} INFO - Sync 1 DAGs
[2024-01-23T22:16:00.179+0000] {logging_mixin.py:137} INFO - [2024-01-23T22:16:00.179+0000] {dag.py:3427} INFO - Setting next_dagrun for example_trigger_target_dag to None, run_after=None
[2024-01-23T22:16:00.204+0000] {processor.py:175} INFO - Processing /home/airflow/.local/lib/python3.7/site-packages/airflow/example_dags/example_trigger_target_dag.py took 0.112 seconds
[2024-01-23T22:16:30.338+0000] {processor.py:153} INFO - Started process (PID=3028) to work on /home/airflow/.local/lib/python3.7/site-packages/airflow/example_dags/example_trigger_target_dag.py
[2024-01-23T22:16:30.339+0000] {processor.py:743} INFO - Processing file /home/airflow/.local/lib/python3.7/site-packages/airflow/example_dags/example_trigger_target_dag.py for tasks to queue
[2024-01-23T22:16:30.340+0000] {logging_mixin.py:137} INFO - [2024-01-23T22:16:30.340+0000] {dagbag.py:538} INFO - Filling up the DagBag from /home/airflow/.local/lib/python3.7/site-packages/airflow/example_dags/example_trigger_target_dag.py
[2024-01-23T22:16:30.359+0000] {processor.py:753} INFO - DAG(s) dict_keys(['example_trigger_target_dag']) retrieved from /home/airflow/.local/lib/python3.7/site-packages/airflow/example_dags/example_trigger_target_dag.py
[2024-01-23T22:16:30.398+0000] {logging_mixin.py:137} INFO - [2024-01-23T22:16:30.397+0000] {dag.py:2676} INFO - Sync 1 DAGs
[2024-01-23T22:16:30.424+0000] {logging_mixin.py:137} INFO - [2024-01-23T22:16:30.424+0000] {dag.py:3427} INFO - Setting next_dagrun for example_trigger_target_dag to None, run_after=None
[2024-01-23T22:16:30.443+0000] {processor.py:175} INFO - Processing /home/airflow/.local/lib/python3.7/site-packages/airflow/example_dags/example_trigger_target_dag.py took 0.107 seconds
[2024-01-23T22:17:00.555+0000] {processor.py:153} INFO - Started process (PID=3108) to work on /home/airflow/.local/lib/python3.7/site-packages/airflow/example_dags/example_trigger_target_dag.py
[2024-01-23T22:17:00.556+0000] {processor.py:743} INFO - Processing file /home/airflow/.local/lib/python3.7/site-packages/airflow/example_dags/example_trigger_target_dag.py for tasks to queue
[2024-01-23T22:17:00.557+0000] {logging_mixin.py:137} INFO - [2024-01-23T22:17:00.557+0000] {dagbag.py:538} INFO - Filling up the DagBag from /home/airflow/.local/lib/python3.7/site-packages/airflow/example_dags/example_trigger_target_dag.py
[2024-01-23T22:17:00.580+0000] {processor.py:753} INFO - DAG(s) dict_keys(['example_trigger_target_dag']) retrieved from /home/airflow/.local/lib/python3.7/site-packages/airflow/example_dags/example_trigger_target_dag.py
[2024-01-23T22:17:00.632+0000] {logging_mixin.py:137} INFO - [2024-01-23T22:17:00.628+0000] {dag.py:2676} INFO - Sync 1 DAGs
[2024-01-23T22:17:00.681+0000] {logging_mixin.py:137} INFO - [2024-01-23T22:17:00.681+0000] {dag.py:3427} INFO - Setting next_dagrun for example_trigger_target_dag to None, run_after=None
[2024-01-23T22:17:00.705+0000] {processor.py:175} INFO - Processing /home/airflow/.local/lib/python3.7/site-packages/airflow/example_dags/example_trigger_target_dag.py took 0.152 seconds
[2024-01-23T22:17:30.730+0000] {processor.py:153} INFO - Started process (PID=3187) to work on /home/airflow/.local/lib/python3.7/site-packages/airflow/example_dags/example_trigger_target_dag.py
[2024-01-23T22:17:30.731+0000] {processor.py:743} INFO - Processing file /home/airflow/.local/lib/python3.7/site-packages/airflow/example_dags/example_trigger_target_dag.py for tasks to queue
[2024-01-23T22:17:30.732+0000] {logging_mixin.py:137} INFO - [2024-01-23T22:17:30.732+0000] {dagbag.py:538} INFO - Filling up the DagBag from /home/airflow/.local/lib/python3.7/site-packages/airflow/example_dags/example_trigger_target_dag.py
[2024-01-23T22:17:30.761+0000] {processor.py:753} INFO - DAG(s) dict_keys(['example_trigger_target_dag']) retrieved from /home/airflow/.local/lib/python3.7/site-packages/airflow/example_dags/example_trigger_target_dag.py
[2024-01-23T22:17:30.806+0000] {logging_mixin.py:137} INFO - [2024-01-23T22:17:30.806+0000] {dag.py:2676} INFO - Sync 1 DAGs
[2024-01-23T22:17:30.839+0000] {logging_mixin.py:137} INFO - [2024-01-23T22:17:30.839+0000] {dag.py:3427} INFO - Setting next_dagrun for example_trigger_target_dag to None, run_after=None
[2024-01-23T22:17:30.862+0000] {processor.py:175} INFO - Processing /home/airflow/.local/lib/python3.7/site-packages/airflow/example_dags/example_trigger_target_dag.py took 0.135 seconds
[2024-01-23T22:18:01.102+0000] {processor.py:153} INFO - Started process (PID=3287) to work on /home/airflow/.local/lib/python3.7/site-packages/airflow/example_dags/example_trigger_target_dag.py
[2024-01-23T22:18:01.103+0000] {processor.py:743} INFO - Processing file /home/airflow/.local/lib/python3.7/site-packages/airflow/example_dags/example_trigger_target_dag.py for tasks to queue
[2024-01-23T22:18:01.104+0000] {logging_mixin.py:137} INFO - [2024-01-23T22:18:01.104+0000] {dagbag.py:538} INFO - Filling up the DagBag from /home/airflow/.local/lib/python3.7/site-packages/airflow/example_dags/example_trigger_target_dag.py
[2024-01-23T22:18:01.128+0000] {processor.py:753} INFO - DAG(s) dict_keys(['example_trigger_target_dag']) retrieved from /home/airflow/.local/lib/python3.7/site-packages/airflow/example_dags/example_trigger_target_dag.py
[2024-01-23T22:18:01.167+0000] {logging_mixin.py:137} INFO - [2024-01-23T22:18:01.166+0000] {dag.py:2676} INFO - Sync 1 DAGs
[2024-01-23T22:18:01.193+0000] {logging_mixin.py:137} INFO - [2024-01-23T22:18:01.193+0000] {dag.py:3427} INFO - Setting next_dagrun for example_trigger_target_dag to None, run_after=None
[2024-01-23T22:18:01.215+0000] {processor.py:175} INFO - Processing /home/airflow/.local/lib/python3.7/site-packages/airflow/example_dags/example_trigger_target_dag.py took 0.116 seconds
[2024-01-23T22:18:31.374+0000] {processor.py:153} INFO - Started process (PID=3367) to work on /home/airflow/.local/lib/python3.7/site-packages/airflow/example_dags/example_trigger_target_dag.py
[2024-01-23T22:18:31.375+0000] {processor.py:743} INFO - Processing file /home/airflow/.local/lib/python3.7/site-packages/airflow/example_dags/example_trigger_target_dag.py for tasks to queue
[2024-01-23T22:18:31.375+0000] {logging_mixin.py:137} INFO - [2024-01-23T22:18:31.375+0000] {dagbag.py:538} INFO - Filling up the DagBag from /home/airflow/.local/lib/python3.7/site-packages/airflow/example_dags/example_trigger_target_dag.py
[2024-01-23T22:18:31.408+0000] {processor.py:753} INFO - DAG(s) dict_keys(['example_trigger_target_dag']) retrieved from /home/airflow/.local/lib/python3.7/site-packages/airflow/example_dags/example_trigger_target_dag.py
[2024-01-23T22:18:31.447+0000] {logging_mixin.py:137} INFO - [2024-01-23T22:18:31.447+0000] {dag.py:2676} INFO - Sync 1 DAGs
[2024-01-23T22:18:31.473+0000] {logging_mixin.py:137} INFO - [2024-01-23T22:18:31.473+0000] {dag.py:3427} INFO - Setting next_dagrun for example_trigger_target_dag to None, run_after=None
[2024-01-23T22:18:31.493+0000] {processor.py:175} INFO - Processing /home/airflow/.local/lib/python3.7/site-packages/airflow/example_dags/example_trigger_target_dag.py took 0.121 seconds
[2024-01-23T22:19:01.734+0000] {processor.py:153} INFO - Started process (PID=3456) to work on /home/airflow/.local/lib/python3.7/site-packages/airflow/example_dags/example_trigger_target_dag.py
[2024-01-23T22:19:01.735+0000] {processor.py:743} INFO - Processing file /home/airflow/.local/lib/python3.7/site-packages/airflow/example_dags/example_trigger_target_dag.py for tasks to queue
[2024-01-23T22:19:01.736+0000] {logging_mixin.py:137} INFO - [2024-01-23T22:19:01.736+0000] {dagbag.py:538} INFO - Filling up the DagBag from /home/airflow/.local/lib/python3.7/site-packages/airflow/example_dags/example_trigger_target_dag.py
[2024-01-23T22:19:01.761+0000] {processor.py:753} INFO - DAG(s) dict_keys(['example_trigger_target_dag']) retrieved from /home/airflow/.local/lib/python3.7/site-packages/airflow/example_dags/example_trigger_target_dag.py
[2024-01-23T22:19:01.800+0000] {logging_mixin.py:137} INFO - [2024-01-23T22:19:01.800+0000] {dag.py:2676} INFO - Sync 1 DAGs
[2024-01-23T22:19:01.831+0000] {logging_mixin.py:137} INFO - [2024-01-23T22:19:01.831+0000] {dag.py:3427} INFO - Setting next_dagrun for example_trigger_target_dag to None, run_after=None
[2024-01-23T22:19:01.853+0000] {processor.py:175} INFO - Processing /home/airflow/.local/lib/python3.7/site-packages/airflow/example_dags/example_trigger_target_dag.py took 0.121 seconds
[2024-01-23T22:19:32.097+0000] {processor.py:153} INFO - Started process (PID=3547) to work on /home/airflow/.local/lib/python3.7/site-packages/airflow/example_dags/example_trigger_target_dag.py
[2024-01-23T22:19:32.098+0000] {processor.py:743} INFO - Processing file /home/airflow/.local/lib/python3.7/site-packages/airflow/example_dags/example_trigger_target_dag.py for tasks to queue
[2024-01-23T22:19:32.099+0000] {logging_mixin.py:137} INFO - [2024-01-23T22:19:32.098+0000] {dagbag.py:538} INFO - Filling up the DagBag from /home/airflow/.local/lib/python3.7/site-packages/airflow/example_dags/example_trigger_target_dag.py
[2024-01-23T22:19:32.119+0000] {processor.py:753} INFO - DAG(s) dict_keys(['example_trigger_target_dag']) retrieved from /home/airflow/.local/lib/python3.7/site-packages/airflow/example_dags/example_trigger_target_dag.py
[2024-01-23T22:19:32.154+0000] {logging_mixin.py:137} INFO - [2024-01-23T22:19:32.154+0000] {dag.py:2676} INFO - Sync 1 DAGs
[2024-01-23T22:19:32.183+0000] {logging_mixin.py:137} INFO - [2024-01-23T22:19:32.183+0000] {dag.py:3427} INFO - Setting next_dagrun for example_trigger_target_dag to None, run_after=None
[2024-01-23T22:19:32.202+0000] {processor.py:175} INFO - Processing /home/airflow/.local/lib/python3.7/site-packages/airflow/example_dags/example_trigger_target_dag.py took 0.107 seconds
[2024-01-23T22:20:02.391+0000] {processor.py:153} INFO - Started process (PID=3627) to work on /home/airflow/.local/lib/python3.7/site-packages/airflow/example_dags/example_trigger_target_dag.py
[2024-01-23T22:20:02.391+0000] {processor.py:743} INFO - Processing file /home/airflow/.local/lib/python3.7/site-packages/airflow/example_dags/example_trigger_target_dag.py for tasks to queue
[2024-01-23T22:20:02.392+0000] {logging_mixin.py:137} INFO - [2024-01-23T22:20:02.392+0000] {dagbag.py:538} INFO - Filling up the DagBag from /home/airflow/.local/lib/python3.7/site-packages/airflow/example_dags/example_trigger_target_dag.py
[2024-01-23T22:20:02.417+0000] {processor.py:753} INFO - DAG(s) dict_keys(['example_trigger_target_dag']) retrieved from /home/airflow/.local/lib/python3.7/site-packages/airflow/example_dags/example_trigger_target_dag.py
[2024-01-23T22:20:02.456+0000] {logging_mixin.py:137} INFO - [2024-01-23T22:20:02.456+0000] {dag.py:2676} INFO - Sync 1 DAGs
[2024-01-23T22:20:02.481+0000] {logging_mixin.py:137} INFO - [2024-01-23T22:20:02.481+0000] {dag.py:3427} INFO - Setting next_dagrun for example_trigger_target_dag to None, run_after=None
[2024-01-23T22:20:02.501+0000] {processor.py:175} INFO - Processing /home/airflow/.local/lib/python3.7/site-packages/airflow/example_dags/example_trigger_target_dag.py took 0.112 seconds
[2024-01-23T22:20:33.045+0000] {processor.py:153} INFO - Started process (PID=3717) to work on /home/airflow/.local/lib/python3.7/site-packages/airflow/example_dags/example_trigger_target_dag.py
[2024-01-23T22:20:33.046+0000] {processor.py:743} INFO - Processing file /home/airflow/.local/lib/python3.7/site-packages/airflow/example_dags/example_trigger_target_dag.py for tasks to queue
[2024-01-23T22:20:33.046+0000] {logging_mixin.py:137} INFO - [2024-01-23T22:20:33.046+0000] {dagbag.py:538} INFO - Filling up the DagBag from /home/airflow/.local/lib/python3.7/site-packages/airflow/example_dags/example_trigger_target_dag.py
[2024-01-23T22:20:33.073+0000] {processor.py:753} INFO - DAG(s) dict_keys(['example_trigger_target_dag']) retrieved from /home/airflow/.local/lib/python3.7/site-packages/airflow/example_dags/example_trigger_target_dag.py
[2024-01-23T22:20:33.121+0000] {logging_mixin.py:137} INFO - [2024-01-23T22:20:33.121+0000] {dag.py:2676} INFO - Sync 1 DAGs
[2024-01-23T22:20:33.160+0000] {logging_mixin.py:137} INFO - [2024-01-23T22:20:33.160+0000] {dag.py:3427} INFO - Setting next_dagrun for example_trigger_target_dag to None, run_after=None
[2024-01-23T22:20:33.188+0000] {processor.py:175} INFO - Processing /home/airflow/.local/lib/python3.7/site-packages/airflow/example_dags/example_trigger_target_dag.py took 0.146 seconds
[2024-01-23T22:21:03.379+0000] {processor.py:153} INFO - Started process (PID=3808) to work on /home/airflow/.local/lib/python3.7/site-packages/airflow/example_dags/example_trigger_target_dag.py
[2024-01-23T22:21:03.380+0000] {processor.py:743} INFO - Processing file /home/airflow/.local/lib/python3.7/site-packages/airflow/example_dags/example_trigger_target_dag.py for tasks to queue
[2024-01-23T22:21:03.380+0000] {logging_mixin.py:137} INFO - [2024-01-23T22:21:03.380+0000] {dagbag.py:538} INFO - Filling up the DagBag from /home/airflow/.local/lib/python3.7/site-packages/airflow/example_dags/example_trigger_target_dag.py
[2024-01-23T22:21:03.405+0000] {processor.py:753} INFO - DAG(s) dict_keys(['example_trigger_target_dag']) retrieved from /home/airflow/.local/lib/python3.7/site-packages/airflow/example_dags/example_trigger_target_dag.py
[2024-01-23T22:21:03.450+0000] {logging_mixin.py:137} INFO - [2024-01-23T22:21:03.450+0000] {dag.py:2676} INFO - Sync 1 DAGs
[2024-01-23T22:21:03.482+0000] {logging_mixin.py:137} INFO - [2024-01-23T22:21:03.482+0000] {dag.py:3427} INFO - Setting next_dagrun for example_trigger_target_dag to None, run_after=None
[2024-01-23T22:21:03.506+0000] {processor.py:175} INFO - Processing /home/airflow/.local/lib/python3.7/site-packages/airflow/example_dags/example_trigger_target_dag.py took 0.129 seconds
[2024-01-23T22:21:33.754+0000] {processor.py:153} INFO - Started process (PID=3888) to work on /home/airflow/.local/lib/python3.7/site-packages/airflow/example_dags/example_trigger_target_dag.py
[2024-01-23T22:21:33.754+0000] {processor.py:743} INFO - Processing file /home/airflow/.local/lib/python3.7/site-packages/airflow/example_dags/example_trigger_target_dag.py for tasks to queue
[2024-01-23T22:21:33.755+0000] {logging_mixin.py:137} INFO - [2024-01-23T22:21:33.755+0000] {dagbag.py:538} INFO - Filling up the DagBag from /home/airflow/.local/lib/python3.7/site-packages/airflow/example_dags/example_trigger_target_dag.py
[2024-01-23T22:21:33.790+0000] {processor.py:753} INFO - DAG(s) dict_keys(['example_trigger_target_dag']) retrieved from /home/airflow/.local/lib/python3.7/site-packages/airflow/example_dags/example_trigger_target_dag.py
[2024-01-23T22:21:33.835+0000] {logging_mixin.py:137} INFO - [2024-01-23T22:21:33.835+0000] {dag.py:2676} INFO - Sync 1 DAGs
[2024-01-23T22:21:33.869+0000] {logging_mixin.py:137} INFO - [2024-01-23T22:21:33.869+0000] {dag.py:3427} INFO - Setting next_dagrun for example_trigger_target_dag to None, run_after=None
[2024-01-23T22:21:33.909+0000] {processor.py:175} INFO - Processing /home/airflow/.local/lib/python3.7/site-packages/airflow/example_dags/example_trigger_target_dag.py took 0.158 seconds
[2024-01-23T22:22:04.349+0000] {processor.py:153} INFO - Started process (PID=3988) to work on /home/airflow/.local/lib/python3.7/site-packages/airflow/example_dags/example_trigger_target_dag.py
[2024-01-23T22:22:04.349+0000] {processor.py:743} INFO - Processing file /home/airflow/.local/lib/python3.7/site-packages/airflow/example_dags/example_trigger_target_dag.py for tasks to queue
[2024-01-23T22:22:04.350+0000] {logging_mixin.py:137} INFO - [2024-01-23T22:22:04.350+0000] {dagbag.py:538} INFO - Filling up the DagBag from /home/airflow/.local/lib/python3.7/site-packages/airflow/example_dags/example_trigger_target_dag.py
[2024-01-23T22:22:04.381+0000] {processor.py:753} INFO - DAG(s) dict_keys(['example_trigger_target_dag']) retrieved from /home/airflow/.local/lib/python3.7/site-packages/airflow/example_dags/example_trigger_target_dag.py
[2024-01-23T22:22:04.426+0000] {logging_mixin.py:137} INFO - [2024-01-23T22:22:04.426+0000] {dag.py:2676} INFO - Sync 1 DAGs
[2024-01-23T22:22:04.457+0000] {logging_mixin.py:137} INFO - [2024-01-23T22:22:04.457+0000] {dag.py:3427} INFO - Setting next_dagrun for example_trigger_target_dag to None, run_after=None
[2024-01-23T22:22:04.480+0000] {processor.py:175} INFO - Processing /home/airflow/.local/lib/python3.7/site-packages/airflow/example_dags/example_trigger_target_dag.py took 0.134 seconds
[2024-01-23T22:22:34.588+0000] {processor.py:153} INFO - Started process (PID=4068) to work on /home/airflow/.local/lib/python3.7/site-packages/airflow/example_dags/example_trigger_target_dag.py
[2024-01-23T22:22:34.589+0000] {processor.py:743} INFO - Processing file /home/airflow/.local/lib/python3.7/site-packages/airflow/example_dags/example_trigger_target_dag.py for tasks to queue
[2024-01-23T22:22:34.590+0000] {logging_mixin.py:137} INFO - [2024-01-23T22:22:34.590+0000] {dagbag.py:538} INFO - Filling up the DagBag from /home/airflow/.local/lib/python3.7/site-packages/airflow/example_dags/example_trigger_target_dag.py
[2024-01-23T22:22:34.612+0000] {processor.py:753} INFO - DAG(s) dict_keys(['example_trigger_target_dag']) retrieved from /home/airflow/.local/lib/python3.7/site-packages/airflow/example_dags/example_trigger_target_dag.py
[2024-01-23T22:22:34.646+0000] {logging_mixin.py:137} INFO - [2024-01-23T22:22:34.646+0000] {dag.py:2676} INFO - Sync 1 DAGs
[2024-01-23T22:22:34.672+0000] {logging_mixin.py:137} INFO - [2024-01-23T22:22:34.672+0000] {dag.py:3427} INFO - Setting next_dagrun for example_trigger_target_dag to None, run_after=None
[2024-01-23T22:22:34.697+0000] {processor.py:175} INFO - Processing /home/airflow/.local/lib/python3.7/site-packages/airflow/example_dags/example_trigger_target_dag.py took 0.112 seconds
[2024-01-23T22:23:04.811+0000] {processor.py:153} INFO - Started process (PID=4148) to work on /home/airflow/.local/lib/python3.7/site-packages/airflow/example_dags/example_trigger_target_dag.py
[2024-01-23T22:23:04.812+0000] {processor.py:743} INFO - Processing file /home/airflow/.local/lib/python3.7/site-packages/airflow/example_dags/example_trigger_target_dag.py for tasks to queue
[2024-01-23T22:23:04.813+0000] {logging_mixin.py:137} INFO - [2024-01-23T22:23:04.813+0000] {dagbag.py:538} INFO - Filling up the DagBag from /home/airflow/.local/lib/python3.7/site-packages/airflow/example_dags/example_trigger_target_dag.py
[2024-01-23T22:23:04.836+0000] {processor.py:753} INFO - DAG(s) dict_keys(['example_trigger_target_dag']) retrieved from /home/airflow/.local/lib/python3.7/site-packages/airflow/example_dags/example_trigger_target_dag.py
[2024-01-23T22:23:04.873+0000] {logging_mixin.py:137} INFO - [2024-01-23T22:23:04.872+0000] {dag.py:2676} INFO - Sync 1 DAGs
[2024-01-23T22:23:04.899+0000] {logging_mixin.py:137} INFO - [2024-01-23T22:23:04.899+0000] {dag.py:3427} INFO - Setting next_dagrun for example_trigger_target_dag to None, run_after=None
[2024-01-23T22:23:04.929+0000] {processor.py:175} INFO - Processing /home/airflow/.local/lib/python3.7/site-packages/airflow/example_dags/example_trigger_target_dag.py took 0.119 seconds
[2024-01-23T22:23:35.077+0000] {processor.py:153} INFO - Started process (PID=4249) to work on /home/airflow/.local/lib/python3.7/site-packages/airflow/example_dags/example_trigger_target_dag.py
[2024-01-23T22:23:35.078+0000] {processor.py:743} INFO - Processing file /home/airflow/.local/lib/python3.7/site-packages/airflow/example_dags/example_trigger_target_dag.py for tasks to queue
[2024-01-23T22:23:35.079+0000] {logging_mixin.py:137} INFO - [2024-01-23T22:23:35.079+0000] {dagbag.py:538} INFO - Filling up the DagBag from /home/airflow/.local/lib/python3.7/site-packages/airflow/example_dags/example_trigger_target_dag.py
[2024-01-23T22:23:35.106+0000] {processor.py:753} INFO - DAG(s) dict_keys(['example_trigger_target_dag']) retrieved from /home/airflow/.local/lib/python3.7/site-packages/airflow/example_dags/example_trigger_target_dag.py
[2024-01-23T22:23:35.146+0000] {logging_mixin.py:137} INFO - [2024-01-23T22:23:35.146+0000] {dag.py:2676} INFO - Sync 1 DAGs
[2024-01-23T22:23:35.173+0000] {logging_mixin.py:137} INFO - [2024-01-23T22:23:35.173+0000] {dag.py:3427} INFO - Setting next_dagrun for example_trigger_target_dag to None, run_after=None
[2024-01-23T22:23:35.193+0000] {processor.py:175} INFO - Processing /home/airflow/.local/lib/python3.7/site-packages/airflow/example_dags/example_trigger_target_dag.py took 0.119 seconds
[2024-01-23T22:24:05.303+0000] {processor.py:153} INFO - Started process (PID=4329) to work on /home/airflow/.local/lib/python3.7/site-packages/airflow/example_dags/example_trigger_target_dag.py
[2024-01-23T22:24:05.303+0000] {processor.py:743} INFO - Processing file /home/airflow/.local/lib/python3.7/site-packages/airflow/example_dags/example_trigger_target_dag.py for tasks to queue
[2024-01-23T22:24:05.304+0000] {logging_mixin.py:137} INFO - [2024-01-23T22:24:05.304+0000] {dagbag.py:538} INFO - Filling up the DagBag from /home/airflow/.local/lib/python3.7/site-packages/airflow/example_dags/example_trigger_target_dag.py
[2024-01-23T22:24:05.330+0000] {processor.py:753} INFO - DAG(s) dict_keys(['example_trigger_target_dag']) retrieved from /home/airflow/.local/lib/python3.7/site-packages/airflow/example_dags/example_trigger_target_dag.py
[2024-01-23T22:24:05.366+0000] {logging_mixin.py:137} INFO - [2024-01-23T22:24:05.365+0000] {dag.py:2676} INFO - Sync 1 DAGs
[2024-01-23T22:24:05.389+0000] {logging_mixin.py:137} INFO - [2024-01-23T22:24:05.389+0000] {dag.py:3427} INFO - Setting next_dagrun for example_trigger_target_dag to None, run_after=None
[2024-01-23T22:24:05.415+0000] {processor.py:175} INFO - Processing /home/airflow/.local/lib/python3.7/site-packages/airflow/example_dags/example_trigger_target_dag.py took 0.114 seconds
[2024-01-23T22:24:35.697+0000] {processor.py:153} INFO - Started process (PID=4409) to work on /home/airflow/.local/lib/python3.7/site-packages/airflow/example_dags/example_trigger_target_dag.py
[2024-01-23T22:24:35.698+0000] {processor.py:743} INFO - Processing file /home/airflow/.local/lib/python3.7/site-packages/airflow/example_dags/example_trigger_target_dag.py for tasks to queue
[2024-01-23T22:24:35.699+0000] {logging_mixin.py:137} INFO - [2024-01-23T22:24:35.698+0000] {dagbag.py:538} INFO - Filling up the DagBag from /home/airflow/.local/lib/python3.7/site-packages/airflow/example_dags/example_trigger_target_dag.py
[2024-01-23T22:24:35.719+0000] {processor.py:753} INFO - DAG(s) dict_keys(['example_trigger_target_dag']) retrieved from /home/airflow/.local/lib/python3.7/site-packages/airflow/example_dags/example_trigger_target_dag.py
[2024-01-23T22:24:35.753+0000] {logging_mixin.py:137} INFO - [2024-01-23T22:24:35.753+0000] {dag.py:2676} INFO - Sync 1 DAGs
[2024-01-23T22:24:35.783+0000] {logging_mixin.py:137} INFO - [2024-01-23T22:24:35.783+0000] {dag.py:3427} INFO - Setting next_dagrun for example_trigger_target_dag to None, run_after=None
[2024-01-23T22:24:35.802+0000] {processor.py:175} INFO - Processing /home/airflow/.local/lib/python3.7/site-packages/airflow/example_dags/example_trigger_target_dag.py took 0.106 seconds
[2024-01-23T22:25:06.617+0000] {processor.py:153} INFO - Started process (PID=4509) to work on /home/airflow/.local/lib/python3.7/site-packages/airflow/example_dags/example_trigger_target_dag.py
[2024-01-23T22:25:06.617+0000] {processor.py:743} INFO - Processing file /home/airflow/.local/lib/python3.7/site-packages/airflow/example_dags/example_trigger_target_dag.py for tasks to queue
[2024-01-23T22:25:06.618+0000] {logging_mixin.py:137} INFO - [2024-01-23T22:25:06.618+0000] {dagbag.py:538} INFO - Filling up the DagBag from /home/airflow/.local/lib/python3.7/site-packages/airflow/example_dags/example_trigger_target_dag.py
[2024-01-23T22:25:06.640+0000] {processor.py:753} INFO - DAG(s) dict_keys(['example_trigger_target_dag']) retrieved from /home/airflow/.local/lib/python3.7/site-packages/airflow/example_dags/example_trigger_target_dag.py
[2024-01-23T22:25:06.674+0000] {logging_mixin.py:137} INFO - [2024-01-23T22:25:06.674+0000] {dag.py:2676} INFO - Sync 1 DAGs
[2024-01-23T22:25:06.702+0000] {logging_mixin.py:137} INFO - [2024-01-23T22:25:06.702+0000] {dag.py:3427} INFO - Setting next_dagrun for example_trigger_target_dag to None, run_after=None
[2024-01-23T22:25:06.720+0000] {processor.py:175} INFO - Processing /home/airflow/.local/lib/python3.7/site-packages/airflow/example_dags/example_trigger_target_dag.py took 0.106 seconds
[2024-01-23T22:25:37.846+0000] {processor.py:153} INFO - Started process (PID=4589) to work on /home/airflow/.local/lib/python3.7/site-packages/airflow/example_dags/example_trigger_target_dag.py
[2024-01-23T22:25:37.846+0000] {processor.py:743} INFO - Processing file /home/airflow/.local/lib/python3.7/site-packages/airflow/example_dags/example_trigger_target_dag.py for tasks to queue
[2024-01-23T22:25:37.847+0000] {logging_mixin.py:137} INFO - [2024-01-23T22:25:37.847+0000] {dagbag.py:538} INFO - Filling up the DagBag from /home/airflow/.local/lib/python3.7/site-packages/airflow/example_dags/example_trigger_target_dag.py
[2024-01-23T22:25:37.866+0000] {processor.py:753} INFO - DAG(s) dict_keys(['example_trigger_target_dag']) retrieved from /home/airflow/.local/lib/python3.7/site-packages/airflow/example_dags/example_trigger_target_dag.py
[2024-01-23T22:25:37.904+0000] {logging_mixin.py:137} INFO - [2024-01-23T22:25:37.904+0000] {dag.py:2676} INFO - Sync 1 DAGs
[2024-01-23T22:25:37.932+0000] {logging_mixin.py:137} INFO - [2024-01-23T22:25:37.931+0000] {dag.py:3427} INFO - Setting next_dagrun for example_trigger_target_dag to None, run_after=None
[2024-01-23T22:25:37.958+0000] {processor.py:175} INFO - Processing /home/airflow/.local/lib/python3.7/site-packages/airflow/example_dags/example_trigger_target_dag.py took 0.114 seconds
[2024-01-23T22:26:08.117+0000] {processor.py:153} INFO - Started process (PID=4688) to work on /home/airflow/.local/lib/python3.7/site-packages/airflow/example_dags/example_trigger_target_dag.py
[2024-01-23T22:26:08.118+0000] {processor.py:743} INFO - Processing file /home/airflow/.local/lib/python3.7/site-packages/airflow/example_dags/example_trigger_target_dag.py for tasks to queue
[2024-01-23T22:26:08.119+0000] {logging_mixin.py:137} INFO - [2024-01-23T22:26:08.119+0000] {dagbag.py:538} INFO - Filling up the DagBag from /home/airflow/.local/lib/python3.7/site-packages/airflow/example_dags/example_trigger_target_dag.py
[2024-01-23T22:26:08.153+0000] {processor.py:753} INFO - DAG(s) dict_keys(['example_trigger_target_dag']) retrieved from /home/airflow/.local/lib/python3.7/site-packages/airflow/example_dags/example_trigger_target_dag.py
[2024-01-23T22:26:08.205+0000] {logging_mixin.py:137} INFO - [2024-01-23T22:26:08.205+0000] {dag.py:2676} INFO - Sync 1 DAGs
[2024-01-23T22:26:08.242+0000] {logging_mixin.py:137} INFO - [2024-01-23T22:26:08.241+0000] {dag.py:3427} INFO - Setting next_dagrun for example_trigger_target_dag to None, run_after=None
[2024-01-23T22:26:08.268+0000] {processor.py:175} INFO - Processing /home/airflow/.local/lib/python3.7/site-packages/airflow/example_dags/example_trigger_target_dag.py took 0.154 seconds
[2024-01-23T22:26:38.320+0000] {processor.py:153} INFO - Started process (PID=4768) to work on /home/airflow/.local/lib/python3.7/site-packages/airflow/example_dags/example_trigger_target_dag.py
[2024-01-23T22:26:38.321+0000] {processor.py:743} INFO - Processing file /home/airflow/.local/lib/python3.7/site-packages/airflow/example_dags/example_trigger_target_dag.py for tasks to queue
[2024-01-23T22:26:38.322+0000] {logging_mixin.py:137} INFO - [2024-01-23T22:26:38.322+0000] {dagbag.py:538} INFO - Filling up the DagBag from /home/airflow/.local/lib/python3.7/site-packages/airflow/example_dags/example_trigger_target_dag.py
[2024-01-23T22:26:38.349+0000] {processor.py:753} INFO - DAG(s) dict_keys(['example_trigger_target_dag']) retrieved from /home/airflow/.local/lib/python3.7/site-packages/airflow/example_dags/example_trigger_target_dag.py
[2024-01-23T22:26:38.381+0000] {logging_mixin.py:137} INFO - [2024-01-23T22:26:38.381+0000] {dag.py:2676} INFO - Sync 1 DAGs
[2024-01-23T22:26:38.408+0000] {logging_mixin.py:137} INFO - [2024-01-23T22:26:38.407+0000] {dag.py:3427} INFO - Setting next_dagrun for example_trigger_target_dag to None, run_after=None
[2024-01-23T22:26:38.429+0000] {processor.py:175} INFO - Processing /home/airflow/.local/lib/python3.7/site-packages/airflow/example_dags/example_trigger_target_dag.py took 0.111 seconds
[2024-01-23T22:27:08.702+0000] {processor.py:153} INFO - Started process (PID=4848) to work on /home/airflow/.local/lib/python3.7/site-packages/airflow/example_dags/example_trigger_target_dag.py
[2024-01-23T22:27:08.703+0000] {processor.py:743} INFO - Processing file /home/airflow/.local/lib/python3.7/site-packages/airflow/example_dags/example_trigger_target_dag.py for tasks to queue
[2024-01-23T22:27:08.704+0000] {logging_mixin.py:137} INFO - [2024-01-23T22:27:08.704+0000] {dagbag.py:538} INFO - Filling up the DagBag from /home/airflow/.local/lib/python3.7/site-packages/airflow/example_dags/example_trigger_target_dag.py
[2024-01-23T22:27:08.724+0000] {processor.py:753} INFO - DAG(s) dict_keys(['example_trigger_target_dag']) retrieved from /home/airflow/.local/lib/python3.7/site-packages/airflow/example_dags/example_trigger_target_dag.py
[2024-01-23T22:27:08.761+0000] {logging_mixin.py:137} INFO - [2024-01-23T22:27:08.760+0000] {dag.py:2676} INFO - Sync 1 DAGs
[2024-01-23T22:27:08.789+0000] {logging_mixin.py:137} INFO - [2024-01-23T22:27:08.789+0000] {dag.py:3427} INFO - Setting next_dagrun for example_trigger_target_dag to None, run_after=None
[2024-01-23T22:27:08.808+0000] {processor.py:175} INFO - Processing /home/airflow/.local/lib/python3.7/site-packages/airflow/example_dags/example_trigger_target_dag.py took 0.108 seconds
[2024-01-23T22:27:38.901+0000] {processor.py:153} INFO - Started process (PID=4948) to work on /home/airflow/.local/lib/python3.7/site-packages/airflow/example_dags/example_trigger_target_dag.py
[2024-01-23T22:27:38.902+0000] {processor.py:743} INFO - Processing file /home/airflow/.local/lib/python3.7/site-packages/airflow/example_dags/example_trigger_target_dag.py for tasks to queue
[2024-01-23T22:27:38.903+0000] {logging_mixin.py:137} INFO - [2024-01-23T22:27:38.903+0000] {dagbag.py:538} INFO - Filling up the DagBag from /home/airflow/.local/lib/python3.7/site-packages/airflow/example_dags/example_trigger_target_dag.py
[2024-01-23T22:27:38.929+0000] {processor.py:753} INFO - DAG(s) dict_keys(['example_trigger_target_dag']) retrieved from /home/airflow/.local/lib/python3.7/site-packages/airflow/example_dags/example_trigger_target_dag.py
[2024-01-23T22:27:38.987+0000] {logging_mixin.py:137} INFO - [2024-01-23T22:27:38.987+0000] {dag.py:2676} INFO - Sync 1 DAGs
[2024-01-23T22:27:39.024+0000] {logging_mixin.py:137} INFO - [2024-01-23T22:27:39.024+0000] {dag.py:3427} INFO - Setting next_dagrun for example_trigger_target_dag to None, run_after=None
[2024-01-23T22:27:39.049+0000] {processor.py:175} INFO - Processing /home/airflow/.local/lib/python3.7/site-packages/airflow/example_dags/example_trigger_target_dag.py took 0.151 seconds
[2024-01-23T22:28:09.322+0000] {processor.py:153} INFO - Started process (PID=5028) to work on /home/airflow/.local/lib/python3.7/site-packages/airflow/example_dags/example_trigger_target_dag.py
[2024-01-23T22:28:09.322+0000] {processor.py:743} INFO - Processing file /home/airflow/.local/lib/python3.7/site-packages/airflow/example_dags/example_trigger_target_dag.py for tasks to queue
[2024-01-23T22:28:09.324+0000] {logging_mixin.py:137} INFO - [2024-01-23T22:28:09.324+0000] {dagbag.py:538} INFO - Filling up the DagBag from /home/airflow/.local/lib/python3.7/site-packages/airflow/example_dags/example_trigger_target_dag.py
[2024-01-23T22:28:09.349+0000] {processor.py:753} INFO - DAG(s) dict_keys(['example_trigger_target_dag']) retrieved from /home/airflow/.local/lib/python3.7/site-packages/airflow/example_dags/example_trigger_target_dag.py
[2024-01-23T22:28:09.386+0000] {logging_mixin.py:137} INFO - [2024-01-23T22:28:09.386+0000] {dag.py:2676} INFO - Sync 1 DAGs
[2024-01-23T22:28:09.416+0000] {logging_mixin.py:137} INFO - [2024-01-23T22:28:09.416+0000] {dag.py:3427} INFO - Setting next_dagrun for example_trigger_target_dag to None, run_after=None
[2024-01-23T22:28:09.437+0000] {processor.py:175} INFO - Processing /home/airflow/.local/lib/python3.7/site-packages/airflow/example_dags/example_trigger_target_dag.py took 0.118 seconds
[2024-01-23T22:28:39.823+0000] {processor.py:153} INFO - Started process (PID=5108) to work on /home/airflow/.local/lib/python3.7/site-packages/airflow/example_dags/example_trigger_target_dag.py
[2024-01-23T22:28:39.823+0000] {processor.py:743} INFO - Processing file /home/airflow/.local/lib/python3.7/site-packages/airflow/example_dags/example_trigger_target_dag.py for tasks to queue
[2024-01-23T22:28:39.824+0000] {logging_mixin.py:137} INFO - [2024-01-23T22:28:39.824+0000] {dagbag.py:538} INFO - Filling up the DagBag from /home/airflow/.local/lib/python3.7/site-packages/airflow/example_dags/example_trigger_target_dag.py
[2024-01-23T22:28:39.847+0000] {processor.py:753} INFO - DAG(s) dict_keys(['example_trigger_target_dag']) retrieved from /home/airflow/.local/lib/python3.7/site-packages/airflow/example_dags/example_trigger_target_dag.py
[2024-01-23T22:28:39.886+0000] {logging_mixin.py:137} INFO - [2024-01-23T22:28:39.886+0000] {dag.py:2676} INFO - Sync 1 DAGs
[2024-01-23T22:28:39.923+0000] {logging_mixin.py:137} INFO - [2024-01-23T22:28:39.923+0000] {dag.py:3427} INFO - Setting next_dagrun for example_trigger_target_dag to None, run_after=None
[2024-01-23T22:28:39.951+0000] {processor.py:175} INFO - Processing /home/airflow/.local/lib/python3.7/site-packages/airflow/example_dags/example_trigger_target_dag.py took 0.131 seconds
[2024-01-23T22:29:10.192+0000] {processor.py:153} INFO - Started process (PID=5208) to work on /home/airflow/.local/lib/python3.7/site-packages/airflow/example_dags/example_trigger_target_dag.py
[2024-01-23T22:29:10.193+0000] {processor.py:743} INFO - Processing file /home/airflow/.local/lib/python3.7/site-packages/airflow/example_dags/example_trigger_target_dag.py for tasks to queue
[2024-01-23T22:29:10.194+0000] {logging_mixin.py:137} INFO - [2024-01-23T22:29:10.194+0000] {dagbag.py:538} INFO - Filling up the DagBag from /home/airflow/.local/lib/python3.7/site-packages/airflow/example_dags/example_trigger_target_dag.py
[2024-01-23T22:29:10.216+0000] {processor.py:753} INFO - DAG(s) dict_keys(['example_trigger_target_dag']) retrieved from /home/airflow/.local/lib/python3.7/site-packages/airflow/example_dags/example_trigger_target_dag.py
[2024-01-23T22:29:10.254+0000] {logging_mixin.py:137} INFO - [2024-01-23T22:29:10.254+0000] {dag.py:2676} INFO - Sync 1 DAGs
[2024-01-23T22:29:10.288+0000] {logging_mixin.py:137} INFO - [2024-01-23T22:29:10.288+0000] {dag.py:3427} INFO - Setting next_dagrun for example_trigger_target_dag to None, run_after=None
[2024-01-23T22:29:10.311+0000] {processor.py:175} INFO - Processing /home/airflow/.local/lib/python3.7/site-packages/airflow/example_dags/example_trigger_target_dag.py took 0.121 seconds
[2024-01-23T22:29:40.535+0000] {processor.py:153} INFO - Started process (PID=5288) to work on /home/airflow/.local/lib/python3.7/site-packages/airflow/example_dags/example_trigger_target_dag.py
[2024-01-23T22:29:40.536+0000] {processor.py:743} INFO - Processing file /home/airflow/.local/lib/python3.7/site-packages/airflow/example_dags/example_trigger_target_dag.py for tasks to queue
[2024-01-23T22:29:40.536+0000] {logging_mixin.py:137} INFO - [2024-01-23T22:29:40.536+0000] {dagbag.py:538} INFO - Filling up the DagBag from /home/airflow/.local/lib/python3.7/site-packages/airflow/example_dags/example_trigger_target_dag.py
[2024-01-23T22:29:40.557+0000] {processor.py:753} INFO - DAG(s) dict_keys(['example_trigger_target_dag']) retrieved from /home/airflow/.local/lib/python3.7/site-packages/airflow/example_dags/example_trigger_target_dag.py
[2024-01-23T22:29:40.594+0000] {logging_mixin.py:137} INFO - [2024-01-23T22:29:40.594+0000] {dag.py:2676} INFO - Sync 1 DAGs
[2024-01-23T22:29:40.628+0000] {logging_mixin.py:137} INFO - [2024-01-23T22:29:40.628+0000] {dag.py:3427} INFO - Setting next_dagrun for example_trigger_target_dag to None, run_after=None
[2024-01-23T22:29:40.650+0000] {processor.py:175} INFO - Processing /home/airflow/.local/lib/python3.7/site-packages/airflow/example_dags/example_trigger_target_dag.py took 0.117 seconds
[2024-01-23T22:30:11.329+0000] {processor.py:153} INFO - Started process (PID=5386) to work on /home/airflow/.local/lib/python3.7/site-packages/airflow/example_dags/example_trigger_target_dag.py
[2024-01-23T22:30:11.329+0000] {processor.py:743} INFO - Processing file /home/airflow/.local/lib/python3.7/site-packages/airflow/example_dags/example_trigger_target_dag.py for tasks to queue
[2024-01-23T22:30:11.330+0000] {logging_mixin.py:137} INFO - [2024-01-23T22:30:11.330+0000] {dagbag.py:538} INFO - Filling up the DagBag from /home/airflow/.local/lib/python3.7/site-packages/airflow/example_dags/example_trigger_target_dag.py
[2024-01-23T22:30:11.355+0000] {processor.py:753} INFO - DAG(s) dict_keys(['example_trigger_target_dag']) retrieved from /home/airflow/.local/lib/python3.7/site-packages/airflow/example_dags/example_trigger_target_dag.py
[2024-01-23T22:30:11.405+0000] {logging_mixin.py:137} INFO - [2024-01-23T22:30:11.405+0000] {dag.py:2676} INFO - Sync 1 DAGs
[2024-01-23T22:30:11.435+0000] {logging_mixin.py:137} INFO - [2024-01-23T22:30:11.435+0000] {dag.py:3427} INFO - Setting next_dagrun for example_trigger_target_dag to None, run_after=None
[2024-01-23T22:30:11.463+0000] {processor.py:175} INFO - Processing /home/airflow/.local/lib/python3.7/site-packages/airflow/example_dags/example_trigger_target_dag.py took 0.136 seconds
[2024-01-23T22:30:41.590+0000] {processor.py:153} INFO - Started process (PID=5466) to work on /home/airflow/.local/lib/python3.7/site-packages/airflow/example_dags/example_trigger_target_dag.py
[2024-01-23T22:30:41.591+0000] {processor.py:743} INFO - Processing file /home/airflow/.local/lib/python3.7/site-packages/airflow/example_dags/example_trigger_target_dag.py for tasks to queue
[2024-01-23T22:30:41.591+0000] {logging_mixin.py:137} INFO - [2024-01-23T22:30:41.591+0000] {dagbag.py:538} INFO - Filling up the DagBag from /home/airflow/.local/lib/python3.7/site-packages/airflow/example_dags/example_trigger_target_dag.py
[2024-01-23T22:30:41.615+0000] {processor.py:753} INFO - DAG(s) dict_keys(['example_trigger_target_dag']) retrieved from /home/airflow/.local/lib/python3.7/site-packages/airflow/example_dags/example_trigger_target_dag.py
[2024-01-23T22:30:41.663+0000] {logging_mixin.py:137} INFO - [2024-01-23T22:30:41.663+0000] {dag.py:2676} INFO - Sync 1 DAGs
[2024-01-23T22:30:41.692+0000] {logging_mixin.py:137} INFO - [2024-01-23T22:30:41.691+0000] {dag.py:3427} INFO - Setting next_dagrun for example_trigger_target_dag to None, run_after=None
[2024-01-23T22:30:41.714+0000] {processor.py:175} INFO - Processing /home/airflow/.local/lib/python3.7/site-packages/airflow/example_dags/example_trigger_target_dag.py took 0.127 seconds
[2024-01-23T22:31:11.791+0000] {processor.py:153} INFO - Started process (PID=5546) to work on /home/airflow/.local/lib/python3.7/site-packages/airflow/example_dags/example_trigger_target_dag.py
[2024-01-23T22:31:11.791+0000] {processor.py:743} INFO - Processing file /home/airflow/.local/lib/python3.7/site-packages/airflow/example_dags/example_trigger_target_dag.py for tasks to queue
[2024-01-23T22:31:11.792+0000] {logging_mixin.py:137} INFO - [2024-01-23T22:31:11.792+0000] {dagbag.py:538} INFO - Filling up the DagBag from /home/airflow/.local/lib/python3.7/site-packages/airflow/example_dags/example_trigger_target_dag.py
[2024-01-23T22:31:11.814+0000] {processor.py:753} INFO - DAG(s) dict_keys(['example_trigger_target_dag']) retrieved from /home/airflow/.local/lib/python3.7/site-packages/airflow/example_dags/example_trigger_target_dag.py
[2024-01-23T22:31:11.855+0000] {logging_mixin.py:137} INFO - [2024-01-23T22:31:11.854+0000] {dag.py:2676} INFO - Sync 1 DAGs
[2024-01-23T22:31:11.880+0000] {logging_mixin.py:137} INFO - [2024-01-23T22:31:11.880+0000] {dag.py:3427} INFO - Setting next_dagrun for example_trigger_target_dag to None, run_after=None
[2024-01-23T22:31:11.900+0000] {processor.py:175} INFO - Processing /home/airflow/.local/lib/python3.7/site-packages/airflow/example_dags/example_trigger_target_dag.py took 0.113 seconds
[2024-01-23T22:31:42.241+0000] {processor.py:153} INFO - Started process (PID=5647) to work on /home/airflow/.local/lib/python3.7/site-packages/airflow/example_dags/example_trigger_target_dag.py
[2024-01-23T22:31:42.242+0000] {processor.py:743} INFO - Processing file /home/airflow/.local/lib/python3.7/site-packages/airflow/example_dags/example_trigger_target_dag.py for tasks to queue
[2024-01-23T22:31:42.243+0000] {logging_mixin.py:137} INFO - [2024-01-23T22:31:42.242+0000] {dagbag.py:538} INFO - Filling up the DagBag from /home/airflow/.local/lib/python3.7/site-packages/airflow/example_dags/example_trigger_target_dag.py
[2024-01-23T22:31:42.264+0000] {processor.py:753} INFO - DAG(s) dict_keys(['example_trigger_target_dag']) retrieved from /home/airflow/.local/lib/python3.7/site-packages/airflow/example_dags/example_trigger_target_dag.py
[2024-01-23T22:31:42.302+0000] {logging_mixin.py:137} INFO - [2024-01-23T22:31:42.301+0000] {dag.py:2676} INFO - Sync 1 DAGs
[2024-01-23T22:31:42.326+0000] {logging_mixin.py:137} INFO - [2024-01-23T22:31:42.325+0000] {dag.py:3427} INFO - Setting next_dagrun for example_trigger_target_dag to None, run_after=None
[2024-01-23T22:31:42.345+0000] {processor.py:175} INFO - Processing /home/airflow/.local/lib/python3.7/site-packages/airflow/example_dags/example_trigger_target_dag.py took 0.107 seconds
