[2024-01-23T21:50:43.051+0000] {processor.py:153} INFO - Started process (PID=88) to work on /home/airflow/.local/lib/python3.7/site-packages/airflow/example_dags/tutorial.py
[2024-01-23T21:50:43.053+0000] {processor.py:743} INFO - Processing file /home/airflow/.local/lib/python3.7/site-packages/airflow/example_dags/tutorial.py for tasks to queue
[2024-01-23T21:50:43.054+0000] {logging_mixin.py:137} INFO - [2024-01-23T21:50:43.054+0000] {dagbag.py:538} INFO - Filling up the DagBag from /home/airflow/.local/lib/python3.7/site-packages/airflow/example_dags/tutorial.py
[2024-01-23T21:50:43.121+0000] {processor.py:753} INFO - DAG(s) dict_keys(['tutorial']) retrieved from /home/airflow/.local/lib/python3.7/site-packages/airflow/example_dags/tutorial.py
[2024-01-23T21:50:43.224+0000] {logging_mixin.py:137} INFO - [2024-01-23T21:50:43.224+0000] {dag.py:2676} INFO - Sync 1 DAGs
[2024-01-23T21:50:43.282+0000] {logging_mixin.py:137} INFO - [2024-01-23T21:50:43.282+0000] {dag.py:3427} INFO - Setting next_dagrun for tutorial to 2024-01-22T21:50:43.281105+00:00, run_after=2024-01-23T21:50:43.281105+00:00
[2024-01-23T21:50:43.330+0000] {processor.py:175} INFO - Processing /home/airflow/.local/lib/python3.7/site-packages/airflow/example_dags/tutorial.py took 0.283 seconds
[2024-01-23T21:51:13.724+0000] {processor.py:153} INFO - Started process (PID=175) to work on /home/airflow/.local/lib/python3.7/site-packages/airflow/example_dags/tutorial.py
[2024-01-23T21:51:13.724+0000] {processor.py:743} INFO - Processing file /home/airflow/.local/lib/python3.7/site-packages/airflow/example_dags/tutorial.py for tasks to queue
[2024-01-23T21:51:13.725+0000] {logging_mixin.py:137} INFO - [2024-01-23T21:51:13.725+0000] {dagbag.py:538} INFO - Filling up the DagBag from /home/airflow/.local/lib/python3.7/site-packages/airflow/example_dags/tutorial.py
[2024-01-23T21:51:13.740+0000] {processor.py:753} INFO - DAG(s) dict_keys(['tutorial']) retrieved from /home/airflow/.local/lib/python3.7/site-packages/airflow/example_dags/tutorial.py
[2024-01-23T21:51:13.778+0000] {logging_mixin.py:137} INFO - [2024-01-23T21:51:13.778+0000] {dag.py:2676} INFO - Sync 1 DAGs
[2024-01-23T21:51:13.811+0000] {logging_mixin.py:137} INFO - [2024-01-23T21:51:13.811+0000] {dag.py:3427} INFO - Setting next_dagrun for tutorial to 2024-01-22T21:51:13.811254+00:00, run_after=2024-01-23T21:51:13.811254+00:00
[2024-01-23T21:51:13.834+0000] {processor.py:175} INFO - Processing /home/airflow/.local/lib/python3.7/site-packages/airflow/example_dags/tutorial.py took 0.113 seconds
[2024-01-23T21:51:44.450+0000] {processor.py:153} INFO - Started process (PID=268) to work on /home/airflow/.local/lib/python3.7/site-packages/airflow/example_dags/tutorial.py
[2024-01-23T21:51:44.450+0000] {processor.py:743} INFO - Processing file /home/airflow/.local/lib/python3.7/site-packages/airflow/example_dags/tutorial.py for tasks to queue
[2024-01-23T21:51:44.451+0000] {logging_mixin.py:137} INFO - [2024-01-23T21:51:44.451+0000] {dagbag.py:538} INFO - Filling up the DagBag from /home/airflow/.local/lib/python3.7/site-packages/airflow/example_dags/tutorial.py
[2024-01-23T21:51:44.463+0000] {processor.py:753} INFO - DAG(s) dict_keys(['tutorial']) retrieved from /home/airflow/.local/lib/python3.7/site-packages/airflow/example_dags/tutorial.py
[2024-01-23T21:51:44.502+0000] {logging_mixin.py:137} INFO - [2024-01-23T21:51:44.502+0000] {dag.py:2676} INFO - Sync 1 DAGs
[2024-01-23T21:51:44.531+0000] {logging_mixin.py:137} INFO - [2024-01-23T21:51:44.531+0000] {dag.py:3427} INFO - Setting next_dagrun for tutorial to 2024-01-22T21:51:44.531047+00:00, run_after=2024-01-23T21:51:44.531047+00:00
[2024-01-23T21:51:44.552+0000] {processor.py:175} INFO - Processing /home/airflow/.local/lib/python3.7/site-packages/airflow/example_dags/tutorial.py took 0.105 seconds
[2024-01-23T21:52:14.887+0000] {processor.py:153} INFO - Started process (PID=348) to work on /home/airflow/.local/lib/python3.7/site-packages/airflow/example_dags/tutorial.py
[2024-01-23T21:52:14.887+0000] {processor.py:743} INFO - Processing file /home/airflow/.local/lib/python3.7/site-packages/airflow/example_dags/tutorial.py for tasks to queue
[2024-01-23T21:52:14.888+0000] {logging_mixin.py:137} INFO - [2024-01-23T21:52:14.888+0000] {dagbag.py:538} INFO - Filling up the DagBag from /home/airflow/.local/lib/python3.7/site-packages/airflow/example_dags/tutorial.py
[2024-01-23T21:52:14.906+0000] {processor.py:753} INFO - DAG(s) dict_keys(['tutorial']) retrieved from /home/airflow/.local/lib/python3.7/site-packages/airflow/example_dags/tutorial.py
[2024-01-23T21:52:14.949+0000] {logging_mixin.py:137} INFO - [2024-01-23T21:52:14.949+0000] {dag.py:2676} INFO - Sync 1 DAGs
[2024-01-23T21:52:14.977+0000] {logging_mixin.py:137} INFO - [2024-01-23T21:52:14.977+0000] {dag.py:3427} INFO - Setting next_dagrun for tutorial to 2024-01-22T21:52:14.977356+00:00, run_after=2024-01-23T21:52:14.977356+00:00
[2024-01-23T21:52:14.998+0000] {processor.py:175} INFO - Processing /home/airflow/.local/lib/python3.7/site-packages/airflow/example_dags/tutorial.py took 0.113 seconds
[2024-01-23T21:52:45.376+0000] {processor.py:153} INFO - Started process (PID=448) to work on /home/airflow/.local/lib/python3.7/site-packages/airflow/example_dags/tutorial.py
[2024-01-23T21:52:45.377+0000] {processor.py:743} INFO - Processing file /home/airflow/.local/lib/python3.7/site-packages/airflow/example_dags/tutorial.py for tasks to queue
[2024-01-23T21:52:45.377+0000] {logging_mixin.py:137} INFO - [2024-01-23T21:52:45.377+0000] {dagbag.py:538} INFO - Filling up the DagBag from /home/airflow/.local/lib/python3.7/site-packages/airflow/example_dags/tutorial.py
[2024-01-23T21:52:45.393+0000] {processor.py:753} INFO - DAG(s) dict_keys(['tutorial']) retrieved from /home/airflow/.local/lib/python3.7/site-packages/airflow/example_dags/tutorial.py
[2024-01-23T21:52:45.481+0000] {logging_mixin.py:137} INFO - [2024-01-23T21:52:45.481+0000] {dag.py:2676} INFO - Sync 1 DAGs
[2024-01-23T21:52:45.526+0000] {logging_mixin.py:137} INFO - [2024-01-23T21:52:45.526+0000] {dag.py:3427} INFO - Setting next_dagrun for tutorial to 2024-01-22T21:52:45.525772+00:00, run_after=2024-01-23T21:52:45.525772+00:00
[2024-01-23T21:52:45.566+0000] {processor.py:175} INFO - Processing /home/airflow/.local/lib/python3.7/site-packages/airflow/example_dags/tutorial.py took 0.193 seconds
[2024-01-23T21:53:16.338+0000] {processor.py:153} INFO - Started process (PID=528) to work on /home/airflow/.local/lib/python3.7/site-packages/airflow/example_dags/tutorial.py
[2024-01-23T21:53:16.338+0000] {processor.py:743} INFO - Processing file /home/airflow/.local/lib/python3.7/site-packages/airflow/example_dags/tutorial.py for tasks to queue
[2024-01-23T21:53:16.339+0000] {logging_mixin.py:137} INFO - [2024-01-23T21:53:16.339+0000] {dagbag.py:538} INFO - Filling up the DagBag from /home/airflow/.local/lib/python3.7/site-packages/airflow/example_dags/tutorial.py
[2024-01-23T21:53:16.354+0000] {processor.py:753} INFO - DAG(s) dict_keys(['tutorial']) retrieved from /home/airflow/.local/lib/python3.7/site-packages/airflow/example_dags/tutorial.py
[2024-01-23T21:53:16.397+0000] {logging_mixin.py:137} INFO - [2024-01-23T21:53:16.397+0000] {dag.py:2676} INFO - Sync 1 DAGs
[2024-01-23T21:53:16.427+0000] {logging_mixin.py:137} INFO - [2024-01-23T21:53:16.427+0000] {dag.py:3427} INFO - Setting next_dagrun for tutorial to 2024-01-22T21:53:16.426920+00:00, run_after=2024-01-23T21:53:16.426920+00:00
[2024-01-23T21:53:16.463+0000] {processor.py:175} INFO - Processing /home/airflow/.local/lib/python3.7/site-packages/airflow/example_dags/tutorial.py took 0.128 seconds
[2024-01-23T21:53:46.958+0000] {processor.py:153} INFO - Started process (PID=608) to work on /home/airflow/.local/lib/python3.7/site-packages/airflow/example_dags/tutorial.py
[2024-01-23T21:53:46.958+0000] {processor.py:743} INFO - Processing file /home/airflow/.local/lib/python3.7/site-packages/airflow/example_dags/tutorial.py for tasks to queue
[2024-01-23T21:53:46.959+0000] {logging_mixin.py:137} INFO - [2024-01-23T21:53:46.959+0000] {dagbag.py:538} INFO - Filling up the DagBag from /home/airflow/.local/lib/python3.7/site-packages/airflow/example_dags/tutorial.py
[2024-01-23T21:53:46.971+0000] {processor.py:753} INFO - DAG(s) dict_keys(['tutorial']) retrieved from /home/airflow/.local/lib/python3.7/site-packages/airflow/example_dags/tutorial.py
[2024-01-23T21:53:47.010+0000] {logging_mixin.py:137} INFO - [2024-01-23T21:53:47.010+0000] {dag.py:2676} INFO - Sync 1 DAGs
[2024-01-23T21:53:47.046+0000] {logging_mixin.py:137} INFO - [2024-01-23T21:53:47.046+0000] {dag.py:3427} INFO - Setting next_dagrun for tutorial to 2024-01-22T21:53:47.046325+00:00, run_after=2024-01-23T21:53:47.046325+00:00
[2024-01-23T21:53:47.073+0000] {processor.py:175} INFO - Processing /home/airflow/.local/lib/python3.7/site-packages/airflow/example_dags/tutorial.py took 0.119 seconds
[2024-01-23T21:59:17.378+0000] {processor.py:153} INFO - Started process (PID=88) to work on /home/airflow/.local/lib/python3.7/site-packages/airflow/example_dags/tutorial.py
[2024-01-23T21:59:17.379+0000] {processor.py:743} INFO - Processing file /home/airflow/.local/lib/python3.7/site-packages/airflow/example_dags/tutorial.py for tasks to queue
[2024-01-23T21:59:17.380+0000] {logging_mixin.py:137} INFO - [2024-01-23T21:59:17.380+0000] {dagbag.py:538} INFO - Filling up the DagBag from /home/airflow/.local/lib/python3.7/site-packages/airflow/example_dags/tutorial.py
[2024-01-23T21:59:17.400+0000] {processor.py:753} INFO - DAG(s) dict_keys(['tutorial']) retrieved from /home/airflow/.local/lib/python3.7/site-packages/airflow/example_dags/tutorial.py
[2024-01-23T21:59:17.441+0000] {logging_mixin.py:137} INFO - [2024-01-23T21:59:17.441+0000] {dag.py:2676} INFO - Sync 1 DAGs
[2024-01-23T21:59:17.471+0000] {logging_mixin.py:137} INFO - [2024-01-23T21:59:17.470+0000] {dag.py:3427} INFO - Setting next_dagrun for tutorial to 2024-01-22T21:59:17.470559+00:00, run_after=2024-01-23T21:59:17.470559+00:00
[2024-01-23T21:59:17.499+0000] {processor.py:175} INFO - Processing /home/airflow/.local/lib/python3.7/site-packages/airflow/example_dags/tutorial.py took 0.125 seconds
[2024-01-23T21:59:47.975+0000] {processor.py:153} INFO - Started process (PID=168) to work on /home/airflow/.local/lib/python3.7/site-packages/airflow/example_dags/tutorial.py
[2024-01-23T21:59:47.976+0000] {processor.py:743} INFO - Processing file /home/airflow/.local/lib/python3.7/site-packages/airflow/example_dags/tutorial.py for tasks to queue
[2024-01-23T21:59:47.977+0000] {logging_mixin.py:137} INFO - [2024-01-23T21:59:47.977+0000] {dagbag.py:538} INFO - Filling up the DagBag from /home/airflow/.local/lib/python3.7/site-packages/airflow/example_dags/tutorial.py
[2024-01-23T21:59:47.995+0000] {processor.py:753} INFO - DAG(s) dict_keys(['tutorial']) retrieved from /home/airflow/.local/lib/python3.7/site-packages/airflow/example_dags/tutorial.py
[2024-01-23T21:59:48.030+0000] {logging_mixin.py:137} INFO - [2024-01-23T21:59:48.030+0000] {dag.py:2676} INFO - Sync 1 DAGs
[2024-01-23T21:59:48.057+0000] {logging_mixin.py:137} INFO - [2024-01-23T21:59:48.057+0000] {dag.py:3427} INFO - Setting next_dagrun for tutorial to 2024-01-22T21:59:48.057453+00:00, run_after=2024-01-23T21:59:48.057453+00:00
[2024-01-23T21:59:48.083+0000] {processor.py:175} INFO - Processing /home/airflow/.local/lib/python3.7/site-packages/airflow/example_dags/tutorial.py took 0.112 seconds
[2024-01-23T22:00:18.975+0000] {processor.py:153} INFO - Started process (PID=268) to work on /home/airflow/.local/lib/python3.7/site-packages/airflow/example_dags/tutorial.py
[2024-01-23T22:00:18.976+0000] {processor.py:743} INFO - Processing file /home/airflow/.local/lib/python3.7/site-packages/airflow/example_dags/tutorial.py for tasks to queue
[2024-01-23T22:00:18.977+0000] {logging_mixin.py:137} INFO - [2024-01-23T22:00:18.977+0000] {dagbag.py:538} INFO - Filling up the DagBag from /home/airflow/.local/lib/python3.7/site-packages/airflow/example_dags/tutorial.py
[2024-01-23T22:00:18.995+0000] {processor.py:753} INFO - DAG(s) dict_keys(['tutorial']) retrieved from /home/airflow/.local/lib/python3.7/site-packages/airflow/example_dags/tutorial.py
[2024-01-23T22:00:19.042+0000] {logging_mixin.py:137} INFO - [2024-01-23T22:00:19.042+0000] {dag.py:2676} INFO - Sync 1 DAGs
[2024-01-23T22:00:19.078+0000] {logging_mixin.py:137} INFO - [2024-01-23T22:00:19.078+0000] {dag.py:3427} INFO - Setting next_dagrun for tutorial to 2024-01-22T22:00:19.077669+00:00, run_after=2024-01-23T22:00:19.077669+00:00
[2024-01-23T22:00:19.109+0000] {processor.py:175} INFO - Processing /home/airflow/.local/lib/python3.7/site-packages/airflow/example_dags/tutorial.py took 0.138 seconds
[2024-01-23T22:00:49.937+0000] {processor.py:153} INFO - Started process (PID=348) to work on /home/airflow/.local/lib/python3.7/site-packages/airflow/example_dags/tutorial.py
[2024-01-23T22:00:49.937+0000] {processor.py:743} INFO - Processing file /home/airflow/.local/lib/python3.7/site-packages/airflow/example_dags/tutorial.py for tasks to queue
[2024-01-23T22:00:49.938+0000] {logging_mixin.py:137} INFO - [2024-01-23T22:00:49.938+0000] {dagbag.py:538} INFO - Filling up the DagBag from /home/airflow/.local/lib/python3.7/site-packages/airflow/example_dags/tutorial.py
[2024-01-23T22:00:49.956+0000] {processor.py:753} INFO - DAG(s) dict_keys(['tutorial']) retrieved from /home/airflow/.local/lib/python3.7/site-packages/airflow/example_dags/tutorial.py
[2024-01-23T22:00:49.997+0000] {logging_mixin.py:137} INFO - [2024-01-23T22:00:49.997+0000] {dag.py:2676} INFO - Sync 1 DAGs
[2024-01-23T22:00:50.037+0000] {logging_mixin.py:137} INFO - [2024-01-23T22:00:50.037+0000] {dag.py:3427} INFO - Setting next_dagrun for tutorial to 2024-01-22T22:00:50.036937+00:00, run_after=2024-01-23T22:00:50.036937+00:00
[2024-01-23T22:00:50.068+0000] {processor.py:175} INFO - Processing /home/airflow/.local/lib/python3.7/site-packages/airflow/example_dags/tutorial.py took 0.133 seconds
[2024-01-23T22:01:20.242+0000] {processor.py:153} INFO - Started process (PID=428) to work on /home/airflow/.local/lib/python3.7/site-packages/airflow/example_dags/tutorial.py
[2024-01-23T22:01:20.242+0000] {processor.py:743} INFO - Processing file /home/airflow/.local/lib/python3.7/site-packages/airflow/example_dags/tutorial.py for tasks to queue
[2024-01-23T22:01:20.243+0000] {logging_mixin.py:137} INFO - [2024-01-23T22:01:20.243+0000] {dagbag.py:538} INFO - Filling up the DagBag from /home/airflow/.local/lib/python3.7/site-packages/airflow/example_dags/tutorial.py
[2024-01-23T22:01:20.255+0000] {processor.py:753} INFO - DAG(s) dict_keys(['tutorial']) retrieved from /home/airflow/.local/lib/python3.7/site-packages/airflow/example_dags/tutorial.py
[2024-01-23T22:01:20.292+0000] {logging_mixin.py:137} INFO - [2024-01-23T22:01:20.292+0000] {dag.py:2676} INFO - Sync 1 DAGs
[2024-01-23T22:01:20.323+0000] {logging_mixin.py:137} INFO - [2024-01-23T22:01:20.323+0000] {dag.py:3427} INFO - Setting next_dagrun for tutorial to 2024-01-22T22:01:20.322816+00:00, run_after=2024-01-23T22:01:20.322816+00:00
[2024-01-23T22:01:20.346+0000] {processor.py:175} INFO - Processing /home/airflow/.local/lib/python3.7/site-packages/airflow/example_dags/tutorial.py took 0.107 seconds
[2024-01-23T22:01:50.573+0000] {processor.py:153} INFO - Started process (PID=528) to work on /home/airflow/.local/lib/python3.7/site-packages/airflow/example_dags/tutorial.py
[2024-01-23T22:01:50.573+0000] {processor.py:743} INFO - Processing file /home/airflow/.local/lib/python3.7/site-packages/airflow/example_dags/tutorial.py for tasks to queue
[2024-01-23T22:01:50.574+0000] {logging_mixin.py:137} INFO - [2024-01-23T22:01:50.574+0000] {dagbag.py:538} INFO - Filling up the DagBag from /home/airflow/.local/lib/python3.7/site-packages/airflow/example_dags/tutorial.py
[2024-01-23T22:01:50.588+0000] {processor.py:753} INFO - DAG(s) dict_keys(['tutorial']) retrieved from /home/airflow/.local/lib/python3.7/site-packages/airflow/example_dags/tutorial.py
[2024-01-23T22:01:50.628+0000] {logging_mixin.py:137} INFO - [2024-01-23T22:01:50.628+0000] {dag.py:2676} INFO - Sync 1 DAGs
[2024-01-23T22:01:50.657+0000] {logging_mixin.py:137} INFO - [2024-01-23T22:01:50.657+0000] {dag.py:3427} INFO - Setting next_dagrun for tutorial to 2024-01-22T22:01:50.656819+00:00, run_after=2024-01-23T22:01:50.656819+00:00
[2024-01-23T22:01:50.678+0000] {processor.py:175} INFO - Processing /home/airflow/.local/lib/python3.7/site-packages/airflow/example_dags/tutorial.py took 0.107 seconds
[2024-01-23T22:02:20.918+0000] {processor.py:153} INFO - Started process (PID=608) to work on /home/airflow/.local/lib/python3.7/site-packages/airflow/example_dags/tutorial.py
[2024-01-23T22:02:20.919+0000] {processor.py:743} INFO - Processing file /home/airflow/.local/lib/python3.7/site-packages/airflow/example_dags/tutorial.py for tasks to queue
[2024-01-23T22:02:20.920+0000] {logging_mixin.py:137} INFO - [2024-01-23T22:02:20.920+0000] {dagbag.py:538} INFO - Filling up the DagBag from /home/airflow/.local/lib/python3.7/site-packages/airflow/example_dags/tutorial.py
[2024-01-23T22:02:20.936+0000] {processor.py:753} INFO - DAG(s) dict_keys(['tutorial']) retrieved from /home/airflow/.local/lib/python3.7/site-packages/airflow/example_dags/tutorial.py
[2024-01-23T22:02:20.979+0000] {logging_mixin.py:137} INFO - [2024-01-23T22:02:20.979+0000] {dag.py:2676} INFO - Sync 1 DAGs
[2024-01-23T22:02:21.011+0000] {logging_mixin.py:137} INFO - [2024-01-23T22:02:21.011+0000] {dag.py:3427} INFO - Setting next_dagrun for tutorial to 2024-01-22T22:02:21.011494+00:00, run_after=2024-01-23T22:02:21.011494+00:00
[2024-01-23T22:02:21.034+0000] {processor.py:175} INFO - Processing /home/airflow/.local/lib/python3.7/site-packages/airflow/example_dags/tutorial.py took 0.118 seconds
[2024-01-23T22:02:51.159+0000] {processor.py:153} INFO - Started process (PID=688) to work on /home/airflow/.local/lib/python3.7/site-packages/airflow/example_dags/tutorial.py
[2024-01-23T22:02:51.159+0000] {processor.py:743} INFO - Processing file /home/airflow/.local/lib/python3.7/site-packages/airflow/example_dags/tutorial.py for tasks to queue
[2024-01-23T22:02:51.160+0000] {logging_mixin.py:137} INFO - [2024-01-23T22:02:51.160+0000] {dagbag.py:538} INFO - Filling up the DagBag from /home/airflow/.local/lib/python3.7/site-packages/airflow/example_dags/tutorial.py
[2024-01-23T22:02:51.173+0000] {processor.py:753} INFO - DAG(s) dict_keys(['tutorial']) retrieved from /home/airflow/.local/lib/python3.7/site-packages/airflow/example_dags/tutorial.py
[2024-01-23T22:02:51.216+0000] {logging_mixin.py:137} INFO - [2024-01-23T22:02:51.216+0000] {dag.py:2676} INFO - Sync 1 DAGs
[2024-01-23T22:02:51.246+0000] {logging_mixin.py:137} INFO - [2024-01-23T22:02:51.246+0000] {dag.py:3427} INFO - Setting next_dagrun for tutorial to 2024-01-22T22:02:51.246435+00:00, run_after=2024-01-23T22:02:51.246435+00:00
[2024-01-23T22:02:51.269+0000] {processor.py:175} INFO - Processing /home/airflow/.local/lib/python3.7/site-packages/airflow/example_dags/tutorial.py took 0.112 seconds
[2024-01-23T22:03:21.503+0000] {processor.py:153} INFO - Started process (PID=788) to work on /home/airflow/.local/lib/python3.7/site-packages/airflow/example_dags/tutorial.py
[2024-01-23T22:03:21.504+0000] {processor.py:743} INFO - Processing file /home/airflow/.local/lib/python3.7/site-packages/airflow/example_dags/tutorial.py for tasks to queue
[2024-01-23T22:03:21.505+0000] {logging_mixin.py:137} INFO - [2024-01-23T22:03:21.504+0000] {dagbag.py:538} INFO - Filling up the DagBag from /home/airflow/.local/lib/python3.7/site-packages/airflow/example_dags/tutorial.py
[2024-01-23T22:03:21.518+0000] {processor.py:753} INFO - DAG(s) dict_keys(['tutorial']) retrieved from /home/airflow/.local/lib/python3.7/site-packages/airflow/example_dags/tutorial.py
[2024-01-23T22:03:21.556+0000] {logging_mixin.py:137} INFO - [2024-01-23T22:03:21.556+0000] {dag.py:2676} INFO - Sync 1 DAGs
[2024-01-23T22:03:21.585+0000] {logging_mixin.py:137} INFO - [2024-01-23T22:03:21.585+0000] {dag.py:3427} INFO - Setting next_dagrun for tutorial to 2024-01-22T22:03:21.585148+00:00, run_after=2024-01-23T22:03:21.585148+00:00
[2024-01-23T22:03:21.609+0000] {processor.py:175} INFO - Processing /home/airflow/.local/lib/python3.7/site-packages/airflow/example_dags/tutorial.py took 0.108 seconds
[2024-01-23T22:03:51.941+0000] {processor.py:153} INFO - Started process (PID=868) to work on /home/airflow/.local/lib/python3.7/site-packages/airflow/example_dags/tutorial.py
[2024-01-23T22:03:51.942+0000] {processor.py:743} INFO - Processing file /home/airflow/.local/lib/python3.7/site-packages/airflow/example_dags/tutorial.py for tasks to queue
[2024-01-23T22:03:51.943+0000] {logging_mixin.py:137} INFO - [2024-01-23T22:03:51.943+0000] {dagbag.py:538} INFO - Filling up the DagBag from /home/airflow/.local/lib/python3.7/site-packages/airflow/example_dags/tutorial.py
[2024-01-23T22:03:51.959+0000] {processor.py:753} INFO - DAG(s) dict_keys(['tutorial']) retrieved from /home/airflow/.local/lib/python3.7/site-packages/airflow/example_dags/tutorial.py
[2024-01-23T22:03:52.001+0000] {logging_mixin.py:137} INFO - [2024-01-23T22:03:52.000+0000] {dag.py:2676} INFO - Sync 1 DAGs
[2024-01-23T22:03:52.036+0000] {logging_mixin.py:137} INFO - [2024-01-23T22:03:52.035+0000] {dag.py:3427} INFO - Setting next_dagrun for tutorial to 2024-01-22T22:03:52.035654+00:00, run_after=2024-01-23T22:03:52.035654+00:00
[2024-01-23T22:03:52.061+0000] {processor.py:175} INFO - Processing /home/airflow/.local/lib/python3.7/site-packages/airflow/example_dags/tutorial.py took 0.123 seconds
[2024-01-23T22:04:22.317+0000] {processor.py:153} INFO - Started process (PID=957) to work on /home/airflow/.local/lib/python3.7/site-packages/airflow/example_dags/tutorial.py
[2024-01-23T22:04:22.318+0000] {processor.py:743} INFO - Processing file /home/airflow/.local/lib/python3.7/site-packages/airflow/example_dags/tutorial.py for tasks to queue
[2024-01-23T22:04:22.319+0000] {logging_mixin.py:137} INFO - [2024-01-23T22:04:22.319+0000] {dagbag.py:538} INFO - Filling up the DagBag from /home/airflow/.local/lib/python3.7/site-packages/airflow/example_dags/tutorial.py
[2024-01-23T22:04:22.336+0000] {processor.py:753} INFO - DAG(s) dict_keys(['tutorial']) retrieved from /home/airflow/.local/lib/python3.7/site-packages/airflow/example_dags/tutorial.py
[2024-01-23T22:04:22.389+0000] {logging_mixin.py:137} INFO - [2024-01-23T22:04:22.388+0000] {dag.py:2676} INFO - Sync 1 DAGs
[2024-01-23T22:04:22.428+0000] {logging_mixin.py:137} INFO - [2024-01-23T22:04:22.428+0000] {dag.py:3427} INFO - Setting next_dagrun for tutorial to 2024-01-22T22:04:22.427915+00:00, run_after=2024-01-23T22:04:22.427915+00:00
[2024-01-23T22:04:22.456+0000] {processor.py:175} INFO - Processing /home/airflow/.local/lib/python3.7/site-packages/airflow/example_dags/tutorial.py took 0.142 seconds
[2024-01-23T22:04:52.948+0000] {processor.py:153} INFO - Started process (PID=1048) to work on /home/airflow/.local/lib/python3.7/site-packages/airflow/example_dags/tutorial.py
[2024-01-23T22:04:52.949+0000] {processor.py:743} INFO - Processing file /home/airflow/.local/lib/python3.7/site-packages/airflow/example_dags/tutorial.py for tasks to queue
[2024-01-23T22:04:52.950+0000] {logging_mixin.py:137} INFO - [2024-01-23T22:04:52.950+0000] {dagbag.py:538} INFO - Filling up the DagBag from /home/airflow/.local/lib/python3.7/site-packages/airflow/example_dags/tutorial.py
[2024-01-23T22:04:52.965+0000] {processor.py:753} INFO - DAG(s) dict_keys(['tutorial']) retrieved from /home/airflow/.local/lib/python3.7/site-packages/airflow/example_dags/tutorial.py
[2024-01-23T22:04:53.003+0000] {logging_mixin.py:137} INFO - [2024-01-23T22:04:53.003+0000] {dag.py:2676} INFO - Sync 1 DAGs
[2024-01-23T22:04:53.031+0000] {logging_mixin.py:137} INFO - [2024-01-23T22:04:53.030+0000] {dag.py:3427} INFO - Setting next_dagrun for tutorial to 2024-01-22T22:04:53.030641+00:00, run_after=2024-01-23T22:04:53.030641+00:00
[2024-01-23T22:04:53.052+0000] {processor.py:175} INFO - Processing /home/airflow/.local/lib/python3.7/site-packages/airflow/example_dags/tutorial.py took 0.106 seconds
[2024-01-23T22:05:23.383+0000] {processor.py:153} INFO - Started process (PID=1128) to work on /home/airflow/.local/lib/python3.7/site-packages/airflow/example_dags/tutorial.py
[2024-01-23T22:05:23.384+0000] {processor.py:743} INFO - Processing file /home/airflow/.local/lib/python3.7/site-packages/airflow/example_dags/tutorial.py for tasks to queue
[2024-01-23T22:05:23.385+0000] {logging_mixin.py:137} INFO - [2024-01-23T22:05:23.384+0000] {dagbag.py:538} INFO - Filling up the DagBag from /home/airflow/.local/lib/python3.7/site-packages/airflow/example_dags/tutorial.py
[2024-01-23T22:05:23.396+0000] {processor.py:753} INFO - DAG(s) dict_keys(['tutorial']) retrieved from /home/airflow/.local/lib/python3.7/site-packages/airflow/example_dags/tutorial.py
[2024-01-23T22:05:23.432+0000] {logging_mixin.py:137} INFO - [2024-01-23T22:05:23.432+0000] {dag.py:2676} INFO - Sync 1 DAGs
[2024-01-23T22:05:23.460+0000] {logging_mixin.py:137} INFO - [2024-01-23T22:05:23.460+0000] {dag.py:3427} INFO - Setting next_dagrun for tutorial to 2024-01-22T22:05:23.458774+00:00, run_after=2024-01-23T22:05:23.458774+00:00
[2024-01-23T22:05:23.480+0000] {processor.py:175} INFO - Processing /home/airflow/.local/lib/python3.7/site-packages/airflow/example_dags/tutorial.py took 0.099 seconds
[2024-01-23T22:05:53.681+0000] {processor.py:153} INFO - Started process (PID=1208) to work on /home/airflow/.local/lib/python3.7/site-packages/airflow/example_dags/tutorial.py
[2024-01-23T22:05:53.682+0000] {processor.py:743} INFO - Processing file /home/airflow/.local/lib/python3.7/site-packages/airflow/example_dags/tutorial.py for tasks to queue
[2024-01-23T22:05:53.683+0000] {logging_mixin.py:137} INFO - [2024-01-23T22:05:53.683+0000] {dagbag.py:538} INFO - Filling up the DagBag from /home/airflow/.local/lib/python3.7/site-packages/airflow/example_dags/tutorial.py
[2024-01-23T22:05:53.700+0000] {processor.py:753} INFO - DAG(s) dict_keys(['tutorial']) retrieved from /home/airflow/.local/lib/python3.7/site-packages/airflow/example_dags/tutorial.py
[2024-01-23T22:05:53.745+0000] {logging_mixin.py:137} INFO - [2024-01-23T22:05:53.744+0000] {dag.py:2676} INFO - Sync 1 DAGs
[2024-01-23T22:05:53.782+0000] {logging_mixin.py:137} INFO - [2024-01-23T22:05:53.781+0000] {dag.py:3427} INFO - Setting next_dagrun for tutorial to 2024-01-22T22:05:53.781232+00:00, run_after=2024-01-23T22:05:53.781232+00:00
[2024-01-23T22:05:53.820+0000] {processor.py:175} INFO - Processing /home/airflow/.local/lib/python3.7/site-packages/airflow/example_dags/tutorial.py took 0.143 seconds
[2024-01-23T22:06:24.042+0000] {processor.py:153} INFO - Started process (PID=1308) to work on /home/airflow/.local/lib/python3.7/site-packages/airflow/example_dags/tutorial.py
[2024-01-23T22:06:24.043+0000] {processor.py:743} INFO - Processing file /home/airflow/.local/lib/python3.7/site-packages/airflow/example_dags/tutorial.py for tasks to queue
[2024-01-23T22:06:24.044+0000] {logging_mixin.py:137} INFO - [2024-01-23T22:06:24.043+0000] {dagbag.py:538} INFO - Filling up the DagBag from /home/airflow/.local/lib/python3.7/site-packages/airflow/example_dags/tutorial.py
[2024-01-23T22:06:24.059+0000] {processor.py:753} INFO - DAG(s) dict_keys(['tutorial']) retrieved from /home/airflow/.local/lib/python3.7/site-packages/airflow/example_dags/tutorial.py
[2024-01-23T22:06:24.096+0000] {logging_mixin.py:137} INFO - [2024-01-23T22:06:24.095+0000] {dag.py:2676} INFO - Sync 1 DAGs
[2024-01-23T22:06:24.127+0000] {logging_mixin.py:137} INFO - [2024-01-23T22:06:24.127+0000] {dag.py:3427} INFO - Setting next_dagrun for tutorial to 2024-01-22T22:06:24.127248+00:00, run_after=2024-01-23T22:06:24.127248+00:00
[2024-01-23T22:06:24.157+0000] {processor.py:175} INFO - Processing /home/airflow/.local/lib/python3.7/site-packages/airflow/example_dags/tutorial.py took 0.117 seconds
[2024-01-23T22:06:55.162+0000] {processor.py:153} INFO - Started process (PID=1388) to work on /home/airflow/.local/lib/python3.7/site-packages/airflow/example_dags/tutorial.py
[2024-01-23T22:06:55.162+0000] {processor.py:743} INFO - Processing file /home/airflow/.local/lib/python3.7/site-packages/airflow/example_dags/tutorial.py for tasks to queue
[2024-01-23T22:06:55.163+0000] {logging_mixin.py:137} INFO - [2024-01-23T22:06:55.163+0000] {dagbag.py:538} INFO - Filling up the DagBag from /home/airflow/.local/lib/python3.7/site-packages/airflow/example_dags/tutorial.py
[2024-01-23T22:06:55.177+0000] {processor.py:753} INFO - DAG(s) dict_keys(['tutorial']) retrieved from /home/airflow/.local/lib/python3.7/site-packages/airflow/example_dags/tutorial.py
[2024-01-23T22:06:55.223+0000] {logging_mixin.py:137} INFO - [2024-01-23T22:06:55.223+0000] {dag.py:2676} INFO - Sync 1 DAGs
[2024-01-23T22:06:55.255+0000] {logging_mixin.py:137} INFO - [2024-01-23T22:06:55.255+0000] {dag.py:3427} INFO - Setting next_dagrun for tutorial to 2024-01-22T22:06:55.255567+00:00, run_after=2024-01-23T22:06:55.255567+00:00
[2024-01-23T22:06:55.278+0000] {processor.py:175} INFO - Processing /home/airflow/.local/lib/python3.7/site-packages/airflow/example_dags/tutorial.py took 0.119 seconds
[2024-01-23T22:07:25.650+0000] {processor.py:153} INFO - Started process (PID=1488) to work on /home/airflow/.local/lib/python3.7/site-packages/airflow/example_dags/tutorial.py
[2024-01-23T22:07:25.651+0000] {processor.py:743} INFO - Processing file /home/airflow/.local/lib/python3.7/site-packages/airflow/example_dags/tutorial.py for tasks to queue
[2024-01-23T22:07:25.652+0000] {logging_mixin.py:137} INFO - [2024-01-23T22:07:25.652+0000] {dagbag.py:538} INFO - Filling up the DagBag from /home/airflow/.local/lib/python3.7/site-packages/airflow/example_dags/tutorial.py
[2024-01-23T22:07:25.671+0000] {processor.py:753} INFO - DAG(s) dict_keys(['tutorial']) retrieved from /home/airflow/.local/lib/python3.7/site-packages/airflow/example_dags/tutorial.py
[2024-01-23T22:07:25.710+0000] {logging_mixin.py:137} INFO - [2024-01-23T22:07:25.710+0000] {dag.py:2676} INFO - Sync 1 DAGs
[2024-01-23T22:07:25.745+0000] {logging_mixin.py:137} INFO - [2024-01-23T22:07:25.745+0000] {dag.py:3427} INFO - Setting next_dagrun for tutorial to 2024-01-22T22:07:25.744774+00:00, run_after=2024-01-23T22:07:25.744774+00:00
[2024-01-23T22:07:25.770+0000] {processor.py:175} INFO - Processing /home/airflow/.local/lib/python3.7/site-packages/airflow/example_dags/tutorial.py took 0.123 seconds
[2024-01-23T22:07:56.078+0000] {processor.py:153} INFO - Started process (PID=1568) to work on /home/airflow/.local/lib/python3.7/site-packages/airflow/example_dags/tutorial.py
[2024-01-23T22:07:56.079+0000] {processor.py:743} INFO - Processing file /home/airflow/.local/lib/python3.7/site-packages/airflow/example_dags/tutorial.py for tasks to queue
[2024-01-23T22:07:56.079+0000] {logging_mixin.py:137} INFO - [2024-01-23T22:07:56.079+0000] {dagbag.py:538} INFO - Filling up the DagBag from /home/airflow/.local/lib/python3.7/site-packages/airflow/example_dags/tutorial.py
[2024-01-23T22:07:56.096+0000] {processor.py:753} INFO - DAG(s) dict_keys(['tutorial']) retrieved from /home/airflow/.local/lib/python3.7/site-packages/airflow/example_dags/tutorial.py
[2024-01-23T22:07:56.139+0000] {logging_mixin.py:137} INFO - [2024-01-23T22:07:56.139+0000] {dag.py:2676} INFO - Sync 1 DAGs
[2024-01-23T22:07:56.171+0000] {logging_mixin.py:137} INFO - [2024-01-23T22:07:56.171+0000] {dag.py:3427} INFO - Setting next_dagrun for tutorial to 2024-01-22T22:07:56.171132+00:00, run_after=2024-01-23T22:07:56.171132+00:00
[2024-01-23T22:07:56.194+0000] {processor.py:175} INFO - Processing /home/airflow/.local/lib/python3.7/site-packages/airflow/example_dags/tutorial.py took 0.118 seconds
[2024-01-23T22:08:26.450+0000] {processor.py:153} INFO - Started process (PID=1648) to work on /home/airflow/.local/lib/python3.7/site-packages/airflow/example_dags/tutorial.py
[2024-01-23T22:08:26.451+0000] {processor.py:743} INFO - Processing file /home/airflow/.local/lib/python3.7/site-packages/airflow/example_dags/tutorial.py for tasks to queue
[2024-01-23T22:08:26.452+0000] {logging_mixin.py:137} INFO - [2024-01-23T22:08:26.451+0000] {dagbag.py:538} INFO - Filling up the DagBag from /home/airflow/.local/lib/python3.7/site-packages/airflow/example_dags/tutorial.py
[2024-01-23T22:08:26.465+0000] {processor.py:753} INFO - DAG(s) dict_keys(['tutorial']) retrieved from /home/airflow/.local/lib/python3.7/site-packages/airflow/example_dags/tutorial.py
[2024-01-23T22:08:26.505+0000] {logging_mixin.py:137} INFO - [2024-01-23T22:08:26.505+0000] {dag.py:2676} INFO - Sync 1 DAGs
[2024-01-23T22:08:26.537+0000] {logging_mixin.py:137} INFO - [2024-01-23T22:08:26.537+0000] {dag.py:3427} INFO - Setting next_dagrun for tutorial to 2024-01-22T22:08:26.536752+00:00, run_after=2024-01-23T22:08:26.536752+00:00
[2024-01-23T22:08:26.562+0000] {processor.py:175} INFO - Processing /home/airflow/.local/lib/python3.7/site-packages/airflow/example_dags/tutorial.py took 0.114 seconds
[2024-01-23T22:08:56.976+0000] {processor.py:153} INFO - Started process (PID=1748) to work on /home/airflow/.local/lib/python3.7/site-packages/airflow/example_dags/tutorial.py
[2024-01-23T22:08:56.979+0000] {processor.py:743} INFO - Processing file /home/airflow/.local/lib/python3.7/site-packages/airflow/example_dags/tutorial.py for tasks to queue
[2024-01-23T22:08:56.987+0000] {logging_mixin.py:137} INFO - [2024-01-23T22:08:56.986+0000] {dagbag.py:538} INFO - Filling up the DagBag from /home/airflow/.local/lib/python3.7/site-packages/airflow/example_dags/tutorial.py
[2024-01-23T22:08:57.010+0000] {processor.py:753} INFO - DAG(s) dict_keys(['tutorial']) retrieved from /home/airflow/.local/lib/python3.7/site-packages/airflow/example_dags/tutorial.py
[2024-01-23T22:08:57.060+0000] {logging_mixin.py:137} INFO - [2024-01-23T22:08:57.060+0000] {dag.py:2676} INFO - Sync 1 DAGs
[2024-01-23T22:08:57.105+0000] {logging_mixin.py:137} INFO - [2024-01-23T22:08:57.104+0000] {dag.py:3427} INFO - Setting next_dagrun for tutorial to 2024-01-22T22:08:57.104557+00:00, run_after=2024-01-23T22:08:57.104557+00:00
[2024-01-23T22:08:57.147+0000] {processor.py:175} INFO - Processing /home/airflow/.local/lib/python3.7/site-packages/airflow/example_dags/tutorial.py took 0.174 seconds
[2024-01-23T22:09:27.884+0000] {processor.py:153} INFO - Started process (PID=1828) to work on /home/airflow/.local/lib/python3.7/site-packages/airflow/example_dags/tutorial.py
[2024-01-23T22:09:27.885+0000] {processor.py:743} INFO - Processing file /home/airflow/.local/lib/python3.7/site-packages/airflow/example_dags/tutorial.py for tasks to queue
[2024-01-23T22:09:27.885+0000] {logging_mixin.py:137} INFO - [2024-01-23T22:09:27.885+0000] {dagbag.py:538} INFO - Filling up the DagBag from /home/airflow/.local/lib/python3.7/site-packages/airflow/example_dags/tutorial.py
[2024-01-23T22:09:27.903+0000] {processor.py:753} INFO - DAG(s) dict_keys(['tutorial']) retrieved from /home/airflow/.local/lib/python3.7/site-packages/airflow/example_dags/tutorial.py
[2024-01-23T22:09:27.947+0000] {logging_mixin.py:137} INFO - [2024-01-23T22:09:27.946+0000] {dag.py:2676} INFO - Sync 1 DAGs
[2024-01-23T22:09:27.979+0000] {logging_mixin.py:137} INFO - [2024-01-23T22:09:27.978+0000] {dag.py:3427} INFO - Setting next_dagrun for tutorial to 2024-01-22T22:09:27.978565+00:00, run_after=2024-01-23T22:09:27.978565+00:00
[2024-01-23T22:09:28.003+0000] {processor.py:175} INFO - Processing /home/airflow/.local/lib/python3.7/site-packages/airflow/example_dags/tutorial.py took 0.121 seconds
[2024-01-23T22:09:58.346+0000] {processor.py:153} INFO - Started process (PID=1908) to work on /home/airflow/.local/lib/python3.7/site-packages/airflow/example_dags/tutorial.py
[2024-01-23T22:09:58.347+0000] {processor.py:743} INFO - Processing file /home/airflow/.local/lib/python3.7/site-packages/airflow/example_dags/tutorial.py for tasks to queue
[2024-01-23T22:09:58.348+0000] {logging_mixin.py:137} INFO - [2024-01-23T22:09:58.348+0000] {dagbag.py:538} INFO - Filling up the DagBag from /home/airflow/.local/lib/python3.7/site-packages/airflow/example_dags/tutorial.py
[2024-01-23T22:09:58.363+0000] {processor.py:753} INFO - DAG(s) dict_keys(['tutorial']) retrieved from /home/airflow/.local/lib/python3.7/site-packages/airflow/example_dags/tutorial.py
[2024-01-23T22:09:58.403+0000] {logging_mixin.py:137} INFO - [2024-01-23T22:09:58.403+0000] {dag.py:2676} INFO - Sync 1 DAGs
[2024-01-23T22:09:58.433+0000] {logging_mixin.py:137} INFO - [2024-01-23T22:09:58.433+0000] {dag.py:3427} INFO - Setting next_dagrun for tutorial to 2024-01-22T22:09:58.433151+00:00, run_after=2024-01-23T22:09:58.433151+00:00
[2024-01-23T22:09:58.454+0000] {processor.py:175} INFO - Processing /home/airflow/.local/lib/python3.7/site-packages/airflow/example_dags/tutorial.py took 0.110 seconds
[2024-01-23T22:10:28.870+0000] {processor.py:153} INFO - Started process (PID=2008) to work on /home/airflow/.local/lib/python3.7/site-packages/airflow/example_dags/tutorial.py
[2024-01-23T22:10:28.871+0000] {processor.py:743} INFO - Processing file /home/airflow/.local/lib/python3.7/site-packages/airflow/example_dags/tutorial.py for tasks to queue
[2024-01-23T22:10:28.872+0000] {logging_mixin.py:137} INFO - [2024-01-23T22:10:28.871+0000] {dagbag.py:538} INFO - Filling up the DagBag from /home/airflow/.local/lib/python3.7/site-packages/airflow/example_dags/tutorial.py
[2024-01-23T22:10:28.889+0000] {processor.py:753} INFO - DAG(s) dict_keys(['tutorial']) retrieved from /home/airflow/.local/lib/python3.7/site-packages/airflow/example_dags/tutorial.py
[2024-01-23T22:10:28.938+0000] {logging_mixin.py:137} INFO - [2024-01-23T22:10:28.938+0000] {dag.py:2676} INFO - Sync 1 DAGs
[2024-01-23T22:10:28.970+0000] {logging_mixin.py:137} INFO - [2024-01-23T22:10:28.969+0000] {dag.py:3427} INFO - Setting next_dagrun for tutorial to 2024-01-22T22:10:28.969717+00:00, run_after=2024-01-23T22:10:28.969717+00:00
[2024-01-23T22:10:28.995+0000] {processor.py:175} INFO - Processing /home/airflow/.local/lib/python3.7/site-packages/airflow/example_dags/tutorial.py took 0.128 seconds
[2024-01-23T22:10:59.239+0000] {processor.py:153} INFO - Started process (PID=2088) to work on /home/airflow/.local/lib/python3.7/site-packages/airflow/example_dags/tutorial.py
[2024-01-23T22:10:59.240+0000] {processor.py:743} INFO - Processing file /home/airflow/.local/lib/python3.7/site-packages/airflow/example_dags/tutorial.py for tasks to queue
[2024-01-23T22:10:59.241+0000] {logging_mixin.py:137} INFO - [2024-01-23T22:10:59.241+0000] {dagbag.py:538} INFO - Filling up the DagBag from /home/airflow/.local/lib/python3.7/site-packages/airflow/example_dags/tutorial.py
[2024-01-23T22:10:59.256+0000] {processor.py:753} INFO - DAG(s) dict_keys(['tutorial']) retrieved from /home/airflow/.local/lib/python3.7/site-packages/airflow/example_dags/tutorial.py
[2024-01-23T22:10:59.296+0000] {logging_mixin.py:137} INFO - [2024-01-23T22:10:59.296+0000] {dag.py:2676} INFO - Sync 1 DAGs
[2024-01-23T22:10:59.336+0000] {logging_mixin.py:137} INFO - [2024-01-23T22:10:59.335+0000] {dag.py:3427} INFO - Setting next_dagrun for tutorial to 2024-01-22T22:10:59.335612+00:00, run_after=2024-01-23T22:10:59.335612+00:00
[2024-01-23T22:10:59.374+0000] {processor.py:175} INFO - Processing /home/airflow/.local/lib/python3.7/site-packages/airflow/example_dags/tutorial.py took 0.137 seconds
[2024-01-23T22:11:29.551+0000] {processor.py:153} INFO - Started process (PID=2168) to work on /home/airflow/.local/lib/python3.7/site-packages/airflow/example_dags/tutorial.py
[2024-01-23T22:11:29.552+0000] {processor.py:743} INFO - Processing file /home/airflow/.local/lib/python3.7/site-packages/airflow/example_dags/tutorial.py for tasks to queue
[2024-01-23T22:11:29.553+0000] {logging_mixin.py:137} INFO - [2024-01-23T22:11:29.553+0000] {dagbag.py:538} INFO - Filling up the DagBag from /home/airflow/.local/lib/python3.7/site-packages/airflow/example_dags/tutorial.py
[2024-01-23T22:11:29.566+0000] {processor.py:753} INFO - DAG(s) dict_keys(['tutorial']) retrieved from /home/airflow/.local/lib/python3.7/site-packages/airflow/example_dags/tutorial.py
[2024-01-23T22:11:29.603+0000] {logging_mixin.py:137} INFO - [2024-01-23T22:11:29.602+0000] {dag.py:2676} INFO - Sync 1 DAGs
[2024-01-23T22:11:29.631+0000] {logging_mixin.py:137} INFO - [2024-01-23T22:11:29.631+0000] {dag.py:3427} INFO - Setting next_dagrun for tutorial to 2024-01-22T22:11:29.631114+00:00, run_after=2024-01-23T22:11:29.631114+00:00
[2024-01-23T22:11:29.651+0000] {processor.py:175} INFO - Processing /home/airflow/.local/lib/python3.7/site-packages/airflow/example_dags/tutorial.py took 0.103 seconds
[2024-01-23T22:11:59.998+0000] {processor.py:153} INFO - Started process (PID=2268) to work on /home/airflow/.local/lib/python3.7/site-packages/airflow/example_dags/tutorial.py
[2024-01-23T22:11:59.999+0000] {processor.py:743} INFO - Processing file /home/airflow/.local/lib/python3.7/site-packages/airflow/example_dags/tutorial.py for tasks to queue
[2024-01-23T22:12:00.000+0000] {logging_mixin.py:137} INFO - [2024-01-23T22:12:00.000+0000] {dagbag.py:538} INFO - Filling up the DagBag from /home/airflow/.local/lib/python3.7/site-packages/airflow/example_dags/tutorial.py
[2024-01-23T22:12:00.016+0000] {processor.py:753} INFO - DAG(s) dict_keys(['tutorial']) retrieved from /home/airflow/.local/lib/python3.7/site-packages/airflow/example_dags/tutorial.py
[2024-01-23T22:12:00.056+0000] {logging_mixin.py:137} INFO - [2024-01-23T22:12:00.056+0000] {dag.py:2676} INFO - Sync 1 DAGs
[2024-01-23T22:12:00.088+0000] {logging_mixin.py:137} INFO - [2024-01-23T22:12:00.088+0000] {dag.py:3427} INFO - Setting next_dagrun for tutorial to 2024-01-22T22:12:00.087007+00:00, run_after=2024-01-23T22:12:00.087007+00:00
[2024-01-23T22:12:00.110+0000] {processor.py:175} INFO - Processing /home/airflow/.local/lib/python3.7/site-packages/airflow/example_dags/tutorial.py took 0.114 seconds
[2024-01-23T22:12:30.493+0000] {processor.py:153} INFO - Started process (PID=2348) to work on /home/airflow/.local/lib/python3.7/site-packages/airflow/example_dags/tutorial.py
[2024-01-23T22:12:30.493+0000] {processor.py:743} INFO - Processing file /home/airflow/.local/lib/python3.7/site-packages/airflow/example_dags/tutorial.py for tasks to queue
[2024-01-23T22:12:30.494+0000] {logging_mixin.py:137} INFO - [2024-01-23T22:12:30.494+0000] {dagbag.py:538} INFO - Filling up the DagBag from /home/airflow/.local/lib/python3.7/site-packages/airflow/example_dags/tutorial.py
[2024-01-23T22:12:30.507+0000] {processor.py:753} INFO - DAG(s) dict_keys(['tutorial']) retrieved from /home/airflow/.local/lib/python3.7/site-packages/airflow/example_dags/tutorial.py
[2024-01-23T22:12:30.542+0000] {logging_mixin.py:137} INFO - [2024-01-23T22:12:30.542+0000] {dag.py:2676} INFO - Sync 1 DAGs
[2024-01-23T22:12:30.570+0000] {logging_mixin.py:137} INFO - [2024-01-23T22:12:30.570+0000] {dag.py:3427} INFO - Setting next_dagrun for tutorial to 2024-01-22T22:12:30.570188+00:00, run_after=2024-01-23T22:12:30.570188+00:00
[2024-01-23T22:12:30.592+0000] {processor.py:175} INFO - Processing /home/airflow/.local/lib/python3.7/site-packages/airflow/example_dags/tutorial.py took 0.103 seconds
[2024-01-23T22:13:00.763+0000] {processor.py:153} INFO - Started process (PID=2435) to work on /home/airflow/.local/lib/python3.7/site-packages/airflow/example_dags/tutorial.py
[2024-01-23T22:13:00.764+0000] {processor.py:743} INFO - Processing file /home/airflow/.local/lib/python3.7/site-packages/airflow/example_dags/tutorial.py for tasks to queue
[2024-01-23T22:13:00.765+0000] {logging_mixin.py:137} INFO - [2024-01-23T22:13:00.764+0000] {dagbag.py:538} INFO - Filling up the DagBag from /home/airflow/.local/lib/python3.7/site-packages/airflow/example_dags/tutorial.py
[2024-01-23T22:13:00.782+0000] {processor.py:753} INFO - DAG(s) dict_keys(['tutorial']) retrieved from /home/airflow/.local/lib/python3.7/site-packages/airflow/example_dags/tutorial.py
[2024-01-23T22:13:00.831+0000] {logging_mixin.py:137} INFO - [2024-01-23T22:13:00.831+0000] {dag.py:2676} INFO - Sync 1 DAGs
[2024-01-23T22:13:00.867+0000] {logging_mixin.py:137} INFO - [2024-01-23T22:13:00.867+0000] {dag.py:3427} INFO - Setting next_dagrun for tutorial to 2024-01-22T22:13:00.866663+00:00, run_after=2024-01-23T22:13:00.866663+00:00
[2024-01-23T22:13:00.896+0000] {processor.py:175} INFO - Processing /home/airflow/.local/lib/python3.7/site-packages/airflow/example_dags/tutorial.py took 0.137 seconds
[2024-01-23T22:13:31.422+0000] {processor.py:153} INFO - Started process (PID=2528) to work on /home/airflow/.local/lib/python3.7/site-packages/airflow/example_dags/tutorial.py
[2024-01-23T22:13:31.423+0000] {processor.py:743} INFO - Processing file /home/airflow/.local/lib/python3.7/site-packages/airflow/example_dags/tutorial.py for tasks to queue
[2024-01-23T22:13:31.424+0000] {logging_mixin.py:137} INFO - [2024-01-23T22:13:31.424+0000] {dagbag.py:538} INFO - Filling up the DagBag from /home/airflow/.local/lib/python3.7/site-packages/airflow/example_dags/tutorial.py
[2024-01-23T22:13:31.435+0000] {processor.py:753} INFO - DAG(s) dict_keys(['tutorial']) retrieved from /home/airflow/.local/lib/python3.7/site-packages/airflow/example_dags/tutorial.py
[2024-01-23T22:13:31.469+0000] {logging_mixin.py:137} INFO - [2024-01-23T22:13:31.469+0000] {dag.py:2676} INFO - Sync 1 DAGs
[2024-01-23T22:13:31.501+0000] {logging_mixin.py:137} INFO - [2024-01-23T22:13:31.500+0000] {dag.py:3427} INFO - Setting next_dagrun for tutorial to 2024-01-22T22:13:31.500535+00:00, run_after=2024-01-23T22:13:31.500535+00:00
[2024-01-23T22:13:31.532+0000] {processor.py:175} INFO - Processing /home/airflow/.local/lib/python3.7/site-packages/airflow/example_dags/tutorial.py took 0.112 seconds
[2024-01-23T22:14:01.908+0000] {processor.py:153} INFO - Started process (PID=2607) to work on /home/airflow/.local/lib/python3.7/site-packages/airflow/example_dags/tutorial.py
[2024-01-23T22:14:01.908+0000] {processor.py:743} INFO - Processing file /home/airflow/.local/lib/python3.7/site-packages/airflow/example_dags/tutorial.py for tasks to queue
[2024-01-23T22:14:01.909+0000] {logging_mixin.py:137} INFO - [2024-01-23T22:14:01.909+0000] {dagbag.py:538} INFO - Filling up the DagBag from /home/airflow/.local/lib/python3.7/site-packages/airflow/example_dags/tutorial.py
[2024-01-23T22:14:01.926+0000] {processor.py:753} INFO - DAG(s) dict_keys(['tutorial']) retrieved from /home/airflow/.local/lib/python3.7/site-packages/airflow/example_dags/tutorial.py
[2024-01-23T22:14:01.974+0000] {logging_mixin.py:137} INFO - [2024-01-23T22:14:01.974+0000] {dag.py:2676} INFO - Sync 1 DAGs
[2024-01-23T22:14:02.007+0000] {logging_mixin.py:137} INFO - [2024-01-23T22:14:02.006+0000] {dag.py:3427} INFO - Setting next_dagrun for tutorial to 2024-01-22T22:14:02.006721+00:00, run_after=2024-01-23T22:14:02.006721+00:00
[2024-01-23T22:14:02.029+0000] {processor.py:175} INFO - Processing /home/airflow/.local/lib/python3.7/site-packages/airflow/example_dags/tutorial.py took 0.124 seconds
[2024-01-23T22:14:32.504+0000] {processor.py:153} INFO - Started process (PID=2708) to work on /home/airflow/.local/lib/python3.7/site-packages/airflow/example_dags/tutorial.py
[2024-01-23T22:14:32.504+0000] {processor.py:743} INFO - Processing file /home/airflow/.local/lib/python3.7/site-packages/airflow/example_dags/tutorial.py for tasks to queue
[2024-01-23T22:14:32.505+0000] {logging_mixin.py:137} INFO - [2024-01-23T22:14:32.505+0000] {dagbag.py:538} INFO - Filling up the DagBag from /home/airflow/.local/lib/python3.7/site-packages/airflow/example_dags/tutorial.py
[2024-01-23T22:14:32.522+0000] {processor.py:753} INFO - DAG(s) dict_keys(['tutorial']) retrieved from /home/airflow/.local/lib/python3.7/site-packages/airflow/example_dags/tutorial.py
[2024-01-23T22:14:32.568+0000] {logging_mixin.py:137} INFO - [2024-01-23T22:14:32.568+0000] {dag.py:2676} INFO - Sync 1 DAGs
[2024-01-23T22:14:32.601+0000] {logging_mixin.py:137} INFO - [2024-01-23T22:14:32.601+0000] {dag.py:3427} INFO - Setting next_dagrun for tutorial to 2024-01-22T22:14:32.601418+00:00, run_after=2024-01-23T22:14:32.601418+00:00
[2024-01-23T22:14:32.630+0000] {processor.py:175} INFO - Processing /home/airflow/.local/lib/python3.7/site-packages/airflow/example_dags/tutorial.py took 0.130 seconds
[2024-01-23T22:15:02.994+0000] {processor.py:153} INFO - Started process (PID=2789) to work on /home/airflow/.local/lib/python3.7/site-packages/airflow/example_dags/tutorial.py
[2024-01-23T22:15:02.995+0000] {processor.py:743} INFO - Processing file /home/airflow/.local/lib/python3.7/site-packages/airflow/example_dags/tutorial.py for tasks to queue
[2024-01-23T22:15:02.996+0000] {logging_mixin.py:137} INFO - [2024-01-23T22:15:02.996+0000] {dagbag.py:538} INFO - Filling up the DagBag from /home/airflow/.local/lib/python3.7/site-packages/airflow/example_dags/tutorial.py
[2024-01-23T22:15:03.012+0000] {processor.py:753} INFO - DAG(s) dict_keys(['tutorial']) retrieved from /home/airflow/.local/lib/python3.7/site-packages/airflow/example_dags/tutorial.py
[2024-01-23T22:15:03.045+0000] {logging_mixin.py:137} INFO - [2024-01-23T22:15:03.045+0000] {dag.py:2676} INFO - Sync 1 DAGs
[2024-01-23T22:15:03.076+0000] {logging_mixin.py:137} INFO - [2024-01-23T22:15:03.076+0000] {dag.py:3427} INFO - Setting next_dagrun for tutorial to 2024-01-22T22:15:03.075850+00:00, run_after=2024-01-23T22:15:03.075850+00:00
[2024-01-23T22:15:03.100+0000] {processor.py:175} INFO - Processing /home/airflow/.local/lib/python3.7/site-packages/airflow/example_dags/tutorial.py took 0.108 seconds
[2024-01-23T22:15:33.351+0000] {processor.py:153} INFO - Started process (PID=2870) to work on /home/airflow/.local/lib/python3.7/site-packages/airflow/example_dags/tutorial.py
[2024-01-23T22:15:33.352+0000] {processor.py:743} INFO - Processing file /home/airflow/.local/lib/python3.7/site-packages/airflow/example_dags/tutorial.py for tasks to queue
[2024-01-23T22:15:33.353+0000] {logging_mixin.py:137} INFO - [2024-01-23T22:15:33.352+0000] {dagbag.py:538} INFO - Filling up the DagBag from /home/airflow/.local/lib/python3.7/site-packages/airflow/example_dags/tutorial.py
[2024-01-23T22:15:33.369+0000] {processor.py:753} INFO - DAG(s) dict_keys(['tutorial']) retrieved from /home/airflow/.local/lib/python3.7/site-packages/airflow/example_dags/tutorial.py
[2024-01-23T22:15:33.412+0000] {logging_mixin.py:137} INFO - [2024-01-23T22:15:33.412+0000] {dag.py:2676} INFO - Sync 1 DAGs
[2024-01-23T22:15:33.444+0000] {logging_mixin.py:137} INFO - [2024-01-23T22:15:33.444+0000] {dag.py:3427} INFO - Setting next_dagrun for tutorial to 2024-01-22T22:15:33.444210+00:00, run_after=2024-01-23T22:15:33.444210+00:00
[2024-01-23T22:15:33.467+0000] {processor.py:175} INFO - Processing /home/airflow/.local/lib/python3.7/site-packages/airflow/example_dags/tutorial.py took 0.120 seconds
[2024-01-23T22:16:03.705+0000] {processor.py:153} INFO - Started process (PID=2970) to work on /home/airflow/.local/lib/python3.7/site-packages/airflow/example_dags/tutorial.py
[2024-01-23T22:16:03.706+0000] {processor.py:743} INFO - Processing file /home/airflow/.local/lib/python3.7/site-packages/airflow/example_dags/tutorial.py for tasks to queue
[2024-01-23T22:16:03.707+0000] {logging_mixin.py:137} INFO - [2024-01-23T22:16:03.707+0000] {dagbag.py:538} INFO - Filling up the DagBag from /home/airflow/.local/lib/python3.7/site-packages/airflow/example_dags/tutorial.py
[2024-01-23T22:16:03.722+0000] {processor.py:753} INFO - DAG(s) dict_keys(['tutorial']) retrieved from /home/airflow/.local/lib/python3.7/site-packages/airflow/example_dags/tutorial.py
[2024-01-23T22:16:03.764+0000] {logging_mixin.py:137} INFO - [2024-01-23T22:16:03.764+0000] {dag.py:2676} INFO - Sync 1 DAGs
[2024-01-23T22:16:03.805+0000] {logging_mixin.py:137} INFO - [2024-01-23T22:16:03.805+0000] {dag.py:3427} INFO - Setting next_dagrun for tutorial to 2024-01-22T22:16:03.805010+00:00, run_after=2024-01-23T22:16:03.805010+00:00
[2024-01-23T22:16:03.835+0000] {processor.py:175} INFO - Processing /home/airflow/.local/lib/python3.7/site-packages/airflow/example_dags/tutorial.py took 0.132 seconds
[2024-01-23T22:16:34.788+0000] {processor.py:153} INFO - Started process (PID=3049) to work on /home/airflow/.local/lib/python3.7/site-packages/airflow/example_dags/tutorial.py
[2024-01-23T22:16:34.789+0000] {processor.py:743} INFO - Processing file /home/airflow/.local/lib/python3.7/site-packages/airflow/example_dags/tutorial.py for tasks to queue
[2024-01-23T22:16:34.790+0000] {logging_mixin.py:137} INFO - [2024-01-23T22:16:34.790+0000] {dagbag.py:538} INFO - Filling up the DagBag from /home/airflow/.local/lib/python3.7/site-packages/airflow/example_dags/tutorial.py
[2024-01-23T22:16:34.806+0000] {processor.py:753} INFO - DAG(s) dict_keys(['tutorial']) retrieved from /home/airflow/.local/lib/python3.7/site-packages/airflow/example_dags/tutorial.py
[2024-01-23T22:16:34.847+0000] {logging_mixin.py:137} INFO - [2024-01-23T22:16:34.847+0000] {dag.py:2676} INFO - Sync 1 DAGs
[2024-01-23T22:16:34.878+0000] {logging_mixin.py:137} INFO - [2024-01-23T22:16:34.878+0000] {dag.py:3427} INFO - Setting next_dagrun for tutorial to 2024-01-22T22:16:34.878341+00:00, run_after=2024-01-23T22:16:34.878341+00:00
[2024-01-23T22:16:34.903+0000] {processor.py:175} INFO - Processing /home/airflow/.local/lib/python3.7/site-packages/airflow/example_dags/tutorial.py took 0.117 seconds
[2024-01-23T22:17:05.005+0000] {processor.py:153} INFO - Started process (PID=3129) to work on /home/airflow/.local/lib/python3.7/site-packages/airflow/example_dags/tutorial.py
[2024-01-23T22:17:05.005+0000] {processor.py:743} INFO - Processing file /home/airflow/.local/lib/python3.7/site-packages/airflow/example_dags/tutorial.py for tasks to queue
[2024-01-23T22:17:05.006+0000] {logging_mixin.py:137} INFO - [2024-01-23T22:17:05.006+0000] {dagbag.py:538} INFO - Filling up the DagBag from /home/airflow/.local/lib/python3.7/site-packages/airflow/example_dags/tutorial.py
[2024-01-23T22:17:05.018+0000] {processor.py:753} INFO - DAG(s) dict_keys(['tutorial']) retrieved from /home/airflow/.local/lib/python3.7/site-packages/airflow/example_dags/tutorial.py
[2024-01-23T22:17:05.053+0000] {logging_mixin.py:137} INFO - [2024-01-23T22:17:05.052+0000] {dag.py:2676} INFO - Sync 1 DAGs
[2024-01-23T22:17:05.081+0000] {logging_mixin.py:137} INFO - [2024-01-23T22:17:05.081+0000] {dag.py:3427} INFO - Setting next_dagrun for tutorial to 2024-01-22T22:17:05.080883+00:00, run_after=2024-01-23T22:17:05.080883+00:00
[2024-01-23T22:17:05.102+0000] {processor.py:175} INFO - Processing /home/airflow/.local/lib/python3.7/site-packages/airflow/example_dags/tutorial.py took 0.100 seconds
[2024-01-23T22:17:35.478+0000] {processor.py:153} INFO - Started process (PID=3228) to work on /home/airflow/.local/lib/python3.7/site-packages/airflow/example_dags/tutorial.py
[2024-01-23T22:17:35.478+0000] {processor.py:743} INFO - Processing file /home/airflow/.local/lib/python3.7/site-packages/airflow/example_dags/tutorial.py for tasks to queue
[2024-01-23T22:17:35.479+0000] {logging_mixin.py:137} INFO - [2024-01-23T22:17:35.479+0000] {dagbag.py:538} INFO - Filling up the DagBag from /home/airflow/.local/lib/python3.7/site-packages/airflow/example_dags/tutorial.py
[2024-01-23T22:17:35.493+0000] {processor.py:753} INFO - DAG(s) dict_keys(['tutorial']) retrieved from /home/airflow/.local/lib/python3.7/site-packages/airflow/example_dags/tutorial.py
[2024-01-23T22:17:35.530+0000] {logging_mixin.py:137} INFO - [2024-01-23T22:17:35.530+0000] {dag.py:2676} INFO - Sync 1 DAGs
[2024-01-23T22:17:35.560+0000] {logging_mixin.py:137} INFO - [2024-01-23T22:17:35.560+0000] {dag.py:3427} INFO - Setting next_dagrun for tutorial to 2024-01-22T22:17:35.560280+00:00, run_after=2024-01-23T22:17:35.560280+00:00
[2024-01-23T22:17:35.586+0000] {processor.py:175} INFO - Processing /home/airflow/.local/lib/python3.7/site-packages/airflow/example_dags/tutorial.py took 0.111 seconds
[2024-01-23T22:18:05.666+0000] {processor.py:153} INFO - Started process (PID=3308) to work on /home/airflow/.local/lib/python3.7/site-packages/airflow/example_dags/tutorial.py
[2024-01-23T22:18:05.666+0000] {processor.py:743} INFO - Processing file /home/airflow/.local/lib/python3.7/site-packages/airflow/example_dags/tutorial.py for tasks to queue
[2024-01-23T22:18:05.667+0000] {logging_mixin.py:137} INFO - [2024-01-23T22:18:05.667+0000] {dagbag.py:538} INFO - Filling up the DagBag from /home/airflow/.local/lib/python3.7/site-packages/airflow/example_dags/tutorial.py
[2024-01-23T22:18:05.683+0000] {processor.py:753} INFO - DAG(s) dict_keys(['tutorial']) retrieved from /home/airflow/.local/lib/python3.7/site-packages/airflow/example_dags/tutorial.py
[2024-01-23T22:18:05.724+0000] {logging_mixin.py:137} INFO - [2024-01-23T22:18:05.724+0000] {dag.py:2676} INFO - Sync 1 DAGs
[2024-01-23T22:18:05.750+0000] {logging_mixin.py:137} INFO - [2024-01-23T22:18:05.750+0000] {dag.py:3427} INFO - Setting next_dagrun for tutorial to 2024-01-22T22:18:05.750523+00:00, run_after=2024-01-23T22:18:05.750523+00:00
[2024-01-23T22:18:05.776+0000] {processor.py:175} INFO - Processing /home/airflow/.local/lib/python3.7/site-packages/airflow/example_dags/tutorial.py took 0.112 seconds
[2024-01-23T22:18:35.895+0000] {processor.py:153} INFO - Started process (PID=3397) to work on /home/airflow/.local/lib/python3.7/site-packages/airflow/example_dags/tutorial.py
[2024-01-23T22:18:35.896+0000] {processor.py:743} INFO - Processing file /home/airflow/.local/lib/python3.7/site-packages/airflow/example_dags/tutorial.py for tasks to queue
[2024-01-23T22:18:35.897+0000] {logging_mixin.py:137} INFO - [2024-01-23T22:18:35.896+0000] {dagbag.py:538} INFO - Filling up the DagBag from /home/airflow/.local/lib/python3.7/site-packages/airflow/example_dags/tutorial.py
[2024-01-23T22:18:35.913+0000] {processor.py:753} INFO - DAG(s) dict_keys(['tutorial']) retrieved from /home/airflow/.local/lib/python3.7/site-packages/airflow/example_dags/tutorial.py
[2024-01-23T22:18:35.954+0000] {logging_mixin.py:137} INFO - [2024-01-23T22:18:35.954+0000] {dag.py:2676} INFO - Sync 1 DAGs
[2024-01-23T22:18:35.980+0000] {logging_mixin.py:137} INFO - [2024-01-23T22:18:35.980+0000] {dag.py:3427} INFO - Setting next_dagrun for tutorial to 2024-01-22T22:18:35.980473+00:00, run_after=2024-01-23T22:18:35.980473+00:00
[2024-01-23T22:18:36.005+0000] {processor.py:175} INFO - Processing /home/airflow/.local/lib/python3.7/site-packages/airflow/example_dags/tutorial.py took 0.113 seconds
[2024-01-23T22:19:06.412+0000] {processor.py:153} INFO - Started process (PID=3488) to work on /home/airflow/.local/lib/python3.7/site-packages/airflow/example_dags/tutorial.py
[2024-01-23T22:19:06.412+0000] {processor.py:743} INFO - Processing file /home/airflow/.local/lib/python3.7/site-packages/airflow/example_dags/tutorial.py for tasks to queue
[2024-01-23T22:19:06.413+0000] {logging_mixin.py:137} INFO - [2024-01-23T22:19:06.413+0000] {dagbag.py:538} INFO - Filling up the DagBag from /home/airflow/.local/lib/python3.7/site-packages/airflow/example_dags/tutorial.py
[2024-01-23T22:19:06.426+0000] {processor.py:753} INFO - DAG(s) dict_keys(['tutorial']) retrieved from /home/airflow/.local/lib/python3.7/site-packages/airflow/example_dags/tutorial.py
[2024-01-23T22:19:06.467+0000] {logging_mixin.py:137} INFO - [2024-01-23T22:19:06.466+0000] {dag.py:2676} INFO - Sync 1 DAGs
[2024-01-23T22:19:06.499+0000] {logging_mixin.py:137} INFO - [2024-01-23T22:19:06.499+0000] {dag.py:3427} INFO - Setting next_dagrun for tutorial to 2024-01-22T22:19:06.499147+00:00, run_after=2024-01-23T22:19:06.499147+00:00
[2024-01-23T22:19:06.530+0000] {processor.py:175} INFO - Processing /home/airflow/.local/lib/python3.7/site-packages/airflow/example_dags/tutorial.py took 0.121 seconds
[2024-01-23T22:19:36.629+0000] {processor.py:153} INFO - Started process (PID=3568) to work on /home/airflow/.local/lib/python3.7/site-packages/airflow/example_dags/tutorial.py
[2024-01-23T22:19:36.630+0000] {processor.py:743} INFO - Processing file /home/airflow/.local/lib/python3.7/site-packages/airflow/example_dags/tutorial.py for tasks to queue
[2024-01-23T22:19:36.631+0000] {logging_mixin.py:137} INFO - [2024-01-23T22:19:36.631+0000] {dagbag.py:538} INFO - Filling up the DagBag from /home/airflow/.local/lib/python3.7/site-packages/airflow/example_dags/tutorial.py
[2024-01-23T22:19:36.648+0000] {processor.py:753} INFO - DAG(s) dict_keys(['tutorial']) retrieved from /home/airflow/.local/lib/python3.7/site-packages/airflow/example_dags/tutorial.py
[2024-01-23T22:19:36.689+0000] {logging_mixin.py:137} INFO - [2024-01-23T22:19:36.689+0000] {dag.py:2676} INFO - Sync 1 DAGs
[2024-01-23T22:19:36.719+0000] {logging_mixin.py:137} INFO - [2024-01-23T22:19:36.719+0000] {dag.py:3427} INFO - Setting next_dagrun for tutorial to 2024-01-22T22:19:36.719072+00:00, run_after=2024-01-23T22:19:36.719072+00:00
[2024-01-23T22:19:36.742+0000] {processor.py:175} INFO - Processing /home/airflow/.local/lib/python3.7/site-packages/airflow/example_dags/tutorial.py took 0.117 seconds
[2024-01-23T22:20:06.923+0000] {processor.py:153} INFO - Started process (PID=3657) to work on /home/airflow/.local/lib/python3.7/site-packages/airflow/example_dags/tutorial.py
[2024-01-23T22:20:06.924+0000] {processor.py:743} INFO - Processing file /home/airflow/.local/lib/python3.7/site-packages/airflow/example_dags/tutorial.py for tasks to queue
[2024-01-23T22:20:06.925+0000] {logging_mixin.py:137} INFO - [2024-01-23T22:20:06.925+0000] {dagbag.py:538} INFO - Filling up the DagBag from /home/airflow/.local/lib/python3.7/site-packages/airflow/example_dags/tutorial.py
[2024-01-23T22:20:06.941+0000] {processor.py:753} INFO - DAG(s) dict_keys(['tutorial']) retrieved from /home/airflow/.local/lib/python3.7/site-packages/airflow/example_dags/tutorial.py
[2024-01-23T22:20:06.992+0000] {logging_mixin.py:137} INFO - [2024-01-23T22:20:06.992+0000] {dag.py:2676} INFO - Sync 1 DAGs
[2024-01-23T22:20:07.076+0000] {logging_mixin.py:137} INFO - [2024-01-23T22:20:07.075+0000] {dag.py:3427} INFO - Setting next_dagrun for tutorial to 2024-01-22T22:20:07.075635+00:00, run_after=2024-01-23T22:20:07.075635+00:00
[2024-01-23T22:20:07.102+0000] {processor.py:175} INFO - Processing /home/airflow/.local/lib/python3.7/site-packages/airflow/example_dags/tutorial.py took 0.181 seconds
[2024-01-23T22:20:37.541+0000] {processor.py:153} INFO - Started process (PID=3749) to work on /home/airflow/.local/lib/python3.7/site-packages/airflow/example_dags/tutorial.py
[2024-01-23T22:20:37.542+0000] {processor.py:743} INFO - Processing file /home/airflow/.local/lib/python3.7/site-packages/airflow/example_dags/tutorial.py for tasks to queue
[2024-01-23T22:20:37.543+0000] {logging_mixin.py:137} INFO - [2024-01-23T22:20:37.543+0000] {dagbag.py:538} INFO - Filling up the DagBag from /home/airflow/.local/lib/python3.7/site-packages/airflow/example_dags/tutorial.py
[2024-01-23T22:20:37.555+0000] {processor.py:753} INFO - DAG(s) dict_keys(['tutorial']) retrieved from /home/airflow/.local/lib/python3.7/site-packages/airflow/example_dags/tutorial.py
[2024-01-23T22:20:37.592+0000] {logging_mixin.py:137} INFO - [2024-01-23T22:20:37.592+0000] {dag.py:2676} INFO - Sync 1 DAGs
[2024-01-23T22:20:37.621+0000] {logging_mixin.py:137} INFO - [2024-01-23T22:20:37.621+0000] {dag.py:3427} INFO - Setting next_dagrun for tutorial to 2024-01-22T22:20:37.620960+00:00, run_after=2024-01-23T22:20:37.620960+00:00
[2024-01-23T22:20:37.640+0000] {processor.py:175} INFO - Processing /home/airflow/.local/lib/python3.7/site-packages/airflow/example_dags/tutorial.py took 0.102 seconds
[2024-01-23T22:21:07.934+0000] {processor.py:153} INFO - Started process (PID=3829) to work on /home/airflow/.local/lib/python3.7/site-packages/airflow/example_dags/tutorial.py
[2024-01-23T22:21:07.935+0000] {processor.py:743} INFO - Processing file /home/airflow/.local/lib/python3.7/site-packages/airflow/example_dags/tutorial.py for tasks to queue
[2024-01-23T22:21:07.936+0000] {logging_mixin.py:137} INFO - [2024-01-23T22:21:07.935+0000] {dagbag.py:538} INFO - Filling up the DagBag from /home/airflow/.local/lib/python3.7/site-packages/airflow/example_dags/tutorial.py
[2024-01-23T22:21:07.952+0000] {processor.py:753} INFO - DAG(s) dict_keys(['tutorial']) retrieved from /home/airflow/.local/lib/python3.7/site-packages/airflow/example_dags/tutorial.py
[2024-01-23T22:21:08.010+0000] {logging_mixin.py:137} INFO - [2024-01-23T22:21:08.009+0000] {dag.py:2676} INFO - Sync 1 DAGs
[2024-01-23T22:21:08.049+0000] {logging_mixin.py:137} INFO - [2024-01-23T22:21:08.048+0000] {dag.py:3427} INFO - Setting next_dagrun for tutorial to 2024-01-22T22:21:08.048584+00:00, run_after=2024-01-23T22:21:08.048584+00:00
[2024-01-23T22:21:08.078+0000] {processor.py:175} INFO - Processing /home/airflow/.local/lib/python3.7/site-packages/airflow/example_dags/tutorial.py took 0.148 seconds
[2024-01-23T22:21:38.442+0000] {processor.py:153} INFO - Started process (PID=3929) to work on /home/airflow/.local/lib/python3.7/site-packages/airflow/example_dags/tutorial.py
[2024-01-23T22:21:38.443+0000] {processor.py:743} INFO - Processing file /home/airflow/.local/lib/python3.7/site-packages/airflow/example_dags/tutorial.py for tasks to queue
[2024-01-23T22:21:38.444+0000] {logging_mixin.py:137} INFO - [2024-01-23T22:21:38.444+0000] {dagbag.py:538} INFO - Filling up the DagBag from /home/airflow/.local/lib/python3.7/site-packages/airflow/example_dags/tutorial.py
[2024-01-23T22:21:38.458+0000] {processor.py:753} INFO - DAG(s) dict_keys(['tutorial']) retrieved from /home/airflow/.local/lib/python3.7/site-packages/airflow/example_dags/tutorial.py
[2024-01-23T22:21:38.502+0000] {logging_mixin.py:137} INFO - [2024-01-23T22:21:38.501+0000] {dag.py:2676} INFO - Sync 1 DAGs
[2024-01-23T22:21:38.539+0000] {logging_mixin.py:137} INFO - [2024-01-23T22:21:38.539+0000] {dag.py:3427} INFO - Setting next_dagrun for tutorial to 2024-01-22T22:21:38.539308+00:00, run_after=2024-01-23T22:21:38.539308+00:00
[2024-01-23T22:21:38.567+0000] {processor.py:175} INFO - Processing /home/airflow/.local/lib/python3.7/site-packages/airflow/example_dags/tutorial.py took 0.127 seconds
[2024-01-23T22:22:08.883+0000] {processor.py:153} INFO - Started process (PID=4009) to work on /home/airflow/.local/lib/python3.7/site-packages/airflow/example_dags/tutorial.py
[2024-01-23T22:22:08.884+0000] {processor.py:743} INFO - Processing file /home/airflow/.local/lib/python3.7/site-packages/airflow/example_dags/tutorial.py for tasks to queue
[2024-01-23T22:22:08.885+0000] {logging_mixin.py:137} INFO - [2024-01-23T22:22:08.885+0000] {dagbag.py:538} INFO - Filling up the DagBag from /home/airflow/.local/lib/python3.7/site-packages/airflow/example_dags/tutorial.py
[2024-01-23T22:22:08.899+0000] {processor.py:753} INFO - DAG(s) dict_keys(['tutorial']) retrieved from /home/airflow/.local/lib/python3.7/site-packages/airflow/example_dags/tutorial.py
[2024-01-23T22:22:08.936+0000] {logging_mixin.py:137} INFO - [2024-01-23T22:22:08.935+0000] {dag.py:2676} INFO - Sync 1 DAGs
[2024-01-23T22:22:08.964+0000] {logging_mixin.py:137} INFO - [2024-01-23T22:22:08.964+0000] {dag.py:3427} INFO - Setting next_dagrun for tutorial to 2024-01-22T22:22:08.964347+00:00, run_after=2024-01-23T22:22:08.964347+00:00
[2024-01-23T22:22:08.984+0000] {processor.py:175} INFO - Processing /home/airflow/.local/lib/python3.7/site-packages/airflow/example_dags/tutorial.py took 0.103 seconds
[2024-01-23T22:22:39.070+0000] {processor.py:153} INFO - Started process (PID=4089) to work on /home/airflow/.local/lib/python3.7/site-packages/airflow/example_dags/tutorial.py
[2024-01-23T22:22:39.071+0000] {processor.py:743} INFO - Processing file /home/airflow/.local/lib/python3.7/site-packages/airflow/example_dags/tutorial.py for tasks to queue
[2024-01-23T22:22:39.072+0000] {logging_mixin.py:137} INFO - [2024-01-23T22:22:39.071+0000] {dagbag.py:538} INFO - Filling up the DagBag from /home/airflow/.local/lib/python3.7/site-packages/airflow/example_dags/tutorial.py
[2024-01-23T22:22:39.084+0000] {processor.py:753} INFO - DAG(s) dict_keys(['tutorial']) retrieved from /home/airflow/.local/lib/python3.7/site-packages/airflow/example_dags/tutorial.py
[2024-01-23T22:22:39.121+0000] {logging_mixin.py:137} INFO - [2024-01-23T22:22:39.121+0000] {dag.py:2676} INFO - Sync 1 DAGs
[2024-01-23T22:22:39.154+0000] {logging_mixin.py:137} INFO - [2024-01-23T22:22:39.154+0000] {dag.py:3427} INFO - Setting next_dagrun for tutorial to 2024-01-22T22:22:39.153801+00:00, run_after=2024-01-23T22:22:39.153801+00:00
[2024-01-23T22:22:39.180+0000] {processor.py:175} INFO - Processing /home/airflow/.local/lib/python3.7/site-packages/airflow/example_dags/tutorial.py took 0.112 seconds
[2024-01-23T22:23:09.400+0000] {processor.py:153} INFO - Started process (PID=4189) to work on /home/airflow/.local/lib/python3.7/site-packages/airflow/example_dags/tutorial.py
[2024-01-23T22:23:09.401+0000] {processor.py:743} INFO - Processing file /home/airflow/.local/lib/python3.7/site-packages/airflow/example_dags/tutorial.py for tasks to queue
[2024-01-23T22:23:09.402+0000] {logging_mixin.py:137} INFO - [2024-01-23T22:23:09.401+0000] {dagbag.py:538} INFO - Filling up the DagBag from /home/airflow/.local/lib/python3.7/site-packages/airflow/example_dags/tutorial.py
[2024-01-23T22:23:09.419+0000] {processor.py:753} INFO - DAG(s) dict_keys(['tutorial']) retrieved from /home/airflow/.local/lib/python3.7/site-packages/airflow/example_dags/tutorial.py
[2024-01-23T22:23:09.453+0000] {logging_mixin.py:137} INFO - [2024-01-23T22:23:09.453+0000] {dag.py:2676} INFO - Sync 1 DAGs
[2024-01-23T22:23:09.482+0000] {logging_mixin.py:137} INFO - [2024-01-23T22:23:09.482+0000] {dag.py:3427} INFO - Setting next_dagrun for tutorial to 2024-01-22T22:23:09.482587+00:00, run_after=2024-01-23T22:23:09.482587+00:00
[2024-01-23T22:23:09.512+0000] {processor.py:175} INFO - Processing /home/airflow/.local/lib/python3.7/site-packages/airflow/example_dags/tutorial.py took 0.115 seconds
[2024-01-23T22:23:39.641+0000] {processor.py:153} INFO - Started process (PID=4270) to work on /home/airflow/.local/lib/python3.7/site-packages/airflow/example_dags/tutorial.py
[2024-01-23T22:23:39.641+0000] {processor.py:743} INFO - Processing file /home/airflow/.local/lib/python3.7/site-packages/airflow/example_dags/tutorial.py for tasks to queue
[2024-01-23T22:23:39.642+0000] {logging_mixin.py:137} INFO - [2024-01-23T22:23:39.642+0000] {dagbag.py:538} INFO - Filling up the DagBag from /home/airflow/.local/lib/python3.7/site-packages/airflow/example_dags/tutorial.py
[2024-01-23T22:23:39.654+0000] {processor.py:753} INFO - DAG(s) dict_keys(['tutorial']) retrieved from /home/airflow/.local/lib/python3.7/site-packages/airflow/example_dags/tutorial.py
[2024-01-23T22:23:39.689+0000] {logging_mixin.py:137} INFO - [2024-01-23T22:23:39.689+0000] {dag.py:2676} INFO - Sync 1 DAGs
[2024-01-23T22:23:39.719+0000] {logging_mixin.py:137} INFO - [2024-01-23T22:23:39.718+0000] {dag.py:3427} INFO - Setting next_dagrun for tutorial to 2024-01-22T22:23:39.718595+00:00, run_after=2024-01-23T22:23:39.718595+00:00
[2024-01-23T22:23:39.744+0000] {processor.py:175} INFO - Processing /home/airflow/.local/lib/python3.7/site-packages/airflow/example_dags/tutorial.py took 0.106 seconds
[2024-01-23T22:24:10.081+0000] {processor.py:153} INFO - Started process (PID=4350) to work on /home/airflow/.local/lib/python3.7/site-packages/airflow/example_dags/tutorial.py
[2024-01-23T22:24:10.082+0000] {processor.py:743} INFO - Processing file /home/airflow/.local/lib/python3.7/site-packages/airflow/example_dags/tutorial.py for tasks to queue
[2024-01-23T22:24:10.083+0000] {logging_mixin.py:137} INFO - [2024-01-23T22:24:10.083+0000] {dagbag.py:538} INFO - Filling up the DagBag from /home/airflow/.local/lib/python3.7/site-packages/airflow/example_dags/tutorial.py
[2024-01-23T22:24:10.102+0000] {processor.py:753} INFO - DAG(s) dict_keys(['tutorial']) retrieved from /home/airflow/.local/lib/python3.7/site-packages/airflow/example_dags/tutorial.py
[2024-01-23T22:24:10.150+0000] {logging_mixin.py:137} INFO - [2024-01-23T22:24:10.150+0000] {dag.py:2676} INFO - Sync 1 DAGs
[2024-01-23T22:24:10.181+0000] {logging_mixin.py:137} INFO - [2024-01-23T22:24:10.181+0000] {dag.py:3427} INFO - Setting next_dagrun for tutorial to 2024-01-22T22:24:10.181114+00:00, run_after=2024-01-23T22:24:10.181114+00:00
[2024-01-23T22:24:10.206+0000] {processor.py:175} INFO - Processing /home/airflow/.local/lib/python3.7/site-packages/airflow/example_dags/tutorial.py took 0.127 seconds
[2024-01-23T22:24:41.098+0000] {processor.py:153} INFO - Started process (PID=4450) to work on /home/airflow/.local/lib/python3.7/site-packages/airflow/example_dags/tutorial.py
[2024-01-23T22:24:41.099+0000] {processor.py:743} INFO - Processing file /home/airflow/.local/lib/python3.7/site-packages/airflow/example_dags/tutorial.py for tasks to queue
[2024-01-23T22:24:41.100+0000] {logging_mixin.py:137} INFO - [2024-01-23T22:24:41.099+0000] {dagbag.py:538} INFO - Filling up the DagBag from /home/airflow/.local/lib/python3.7/site-packages/airflow/example_dags/tutorial.py
[2024-01-23T22:24:41.115+0000] {processor.py:753} INFO - DAG(s) dict_keys(['tutorial']) retrieved from /home/airflow/.local/lib/python3.7/site-packages/airflow/example_dags/tutorial.py
[2024-01-23T22:24:41.150+0000] {logging_mixin.py:137} INFO - [2024-01-23T22:24:41.149+0000] {dag.py:2676} INFO - Sync 1 DAGs
[2024-01-23T22:24:41.174+0000] {logging_mixin.py:137} INFO - [2024-01-23T22:24:41.174+0000] {dag.py:3427} INFO - Setting next_dagrun for tutorial to 2024-01-22T22:24:41.173969+00:00, run_after=2024-01-23T22:24:41.173969+00:00
[2024-01-23T22:24:41.198+0000] {processor.py:175} INFO - Processing /home/airflow/.local/lib/python3.7/site-packages/airflow/example_dags/tutorial.py took 0.102 seconds
[2024-01-23T22:25:12.056+0000] {processor.py:153} INFO - Started process (PID=4530) to work on /home/airflow/.local/lib/python3.7/site-packages/airflow/example_dags/tutorial.py
[2024-01-23T22:25:12.057+0000] {processor.py:743} INFO - Processing file /home/airflow/.local/lib/python3.7/site-packages/airflow/example_dags/tutorial.py for tasks to queue
[2024-01-23T22:25:12.058+0000] {logging_mixin.py:137} INFO - [2024-01-23T22:25:12.058+0000] {dagbag.py:538} INFO - Filling up the DagBag from /home/airflow/.local/lib/python3.7/site-packages/airflow/example_dags/tutorial.py
[2024-01-23T22:25:12.075+0000] {processor.py:753} INFO - DAG(s) dict_keys(['tutorial']) retrieved from /home/airflow/.local/lib/python3.7/site-packages/airflow/example_dags/tutorial.py
[2024-01-23T22:25:12.116+0000] {logging_mixin.py:137} INFO - [2024-01-23T22:25:12.116+0000] {dag.py:2676} INFO - Sync 1 DAGs
[2024-01-23T22:25:12.143+0000] {logging_mixin.py:137} INFO - [2024-01-23T22:25:12.143+0000] {dag.py:3427} INFO - Setting next_dagrun for tutorial to 2024-01-22T22:25:12.143357+00:00, run_after=2024-01-23T22:25:12.143357+00:00
[2024-01-23T22:25:12.164+0000] {processor.py:175} INFO - Processing /home/airflow/.local/lib/python3.7/site-packages/airflow/example_dags/tutorial.py took 0.111 seconds
[2024-01-23T22:25:42.477+0000] {processor.py:153} INFO - Started process (PID=4630) to work on /home/airflow/.local/lib/python3.7/site-packages/airflow/example_dags/tutorial.py
[2024-01-23T22:25:42.477+0000] {processor.py:743} INFO - Processing file /home/airflow/.local/lib/python3.7/site-packages/airflow/example_dags/tutorial.py for tasks to queue
[2024-01-23T22:25:42.478+0000] {logging_mixin.py:137} INFO - [2024-01-23T22:25:42.478+0000] {dagbag.py:538} INFO - Filling up the DagBag from /home/airflow/.local/lib/python3.7/site-packages/airflow/example_dags/tutorial.py
[2024-01-23T22:25:42.491+0000] {processor.py:753} INFO - DAG(s) dict_keys(['tutorial']) retrieved from /home/airflow/.local/lib/python3.7/site-packages/airflow/example_dags/tutorial.py
[2024-01-23T22:25:42.535+0000] {logging_mixin.py:137} INFO - [2024-01-23T22:25:42.535+0000] {dag.py:2676} INFO - Sync 1 DAGs
[2024-01-23T22:25:42.569+0000] {logging_mixin.py:137} INFO - [2024-01-23T22:25:42.569+0000] {dag.py:3427} INFO - Setting next_dagrun for tutorial to 2024-01-22T22:25:42.569578+00:00, run_after=2024-01-23T22:25:42.569578+00:00
[2024-01-23T22:25:42.593+0000] {processor.py:175} INFO - Processing /home/airflow/.local/lib/python3.7/site-packages/airflow/example_dags/tutorial.py took 0.119 seconds
[2024-01-23T22:26:12.716+0000] {processor.py:153} INFO - Started process (PID=4709) to work on /home/airflow/.local/lib/python3.7/site-packages/airflow/example_dags/tutorial.py
[2024-01-23T22:26:12.717+0000] {processor.py:743} INFO - Processing file /home/airflow/.local/lib/python3.7/site-packages/airflow/example_dags/tutorial.py for tasks to queue
[2024-01-23T22:26:12.718+0000] {logging_mixin.py:137} INFO - [2024-01-23T22:26:12.718+0000] {dagbag.py:538} INFO - Filling up the DagBag from /home/airflow/.local/lib/python3.7/site-packages/airflow/example_dags/tutorial.py
[2024-01-23T22:26:12.732+0000] {processor.py:753} INFO - DAG(s) dict_keys(['tutorial']) retrieved from /home/airflow/.local/lib/python3.7/site-packages/airflow/example_dags/tutorial.py
[2024-01-23T22:26:12.774+0000] {logging_mixin.py:137} INFO - [2024-01-23T22:26:12.774+0000] {dag.py:2676} INFO - Sync 1 DAGs
[2024-01-23T22:26:12.804+0000] {logging_mixin.py:137} INFO - [2024-01-23T22:26:12.804+0000] {dag.py:3427} INFO - Setting next_dagrun for tutorial to 2024-01-22T22:26:12.803898+00:00, run_after=2024-01-23T22:26:12.803898+00:00
[2024-01-23T22:26:12.826+0000] {processor.py:175} INFO - Processing /home/airflow/.local/lib/python3.7/site-packages/airflow/example_dags/tutorial.py took 0.112 seconds
[2024-01-23T22:26:42.916+0000] {processor.py:153} INFO - Started process (PID=4789) to work on /home/airflow/.local/lib/python3.7/site-packages/airflow/example_dags/tutorial.py
[2024-01-23T22:26:42.917+0000] {processor.py:743} INFO - Processing file /home/airflow/.local/lib/python3.7/site-packages/airflow/example_dags/tutorial.py for tasks to queue
[2024-01-23T22:26:42.917+0000] {logging_mixin.py:137} INFO - [2024-01-23T22:26:42.917+0000] {dagbag.py:538} INFO - Filling up the DagBag from /home/airflow/.local/lib/python3.7/site-packages/airflow/example_dags/tutorial.py
[2024-01-23T22:26:42.933+0000] {processor.py:753} INFO - DAG(s) dict_keys(['tutorial']) retrieved from /home/airflow/.local/lib/python3.7/site-packages/airflow/example_dags/tutorial.py
[2024-01-23T22:26:42.972+0000] {logging_mixin.py:137} INFO - [2024-01-23T22:26:42.972+0000] {dag.py:2676} INFO - Sync 1 DAGs
[2024-01-23T22:26:43.000+0000] {logging_mixin.py:137} INFO - [2024-01-23T22:26:43.000+0000] {dag.py:3427} INFO - Setting next_dagrun for tutorial to 2024-01-22T22:26:43.000007+00:00, run_after=2024-01-23T22:26:43.000007+00:00
[2024-01-23T22:26:43.024+0000] {processor.py:175} INFO - Processing /home/airflow/.local/lib/python3.7/site-packages/airflow/example_dags/tutorial.py took 0.110 seconds
[2024-01-23T22:27:13.322+0000] {processor.py:153} INFO - Started process (PID=4889) to work on /home/airflow/.local/lib/python3.7/site-packages/airflow/example_dags/tutorial.py
[2024-01-23T22:27:13.323+0000] {processor.py:743} INFO - Processing file /home/airflow/.local/lib/python3.7/site-packages/airflow/example_dags/tutorial.py for tasks to queue
[2024-01-23T22:27:13.323+0000] {logging_mixin.py:137} INFO - [2024-01-23T22:27:13.323+0000] {dagbag.py:538} INFO - Filling up the DagBag from /home/airflow/.local/lib/python3.7/site-packages/airflow/example_dags/tutorial.py
[2024-01-23T22:27:13.335+0000] {processor.py:753} INFO - DAG(s) dict_keys(['tutorial']) retrieved from /home/airflow/.local/lib/python3.7/site-packages/airflow/example_dags/tutorial.py
[2024-01-23T22:27:13.376+0000] {logging_mixin.py:137} INFO - [2024-01-23T22:27:13.375+0000] {dag.py:2676} INFO - Sync 1 DAGs
[2024-01-23T22:27:13.406+0000] {logging_mixin.py:137} INFO - [2024-01-23T22:27:13.406+0000] {dag.py:3427} INFO - Setting next_dagrun for tutorial to 2024-01-22T22:27:13.405835+00:00, run_after=2024-01-23T22:27:13.405835+00:00
[2024-01-23T22:27:13.428+0000] {processor.py:175} INFO - Processing /home/airflow/.local/lib/python3.7/site-packages/airflow/example_dags/tutorial.py took 0.109 seconds
[2024-01-23T22:27:43.628+0000] {processor.py:153} INFO - Started process (PID=4969) to work on /home/airflow/.local/lib/python3.7/site-packages/airflow/example_dags/tutorial.py
[2024-01-23T22:27:43.629+0000] {processor.py:743} INFO - Processing file /home/airflow/.local/lib/python3.7/site-packages/airflow/example_dags/tutorial.py for tasks to queue
[2024-01-23T22:27:43.630+0000] {logging_mixin.py:137} INFO - [2024-01-23T22:27:43.630+0000] {dagbag.py:538} INFO - Filling up the DagBag from /home/airflow/.local/lib/python3.7/site-packages/airflow/example_dags/tutorial.py
[2024-01-23T22:27:43.664+0000] {processor.py:753} INFO - DAG(s) dict_keys(['tutorial']) retrieved from /home/airflow/.local/lib/python3.7/site-packages/airflow/example_dags/tutorial.py
[2024-01-23T22:27:43.712+0000] {logging_mixin.py:137} INFO - [2024-01-23T22:27:43.712+0000] {dag.py:2676} INFO - Sync 1 DAGs
[2024-01-23T22:27:43.742+0000] {logging_mixin.py:137} INFO - [2024-01-23T22:27:43.742+0000] {dag.py:3427} INFO - Setting next_dagrun for tutorial to 2024-01-22T22:27:43.741800+00:00, run_after=2024-01-23T22:27:43.741800+00:00
[2024-01-23T22:27:43.769+0000] {processor.py:175} INFO - Processing /home/airflow/.local/lib/python3.7/site-packages/airflow/example_dags/tutorial.py took 0.144 seconds
[2024-01-23T22:28:13.846+0000] {processor.py:153} INFO - Started process (PID=5049) to work on /home/airflow/.local/lib/python3.7/site-packages/airflow/example_dags/tutorial.py
[2024-01-23T22:28:13.847+0000] {processor.py:743} INFO - Processing file /home/airflow/.local/lib/python3.7/site-packages/airflow/example_dags/tutorial.py for tasks to queue
[2024-01-23T22:28:13.848+0000] {logging_mixin.py:137} INFO - [2024-01-23T22:28:13.848+0000] {dagbag.py:538} INFO - Filling up the DagBag from /home/airflow/.local/lib/python3.7/site-packages/airflow/example_dags/tutorial.py
[2024-01-23T22:28:13.863+0000] {processor.py:753} INFO - DAG(s) dict_keys(['tutorial']) retrieved from /home/airflow/.local/lib/python3.7/site-packages/airflow/example_dags/tutorial.py
[2024-01-23T22:28:13.907+0000] {logging_mixin.py:137} INFO - [2024-01-23T22:28:13.907+0000] {dag.py:2676} INFO - Sync 1 DAGs
[2024-01-23T22:28:13.939+0000] {logging_mixin.py:137} INFO - [2024-01-23T22:28:13.939+0000] {dag.py:3427} INFO - Setting next_dagrun for tutorial to 2024-01-22T22:28:13.939052+00:00, run_after=2024-01-23T22:28:13.939052+00:00
[2024-01-23T22:28:13.966+0000] {processor.py:175} INFO - Processing /home/airflow/.local/lib/python3.7/site-packages/airflow/example_dags/tutorial.py took 0.122 seconds
[2024-01-23T22:28:44.588+0000] {processor.py:153} INFO - Started process (PID=5149) to work on /home/airflow/.local/lib/python3.7/site-packages/airflow/example_dags/tutorial.py
[2024-01-23T22:28:44.589+0000] {processor.py:743} INFO - Processing file /home/airflow/.local/lib/python3.7/site-packages/airflow/example_dags/tutorial.py for tasks to queue
[2024-01-23T22:28:44.589+0000] {logging_mixin.py:137} INFO - [2024-01-23T22:28:44.589+0000] {dagbag.py:538} INFO - Filling up the DagBag from /home/airflow/.local/lib/python3.7/site-packages/airflow/example_dags/tutorial.py
[2024-01-23T22:28:44.602+0000] {processor.py:753} INFO - DAG(s) dict_keys(['tutorial']) retrieved from /home/airflow/.local/lib/python3.7/site-packages/airflow/example_dags/tutorial.py
[2024-01-23T22:28:44.639+0000] {logging_mixin.py:137} INFO - [2024-01-23T22:28:44.638+0000] {dag.py:2676} INFO - Sync 1 DAGs
[2024-01-23T22:28:44.671+0000] {logging_mixin.py:137} INFO - [2024-01-23T22:28:44.670+0000] {dag.py:3427} INFO - Setting next_dagrun for tutorial to 2024-01-22T22:28:44.670752+00:00, run_after=2024-01-23T22:28:44.670752+00:00
[2024-01-23T22:28:44.694+0000] {processor.py:175} INFO - Processing /home/airflow/.local/lib/python3.7/site-packages/airflow/example_dags/tutorial.py took 0.109 seconds
[2024-01-23T22:29:14.910+0000] {processor.py:153} INFO - Started process (PID=5229) to work on /home/airflow/.local/lib/python3.7/site-packages/airflow/example_dags/tutorial.py
[2024-01-23T22:29:14.910+0000] {processor.py:743} INFO - Processing file /home/airflow/.local/lib/python3.7/site-packages/airflow/example_dags/tutorial.py for tasks to queue
[2024-01-23T22:29:14.911+0000] {logging_mixin.py:137} INFO - [2024-01-23T22:29:14.911+0000] {dagbag.py:538} INFO - Filling up the DagBag from /home/airflow/.local/lib/python3.7/site-packages/airflow/example_dags/tutorial.py
[2024-01-23T22:29:14.926+0000] {processor.py:753} INFO - DAG(s) dict_keys(['tutorial']) retrieved from /home/airflow/.local/lib/python3.7/site-packages/airflow/example_dags/tutorial.py
[2024-01-23T22:29:14.962+0000] {logging_mixin.py:137} INFO - [2024-01-23T22:29:14.961+0000] {dag.py:2676} INFO - Sync 1 DAGs
[2024-01-23T22:29:14.994+0000] {logging_mixin.py:137} INFO - [2024-01-23T22:29:14.993+0000] {dag.py:3427} INFO - Setting next_dagrun for tutorial to 2024-01-22T22:29:14.993690+00:00, run_after=2024-01-23T22:29:14.993690+00:00
[2024-01-23T22:29:15.021+0000] {processor.py:175} INFO - Processing /home/airflow/.local/lib/python3.7/site-packages/airflow/example_dags/tutorial.py took 0.114 seconds
[2024-01-23T22:29:45.290+0000] {processor.py:153} INFO - Started process (PID=5328) to work on /home/airflow/.local/lib/python3.7/site-packages/airflow/example_dags/tutorial.py
[2024-01-23T22:29:45.290+0000] {processor.py:743} INFO - Processing file /home/airflow/.local/lib/python3.7/site-packages/airflow/example_dags/tutorial.py for tasks to queue
[2024-01-23T22:29:45.291+0000] {logging_mixin.py:137} INFO - [2024-01-23T22:29:45.291+0000] {dagbag.py:538} INFO - Filling up the DagBag from /home/airflow/.local/lib/python3.7/site-packages/airflow/example_dags/tutorial.py
[2024-01-23T22:29:45.307+0000] {processor.py:753} INFO - DAG(s) dict_keys(['tutorial']) retrieved from /home/airflow/.local/lib/python3.7/site-packages/airflow/example_dags/tutorial.py
[2024-01-23T22:29:45.357+0000] {logging_mixin.py:137} INFO - [2024-01-23T22:29:45.356+0000] {dag.py:2676} INFO - Sync 1 DAGs
[2024-01-23T22:29:45.392+0000] {logging_mixin.py:137} INFO - [2024-01-23T22:29:45.392+0000] {dag.py:3427} INFO - Setting next_dagrun for tutorial to 2024-01-22T22:29:45.391946+00:00, run_after=2024-01-23T22:29:45.391946+00:00
[2024-01-23T22:29:45.428+0000] {processor.py:175} INFO - Processing /home/airflow/.local/lib/python3.7/site-packages/airflow/example_dags/tutorial.py took 0.143 seconds
[2024-01-23T22:30:15.983+0000] {processor.py:153} INFO - Started process (PID=5407) to work on /home/airflow/.local/lib/python3.7/site-packages/airflow/example_dags/tutorial.py
[2024-01-23T22:30:15.985+0000] {processor.py:743} INFO - Processing file /home/airflow/.local/lib/python3.7/site-packages/airflow/example_dags/tutorial.py for tasks to queue
[2024-01-23T22:30:15.986+0000] {logging_mixin.py:137} INFO - [2024-01-23T22:30:15.985+0000] {dagbag.py:538} INFO - Filling up the DagBag from /home/airflow/.local/lib/python3.7/site-packages/airflow/example_dags/tutorial.py
[2024-01-23T22:30:16.002+0000] {processor.py:753} INFO - DAG(s) dict_keys(['tutorial']) retrieved from /home/airflow/.local/lib/python3.7/site-packages/airflow/example_dags/tutorial.py
[2024-01-23T22:30:16.040+0000] {logging_mixin.py:137} INFO - [2024-01-23T22:30:16.040+0000] {dag.py:2676} INFO - Sync 1 DAGs
[2024-01-23T22:30:16.070+0000] {logging_mixin.py:137} INFO - [2024-01-23T22:30:16.069+0000] {dag.py:3427} INFO - Setting next_dagrun for tutorial to 2024-01-22T22:30:16.069585+00:00, run_after=2024-01-23T22:30:16.069585+00:00
[2024-01-23T22:30:16.097+0000] {processor.py:175} INFO - Processing /home/airflow/.local/lib/python3.7/site-packages/airflow/example_dags/tutorial.py took 0.117 seconds
[2024-01-23T22:30:46.142+0000] {processor.py:153} INFO - Started process (PID=5487) to work on /home/airflow/.local/lib/python3.7/site-packages/airflow/example_dags/tutorial.py
[2024-01-23T22:30:46.143+0000] {processor.py:743} INFO - Processing file /home/airflow/.local/lib/python3.7/site-packages/airflow/example_dags/tutorial.py for tasks to queue
[2024-01-23T22:30:46.144+0000] {logging_mixin.py:137} INFO - [2024-01-23T22:30:46.144+0000] {dagbag.py:538} INFO - Filling up the DagBag from /home/airflow/.local/lib/python3.7/site-packages/airflow/example_dags/tutorial.py
[2024-01-23T22:30:46.156+0000] {processor.py:753} INFO - DAG(s) dict_keys(['tutorial']) retrieved from /home/airflow/.local/lib/python3.7/site-packages/airflow/example_dags/tutorial.py
[2024-01-23T22:30:46.189+0000] {logging_mixin.py:137} INFO - [2024-01-23T22:30:46.189+0000] {dag.py:2676} INFO - Sync 1 DAGs
[2024-01-23T22:30:46.217+0000] {logging_mixin.py:137} INFO - [2024-01-23T22:30:46.217+0000] {dag.py:3427} INFO - Setting next_dagrun for tutorial to 2024-01-22T22:30:46.217141+00:00, run_after=2024-01-23T22:30:46.217141+00:00
[2024-01-23T22:30:46.236+0000] {processor.py:175} INFO - Processing /home/airflow/.local/lib/python3.7/site-packages/airflow/example_dags/tutorial.py took 0.096 seconds
[2024-01-23T22:31:16.472+0000] {processor.py:153} INFO - Started process (PID=5587) to work on /home/airflow/.local/lib/python3.7/site-packages/airflow/example_dags/tutorial.py
[2024-01-23T22:31:16.473+0000] {processor.py:743} INFO - Processing file /home/airflow/.local/lib/python3.7/site-packages/airflow/example_dags/tutorial.py for tasks to queue
[2024-01-23T22:31:16.474+0000] {logging_mixin.py:137} INFO - [2024-01-23T22:31:16.474+0000] {dagbag.py:538} INFO - Filling up the DagBag from /home/airflow/.local/lib/python3.7/site-packages/airflow/example_dags/tutorial.py
[2024-01-23T22:31:16.487+0000] {processor.py:753} INFO - DAG(s) dict_keys(['tutorial']) retrieved from /home/airflow/.local/lib/python3.7/site-packages/airflow/example_dags/tutorial.py
[2024-01-23T22:31:16.524+0000] {logging_mixin.py:137} INFO - [2024-01-23T22:31:16.523+0000] {dag.py:2676} INFO - Sync 1 DAGs
[2024-01-23T22:31:16.553+0000] {logging_mixin.py:137} INFO - [2024-01-23T22:31:16.553+0000] {dag.py:3427} INFO - Setting next_dagrun for tutorial to 2024-01-22T22:31:16.553346+00:00, run_after=2024-01-23T22:31:16.553346+00:00
[2024-01-23T22:31:16.574+0000] {processor.py:175} INFO - Processing /home/airflow/.local/lib/python3.7/site-packages/airflow/example_dags/tutorial.py took 0.104 seconds
[2024-01-23T22:31:46.707+0000] {processor.py:153} INFO - Started process (PID=5668) to work on /home/airflow/.local/lib/python3.7/site-packages/airflow/example_dags/tutorial.py
[2024-01-23T22:31:46.708+0000] {processor.py:743} INFO - Processing file /home/airflow/.local/lib/python3.7/site-packages/airflow/example_dags/tutorial.py for tasks to queue
[2024-01-23T22:31:46.709+0000] {logging_mixin.py:137} INFO - [2024-01-23T22:31:46.709+0000] {dagbag.py:538} INFO - Filling up the DagBag from /home/airflow/.local/lib/python3.7/site-packages/airflow/example_dags/tutorial.py
[2024-01-23T22:31:46.722+0000] {processor.py:753} INFO - DAG(s) dict_keys(['tutorial']) retrieved from /home/airflow/.local/lib/python3.7/site-packages/airflow/example_dags/tutorial.py
[2024-01-23T22:31:46.762+0000] {logging_mixin.py:137} INFO - [2024-01-23T22:31:46.762+0000] {dag.py:2676} INFO - Sync 1 DAGs
[2024-01-23T22:31:46.791+0000] {logging_mixin.py:137} INFO - [2024-01-23T22:31:46.791+0000] {dag.py:3427} INFO - Setting next_dagrun for tutorial to 2024-01-22T22:31:46.790748+00:00, run_after=2024-01-23T22:31:46.790748+00:00
[2024-01-23T22:31:46.815+0000] {processor.py:175} INFO - Processing /home/airflow/.local/lib/python3.7/site-packages/airflow/example_dags/tutorial.py took 0.110 seconds
