[2024-01-23T21:50:40.830+0000] {processor.py:153} INFO - Started process (PID=77) to work on /home/airflow/.local/lib/python3.7/site-packages/airflow/example_dags/tutorial_dag.py
[2024-01-23T21:50:40.831+0000] {processor.py:743} INFO - Processing file /home/airflow/.local/lib/python3.7/site-packages/airflow/example_dags/tutorial_dag.py for tasks to queue
[2024-01-23T21:50:40.833+0000] {logging_mixin.py:137} INFO - [2024-01-23T21:50:40.832+0000] {dagbag.py:538} INFO - Filling up the DagBag from /home/airflow/.local/lib/python3.7/site-packages/airflow/example_dags/tutorial_dag.py
[2024-01-23T21:50:40.860+0000] {processor.py:753} INFO - DAG(s) dict_keys(['tutorial_dag']) retrieved from /home/airflow/.local/lib/python3.7/site-packages/airflow/example_dags/tutorial_dag.py
[2024-01-23T21:50:40.926+0000] {logging_mixin.py:137} INFO - [2024-01-23T21:50:40.926+0000] {dag.py:2676} INFO - Sync 1 DAGs
[2024-01-23T21:50:40.963+0000] {logging_mixin.py:137} INFO - [2024-01-23T21:50:40.962+0000] {dag.py:3427} INFO - Setting next_dagrun for tutorial_dag to None, run_after=None
[2024-01-23T21:50:41.002+0000] {processor.py:175} INFO - Processing /home/airflow/.local/lib/python3.7/site-packages/airflow/example_dags/tutorial_dag.py took 0.176 seconds
[2024-01-23T21:51:11.789+0000] {processor.py:153} INFO - Started process (PID=157) to work on /home/airflow/.local/lib/python3.7/site-packages/airflow/example_dags/tutorial_dag.py
[2024-01-23T21:51:11.789+0000] {processor.py:743} INFO - Processing file /home/airflow/.local/lib/python3.7/site-packages/airflow/example_dags/tutorial_dag.py for tasks to queue
[2024-01-23T21:51:11.790+0000] {logging_mixin.py:137} INFO - [2024-01-23T21:51:11.790+0000] {dagbag.py:538} INFO - Filling up the DagBag from /home/airflow/.local/lib/python3.7/site-packages/airflow/example_dags/tutorial_dag.py
[2024-01-23T21:51:11.806+0000] {processor.py:753} INFO - DAG(s) dict_keys(['tutorial_dag']) retrieved from /home/airflow/.local/lib/python3.7/site-packages/airflow/example_dags/tutorial_dag.py
[2024-01-23T21:51:11.843+0000] {logging_mixin.py:137} INFO - [2024-01-23T21:51:11.843+0000] {dag.py:2676} INFO - Sync 1 DAGs
[2024-01-23T21:51:11.872+0000] {logging_mixin.py:137} INFO - [2024-01-23T21:51:11.872+0000] {dag.py:3427} INFO - Setting next_dagrun for tutorial_dag to None, run_after=None
[2024-01-23T21:51:11.892+0000] {processor.py:175} INFO - Processing /home/airflow/.local/lib/python3.7/site-packages/airflow/example_dags/tutorial_dag.py took 0.105 seconds
[2024-01-23T21:51:42.641+0000] {processor.py:153} INFO - Started process (PID=257) to work on /home/airflow/.local/lib/python3.7/site-packages/airflow/example_dags/tutorial_dag.py
[2024-01-23T21:51:42.642+0000] {processor.py:743} INFO - Processing file /home/airflow/.local/lib/python3.7/site-packages/airflow/example_dags/tutorial_dag.py for tasks to queue
[2024-01-23T21:51:42.643+0000] {logging_mixin.py:137} INFO - [2024-01-23T21:51:42.643+0000] {dagbag.py:538} INFO - Filling up the DagBag from /home/airflow/.local/lib/python3.7/site-packages/airflow/example_dags/tutorial_dag.py
[2024-01-23T21:51:42.655+0000] {processor.py:753} INFO - DAG(s) dict_keys(['tutorial_dag']) retrieved from /home/airflow/.local/lib/python3.7/site-packages/airflow/example_dags/tutorial_dag.py
[2024-01-23T21:51:42.699+0000] {logging_mixin.py:137} INFO - [2024-01-23T21:51:42.699+0000] {dag.py:2676} INFO - Sync 1 DAGs
[2024-01-23T21:51:42.728+0000] {logging_mixin.py:137} INFO - [2024-01-23T21:51:42.728+0000] {dag.py:3427} INFO - Setting next_dagrun for tutorial_dag to None, run_after=None
[2024-01-23T21:51:42.750+0000] {processor.py:175} INFO - Processing /home/airflow/.local/lib/python3.7/site-packages/airflow/example_dags/tutorial_dag.py took 0.111 seconds
[2024-01-23T21:52:12.971+0000] {processor.py:153} INFO - Started process (PID=337) to work on /home/airflow/.local/lib/python3.7/site-packages/airflow/example_dags/tutorial_dag.py
[2024-01-23T21:52:12.972+0000] {processor.py:743} INFO - Processing file /home/airflow/.local/lib/python3.7/site-packages/airflow/example_dags/tutorial_dag.py for tasks to queue
[2024-01-23T21:52:12.973+0000] {logging_mixin.py:137} INFO - [2024-01-23T21:52:12.973+0000] {dagbag.py:538} INFO - Filling up the DagBag from /home/airflow/.local/lib/python3.7/site-packages/airflow/example_dags/tutorial_dag.py
[2024-01-23T21:52:12.987+0000] {processor.py:753} INFO - DAG(s) dict_keys(['tutorial_dag']) retrieved from /home/airflow/.local/lib/python3.7/site-packages/airflow/example_dags/tutorial_dag.py
[2024-01-23T21:52:13.024+0000] {logging_mixin.py:137} INFO - [2024-01-23T21:52:13.024+0000] {dag.py:2676} INFO - Sync 1 DAGs
[2024-01-23T21:52:13.050+0000] {logging_mixin.py:137} INFO - [2024-01-23T21:52:13.050+0000] {dag.py:3427} INFO - Setting next_dagrun for tutorial_dag to None, run_after=None
[2024-01-23T21:52:13.072+0000] {processor.py:175} INFO - Processing /home/airflow/.local/lib/python3.7/site-packages/airflow/example_dags/tutorial_dag.py took 0.104 seconds
[2024-01-23T21:52:43.458+0000] {processor.py:153} INFO - Started process (PID=417) to work on /home/airflow/.local/lib/python3.7/site-packages/airflow/example_dags/tutorial_dag.py
[2024-01-23T21:52:43.459+0000] {processor.py:743} INFO - Processing file /home/airflow/.local/lib/python3.7/site-packages/airflow/example_dags/tutorial_dag.py for tasks to queue
[2024-01-23T21:52:43.460+0000] {logging_mixin.py:137} INFO - [2024-01-23T21:52:43.460+0000] {dagbag.py:538} INFO - Filling up the DagBag from /home/airflow/.local/lib/python3.7/site-packages/airflow/example_dags/tutorial_dag.py
[2024-01-23T21:52:43.473+0000] {processor.py:753} INFO - DAG(s) dict_keys(['tutorial_dag']) retrieved from /home/airflow/.local/lib/python3.7/site-packages/airflow/example_dags/tutorial_dag.py
[2024-01-23T21:52:43.516+0000] {logging_mixin.py:137} INFO - [2024-01-23T21:52:43.516+0000] {dag.py:2676} INFO - Sync 1 DAGs
[2024-01-23T21:52:43.546+0000] {logging_mixin.py:137} INFO - [2024-01-23T21:52:43.546+0000] {dag.py:3427} INFO - Setting next_dagrun for tutorial_dag to None, run_after=None
[2024-01-23T21:52:43.572+0000] {processor.py:175} INFO - Processing /home/airflow/.local/lib/python3.7/site-packages/airflow/example_dags/tutorial_dag.py took 0.116 seconds
[2024-01-23T21:53:14.394+0000] {processor.py:153} INFO - Started process (PID=517) to work on /home/airflow/.local/lib/python3.7/site-packages/airflow/example_dags/tutorial_dag.py
[2024-01-23T21:53:14.395+0000] {processor.py:743} INFO - Processing file /home/airflow/.local/lib/python3.7/site-packages/airflow/example_dags/tutorial_dag.py for tasks to queue
[2024-01-23T21:53:14.395+0000] {logging_mixin.py:137} INFO - [2024-01-23T21:53:14.395+0000] {dagbag.py:538} INFO - Filling up the DagBag from /home/airflow/.local/lib/python3.7/site-packages/airflow/example_dags/tutorial_dag.py
[2024-01-23T21:53:14.410+0000] {processor.py:753} INFO - DAG(s) dict_keys(['tutorial_dag']) retrieved from /home/airflow/.local/lib/python3.7/site-packages/airflow/example_dags/tutorial_dag.py
[2024-01-23T21:53:14.453+0000] {logging_mixin.py:137} INFO - [2024-01-23T21:53:14.453+0000] {dag.py:2676} INFO - Sync 1 DAGs
[2024-01-23T21:53:14.490+0000] {logging_mixin.py:137} INFO - [2024-01-23T21:53:14.490+0000] {dag.py:3427} INFO - Setting next_dagrun for tutorial_dag to None, run_after=None
[2024-01-23T21:53:14.517+0000] {processor.py:175} INFO - Processing /home/airflow/.local/lib/python3.7/site-packages/airflow/example_dags/tutorial_dag.py took 0.128 seconds
[2024-01-23T21:53:45.040+0000] {processor.py:153} INFO - Started process (PID=597) to work on /home/airflow/.local/lib/python3.7/site-packages/airflow/example_dags/tutorial_dag.py
[2024-01-23T21:53:45.041+0000] {processor.py:743} INFO - Processing file /home/airflow/.local/lib/python3.7/site-packages/airflow/example_dags/tutorial_dag.py for tasks to queue
[2024-01-23T21:53:45.042+0000] {logging_mixin.py:137} INFO - [2024-01-23T21:53:45.042+0000] {dagbag.py:538} INFO - Filling up the DagBag from /home/airflow/.local/lib/python3.7/site-packages/airflow/example_dags/tutorial_dag.py
[2024-01-23T21:53:45.055+0000] {processor.py:753} INFO - DAG(s) dict_keys(['tutorial_dag']) retrieved from /home/airflow/.local/lib/python3.7/site-packages/airflow/example_dags/tutorial_dag.py
[2024-01-23T21:53:45.094+0000] {logging_mixin.py:137} INFO - [2024-01-23T21:53:45.094+0000] {dag.py:2676} INFO - Sync 1 DAGs
[2024-01-23T21:53:45.121+0000] {logging_mixin.py:137} INFO - [2024-01-23T21:53:45.120+0000] {dag.py:3427} INFO - Setting next_dagrun for tutorial_dag to None, run_after=None
[2024-01-23T21:53:45.141+0000] {processor.py:175} INFO - Processing /home/airflow/.local/lib/python3.7/site-packages/airflow/example_dags/tutorial_dag.py took 0.103 seconds
[2024-01-23T21:59:16.249+0000] {processor.py:153} INFO - Started process (PID=77) to work on /home/airflow/.local/lib/python3.7/site-packages/airflow/example_dags/tutorial_dag.py
[2024-01-23T21:59:16.250+0000] {processor.py:743} INFO - Processing file /home/airflow/.local/lib/python3.7/site-packages/airflow/example_dags/tutorial_dag.py for tasks to queue
[2024-01-23T21:59:16.251+0000] {logging_mixin.py:137} INFO - [2024-01-23T21:59:16.250+0000] {dagbag.py:538} INFO - Filling up the DagBag from /home/airflow/.local/lib/python3.7/site-packages/airflow/example_dags/tutorial_dag.py
[2024-01-23T21:59:16.264+0000] {processor.py:753} INFO - DAG(s) dict_keys(['tutorial_dag']) retrieved from /home/airflow/.local/lib/python3.7/site-packages/airflow/example_dags/tutorial_dag.py
[2024-01-23T21:59:16.317+0000] {logging_mixin.py:137} INFO - [2024-01-23T21:59:16.316+0000] {dag.py:2676} INFO - Sync 1 DAGs
[2024-01-23T21:59:16.360+0000] {logging_mixin.py:137} INFO - [2024-01-23T21:59:16.359+0000] {dag.py:3427} INFO - Setting next_dagrun for tutorial_dag to None, run_after=None
[2024-01-23T21:59:16.392+0000] {processor.py:175} INFO - Processing /home/airflow/.local/lib/python3.7/site-packages/airflow/example_dags/tutorial_dag.py took 0.145 seconds
[2024-01-23T21:59:46.997+0000] {processor.py:153} INFO - Started process (PID=157) to work on /home/airflow/.local/lib/python3.7/site-packages/airflow/example_dags/tutorial_dag.py
[2024-01-23T21:59:46.998+0000] {processor.py:743} INFO - Processing file /home/airflow/.local/lib/python3.7/site-packages/airflow/example_dags/tutorial_dag.py for tasks to queue
[2024-01-23T21:59:46.999+0000] {logging_mixin.py:137} INFO - [2024-01-23T21:59:46.999+0000] {dagbag.py:538} INFO - Filling up the DagBag from /home/airflow/.local/lib/python3.7/site-packages/airflow/example_dags/tutorial_dag.py
[2024-01-23T21:59:47.014+0000] {processor.py:753} INFO - DAG(s) dict_keys(['tutorial_dag']) retrieved from /home/airflow/.local/lib/python3.7/site-packages/airflow/example_dags/tutorial_dag.py
[2024-01-23T21:59:47.048+0000] {logging_mixin.py:137} INFO - [2024-01-23T21:59:47.048+0000] {dag.py:2676} INFO - Sync 1 DAGs
[2024-01-23T21:59:47.074+0000] {logging_mixin.py:137} INFO - [2024-01-23T21:59:47.074+0000] {dag.py:3427} INFO - Setting next_dagrun for tutorial_dag to None, run_after=None
[2024-01-23T21:59:47.095+0000] {processor.py:175} INFO - Processing /home/airflow/.local/lib/python3.7/site-packages/airflow/example_dags/tutorial_dag.py took 0.100 seconds
[2024-01-23T22:00:17.984+0000] {processor.py:153} INFO - Started process (PID=257) to work on /home/airflow/.local/lib/python3.7/site-packages/airflow/example_dags/tutorial_dag.py
[2024-01-23T22:00:17.985+0000] {processor.py:743} INFO - Processing file /home/airflow/.local/lib/python3.7/site-packages/airflow/example_dags/tutorial_dag.py for tasks to queue
[2024-01-23T22:00:17.986+0000] {logging_mixin.py:137} INFO - [2024-01-23T22:00:17.986+0000] {dagbag.py:538} INFO - Filling up the DagBag from /home/airflow/.local/lib/python3.7/site-packages/airflow/example_dags/tutorial_dag.py
[2024-01-23T22:00:18.002+0000] {processor.py:753} INFO - DAG(s) dict_keys(['tutorial_dag']) retrieved from /home/airflow/.local/lib/python3.7/site-packages/airflow/example_dags/tutorial_dag.py
[2024-01-23T22:00:18.058+0000] {logging_mixin.py:137} INFO - [2024-01-23T22:00:18.058+0000] {dag.py:2676} INFO - Sync 1 DAGs
[2024-01-23T22:00:18.094+0000] {logging_mixin.py:137} INFO - [2024-01-23T22:00:18.094+0000] {dag.py:3427} INFO - Setting next_dagrun for tutorial_dag to None, run_after=None
[2024-01-23T22:00:18.119+0000] {processor.py:175} INFO - Processing /home/airflow/.local/lib/python3.7/site-packages/airflow/example_dags/tutorial_dag.py took 0.137 seconds
[2024-01-23T22:00:48.200+0000] {processor.py:153} INFO - Started process (PID=337) to work on /home/airflow/.local/lib/python3.7/site-packages/airflow/example_dags/tutorial_dag.py
[2024-01-23T22:00:48.200+0000] {processor.py:743} INFO - Processing file /home/airflow/.local/lib/python3.7/site-packages/airflow/example_dags/tutorial_dag.py for tasks to queue
[2024-01-23T22:00:48.201+0000] {logging_mixin.py:137} INFO - [2024-01-23T22:00:48.201+0000] {dagbag.py:538} INFO - Filling up the DagBag from /home/airflow/.local/lib/python3.7/site-packages/airflow/example_dags/tutorial_dag.py
[2024-01-23T22:00:48.215+0000] {processor.py:753} INFO - DAG(s) dict_keys(['tutorial_dag']) retrieved from /home/airflow/.local/lib/python3.7/site-packages/airflow/example_dags/tutorial_dag.py
[2024-01-23T22:00:48.253+0000] {logging_mixin.py:137} INFO - [2024-01-23T22:00:48.253+0000] {dag.py:2676} INFO - Sync 1 DAGs
[2024-01-23T22:00:48.278+0000] {logging_mixin.py:137} INFO - [2024-01-23T22:00:48.278+0000] {dag.py:3427} INFO - Setting next_dagrun for tutorial_dag to None, run_after=None
[2024-01-23T22:00:48.307+0000] {processor.py:175} INFO - Processing /home/airflow/.local/lib/python3.7/site-packages/airflow/example_dags/tutorial_dag.py took 0.110 seconds
[2024-01-23T22:01:19.222+0000] {processor.py:153} INFO - Started process (PID=417) to work on /home/airflow/.local/lib/python3.7/site-packages/airflow/example_dags/tutorial_dag.py
[2024-01-23T22:01:19.223+0000] {processor.py:743} INFO - Processing file /home/airflow/.local/lib/python3.7/site-packages/airflow/example_dags/tutorial_dag.py for tasks to queue
[2024-01-23T22:01:19.224+0000] {logging_mixin.py:137} INFO - [2024-01-23T22:01:19.223+0000] {dagbag.py:538} INFO - Filling up the DagBag from /home/airflow/.local/lib/python3.7/site-packages/airflow/example_dags/tutorial_dag.py
[2024-01-23T22:01:19.237+0000] {processor.py:753} INFO - DAG(s) dict_keys(['tutorial_dag']) retrieved from /home/airflow/.local/lib/python3.7/site-packages/airflow/example_dags/tutorial_dag.py
[2024-01-23T22:01:19.275+0000] {logging_mixin.py:137} INFO - [2024-01-23T22:01:19.275+0000] {dag.py:2676} INFO - Sync 1 DAGs
[2024-01-23T22:01:19.306+0000] {logging_mixin.py:137} INFO - [2024-01-23T22:01:19.306+0000] {dag.py:3427} INFO - Setting next_dagrun for tutorial_dag to None, run_after=None
[2024-01-23T22:01:19.335+0000] {processor.py:175} INFO - Processing /home/airflow/.local/lib/python3.7/site-packages/airflow/example_dags/tutorial_dag.py took 0.116 seconds
[2024-01-23T22:01:49.686+0000] {processor.py:153} INFO - Started process (PID=517) to work on /home/airflow/.local/lib/python3.7/site-packages/airflow/example_dags/tutorial_dag.py
[2024-01-23T22:01:49.687+0000] {processor.py:743} INFO - Processing file /home/airflow/.local/lib/python3.7/site-packages/airflow/example_dags/tutorial_dag.py for tasks to queue
[2024-01-23T22:01:49.688+0000] {logging_mixin.py:137} INFO - [2024-01-23T22:01:49.688+0000] {dagbag.py:538} INFO - Filling up the DagBag from /home/airflow/.local/lib/python3.7/site-packages/airflow/example_dags/tutorial_dag.py
[2024-01-23T22:01:49.703+0000] {processor.py:753} INFO - DAG(s) dict_keys(['tutorial_dag']) retrieved from /home/airflow/.local/lib/python3.7/site-packages/airflow/example_dags/tutorial_dag.py
[2024-01-23T22:01:49.752+0000] {logging_mixin.py:137} INFO - [2024-01-23T22:01:49.752+0000] {dag.py:2676} INFO - Sync 1 DAGs
[2024-01-23T22:01:49.788+0000] {logging_mixin.py:137} INFO - [2024-01-23T22:01:49.788+0000] {dag.py:3427} INFO - Setting next_dagrun for tutorial_dag to None, run_after=None
[2024-01-23T22:01:49.813+0000] {processor.py:175} INFO - Processing /home/airflow/.local/lib/python3.7/site-packages/airflow/example_dags/tutorial_dag.py took 0.130 seconds
[2024-01-23T22:02:19.849+0000] {processor.py:153} INFO - Started process (PID=596) to work on /home/airflow/.local/lib/python3.7/site-packages/airflow/example_dags/tutorial_dag.py
[2024-01-23T22:02:19.849+0000] {processor.py:743} INFO - Processing file /home/airflow/.local/lib/python3.7/site-packages/airflow/example_dags/tutorial_dag.py for tasks to queue
[2024-01-23T22:02:19.850+0000] {logging_mixin.py:137} INFO - [2024-01-23T22:02:19.850+0000] {dagbag.py:538} INFO - Filling up the DagBag from /home/airflow/.local/lib/python3.7/site-packages/airflow/example_dags/tutorial_dag.py
[2024-01-23T22:02:19.861+0000] {processor.py:753} INFO - DAG(s) dict_keys(['tutorial_dag']) retrieved from /home/airflow/.local/lib/python3.7/site-packages/airflow/example_dags/tutorial_dag.py
[2024-01-23T22:02:19.901+0000] {logging_mixin.py:137} INFO - [2024-01-23T22:02:19.900+0000] {dag.py:2676} INFO - Sync 1 DAGs
[2024-01-23T22:02:19.931+0000] {logging_mixin.py:137} INFO - [2024-01-23T22:02:19.931+0000] {dag.py:3427} INFO - Setting next_dagrun for tutorial_dag to None, run_after=None
[2024-01-23T22:02:19.954+0000] {processor.py:175} INFO - Processing /home/airflow/.local/lib/python3.7/site-packages/airflow/example_dags/tutorial_dag.py took 0.107 seconds
[2024-01-23T22:02:50.261+0000] {processor.py:153} INFO - Started process (PID=676) to work on /home/airflow/.local/lib/python3.7/site-packages/airflow/example_dags/tutorial_dag.py
[2024-01-23T22:02:50.262+0000] {processor.py:743} INFO - Processing file /home/airflow/.local/lib/python3.7/site-packages/airflow/example_dags/tutorial_dag.py for tasks to queue
[2024-01-23T22:02:50.263+0000] {logging_mixin.py:137} INFO - [2024-01-23T22:02:50.263+0000] {dagbag.py:538} INFO - Filling up the DagBag from /home/airflow/.local/lib/python3.7/site-packages/airflow/example_dags/tutorial_dag.py
[2024-01-23T22:02:50.276+0000] {processor.py:753} INFO - DAG(s) dict_keys(['tutorial_dag']) retrieved from /home/airflow/.local/lib/python3.7/site-packages/airflow/example_dags/tutorial_dag.py
[2024-01-23T22:02:50.311+0000] {logging_mixin.py:137} INFO - [2024-01-23T22:02:50.310+0000] {dag.py:2676} INFO - Sync 1 DAGs
[2024-01-23T22:02:50.338+0000] {logging_mixin.py:137} INFO - [2024-01-23T22:02:50.338+0000] {dag.py:3427} INFO - Setting next_dagrun for tutorial_dag to None, run_after=None
[2024-01-23T22:02:50.360+0000] {processor.py:175} INFO - Processing /home/airflow/.local/lib/python3.7/site-packages/airflow/example_dags/tutorial_dag.py took 0.102 seconds
[2024-01-23T22:03:20.583+0000] {processor.py:153} INFO - Started process (PID=777) to work on /home/airflow/.local/lib/python3.7/site-packages/airflow/example_dags/tutorial_dag.py
[2024-01-23T22:03:20.584+0000] {processor.py:743} INFO - Processing file /home/airflow/.local/lib/python3.7/site-packages/airflow/example_dags/tutorial_dag.py for tasks to queue
[2024-01-23T22:03:20.584+0000] {logging_mixin.py:137} INFO - [2024-01-23T22:03:20.584+0000] {dagbag.py:538} INFO - Filling up the DagBag from /home/airflow/.local/lib/python3.7/site-packages/airflow/example_dags/tutorial_dag.py
[2024-01-23T22:03:20.600+0000] {processor.py:753} INFO - DAG(s) dict_keys(['tutorial_dag']) retrieved from /home/airflow/.local/lib/python3.7/site-packages/airflow/example_dags/tutorial_dag.py
[2024-01-23T22:03:20.640+0000] {logging_mixin.py:137} INFO - [2024-01-23T22:03:20.640+0000] {dag.py:2676} INFO - Sync 1 DAGs
[2024-01-23T22:03:20.672+0000] {logging_mixin.py:137} INFO - [2024-01-23T22:03:20.671+0000] {dag.py:3427} INFO - Setting next_dagrun for tutorial_dag to None, run_after=None
[2024-01-23T22:03:20.704+0000] {processor.py:175} INFO - Processing /home/airflow/.local/lib/python3.7/site-packages/airflow/example_dags/tutorial_dag.py took 0.123 seconds
[2024-01-23T22:03:50.952+0000] {processor.py:153} INFO - Started process (PID=857) to work on /home/airflow/.local/lib/python3.7/site-packages/airflow/example_dags/tutorial_dag.py
[2024-01-23T22:03:50.953+0000] {processor.py:743} INFO - Processing file /home/airflow/.local/lib/python3.7/site-packages/airflow/example_dags/tutorial_dag.py for tasks to queue
[2024-01-23T22:03:50.953+0000] {logging_mixin.py:137} INFO - [2024-01-23T22:03:50.953+0000] {dagbag.py:538} INFO - Filling up the DagBag from /home/airflow/.local/lib/python3.7/site-packages/airflow/example_dags/tutorial_dag.py
[2024-01-23T22:03:50.969+0000] {processor.py:753} INFO - DAG(s) dict_keys(['tutorial_dag']) retrieved from /home/airflow/.local/lib/python3.7/site-packages/airflow/example_dags/tutorial_dag.py
[2024-01-23T22:03:51.016+0000] {logging_mixin.py:137} INFO - [2024-01-23T22:03:51.015+0000] {dag.py:2676} INFO - Sync 1 DAGs
[2024-01-23T22:03:51.050+0000] {logging_mixin.py:137} INFO - [2024-01-23T22:03:51.049+0000] {dag.py:3427} INFO - Setting next_dagrun for tutorial_dag to None, run_after=None
[2024-01-23T22:03:51.075+0000] {processor.py:175} INFO - Processing /home/airflow/.local/lib/python3.7/site-packages/airflow/example_dags/tutorial_dag.py took 0.125 seconds
[2024-01-23T22:04:21.275+0000] {processor.py:153} INFO - Started process (PID=937) to work on /home/airflow/.local/lib/python3.7/site-packages/airflow/example_dags/tutorial_dag.py
[2024-01-23T22:04:21.275+0000] {processor.py:743} INFO - Processing file /home/airflow/.local/lib/python3.7/site-packages/airflow/example_dags/tutorial_dag.py for tasks to queue
[2024-01-23T22:04:21.276+0000] {logging_mixin.py:137} INFO - [2024-01-23T22:04:21.276+0000] {dagbag.py:538} INFO - Filling up the DagBag from /home/airflow/.local/lib/python3.7/site-packages/airflow/example_dags/tutorial_dag.py
[2024-01-23T22:04:21.289+0000] {processor.py:753} INFO - DAG(s) dict_keys(['tutorial_dag']) retrieved from /home/airflow/.local/lib/python3.7/site-packages/airflow/example_dags/tutorial_dag.py
[2024-01-23T22:04:21.324+0000] {logging_mixin.py:137} INFO - [2024-01-23T22:04:21.324+0000] {dag.py:2676} INFO - Sync 1 DAGs
[2024-01-23T22:04:21.349+0000] {logging_mixin.py:137} INFO - [2024-01-23T22:04:21.349+0000] {dag.py:3427} INFO - Setting next_dagrun for tutorial_dag to None, run_after=None
[2024-01-23T22:04:21.370+0000] {processor.py:175} INFO - Processing /home/airflow/.local/lib/python3.7/site-packages/airflow/example_dags/tutorial_dag.py took 0.099 seconds
[2024-01-23T22:04:52.084+0000] {processor.py:153} INFO - Started process (PID=1037) to work on /home/airflow/.local/lib/python3.7/site-packages/airflow/example_dags/tutorial_dag.py
[2024-01-23T22:04:52.084+0000] {processor.py:743} INFO - Processing file /home/airflow/.local/lib/python3.7/site-packages/airflow/example_dags/tutorial_dag.py for tasks to queue
[2024-01-23T22:04:52.085+0000] {logging_mixin.py:137} INFO - [2024-01-23T22:04:52.085+0000] {dagbag.py:538} INFO - Filling up the DagBag from /home/airflow/.local/lib/python3.7/site-packages/airflow/example_dags/tutorial_dag.py
[2024-01-23T22:04:52.098+0000] {processor.py:753} INFO - DAG(s) dict_keys(['tutorial_dag']) retrieved from /home/airflow/.local/lib/python3.7/site-packages/airflow/example_dags/tutorial_dag.py
[2024-01-23T22:04:52.133+0000] {logging_mixin.py:137} INFO - [2024-01-23T22:04:52.133+0000] {dag.py:2676} INFO - Sync 1 DAGs
[2024-01-23T22:04:52.157+0000] {logging_mixin.py:137} INFO - [2024-01-23T22:04:52.157+0000] {dag.py:3427} INFO - Setting next_dagrun for tutorial_dag to None, run_after=None
[2024-01-23T22:04:52.176+0000] {processor.py:175} INFO - Processing /home/airflow/.local/lib/python3.7/site-packages/airflow/example_dags/tutorial_dag.py took 0.094 seconds
[2024-01-23T22:05:22.479+0000] {processor.py:153} INFO - Started process (PID=1117) to work on /home/airflow/.local/lib/python3.7/site-packages/airflow/example_dags/tutorial_dag.py
[2024-01-23T22:05:22.479+0000] {processor.py:743} INFO - Processing file /home/airflow/.local/lib/python3.7/site-packages/airflow/example_dags/tutorial_dag.py for tasks to queue
[2024-01-23T22:05:22.480+0000] {logging_mixin.py:137} INFO - [2024-01-23T22:05:22.480+0000] {dagbag.py:538} INFO - Filling up the DagBag from /home/airflow/.local/lib/python3.7/site-packages/airflow/example_dags/tutorial_dag.py
[2024-01-23T22:05:22.495+0000] {processor.py:753} INFO - DAG(s) dict_keys(['tutorial_dag']) retrieved from /home/airflow/.local/lib/python3.7/site-packages/airflow/example_dags/tutorial_dag.py
[2024-01-23T22:05:22.534+0000] {logging_mixin.py:137} INFO - [2024-01-23T22:05:22.534+0000] {dag.py:2676} INFO - Sync 1 DAGs
[2024-01-23T22:05:22.565+0000] {logging_mixin.py:137} INFO - [2024-01-23T22:05:22.565+0000] {dag.py:3427} INFO - Setting next_dagrun for tutorial_dag to None, run_after=None
[2024-01-23T22:05:22.589+0000] {processor.py:175} INFO - Processing /home/airflow/.local/lib/python3.7/site-packages/airflow/example_dags/tutorial_dag.py took 0.112 seconds
[2024-01-23T22:05:52.651+0000] {processor.py:153} INFO - Started process (PID=1197) to work on /home/airflow/.local/lib/python3.7/site-packages/airflow/example_dags/tutorial_dag.py
[2024-01-23T22:05:52.652+0000] {processor.py:743} INFO - Processing file /home/airflow/.local/lib/python3.7/site-packages/airflow/example_dags/tutorial_dag.py for tasks to queue
[2024-01-23T22:05:52.653+0000] {logging_mixin.py:137} INFO - [2024-01-23T22:05:52.653+0000] {dagbag.py:538} INFO - Filling up the DagBag from /home/airflow/.local/lib/python3.7/site-packages/airflow/example_dags/tutorial_dag.py
[2024-01-23T22:05:52.670+0000] {processor.py:753} INFO - DAG(s) dict_keys(['tutorial_dag']) retrieved from /home/airflow/.local/lib/python3.7/site-packages/airflow/example_dags/tutorial_dag.py
[2024-01-23T22:05:52.707+0000] {logging_mixin.py:137} INFO - [2024-01-23T22:05:52.706+0000] {dag.py:2676} INFO - Sync 1 DAGs
[2024-01-23T22:05:52.740+0000] {logging_mixin.py:137} INFO - [2024-01-23T22:05:52.739+0000] {dag.py:3427} INFO - Setting next_dagrun for tutorial_dag to None, run_after=None
[2024-01-23T22:05:52.768+0000] {processor.py:175} INFO - Processing /home/airflow/.local/lib/python3.7/site-packages/airflow/example_dags/tutorial_dag.py took 0.120 seconds
[2024-01-23T22:06:23.202+0000] {processor.py:153} INFO - Started process (PID=1297) to work on /home/airflow/.local/lib/python3.7/site-packages/airflow/example_dags/tutorial_dag.py
[2024-01-23T22:06:23.203+0000] {processor.py:743} INFO - Processing file /home/airflow/.local/lib/python3.7/site-packages/airflow/example_dags/tutorial_dag.py for tasks to queue
[2024-01-23T22:06:23.204+0000] {logging_mixin.py:137} INFO - [2024-01-23T22:06:23.204+0000] {dagbag.py:538} INFO - Filling up the DagBag from /home/airflow/.local/lib/python3.7/site-packages/airflow/example_dags/tutorial_dag.py
[2024-01-23T22:06:23.218+0000] {processor.py:753} INFO - DAG(s) dict_keys(['tutorial_dag']) retrieved from /home/airflow/.local/lib/python3.7/site-packages/airflow/example_dags/tutorial_dag.py
[2024-01-23T22:06:23.254+0000] {logging_mixin.py:137} INFO - [2024-01-23T22:06:23.254+0000] {dag.py:2676} INFO - Sync 1 DAGs
[2024-01-23T22:06:23.284+0000] {logging_mixin.py:137} INFO - [2024-01-23T22:06:23.284+0000] {dag.py:3427} INFO - Setting next_dagrun for tutorial_dag to None, run_after=None
[2024-01-23T22:06:23.307+0000] {processor.py:175} INFO - Processing /home/airflow/.local/lib/python3.7/site-packages/airflow/example_dags/tutorial_dag.py took 0.107 seconds
[2024-01-23T22:06:54.216+0000] {processor.py:153} INFO - Started process (PID=1377) to work on /home/airflow/.local/lib/python3.7/site-packages/airflow/example_dags/tutorial_dag.py
[2024-01-23T22:06:54.217+0000] {processor.py:743} INFO - Processing file /home/airflow/.local/lib/python3.7/site-packages/airflow/example_dags/tutorial_dag.py for tasks to queue
[2024-01-23T22:06:54.218+0000] {logging_mixin.py:137} INFO - [2024-01-23T22:06:54.218+0000] {dagbag.py:538} INFO - Filling up the DagBag from /home/airflow/.local/lib/python3.7/site-packages/airflow/example_dags/tutorial_dag.py
[2024-01-23T22:06:54.238+0000] {processor.py:753} INFO - DAG(s) dict_keys(['tutorial_dag']) retrieved from /home/airflow/.local/lib/python3.7/site-packages/airflow/example_dags/tutorial_dag.py
[2024-01-23T22:06:54.300+0000] {logging_mixin.py:137} INFO - [2024-01-23T22:06:54.299+0000] {dag.py:2676} INFO - Sync 1 DAGs
[2024-01-23T22:06:54.340+0000] {logging_mixin.py:137} INFO - [2024-01-23T22:06:54.340+0000] {dag.py:3427} INFO - Setting next_dagrun for tutorial_dag to None, run_after=None
[2024-01-23T22:06:54.363+0000] {processor.py:175} INFO - Processing /home/airflow/.local/lib/python3.7/site-packages/airflow/example_dags/tutorial_dag.py took 0.152 seconds
[2024-01-23T22:07:24.640+0000] {processor.py:153} INFO - Started process (PID=1466) to work on /home/airflow/.local/lib/python3.7/site-packages/airflow/example_dags/tutorial_dag.py
[2024-01-23T22:07:24.641+0000] {processor.py:743} INFO - Processing file /home/airflow/.local/lib/python3.7/site-packages/airflow/example_dags/tutorial_dag.py for tasks to queue
[2024-01-23T22:07:24.642+0000] {logging_mixin.py:137} INFO - [2024-01-23T22:07:24.642+0000] {dagbag.py:538} INFO - Filling up the DagBag from /home/airflow/.local/lib/python3.7/site-packages/airflow/example_dags/tutorial_dag.py
[2024-01-23T22:07:24.655+0000] {processor.py:753} INFO - DAG(s) dict_keys(['tutorial_dag']) retrieved from /home/airflow/.local/lib/python3.7/site-packages/airflow/example_dags/tutorial_dag.py
[2024-01-23T22:07:24.693+0000] {logging_mixin.py:137} INFO - [2024-01-23T22:07:24.693+0000] {dag.py:2676} INFO - Sync 1 DAGs
[2024-01-23T22:07:24.721+0000] {logging_mixin.py:137} INFO - [2024-01-23T22:07:24.721+0000] {dag.py:3427} INFO - Setting next_dagrun for tutorial_dag to None, run_after=None
[2024-01-23T22:07:24.745+0000] {processor.py:175} INFO - Processing /home/airflow/.local/lib/python3.7/site-packages/airflow/example_dags/tutorial_dag.py took 0.107 seconds
[2024-01-23T22:07:55.133+0000] {processor.py:153} INFO - Started process (PID=1557) to work on /home/airflow/.local/lib/python3.7/site-packages/airflow/example_dags/tutorial_dag.py
[2024-01-23T22:07:55.133+0000] {processor.py:743} INFO - Processing file /home/airflow/.local/lib/python3.7/site-packages/airflow/example_dags/tutorial_dag.py for tasks to queue
[2024-01-23T22:07:55.134+0000] {logging_mixin.py:137} INFO - [2024-01-23T22:07:55.134+0000] {dagbag.py:538} INFO - Filling up the DagBag from /home/airflow/.local/lib/python3.7/site-packages/airflow/example_dags/tutorial_dag.py
[2024-01-23T22:07:55.147+0000] {processor.py:753} INFO - DAG(s) dict_keys(['tutorial_dag']) retrieved from /home/airflow/.local/lib/python3.7/site-packages/airflow/example_dags/tutorial_dag.py
[2024-01-23T22:07:55.187+0000] {logging_mixin.py:137} INFO - [2024-01-23T22:07:55.186+0000] {dag.py:2676} INFO - Sync 1 DAGs
[2024-01-23T22:07:55.216+0000] {logging_mixin.py:137} INFO - [2024-01-23T22:07:55.216+0000] {dag.py:3427} INFO - Setting next_dagrun for tutorial_dag to None, run_after=None
[2024-01-23T22:07:55.237+0000] {processor.py:175} INFO - Processing /home/airflow/.local/lib/python3.7/site-packages/airflow/example_dags/tutorial_dag.py took 0.107 seconds
[2024-01-23T22:08:25.326+0000] {processor.py:153} INFO - Started process (PID=1637) to work on /home/airflow/.local/lib/python3.7/site-packages/airflow/example_dags/tutorial_dag.py
[2024-01-23T22:08:25.327+0000] {processor.py:743} INFO - Processing file /home/airflow/.local/lib/python3.7/site-packages/airflow/example_dags/tutorial_dag.py for tasks to queue
[2024-01-23T22:08:25.327+0000] {logging_mixin.py:137} INFO - [2024-01-23T22:08:25.327+0000] {dagbag.py:538} INFO - Filling up the DagBag from /home/airflow/.local/lib/python3.7/site-packages/airflow/example_dags/tutorial_dag.py
[2024-01-23T22:08:25.339+0000] {processor.py:753} INFO - DAG(s) dict_keys(['tutorial_dag']) retrieved from /home/airflow/.local/lib/python3.7/site-packages/airflow/example_dags/tutorial_dag.py
[2024-01-23T22:08:25.375+0000] {logging_mixin.py:137} INFO - [2024-01-23T22:08:25.375+0000] {dag.py:2676} INFO - Sync 1 DAGs
[2024-01-23T22:08:25.400+0000] {logging_mixin.py:137} INFO - [2024-01-23T22:08:25.400+0000] {dag.py:3427} INFO - Setting next_dagrun for tutorial_dag to None, run_after=None
[2024-01-23T22:08:25.422+0000] {processor.py:175} INFO - Processing /home/airflow/.local/lib/python3.7/site-packages/airflow/example_dags/tutorial_dag.py took 0.098 seconds
[2024-01-23T22:08:55.688+0000] {processor.py:153} INFO - Started process (PID=1737) to work on /home/airflow/.local/lib/python3.7/site-packages/airflow/example_dags/tutorial_dag.py
[2024-01-23T22:08:55.689+0000] {processor.py:743} INFO - Processing file /home/airflow/.local/lib/python3.7/site-packages/airflow/example_dags/tutorial_dag.py for tasks to queue
[2024-01-23T22:08:55.693+0000] {logging_mixin.py:137} INFO - [2024-01-23T22:08:55.693+0000] {dagbag.py:538} INFO - Filling up the DagBag from /home/airflow/.local/lib/python3.7/site-packages/airflow/example_dags/tutorial_dag.py
[2024-01-23T22:08:55.713+0000] {processor.py:753} INFO - DAG(s) dict_keys(['tutorial_dag']) retrieved from /home/airflow/.local/lib/python3.7/site-packages/airflow/example_dags/tutorial_dag.py
[2024-01-23T22:08:55.771+0000] {logging_mixin.py:137} INFO - [2024-01-23T22:08:55.771+0000] {dag.py:2676} INFO - Sync 1 DAGs
[2024-01-23T22:08:55.816+0000] {logging_mixin.py:137} INFO - [2024-01-23T22:08:55.815+0000] {dag.py:3427} INFO - Setting next_dagrun for tutorial_dag to None, run_after=None
[2024-01-23T22:08:55.849+0000] {processor.py:175} INFO - Processing /home/airflow/.local/lib/python3.7/site-packages/airflow/example_dags/tutorial_dag.py took 0.163 seconds
[2024-01-23T22:09:26.719+0000] {processor.py:153} INFO - Started process (PID=1817) to work on /home/airflow/.local/lib/python3.7/site-packages/airflow/example_dags/tutorial_dag.py
[2024-01-23T22:09:26.720+0000] {processor.py:743} INFO - Processing file /home/airflow/.local/lib/python3.7/site-packages/airflow/example_dags/tutorial_dag.py for tasks to queue
[2024-01-23T22:09:26.721+0000] {logging_mixin.py:137} INFO - [2024-01-23T22:09:26.721+0000] {dagbag.py:538} INFO - Filling up the DagBag from /home/airflow/.local/lib/python3.7/site-packages/airflow/example_dags/tutorial_dag.py
[2024-01-23T22:09:26.732+0000] {processor.py:753} INFO - DAG(s) dict_keys(['tutorial_dag']) retrieved from /home/airflow/.local/lib/python3.7/site-packages/airflow/example_dags/tutorial_dag.py
[2024-01-23T22:09:26.773+0000] {logging_mixin.py:137} INFO - [2024-01-23T22:09:26.773+0000] {dag.py:2676} INFO - Sync 1 DAGs
[2024-01-23T22:09:26.804+0000] {logging_mixin.py:137} INFO - [2024-01-23T22:09:26.804+0000] {dag.py:3427} INFO - Setting next_dagrun for tutorial_dag to None, run_after=None
[2024-01-23T22:09:26.826+0000] {processor.py:175} INFO - Processing /home/airflow/.local/lib/python3.7/site-packages/airflow/example_dags/tutorial_dag.py took 0.108 seconds
[2024-01-23T22:09:57.547+0000] {processor.py:153} INFO - Started process (PID=1897) to work on /home/airflow/.local/lib/python3.7/site-packages/airflow/example_dags/tutorial_dag.py
[2024-01-23T22:09:57.548+0000] {processor.py:743} INFO - Processing file /home/airflow/.local/lib/python3.7/site-packages/airflow/example_dags/tutorial_dag.py for tasks to queue
[2024-01-23T22:09:57.548+0000] {logging_mixin.py:137} INFO - [2024-01-23T22:09:57.548+0000] {dagbag.py:538} INFO - Filling up the DagBag from /home/airflow/.local/lib/python3.7/site-packages/airflow/example_dags/tutorial_dag.py
[2024-01-23T22:09:57.559+0000] {processor.py:753} INFO - DAG(s) dict_keys(['tutorial_dag']) retrieved from /home/airflow/.local/lib/python3.7/site-packages/airflow/example_dags/tutorial_dag.py
[2024-01-23T22:09:57.597+0000] {logging_mixin.py:137} INFO - [2024-01-23T22:09:57.596+0000] {dag.py:2676} INFO - Sync 1 DAGs
[2024-01-23T22:09:57.623+0000] {logging_mixin.py:137} INFO - [2024-01-23T22:09:57.623+0000] {dag.py:3427} INFO - Setting next_dagrun for tutorial_dag to None, run_after=None
[2024-01-23T22:09:57.642+0000] {processor.py:175} INFO - Processing /home/airflow/.local/lib/python3.7/site-packages/airflow/example_dags/tutorial_dag.py took 0.097 seconds
[2024-01-23T22:10:27.819+0000] {processor.py:153} INFO - Started process (PID=1997) to work on /home/airflow/.local/lib/python3.7/site-packages/airflow/example_dags/tutorial_dag.py
[2024-01-23T22:10:27.820+0000] {processor.py:743} INFO - Processing file /home/airflow/.local/lib/python3.7/site-packages/airflow/example_dags/tutorial_dag.py for tasks to queue
[2024-01-23T22:10:27.821+0000] {logging_mixin.py:137} INFO - [2024-01-23T22:10:27.821+0000] {dagbag.py:538} INFO - Filling up the DagBag from /home/airflow/.local/lib/python3.7/site-packages/airflow/example_dags/tutorial_dag.py
[2024-01-23T22:10:27.839+0000] {processor.py:753} INFO - DAG(s) dict_keys(['tutorial_dag']) retrieved from /home/airflow/.local/lib/python3.7/site-packages/airflow/example_dags/tutorial_dag.py
[2024-01-23T22:10:27.891+0000] {logging_mixin.py:137} INFO - [2024-01-23T22:10:27.891+0000] {dag.py:2676} INFO - Sync 1 DAGs
[2024-01-23T22:10:27.928+0000] {logging_mixin.py:137} INFO - [2024-01-23T22:10:27.928+0000] {dag.py:3427} INFO - Setting next_dagrun for tutorial_dag to None, run_after=None
[2024-01-23T22:10:27.956+0000] {processor.py:175} INFO - Processing /home/airflow/.local/lib/python3.7/site-packages/airflow/example_dags/tutorial_dag.py took 0.140 seconds
[2024-01-23T22:10:58.279+0000] {processor.py:153} INFO - Started process (PID=2077) to work on /home/airflow/.local/lib/python3.7/site-packages/airflow/example_dags/tutorial_dag.py
[2024-01-23T22:10:58.279+0000] {processor.py:743} INFO - Processing file /home/airflow/.local/lib/python3.7/site-packages/airflow/example_dags/tutorial_dag.py for tasks to queue
[2024-01-23T22:10:58.280+0000] {logging_mixin.py:137} INFO - [2024-01-23T22:10:58.280+0000] {dagbag.py:538} INFO - Filling up the DagBag from /home/airflow/.local/lib/python3.7/site-packages/airflow/example_dags/tutorial_dag.py
[2024-01-23T22:10:58.296+0000] {processor.py:753} INFO - DAG(s) dict_keys(['tutorial_dag']) retrieved from /home/airflow/.local/lib/python3.7/site-packages/airflow/example_dags/tutorial_dag.py
[2024-01-23T22:10:58.340+0000] {logging_mixin.py:137} INFO - [2024-01-23T22:10:58.340+0000] {dag.py:2676} INFO - Sync 1 DAGs
[2024-01-23T22:10:58.374+0000] {logging_mixin.py:137} INFO - [2024-01-23T22:10:58.374+0000] {dag.py:3427} INFO - Setting next_dagrun for tutorial_dag to None, run_after=None
[2024-01-23T22:10:58.410+0000] {processor.py:175} INFO - Processing /home/airflow/.local/lib/python3.7/site-packages/airflow/example_dags/tutorial_dag.py took 0.135 seconds
[2024-01-23T22:11:28.560+0000] {processor.py:153} INFO - Started process (PID=2157) to work on /home/airflow/.local/lib/python3.7/site-packages/airflow/example_dags/tutorial_dag.py
[2024-01-23T22:11:28.561+0000] {processor.py:743} INFO - Processing file /home/airflow/.local/lib/python3.7/site-packages/airflow/example_dags/tutorial_dag.py for tasks to queue
[2024-01-23T22:11:28.562+0000] {logging_mixin.py:137} INFO - [2024-01-23T22:11:28.562+0000] {dagbag.py:538} INFO - Filling up the DagBag from /home/airflow/.local/lib/python3.7/site-packages/airflow/example_dags/tutorial_dag.py
[2024-01-23T22:11:28.577+0000] {processor.py:753} INFO - DAG(s) dict_keys(['tutorial_dag']) retrieved from /home/airflow/.local/lib/python3.7/site-packages/airflow/example_dags/tutorial_dag.py
[2024-01-23T22:11:28.620+0000] {logging_mixin.py:137} INFO - [2024-01-23T22:11:28.620+0000] {dag.py:2676} INFO - Sync 1 DAGs
[2024-01-23T22:11:28.652+0000] {logging_mixin.py:137} INFO - [2024-01-23T22:11:28.652+0000] {dag.py:3427} INFO - Setting next_dagrun for tutorial_dag to None, run_after=None
[2024-01-23T22:11:28.679+0000] {processor.py:175} INFO - Processing /home/airflow/.local/lib/python3.7/site-packages/airflow/example_dags/tutorial_dag.py took 0.121 seconds
[2024-01-23T22:11:59.101+0000] {processor.py:153} INFO - Started process (PID=2257) to work on /home/airflow/.local/lib/python3.7/site-packages/airflow/example_dags/tutorial_dag.py
[2024-01-23T22:11:59.102+0000] {processor.py:743} INFO - Processing file /home/airflow/.local/lib/python3.7/site-packages/airflow/example_dags/tutorial_dag.py for tasks to queue
[2024-01-23T22:11:59.103+0000] {logging_mixin.py:137} INFO - [2024-01-23T22:11:59.102+0000] {dagbag.py:538} INFO - Filling up the DagBag from /home/airflow/.local/lib/python3.7/site-packages/airflow/example_dags/tutorial_dag.py
[2024-01-23T22:11:59.118+0000] {processor.py:753} INFO - DAG(s) dict_keys(['tutorial_dag']) retrieved from /home/airflow/.local/lib/python3.7/site-packages/airflow/example_dags/tutorial_dag.py
[2024-01-23T22:11:59.167+0000] {logging_mixin.py:137} INFO - [2024-01-23T22:11:59.166+0000] {dag.py:2676} INFO - Sync 1 DAGs
[2024-01-23T22:11:59.209+0000] {logging_mixin.py:137} INFO - [2024-01-23T22:11:59.209+0000] {dag.py:3427} INFO - Setting next_dagrun for tutorial_dag to None, run_after=None
[2024-01-23T22:11:59.235+0000] {processor.py:175} INFO - Processing /home/airflow/.local/lib/python3.7/site-packages/airflow/example_dags/tutorial_dag.py took 0.137 seconds
[2024-01-23T22:12:29.363+0000] {processor.py:153} INFO - Started process (PID=2337) to work on /home/airflow/.local/lib/python3.7/site-packages/airflow/example_dags/tutorial_dag.py
[2024-01-23T22:12:29.363+0000] {processor.py:743} INFO - Processing file /home/airflow/.local/lib/python3.7/site-packages/airflow/example_dags/tutorial_dag.py for tasks to queue
[2024-01-23T22:12:29.364+0000] {logging_mixin.py:137} INFO - [2024-01-23T22:12:29.364+0000] {dagbag.py:538} INFO - Filling up the DagBag from /home/airflow/.local/lib/python3.7/site-packages/airflow/example_dags/tutorial_dag.py
[2024-01-23T22:12:29.377+0000] {processor.py:753} INFO - DAG(s) dict_keys(['tutorial_dag']) retrieved from /home/airflow/.local/lib/python3.7/site-packages/airflow/example_dags/tutorial_dag.py
[2024-01-23T22:12:29.413+0000] {logging_mixin.py:137} INFO - [2024-01-23T22:12:29.413+0000] {dag.py:2676} INFO - Sync 1 DAGs
[2024-01-23T22:12:29.445+0000] {logging_mixin.py:137} INFO - [2024-01-23T22:12:29.445+0000] {dag.py:3427} INFO - Setting next_dagrun for tutorial_dag to None, run_after=None
[2024-01-23T22:12:29.470+0000] {processor.py:175} INFO - Processing /home/airflow/.local/lib/python3.7/site-packages/airflow/example_dags/tutorial_dag.py took 0.110 seconds
[2024-01-23T22:12:59.630+0000] {processor.py:153} INFO - Started process (PID=2417) to work on /home/airflow/.local/lib/python3.7/site-packages/airflow/example_dags/tutorial_dag.py
[2024-01-23T22:12:59.631+0000] {processor.py:743} INFO - Processing file /home/airflow/.local/lib/python3.7/site-packages/airflow/example_dags/tutorial_dag.py for tasks to queue
[2024-01-23T22:12:59.632+0000] {logging_mixin.py:137} INFO - [2024-01-23T22:12:59.632+0000] {dagbag.py:538} INFO - Filling up the DagBag from /home/airflow/.local/lib/python3.7/site-packages/airflow/example_dags/tutorial_dag.py
[2024-01-23T22:12:59.645+0000] {processor.py:753} INFO - DAG(s) dict_keys(['tutorial_dag']) retrieved from /home/airflow/.local/lib/python3.7/site-packages/airflow/example_dags/tutorial_dag.py
[2024-01-23T22:12:59.678+0000] {logging_mixin.py:137} INFO - [2024-01-23T22:12:59.677+0000] {dag.py:2676} INFO - Sync 1 DAGs
[2024-01-23T22:12:59.703+0000] {logging_mixin.py:137} INFO - [2024-01-23T22:12:59.703+0000] {dag.py:3427} INFO - Setting next_dagrun for tutorial_dag to None, run_after=None
[2024-01-23T22:12:59.724+0000] {processor.py:175} INFO - Processing /home/airflow/.local/lib/python3.7/site-packages/airflow/example_dags/tutorial_dag.py took 0.097 seconds
[2024-01-23T22:13:30.677+0000] {processor.py:153} INFO - Started process (PID=2517) to work on /home/airflow/.local/lib/python3.7/site-packages/airflow/example_dags/tutorial_dag.py
[2024-01-23T22:13:30.677+0000] {processor.py:743} INFO - Processing file /home/airflow/.local/lib/python3.7/site-packages/airflow/example_dags/tutorial_dag.py for tasks to queue
[2024-01-23T22:13:30.678+0000] {logging_mixin.py:137} INFO - [2024-01-23T22:13:30.678+0000] {dagbag.py:538} INFO - Filling up the DagBag from /home/airflow/.local/lib/python3.7/site-packages/airflow/example_dags/tutorial_dag.py
[2024-01-23T22:13:30.690+0000] {processor.py:753} INFO - DAG(s) dict_keys(['tutorial_dag']) retrieved from /home/airflow/.local/lib/python3.7/site-packages/airflow/example_dags/tutorial_dag.py
[2024-01-23T22:13:30.729+0000] {logging_mixin.py:137} INFO - [2024-01-23T22:13:30.729+0000] {dag.py:2676} INFO - Sync 1 DAGs
[2024-01-23T22:13:30.763+0000] {logging_mixin.py:137} INFO - [2024-01-23T22:13:30.763+0000] {dag.py:3427} INFO - Setting next_dagrun for tutorial_dag to None, run_after=None
[2024-01-23T22:13:30.787+0000] {processor.py:175} INFO - Processing /home/airflow/.local/lib/python3.7/site-packages/airflow/example_dags/tutorial_dag.py took 0.113 seconds
[2024-01-23T22:14:00.871+0000] {processor.py:153} INFO - Started process (PID=2596) to work on /home/airflow/.local/lib/python3.7/site-packages/airflow/example_dags/tutorial_dag.py
[2024-01-23T22:14:00.872+0000] {processor.py:743} INFO - Processing file /home/airflow/.local/lib/python3.7/site-packages/airflow/example_dags/tutorial_dag.py for tasks to queue
[2024-01-23T22:14:00.873+0000] {logging_mixin.py:137} INFO - [2024-01-23T22:14:00.873+0000] {dagbag.py:538} INFO - Filling up the DagBag from /home/airflow/.local/lib/python3.7/site-packages/airflow/example_dags/tutorial_dag.py
[2024-01-23T22:14:00.886+0000] {processor.py:753} INFO - DAG(s) dict_keys(['tutorial_dag']) retrieved from /home/airflow/.local/lib/python3.7/site-packages/airflow/example_dags/tutorial_dag.py
[2024-01-23T22:14:00.927+0000] {logging_mixin.py:137} INFO - [2024-01-23T22:14:00.927+0000] {dag.py:2676} INFO - Sync 1 DAGs
[2024-01-23T22:14:00.961+0000] {logging_mixin.py:137} INFO - [2024-01-23T22:14:00.961+0000] {dag.py:3427} INFO - Setting next_dagrun for tutorial_dag to None, run_after=None
[2024-01-23T22:14:00.981+0000] {processor.py:175} INFO - Processing /home/airflow/.local/lib/python3.7/site-packages/airflow/example_dags/tutorial_dag.py took 0.113 seconds
[2024-01-23T22:14:31.358+0000] {processor.py:153} INFO - Started process (PID=2686) to work on /home/airflow/.local/lib/python3.7/site-packages/airflow/example_dags/tutorial_dag.py
[2024-01-23T22:14:31.359+0000] {processor.py:743} INFO - Processing file /home/airflow/.local/lib/python3.7/site-packages/airflow/example_dags/tutorial_dag.py for tasks to queue
[2024-01-23T22:14:31.360+0000] {logging_mixin.py:137} INFO - [2024-01-23T22:14:31.360+0000] {dagbag.py:538} INFO - Filling up the DagBag from /home/airflow/.local/lib/python3.7/site-packages/airflow/example_dags/tutorial_dag.py
[2024-01-23T22:14:31.376+0000] {processor.py:753} INFO - DAG(s) dict_keys(['tutorial_dag']) retrieved from /home/airflow/.local/lib/python3.7/site-packages/airflow/example_dags/tutorial_dag.py
[2024-01-23T22:14:31.421+0000] {logging_mixin.py:137} INFO - [2024-01-23T22:14:31.421+0000] {dag.py:2676} INFO - Sync 1 DAGs
[2024-01-23T22:14:31.454+0000] {logging_mixin.py:137} INFO - [2024-01-23T22:14:31.454+0000] {dag.py:3427} INFO - Setting next_dagrun for tutorial_dag to None, run_after=None
[2024-01-23T22:14:31.481+0000] {processor.py:175} INFO - Processing /home/airflow/.local/lib/python3.7/site-packages/airflow/example_dags/tutorial_dag.py took 0.125 seconds
[2024-01-23T22:15:02.296+0000] {processor.py:153} INFO - Started process (PID=2778) to work on /home/airflow/.local/lib/python3.7/site-packages/airflow/example_dags/tutorial_dag.py
[2024-01-23T22:15:02.297+0000] {processor.py:743} INFO - Processing file /home/airflow/.local/lib/python3.7/site-packages/airflow/example_dags/tutorial_dag.py for tasks to queue
[2024-01-23T22:15:02.298+0000] {logging_mixin.py:137} INFO - [2024-01-23T22:15:02.298+0000] {dagbag.py:538} INFO - Filling up the DagBag from /home/airflow/.local/lib/python3.7/site-packages/airflow/example_dags/tutorial_dag.py
[2024-01-23T22:15:02.313+0000] {processor.py:753} INFO - DAG(s) dict_keys(['tutorial_dag']) retrieved from /home/airflow/.local/lib/python3.7/site-packages/airflow/example_dags/tutorial_dag.py
[2024-01-23T22:15:02.345+0000] {logging_mixin.py:137} INFO - [2024-01-23T22:15:02.345+0000] {dag.py:2676} INFO - Sync 1 DAGs
[2024-01-23T22:15:02.371+0000] {logging_mixin.py:137} INFO - [2024-01-23T22:15:02.371+0000] {dag.py:3427} INFO - Setting next_dagrun for tutorial_dag to None, run_after=None
[2024-01-23T22:15:02.391+0000] {processor.py:175} INFO - Processing /home/airflow/.local/lib/python3.7/site-packages/airflow/example_dags/tutorial_dag.py took 0.097 seconds
[2024-01-23T22:15:32.553+0000] {processor.py:153} INFO - Started process (PID=2859) to work on /home/airflow/.local/lib/python3.7/site-packages/airflow/example_dags/tutorial_dag.py
[2024-01-23T22:15:32.554+0000] {processor.py:743} INFO - Processing file /home/airflow/.local/lib/python3.7/site-packages/airflow/example_dags/tutorial_dag.py for tasks to queue
[2024-01-23T22:15:32.554+0000] {logging_mixin.py:137} INFO - [2024-01-23T22:15:32.554+0000] {dagbag.py:538} INFO - Filling up the DagBag from /home/airflow/.local/lib/python3.7/site-packages/airflow/example_dags/tutorial_dag.py
[2024-01-23T22:15:32.569+0000] {processor.py:753} INFO - DAG(s) dict_keys(['tutorial_dag']) retrieved from /home/airflow/.local/lib/python3.7/site-packages/airflow/example_dags/tutorial_dag.py
[2024-01-23T22:15:32.603+0000] {logging_mixin.py:137} INFO - [2024-01-23T22:15:32.603+0000] {dag.py:2676} INFO - Sync 1 DAGs
[2024-01-23T22:15:32.632+0000] {logging_mixin.py:137} INFO - [2024-01-23T22:15:32.632+0000] {dag.py:3427} INFO - Setting next_dagrun for tutorial_dag to None, run_after=None
[2024-01-23T22:15:32.651+0000] {processor.py:175} INFO - Processing /home/airflow/.local/lib/python3.7/site-packages/airflow/example_dags/tutorial_dag.py took 0.100 seconds
[2024-01-23T22:16:02.909+0000] {processor.py:153} INFO - Started process (PID=2959) to work on /home/airflow/.local/lib/python3.7/site-packages/airflow/example_dags/tutorial_dag.py
[2024-01-23T22:16:02.910+0000] {processor.py:743} INFO - Processing file /home/airflow/.local/lib/python3.7/site-packages/airflow/example_dags/tutorial_dag.py for tasks to queue
[2024-01-23T22:16:02.911+0000] {logging_mixin.py:137} INFO - [2024-01-23T22:16:02.910+0000] {dagbag.py:538} INFO - Filling up the DagBag from /home/airflow/.local/lib/python3.7/site-packages/airflow/example_dags/tutorial_dag.py
[2024-01-23T22:16:02.923+0000] {processor.py:753} INFO - DAG(s) dict_keys(['tutorial_dag']) retrieved from /home/airflow/.local/lib/python3.7/site-packages/airflow/example_dags/tutorial_dag.py
[2024-01-23T22:16:02.959+0000] {logging_mixin.py:137} INFO - [2024-01-23T22:16:02.958+0000] {dag.py:2676} INFO - Sync 1 DAGs
[2024-01-23T22:16:02.994+0000] {logging_mixin.py:137} INFO - [2024-01-23T22:16:02.993+0000] {dag.py:3427} INFO - Setting next_dagrun for tutorial_dag to None, run_after=None
[2024-01-23T22:16:03.018+0000] {processor.py:175} INFO - Processing /home/airflow/.local/lib/python3.7/site-packages/airflow/example_dags/tutorial_dag.py took 0.112 seconds
[2024-01-23T22:16:33.930+0000] {processor.py:153} INFO - Started process (PID=3038) to work on /home/airflow/.local/lib/python3.7/site-packages/airflow/example_dags/tutorial_dag.py
[2024-01-23T22:16:33.931+0000] {processor.py:743} INFO - Processing file /home/airflow/.local/lib/python3.7/site-packages/airflow/example_dags/tutorial_dag.py for tasks to queue
[2024-01-23T22:16:33.932+0000] {logging_mixin.py:137} INFO - [2024-01-23T22:16:33.931+0000] {dagbag.py:538} INFO - Filling up the DagBag from /home/airflow/.local/lib/python3.7/site-packages/airflow/example_dags/tutorial_dag.py
[2024-01-23T22:16:33.946+0000] {processor.py:753} INFO - DAG(s) dict_keys(['tutorial_dag']) retrieved from /home/airflow/.local/lib/python3.7/site-packages/airflow/example_dags/tutorial_dag.py
[2024-01-23T22:16:33.988+0000] {logging_mixin.py:137} INFO - [2024-01-23T22:16:33.988+0000] {dag.py:2676} INFO - Sync 1 DAGs
[2024-01-23T22:16:34.021+0000] {logging_mixin.py:137} INFO - [2024-01-23T22:16:34.021+0000] {dag.py:3427} INFO - Setting next_dagrun for tutorial_dag to None, run_after=None
[2024-01-23T22:16:34.046+0000] {processor.py:175} INFO - Processing /home/airflow/.local/lib/python3.7/site-packages/airflow/example_dags/tutorial_dag.py took 0.119 seconds
[2024-01-23T22:17:04.218+0000] {processor.py:153} INFO - Started process (PID=3118) to work on /home/airflow/.local/lib/python3.7/site-packages/airflow/example_dags/tutorial_dag.py
[2024-01-23T22:17:04.219+0000] {processor.py:743} INFO - Processing file /home/airflow/.local/lib/python3.7/site-packages/airflow/example_dags/tutorial_dag.py for tasks to queue
[2024-01-23T22:17:04.219+0000] {logging_mixin.py:137} INFO - [2024-01-23T22:17:04.219+0000] {dagbag.py:538} INFO - Filling up the DagBag from /home/airflow/.local/lib/python3.7/site-packages/airflow/example_dags/tutorial_dag.py
[2024-01-23T22:17:04.230+0000] {processor.py:753} INFO - DAG(s) dict_keys(['tutorial_dag']) retrieved from /home/airflow/.local/lib/python3.7/site-packages/airflow/example_dags/tutorial_dag.py
[2024-01-23T22:17:04.262+0000] {logging_mixin.py:137} INFO - [2024-01-23T22:17:04.262+0000] {dag.py:2676} INFO - Sync 1 DAGs
[2024-01-23T22:17:04.287+0000] {logging_mixin.py:137} INFO - [2024-01-23T22:17:04.287+0000] {dag.py:3427} INFO - Setting next_dagrun for tutorial_dag to None, run_after=None
[2024-01-23T22:17:04.308+0000] {processor.py:175} INFO - Processing /home/airflow/.local/lib/python3.7/site-packages/airflow/example_dags/tutorial_dag.py took 0.094 seconds
[2024-01-23T22:17:34.467+0000] {processor.py:153} INFO - Started process (PID=3217) to work on /home/airflow/.local/lib/python3.7/site-packages/airflow/example_dags/tutorial_dag.py
[2024-01-23T22:17:34.468+0000] {processor.py:743} INFO - Processing file /home/airflow/.local/lib/python3.7/site-packages/airflow/example_dags/tutorial_dag.py for tasks to queue
[2024-01-23T22:17:34.469+0000] {logging_mixin.py:137} INFO - [2024-01-23T22:17:34.469+0000] {dagbag.py:538} INFO - Filling up the DagBag from /home/airflow/.local/lib/python3.7/site-packages/airflow/example_dags/tutorial_dag.py
[2024-01-23T22:17:34.481+0000] {processor.py:753} INFO - DAG(s) dict_keys(['tutorial_dag']) retrieved from /home/airflow/.local/lib/python3.7/site-packages/airflow/example_dags/tutorial_dag.py
[2024-01-23T22:17:34.519+0000] {logging_mixin.py:137} INFO - [2024-01-23T22:17:34.519+0000] {dag.py:2676} INFO - Sync 1 DAGs
[2024-01-23T22:17:34.549+0000] {logging_mixin.py:137} INFO - [2024-01-23T22:17:34.549+0000] {dag.py:3427} INFO - Setting next_dagrun for tutorial_dag to None, run_after=None
[2024-01-23T22:17:34.579+0000] {processor.py:175} INFO - Processing /home/airflow/.local/lib/python3.7/site-packages/airflow/example_dags/tutorial_dag.py took 0.114 seconds
[2024-01-23T22:18:04.708+0000] {processor.py:153} INFO - Started process (PID=3297) to work on /home/airflow/.local/lib/python3.7/site-packages/airflow/example_dags/tutorial_dag.py
[2024-01-23T22:18:04.709+0000] {processor.py:743} INFO - Processing file /home/airflow/.local/lib/python3.7/site-packages/airflow/example_dags/tutorial_dag.py for tasks to queue
[2024-01-23T22:18:04.710+0000] {logging_mixin.py:137} INFO - [2024-01-23T22:18:04.710+0000] {dagbag.py:538} INFO - Filling up the DagBag from /home/airflow/.local/lib/python3.7/site-packages/airflow/example_dags/tutorial_dag.py
[2024-01-23T22:18:04.724+0000] {processor.py:753} INFO - DAG(s) dict_keys(['tutorial_dag']) retrieved from /home/airflow/.local/lib/python3.7/site-packages/airflow/example_dags/tutorial_dag.py
[2024-01-23T22:18:04.759+0000] {logging_mixin.py:137} INFO - [2024-01-23T22:18:04.759+0000] {dag.py:2676} INFO - Sync 1 DAGs
[2024-01-23T22:18:04.787+0000] {logging_mixin.py:137} INFO - [2024-01-23T22:18:04.786+0000] {dag.py:3427} INFO - Setting next_dagrun for tutorial_dag to None, run_after=None
[2024-01-23T22:18:04.807+0000] {processor.py:175} INFO - Processing /home/airflow/.local/lib/python3.7/site-packages/airflow/example_dags/tutorial_dag.py took 0.102 seconds
[2024-01-23T22:18:35.074+0000] {processor.py:153} INFO - Started process (PID=3377) to work on /home/airflow/.local/lib/python3.7/site-packages/airflow/example_dags/tutorial_dag.py
[2024-01-23T22:18:35.074+0000] {processor.py:743} INFO - Processing file /home/airflow/.local/lib/python3.7/site-packages/airflow/example_dags/tutorial_dag.py for tasks to queue
[2024-01-23T22:18:35.075+0000] {logging_mixin.py:137} INFO - [2024-01-23T22:18:35.075+0000] {dagbag.py:538} INFO - Filling up the DagBag from /home/airflow/.local/lib/python3.7/site-packages/airflow/example_dags/tutorial_dag.py
[2024-01-23T22:18:35.087+0000] {processor.py:753} INFO - DAG(s) dict_keys(['tutorial_dag']) retrieved from /home/airflow/.local/lib/python3.7/site-packages/airflow/example_dags/tutorial_dag.py
[2024-01-23T22:18:35.136+0000] {logging_mixin.py:137} INFO - [2024-01-23T22:18:35.135+0000] {dag.py:2676} INFO - Sync 1 DAGs
[2024-01-23T22:18:35.169+0000] {logging_mixin.py:137} INFO - [2024-01-23T22:18:35.169+0000] {dag.py:3427} INFO - Setting next_dagrun for tutorial_dag to None, run_after=None
[2024-01-23T22:18:35.191+0000] {processor.py:175} INFO - Processing /home/airflow/.local/lib/python3.7/site-packages/airflow/example_dags/tutorial_dag.py took 0.119 seconds
[2024-01-23T22:19:05.589+0000] {processor.py:153} INFO - Started process (PID=3477) to work on /home/airflow/.local/lib/python3.7/site-packages/airflow/example_dags/tutorial_dag.py
[2024-01-23T22:19:05.589+0000] {processor.py:743} INFO - Processing file /home/airflow/.local/lib/python3.7/site-packages/airflow/example_dags/tutorial_dag.py for tasks to queue
[2024-01-23T22:19:05.590+0000] {logging_mixin.py:137} INFO - [2024-01-23T22:19:05.590+0000] {dagbag.py:538} INFO - Filling up the DagBag from /home/airflow/.local/lib/python3.7/site-packages/airflow/example_dags/tutorial_dag.py
[2024-01-23T22:19:05.606+0000] {processor.py:753} INFO - DAG(s) dict_keys(['tutorial_dag']) retrieved from /home/airflow/.local/lib/python3.7/site-packages/airflow/example_dags/tutorial_dag.py
[2024-01-23T22:19:05.654+0000] {logging_mixin.py:137} INFO - [2024-01-23T22:19:05.654+0000] {dag.py:2676} INFO - Sync 1 DAGs
[2024-01-23T22:19:05.682+0000] {logging_mixin.py:137} INFO - [2024-01-23T22:19:05.682+0000] {dag.py:3427} INFO - Setting next_dagrun for tutorial_dag to None, run_after=None
[2024-01-23T22:19:05.706+0000] {processor.py:175} INFO - Processing /home/airflow/.local/lib/python3.7/site-packages/airflow/example_dags/tutorial_dag.py took 0.120 seconds
[2024-01-23T22:19:35.817+0000] {processor.py:153} INFO - Started process (PID=3557) to work on /home/airflow/.local/lib/python3.7/site-packages/airflow/example_dags/tutorial_dag.py
[2024-01-23T22:19:35.818+0000] {processor.py:743} INFO - Processing file /home/airflow/.local/lib/python3.7/site-packages/airflow/example_dags/tutorial_dag.py for tasks to queue
[2024-01-23T22:19:35.818+0000] {logging_mixin.py:137} INFO - [2024-01-23T22:19:35.818+0000] {dagbag.py:538} INFO - Filling up the DagBag from /home/airflow/.local/lib/python3.7/site-packages/airflow/example_dags/tutorial_dag.py
[2024-01-23T22:19:35.833+0000] {processor.py:753} INFO - DAG(s) dict_keys(['tutorial_dag']) retrieved from /home/airflow/.local/lib/python3.7/site-packages/airflow/example_dags/tutorial_dag.py
[2024-01-23T22:19:35.871+0000] {logging_mixin.py:137} INFO - [2024-01-23T22:19:35.870+0000] {dag.py:2676} INFO - Sync 1 DAGs
[2024-01-23T22:19:35.904+0000] {logging_mixin.py:137} INFO - [2024-01-23T22:19:35.904+0000] {dag.py:3427} INFO - Setting next_dagrun for tutorial_dag to None, run_after=None
[2024-01-23T22:19:35.929+0000] {processor.py:175} INFO - Processing /home/airflow/.local/lib/python3.7/site-packages/airflow/example_dags/tutorial_dag.py took 0.115 seconds
[2024-01-23T22:20:06.070+0000] {processor.py:153} INFO - Started process (PID=3637) to work on /home/airflow/.local/lib/python3.7/site-packages/airflow/example_dags/tutorial_dag.py
[2024-01-23T22:20:06.071+0000] {processor.py:743} INFO - Processing file /home/airflow/.local/lib/python3.7/site-packages/airflow/example_dags/tutorial_dag.py for tasks to queue
[2024-01-23T22:20:06.073+0000] {logging_mixin.py:137} INFO - [2024-01-23T22:20:06.072+0000] {dagbag.py:538} INFO - Filling up the DagBag from /home/airflow/.local/lib/python3.7/site-packages/airflow/example_dags/tutorial_dag.py
[2024-01-23T22:20:06.087+0000] {processor.py:753} INFO - DAG(s) dict_keys(['tutorial_dag']) retrieved from /home/airflow/.local/lib/python3.7/site-packages/airflow/example_dags/tutorial_dag.py
[2024-01-23T22:20:06.129+0000] {logging_mixin.py:137} INFO - [2024-01-23T22:20:06.129+0000] {dag.py:2676} INFO - Sync 1 DAGs
[2024-01-23T22:20:06.168+0000] {logging_mixin.py:137} INFO - [2024-01-23T22:20:06.168+0000] {dag.py:3427} INFO - Setting next_dagrun for tutorial_dag to None, run_after=None
[2024-01-23T22:20:06.194+0000] {processor.py:175} INFO - Processing /home/airflow/.local/lib/python3.7/site-packages/airflow/example_dags/tutorial_dag.py took 0.126 seconds
[2024-01-23T22:20:36.721+0000] {processor.py:153} INFO - Started process (PID=3738) to work on /home/airflow/.local/lib/python3.7/site-packages/airflow/example_dags/tutorial_dag.py
[2024-01-23T22:20:36.722+0000] {processor.py:743} INFO - Processing file /home/airflow/.local/lib/python3.7/site-packages/airflow/example_dags/tutorial_dag.py for tasks to queue
[2024-01-23T22:20:36.722+0000] {logging_mixin.py:137} INFO - [2024-01-23T22:20:36.722+0000] {dagbag.py:538} INFO - Filling up the DagBag from /home/airflow/.local/lib/python3.7/site-packages/airflow/example_dags/tutorial_dag.py
[2024-01-23T22:20:36.733+0000] {processor.py:753} INFO - DAG(s) dict_keys(['tutorial_dag']) retrieved from /home/airflow/.local/lib/python3.7/site-packages/airflow/example_dags/tutorial_dag.py
[2024-01-23T22:20:36.773+0000] {logging_mixin.py:137} INFO - [2024-01-23T22:20:36.773+0000] {dag.py:2676} INFO - Sync 1 DAGs
[2024-01-23T22:20:36.804+0000] {logging_mixin.py:137} INFO - [2024-01-23T22:20:36.804+0000] {dag.py:3427} INFO - Setting next_dagrun for tutorial_dag to None, run_after=None
[2024-01-23T22:20:36.825+0000] {processor.py:175} INFO - Processing /home/airflow/.local/lib/python3.7/site-packages/airflow/example_dags/tutorial_dag.py took 0.106 seconds
[2024-01-23T22:21:07.013+0000] {processor.py:153} INFO - Started process (PID=3818) to work on /home/airflow/.local/lib/python3.7/site-packages/airflow/example_dags/tutorial_dag.py
[2024-01-23T22:21:07.014+0000] {processor.py:743} INFO - Processing file /home/airflow/.local/lib/python3.7/site-packages/airflow/example_dags/tutorial_dag.py for tasks to queue
[2024-01-23T22:21:07.015+0000] {logging_mixin.py:137} INFO - [2024-01-23T22:21:07.015+0000] {dagbag.py:538} INFO - Filling up the DagBag from /home/airflow/.local/lib/python3.7/site-packages/airflow/example_dags/tutorial_dag.py
[2024-01-23T22:21:07.027+0000] {processor.py:753} INFO - DAG(s) dict_keys(['tutorial_dag']) retrieved from /home/airflow/.local/lib/python3.7/site-packages/airflow/example_dags/tutorial_dag.py
[2024-01-23T22:21:07.068+0000] {logging_mixin.py:137} INFO - [2024-01-23T22:21:07.068+0000] {dag.py:2676} INFO - Sync 1 DAGs
[2024-01-23T22:21:07.100+0000] {logging_mixin.py:137} INFO - [2024-01-23T22:21:07.100+0000] {dag.py:3427} INFO - Setting next_dagrun for tutorial_dag to None, run_after=None
[2024-01-23T22:21:07.122+0000] {processor.py:175} INFO - Processing /home/airflow/.local/lib/python3.7/site-packages/airflow/example_dags/tutorial_dag.py took 0.110 seconds
[2024-01-23T22:21:37.387+0000] {processor.py:153} INFO - Started process (PID=3907) to work on /home/airflow/.local/lib/python3.7/site-packages/airflow/example_dags/tutorial_dag.py
[2024-01-23T22:21:37.388+0000] {processor.py:743} INFO - Processing file /home/airflow/.local/lib/python3.7/site-packages/airflow/example_dags/tutorial_dag.py for tasks to queue
[2024-01-23T22:21:37.388+0000] {logging_mixin.py:137} INFO - [2024-01-23T22:21:37.388+0000] {dagbag.py:538} INFO - Filling up the DagBag from /home/airflow/.local/lib/python3.7/site-packages/airflow/example_dags/tutorial_dag.py
[2024-01-23T22:21:37.406+0000] {processor.py:753} INFO - DAG(s) dict_keys(['tutorial_dag']) retrieved from /home/airflow/.local/lib/python3.7/site-packages/airflow/example_dags/tutorial_dag.py
[2024-01-23T22:21:37.455+0000] {logging_mixin.py:137} INFO - [2024-01-23T22:21:37.455+0000] {dag.py:2676} INFO - Sync 1 DAGs
[2024-01-23T22:21:37.488+0000] {logging_mixin.py:137} INFO - [2024-01-23T22:21:37.488+0000] {dag.py:3427} INFO - Setting next_dagrun for tutorial_dag to None, run_after=None
[2024-01-23T22:21:37.512+0000] {processor.py:175} INFO - Processing /home/airflow/.local/lib/python3.7/site-packages/airflow/example_dags/tutorial_dag.py took 0.127 seconds
[2024-01-23T22:22:08.081+0000] {processor.py:153} INFO - Started process (PID=3998) to work on /home/airflow/.local/lib/python3.7/site-packages/airflow/example_dags/tutorial_dag.py
[2024-01-23T22:22:08.082+0000] {processor.py:743} INFO - Processing file /home/airflow/.local/lib/python3.7/site-packages/airflow/example_dags/tutorial_dag.py for tasks to queue
[2024-01-23T22:22:08.082+0000] {logging_mixin.py:137} INFO - [2024-01-23T22:22:08.082+0000] {dagbag.py:538} INFO - Filling up the DagBag from /home/airflow/.local/lib/python3.7/site-packages/airflow/example_dags/tutorial_dag.py
[2024-01-23T22:22:08.093+0000] {processor.py:753} INFO - DAG(s) dict_keys(['tutorial_dag']) retrieved from /home/airflow/.local/lib/python3.7/site-packages/airflow/example_dags/tutorial_dag.py
[2024-01-23T22:22:08.131+0000] {logging_mixin.py:137} INFO - [2024-01-23T22:22:08.131+0000] {dag.py:2676} INFO - Sync 1 DAGs
[2024-01-23T22:22:08.163+0000] {logging_mixin.py:137} INFO - [2024-01-23T22:22:08.163+0000] {dag.py:3427} INFO - Setting next_dagrun for tutorial_dag to None, run_after=None
[2024-01-23T22:22:08.182+0000] {processor.py:175} INFO - Processing /home/airflow/.local/lib/python3.7/site-packages/airflow/example_dags/tutorial_dag.py took 0.103 seconds
[2024-01-23T22:22:38.335+0000] {processor.py:153} INFO - Started process (PID=4078) to work on /home/airflow/.local/lib/python3.7/site-packages/airflow/example_dags/tutorial_dag.py
[2024-01-23T22:22:38.336+0000] {processor.py:743} INFO - Processing file /home/airflow/.local/lib/python3.7/site-packages/airflow/example_dags/tutorial_dag.py for tasks to queue
[2024-01-23T22:22:38.337+0000] {logging_mixin.py:137} INFO - [2024-01-23T22:22:38.336+0000] {dagbag.py:538} INFO - Filling up the DagBag from /home/airflow/.local/lib/python3.7/site-packages/airflow/example_dags/tutorial_dag.py
[2024-01-23T22:22:38.353+0000] {processor.py:753} INFO - DAG(s) dict_keys(['tutorial_dag']) retrieved from /home/airflow/.local/lib/python3.7/site-packages/airflow/example_dags/tutorial_dag.py
[2024-01-23T22:22:38.392+0000] {logging_mixin.py:137} INFO - [2024-01-23T22:22:38.392+0000] {dag.py:2676} INFO - Sync 1 DAGs
[2024-01-23T22:22:38.419+0000] {logging_mixin.py:137} INFO - [2024-01-23T22:22:38.419+0000] {dag.py:3427} INFO - Setting next_dagrun for tutorial_dag to None, run_after=None
[2024-01-23T22:22:38.440+0000] {processor.py:175} INFO - Processing /home/airflow/.local/lib/python3.7/site-packages/airflow/example_dags/tutorial_dag.py took 0.108 seconds
[2024-01-23T22:23:08.592+0000] {processor.py:153} INFO - Started process (PID=4178) to work on /home/airflow/.local/lib/python3.7/site-packages/airflow/example_dags/tutorial_dag.py
[2024-01-23T22:23:08.593+0000] {processor.py:743} INFO - Processing file /home/airflow/.local/lib/python3.7/site-packages/airflow/example_dags/tutorial_dag.py for tasks to queue
[2024-01-23T22:23:08.593+0000] {logging_mixin.py:137} INFO - [2024-01-23T22:23:08.593+0000] {dagbag.py:538} INFO - Filling up the DagBag from /home/airflow/.local/lib/python3.7/site-packages/airflow/example_dags/tutorial_dag.py
[2024-01-23T22:23:08.607+0000] {processor.py:753} INFO - DAG(s) dict_keys(['tutorial_dag']) retrieved from /home/airflow/.local/lib/python3.7/site-packages/airflow/example_dags/tutorial_dag.py
[2024-01-23T22:23:08.651+0000] {logging_mixin.py:137} INFO - [2024-01-23T22:23:08.650+0000] {dag.py:2676} INFO - Sync 1 DAGs
[2024-01-23T22:23:08.683+0000] {logging_mixin.py:137} INFO - [2024-01-23T22:23:08.683+0000] {dag.py:3427} INFO - Setting next_dagrun for tutorial_dag to None, run_after=None
[2024-01-23T22:23:08.709+0000] {processor.py:175} INFO - Processing /home/airflow/.local/lib/python3.7/site-packages/airflow/example_dags/tutorial_dag.py took 0.119 seconds
[2024-01-23T22:23:38.798+0000] {processor.py:153} INFO - Started process (PID=4259) to work on /home/airflow/.local/lib/python3.7/site-packages/airflow/example_dags/tutorial_dag.py
[2024-01-23T22:23:38.799+0000] {processor.py:743} INFO - Processing file /home/airflow/.local/lib/python3.7/site-packages/airflow/example_dags/tutorial_dag.py for tasks to queue
[2024-01-23T22:23:38.800+0000] {logging_mixin.py:137} INFO - [2024-01-23T22:23:38.800+0000] {dagbag.py:538} INFO - Filling up the DagBag from /home/airflow/.local/lib/python3.7/site-packages/airflow/example_dags/tutorial_dag.py
[2024-01-23T22:23:38.815+0000] {processor.py:753} INFO - DAG(s) dict_keys(['tutorial_dag']) retrieved from /home/airflow/.local/lib/python3.7/site-packages/airflow/example_dags/tutorial_dag.py
[2024-01-23T22:23:38.848+0000] {logging_mixin.py:137} INFO - [2024-01-23T22:23:38.848+0000] {dag.py:2676} INFO - Sync 1 DAGs
[2024-01-23T22:23:38.875+0000] {logging_mixin.py:137} INFO - [2024-01-23T22:23:38.875+0000] {dag.py:3427} INFO - Setting next_dagrun for tutorial_dag to None, run_after=None
[2024-01-23T22:23:38.897+0000] {processor.py:175} INFO - Processing /home/airflow/.local/lib/python3.7/site-packages/airflow/example_dags/tutorial_dag.py took 0.101 seconds
[2024-01-23T22:24:08.973+0000] {processor.py:153} INFO - Started process (PID=4339) to work on /home/airflow/.local/lib/python3.7/site-packages/airflow/example_dags/tutorial_dag.py
[2024-01-23T22:24:08.974+0000] {processor.py:743} INFO - Processing file /home/airflow/.local/lib/python3.7/site-packages/airflow/example_dags/tutorial_dag.py for tasks to queue
[2024-01-23T22:24:08.974+0000] {logging_mixin.py:137} INFO - [2024-01-23T22:24:08.974+0000] {dagbag.py:538} INFO - Filling up the DagBag from /home/airflow/.local/lib/python3.7/site-packages/airflow/example_dags/tutorial_dag.py
[2024-01-23T22:24:08.988+0000] {processor.py:753} INFO - DAG(s) dict_keys(['tutorial_dag']) retrieved from /home/airflow/.local/lib/python3.7/site-packages/airflow/example_dags/tutorial_dag.py
[2024-01-23T22:24:09.027+0000] {logging_mixin.py:137} INFO - [2024-01-23T22:24:09.027+0000] {dag.py:2676} INFO - Sync 1 DAGs
[2024-01-23T22:24:09.055+0000] {logging_mixin.py:137} INFO - [2024-01-23T22:24:09.055+0000] {dag.py:3427} INFO - Setting next_dagrun for tutorial_dag to None, run_after=None
[2024-01-23T22:24:09.078+0000] {processor.py:175} INFO - Processing /home/airflow/.local/lib/python3.7/site-packages/airflow/example_dags/tutorial_dag.py took 0.107 seconds
[2024-01-23T22:24:39.259+0000] {processor.py:153} INFO - Started process (PID=4438) to work on /home/airflow/.local/lib/python3.7/site-packages/airflow/example_dags/tutorial_dag.py
[2024-01-23T22:24:39.260+0000] {processor.py:743} INFO - Processing file /home/airflow/.local/lib/python3.7/site-packages/airflow/example_dags/tutorial_dag.py for tasks to queue
[2024-01-23T22:24:39.261+0000] {logging_mixin.py:137} INFO - [2024-01-23T22:24:39.261+0000] {dagbag.py:538} INFO - Filling up the DagBag from /home/airflow/.local/lib/python3.7/site-packages/airflow/example_dags/tutorial_dag.py
[2024-01-23T22:24:39.278+0000] {processor.py:753} INFO - DAG(s) dict_keys(['tutorial_dag']) retrieved from /home/airflow/.local/lib/python3.7/site-packages/airflow/example_dags/tutorial_dag.py
[2024-01-23T22:24:39.322+0000] {logging_mixin.py:137} INFO - [2024-01-23T22:24:39.322+0000] {dag.py:2676} INFO - Sync 1 DAGs
[2024-01-23T22:24:39.360+0000] {logging_mixin.py:137} INFO - [2024-01-23T22:24:39.359+0000] {dag.py:3427} INFO - Setting next_dagrun for tutorial_dag to None, run_after=None
[2024-01-23T22:24:39.390+0000] {processor.py:175} INFO - Processing /home/airflow/.local/lib/python3.7/site-packages/airflow/example_dags/tutorial_dag.py took 0.134 seconds
[2024-01-23T22:25:10.158+0000] {processor.py:153} INFO - Started process (PID=4519) to work on /home/airflow/.local/lib/python3.7/site-packages/airflow/example_dags/tutorial_dag.py
[2024-01-23T22:25:10.159+0000] {processor.py:743} INFO - Processing file /home/airflow/.local/lib/python3.7/site-packages/airflow/example_dags/tutorial_dag.py for tasks to queue
[2024-01-23T22:25:10.159+0000] {logging_mixin.py:137} INFO - [2024-01-23T22:25:10.159+0000] {dagbag.py:538} INFO - Filling up the DagBag from /home/airflow/.local/lib/python3.7/site-packages/airflow/example_dags/tutorial_dag.py
[2024-01-23T22:25:10.171+0000] {processor.py:753} INFO - DAG(s) dict_keys(['tutorial_dag']) retrieved from /home/airflow/.local/lib/python3.7/site-packages/airflow/example_dags/tutorial_dag.py
[2024-01-23T22:25:10.208+0000] {logging_mixin.py:137} INFO - [2024-01-23T22:25:10.208+0000] {dag.py:2676} INFO - Sync 1 DAGs
[2024-01-23T22:25:10.232+0000] {logging_mixin.py:137} INFO - [2024-01-23T22:25:10.232+0000] {dag.py:3427} INFO - Setting next_dagrun for tutorial_dag to None, run_after=None
[2024-01-23T22:25:10.253+0000] {processor.py:175} INFO - Processing /home/airflow/.local/lib/python3.7/site-packages/airflow/example_dags/tutorial_dag.py took 0.097 seconds
[2024-01-23T22:25:40.489+0000] {processor.py:153} INFO - Started process (PID=4599) to work on /home/airflow/.local/lib/python3.7/site-packages/airflow/example_dags/tutorial_dag.py
[2024-01-23T22:25:40.490+0000] {processor.py:743} INFO - Processing file /home/airflow/.local/lib/python3.7/site-packages/airflow/example_dags/tutorial_dag.py for tasks to queue
[2024-01-23T22:25:40.491+0000] {logging_mixin.py:137} INFO - [2024-01-23T22:25:40.491+0000] {dagbag.py:538} INFO - Filling up the DagBag from /home/airflow/.local/lib/python3.7/site-packages/airflow/example_dags/tutorial_dag.py
[2024-01-23T22:25:40.502+0000] {processor.py:753} INFO - DAG(s) dict_keys(['tutorial_dag']) retrieved from /home/airflow/.local/lib/python3.7/site-packages/airflow/example_dags/tutorial_dag.py
[2024-01-23T22:25:40.537+0000] {logging_mixin.py:137} INFO - [2024-01-23T22:25:40.537+0000] {dag.py:2676} INFO - Sync 1 DAGs
[2024-01-23T22:25:40.565+0000] {logging_mixin.py:137} INFO - [2024-01-23T22:25:40.565+0000] {dag.py:3427} INFO - Setting next_dagrun for tutorial_dag to None, run_after=None
[2024-01-23T22:25:40.590+0000] {processor.py:175} INFO - Processing /home/airflow/.local/lib/python3.7/site-packages/airflow/example_dags/tutorial_dag.py took 0.103 seconds
[2024-01-23T22:26:10.797+0000] {processor.py:153} INFO - Started process (PID=4698) to work on /home/airflow/.local/lib/python3.7/site-packages/airflow/example_dags/tutorial_dag.py
[2024-01-23T22:26:10.798+0000] {processor.py:743} INFO - Processing file /home/airflow/.local/lib/python3.7/site-packages/airflow/example_dags/tutorial_dag.py for tasks to queue
[2024-01-23T22:26:10.799+0000] {logging_mixin.py:137} INFO - [2024-01-23T22:26:10.799+0000] {dagbag.py:538} INFO - Filling up the DagBag from /home/airflow/.local/lib/python3.7/site-packages/airflow/example_dags/tutorial_dag.py
[2024-01-23T22:26:10.813+0000] {processor.py:753} INFO - DAG(s) dict_keys(['tutorial_dag']) retrieved from /home/airflow/.local/lib/python3.7/site-packages/airflow/example_dags/tutorial_dag.py
[2024-01-23T22:26:10.863+0000] {logging_mixin.py:137} INFO - [2024-01-23T22:26:10.862+0000] {dag.py:2676} INFO - Sync 1 DAGs
[2024-01-23T22:26:10.899+0000] {logging_mixin.py:137} INFO - [2024-01-23T22:26:10.898+0000] {dag.py:3427} INFO - Setting next_dagrun for tutorial_dag to None, run_after=None
[2024-01-23T22:26:10.921+0000] {processor.py:175} INFO - Processing /home/airflow/.local/lib/python3.7/site-packages/airflow/example_dags/tutorial_dag.py took 0.126 seconds
[2024-01-23T22:26:41.011+0000] {processor.py:153} INFO - Started process (PID=4778) to work on /home/airflow/.local/lib/python3.7/site-packages/airflow/example_dags/tutorial_dag.py
[2024-01-23T22:26:41.012+0000] {processor.py:743} INFO - Processing file /home/airflow/.local/lib/python3.7/site-packages/airflow/example_dags/tutorial_dag.py for tasks to queue
[2024-01-23T22:26:41.013+0000] {logging_mixin.py:137} INFO - [2024-01-23T22:26:41.013+0000] {dagbag.py:538} INFO - Filling up the DagBag from /home/airflow/.local/lib/python3.7/site-packages/airflow/example_dags/tutorial_dag.py
[2024-01-23T22:26:41.026+0000] {processor.py:753} INFO - DAG(s) dict_keys(['tutorial_dag']) retrieved from /home/airflow/.local/lib/python3.7/site-packages/airflow/example_dags/tutorial_dag.py
[2024-01-23T22:26:41.060+0000] {logging_mixin.py:137} INFO - [2024-01-23T22:26:41.060+0000] {dag.py:2676} INFO - Sync 1 DAGs
[2024-01-23T22:26:41.094+0000] {logging_mixin.py:137} INFO - [2024-01-23T22:26:41.093+0000] {dag.py:3427} INFO - Setting next_dagrun for tutorial_dag to None, run_after=None
[2024-01-23T22:26:41.120+0000] {processor.py:175} INFO - Processing /home/airflow/.local/lib/python3.7/site-packages/airflow/example_dags/tutorial_dag.py took 0.111 seconds
[2024-01-23T22:27:11.289+0000] {processor.py:153} INFO - Started process (PID=4867) to work on /home/airflow/.local/lib/python3.7/site-packages/airflow/example_dags/tutorial_dag.py
[2024-01-23T22:27:11.290+0000] {processor.py:743} INFO - Processing file /home/airflow/.local/lib/python3.7/site-packages/airflow/example_dags/tutorial_dag.py for tasks to queue
[2024-01-23T22:27:11.291+0000] {logging_mixin.py:137} INFO - [2024-01-23T22:27:11.290+0000] {dagbag.py:538} INFO - Filling up the DagBag from /home/airflow/.local/lib/python3.7/site-packages/airflow/example_dags/tutorial_dag.py
[2024-01-23T22:27:11.303+0000] {processor.py:753} INFO - DAG(s) dict_keys(['tutorial_dag']) retrieved from /home/airflow/.local/lib/python3.7/site-packages/airflow/example_dags/tutorial_dag.py
[2024-01-23T22:27:11.342+0000] {logging_mixin.py:137} INFO - [2024-01-23T22:27:11.342+0000] {dag.py:2676} INFO - Sync 1 DAGs
[2024-01-23T22:27:11.382+0000] {logging_mixin.py:137} INFO - [2024-01-23T22:27:11.382+0000] {dag.py:3427} INFO - Setting next_dagrun for tutorial_dag to None, run_after=None
[2024-01-23T22:27:11.415+0000] {processor.py:175} INFO - Processing /home/airflow/.local/lib/python3.7/site-packages/airflow/example_dags/tutorial_dag.py took 0.128 seconds
[2024-01-23T22:27:41.750+0000] {processor.py:153} INFO - Started process (PID=4958) to work on /home/airflow/.local/lib/python3.7/site-packages/airflow/example_dags/tutorial_dag.py
[2024-01-23T22:27:41.750+0000] {processor.py:743} INFO - Processing file /home/airflow/.local/lib/python3.7/site-packages/airflow/example_dags/tutorial_dag.py for tasks to queue
[2024-01-23T22:27:41.751+0000] {logging_mixin.py:137} INFO - [2024-01-23T22:27:41.751+0000] {dagbag.py:538} INFO - Filling up the DagBag from /home/airflow/.local/lib/python3.7/site-packages/airflow/example_dags/tutorial_dag.py
[2024-01-23T22:27:41.762+0000] {processor.py:753} INFO - DAG(s) dict_keys(['tutorial_dag']) retrieved from /home/airflow/.local/lib/python3.7/site-packages/airflow/example_dags/tutorial_dag.py
[2024-01-23T22:27:41.796+0000] {logging_mixin.py:137} INFO - [2024-01-23T22:27:41.796+0000] {dag.py:2676} INFO - Sync 1 DAGs
[2024-01-23T22:27:41.822+0000] {logging_mixin.py:137} INFO - [2024-01-23T22:27:41.822+0000] {dag.py:3427} INFO - Setting next_dagrun for tutorial_dag to None, run_after=None
[2024-01-23T22:27:41.843+0000] {processor.py:175} INFO - Processing /home/airflow/.local/lib/python3.7/site-packages/airflow/example_dags/tutorial_dag.py took 0.095 seconds
[2024-01-23T22:28:11.908+0000] {processor.py:153} INFO - Started process (PID=5038) to work on /home/airflow/.local/lib/python3.7/site-packages/airflow/example_dags/tutorial_dag.py
[2024-01-23T22:28:11.909+0000] {processor.py:743} INFO - Processing file /home/airflow/.local/lib/python3.7/site-packages/airflow/example_dags/tutorial_dag.py for tasks to queue
[2024-01-23T22:28:11.910+0000] {logging_mixin.py:137} INFO - [2024-01-23T22:28:11.910+0000] {dagbag.py:538} INFO - Filling up the DagBag from /home/airflow/.local/lib/python3.7/site-packages/airflow/example_dags/tutorial_dag.py
[2024-01-23T22:28:11.920+0000] {processor.py:753} INFO - DAG(s) dict_keys(['tutorial_dag']) retrieved from /home/airflow/.local/lib/python3.7/site-packages/airflow/example_dags/tutorial_dag.py
[2024-01-23T22:28:11.957+0000] {logging_mixin.py:137} INFO - [2024-01-23T22:28:11.957+0000] {dag.py:2676} INFO - Sync 1 DAGs
[2024-01-23T22:28:11.980+0000] {logging_mixin.py:137} INFO - [2024-01-23T22:28:11.980+0000] {dag.py:3427} INFO - Setting next_dagrun for tutorial_dag to None, run_after=None
[2024-01-23T22:28:11.999+0000] {processor.py:175} INFO - Processing /home/airflow/.local/lib/python3.7/site-packages/airflow/example_dags/tutorial_dag.py took 0.093 seconds
[2024-01-23T22:28:42.734+0000] {processor.py:153} INFO - Started process (PID=5138) to work on /home/airflow/.local/lib/python3.7/site-packages/airflow/example_dags/tutorial_dag.py
[2024-01-23T22:28:42.735+0000] {processor.py:743} INFO - Processing file /home/airflow/.local/lib/python3.7/site-packages/airflow/example_dags/tutorial_dag.py for tasks to queue
[2024-01-23T22:28:42.736+0000] {logging_mixin.py:137} INFO - [2024-01-23T22:28:42.735+0000] {dagbag.py:538} INFO - Filling up the DagBag from /home/airflow/.local/lib/python3.7/site-packages/airflow/example_dags/tutorial_dag.py
[2024-01-23T22:28:42.752+0000] {processor.py:753} INFO - DAG(s) dict_keys(['tutorial_dag']) retrieved from /home/airflow/.local/lib/python3.7/site-packages/airflow/example_dags/tutorial_dag.py
[2024-01-23T22:28:42.799+0000] {logging_mixin.py:137} INFO - [2024-01-23T22:28:42.798+0000] {dag.py:2676} INFO - Sync 1 DAGs
[2024-01-23T22:28:42.828+0000] {logging_mixin.py:137} INFO - [2024-01-23T22:28:42.828+0000] {dag.py:3427} INFO - Setting next_dagrun for tutorial_dag to None, run_after=None
[2024-01-23T22:28:42.850+0000] {processor.py:175} INFO - Processing /home/airflow/.local/lib/python3.7/site-packages/airflow/example_dags/tutorial_dag.py took 0.118 seconds
[2024-01-23T22:29:12.953+0000] {processor.py:153} INFO - Started process (PID=5218) to work on /home/airflow/.local/lib/python3.7/site-packages/airflow/example_dags/tutorial_dag.py
[2024-01-23T22:29:12.954+0000] {processor.py:743} INFO - Processing file /home/airflow/.local/lib/python3.7/site-packages/airflow/example_dags/tutorial_dag.py for tasks to queue
[2024-01-23T22:29:12.954+0000] {logging_mixin.py:137} INFO - [2024-01-23T22:29:12.954+0000] {dagbag.py:538} INFO - Filling up the DagBag from /home/airflow/.local/lib/python3.7/site-packages/airflow/example_dags/tutorial_dag.py
[2024-01-23T22:29:12.966+0000] {processor.py:753} INFO - DAG(s) dict_keys(['tutorial_dag']) retrieved from /home/airflow/.local/lib/python3.7/site-packages/airflow/example_dags/tutorial_dag.py
[2024-01-23T22:29:13.005+0000] {logging_mixin.py:137} INFO - [2024-01-23T22:29:13.005+0000] {dag.py:2676} INFO - Sync 1 DAGs
[2024-01-23T22:29:13.036+0000] {logging_mixin.py:137} INFO - [2024-01-23T22:29:13.036+0000] {dag.py:3427} INFO - Setting next_dagrun for tutorial_dag to None, run_after=None
[2024-01-23T22:29:13.055+0000] {processor.py:175} INFO - Processing /home/airflow/.local/lib/python3.7/site-packages/airflow/example_dags/tutorial_dag.py took 0.104 seconds
[2024-01-23T22:29:43.145+0000] {processor.py:153} INFO - Started process (PID=5298) to work on /home/airflow/.local/lib/python3.7/site-packages/airflow/example_dags/tutorial_dag.py
[2024-01-23T22:29:43.146+0000] {processor.py:743} INFO - Processing file /home/airflow/.local/lib/python3.7/site-packages/airflow/example_dags/tutorial_dag.py for tasks to queue
[2024-01-23T22:29:43.146+0000] {logging_mixin.py:137} INFO - [2024-01-23T22:29:43.146+0000] {dagbag.py:538} INFO - Filling up the DagBag from /home/airflow/.local/lib/python3.7/site-packages/airflow/example_dags/tutorial_dag.py
[2024-01-23T22:29:43.160+0000] {processor.py:753} INFO - DAG(s) dict_keys(['tutorial_dag']) retrieved from /home/airflow/.local/lib/python3.7/site-packages/airflow/example_dags/tutorial_dag.py
[2024-01-23T22:29:43.206+0000] {logging_mixin.py:137} INFO - [2024-01-23T22:29:43.206+0000] {dag.py:2676} INFO - Sync 1 DAGs
[2024-01-23T22:29:43.241+0000] {logging_mixin.py:137} INFO - [2024-01-23T22:29:43.241+0000] {dag.py:3427} INFO - Setting next_dagrun for tutorial_dag to None, run_after=None
[2024-01-23T22:29:43.272+0000] {processor.py:175} INFO - Processing /home/airflow/.local/lib/python3.7/site-packages/airflow/example_dags/tutorial_dag.py took 0.129 seconds
[2024-01-23T22:30:14.100+0000] {processor.py:153} INFO - Started process (PID=5396) to work on /home/airflow/.local/lib/python3.7/site-packages/airflow/example_dags/tutorial_dag.py
[2024-01-23T22:30:14.101+0000] {processor.py:743} INFO - Processing file /home/airflow/.local/lib/python3.7/site-packages/airflow/example_dags/tutorial_dag.py for tasks to queue
[2024-01-23T22:30:14.101+0000] {logging_mixin.py:137} INFO - [2024-01-23T22:30:14.101+0000] {dagbag.py:538} INFO - Filling up the DagBag from /home/airflow/.local/lib/python3.7/site-packages/airflow/example_dags/tutorial_dag.py
[2024-01-23T22:30:14.113+0000] {processor.py:753} INFO - DAG(s) dict_keys(['tutorial_dag']) retrieved from /home/airflow/.local/lib/python3.7/site-packages/airflow/example_dags/tutorial_dag.py
[2024-01-23T22:30:14.162+0000] {logging_mixin.py:137} INFO - [2024-01-23T22:30:14.162+0000] {dag.py:2676} INFO - Sync 1 DAGs
[2024-01-23T22:30:14.196+0000] {logging_mixin.py:137} INFO - [2024-01-23T22:30:14.195+0000] {dag.py:3427} INFO - Setting next_dagrun for tutorial_dag to None, run_after=None
[2024-01-23T22:30:14.217+0000] {processor.py:175} INFO - Processing /home/airflow/.local/lib/python3.7/site-packages/airflow/example_dags/tutorial_dag.py took 0.120 seconds
[2024-01-23T22:30:45.321+0000] {processor.py:153} INFO - Started process (PID=5476) to work on /home/airflow/.local/lib/python3.7/site-packages/airflow/example_dags/tutorial_dag.py
[2024-01-23T22:30:45.322+0000] {processor.py:743} INFO - Processing file /home/airflow/.local/lib/python3.7/site-packages/airflow/example_dags/tutorial_dag.py for tasks to queue
[2024-01-23T22:30:45.322+0000] {logging_mixin.py:137} INFO - [2024-01-23T22:30:45.322+0000] {dagbag.py:538} INFO - Filling up the DagBag from /home/airflow/.local/lib/python3.7/site-packages/airflow/example_dags/tutorial_dag.py
[2024-01-23T22:30:45.334+0000] {processor.py:753} INFO - DAG(s) dict_keys(['tutorial_dag']) retrieved from /home/airflow/.local/lib/python3.7/site-packages/airflow/example_dags/tutorial_dag.py
[2024-01-23T22:30:45.372+0000] {logging_mixin.py:137} INFO - [2024-01-23T22:30:45.372+0000] {dag.py:2676} INFO - Sync 1 DAGs
[2024-01-23T22:30:45.398+0000] {logging_mixin.py:137} INFO - [2024-01-23T22:30:45.398+0000] {dag.py:3427} INFO - Setting next_dagrun for tutorial_dag to None, run_after=None
[2024-01-23T22:30:45.420+0000] {processor.py:175} INFO - Processing /home/airflow/.local/lib/python3.7/site-packages/airflow/example_dags/tutorial_dag.py took 0.101 seconds
[2024-01-23T22:31:15.566+0000] {processor.py:153} INFO - Started process (PID=5576) to work on /home/airflow/.local/lib/python3.7/site-packages/airflow/example_dags/tutorial_dag.py
[2024-01-23T22:31:15.568+0000] {processor.py:743} INFO - Processing file /home/airflow/.local/lib/python3.7/site-packages/airflow/example_dags/tutorial_dag.py for tasks to queue
[2024-01-23T22:31:15.568+0000] {logging_mixin.py:137} INFO - [2024-01-23T22:31:15.568+0000] {dagbag.py:538} INFO - Filling up the DagBag from /home/airflow/.local/lib/python3.7/site-packages/airflow/example_dags/tutorial_dag.py
[2024-01-23T22:31:15.583+0000] {processor.py:753} INFO - DAG(s) dict_keys(['tutorial_dag']) retrieved from /home/airflow/.local/lib/python3.7/site-packages/airflow/example_dags/tutorial_dag.py
[2024-01-23T22:31:15.622+0000] {logging_mixin.py:137} INFO - [2024-01-23T22:31:15.622+0000] {dag.py:2676} INFO - Sync 1 DAGs
[2024-01-23T22:31:15.654+0000] {logging_mixin.py:137} INFO - [2024-01-23T22:31:15.654+0000] {dag.py:3427} INFO - Setting next_dagrun for tutorial_dag to None, run_after=None
[2024-01-23T22:31:15.680+0000] {processor.py:175} INFO - Processing /home/airflow/.local/lib/python3.7/site-packages/airflow/example_dags/tutorial_dag.py took 0.117 seconds
[2024-01-23T22:31:45.980+0000] {processor.py:153} INFO - Started process (PID=5657) to work on /home/airflow/.local/lib/python3.7/site-packages/airflow/example_dags/tutorial_dag.py
[2024-01-23T22:31:45.980+0000] {processor.py:743} INFO - Processing file /home/airflow/.local/lib/python3.7/site-packages/airflow/example_dags/tutorial_dag.py for tasks to queue
[2024-01-23T22:31:45.981+0000] {logging_mixin.py:137} INFO - [2024-01-23T22:31:45.981+0000] {dagbag.py:538} INFO - Filling up the DagBag from /home/airflow/.local/lib/python3.7/site-packages/airflow/example_dags/tutorial_dag.py
[2024-01-23T22:31:45.995+0000] {processor.py:753} INFO - DAG(s) dict_keys(['tutorial_dag']) retrieved from /home/airflow/.local/lib/python3.7/site-packages/airflow/example_dags/tutorial_dag.py
[2024-01-23T22:31:46.040+0000] {logging_mixin.py:137} INFO - [2024-01-23T22:31:46.040+0000] {dag.py:2676} INFO - Sync 1 DAGs
[2024-01-23T22:31:46.077+0000] {logging_mixin.py:137} INFO - [2024-01-23T22:31:46.076+0000] {dag.py:3427} INFO - Setting next_dagrun for tutorial_dag to None, run_after=None
[2024-01-23T22:31:46.098+0000] {processor.py:175} INFO - Processing /home/airflow/.local/lib/python3.7/site-packages/airflow/example_dags/tutorial_dag.py took 0.120 seconds
