[2024-01-23T21:50:39.399+0000] {processor.py:153} INFO - Started process (PID=70) to work on /home/airflow/.local/lib/python3.7/site-packages/airflow/example_dags/tutorial_taskflow_api.py
[2024-01-23T21:50:39.408+0000] {processor.py:743} INFO - Processing file /home/airflow/.local/lib/python3.7/site-packages/airflow/example_dags/tutorial_taskflow_api.py for tasks to queue
[2024-01-23T21:50:39.410+0000] {logging_mixin.py:137} INFO - [2024-01-23T21:50:39.410+0000] {dagbag.py:538} INFO - Filling up the DagBag from /home/airflow/.local/lib/python3.7/site-packages/airflow/example_dags/tutorial_taskflow_api.py
[2024-01-23T21:50:39.552+0000] {processor.py:753} INFO - DAG(s) dict_keys(['tutorial_taskflow_api']) retrieved from /home/airflow/.local/lib/python3.7/site-packages/airflow/example_dags/tutorial_taskflow_api.py
[2024-01-23T21:50:39.645+0000] {logging_mixin.py:137} INFO - [2024-01-23T21:50:39.645+0000] {dag.py:2676} INFO - Sync 1 DAGs
[2024-01-23T21:50:39.721+0000] {logging_mixin.py:137} INFO - [2024-01-23T21:50:39.720+0000] {dag.py:3427} INFO - Setting next_dagrun for tutorial_taskflow_api to None, run_after=None
[2024-01-23T21:50:39.757+0000] {processor.py:175} INFO - Processing /home/airflow/.local/lib/python3.7/site-packages/airflow/example_dags/tutorial_taskflow_api.py took 0.382 seconds
[2024-01-23T21:51:10.177+0000] {processor.py:153} INFO - Started process (PID=150) to work on /home/airflow/.local/lib/python3.7/site-packages/airflow/example_dags/tutorial_taskflow_api.py
[2024-01-23T21:51:10.178+0000] {processor.py:743} INFO - Processing file /home/airflow/.local/lib/python3.7/site-packages/airflow/example_dags/tutorial_taskflow_api.py for tasks to queue
[2024-01-23T21:51:10.179+0000] {logging_mixin.py:137} INFO - [2024-01-23T21:51:10.179+0000] {dagbag.py:538} INFO - Filling up the DagBag from /home/airflow/.local/lib/python3.7/site-packages/airflow/example_dags/tutorial_taskflow_api.py
[2024-01-23T21:51:10.202+0000] {processor.py:753} INFO - DAG(s) dict_keys(['tutorial_taskflow_api']) retrieved from /home/airflow/.local/lib/python3.7/site-packages/airflow/example_dags/tutorial_taskflow_api.py
[2024-01-23T21:51:10.236+0000] {logging_mixin.py:137} INFO - [2024-01-23T21:51:10.236+0000] {dag.py:2676} INFO - Sync 1 DAGs
[2024-01-23T21:51:10.272+0000] {logging_mixin.py:137} INFO - [2024-01-23T21:51:10.271+0000] {dag.py:3427} INFO - Setting next_dagrun for tutorial_taskflow_api to None, run_after=None
[2024-01-23T21:51:10.292+0000] {processor.py:175} INFO - Processing /home/airflow/.local/lib/python3.7/site-packages/airflow/example_dags/tutorial_taskflow_api.py took 0.116 seconds
[2024-01-23T21:51:40.921+0000] {processor.py:153} INFO - Started process (PID=250) to work on /home/airflow/.local/lib/python3.7/site-packages/airflow/example_dags/tutorial_taskflow_api.py
[2024-01-23T21:51:40.922+0000] {processor.py:743} INFO - Processing file /home/airflow/.local/lib/python3.7/site-packages/airflow/example_dags/tutorial_taskflow_api.py for tasks to queue
[2024-01-23T21:51:40.922+0000] {logging_mixin.py:137} INFO - [2024-01-23T21:51:40.922+0000] {dagbag.py:538} INFO - Filling up the DagBag from /home/airflow/.local/lib/python3.7/site-packages/airflow/example_dags/tutorial_taskflow_api.py
[2024-01-23T21:51:40.945+0000] {processor.py:753} INFO - DAG(s) dict_keys(['tutorial_taskflow_api']) retrieved from /home/airflow/.local/lib/python3.7/site-packages/airflow/example_dags/tutorial_taskflow_api.py
[2024-01-23T21:51:40.984+0000] {logging_mixin.py:137} INFO - [2024-01-23T21:51:40.984+0000] {dag.py:2676} INFO - Sync 1 DAGs
[2024-01-23T21:51:41.018+0000] {logging_mixin.py:137} INFO - [2024-01-23T21:51:41.018+0000] {dag.py:3427} INFO - Setting next_dagrun for tutorial_taskflow_api to None, run_after=None
[2024-01-23T21:51:41.048+0000] {processor.py:175} INFO - Processing /home/airflow/.local/lib/python3.7/site-packages/airflow/example_dags/tutorial_taskflow_api.py took 0.130 seconds
[2024-01-23T21:52:11.491+0000] {processor.py:153} INFO - Started process (PID=330) to work on /home/airflow/.local/lib/python3.7/site-packages/airflow/example_dags/tutorial_taskflow_api.py
[2024-01-23T21:52:11.492+0000] {processor.py:743} INFO - Processing file /home/airflow/.local/lib/python3.7/site-packages/airflow/example_dags/tutorial_taskflow_api.py for tasks to queue
[2024-01-23T21:52:11.493+0000] {logging_mixin.py:137} INFO - [2024-01-23T21:52:11.493+0000] {dagbag.py:538} INFO - Filling up the DagBag from /home/airflow/.local/lib/python3.7/site-packages/airflow/example_dags/tutorial_taskflow_api.py
[2024-01-23T21:52:11.519+0000] {processor.py:753} INFO - DAG(s) dict_keys(['tutorial_taskflow_api']) retrieved from /home/airflow/.local/lib/python3.7/site-packages/airflow/example_dags/tutorial_taskflow_api.py
[2024-01-23T21:52:11.559+0000] {logging_mixin.py:137} INFO - [2024-01-23T21:52:11.559+0000] {dag.py:2676} INFO - Sync 1 DAGs
[2024-01-23T21:52:11.587+0000] {logging_mixin.py:137} INFO - [2024-01-23T21:52:11.587+0000] {dag.py:3427} INFO - Setting next_dagrun for tutorial_taskflow_api to None, run_after=None
[2024-01-23T21:52:11.612+0000] {processor.py:175} INFO - Processing /home/airflow/.local/lib/python3.7/site-packages/airflow/example_dags/tutorial_taskflow_api.py took 0.124 seconds
[2024-01-23T21:52:41.832+0000] {processor.py:153} INFO - Started process (PID=410) to work on /home/airflow/.local/lib/python3.7/site-packages/airflow/example_dags/tutorial_taskflow_api.py
[2024-01-23T21:52:41.833+0000] {processor.py:743} INFO - Processing file /home/airflow/.local/lib/python3.7/site-packages/airflow/example_dags/tutorial_taskflow_api.py for tasks to queue
[2024-01-23T21:52:41.834+0000] {logging_mixin.py:137} INFO - [2024-01-23T21:52:41.834+0000] {dagbag.py:538} INFO - Filling up the DagBag from /home/airflow/.local/lib/python3.7/site-packages/airflow/example_dags/tutorial_taskflow_api.py
[2024-01-23T21:52:41.856+0000] {processor.py:753} INFO - DAG(s) dict_keys(['tutorial_taskflow_api']) retrieved from /home/airflow/.local/lib/python3.7/site-packages/airflow/example_dags/tutorial_taskflow_api.py
[2024-01-23T21:52:41.898+0000] {logging_mixin.py:137} INFO - [2024-01-23T21:52:41.897+0000] {dag.py:2676} INFO - Sync 1 DAGs
[2024-01-23T21:52:41.929+0000] {logging_mixin.py:137} INFO - [2024-01-23T21:52:41.929+0000] {dag.py:3427} INFO - Setting next_dagrun for tutorial_taskflow_api to None, run_after=None
[2024-01-23T21:52:41.955+0000] {processor.py:175} INFO - Processing /home/airflow/.local/lib/python3.7/site-packages/airflow/example_dags/tutorial_taskflow_api.py took 0.125 seconds
[2024-01-23T21:53:12.869+0000] {processor.py:153} INFO - Started process (PID=510) to work on /home/airflow/.local/lib/python3.7/site-packages/airflow/example_dags/tutorial_taskflow_api.py
[2024-01-23T21:53:12.870+0000] {processor.py:743} INFO - Processing file /home/airflow/.local/lib/python3.7/site-packages/airflow/example_dags/tutorial_taskflow_api.py for tasks to queue
[2024-01-23T21:53:12.871+0000] {logging_mixin.py:137} INFO - [2024-01-23T21:53:12.871+0000] {dagbag.py:538} INFO - Filling up the DagBag from /home/airflow/.local/lib/python3.7/site-packages/airflow/example_dags/tutorial_taskflow_api.py
[2024-01-23T21:53:12.894+0000] {processor.py:753} INFO - DAG(s) dict_keys(['tutorial_taskflow_api']) retrieved from /home/airflow/.local/lib/python3.7/site-packages/airflow/example_dags/tutorial_taskflow_api.py
[2024-01-23T21:53:12.941+0000] {logging_mixin.py:137} INFO - [2024-01-23T21:53:12.941+0000] {dag.py:2676} INFO - Sync 1 DAGs
[2024-01-23T21:53:12.978+0000] {logging_mixin.py:137} INFO - [2024-01-23T21:53:12.978+0000] {dag.py:3427} INFO - Setting next_dagrun for tutorial_taskflow_api to None, run_after=None
[2024-01-23T21:53:13.002+0000] {processor.py:175} INFO - Processing /home/airflow/.local/lib/python3.7/site-packages/airflow/example_dags/tutorial_taskflow_api.py took 0.136 seconds
[2024-01-23T21:53:43.402+0000] {processor.py:153} INFO - Started process (PID=590) to work on /home/airflow/.local/lib/python3.7/site-packages/airflow/example_dags/tutorial_taskflow_api.py
[2024-01-23T21:53:43.403+0000] {processor.py:743} INFO - Processing file /home/airflow/.local/lib/python3.7/site-packages/airflow/example_dags/tutorial_taskflow_api.py for tasks to queue
[2024-01-23T21:53:43.404+0000] {logging_mixin.py:137} INFO - [2024-01-23T21:53:43.404+0000] {dagbag.py:538} INFO - Filling up the DagBag from /home/airflow/.local/lib/python3.7/site-packages/airflow/example_dags/tutorial_taskflow_api.py
[2024-01-23T21:53:43.428+0000] {processor.py:753} INFO - DAG(s) dict_keys(['tutorial_taskflow_api']) retrieved from /home/airflow/.local/lib/python3.7/site-packages/airflow/example_dags/tutorial_taskflow_api.py
[2024-01-23T21:53:43.476+0000] {logging_mixin.py:137} INFO - [2024-01-23T21:53:43.476+0000] {dag.py:2676} INFO - Sync 1 DAGs
[2024-01-23T21:53:43.507+0000] {logging_mixin.py:137} INFO - [2024-01-23T21:53:43.507+0000] {dag.py:3427} INFO - Setting next_dagrun for tutorial_taskflow_api to None, run_after=None
[2024-01-23T21:53:43.537+0000] {processor.py:175} INFO - Processing /home/airflow/.local/lib/python3.7/site-packages/airflow/example_dags/tutorial_taskflow_api.py took 0.137 seconds
[2024-01-23T21:59:15.254+0000] {processor.py:153} INFO - Started process (PID=70) to work on /home/airflow/.local/lib/python3.7/site-packages/airflow/example_dags/tutorial_taskflow_api.py
[2024-01-23T21:59:15.255+0000] {processor.py:743} INFO - Processing file /home/airflow/.local/lib/python3.7/site-packages/airflow/example_dags/tutorial_taskflow_api.py for tasks to queue
[2024-01-23T21:59:15.257+0000] {logging_mixin.py:137} INFO - [2024-01-23T21:59:15.257+0000] {dagbag.py:538} INFO - Filling up the DagBag from /home/airflow/.local/lib/python3.7/site-packages/airflow/example_dags/tutorial_taskflow_api.py
[2024-01-23T21:59:15.363+0000] {processor.py:753} INFO - DAG(s) dict_keys(['tutorial_taskflow_api']) retrieved from /home/airflow/.local/lib/python3.7/site-packages/airflow/example_dags/tutorial_taskflow_api.py
[2024-01-23T21:59:15.445+0000] {logging_mixin.py:137} INFO - [2024-01-23T21:59:15.445+0000] {dag.py:2676} INFO - Sync 1 DAGs
[2024-01-23T21:59:15.505+0000] {logging_mixin.py:137} INFO - [2024-01-23T21:59:15.505+0000] {dag.py:3427} INFO - Setting next_dagrun for tutorial_taskflow_api to None, run_after=None
[2024-01-23T21:59:15.531+0000] {processor.py:175} INFO - Processing /home/airflow/.local/lib/python3.7/site-packages/airflow/example_dags/tutorial_taskflow_api.py took 0.280 seconds
[2024-01-23T21:59:46.442+0000] {processor.py:153} INFO - Started process (PID=150) to work on /home/airflow/.local/lib/python3.7/site-packages/airflow/example_dags/tutorial_taskflow_api.py
[2024-01-23T21:59:46.443+0000] {processor.py:743} INFO - Processing file /home/airflow/.local/lib/python3.7/site-packages/airflow/example_dags/tutorial_taskflow_api.py for tasks to queue
[2024-01-23T21:59:46.444+0000] {logging_mixin.py:137} INFO - [2024-01-23T21:59:46.443+0000] {dagbag.py:538} INFO - Filling up the DagBag from /home/airflow/.local/lib/python3.7/site-packages/airflow/example_dags/tutorial_taskflow_api.py
[2024-01-23T21:59:46.466+0000] {processor.py:753} INFO - DAG(s) dict_keys(['tutorial_taskflow_api']) retrieved from /home/airflow/.local/lib/python3.7/site-packages/airflow/example_dags/tutorial_taskflow_api.py
[2024-01-23T21:59:46.501+0000] {logging_mixin.py:137} INFO - [2024-01-23T21:59:46.501+0000] {dag.py:2676} INFO - Sync 1 DAGs
[2024-01-23T21:59:46.531+0000] {logging_mixin.py:137} INFO - [2024-01-23T21:59:46.531+0000] {dag.py:3427} INFO - Setting next_dagrun for tutorial_taskflow_api to None, run_after=None
[2024-01-23T21:59:46.550+0000] {processor.py:175} INFO - Processing /home/airflow/.local/lib/python3.7/site-packages/airflow/example_dags/tutorial_taskflow_api.py took 0.111 seconds
[2024-01-23T22:00:17.026+0000] {processor.py:153} INFO - Started process (PID=239) to work on /home/airflow/.local/lib/python3.7/site-packages/airflow/example_dags/tutorial_taskflow_api.py
[2024-01-23T22:00:17.027+0000] {processor.py:743} INFO - Processing file /home/airflow/.local/lib/python3.7/site-packages/airflow/example_dags/tutorial_taskflow_api.py for tasks to queue
[2024-01-23T22:00:17.029+0000] {logging_mixin.py:137} INFO - [2024-01-23T22:00:17.029+0000] {dagbag.py:538} INFO - Filling up the DagBag from /home/airflow/.local/lib/python3.7/site-packages/airflow/example_dags/tutorial_taskflow_api.py
[2024-01-23T22:00:17.060+0000] {processor.py:753} INFO - DAG(s) dict_keys(['tutorial_taskflow_api']) retrieved from /home/airflow/.local/lib/python3.7/site-packages/airflow/example_dags/tutorial_taskflow_api.py
[2024-01-23T22:00:17.111+0000] {logging_mixin.py:137} INFO - [2024-01-23T22:00:17.110+0000] {dag.py:2676} INFO - Sync 1 DAGs
[2024-01-23T22:00:17.149+0000] {logging_mixin.py:137} INFO - [2024-01-23T22:00:17.149+0000] {dag.py:3427} INFO - Setting next_dagrun for tutorial_taskflow_api to None, run_after=None
[2024-01-23T22:00:17.177+0000] {processor.py:175} INFO - Processing /home/airflow/.local/lib/python3.7/site-packages/airflow/example_dags/tutorial_taskflow_api.py took 0.160 seconds
[2024-01-23T22:00:47.766+0000] {processor.py:153} INFO - Started process (PID=330) to work on /home/airflow/.local/lib/python3.7/site-packages/airflow/example_dags/tutorial_taskflow_api.py
[2024-01-23T22:00:47.767+0000] {processor.py:743} INFO - Processing file /home/airflow/.local/lib/python3.7/site-packages/airflow/example_dags/tutorial_taskflow_api.py for tasks to queue
[2024-01-23T22:00:47.768+0000] {logging_mixin.py:137} INFO - [2024-01-23T22:00:47.768+0000] {dagbag.py:538} INFO - Filling up the DagBag from /home/airflow/.local/lib/python3.7/site-packages/airflow/example_dags/tutorial_taskflow_api.py
[2024-01-23T22:00:47.793+0000] {processor.py:753} INFO - DAG(s) dict_keys(['tutorial_taskflow_api']) retrieved from /home/airflow/.local/lib/python3.7/site-packages/airflow/example_dags/tutorial_taskflow_api.py
[2024-01-23T22:00:47.834+0000] {logging_mixin.py:137} INFO - [2024-01-23T22:00:47.834+0000] {dag.py:2676} INFO - Sync 1 DAGs
[2024-01-23T22:00:47.864+0000] {logging_mixin.py:137} INFO - [2024-01-23T22:00:47.864+0000] {dag.py:3427} INFO - Setting next_dagrun for tutorial_taskflow_api to None, run_after=None
[2024-01-23T22:00:47.892+0000] {processor.py:175} INFO - Processing /home/airflow/.local/lib/python3.7/site-packages/airflow/example_dags/tutorial_taskflow_api.py took 0.128 seconds
[2024-01-23T22:01:18.625+0000] {processor.py:153} INFO - Started process (PID=410) to work on /home/airflow/.local/lib/python3.7/site-packages/airflow/example_dags/tutorial_taskflow_api.py
[2024-01-23T22:01:18.635+0000] {processor.py:743} INFO - Processing file /home/airflow/.local/lib/python3.7/site-packages/airflow/example_dags/tutorial_taskflow_api.py for tasks to queue
[2024-01-23T22:01:18.636+0000] {logging_mixin.py:137} INFO - [2024-01-23T22:01:18.636+0000] {dagbag.py:538} INFO - Filling up the DagBag from /home/airflow/.local/lib/python3.7/site-packages/airflow/example_dags/tutorial_taskflow_api.py
[2024-01-23T22:01:18.664+0000] {processor.py:753} INFO - DAG(s) dict_keys(['tutorial_taskflow_api']) retrieved from /home/airflow/.local/lib/python3.7/site-packages/airflow/example_dags/tutorial_taskflow_api.py
[2024-01-23T22:01:18.705+0000] {logging_mixin.py:137} INFO - [2024-01-23T22:01:18.705+0000] {dag.py:2676} INFO - Sync 1 DAGs
[2024-01-23T22:01:18.732+0000] {logging_mixin.py:137} INFO - [2024-01-23T22:01:18.732+0000] {dag.py:3427} INFO - Setting next_dagrun for tutorial_taskflow_api to None, run_after=None
[2024-01-23T22:01:18.752+0000] {processor.py:175} INFO - Processing /home/airflow/.local/lib/python3.7/site-packages/airflow/example_dags/tutorial_taskflow_api.py took 0.130 seconds
[2024-01-23T22:01:48.998+0000] {processor.py:153} INFO - Started process (PID=510) to work on /home/airflow/.local/lib/python3.7/site-packages/airflow/example_dags/tutorial_taskflow_api.py
[2024-01-23T22:01:48.999+0000] {processor.py:743} INFO - Processing file /home/airflow/.local/lib/python3.7/site-packages/airflow/example_dags/tutorial_taskflow_api.py for tasks to queue
[2024-01-23T22:01:49.000+0000] {logging_mixin.py:137} INFO - [2024-01-23T22:01:49.000+0000] {dagbag.py:538} INFO - Filling up the DagBag from /home/airflow/.local/lib/python3.7/site-packages/airflow/example_dags/tutorial_taskflow_api.py
[2024-01-23T22:01:49.028+0000] {processor.py:753} INFO - DAG(s) dict_keys(['tutorial_taskflow_api']) retrieved from /home/airflow/.local/lib/python3.7/site-packages/airflow/example_dags/tutorial_taskflow_api.py
[2024-01-23T22:01:49.080+0000] {logging_mixin.py:137} INFO - [2024-01-23T22:01:49.079+0000] {dag.py:2676} INFO - Sync 1 DAGs
[2024-01-23T22:01:49.121+0000] {logging_mixin.py:137} INFO - [2024-01-23T22:01:49.121+0000] {dag.py:3427} INFO - Setting next_dagrun for tutorial_taskflow_api to None, run_after=None
[2024-01-23T22:01:49.157+0000] {processor.py:175} INFO - Processing /home/airflow/.local/lib/python3.7/site-packages/airflow/example_dags/tutorial_taskflow_api.py took 0.164 seconds
[2024-01-23T22:02:19.286+0000] {processor.py:153} INFO - Started process (PID=590) to work on /home/airflow/.local/lib/python3.7/site-packages/airflow/example_dags/tutorial_taskflow_api.py
[2024-01-23T22:02:19.286+0000] {processor.py:743} INFO - Processing file /home/airflow/.local/lib/python3.7/site-packages/airflow/example_dags/tutorial_taskflow_api.py for tasks to queue
[2024-01-23T22:02:19.287+0000] {logging_mixin.py:137} INFO - [2024-01-23T22:02:19.287+0000] {dagbag.py:538} INFO - Filling up the DagBag from /home/airflow/.local/lib/python3.7/site-packages/airflow/example_dags/tutorial_taskflow_api.py
[2024-01-23T22:02:19.307+0000] {processor.py:753} INFO - DAG(s) dict_keys(['tutorial_taskflow_api']) retrieved from /home/airflow/.local/lib/python3.7/site-packages/airflow/example_dags/tutorial_taskflow_api.py
[2024-01-23T22:02:19.349+0000] {logging_mixin.py:137} INFO - [2024-01-23T22:02:19.348+0000] {dag.py:2676} INFO - Sync 1 DAGs
[2024-01-23T22:02:19.380+0000] {logging_mixin.py:137} INFO - [2024-01-23T22:02:19.380+0000] {dag.py:3427} INFO - Setting next_dagrun for tutorial_taskflow_api to None, run_after=None
[2024-01-23T22:02:19.408+0000] {processor.py:175} INFO - Processing /home/airflow/.local/lib/python3.7/site-packages/airflow/example_dags/tutorial_taskflow_api.py took 0.125 seconds
[2024-01-23T22:02:49.703+0000] {processor.py:153} INFO - Started process (PID=670) to work on /home/airflow/.local/lib/python3.7/site-packages/airflow/example_dags/tutorial_taskflow_api.py
[2024-01-23T22:02:49.704+0000] {processor.py:743} INFO - Processing file /home/airflow/.local/lib/python3.7/site-packages/airflow/example_dags/tutorial_taskflow_api.py for tasks to queue
[2024-01-23T22:02:49.705+0000] {logging_mixin.py:137} INFO - [2024-01-23T22:02:49.705+0000] {dagbag.py:538} INFO - Filling up the DagBag from /home/airflow/.local/lib/python3.7/site-packages/airflow/example_dags/tutorial_taskflow_api.py
[2024-01-23T22:02:49.723+0000] {processor.py:753} INFO - DAG(s) dict_keys(['tutorial_taskflow_api']) retrieved from /home/airflow/.local/lib/python3.7/site-packages/airflow/example_dags/tutorial_taskflow_api.py
[2024-01-23T22:02:49.765+0000] {logging_mixin.py:137} INFO - [2024-01-23T22:02:49.765+0000] {dag.py:2676} INFO - Sync 1 DAGs
[2024-01-23T22:02:49.797+0000] {logging_mixin.py:137} INFO - [2024-01-23T22:02:49.797+0000] {dag.py:3427} INFO - Setting next_dagrun for tutorial_taskflow_api to None, run_after=None
[2024-01-23T22:02:49.819+0000] {processor.py:175} INFO - Processing /home/airflow/.local/lib/python3.7/site-packages/airflow/example_dags/tutorial_taskflow_api.py took 0.118 seconds
[2024-01-23T22:03:20.070+0000] {processor.py:153} INFO - Started process (PID=770) to work on /home/airflow/.local/lib/python3.7/site-packages/airflow/example_dags/tutorial_taskflow_api.py
[2024-01-23T22:03:20.071+0000] {processor.py:743} INFO - Processing file /home/airflow/.local/lib/python3.7/site-packages/airflow/example_dags/tutorial_taskflow_api.py for tasks to queue
[2024-01-23T22:03:20.071+0000] {logging_mixin.py:137} INFO - [2024-01-23T22:03:20.071+0000] {dagbag.py:538} INFO - Filling up the DagBag from /home/airflow/.local/lib/python3.7/site-packages/airflow/example_dags/tutorial_taskflow_api.py
[2024-01-23T22:03:20.099+0000] {processor.py:753} INFO - DAG(s) dict_keys(['tutorial_taskflow_api']) retrieved from /home/airflow/.local/lib/python3.7/site-packages/airflow/example_dags/tutorial_taskflow_api.py
[2024-01-23T22:03:20.145+0000] {logging_mixin.py:137} INFO - [2024-01-23T22:03:20.145+0000] {dag.py:2676} INFO - Sync 1 DAGs
[2024-01-23T22:03:20.187+0000] {logging_mixin.py:137} INFO - [2024-01-23T22:03:20.186+0000] {dag.py:3427} INFO - Setting next_dagrun for tutorial_taskflow_api to None, run_after=None
[2024-01-23T22:03:20.229+0000] {processor.py:175} INFO - Processing /home/airflow/.local/lib/python3.7/site-packages/airflow/example_dags/tutorial_taskflow_api.py took 0.162 seconds
[2024-01-23T22:03:50.393+0000] {processor.py:153} INFO - Started process (PID=850) to work on /home/airflow/.local/lib/python3.7/site-packages/airflow/example_dags/tutorial_taskflow_api.py
[2024-01-23T22:03:50.393+0000] {processor.py:743} INFO - Processing file /home/airflow/.local/lib/python3.7/site-packages/airflow/example_dags/tutorial_taskflow_api.py for tasks to queue
[2024-01-23T22:03:50.394+0000] {logging_mixin.py:137} INFO - [2024-01-23T22:03:50.394+0000] {dagbag.py:538} INFO - Filling up the DagBag from /home/airflow/.local/lib/python3.7/site-packages/airflow/example_dags/tutorial_taskflow_api.py
[2024-01-23T22:03:50.417+0000] {processor.py:753} INFO - DAG(s) dict_keys(['tutorial_taskflow_api']) retrieved from /home/airflow/.local/lib/python3.7/site-packages/airflow/example_dags/tutorial_taskflow_api.py
[2024-01-23T22:03:50.453+0000] {logging_mixin.py:137} INFO - [2024-01-23T22:03:50.453+0000] {dag.py:2676} INFO - Sync 1 DAGs
[2024-01-23T22:03:50.484+0000] {logging_mixin.py:137} INFO - [2024-01-23T22:03:50.484+0000] {dag.py:3427} INFO - Setting next_dagrun for tutorial_taskflow_api to None, run_after=None
[2024-01-23T22:03:50.507+0000] {processor.py:175} INFO - Processing /home/airflow/.local/lib/python3.7/site-packages/airflow/example_dags/tutorial_taskflow_api.py took 0.118 seconds
[2024-01-23T22:04:20.715+0000] {processor.py:153} INFO - Started process (PID=930) to work on /home/airflow/.local/lib/python3.7/site-packages/airflow/example_dags/tutorial_taskflow_api.py
[2024-01-23T22:04:20.716+0000] {processor.py:743} INFO - Processing file /home/airflow/.local/lib/python3.7/site-packages/airflow/example_dags/tutorial_taskflow_api.py for tasks to queue
[2024-01-23T22:04:20.717+0000] {logging_mixin.py:137} INFO - [2024-01-23T22:04:20.716+0000] {dagbag.py:538} INFO - Filling up the DagBag from /home/airflow/.local/lib/python3.7/site-packages/airflow/example_dags/tutorial_taskflow_api.py
[2024-01-23T22:04:20.739+0000] {processor.py:753} INFO - DAG(s) dict_keys(['tutorial_taskflow_api']) retrieved from /home/airflow/.local/lib/python3.7/site-packages/airflow/example_dags/tutorial_taskflow_api.py
[2024-01-23T22:04:20.776+0000] {logging_mixin.py:137} INFO - [2024-01-23T22:04:20.776+0000] {dag.py:2676} INFO - Sync 1 DAGs
[2024-01-23T22:04:20.805+0000] {logging_mixin.py:137} INFO - [2024-01-23T22:04:20.805+0000] {dag.py:3427} INFO - Setting next_dagrun for tutorial_taskflow_api to None, run_after=None
[2024-01-23T22:04:20.830+0000] {processor.py:175} INFO - Processing /home/airflow/.local/lib/python3.7/site-packages/airflow/example_dags/tutorial_taskflow_api.py took 0.117 seconds
[2024-01-23T22:04:51.545+0000] {processor.py:153} INFO - Started process (PID=1030) to work on /home/airflow/.local/lib/python3.7/site-packages/airflow/example_dags/tutorial_taskflow_api.py
[2024-01-23T22:04:51.546+0000] {processor.py:743} INFO - Processing file /home/airflow/.local/lib/python3.7/site-packages/airflow/example_dags/tutorial_taskflow_api.py for tasks to queue
[2024-01-23T22:04:51.547+0000] {logging_mixin.py:137} INFO - [2024-01-23T22:04:51.547+0000] {dagbag.py:538} INFO - Filling up the DagBag from /home/airflow/.local/lib/python3.7/site-packages/airflow/example_dags/tutorial_taskflow_api.py
[2024-01-23T22:04:51.569+0000] {processor.py:753} INFO - DAG(s) dict_keys(['tutorial_taskflow_api']) retrieved from /home/airflow/.local/lib/python3.7/site-packages/airflow/example_dags/tutorial_taskflow_api.py
[2024-01-23T22:04:51.603+0000] {logging_mixin.py:137} INFO - [2024-01-23T22:04:51.602+0000] {dag.py:2676} INFO - Sync 1 DAGs
[2024-01-23T22:04:51.627+0000] {logging_mixin.py:137} INFO - [2024-01-23T22:04:51.627+0000] {dag.py:3427} INFO - Setting next_dagrun for tutorial_taskflow_api to None, run_after=None
[2024-01-23T22:04:51.657+0000] {processor.py:175} INFO - Processing /home/airflow/.local/lib/python3.7/site-packages/airflow/example_dags/tutorial_taskflow_api.py took 0.114 seconds
[2024-01-23T22:05:21.881+0000] {processor.py:153} INFO - Started process (PID=1110) to work on /home/airflow/.local/lib/python3.7/site-packages/airflow/example_dags/tutorial_taskflow_api.py
[2024-01-23T22:05:21.882+0000] {processor.py:743} INFO - Processing file /home/airflow/.local/lib/python3.7/site-packages/airflow/example_dags/tutorial_taskflow_api.py for tasks to queue
[2024-01-23T22:05:21.883+0000] {logging_mixin.py:137} INFO - [2024-01-23T22:05:21.883+0000] {dagbag.py:538} INFO - Filling up the DagBag from /home/airflow/.local/lib/python3.7/site-packages/airflow/example_dags/tutorial_taskflow_api.py
[2024-01-23T22:05:21.911+0000] {processor.py:753} INFO - DAG(s) dict_keys(['tutorial_taskflow_api']) retrieved from /home/airflow/.local/lib/python3.7/site-packages/airflow/example_dags/tutorial_taskflow_api.py
[2024-01-23T22:05:21.953+0000] {logging_mixin.py:137} INFO - [2024-01-23T22:05:21.953+0000] {dag.py:2676} INFO - Sync 1 DAGs
[2024-01-23T22:05:21.982+0000] {logging_mixin.py:137} INFO - [2024-01-23T22:05:21.982+0000] {dag.py:3427} INFO - Setting next_dagrun for tutorial_taskflow_api to None, run_after=None
[2024-01-23T22:05:22.006+0000] {processor.py:175} INFO - Processing /home/airflow/.local/lib/python3.7/site-packages/airflow/example_dags/tutorial_taskflow_api.py took 0.128 seconds
[2024-01-23T22:05:52.206+0000] {processor.py:153} INFO - Started process (PID=1190) to work on /home/airflow/.local/lib/python3.7/site-packages/airflow/example_dags/tutorial_taskflow_api.py
[2024-01-23T22:05:52.207+0000] {processor.py:743} INFO - Processing file /home/airflow/.local/lib/python3.7/site-packages/airflow/example_dags/tutorial_taskflow_api.py for tasks to queue
[2024-01-23T22:05:52.208+0000] {logging_mixin.py:137} INFO - [2024-01-23T22:05:52.208+0000] {dagbag.py:538} INFO - Filling up the DagBag from /home/airflow/.local/lib/python3.7/site-packages/airflow/example_dags/tutorial_taskflow_api.py
[2024-01-23T22:05:52.229+0000] {processor.py:753} INFO - DAG(s) dict_keys(['tutorial_taskflow_api']) retrieved from /home/airflow/.local/lib/python3.7/site-packages/airflow/example_dags/tutorial_taskflow_api.py
[2024-01-23T22:05:52.267+0000] {logging_mixin.py:137} INFO - [2024-01-23T22:05:52.267+0000] {dag.py:2676} INFO - Sync 1 DAGs
[2024-01-23T22:05:52.299+0000] {logging_mixin.py:137} INFO - [2024-01-23T22:05:52.298+0000] {dag.py:3427} INFO - Setting next_dagrun for tutorial_taskflow_api to None, run_after=None
[2024-01-23T22:05:52.322+0000] {processor.py:175} INFO - Processing /home/airflow/.local/lib/python3.7/site-packages/airflow/example_dags/tutorial_taskflow_api.py took 0.118 seconds
[2024-01-23T22:06:22.759+0000] {processor.py:153} INFO - Started process (PID=1290) to work on /home/airflow/.local/lib/python3.7/site-packages/airflow/example_dags/tutorial_taskflow_api.py
[2024-01-23T22:06:22.760+0000] {processor.py:743} INFO - Processing file /home/airflow/.local/lib/python3.7/site-packages/airflow/example_dags/tutorial_taskflow_api.py for tasks to queue
[2024-01-23T22:06:22.761+0000] {logging_mixin.py:137} INFO - [2024-01-23T22:06:22.761+0000] {dagbag.py:538} INFO - Filling up the DagBag from /home/airflow/.local/lib/python3.7/site-packages/airflow/example_dags/tutorial_taskflow_api.py
[2024-01-23T22:06:22.789+0000] {processor.py:753} INFO - DAG(s) dict_keys(['tutorial_taskflow_api']) retrieved from /home/airflow/.local/lib/python3.7/site-packages/airflow/example_dags/tutorial_taskflow_api.py
[2024-01-23T22:06:22.832+0000] {logging_mixin.py:137} INFO - [2024-01-23T22:06:22.831+0000] {dag.py:2676} INFO - Sync 1 DAGs
[2024-01-23T22:06:22.861+0000] {logging_mixin.py:137} INFO - [2024-01-23T22:06:22.861+0000] {dag.py:3427} INFO - Setting next_dagrun for tutorial_taskflow_api to None, run_after=None
[2024-01-23T22:06:22.887+0000] {processor.py:175} INFO - Processing /home/airflow/.local/lib/python3.7/site-packages/airflow/example_dags/tutorial_taskflow_api.py took 0.131 seconds
[2024-01-23T22:06:53.691+0000] {processor.py:153} INFO - Started process (PID=1370) to work on /home/airflow/.local/lib/python3.7/site-packages/airflow/example_dags/tutorial_taskflow_api.py
[2024-01-23T22:06:53.691+0000] {processor.py:743} INFO - Processing file /home/airflow/.local/lib/python3.7/site-packages/airflow/example_dags/tutorial_taskflow_api.py for tasks to queue
[2024-01-23T22:06:53.692+0000] {logging_mixin.py:137} INFO - [2024-01-23T22:06:53.692+0000] {dagbag.py:538} INFO - Filling up the DagBag from /home/airflow/.local/lib/python3.7/site-packages/airflow/example_dags/tutorial_taskflow_api.py
[2024-01-23T22:06:53.716+0000] {processor.py:753} INFO - DAG(s) dict_keys(['tutorial_taskflow_api']) retrieved from /home/airflow/.local/lib/python3.7/site-packages/airflow/example_dags/tutorial_taskflow_api.py
[2024-01-23T22:06:53.761+0000] {logging_mixin.py:137} INFO - [2024-01-23T22:06:53.761+0000] {dag.py:2676} INFO - Sync 1 DAGs
[2024-01-23T22:06:53.797+0000] {logging_mixin.py:137} INFO - [2024-01-23T22:06:53.797+0000] {dag.py:3427} INFO - Setting next_dagrun for tutorial_taskflow_api to None, run_after=None
[2024-01-23T22:06:53.824+0000] {processor.py:175} INFO - Processing /home/airflow/.local/lib/python3.7/site-packages/airflow/example_dags/tutorial_taskflow_api.py took 0.136 seconds
[2024-01-23T22:07:23.895+0000] {processor.py:153} INFO - Started process (PID=1450) to work on /home/airflow/.local/lib/python3.7/site-packages/airflow/example_dags/tutorial_taskflow_api.py
[2024-01-23T22:07:23.896+0000] {processor.py:743} INFO - Processing file /home/airflow/.local/lib/python3.7/site-packages/airflow/example_dags/tutorial_taskflow_api.py for tasks to queue
[2024-01-23T22:07:23.897+0000] {logging_mixin.py:137} INFO - [2024-01-23T22:07:23.897+0000] {dagbag.py:538} INFO - Filling up the DagBag from /home/airflow/.local/lib/python3.7/site-packages/airflow/example_dags/tutorial_taskflow_api.py
[2024-01-23T22:07:23.920+0000] {processor.py:753} INFO - DAG(s) dict_keys(['tutorial_taskflow_api']) retrieved from /home/airflow/.local/lib/python3.7/site-packages/airflow/example_dags/tutorial_taskflow_api.py
[2024-01-23T22:07:23.965+0000] {logging_mixin.py:137} INFO - [2024-01-23T22:07:23.965+0000] {dag.py:2676} INFO - Sync 1 DAGs
[2024-01-23T22:07:23.996+0000] {logging_mixin.py:137} INFO - [2024-01-23T22:07:23.996+0000] {dag.py:3427} INFO - Setting next_dagrun for tutorial_taskflow_api to None, run_after=None
[2024-01-23T22:07:24.019+0000] {processor.py:175} INFO - Processing /home/airflow/.local/lib/python3.7/site-packages/airflow/example_dags/tutorial_taskflow_api.py took 0.126 seconds
[2024-01-23T22:07:54.538+0000] {processor.py:153} INFO - Started process (PID=1550) to work on /home/airflow/.local/lib/python3.7/site-packages/airflow/example_dags/tutorial_taskflow_api.py
[2024-01-23T22:07:54.539+0000] {processor.py:743} INFO - Processing file /home/airflow/.local/lib/python3.7/site-packages/airflow/example_dags/tutorial_taskflow_api.py for tasks to queue
[2024-01-23T22:07:54.540+0000] {logging_mixin.py:137} INFO - [2024-01-23T22:07:54.540+0000] {dagbag.py:538} INFO - Filling up the DagBag from /home/airflow/.local/lib/python3.7/site-packages/airflow/example_dags/tutorial_taskflow_api.py
[2024-01-23T22:07:54.558+0000] {processor.py:753} INFO - DAG(s) dict_keys(['tutorial_taskflow_api']) retrieved from /home/airflow/.local/lib/python3.7/site-packages/airflow/example_dags/tutorial_taskflow_api.py
[2024-01-23T22:07:54.597+0000] {logging_mixin.py:137} INFO - [2024-01-23T22:07:54.597+0000] {dag.py:2676} INFO - Sync 1 DAGs
[2024-01-23T22:07:54.630+0000] {logging_mixin.py:137} INFO - [2024-01-23T22:07:54.630+0000] {dag.py:3427} INFO - Setting next_dagrun for tutorial_taskflow_api to None, run_after=None
[2024-01-23T22:07:54.659+0000] {processor.py:175} INFO - Processing /home/airflow/.local/lib/python3.7/site-packages/airflow/example_dags/tutorial_taskflow_api.py took 0.123 seconds
[2024-01-23T22:08:24.880+0000] {processor.py:153} INFO - Started process (PID=1630) to work on /home/airflow/.local/lib/python3.7/site-packages/airflow/example_dags/tutorial_taskflow_api.py
[2024-01-23T22:08:24.880+0000] {processor.py:743} INFO - Processing file /home/airflow/.local/lib/python3.7/site-packages/airflow/example_dags/tutorial_taskflow_api.py for tasks to queue
[2024-01-23T22:08:24.881+0000] {logging_mixin.py:137} INFO - [2024-01-23T22:08:24.881+0000] {dagbag.py:538} INFO - Filling up the DagBag from /home/airflow/.local/lib/python3.7/site-packages/airflow/example_dags/tutorial_taskflow_api.py
[2024-01-23T22:08:24.901+0000] {processor.py:753} INFO - DAG(s) dict_keys(['tutorial_taskflow_api']) retrieved from /home/airflow/.local/lib/python3.7/site-packages/airflow/example_dags/tutorial_taskflow_api.py
[2024-01-23T22:08:24.939+0000] {logging_mixin.py:137} INFO - [2024-01-23T22:08:24.939+0000] {dag.py:2676} INFO - Sync 1 DAGs
[2024-01-23T22:08:24.965+0000] {logging_mixin.py:137} INFO - [2024-01-23T22:08:24.964+0000] {dag.py:3427} INFO - Setting next_dagrun for tutorial_taskflow_api to None, run_after=None
[2024-01-23T22:08:24.985+0000] {processor.py:175} INFO - Processing /home/airflow/.local/lib/python3.7/site-packages/airflow/example_dags/tutorial_taskflow_api.py took 0.107 seconds
[2024-01-23T22:08:55.066+0000] {processor.py:153} INFO - Started process (PID=1719) to work on /home/airflow/.local/lib/python3.7/site-packages/airflow/example_dags/tutorial_taskflow_api.py
[2024-01-23T22:08:55.067+0000] {processor.py:743} INFO - Processing file /home/airflow/.local/lib/python3.7/site-packages/airflow/example_dags/tutorial_taskflow_api.py for tasks to queue
[2024-01-23T22:08:55.069+0000] {logging_mixin.py:137} INFO - [2024-01-23T22:08:55.068+0000] {dagbag.py:538} INFO - Filling up the DagBag from /home/airflow/.local/lib/python3.7/site-packages/airflow/example_dags/tutorial_taskflow_api.py
[2024-01-23T22:08:55.106+0000] {processor.py:753} INFO - DAG(s) dict_keys(['tutorial_taskflow_api']) retrieved from /home/airflow/.local/lib/python3.7/site-packages/airflow/example_dags/tutorial_taskflow_api.py
[2024-01-23T22:08:55.168+0000] {logging_mixin.py:137} INFO - [2024-01-23T22:08:55.167+0000] {dag.py:2676} INFO - Sync 1 DAGs
[2024-01-23T22:08:55.196+0000] {logging_mixin.py:137} INFO - [2024-01-23T22:08:55.196+0000] {dag.py:3427} INFO - Setting next_dagrun for tutorial_taskflow_api to None, run_after=None
[2024-01-23T22:08:55.224+0000] {processor.py:175} INFO - Processing /home/airflow/.local/lib/python3.7/site-packages/airflow/example_dags/tutorial_taskflow_api.py took 0.161 seconds
[2024-01-23T22:09:25.290+0000] {processor.py:153} INFO - Started process (PID=1810) to work on /home/airflow/.local/lib/python3.7/site-packages/airflow/example_dags/tutorial_taskflow_api.py
[2024-01-23T22:09:25.291+0000] {processor.py:743} INFO - Processing file /home/airflow/.local/lib/python3.7/site-packages/airflow/example_dags/tutorial_taskflow_api.py for tasks to queue
[2024-01-23T22:09:25.292+0000] {logging_mixin.py:137} INFO - [2024-01-23T22:09:25.292+0000] {dagbag.py:538} INFO - Filling up the DagBag from /home/airflow/.local/lib/python3.7/site-packages/airflow/example_dags/tutorial_taskflow_api.py
[2024-01-23T22:09:25.315+0000] {processor.py:753} INFO - DAG(s) dict_keys(['tutorial_taskflow_api']) retrieved from /home/airflow/.local/lib/python3.7/site-packages/airflow/example_dags/tutorial_taskflow_api.py
[2024-01-23T22:09:25.351+0000] {logging_mixin.py:137} INFO - [2024-01-23T22:09:25.351+0000] {dag.py:2676} INFO - Sync 1 DAGs
[2024-01-23T22:09:25.385+0000] {logging_mixin.py:137} INFO - [2024-01-23T22:09:25.385+0000] {dag.py:3427} INFO - Setting next_dagrun for tutorial_taskflow_api to None, run_after=None
[2024-01-23T22:09:25.409+0000] {processor.py:175} INFO - Processing /home/airflow/.local/lib/python3.7/site-packages/airflow/example_dags/tutorial_taskflow_api.py took 0.122 seconds
[2024-01-23T22:09:55.993+0000] {processor.py:153} INFO - Started process (PID=1890) to work on /home/airflow/.local/lib/python3.7/site-packages/airflow/example_dags/tutorial_taskflow_api.py
[2024-01-23T22:09:55.994+0000] {processor.py:743} INFO - Processing file /home/airflow/.local/lib/python3.7/site-packages/airflow/example_dags/tutorial_taskflow_api.py for tasks to queue
[2024-01-23T22:09:55.995+0000] {logging_mixin.py:137} INFO - [2024-01-23T22:09:55.994+0000] {dagbag.py:538} INFO - Filling up the DagBag from /home/airflow/.local/lib/python3.7/site-packages/airflow/example_dags/tutorial_taskflow_api.py
[2024-01-23T22:09:56.021+0000] {processor.py:753} INFO - DAG(s) dict_keys(['tutorial_taskflow_api']) retrieved from /home/airflow/.local/lib/python3.7/site-packages/airflow/example_dags/tutorial_taskflow_api.py
[2024-01-23T22:09:56.066+0000] {logging_mixin.py:137} INFO - [2024-01-23T22:09:56.066+0000] {dag.py:2676} INFO - Sync 1 DAGs
[2024-01-23T22:09:56.098+0000] {logging_mixin.py:137} INFO - [2024-01-23T22:09:56.098+0000] {dag.py:3427} INFO - Setting next_dagrun for tutorial_taskflow_api to None, run_after=None
[2024-01-23T22:09:56.119+0000] {processor.py:175} INFO - Processing /home/airflow/.local/lib/python3.7/site-packages/airflow/example_dags/tutorial_taskflow_api.py took 0.133 seconds
[2024-01-23T22:10:26.273+0000] {processor.py:153} INFO - Started process (PID=1979) to work on /home/airflow/.local/lib/python3.7/site-packages/airflow/example_dags/tutorial_taskflow_api.py
[2024-01-23T22:10:26.274+0000] {processor.py:743} INFO - Processing file /home/airflow/.local/lib/python3.7/site-packages/airflow/example_dags/tutorial_taskflow_api.py for tasks to queue
[2024-01-23T22:10:26.275+0000] {logging_mixin.py:137} INFO - [2024-01-23T22:10:26.275+0000] {dagbag.py:538} INFO - Filling up the DagBag from /home/airflow/.local/lib/python3.7/site-packages/airflow/example_dags/tutorial_taskflow_api.py
[2024-01-23T22:10:26.304+0000] {processor.py:753} INFO - DAG(s) dict_keys(['tutorial_taskflow_api']) retrieved from /home/airflow/.local/lib/python3.7/site-packages/airflow/example_dags/tutorial_taskflow_api.py
[2024-01-23T22:10:26.355+0000] {logging_mixin.py:137} INFO - [2024-01-23T22:10:26.355+0000] {dag.py:2676} INFO - Sync 1 DAGs
[2024-01-23T22:10:26.396+0000] {logging_mixin.py:137} INFO - [2024-01-23T22:10:26.396+0000] {dag.py:3427} INFO - Setting next_dagrun for tutorial_taskflow_api to None, run_after=None
[2024-01-23T22:10:26.430+0000] {processor.py:175} INFO - Processing /home/airflow/.local/lib/python3.7/site-packages/airflow/example_dags/tutorial_taskflow_api.py took 0.160 seconds
[2024-01-23T22:10:56.679+0000] {processor.py:153} INFO - Started process (PID=2070) to work on /home/airflow/.local/lib/python3.7/site-packages/airflow/example_dags/tutorial_taskflow_api.py
[2024-01-23T22:10:56.680+0000] {processor.py:743} INFO - Processing file /home/airflow/.local/lib/python3.7/site-packages/airflow/example_dags/tutorial_taskflow_api.py for tasks to queue
[2024-01-23T22:10:56.681+0000] {logging_mixin.py:137} INFO - [2024-01-23T22:10:56.681+0000] {dagbag.py:538} INFO - Filling up the DagBag from /home/airflow/.local/lib/python3.7/site-packages/airflow/example_dags/tutorial_taskflow_api.py
[2024-01-23T22:10:56.703+0000] {processor.py:753} INFO - DAG(s) dict_keys(['tutorial_taskflow_api']) retrieved from /home/airflow/.local/lib/python3.7/site-packages/airflow/example_dags/tutorial_taskflow_api.py
[2024-01-23T22:10:56.746+0000] {logging_mixin.py:137} INFO - [2024-01-23T22:10:56.746+0000] {dag.py:2676} INFO - Sync 1 DAGs
[2024-01-23T22:10:56.776+0000] {logging_mixin.py:137} INFO - [2024-01-23T22:10:56.775+0000] {dag.py:3427} INFO - Setting next_dagrun for tutorial_taskflow_api to None, run_after=None
[2024-01-23T22:10:56.799+0000] {processor.py:175} INFO - Processing /home/airflow/.local/lib/python3.7/site-packages/airflow/example_dags/tutorial_taskflow_api.py took 0.121 seconds
[2024-01-23T22:11:27.049+0000] {processor.py:153} INFO - Started process (PID=2150) to work on /home/airflow/.local/lib/python3.7/site-packages/airflow/example_dags/tutorial_taskflow_api.py
[2024-01-23T22:11:27.050+0000] {processor.py:743} INFO - Processing file /home/airflow/.local/lib/python3.7/site-packages/airflow/example_dags/tutorial_taskflow_api.py for tasks to queue
[2024-01-23T22:11:27.051+0000] {logging_mixin.py:137} INFO - [2024-01-23T22:11:27.051+0000] {dagbag.py:538} INFO - Filling up the DagBag from /home/airflow/.local/lib/python3.7/site-packages/airflow/example_dags/tutorial_taskflow_api.py
[2024-01-23T22:11:27.074+0000] {processor.py:753} INFO - DAG(s) dict_keys(['tutorial_taskflow_api']) retrieved from /home/airflow/.local/lib/python3.7/site-packages/airflow/example_dags/tutorial_taskflow_api.py
[2024-01-23T22:11:27.117+0000] {logging_mixin.py:137} INFO - [2024-01-23T22:11:27.117+0000] {dag.py:2676} INFO - Sync 1 DAGs
[2024-01-23T22:11:27.143+0000] {logging_mixin.py:137} INFO - [2024-01-23T22:11:27.143+0000] {dag.py:3427} INFO - Setting next_dagrun for tutorial_taskflow_api to None, run_after=None
[2024-01-23T22:11:27.170+0000] {processor.py:175} INFO - Processing /home/airflow/.local/lib/python3.7/site-packages/airflow/example_dags/tutorial_taskflow_api.py took 0.122 seconds
[2024-01-23T22:11:57.445+0000] {processor.py:153} INFO - Started process (PID=2239) to work on /home/airflow/.local/lib/python3.7/site-packages/airflow/example_dags/tutorial_taskflow_api.py
[2024-01-23T22:11:57.446+0000] {processor.py:743} INFO - Processing file /home/airflow/.local/lib/python3.7/site-packages/airflow/example_dags/tutorial_taskflow_api.py for tasks to queue
[2024-01-23T22:11:57.447+0000] {logging_mixin.py:137} INFO - [2024-01-23T22:11:57.447+0000] {dagbag.py:538} INFO - Filling up the DagBag from /home/airflow/.local/lib/python3.7/site-packages/airflow/example_dags/tutorial_taskflow_api.py
[2024-01-23T22:11:57.471+0000] {processor.py:753} INFO - DAG(s) dict_keys(['tutorial_taskflow_api']) retrieved from /home/airflow/.local/lib/python3.7/site-packages/airflow/example_dags/tutorial_taskflow_api.py
[2024-01-23T22:11:57.516+0000] {logging_mixin.py:137} INFO - [2024-01-23T22:11:57.516+0000] {dag.py:2676} INFO - Sync 1 DAGs
[2024-01-23T22:11:57.548+0000] {logging_mixin.py:137} INFO - [2024-01-23T22:11:57.547+0000] {dag.py:3427} INFO - Setting next_dagrun for tutorial_taskflow_api to None, run_after=None
[2024-01-23T22:11:57.575+0000] {processor.py:175} INFO - Processing /home/airflow/.local/lib/python3.7/site-packages/airflow/example_dags/tutorial_taskflow_api.py took 0.133 seconds
[2024-01-23T22:12:27.775+0000] {processor.py:153} INFO - Started process (PID=2330) to work on /home/airflow/.local/lib/python3.7/site-packages/airflow/example_dags/tutorial_taskflow_api.py
[2024-01-23T22:12:27.776+0000] {processor.py:743} INFO - Processing file /home/airflow/.local/lib/python3.7/site-packages/airflow/example_dags/tutorial_taskflow_api.py for tasks to queue
[2024-01-23T22:12:27.776+0000] {logging_mixin.py:137} INFO - [2024-01-23T22:12:27.776+0000] {dagbag.py:538} INFO - Filling up the DagBag from /home/airflow/.local/lib/python3.7/site-packages/airflow/example_dags/tutorial_taskflow_api.py
[2024-01-23T22:12:27.797+0000] {processor.py:753} INFO - DAG(s) dict_keys(['tutorial_taskflow_api']) retrieved from /home/airflow/.local/lib/python3.7/site-packages/airflow/example_dags/tutorial_taskflow_api.py
[2024-01-23T22:12:27.836+0000] {logging_mixin.py:137} INFO - [2024-01-23T22:12:27.835+0000] {dag.py:2676} INFO - Sync 1 DAGs
[2024-01-23T22:12:27.874+0000] {logging_mixin.py:137} INFO - [2024-01-23T22:12:27.874+0000] {dag.py:3427} INFO - Setting next_dagrun for tutorial_taskflow_api to None, run_after=None
[2024-01-23T22:12:27.895+0000] {processor.py:175} INFO - Processing /home/airflow/.local/lib/python3.7/site-packages/airflow/example_dags/tutorial_taskflow_api.py took 0.123 seconds
[2024-01-23T22:12:58.291+0000] {processor.py:153} INFO - Started process (PID=2410) to work on /home/airflow/.local/lib/python3.7/site-packages/airflow/example_dags/tutorial_taskflow_api.py
[2024-01-23T22:12:58.292+0000] {processor.py:743} INFO - Processing file /home/airflow/.local/lib/python3.7/site-packages/airflow/example_dags/tutorial_taskflow_api.py for tasks to queue
[2024-01-23T22:12:58.292+0000] {logging_mixin.py:137} INFO - [2024-01-23T22:12:58.292+0000] {dagbag.py:538} INFO - Filling up the DagBag from /home/airflow/.local/lib/python3.7/site-packages/airflow/example_dags/tutorial_taskflow_api.py
[2024-01-23T22:12:58.314+0000] {processor.py:753} INFO - DAG(s) dict_keys(['tutorial_taskflow_api']) retrieved from /home/airflow/.local/lib/python3.7/site-packages/airflow/example_dags/tutorial_taskflow_api.py
[2024-01-23T22:12:58.354+0000] {logging_mixin.py:137} INFO - [2024-01-23T22:12:58.354+0000] {dag.py:2676} INFO - Sync 1 DAGs
[2024-01-23T22:12:58.379+0000] {logging_mixin.py:137} INFO - [2024-01-23T22:12:58.378+0000] {dag.py:3427} INFO - Setting next_dagrun for tutorial_taskflow_api to None, run_after=None
[2024-01-23T22:12:58.400+0000] {processor.py:175} INFO - Processing /home/airflow/.local/lib/python3.7/site-packages/airflow/example_dags/tutorial_taskflow_api.py took 0.111 seconds
[2024-01-23T22:13:29.053+0000] {processor.py:153} INFO - Started process (PID=2510) to work on /home/airflow/.local/lib/python3.7/site-packages/airflow/example_dags/tutorial_taskflow_api.py
[2024-01-23T22:13:29.054+0000] {processor.py:743} INFO - Processing file /home/airflow/.local/lib/python3.7/site-packages/airflow/example_dags/tutorial_taskflow_api.py for tasks to queue
[2024-01-23T22:13:29.055+0000] {logging_mixin.py:137} INFO - [2024-01-23T22:13:29.055+0000] {dagbag.py:538} INFO - Filling up the DagBag from /home/airflow/.local/lib/python3.7/site-packages/airflow/example_dags/tutorial_taskflow_api.py
[2024-01-23T22:13:29.082+0000] {processor.py:753} INFO - DAG(s) dict_keys(['tutorial_taskflow_api']) retrieved from /home/airflow/.local/lib/python3.7/site-packages/airflow/example_dags/tutorial_taskflow_api.py
[2024-01-23T22:13:29.131+0000] {logging_mixin.py:137} INFO - [2024-01-23T22:13:29.131+0000] {dag.py:2676} INFO - Sync 1 DAGs
[2024-01-23T22:13:29.172+0000] {logging_mixin.py:137} INFO - [2024-01-23T22:13:29.172+0000] {dag.py:3427} INFO - Setting next_dagrun for tutorial_taskflow_api to None, run_after=None
[2024-01-23T22:13:29.211+0000] {processor.py:175} INFO - Processing /home/airflow/.local/lib/python3.7/site-packages/airflow/example_dags/tutorial_taskflow_api.py took 0.161 seconds
[2024-01-23T22:13:59.270+0000] {processor.py:153} INFO - Started process (PID=2589) to work on /home/airflow/.local/lib/python3.7/site-packages/airflow/example_dags/tutorial_taskflow_api.py
[2024-01-23T22:13:59.270+0000] {processor.py:743} INFO - Processing file /home/airflow/.local/lib/python3.7/site-packages/airflow/example_dags/tutorial_taskflow_api.py for tasks to queue
[2024-01-23T22:13:59.271+0000] {logging_mixin.py:137} INFO - [2024-01-23T22:13:59.271+0000] {dagbag.py:538} INFO - Filling up the DagBag from /home/airflow/.local/lib/python3.7/site-packages/airflow/example_dags/tutorial_taskflow_api.py
[2024-01-23T22:13:59.292+0000] {processor.py:753} INFO - DAG(s) dict_keys(['tutorial_taskflow_api']) retrieved from /home/airflow/.local/lib/python3.7/site-packages/airflow/example_dags/tutorial_taskflow_api.py
[2024-01-23T22:13:59.335+0000] {logging_mixin.py:137} INFO - [2024-01-23T22:13:59.335+0000] {dag.py:2676} INFO - Sync 1 DAGs
[2024-01-23T22:13:59.366+0000] {logging_mixin.py:137} INFO - [2024-01-23T22:13:59.366+0000] {dag.py:3427} INFO - Setting next_dagrun for tutorial_taskflow_api to None, run_after=None
[2024-01-23T22:13:59.392+0000] {processor.py:175} INFO - Processing /home/airflow/.local/lib/python3.7/site-packages/airflow/example_dags/tutorial_taskflow_api.py took 0.125 seconds
[2024-01-23T22:14:29.852+0000] {processor.py:153} INFO - Started process (PID=2669) to work on /home/airflow/.local/lib/python3.7/site-packages/airflow/example_dags/tutorial_taskflow_api.py
[2024-01-23T22:14:29.853+0000] {processor.py:743} INFO - Processing file /home/airflow/.local/lib/python3.7/site-packages/airflow/example_dags/tutorial_taskflow_api.py for tasks to queue
[2024-01-23T22:14:29.854+0000] {logging_mixin.py:137} INFO - [2024-01-23T22:14:29.853+0000] {dagbag.py:538} INFO - Filling up the DagBag from /home/airflow/.local/lib/python3.7/site-packages/airflow/example_dags/tutorial_taskflow_api.py
[2024-01-23T22:14:29.873+0000] {processor.py:753} INFO - DAG(s) dict_keys(['tutorial_taskflow_api']) retrieved from /home/airflow/.local/lib/python3.7/site-packages/airflow/example_dags/tutorial_taskflow_api.py
[2024-01-23T22:14:29.922+0000] {logging_mixin.py:137} INFO - [2024-01-23T22:14:29.922+0000] {dag.py:2676} INFO - Sync 1 DAGs
[2024-01-23T22:14:29.947+0000] {logging_mixin.py:137} INFO - [2024-01-23T22:14:29.947+0000] {dag.py:3427} INFO - Setting next_dagrun for tutorial_taskflow_api to None, run_after=None
[2024-01-23T22:14:29.966+0000] {processor.py:175} INFO - Processing /home/airflow/.local/lib/python3.7/site-packages/airflow/example_dags/tutorial_taskflow_api.py took 0.116 seconds
[2024-01-23T22:15:00.726+0000] {processor.py:153} INFO - Started process (PID=2771) to work on /home/airflow/.local/lib/python3.7/site-packages/airflow/example_dags/tutorial_taskflow_api.py
[2024-01-23T22:15:00.727+0000] {processor.py:743} INFO - Processing file /home/airflow/.local/lib/python3.7/site-packages/airflow/example_dags/tutorial_taskflow_api.py for tasks to queue
[2024-01-23T22:15:00.728+0000] {logging_mixin.py:137} INFO - [2024-01-23T22:15:00.728+0000] {dagbag.py:538} INFO - Filling up the DagBag from /home/airflow/.local/lib/python3.7/site-packages/airflow/example_dags/tutorial_taskflow_api.py
[2024-01-23T22:15:00.750+0000] {processor.py:753} INFO - DAG(s) dict_keys(['tutorial_taskflow_api']) retrieved from /home/airflow/.local/lib/python3.7/site-packages/airflow/example_dags/tutorial_taskflow_api.py
[2024-01-23T22:15:00.784+0000] {logging_mixin.py:137} INFO - [2024-01-23T22:15:00.784+0000] {dag.py:2676} INFO - Sync 1 DAGs
[2024-01-23T22:15:00.818+0000] {logging_mixin.py:137} INFO - [2024-01-23T22:15:00.817+0000] {dag.py:3427} INFO - Setting next_dagrun for tutorial_taskflow_api to None, run_after=None
[2024-01-23T22:15:00.840+0000] {processor.py:175} INFO - Processing /home/airflow/.local/lib/python3.7/site-packages/airflow/example_dags/tutorial_taskflow_api.py took 0.116 seconds
[2024-01-23T22:15:30.979+0000] {processor.py:153} INFO - Started process (PID=2852) to work on /home/airflow/.local/lib/python3.7/site-packages/airflow/example_dags/tutorial_taskflow_api.py
[2024-01-23T22:15:30.980+0000] {processor.py:743} INFO - Processing file /home/airflow/.local/lib/python3.7/site-packages/airflow/example_dags/tutorial_taskflow_api.py for tasks to queue
[2024-01-23T22:15:30.981+0000] {logging_mixin.py:137} INFO - [2024-01-23T22:15:30.981+0000] {dagbag.py:538} INFO - Filling up the DagBag from /home/airflow/.local/lib/python3.7/site-packages/airflow/example_dags/tutorial_taskflow_api.py
[2024-01-23T22:15:30.999+0000] {processor.py:753} INFO - DAG(s) dict_keys(['tutorial_taskflow_api']) retrieved from /home/airflow/.local/lib/python3.7/site-packages/airflow/example_dags/tutorial_taskflow_api.py
[2024-01-23T22:15:31.039+0000] {logging_mixin.py:137} INFO - [2024-01-23T22:15:31.038+0000] {dag.py:2676} INFO - Sync 1 DAGs
[2024-01-23T22:15:31.070+0000] {logging_mixin.py:137} INFO - [2024-01-23T22:15:31.070+0000] {dag.py:3427} INFO - Setting next_dagrun for tutorial_taskflow_api to None, run_after=None
[2024-01-23T22:15:31.093+0000] {processor.py:175} INFO - Processing /home/airflow/.local/lib/python3.7/site-packages/airflow/example_dags/tutorial_taskflow_api.py took 0.116 seconds
[2024-01-23T22:16:01.272+0000] {processor.py:153} INFO - Started process (PID=2939) to work on /home/airflow/.local/lib/python3.7/site-packages/airflow/example_dags/tutorial_taskflow_api.py
[2024-01-23T22:16:01.272+0000] {processor.py:743} INFO - Processing file /home/airflow/.local/lib/python3.7/site-packages/airflow/example_dags/tutorial_taskflow_api.py for tasks to queue
[2024-01-23T22:16:01.273+0000] {logging_mixin.py:137} INFO - [2024-01-23T22:16:01.273+0000] {dagbag.py:538} INFO - Filling up the DagBag from /home/airflow/.local/lib/python3.7/site-packages/airflow/example_dags/tutorial_taskflow_api.py
[2024-01-23T22:16:01.297+0000] {processor.py:753} INFO - DAG(s) dict_keys(['tutorial_taskflow_api']) retrieved from /home/airflow/.local/lib/python3.7/site-packages/airflow/example_dags/tutorial_taskflow_api.py
[2024-01-23T22:16:01.334+0000] {logging_mixin.py:137} INFO - [2024-01-23T22:16:01.333+0000] {dag.py:2676} INFO - Sync 1 DAGs
[2024-01-23T22:16:01.363+0000] {logging_mixin.py:137} INFO - [2024-01-23T22:16:01.363+0000] {dag.py:3427} INFO - Setting next_dagrun for tutorial_taskflow_api to None, run_after=None
[2024-01-23T22:16:01.387+0000] {processor.py:175} INFO - Processing /home/airflow/.local/lib/python3.7/site-packages/airflow/example_dags/tutorial_taskflow_api.py took 0.118 seconds
[2024-01-23T22:16:31.499+0000] {processor.py:153} INFO - Started process (PID=3031) to work on /home/airflow/.local/lib/python3.7/site-packages/airflow/example_dags/tutorial_taskflow_api.py
[2024-01-23T22:16:31.500+0000] {processor.py:743} INFO - Processing file /home/airflow/.local/lib/python3.7/site-packages/airflow/example_dags/tutorial_taskflow_api.py for tasks to queue
[2024-01-23T22:16:31.500+0000] {logging_mixin.py:137} INFO - [2024-01-23T22:16:31.500+0000] {dagbag.py:538} INFO - Filling up the DagBag from /home/airflow/.local/lib/python3.7/site-packages/airflow/example_dags/tutorial_taskflow_api.py
[2024-01-23T22:16:31.518+0000] {processor.py:753} INFO - DAG(s) dict_keys(['tutorial_taskflow_api']) retrieved from /home/airflow/.local/lib/python3.7/site-packages/airflow/example_dags/tutorial_taskflow_api.py
[2024-01-23T22:16:31.556+0000] {logging_mixin.py:137} INFO - [2024-01-23T22:16:31.556+0000] {dag.py:2676} INFO - Sync 1 DAGs
[2024-01-23T22:16:31.581+0000] {logging_mixin.py:137} INFO - [2024-01-23T22:16:31.581+0000] {dag.py:3427} INFO - Setting next_dagrun for tutorial_taskflow_api to None, run_after=None
[2024-01-23T22:16:31.602+0000] {processor.py:175} INFO - Processing /home/airflow/.local/lib/python3.7/site-packages/airflow/example_dags/tutorial_taskflow_api.py took 0.105 seconds
[2024-01-23T22:17:01.780+0000] {processor.py:153} INFO - Started process (PID=3111) to work on /home/airflow/.local/lib/python3.7/site-packages/airflow/example_dags/tutorial_taskflow_api.py
[2024-01-23T22:17:01.781+0000] {processor.py:743} INFO - Processing file /home/airflow/.local/lib/python3.7/site-packages/airflow/example_dags/tutorial_taskflow_api.py for tasks to queue
[2024-01-23T22:17:01.782+0000] {logging_mixin.py:137} INFO - [2024-01-23T22:17:01.781+0000] {dagbag.py:538} INFO - Filling up the DagBag from /home/airflow/.local/lib/python3.7/site-packages/airflow/example_dags/tutorial_taskflow_api.py
[2024-01-23T22:17:01.803+0000] {processor.py:753} INFO - DAG(s) dict_keys(['tutorial_taskflow_api']) retrieved from /home/airflow/.local/lib/python3.7/site-packages/airflow/example_dags/tutorial_taskflow_api.py
[2024-01-23T22:17:01.838+0000] {logging_mixin.py:137} INFO - [2024-01-23T22:17:01.838+0000] {dag.py:2676} INFO - Sync 1 DAGs
[2024-01-23T22:17:01.868+0000] {logging_mixin.py:137} INFO - [2024-01-23T22:17:01.868+0000] {dag.py:3427} INFO - Setting next_dagrun for tutorial_taskflow_api to None, run_after=None
[2024-01-23T22:17:01.894+0000] {processor.py:175} INFO - Processing /home/airflow/.local/lib/python3.7/site-packages/airflow/example_dags/tutorial_taskflow_api.py took 0.117 seconds
[2024-01-23T22:17:31.986+0000] {processor.py:153} INFO - Started process (PID=3199) to work on /home/airflow/.local/lib/python3.7/site-packages/airflow/example_dags/tutorial_taskflow_api.py
[2024-01-23T22:17:31.987+0000] {processor.py:743} INFO - Processing file /home/airflow/.local/lib/python3.7/site-packages/airflow/example_dags/tutorial_taskflow_api.py for tasks to queue
[2024-01-23T22:17:31.988+0000] {logging_mixin.py:137} INFO - [2024-01-23T22:17:31.988+0000] {dagbag.py:538} INFO - Filling up the DagBag from /home/airflow/.local/lib/python3.7/site-packages/airflow/example_dags/tutorial_taskflow_api.py
[2024-01-23T22:17:32.016+0000] {processor.py:753} INFO - DAG(s) dict_keys(['tutorial_taskflow_api']) retrieved from /home/airflow/.local/lib/python3.7/site-packages/airflow/example_dags/tutorial_taskflow_api.py
[2024-01-23T22:17:32.056+0000] {logging_mixin.py:137} INFO - [2024-01-23T22:17:32.055+0000] {dag.py:2676} INFO - Sync 1 DAGs
[2024-01-23T22:17:32.089+0000] {logging_mixin.py:137} INFO - [2024-01-23T22:17:32.088+0000] {dag.py:3427} INFO - Setting next_dagrun for tutorial_taskflow_api to None, run_after=None
[2024-01-23T22:17:32.113+0000] {processor.py:175} INFO - Processing /home/airflow/.local/lib/python3.7/site-packages/airflow/example_dags/tutorial_taskflow_api.py took 0.130 seconds
[2024-01-23T22:18:02.374+0000] {processor.py:153} INFO - Started process (PID=3290) to work on /home/airflow/.local/lib/python3.7/site-packages/airflow/example_dags/tutorial_taskflow_api.py
[2024-01-23T22:18:02.375+0000] {processor.py:743} INFO - Processing file /home/airflow/.local/lib/python3.7/site-packages/airflow/example_dags/tutorial_taskflow_api.py for tasks to queue
[2024-01-23T22:18:02.376+0000] {logging_mixin.py:137} INFO - [2024-01-23T22:18:02.375+0000] {dagbag.py:538} INFO - Filling up the DagBag from /home/airflow/.local/lib/python3.7/site-packages/airflow/example_dags/tutorial_taskflow_api.py
[2024-01-23T22:18:02.401+0000] {processor.py:753} INFO - DAG(s) dict_keys(['tutorial_taskflow_api']) retrieved from /home/airflow/.local/lib/python3.7/site-packages/airflow/example_dags/tutorial_taskflow_api.py
[2024-01-23T22:18:02.440+0000] {logging_mixin.py:137} INFO - [2024-01-23T22:18:02.440+0000] {dag.py:2676} INFO - Sync 1 DAGs
[2024-01-23T22:18:02.467+0000] {logging_mixin.py:137} INFO - [2024-01-23T22:18:02.466+0000] {dag.py:3427} INFO - Setting next_dagrun for tutorial_taskflow_api to None, run_after=None
[2024-01-23T22:18:02.489+0000] {processor.py:175} INFO - Processing /home/airflow/.local/lib/python3.7/site-packages/airflow/example_dags/tutorial_taskflow_api.py took 0.117 seconds
[2024-01-23T22:18:32.629+0000] {processor.py:153} INFO - Started process (PID=3370) to work on /home/airflow/.local/lib/python3.7/site-packages/airflow/example_dags/tutorial_taskflow_api.py
[2024-01-23T22:18:32.629+0000] {processor.py:743} INFO - Processing file /home/airflow/.local/lib/python3.7/site-packages/airflow/example_dags/tutorial_taskflow_api.py for tasks to queue
[2024-01-23T22:18:32.630+0000] {logging_mixin.py:137} INFO - [2024-01-23T22:18:32.630+0000] {dagbag.py:538} INFO - Filling up the DagBag from /home/airflow/.local/lib/python3.7/site-packages/airflow/example_dags/tutorial_taskflow_api.py
[2024-01-23T22:18:32.649+0000] {processor.py:753} INFO - DAG(s) dict_keys(['tutorial_taskflow_api']) retrieved from /home/airflow/.local/lib/python3.7/site-packages/airflow/example_dags/tutorial_taskflow_api.py
[2024-01-23T22:18:32.683+0000] {logging_mixin.py:137} INFO - [2024-01-23T22:18:32.683+0000] {dag.py:2676} INFO - Sync 1 DAGs
[2024-01-23T22:18:32.709+0000] {logging_mixin.py:137} INFO - [2024-01-23T22:18:32.709+0000] {dag.py:3427} INFO - Setting next_dagrun for tutorial_taskflow_api to None, run_after=None
[2024-01-23T22:18:32.730+0000] {processor.py:175} INFO - Processing /home/airflow/.local/lib/python3.7/site-packages/airflow/example_dags/tutorial_taskflow_api.py took 0.103 seconds
[2024-01-23T22:19:03.041+0000] {processor.py:153} INFO - Started process (PID=3470) to work on /home/airflow/.local/lib/python3.7/site-packages/airflow/example_dags/tutorial_taskflow_api.py
[2024-01-23T22:19:03.042+0000] {processor.py:743} INFO - Processing file /home/airflow/.local/lib/python3.7/site-packages/airflow/example_dags/tutorial_taskflow_api.py for tasks to queue
[2024-01-23T22:19:03.043+0000] {logging_mixin.py:137} INFO - [2024-01-23T22:19:03.043+0000] {dagbag.py:538} INFO - Filling up the DagBag from /home/airflow/.local/lib/python3.7/site-packages/airflow/example_dags/tutorial_taskflow_api.py
[2024-01-23T22:19:03.068+0000] {processor.py:753} INFO - DAG(s) dict_keys(['tutorial_taskflow_api']) retrieved from /home/airflow/.local/lib/python3.7/site-packages/airflow/example_dags/tutorial_taskflow_api.py
[2024-01-23T22:19:03.115+0000] {logging_mixin.py:137} INFO - [2024-01-23T22:19:03.115+0000] {dag.py:2676} INFO - Sync 1 DAGs
[2024-01-23T22:19:03.156+0000] {logging_mixin.py:137} INFO - [2024-01-23T22:19:03.156+0000] {dag.py:3427} INFO - Setting next_dagrun for tutorial_taskflow_api to None, run_after=None
[2024-01-23T22:19:03.184+0000] {processor.py:175} INFO - Processing /home/airflow/.local/lib/python3.7/site-packages/airflow/example_dags/tutorial_taskflow_api.py took 0.146 seconds
[2024-01-23T22:19:33.350+0000] {processor.py:153} INFO - Started process (PID=3550) to work on /home/airflow/.local/lib/python3.7/site-packages/airflow/example_dags/tutorial_taskflow_api.py
[2024-01-23T22:19:33.350+0000] {processor.py:743} INFO - Processing file /home/airflow/.local/lib/python3.7/site-packages/airflow/example_dags/tutorial_taskflow_api.py for tasks to queue
[2024-01-23T22:19:33.351+0000] {logging_mixin.py:137} INFO - [2024-01-23T22:19:33.351+0000] {dagbag.py:538} INFO - Filling up the DagBag from /home/airflow/.local/lib/python3.7/site-packages/airflow/example_dags/tutorial_taskflow_api.py
[2024-01-23T22:19:33.374+0000] {processor.py:753} INFO - DAG(s) dict_keys(['tutorial_taskflow_api']) retrieved from /home/airflow/.local/lib/python3.7/site-packages/airflow/example_dags/tutorial_taskflow_api.py
[2024-01-23T22:19:33.418+0000] {logging_mixin.py:137} INFO - [2024-01-23T22:19:33.418+0000] {dag.py:2676} INFO - Sync 1 DAGs
[2024-01-23T22:19:33.450+0000] {logging_mixin.py:137} INFO - [2024-01-23T22:19:33.450+0000] {dag.py:3427} INFO - Setting next_dagrun for tutorial_taskflow_api to None, run_after=None
[2024-01-23T22:19:33.474+0000] {processor.py:175} INFO - Processing /home/airflow/.local/lib/python3.7/site-packages/airflow/example_dags/tutorial_taskflow_api.py took 0.127 seconds
[2024-01-23T22:20:03.627+0000] {processor.py:153} INFO - Started process (PID=3630) to work on /home/airflow/.local/lib/python3.7/site-packages/airflow/example_dags/tutorial_taskflow_api.py
[2024-01-23T22:20:03.627+0000] {processor.py:743} INFO - Processing file /home/airflow/.local/lib/python3.7/site-packages/airflow/example_dags/tutorial_taskflow_api.py for tasks to queue
[2024-01-23T22:20:03.628+0000] {logging_mixin.py:137} INFO - [2024-01-23T22:20:03.628+0000] {dagbag.py:538} INFO - Filling up the DagBag from /home/airflow/.local/lib/python3.7/site-packages/airflow/example_dags/tutorial_taskflow_api.py
[2024-01-23T22:20:03.654+0000] {processor.py:753} INFO - DAG(s) dict_keys(['tutorial_taskflow_api']) retrieved from /home/airflow/.local/lib/python3.7/site-packages/airflow/example_dags/tutorial_taskflow_api.py
[2024-01-23T22:20:03.690+0000] {logging_mixin.py:137} INFO - [2024-01-23T22:20:03.690+0000] {dag.py:2676} INFO - Sync 1 DAGs
[2024-01-23T22:20:03.720+0000] {logging_mixin.py:137} INFO - [2024-01-23T22:20:03.720+0000] {dag.py:3427} INFO - Setting next_dagrun for tutorial_taskflow_api to None, run_after=None
[2024-01-23T22:20:03.746+0000] {processor.py:175} INFO - Processing /home/airflow/.local/lib/python3.7/site-packages/airflow/example_dags/tutorial_taskflow_api.py took 0.122 seconds
[2024-01-23T22:20:34.399+0000] {processor.py:153} INFO - Started process (PID=3731) to work on /home/airflow/.local/lib/python3.7/site-packages/airflow/example_dags/tutorial_taskflow_api.py
[2024-01-23T22:20:34.400+0000] {processor.py:743} INFO - Processing file /home/airflow/.local/lib/python3.7/site-packages/airflow/example_dags/tutorial_taskflow_api.py for tasks to queue
[2024-01-23T22:20:34.400+0000] {logging_mixin.py:137} INFO - [2024-01-23T22:20:34.400+0000] {dagbag.py:538} INFO - Filling up the DagBag from /home/airflow/.local/lib/python3.7/site-packages/airflow/example_dags/tutorial_taskflow_api.py
[2024-01-23T22:20:34.430+0000] {processor.py:753} INFO - DAG(s) dict_keys(['tutorial_taskflow_api']) retrieved from /home/airflow/.local/lib/python3.7/site-packages/airflow/example_dags/tutorial_taskflow_api.py
[2024-01-23T22:20:34.472+0000] {logging_mixin.py:137} INFO - [2024-01-23T22:20:34.472+0000] {dag.py:2676} INFO - Sync 1 DAGs
[2024-01-23T22:20:34.502+0000] {logging_mixin.py:137} INFO - [2024-01-23T22:20:34.502+0000] {dag.py:3427} INFO - Setting next_dagrun for tutorial_taskflow_api to None, run_after=None
[2024-01-23T22:20:34.527+0000] {processor.py:175} INFO - Processing /home/airflow/.local/lib/python3.7/site-packages/airflow/example_dags/tutorial_taskflow_api.py took 0.131 seconds
[2024-01-23T22:21:04.705+0000] {processor.py:153} INFO - Started process (PID=3811) to work on /home/airflow/.local/lib/python3.7/site-packages/airflow/example_dags/tutorial_taskflow_api.py
[2024-01-23T22:21:04.706+0000] {processor.py:743} INFO - Processing file /home/airflow/.local/lib/python3.7/site-packages/airflow/example_dags/tutorial_taskflow_api.py for tasks to queue
[2024-01-23T22:21:04.706+0000] {logging_mixin.py:137} INFO - [2024-01-23T22:21:04.706+0000] {dagbag.py:538} INFO - Filling up the DagBag from /home/airflow/.local/lib/python3.7/site-packages/airflow/example_dags/tutorial_taskflow_api.py
[2024-01-23T22:21:04.724+0000] {processor.py:753} INFO - DAG(s) dict_keys(['tutorial_taskflow_api']) retrieved from /home/airflow/.local/lib/python3.7/site-packages/airflow/example_dags/tutorial_taskflow_api.py
[2024-01-23T22:21:04.760+0000] {logging_mixin.py:137} INFO - [2024-01-23T22:21:04.760+0000] {dag.py:2676} INFO - Sync 1 DAGs
[2024-01-23T22:21:04.788+0000] {logging_mixin.py:137} INFO - [2024-01-23T22:21:04.787+0000] {dag.py:3427} INFO - Setting next_dagrun for tutorial_taskflow_api to None, run_after=None
[2024-01-23T22:21:04.810+0000] {processor.py:175} INFO - Processing /home/airflow/.local/lib/python3.7/site-packages/airflow/example_dags/tutorial_taskflow_api.py took 0.106 seconds
[2024-01-23T22:21:34.915+0000] {processor.py:153} INFO - Started process (PID=3891) to work on /home/airflow/.local/lib/python3.7/site-packages/airflow/example_dags/tutorial_taskflow_api.py
[2024-01-23T22:21:34.916+0000] {processor.py:743} INFO - Processing file /home/airflow/.local/lib/python3.7/site-packages/airflow/example_dags/tutorial_taskflow_api.py for tasks to queue
[2024-01-23T22:21:34.917+0000] {logging_mixin.py:137} INFO - [2024-01-23T22:21:34.917+0000] {dagbag.py:538} INFO - Filling up the DagBag from /home/airflow/.local/lib/python3.7/site-packages/airflow/example_dags/tutorial_taskflow_api.py
[2024-01-23T22:21:34.940+0000] {processor.py:753} INFO - DAG(s) dict_keys(['tutorial_taskflow_api']) retrieved from /home/airflow/.local/lib/python3.7/site-packages/airflow/example_dags/tutorial_taskflow_api.py
[2024-01-23T22:21:34.978+0000] {logging_mixin.py:137} INFO - [2024-01-23T22:21:34.977+0000] {dag.py:2676} INFO - Sync 1 DAGs
[2024-01-23T22:21:35.003+0000] {logging_mixin.py:137} INFO - [2024-01-23T22:21:35.002+0000] {dag.py:3427} INFO - Setting next_dagrun for tutorial_taskflow_api to None, run_after=None
[2024-01-23T22:21:35.022+0000] {processor.py:175} INFO - Processing /home/airflow/.local/lib/python3.7/site-packages/airflow/example_dags/tutorial_taskflow_api.py took 0.108 seconds
[2024-01-23T22:22:05.613+0000] {processor.py:153} INFO - Started process (PID=3991) to work on /home/airflow/.local/lib/python3.7/site-packages/airflow/example_dags/tutorial_taskflow_api.py
[2024-01-23T22:22:05.614+0000] {processor.py:743} INFO - Processing file /home/airflow/.local/lib/python3.7/site-packages/airflow/example_dags/tutorial_taskflow_api.py for tasks to queue
[2024-01-23T22:22:05.615+0000] {logging_mixin.py:137} INFO - [2024-01-23T22:22:05.614+0000] {dagbag.py:538} INFO - Filling up the DagBag from /home/airflow/.local/lib/python3.7/site-packages/airflow/example_dags/tutorial_taskflow_api.py
[2024-01-23T22:22:05.638+0000] {processor.py:753} INFO - DAG(s) dict_keys(['tutorial_taskflow_api']) retrieved from /home/airflow/.local/lib/python3.7/site-packages/airflow/example_dags/tutorial_taskflow_api.py
[2024-01-23T22:22:05.680+0000] {logging_mixin.py:137} INFO - [2024-01-23T22:22:05.679+0000] {dag.py:2676} INFO - Sync 1 DAGs
[2024-01-23T22:22:05.706+0000] {logging_mixin.py:137} INFO - [2024-01-23T22:22:05.706+0000] {dag.py:3427} INFO - Setting next_dagrun for tutorial_taskflow_api to None, run_after=None
[2024-01-23T22:22:05.736+0000] {processor.py:175} INFO - Processing /home/airflow/.local/lib/python3.7/site-packages/airflow/example_dags/tutorial_taskflow_api.py took 0.126 seconds
[2024-01-23T22:22:35.865+0000] {processor.py:153} INFO - Started process (PID=4071) to work on /home/airflow/.local/lib/python3.7/site-packages/airflow/example_dags/tutorial_taskflow_api.py
[2024-01-23T22:22:35.865+0000] {processor.py:743} INFO - Processing file /home/airflow/.local/lib/python3.7/site-packages/airflow/example_dags/tutorial_taskflow_api.py for tasks to queue
[2024-01-23T22:22:35.866+0000] {logging_mixin.py:137} INFO - [2024-01-23T22:22:35.866+0000] {dagbag.py:538} INFO - Filling up the DagBag from /home/airflow/.local/lib/python3.7/site-packages/airflow/example_dags/tutorial_taskflow_api.py
[2024-01-23T22:22:35.887+0000] {processor.py:753} INFO - DAG(s) dict_keys(['tutorial_taskflow_api']) retrieved from /home/airflow/.local/lib/python3.7/site-packages/airflow/example_dags/tutorial_taskflow_api.py
[2024-01-23T22:22:35.924+0000] {logging_mixin.py:137} INFO - [2024-01-23T22:22:35.924+0000] {dag.py:2676} INFO - Sync 1 DAGs
[2024-01-23T22:22:35.951+0000] {logging_mixin.py:137} INFO - [2024-01-23T22:22:35.951+0000] {dag.py:3427} INFO - Setting next_dagrun for tutorial_taskflow_api to None, run_after=None
[2024-01-23T22:22:35.975+0000] {processor.py:175} INFO - Processing /home/airflow/.local/lib/python3.7/site-packages/airflow/example_dags/tutorial_taskflow_api.py took 0.113 seconds
[2024-01-23T22:23:06.068+0000] {processor.py:153} INFO - Started process (PID=4151) to work on /home/airflow/.local/lib/python3.7/site-packages/airflow/example_dags/tutorial_taskflow_api.py
[2024-01-23T22:23:06.069+0000] {processor.py:743} INFO - Processing file /home/airflow/.local/lib/python3.7/site-packages/airflow/example_dags/tutorial_taskflow_api.py for tasks to queue
[2024-01-23T22:23:06.070+0000] {logging_mixin.py:137} INFO - [2024-01-23T22:23:06.069+0000] {dagbag.py:538} INFO - Filling up the DagBag from /home/airflow/.local/lib/python3.7/site-packages/airflow/example_dags/tutorial_taskflow_api.py
[2024-01-23T22:23:06.093+0000] {processor.py:753} INFO - DAG(s) dict_keys(['tutorial_taskflow_api']) retrieved from /home/airflow/.local/lib/python3.7/site-packages/airflow/example_dags/tutorial_taskflow_api.py
[2024-01-23T22:23:06.133+0000] {logging_mixin.py:137} INFO - [2024-01-23T22:23:06.132+0000] {dag.py:2676} INFO - Sync 1 DAGs
[2024-01-23T22:23:06.169+0000] {logging_mixin.py:137} INFO - [2024-01-23T22:23:06.169+0000] {dag.py:3427} INFO - Setting next_dagrun for tutorial_taskflow_api to None, run_after=None
[2024-01-23T22:23:06.195+0000] {processor.py:175} INFO - Processing /home/airflow/.local/lib/python3.7/site-packages/airflow/example_dags/tutorial_taskflow_api.py took 0.129 seconds
[2024-01-23T22:23:36.335+0000] {processor.py:153} INFO - Started process (PID=4252) to work on /home/airflow/.local/lib/python3.7/site-packages/airflow/example_dags/tutorial_taskflow_api.py
[2024-01-23T22:23:36.335+0000] {processor.py:743} INFO - Processing file /home/airflow/.local/lib/python3.7/site-packages/airflow/example_dags/tutorial_taskflow_api.py for tasks to queue
[2024-01-23T22:23:36.336+0000] {logging_mixin.py:137} INFO - [2024-01-23T22:23:36.336+0000] {dagbag.py:538} INFO - Filling up the DagBag from /home/airflow/.local/lib/python3.7/site-packages/airflow/example_dags/tutorial_taskflow_api.py
[2024-01-23T22:23:36.365+0000] {processor.py:753} INFO - DAG(s) dict_keys(['tutorial_taskflow_api']) retrieved from /home/airflow/.local/lib/python3.7/site-packages/airflow/example_dags/tutorial_taskflow_api.py
[2024-01-23T22:23:36.411+0000] {logging_mixin.py:137} INFO - [2024-01-23T22:23:36.410+0000] {dag.py:2676} INFO - Sync 1 DAGs
[2024-01-23T22:23:36.446+0000] {logging_mixin.py:137} INFO - [2024-01-23T22:23:36.445+0000] {dag.py:3427} INFO - Setting next_dagrun for tutorial_taskflow_api to None, run_after=None
[2024-01-23T22:23:36.477+0000] {processor.py:175} INFO - Processing /home/airflow/.local/lib/python3.7/site-packages/airflow/example_dags/tutorial_taskflow_api.py took 0.145 seconds
[2024-01-23T22:24:06.537+0000] {processor.py:153} INFO - Started process (PID=4332) to work on /home/airflow/.local/lib/python3.7/site-packages/airflow/example_dags/tutorial_taskflow_api.py
[2024-01-23T22:24:06.537+0000] {processor.py:743} INFO - Processing file /home/airflow/.local/lib/python3.7/site-packages/airflow/example_dags/tutorial_taskflow_api.py for tasks to queue
[2024-01-23T22:24:06.538+0000] {logging_mixin.py:137} INFO - [2024-01-23T22:24:06.538+0000] {dagbag.py:538} INFO - Filling up the DagBag from /home/airflow/.local/lib/python3.7/site-packages/airflow/example_dags/tutorial_taskflow_api.py
[2024-01-23T22:24:06.560+0000] {processor.py:753} INFO - DAG(s) dict_keys(['tutorial_taskflow_api']) retrieved from /home/airflow/.local/lib/python3.7/site-packages/airflow/example_dags/tutorial_taskflow_api.py
[2024-01-23T22:24:06.602+0000] {logging_mixin.py:137} INFO - [2024-01-23T22:24:06.601+0000] {dag.py:2676} INFO - Sync 1 DAGs
[2024-01-23T22:24:06.628+0000] {logging_mixin.py:137} INFO - [2024-01-23T22:24:06.628+0000] {dag.py:3427} INFO - Setting next_dagrun for tutorial_taskflow_api to None, run_after=None
[2024-01-23T22:24:06.647+0000] {processor.py:175} INFO - Processing /home/airflow/.local/lib/python3.7/site-packages/airflow/example_dags/tutorial_taskflow_api.py took 0.113 seconds
[2024-01-23T22:24:36.914+0000] {processor.py:153} INFO - Started process (PID=4421) to work on /home/airflow/.local/lib/python3.7/site-packages/airflow/example_dags/tutorial_taskflow_api.py
[2024-01-23T22:24:36.915+0000] {processor.py:743} INFO - Processing file /home/airflow/.local/lib/python3.7/site-packages/airflow/example_dags/tutorial_taskflow_api.py for tasks to queue
[2024-01-23T22:24:36.915+0000] {logging_mixin.py:137} INFO - [2024-01-23T22:24:36.915+0000] {dagbag.py:538} INFO - Filling up the DagBag from /home/airflow/.local/lib/python3.7/site-packages/airflow/example_dags/tutorial_taskflow_api.py
[2024-01-23T22:24:36.937+0000] {processor.py:753} INFO - DAG(s) dict_keys(['tutorial_taskflow_api']) retrieved from /home/airflow/.local/lib/python3.7/site-packages/airflow/example_dags/tutorial_taskflow_api.py
[2024-01-23T22:24:36.972+0000] {logging_mixin.py:137} INFO - [2024-01-23T22:24:36.972+0000] {dag.py:2676} INFO - Sync 1 DAGs
[2024-01-23T22:24:37.010+0000] {logging_mixin.py:137} INFO - [2024-01-23T22:24:37.010+0000] {dag.py:3427} INFO - Setting next_dagrun for tutorial_taskflow_api to None, run_after=None
[2024-01-23T22:24:37.044+0000] {processor.py:175} INFO - Processing /home/airflow/.local/lib/python3.7/site-packages/airflow/example_dags/tutorial_taskflow_api.py took 0.132 seconds
[2024-01-23T22:25:07.853+0000] {processor.py:153} INFO - Started process (PID=4512) to work on /home/airflow/.local/lib/python3.7/site-packages/airflow/example_dags/tutorial_taskflow_api.py
[2024-01-23T22:25:07.854+0000] {processor.py:743} INFO - Processing file /home/airflow/.local/lib/python3.7/site-packages/airflow/example_dags/tutorial_taskflow_api.py for tasks to queue
[2024-01-23T22:25:07.855+0000] {logging_mixin.py:137} INFO - [2024-01-23T22:25:07.855+0000] {dagbag.py:538} INFO - Filling up the DagBag from /home/airflow/.local/lib/python3.7/site-packages/airflow/example_dags/tutorial_taskflow_api.py
[2024-01-23T22:25:07.877+0000] {processor.py:753} INFO - DAG(s) dict_keys(['tutorial_taskflow_api']) retrieved from /home/airflow/.local/lib/python3.7/site-packages/airflow/example_dags/tutorial_taskflow_api.py
[2024-01-23T22:25:07.919+0000] {logging_mixin.py:137} INFO - [2024-01-23T22:25:07.919+0000] {dag.py:2676} INFO - Sync 1 DAGs
[2024-01-23T22:25:07.947+0000] {logging_mixin.py:137} INFO - [2024-01-23T22:25:07.947+0000] {dag.py:3427} INFO - Setting next_dagrun for tutorial_taskflow_api to None, run_after=None
[2024-01-23T22:25:07.967+0000] {processor.py:175} INFO - Processing /home/airflow/.local/lib/python3.7/site-packages/airflow/example_dags/tutorial_taskflow_api.py took 0.116 seconds
[2024-01-23T22:25:38.146+0000] {processor.py:153} INFO - Started process (PID=4592) to work on /home/airflow/.local/lib/python3.7/site-packages/airflow/example_dags/tutorial_taskflow_api.py
[2024-01-23T22:25:38.147+0000] {processor.py:743} INFO - Processing file /home/airflow/.local/lib/python3.7/site-packages/airflow/example_dags/tutorial_taskflow_api.py for tasks to queue
[2024-01-23T22:25:38.148+0000] {logging_mixin.py:137} INFO - [2024-01-23T22:25:38.148+0000] {dagbag.py:538} INFO - Filling up the DagBag from /home/airflow/.local/lib/python3.7/site-packages/airflow/example_dags/tutorial_taskflow_api.py
[2024-01-23T22:25:38.173+0000] {processor.py:753} INFO - DAG(s) dict_keys(['tutorial_taskflow_api']) retrieved from /home/airflow/.local/lib/python3.7/site-packages/airflow/example_dags/tutorial_taskflow_api.py
[2024-01-23T22:25:38.208+0000] {logging_mixin.py:137} INFO - [2024-01-23T22:25:38.208+0000] {dag.py:2676} INFO - Sync 1 DAGs
[2024-01-23T22:25:38.234+0000] {logging_mixin.py:137} INFO - [2024-01-23T22:25:38.234+0000] {dag.py:3427} INFO - Setting next_dagrun for tutorial_taskflow_api to None, run_after=None
[2024-01-23T22:25:38.257+0000] {processor.py:175} INFO - Processing /home/airflow/.local/lib/python3.7/site-packages/airflow/example_dags/tutorial_taskflow_api.py took 0.113 seconds
[2024-01-23T22:26:08.373+0000] {processor.py:153} INFO - Started process (PID=4691) to work on /home/airflow/.local/lib/python3.7/site-packages/airflow/example_dags/tutorial_taskflow_api.py
[2024-01-23T22:26:08.374+0000] {processor.py:743} INFO - Processing file /home/airflow/.local/lib/python3.7/site-packages/airflow/example_dags/tutorial_taskflow_api.py for tasks to queue
[2024-01-23T22:26:08.375+0000] {logging_mixin.py:137} INFO - [2024-01-23T22:26:08.375+0000] {dagbag.py:538} INFO - Filling up the DagBag from /home/airflow/.local/lib/python3.7/site-packages/airflow/example_dags/tutorial_taskflow_api.py
[2024-01-23T22:26:08.400+0000] {processor.py:753} INFO - DAG(s) dict_keys(['tutorial_taskflow_api']) retrieved from /home/airflow/.local/lib/python3.7/site-packages/airflow/example_dags/tutorial_taskflow_api.py
[2024-01-23T22:26:08.443+0000] {logging_mixin.py:137} INFO - [2024-01-23T22:26:08.443+0000] {dag.py:2676} INFO - Sync 1 DAGs
[2024-01-23T22:26:08.474+0000] {logging_mixin.py:137} INFO - [2024-01-23T22:26:08.474+0000] {dag.py:3427} INFO - Setting next_dagrun for tutorial_taskflow_api to None, run_after=None
[2024-01-23T22:26:08.499+0000] {processor.py:175} INFO - Processing /home/airflow/.local/lib/python3.7/site-packages/airflow/example_dags/tutorial_taskflow_api.py took 0.129 seconds
[2024-01-23T22:26:38.564+0000] {processor.py:153} INFO - Started process (PID=4771) to work on /home/airflow/.local/lib/python3.7/site-packages/airflow/example_dags/tutorial_taskflow_api.py
[2024-01-23T22:26:38.565+0000] {processor.py:743} INFO - Processing file /home/airflow/.local/lib/python3.7/site-packages/airflow/example_dags/tutorial_taskflow_api.py for tasks to queue
[2024-01-23T22:26:38.566+0000] {logging_mixin.py:137} INFO - [2024-01-23T22:26:38.565+0000] {dagbag.py:538} INFO - Filling up the DagBag from /home/airflow/.local/lib/python3.7/site-packages/airflow/example_dags/tutorial_taskflow_api.py
[2024-01-23T22:26:38.585+0000] {processor.py:753} INFO - DAG(s) dict_keys(['tutorial_taskflow_api']) retrieved from /home/airflow/.local/lib/python3.7/site-packages/airflow/example_dags/tutorial_taskflow_api.py
[2024-01-23T22:26:38.629+0000] {logging_mixin.py:137} INFO - [2024-01-23T22:26:38.628+0000] {dag.py:2676} INFO - Sync 1 DAGs
[2024-01-23T22:26:38.670+0000] {logging_mixin.py:137} INFO - [2024-01-23T22:26:38.670+0000] {dag.py:3427} INFO - Setting next_dagrun for tutorial_taskflow_api to None, run_after=None
[2024-01-23T22:26:38.690+0000] {processor.py:175} INFO - Processing /home/airflow/.local/lib/python3.7/site-packages/airflow/example_dags/tutorial_taskflow_api.py took 0.129 seconds
[2024-01-23T22:27:08.926+0000] {processor.py:153} INFO - Started process (PID=4851) to work on /home/airflow/.local/lib/python3.7/site-packages/airflow/example_dags/tutorial_taskflow_api.py
[2024-01-23T22:27:08.926+0000] {processor.py:743} INFO - Processing file /home/airflow/.local/lib/python3.7/site-packages/airflow/example_dags/tutorial_taskflow_api.py for tasks to queue
[2024-01-23T22:27:08.927+0000] {logging_mixin.py:137} INFO - [2024-01-23T22:27:08.927+0000] {dagbag.py:538} INFO - Filling up the DagBag from /home/airflow/.local/lib/python3.7/site-packages/airflow/example_dags/tutorial_taskflow_api.py
[2024-01-23T22:27:08.950+0000] {processor.py:753} INFO - DAG(s) dict_keys(['tutorial_taskflow_api']) retrieved from /home/airflow/.local/lib/python3.7/site-packages/airflow/example_dags/tutorial_taskflow_api.py
[2024-01-23T22:27:08.988+0000] {logging_mixin.py:137} INFO - [2024-01-23T22:27:08.988+0000] {dag.py:2676} INFO - Sync 1 DAGs
[2024-01-23T22:27:09.013+0000] {logging_mixin.py:137} INFO - [2024-01-23T22:27:09.013+0000] {dag.py:3427} INFO - Setting next_dagrun for tutorial_taskflow_api to None, run_after=None
[2024-01-23T22:27:09.044+0000] {processor.py:175} INFO - Processing /home/airflow/.local/lib/python3.7/site-packages/airflow/example_dags/tutorial_taskflow_api.py took 0.120 seconds
[2024-01-23T22:27:39.175+0000] {processor.py:153} INFO - Started process (PID=4951) to work on /home/airflow/.local/lib/python3.7/site-packages/airflow/example_dags/tutorial_taskflow_api.py
[2024-01-23T22:27:39.176+0000] {processor.py:743} INFO - Processing file /home/airflow/.local/lib/python3.7/site-packages/airflow/example_dags/tutorial_taskflow_api.py for tasks to queue
[2024-01-23T22:27:39.178+0000] {logging_mixin.py:137} INFO - [2024-01-23T22:27:39.178+0000] {dagbag.py:538} INFO - Filling up the DagBag from /home/airflow/.local/lib/python3.7/site-packages/airflow/example_dags/tutorial_taskflow_api.py
[2024-01-23T22:27:39.214+0000] {processor.py:753} INFO - DAG(s) dict_keys(['tutorial_taskflow_api']) retrieved from /home/airflow/.local/lib/python3.7/site-packages/airflow/example_dags/tutorial_taskflow_api.py
[2024-01-23T22:27:39.271+0000] {logging_mixin.py:137} INFO - [2024-01-23T22:27:39.270+0000] {dag.py:2676} INFO - Sync 1 DAGs
[2024-01-23T22:27:39.306+0000] {logging_mixin.py:137} INFO - [2024-01-23T22:27:39.306+0000] {dag.py:3427} INFO - Setting next_dagrun for tutorial_taskflow_api to None, run_after=None
[2024-01-23T22:27:39.333+0000] {processor.py:175} INFO - Processing /home/airflow/.local/lib/python3.7/site-packages/airflow/example_dags/tutorial_taskflow_api.py took 0.164 seconds
[2024-01-23T22:28:09.530+0000] {processor.py:153} INFO - Started process (PID=5031) to work on /home/airflow/.local/lib/python3.7/site-packages/airflow/example_dags/tutorial_taskflow_api.py
[2024-01-23T22:28:09.530+0000] {processor.py:743} INFO - Processing file /home/airflow/.local/lib/python3.7/site-packages/airflow/example_dags/tutorial_taskflow_api.py for tasks to queue
[2024-01-23T22:28:09.531+0000] {logging_mixin.py:137} INFO - [2024-01-23T22:28:09.531+0000] {dagbag.py:538} INFO - Filling up the DagBag from /home/airflow/.local/lib/python3.7/site-packages/airflow/example_dags/tutorial_taskflow_api.py
[2024-01-23T22:28:09.550+0000] {processor.py:753} INFO - DAG(s) dict_keys(['tutorial_taskflow_api']) retrieved from /home/airflow/.local/lib/python3.7/site-packages/airflow/example_dags/tutorial_taskflow_api.py
[2024-01-23T22:28:09.589+0000] {logging_mixin.py:137} INFO - [2024-01-23T22:28:09.589+0000] {dag.py:2676} INFO - Sync 1 DAGs
[2024-01-23T22:28:09.621+0000] {logging_mixin.py:137} INFO - [2024-01-23T22:28:09.621+0000] {dag.py:3427} INFO - Setting next_dagrun for tutorial_taskflow_api to None, run_after=None
[2024-01-23T22:28:09.640+0000] {processor.py:175} INFO - Processing /home/airflow/.local/lib/python3.7/site-packages/airflow/example_dags/tutorial_taskflow_api.py took 0.113 seconds
[2024-01-23T22:28:40.124+0000] {processor.py:153} INFO - Started process (PID=5118) to work on /home/airflow/.local/lib/python3.7/site-packages/airflow/example_dags/tutorial_taskflow_api.py
[2024-01-23T22:28:40.125+0000] {processor.py:743} INFO - Processing file /home/airflow/.local/lib/python3.7/site-packages/airflow/example_dags/tutorial_taskflow_api.py for tasks to queue
[2024-01-23T22:28:40.126+0000] {logging_mixin.py:137} INFO - [2024-01-23T22:28:40.125+0000] {dagbag.py:538} INFO - Filling up the DagBag from /home/airflow/.local/lib/python3.7/site-packages/airflow/example_dags/tutorial_taskflow_api.py
[2024-01-23T22:28:40.152+0000] {processor.py:753} INFO - DAG(s) dict_keys(['tutorial_taskflow_api']) retrieved from /home/airflow/.local/lib/python3.7/site-packages/airflow/example_dags/tutorial_taskflow_api.py
[2024-01-23T22:28:40.193+0000] {logging_mixin.py:137} INFO - [2024-01-23T22:28:40.192+0000] {dag.py:2676} INFO - Sync 1 DAGs
[2024-01-23T22:28:40.229+0000] {logging_mixin.py:137} INFO - [2024-01-23T22:28:40.229+0000] {dag.py:3427} INFO - Setting next_dagrun for tutorial_taskflow_api to None, run_after=None
[2024-01-23T22:28:40.261+0000] {processor.py:175} INFO - Processing /home/airflow/.local/lib/python3.7/site-packages/airflow/example_dags/tutorial_taskflow_api.py took 0.140 seconds
[2024-01-23T22:29:10.439+0000] {processor.py:153} INFO - Started process (PID=5211) to work on /home/airflow/.local/lib/python3.7/site-packages/airflow/example_dags/tutorial_taskflow_api.py
[2024-01-23T22:29:10.439+0000] {processor.py:743} INFO - Processing file /home/airflow/.local/lib/python3.7/site-packages/airflow/example_dags/tutorial_taskflow_api.py for tasks to queue
[2024-01-23T22:29:10.440+0000] {logging_mixin.py:137} INFO - [2024-01-23T22:29:10.440+0000] {dagbag.py:538} INFO - Filling up the DagBag from /home/airflow/.local/lib/python3.7/site-packages/airflow/example_dags/tutorial_taskflow_api.py
[2024-01-23T22:29:10.464+0000] {processor.py:753} INFO - DAG(s) dict_keys(['tutorial_taskflow_api']) retrieved from /home/airflow/.local/lib/python3.7/site-packages/airflow/example_dags/tutorial_taskflow_api.py
[2024-01-23T22:29:10.505+0000] {logging_mixin.py:137} INFO - [2024-01-23T22:29:10.505+0000] {dag.py:2676} INFO - Sync 1 DAGs
[2024-01-23T22:29:10.537+0000] {logging_mixin.py:137} INFO - [2024-01-23T22:29:10.536+0000] {dag.py:3427} INFO - Setting next_dagrun for tutorial_taskflow_api to None, run_after=None
[2024-01-23T22:29:10.559+0000] {processor.py:175} INFO - Processing /home/airflow/.local/lib/python3.7/site-packages/airflow/example_dags/tutorial_taskflow_api.py took 0.123 seconds
[2024-01-23T22:29:40.752+0000] {processor.py:153} INFO - Started process (PID=5291) to work on /home/airflow/.local/lib/python3.7/site-packages/airflow/example_dags/tutorial_taskflow_api.py
[2024-01-23T22:29:40.752+0000] {processor.py:743} INFO - Processing file /home/airflow/.local/lib/python3.7/site-packages/airflow/example_dags/tutorial_taskflow_api.py for tasks to queue
[2024-01-23T22:29:40.753+0000] {logging_mixin.py:137} INFO - [2024-01-23T22:29:40.753+0000] {dagbag.py:538} INFO - Filling up the DagBag from /home/airflow/.local/lib/python3.7/site-packages/airflow/example_dags/tutorial_taskflow_api.py
[2024-01-23T22:29:40.777+0000] {processor.py:753} INFO - DAG(s) dict_keys(['tutorial_taskflow_api']) retrieved from /home/airflow/.local/lib/python3.7/site-packages/airflow/example_dags/tutorial_taskflow_api.py
[2024-01-23T22:29:40.828+0000] {logging_mixin.py:137} INFO - [2024-01-23T22:29:40.828+0000] {dag.py:2676} INFO - Sync 1 DAGs
[2024-01-23T22:29:40.860+0000] {logging_mixin.py:137} INFO - [2024-01-23T22:29:40.860+0000] {dag.py:3427} INFO - Setting next_dagrun for tutorial_taskflow_api to None, run_after=None
[2024-01-23T22:29:40.880+0000] {processor.py:175} INFO - Processing /home/airflow/.local/lib/python3.7/site-packages/airflow/example_dags/tutorial_taskflow_api.py took 0.131 seconds
[2024-01-23T22:30:11.578+0000] {processor.py:153} INFO - Started process (PID=5389) to work on /home/airflow/.local/lib/python3.7/site-packages/airflow/example_dags/tutorial_taskflow_api.py
[2024-01-23T22:30:11.579+0000] {processor.py:743} INFO - Processing file /home/airflow/.local/lib/python3.7/site-packages/airflow/example_dags/tutorial_taskflow_api.py for tasks to queue
[2024-01-23T22:30:11.580+0000] {logging_mixin.py:137} INFO - [2024-01-23T22:30:11.580+0000] {dagbag.py:538} INFO - Filling up the DagBag from /home/airflow/.local/lib/python3.7/site-packages/airflow/example_dags/tutorial_taskflow_api.py
[2024-01-23T22:30:11.606+0000] {processor.py:753} INFO - DAG(s) dict_keys(['tutorial_taskflow_api']) retrieved from /home/airflow/.local/lib/python3.7/site-packages/airflow/example_dags/tutorial_taskflow_api.py
[2024-01-23T22:30:11.648+0000] {logging_mixin.py:137} INFO - [2024-01-23T22:30:11.648+0000] {dag.py:2676} INFO - Sync 1 DAGs
[2024-01-23T22:30:11.677+0000] {logging_mixin.py:137} INFO - [2024-01-23T22:30:11.677+0000] {dag.py:3427} INFO - Setting next_dagrun for tutorial_taskflow_api to None, run_after=None
[2024-01-23T22:30:11.764+0000] {processor.py:175} INFO - Processing /home/airflow/.local/lib/python3.7/site-packages/airflow/example_dags/tutorial_taskflow_api.py took 0.189 seconds
[2024-01-23T22:30:41.802+0000] {processor.py:153} INFO - Started process (PID=5469) to work on /home/airflow/.local/lib/python3.7/site-packages/airflow/example_dags/tutorial_taskflow_api.py
[2024-01-23T22:30:41.803+0000] {processor.py:743} INFO - Processing file /home/airflow/.local/lib/python3.7/site-packages/airflow/example_dags/tutorial_taskflow_api.py for tasks to queue
[2024-01-23T22:30:41.803+0000] {logging_mixin.py:137} INFO - [2024-01-23T22:30:41.803+0000] {dagbag.py:538} INFO - Filling up the DagBag from /home/airflow/.local/lib/python3.7/site-packages/airflow/example_dags/tutorial_taskflow_api.py
[2024-01-23T22:30:41.825+0000] {processor.py:753} INFO - DAG(s) dict_keys(['tutorial_taskflow_api']) retrieved from /home/airflow/.local/lib/python3.7/site-packages/airflow/example_dags/tutorial_taskflow_api.py
[2024-01-23T22:30:41.857+0000] {logging_mixin.py:137} INFO - [2024-01-23T22:30:41.857+0000] {dag.py:2676} INFO - Sync 1 DAGs
[2024-01-23T22:30:41.883+0000] {logging_mixin.py:137} INFO - [2024-01-23T22:30:41.883+0000] {dag.py:3427} INFO - Setting next_dagrun for tutorial_taskflow_api to None, run_after=None
[2024-01-23T22:30:41.902+0000] {processor.py:175} INFO - Processing /home/airflow/.local/lib/python3.7/site-packages/airflow/example_dags/tutorial_taskflow_api.py took 0.103 seconds
[2024-01-23T22:31:12.008+0000] {processor.py:153} INFO - Started process (PID=5549) to work on /home/airflow/.local/lib/python3.7/site-packages/airflow/example_dags/tutorial_taskflow_api.py
[2024-01-23T22:31:12.008+0000] {processor.py:743} INFO - Processing file /home/airflow/.local/lib/python3.7/site-packages/airflow/example_dags/tutorial_taskflow_api.py for tasks to queue
[2024-01-23T22:31:12.009+0000] {logging_mixin.py:137} INFO - [2024-01-23T22:31:12.009+0000] {dagbag.py:538} INFO - Filling up the DagBag from /home/airflow/.local/lib/python3.7/site-packages/airflow/example_dags/tutorial_taskflow_api.py
[2024-01-23T22:31:12.034+0000] {processor.py:753} INFO - DAG(s) dict_keys(['tutorial_taskflow_api']) retrieved from /home/airflow/.local/lib/python3.7/site-packages/airflow/example_dags/tutorial_taskflow_api.py
[2024-01-23T22:31:12.080+0000] {logging_mixin.py:137} INFO - [2024-01-23T22:31:12.080+0000] {dag.py:2676} INFO - Sync 1 DAGs
[2024-01-23T22:31:12.119+0000] {logging_mixin.py:137} INFO - [2024-01-23T22:31:12.119+0000] {dag.py:3427} INFO - Setting next_dagrun for tutorial_taskflow_api to None, run_after=None
[2024-01-23T22:31:12.145+0000] {processor.py:175} INFO - Processing /home/airflow/.local/lib/python3.7/site-packages/airflow/example_dags/tutorial_taskflow_api.py took 0.140 seconds
[2024-01-23T22:31:42.408+0000] {processor.py:153} INFO - Started process (PID=5650) to work on /home/airflow/.local/lib/python3.7/site-packages/airflow/example_dags/tutorial_taskflow_api.py
[2024-01-23T22:31:42.409+0000] {processor.py:743} INFO - Processing file /home/airflow/.local/lib/python3.7/site-packages/airflow/example_dags/tutorial_taskflow_api.py for tasks to queue
[2024-01-23T22:31:42.410+0000] {logging_mixin.py:137} INFO - [2024-01-23T22:31:42.410+0000] {dagbag.py:538} INFO - Filling up the DagBag from /home/airflow/.local/lib/python3.7/site-packages/airflow/example_dags/tutorial_taskflow_api.py
[2024-01-23T22:31:42.435+0000] {processor.py:753} INFO - DAG(s) dict_keys(['tutorial_taskflow_api']) retrieved from /home/airflow/.local/lib/python3.7/site-packages/airflow/example_dags/tutorial_taskflow_api.py
[2024-01-23T22:31:42.474+0000] {logging_mixin.py:137} INFO - [2024-01-23T22:31:42.474+0000] {dag.py:2676} INFO - Sync 1 DAGs
[2024-01-23T22:31:42.501+0000] {logging_mixin.py:137} INFO - [2024-01-23T22:31:42.501+0000] {dag.py:3427} INFO - Setting next_dagrun for tutorial_taskflow_api to None, run_after=None
[2024-01-23T22:31:42.526+0000] {processor.py:175} INFO - Processing /home/airflow/.local/lib/python3.7/site-packages/airflow/example_dags/tutorial_taskflow_api.py took 0.120 seconds
