[2023-12-27T03:20:13.529+0000] {processor.py:153} INFO - Started process (PID=98474) to work on /home/airflow/.local/lib/python3.7/site-packages/airflow/example_dags/example_bash_operator.py
[2023-12-27T03:20:13.530+0000] {processor.py:743} INFO - Processing file /home/airflow/.local/lib/python3.7/site-packages/airflow/example_dags/example_bash_operator.py for tasks to queue
[2023-12-27T03:20:13.531+0000] {logging_mixin.py:137} INFO - [2023-12-27T03:20:13.530+0000] {dagbag.py:538} INFO - Filling up the DagBag from /home/airflow/.local/lib/python3.7/site-packages/airflow/example_dags/example_bash_operator.py
[2023-12-27T03:20:13.546+0000] {processor.py:753} INFO - DAG(s) dict_keys(['example_bash_operator']) retrieved from /home/airflow/.local/lib/python3.7/site-packages/airflow/example_dags/example_bash_operator.py
[2023-12-27T03:20:13.581+0000] {logging_mixin.py:137} INFO - [2023-12-27T03:20:13.581+0000] {dag.py:2676} INFO - Sync 1 DAGs
[2023-12-27T03:20:13.603+0000] {logging_mixin.py:137} INFO - [2023-12-27T03:20:13.603+0000] {dag.py:3427} INFO - Setting next_dagrun for example_bash_operator to 2023-12-26T00:00:00+00:00, run_after=2023-12-27T00:00:00+00:00
[2023-12-27T03:20:13.618+0000] {processor.py:175} INFO - Processing /home/airflow/.local/lib/python3.7/site-packages/airflow/example_dags/example_bash_operator.py took 0.092 seconds
[2023-12-27T08:23:47.598+0000] {processor.py:153} INFO - Started process (PID=98568) to work on /home/airflow/.local/lib/python3.7/site-packages/airflow/example_dags/example_bash_operator.py
[2023-12-27T08:23:47.599+0000] {processor.py:743} INFO - Processing file /home/airflow/.local/lib/python3.7/site-packages/airflow/example_dags/example_bash_operator.py for tasks to queue
[2023-12-27T08:23:47.600+0000] {logging_mixin.py:137} INFO - [2023-12-27T08:23:47.600+0000] {dagbag.py:538} INFO - Filling up the DagBag from /home/airflow/.local/lib/python3.7/site-packages/airflow/example_dags/example_bash_operator.py
[2023-12-27T08:23:47.626+0000] {processor.py:753} INFO - DAG(s) dict_keys(['example_bash_operator']) retrieved from /home/airflow/.local/lib/python3.7/site-packages/airflow/example_dags/example_bash_operator.py
[2023-12-27T08:23:47.669+0000] {logging_mixin.py:137} INFO - [2023-12-27T08:23:47.669+0000] {dag.py:2676} INFO - Sync 1 DAGs
[2023-12-27T08:23:47.685+0000] {logging_mixin.py:137} INFO - [2023-12-27T08:23:47.685+0000] {dag.py:3427} INFO - Setting next_dagrun for example_bash_operator to 2023-12-26T00:00:00+00:00, run_after=2023-12-27T00:00:00+00:00
[2023-12-27T08:23:47.697+0000] {processor.py:175} INFO - Processing /home/airflow/.local/lib/python3.7/site-packages/airflow/example_dags/example_bash_operator.py took 0.103 seconds
[2023-12-27T14:42:04.866+0000] {processor.py:153} INFO - Started process (PID=98644) to work on /home/airflow/.local/lib/python3.7/site-packages/airflow/example_dags/example_bash_operator.py
[2023-12-27T14:42:04.868+0000] {processor.py:743} INFO - Processing file /home/airflow/.local/lib/python3.7/site-packages/airflow/example_dags/example_bash_operator.py for tasks to queue
[2023-12-27T14:42:04.868+0000] {logging_mixin.py:137} INFO - [2023-12-27T14:42:04.868+0000] {dagbag.py:538} INFO - Filling up the DagBag from /home/airflow/.local/lib/python3.7/site-packages/airflow/example_dags/example_bash_operator.py
[2023-12-27T14:42:04.885+0000] {processor.py:753} INFO - DAG(s) dict_keys(['example_bash_operator']) retrieved from /home/airflow/.local/lib/python3.7/site-packages/airflow/example_dags/example_bash_operator.py
[2023-12-27T14:42:04.917+0000] {logging_mixin.py:137} INFO - [2023-12-27T14:42:04.917+0000] {dag.py:2676} INFO - Sync 1 DAGs
[2023-12-27T14:42:04.936+0000] {logging_mixin.py:137} INFO - [2023-12-27T14:42:04.936+0000] {dag.py:3427} INFO - Setting next_dagrun for example_bash_operator to 2023-12-26T00:00:00+00:00, run_after=2023-12-27T00:00:00+00:00
[2023-12-27T14:42:04.949+0000] {processor.py:175} INFO - Processing /home/airflow/.local/lib/python3.7/site-packages/airflow/example_dags/example_bash_operator.py took 0.085 seconds
[2023-12-27T19:37:16.183+0000] {processor.py:153} INFO - Started process (PID=98738) to work on /home/airflow/.local/lib/python3.7/site-packages/airflow/example_dags/example_bash_operator.py
[2023-12-27T19:37:16.184+0000] {processor.py:743} INFO - Processing file /home/airflow/.local/lib/python3.7/site-packages/airflow/example_dags/example_bash_operator.py for tasks to queue
[2023-12-27T19:37:16.185+0000] {logging_mixin.py:137} INFO - [2023-12-27T19:37:16.185+0000] {dagbag.py:538} INFO - Filling up the DagBag from /home/airflow/.local/lib/python3.7/site-packages/airflow/example_dags/example_bash_operator.py
[2023-12-27T19:37:16.204+0000] {processor.py:753} INFO - DAG(s) dict_keys(['example_bash_operator']) retrieved from /home/airflow/.local/lib/python3.7/site-packages/airflow/example_dags/example_bash_operator.py
[2023-12-27T19:37:16.244+0000] {logging_mixin.py:137} INFO - [2023-12-27T19:37:16.244+0000] {dag.py:2676} INFO - Sync 1 DAGs
[2023-12-27T19:37:16.261+0000] {logging_mixin.py:137} INFO - [2023-12-27T19:37:16.261+0000] {dag.py:3427} INFO - Setting next_dagrun for example_bash_operator to 2023-12-26T00:00:00+00:00, run_after=2023-12-27T00:00:00+00:00
[2023-12-27T19:37:16.271+0000] {processor.py:175} INFO - Processing /home/airflow/.local/lib/python3.7/site-packages/airflow/example_dags/example_bash_operator.py took 0.092 seconds
