[2023-12-27T03:20:12.977+0000] {processor.py:153} INFO - Started process (PID=98463) to work on /home/airflow/.local/lib/python3.7/site-packages/airflow/example_dags/example_subdag_operator.py
[2023-12-27T03:20:12.978+0000] {processor.py:743} INFO - Processing file /home/airflow/.local/lib/python3.7/site-packages/airflow/example_dags/example_subdag_operator.py for tasks to queue
[2023-12-27T03:20:12.979+0000] {logging_mixin.py:137} INFO - [2023-12-27T03:20:12.978+0000] {dagbag.py:538} INFO - Filling up the DagBag from /home/airflow/.local/lib/python3.7/site-packages/airflow/example_dags/example_subdag_operator.py
[2023-12-27T03:20:13.001+0000] {processor.py:753} INFO - DAG(s) dict_keys(['example_subdag_operator.section-1', 'example_subdag_operator.section-2', 'example_subdag_operator']) retrieved from /home/airflow/.local/lib/python3.7/site-packages/airflow/example_dags/example_subdag_operator.py
[2023-12-27T03:20:13.027+0000] {logging_mixin.py:137} INFO - [2023-12-27T03:20:13.027+0000] {dag.py:2676} INFO - Sync 3 DAGs
[2023-12-27T03:20:13.047+0000] {logging_mixin.py:137} INFO - [2023-12-27T03:20:13.047+0000] {dag.py:3427} INFO - Setting next_dagrun for example_subdag_operator to 2022-01-01T00:00:00+00:00, run_after=2022-01-01T00:00:00+00:00
[2023-12-27T03:20:13.050+0000] {logging_mixin.py:137} INFO - [2023-12-27T03:20:13.050+0000] {dag.py:3427} INFO - Setting next_dagrun for example_subdag_operator.section-1 to None, run_after=None
[2023-12-27T03:20:13.051+0000] {logging_mixin.py:137} INFO - [2023-12-27T03:20:13.051+0000] {dag.py:3427} INFO - Setting next_dagrun for example_subdag_operator.section-2 to None, run_after=None
[2023-12-27T03:20:13.059+0000] {logging_mixin.py:137} INFO - [2023-12-27T03:20:13.058+0000] {dag.py:2676} INFO - Sync 2 DAGs
[2023-12-27T03:20:13.063+0000] {logging_mixin.py:137} INFO - [2023-12-27T03:20:13.063+0000] {dag.py:3427} INFO - Setting next_dagrun for example_subdag_operator.section-1 to None, run_after=None
[2023-12-27T03:20:13.063+0000] {logging_mixin.py:137} INFO - [2023-12-27T03:20:13.063+0000] {dag.py:3427} INFO - Setting next_dagrun for example_subdag_operator.section-2 to None, run_after=None
[2023-12-27T03:20:13.072+0000] {processor.py:175} INFO - Processing /home/airflow/.local/lib/python3.7/site-packages/airflow/example_dags/example_subdag_operator.py took 0.097 seconds
[2023-12-27T08:23:46.749+0000] {processor.py:153} INFO - Started process (PID=98557) to work on /home/airflow/.local/lib/python3.7/site-packages/airflow/example_dags/example_subdag_operator.py
[2023-12-27T08:23:46.751+0000] {processor.py:743} INFO - Processing file /home/airflow/.local/lib/python3.7/site-packages/airflow/example_dags/example_subdag_operator.py for tasks to queue
[2023-12-27T08:23:46.752+0000] {logging_mixin.py:137} INFO - [2023-12-27T08:23:46.752+0000] {dagbag.py:538} INFO - Filling up the DagBag from /home/airflow/.local/lib/python3.7/site-packages/airflow/example_dags/example_subdag_operator.py
[2023-12-27T08:23:46.797+0000] {processor.py:753} INFO - DAG(s) dict_keys(['example_subdag_operator.section-1', 'example_subdag_operator.section-2', 'example_subdag_operator']) retrieved from /home/airflow/.local/lib/python3.7/site-packages/airflow/example_dags/example_subdag_operator.py
[2023-12-27T08:23:46.835+0000] {logging_mixin.py:137} INFO - [2023-12-27T08:23:46.835+0000] {dag.py:2676} INFO - Sync 3 DAGs
[2023-12-27T08:23:46.863+0000] {logging_mixin.py:137} INFO - [2023-12-27T08:23:46.863+0000] {dag.py:3427} INFO - Setting next_dagrun for example_subdag_operator to 2022-01-01T00:00:00+00:00, run_after=2022-01-01T00:00:00+00:00
[2023-12-27T08:23:46.867+0000] {logging_mixin.py:137} INFO - [2023-12-27T08:23:46.867+0000] {dag.py:3427} INFO - Setting next_dagrun for example_subdag_operator.section-1 to None, run_after=None
[2023-12-27T08:23:46.869+0000] {logging_mixin.py:137} INFO - [2023-12-27T08:23:46.869+0000] {dag.py:3427} INFO - Setting next_dagrun for example_subdag_operator.section-2 to None, run_after=None
[2023-12-27T08:23:46.874+0000] {logging_mixin.py:137} INFO - [2023-12-27T08:23:46.874+0000] {dag.py:2676} INFO - Sync 2 DAGs
[2023-12-27T08:23:46.877+0000] {logging_mixin.py:137} INFO - [2023-12-27T08:23:46.877+0000] {dag.py:3427} INFO - Setting next_dagrun for example_subdag_operator.section-1 to None, run_after=None
[2023-12-27T08:23:46.878+0000] {logging_mixin.py:137} INFO - [2023-12-27T08:23:46.878+0000] {dag.py:3427} INFO - Setting next_dagrun for example_subdag_operator.section-2 to None, run_after=None
[2023-12-27T08:23:46.887+0000] {processor.py:175} INFO - Processing /home/airflow/.local/lib/python3.7/site-packages/airflow/example_dags/example_subdag_operator.py took 0.143 seconds
[2023-12-27T14:42:03.855+0000] {processor.py:153} INFO - Started process (PID=98633) to work on /home/airflow/.local/lib/python3.7/site-packages/airflow/example_dags/example_subdag_operator.py
[2023-12-27T14:42:03.856+0000] {processor.py:743} INFO - Processing file /home/airflow/.local/lib/python3.7/site-packages/airflow/example_dags/example_subdag_operator.py for tasks to queue
[2023-12-27T14:42:03.857+0000] {logging_mixin.py:137} INFO - [2023-12-27T14:42:03.857+0000] {dagbag.py:538} INFO - Filling up the DagBag from /home/airflow/.local/lib/python3.7/site-packages/airflow/example_dags/example_subdag_operator.py
[2023-12-27T14:42:03.882+0000] {processor.py:753} INFO - DAG(s) dict_keys(['example_subdag_operator.section-1', 'example_subdag_operator.section-2', 'example_subdag_operator']) retrieved from /home/airflow/.local/lib/python3.7/site-packages/airflow/example_dags/example_subdag_operator.py
[2023-12-27T14:42:03.901+0000] {logging_mixin.py:137} INFO - [2023-12-27T14:42:03.901+0000] {dag.py:2676} INFO - Sync 3 DAGs
[2023-12-27T14:42:03.916+0000] {logging_mixin.py:137} INFO - [2023-12-27T14:42:03.916+0000] {dag.py:3427} INFO - Setting next_dagrun for example_subdag_operator to 2022-01-01T00:00:00+00:00, run_after=2022-01-01T00:00:00+00:00
[2023-12-27T14:42:03.918+0000] {logging_mixin.py:137} INFO - [2023-12-27T14:42:03.918+0000] {dag.py:3427} INFO - Setting next_dagrun for example_subdag_operator.section-1 to None, run_after=None
[2023-12-27T14:42:03.919+0000] {logging_mixin.py:137} INFO - [2023-12-27T14:42:03.919+0000] {dag.py:3427} INFO - Setting next_dagrun for example_subdag_operator.section-2 to None, run_after=None
[2023-12-27T14:42:03.924+0000] {logging_mixin.py:137} INFO - [2023-12-27T14:42:03.924+0000] {dag.py:2676} INFO - Sync 2 DAGs
[2023-12-27T14:42:03.929+0000] {logging_mixin.py:137} INFO - [2023-12-27T14:42:03.929+0000] {dag.py:3427} INFO - Setting next_dagrun for example_subdag_operator.section-1 to None, run_after=None
[2023-12-27T14:42:03.930+0000] {logging_mixin.py:137} INFO - [2023-12-27T14:42:03.930+0000] {dag.py:3427} INFO - Setting next_dagrun for example_subdag_operator.section-2 to None, run_after=None
[2023-12-27T14:42:03.940+0000] {processor.py:175} INFO - Processing /home/airflow/.local/lib/python3.7/site-packages/airflow/example_dags/example_subdag_operator.py took 0.088 seconds
[2023-12-27T19:37:15.500+0000] {processor.py:153} INFO - Started process (PID=98727) to work on /home/airflow/.local/lib/python3.7/site-packages/airflow/example_dags/example_subdag_operator.py
[2023-12-27T19:37:15.501+0000] {processor.py:743} INFO - Processing file /home/airflow/.local/lib/python3.7/site-packages/airflow/example_dags/example_subdag_operator.py for tasks to queue
[2023-12-27T19:37:15.502+0000] {logging_mixin.py:137} INFO - [2023-12-27T19:37:15.502+0000] {dagbag.py:538} INFO - Filling up the DagBag from /home/airflow/.local/lib/python3.7/site-packages/airflow/example_dags/example_subdag_operator.py
[2023-12-27T19:37:15.543+0000] {processor.py:753} INFO - DAG(s) dict_keys(['example_subdag_operator.section-1', 'example_subdag_operator.section-2', 'example_subdag_operator']) retrieved from /home/airflow/.local/lib/python3.7/site-packages/airflow/example_dags/example_subdag_operator.py
[2023-12-27T19:37:15.574+0000] {logging_mixin.py:137} INFO - [2023-12-27T19:37:15.574+0000] {dag.py:2676} INFO - Sync 3 DAGs
[2023-12-27T19:37:15.600+0000] {logging_mixin.py:137} INFO - [2023-12-27T19:37:15.600+0000] {dag.py:3427} INFO - Setting next_dagrun for example_subdag_operator to 2022-01-01T00:00:00+00:00, run_after=2022-01-01T00:00:00+00:00
[2023-12-27T19:37:15.604+0000] {logging_mixin.py:137} INFO - [2023-12-27T19:37:15.604+0000] {dag.py:3427} INFO - Setting next_dagrun for example_subdag_operator.section-1 to None, run_after=None
[2023-12-27T19:37:15.606+0000] {logging_mixin.py:137} INFO - [2023-12-27T19:37:15.606+0000] {dag.py:3427} INFO - Setting next_dagrun for example_subdag_operator.section-2 to None, run_after=None
[2023-12-27T19:37:15.613+0000] {logging_mixin.py:137} INFO - [2023-12-27T19:37:15.612+0000] {dag.py:2676} INFO - Sync 2 DAGs
[2023-12-27T19:37:15.618+0000] {logging_mixin.py:137} INFO - [2023-12-27T19:37:15.618+0000] {dag.py:3427} INFO - Setting next_dagrun for example_subdag_operator.section-1 to None, run_after=None
[2023-12-27T19:37:15.619+0000] {logging_mixin.py:137} INFO - [2023-12-27T19:37:15.619+0000] {dag.py:3427} INFO - Setting next_dagrun for example_subdag_operator.section-2 to None, run_after=None
[2023-12-27T19:37:15.630+0000] {processor.py:175} INFO - Processing /home/airflow/.local/lib/python3.7/site-packages/airflow/example_dags/example_subdag_operator.py took 0.135 seconds
