[2023-12-27T03:20:13.211+0000] {processor.py:153} INFO - Started process (PID=98468) to work on /home/airflow/.local/lib/python3.7/site-packages/airflow/example_dags/example_short_circuit_operator.py
[2023-12-27T03:20:13.212+0000] {processor.py:743} INFO - Processing file /home/airflow/.local/lib/python3.7/site-packages/airflow/example_dags/example_short_circuit_operator.py for tasks to queue
[2023-12-27T03:20:13.213+0000] {logging_mixin.py:137} INFO - [2023-12-27T03:20:13.213+0000] {dagbag.py:538} INFO - Filling up the DagBag from /home/airflow/.local/lib/python3.7/site-packages/airflow/example_dags/example_short_circuit_operator.py
[2023-12-27T03:20:13.224+0000] {processor.py:753} INFO - DAG(s) dict_keys(['example_short_circuit_operator']) retrieved from /home/airflow/.local/lib/python3.7/site-packages/airflow/example_dags/example_short_circuit_operator.py
[2023-12-27T03:20:13.261+0000] {logging_mixin.py:137} INFO - [2023-12-27T03:20:13.261+0000] {dag.py:2676} INFO - Sync 1 DAGs
[2023-12-27T03:20:13.280+0000] {logging_mixin.py:137} INFO - [2023-12-27T03:20:13.279+0000] {dag.py:3427} INFO - Setting next_dagrun for example_short_circuit_operator to 2023-12-26T03:20:13.279767+00:00, run_after=2023-12-27T03:20:13.279767+00:00
[2023-12-27T03:20:13.291+0000] {processor.py:175} INFO - Processing /home/airflow/.local/lib/python3.7/site-packages/airflow/example_dags/example_short_circuit_operator.py took 0.083 seconds
[2023-12-27T08:23:47.114+0000] {processor.py:153} INFO - Started process (PID=98562) to work on /home/airflow/.local/lib/python3.7/site-packages/airflow/example_dags/example_short_circuit_operator.py
[2023-12-27T08:23:47.115+0000] {processor.py:743} INFO - Processing file /home/airflow/.local/lib/python3.7/site-packages/airflow/example_dags/example_short_circuit_operator.py for tasks to queue
[2023-12-27T08:23:47.116+0000] {logging_mixin.py:137} INFO - [2023-12-27T08:23:47.116+0000] {dagbag.py:538} INFO - Filling up the DagBag from /home/airflow/.local/lib/python3.7/site-packages/airflow/example_dags/example_short_circuit_operator.py
[2023-12-27T08:23:47.134+0000] {processor.py:753} INFO - DAG(s) dict_keys(['example_short_circuit_operator']) retrieved from /home/airflow/.local/lib/python3.7/site-packages/airflow/example_dags/example_short_circuit_operator.py
[2023-12-27T08:23:47.181+0000] {logging_mixin.py:137} INFO - [2023-12-27T08:23:47.180+0000] {dag.py:2676} INFO - Sync 1 DAGs
[2023-12-27T08:23:47.207+0000] {logging_mixin.py:137} INFO - [2023-12-27T08:23:47.206+0000] {dag.py:3427} INFO - Setting next_dagrun for example_short_circuit_operator to 2023-12-26T08:23:47.206514+00:00, run_after=2023-12-27T08:23:47.206514+00:00
[2023-12-27T08:23:47.227+0000] {processor.py:175} INFO - Processing /home/airflow/.local/lib/python3.7/site-packages/airflow/example_dags/example_short_circuit_operator.py took 0.118 seconds
[2023-12-27T14:42:04.406+0000] {processor.py:153} INFO - Started process (PID=98638) to work on /home/airflow/.local/lib/python3.7/site-packages/airflow/example_dags/example_short_circuit_operator.py
[2023-12-27T14:42:04.407+0000] {processor.py:743} INFO - Processing file /home/airflow/.local/lib/python3.7/site-packages/airflow/example_dags/example_short_circuit_operator.py for tasks to queue
[2023-12-27T14:42:04.409+0000] {logging_mixin.py:137} INFO - [2023-12-27T14:42:04.409+0000] {dagbag.py:538} INFO - Filling up the DagBag from /home/airflow/.local/lib/python3.7/site-packages/airflow/example_dags/example_short_circuit_operator.py
[2023-12-27T14:42:04.425+0000] {processor.py:753} INFO - DAG(s) dict_keys(['example_short_circuit_operator']) retrieved from /home/airflow/.local/lib/python3.7/site-packages/airflow/example_dags/example_short_circuit_operator.py
[2023-12-27T14:42:04.456+0000] {logging_mixin.py:137} INFO - [2023-12-27T14:42:04.456+0000] {dag.py:2676} INFO - Sync 1 DAGs
[2023-12-27T14:42:04.477+0000] {logging_mixin.py:137} INFO - [2023-12-27T14:42:04.477+0000] {dag.py:3427} INFO - Setting next_dagrun for example_short_circuit_operator to 2023-12-26T14:42:04.476824+00:00, run_after=2023-12-27T14:42:04.476824+00:00
[2023-12-27T14:42:04.493+0000] {processor.py:175} INFO - Processing /home/airflow/.local/lib/python3.7/site-packages/airflow/example_dags/example_short_circuit_operator.py took 0.091 seconds
[2023-12-27T19:37:15.810+0000] {processor.py:153} INFO - Started process (PID=98732) to work on /home/airflow/.local/lib/python3.7/site-packages/airflow/example_dags/example_short_circuit_operator.py
[2023-12-27T19:37:15.811+0000] {processor.py:743} INFO - Processing file /home/airflow/.local/lib/python3.7/site-packages/airflow/example_dags/example_short_circuit_operator.py for tasks to queue
[2023-12-27T19:37:15.812+0000] {logging_mixin.py:137} INFO - [2023-12-27T19:37:15.812+0000] {dagbag.py:538} INFO - Filling up the DagBag from /home/airflow/.local/lib/python3.7/site-packages/airflow/example_dags/example_short_circuit_operator.py
[2023-12-27T19:37:15.825+0000] {processor.py:753} INFO - DAG(s) dict_keys(['example_short_circuit_operator']) retrieved from /home/airflow/.local/lib/python3.7/site-packages/airflow/example_dags/example_short_circuit_operator.py
[2023-12-27T19:37:15.861+0000] {logging_mixin.py:137} INFO - [2023-12-27T19:37:15.861+0000] {dag.py:2676} INFO - Sync 1 DAGs
[2023-12-27T19:37:15.892+0000] {logging_mixin.py:137} INFO - [2023-12-27T19:37:15.891+0000] {dag.py:3427} INFO - Setting next_dagrun for example_short_circuit_operator to 2023-12-26T19:37:15.891710+00:00, run_after=2023-12-27T19:37:15.891710+00:00
[2023-12-27T19:37:15.910+0000] {processor.py:175} INFO - Processing /home/airflow/.local/lib/python3.7/site-packages/airflow/example_dags/example_short_circuit_operator.py took 0.104 seconds
