[2023-12-27T03:20:13.119+0000] {processor.py:153} INFO - Started process (PID=98466) to work on /home/airflow/.local/lib/python3.7/site-packages/airflow/example_dags/example_sensors.py
[2023-12-27T03:20:13.120+0000] {processor.py:743} INFO - Processing file /home/airflow/.local/lib/python3.7/site-packages/airflow/example_dags/example_sensors.py for tasks to queue
[2023-12-27T03:20:13.121+0000] {logging_mixin.py:137} INFO - [2023-12-27T03:20:13.121+0000] {dagbag.py:538} INFO - Filling up the DagBag from /home/airflow/.local/lib/python3.7/site-packages/airflow/example_dags/example_sensors.py
[2023-12-27T03:20:13.136+0000] {processor.py:753} INFO - DAG(s) dict_keys(['example_sensors']) retrieved from /home/airflow/.local/lib/python3.7/site-packages/airflow/example_dags/example_sensors.py
[2023-12-27T03:20:13.162+0000] {logging_mixin.py:137} INFO - [2023-12-27T03:20:13.162+0000] {dag.py:2676} INFO - Sync 1 DAGs
[2023-12-27T03:20:13.180+0000] {logging_mixin.py:137} INFO - [2023-12-27T03:20:13.180+0000] {dag.py:3427} INFO - Setting next_dagrun for example_sensors to None, run_after=None
[2023-12-27T03:20:13.191+0000] {processor.py:175} INFO - Processing /home/airflow/.local/lib/python3.7/site-packages/airflow/example_dags/example_sensors.py took 0.075 seconds
[2023-12-27T08:23:46.984+0000] {processor.py:153} INFO - Started process (PID=98560) to work on /home/airflow/.local/lib/python3.7/site-packages/airflow/example_dags/example_sensors.py
[2023-12-27T08:23:46.985+0000] {processor.py:743} INFO - Processing file /home/airflow/.local/lib/python3.7/site-packages/airflow/example_dags/example_sensors.py for tasks to queue
[2023-12-27T08:23:46.985+0000] {logging_mixin.py:137} INFO - [2023-12-27T08:23:46.985+0000] {dagbag.py:538} INFO - Filling up the DagBag from /home/airflow/.local/lib/python3.7/site-packages/airflow/example_dags/example_sensors.py
[2023-12-27T08:23:47.002+0000] {processor.py:753} INFO - DAG(s) dict_keys(['example_sensors']) retrieved from /home/airflow/.local/lib/python3.7/site-packages/airflow/example_dags/example_sensors.py
[2023-12-27T08:23:47.044+0000] {logging_mixin.py:137} INFO - [2023-12-27T08:23:47.044+0000] {dag.py:2676} INFO - Sync 1 DAGs
[2023-12-27T08:23:47.068+0000] {logging_mixin.py:137} INFO - [2023-12-27T08:23:47.067+0000] {dag.py:3427} INFO - Setting next_dagrun for example_sensors to None, run_after=None
[2023-12-27T08:23:47.086+0000] {processor.py:175} INFO - Processing /home/airflow/.local/lib/python3.7/site-packages/airflow/example_dags/example_sensors.py took 0.107 seconds
[2023-12-27T14:42:03.960+0000] {processor.py:153} INFO - Started process (PID=98636) to work on /home/airflow/.local/lib/python3.7/site-packages/airflow/example_dags/example_sensors.py
[2023-12-27T14:42:03.961+0000] {processor.py:743} INFO - Processing file /home/airflow/.local/lib/python3.7/site-packages/airflow/example_dags/example_sensors.py for tasks to queue
[2023-12-27T14:42:03.961+0000] {logging_mixin.py:137} INFO - [2023-12-27T14:42:03.961+0000] {dagbag.py:538} INFO - Filling up the DagBag from /home/airflow/.local/lib/python3.7/site-packages/airflow/example_dags/example_sensors.py
[2023-12-27T14:42:03.976+0000] {processor.py:753} INFO - DAG(s) dict_keys(['example_sensors']) retrieved from /home/airflow/.local/lib/python3.7/site-packages/airflow/example_dags/example_sensors.py
[2023-12-27T14:42:04.011+0000] {logging_mixin.py:137} INFO - [2023-12-27T14:42:04.011+0000] {dag.py:2676} INFO - Sync 1 DAGs
[2023-12-27T14:42:04.026+0000] {logging_mixin.py:137} INFO - [2023-12-27T14:42:04.026+0000] {dag.py:3427} INFO - Setting next_dagrun for example_sensors to None, run_after=None
[2023-12-27T14:42:04.039+0000] {processor.py:175} INFO - Processing /home/airflow/.local/lib/python3.7/site-packages/airflow/example_dags/example_sensors.py took 0.082 seconds
[2023-12-27T19:37:15.694+0000] {processor.py:153} INFO - Started process (PID=98730) to work on /home/airflow/.local/lib/python3.7/site-packages/airflow/example_dags/example_sensors.py
[2023-12-27T19:37:15.695+0000] {processor.py:743} INFO - Processing file /home/airflow/.local/lib/python3.7/site-packages/airflow/example_dags/example_sensors.py for tasks to queue
[2023-12-27T19:37:15.696+0000] {logging_mixin.py:137} INFO - [2023-12-27T19:37:15.696+0000] {dagbag.py:538} INFO - Filling up the DagBag from /home/airflow/.local/lib/python3.7/site-packages/airflow/example_dags/example_sensors.py
[2023-12-27T19:37:15.711+0000] {processor.py:753} INFO - DAG(s) dict_keys(['example_sensors']) retrieved from /home/airflow/.local/lib/python3.7/site-packages/airflow/example_dags/example_sensors.py
[2023-12-27T19:37:15.753+0000] {logging_mixin.py:137} INFO - [2023-12-27T19:37:15.753+0000] {dag.py:2676} INFO - Sync 1 DAGs
[2023-12-27T19:37:15.774+0000] {logging_mixin.py:137} INFO - [2023-12-27T19:37:15.774+0000] {dag.py:3427} INFO - Setting next_dagrun for example_sensors to None, run_after=None
[2023-12-27T19:37:15.787+0000] {processor.py:175} INFO - Processing /home/airflow/.local/lib/python3.7/site-packages/airflow/example_dags/example_sensors.py took 0.096 seconds
