[2023-12-27T03:20:13.964+0000] {processor.py:153} INFO - Started process (PID=98483) to work on /home/airflow/.local/lib/python3.7/site-packages/airflow/example_dags/example_sensor_decorator.py
[2023-12-27T03:20:13.965+0000] {processor.py:743} INFO - Processing file /home/airflow/.local/lib/python3.7/site-packages/airflow/example_dags/example_sensor_decorator.py for tasks to queue
[2023-12-27T03:20:13.965+0000] {logging_mixin.py:137} INFO - [2023-12-27T03:20:13.965+0000] {dagbag.py:538} INFO - Filling up the DagBag from /home/airflow/.local/lib/python3.7/site-packages/airflow/example_dags/example_sensor_decorator.py
[2023-12-27T03:20:13.980+0000] {logging_mixin.py:137} WARNING - /home/airflow/.local/lib/python3.7/site-packages/airflow/models/dag.py:3524 RemovedInAirflow3Warning: Param `schedule_interval` is deprecated and will be removed in a future release. Please use `schedule` instead.
[2023-12-27T03:20:13.986+0000] {processor.py:753} INFO - DAG(s) dict_keys(['example_sensor_decorator']) retrieved from /home/airflow/.local/lib/python3.7/site-packages/airflow/example_dags/example_sensor_decorator.py
[2023-12-27T03:20:14.009+0000] {logging_mixin.py:137} INFO - [2023-12-27T03:20:14.009+0000] {dag.py:2676} INFO - Sync 1 DAGs
[2023-12-27T03:20:14.023+0000] {logging_mixin.py:137} INFO - [2023-12-27T03:20:14.023+0000] {dag.py:3427} INFO - Setting next_dagrun for example_sensor_decorator to None, run_after=None
[2023-12-27T03:20:14.034+0000] {processor.py:175} INFO - Processing /home/airflow/.local/lib/python3.7/site-packages/airflow/example_dags/example_sensor_decorator.py took 0.073 seconds
[2023-12-27T08:23:48.059+0000] {processor.py:153} INFO - Started process (PID=98577) to work on /home/airflow/.local/lib/python3.7/site-packages/airflow/example_dags/example_sensor_decorator.py
[2023-12-27T08:23:48.060+0000] {processor.py:743} INFO - Processing file /home/airflow/.local/lib/python3.7/site-packages/airflow/example_dags/example_sensor_decorator.py for tasks to queue
[2023-12-27T08:23:48.061+0000] {logging_mixin.py:137} INFO - [2023-12-27T08:23:48.060+0000] {dagbag.py:538} INFO - Filling up the DagBag from /home/airflow/.local/lib/python3.7/site-packages/airflow/example_dags/example_sensor_decorator.py
[2023-12-27T08:23:48.075+0000] {logging_mixin.py:137} WARNING - /home/airflow/.local/lib/python3.7/site-packages/airflow/models/dag.py:3524 RemovedInAirflow3Warning: Param `schedule_interval` is deprecated and will be removed in a future release. Please use `schedule` instead.
[2023-12-27T08:23:48.081+0000] {processor.py:753} INFO - DAG(s) dict_keys(['example_sensor_decorator']) retrieved from /home/airflow/.local/lib/python3.7/site-packages/airflow/example_dags/example_sensor_decorator.py
[2023-12-27T08:23:48.105+0000] {logging_mixin.py:137} INFO - [2023-12-27T08:23:48.105+0000] {dag.py:2676} INFO - Sync 1 DAGs
[2023-12-27T08:23:48.122+0000] {logging_mixin.py:137} INFO - [2023-12-27T08:23:48.122+0000] {dag.py:3427} INFO - Setting next_dagrun for example_sensor_decorator to None, run_after=None
[2023-12-27T08:23:48.133+0000] {processor.py:175} INFO - Processing /home/airflow/.local/lib/python3.7/site-packages/airflow/example_dags/example_sensor_decorator.py took 0.077 seconds
[2023-12-27T14:42:05.397+0000] {processor.py:153} INFO - Started process (PID=98653) to work on /home/airflow/.local/lib/python3.7/site-packages/airflow/example_dags/example_sensor_decorator.py
[2023-12-27T14:42:05.400+0000] {processor.py:743} INFO - Processing file /home/airflow/.local/lib/python3.7/site-packages/airflow/example_dags/example_sensor_decorator.py for tasks to queue
[2023-12-27T14:42:05.401+0000] {logging_mixin.py:137} INFO - [2023-12-27T14:42:05.401+0000] {dagbag.py:538} INFO - Filling up the DagBag from /home/airflow/.local/lib/python3.7/site-packages/airflow/example_dags/example_sensor_decorator.py
[2023-12-27T14:42:05.437+0000] {logging_mixin.py:137} WARNING - /home/airflow/.local/lib/python3.7/site-packages/airflow/models/dag.py:3524 RemovedInAirflow3Warning: Param `schedule_interval` is deprecated and will be removed in a future release. Please use `schedule` instead.
[2023-12-27T14:42:05.449+0000] {processor.py:753} INFO - DAG(s) dict_keys(['example_sensor_decorator']) retrieved from /home/airflow/.local/lib/python3.7/site-packages/airflow/example_dags/example_sensor_decorator.py
[2023-12-27T14:42:05.490+0000] {logging_mixin.py:137} INFO - [2023-12-27T14:42:05.490+0000] {dag.py:2676} INFO - Sync 1 DAGs
[2023-12-27T14:42:05.508+0000] {logging_mixin.py:137} INFO - [2023-12-27T14:42:05.507+0000] {dag.py:3427} INFO - Setting next_dagrun for example_sensor_decorator to None, run_after=None
[2023-12-27T14:42:05.523+0000] {processor.py:175} INFO - Processing /home/airflow/.local/lib/python3.7/site-packages/airflow/example_dags/example_sensor_decorator.py took 0.132 seconds
[2023-12-27T19:37:16.617+0000] {processor.py:153} INFO - Started process (PID=98747) to work on /home/airflow/.local/lib/python3.7/site-packages/airflow/example_dags/example_sensor_decorator.py
[2023-12-27T19:37:16.618+0000] {processor.py:743} INFO - Processing file /home/airflow/.local/lib/python3.7/site-packages/airflow/example_dags/example_sensor_decorator.py for tasks to queue
[2023-12-27T19:37:16.618+0000] {logging_mixin.py:137} INFO - [2023-12-27T19:37:16.618+0000] {dagbag.py:538} INFO - Filling up the DagBag from /home/airflow/.local/lib/python3.7/site-packages/airflow/example_dags/example_sensor_decorator.py
[2023-12-27T19:37:16.637+0000] {logging_mixin.py:137} WARNING - /home/airflow/.local/lib/python3.7/site-packages/airflow/models/dag.py:3524 RemovedInAirflow3Warning: Param `schedule_interval` is deprecated and will be removed in a future release. Please use `schedule` instead.
[2023-12-27T19:37:16.643+0000] {processor.py:753} INFO - DAG(s) dict_keys(['example_sensor_decorator']) retrieved from /home/airflow/.local/lib/python3.7/site-packages/airflow/example_dags/example_sensor_decorator.py
[2023-12-27T19:37:16.666+0000] {logging_mixin.py:137} INFO - [2023-12-27T19:37:16.666+0000] {dag.py:2676} INFO - Sync 1 DAGs
[2023-12-27T19:37:16.683+0000] {logging_mixin.py:137} INFO - [2023-12-27T19:37:16.683+0000] {dag.py:3427} INFO - Setting next_dagrun for example_sensor_decorator to None, run_after=None
[2023-12-27T19:37:16.693+0000] {processor.py:175} INFO - Processing /home/airflow/.local/lib/python3.7/site-packages/airflow/example_dags/example_sensor_decorator.py took 0.079 seconds
