[2023-12-27T03:20:12.553+0000] {processor.py:153} INFO - Started process (PID=98457) to work on /home/airflow/.local/lib/python3.7/site-packages/airflow/example_dags/example_trigger_target_dag.py
[2023-12-27T03:20:12.558+0000] {processor.py:743} INFO - Processing file /home/airflow/.local/lib/python3.7/site-packages/airflow/example_dags/example_trigger_target_dag.py for tasks to queue
[2023-12-27T03:20:12.565+0000] {logging_mixin.py:137} INFO - [2023-12-27T03:20:12.564+0000] {dagbag.py:538} INFO - Filling up the DagBag from /home/airflow/.local/lib/python3.7/site-packages/airflow/example_dags/example_trigger_target_dag.py
[2023-12-27T03:20:12.614+0000] {processor.py:753} INFO - DAG(s) dict_keys(['example_trigger_target_dag']) retrieved from /home/airflow/.local/lib/python3.7/site-packages/airflow/example_dags/example_trigger_target_dag.py
[2023-12-27T03:20:12.673+0000] {logging_mixin.py:137} INFO - [2023-12-27T03:20:12.673+0000] {dag.py:2676} INFO - Sync 1 DAGs
[2023-12-27T03:20:12.695+0000] {logging_mixin.py:137} INFO - [2023-12-27T03:20:12.695+0000] {dag.py:3427} INFO - Setting next_dagrun for example_trigger_target_dag to None, run_after=None
[2023-12-27T03:20:12.707+0000] {processor.py:175} INFO - Processing /home/airflow/.local/lib/python3.7/site-packages/airflow/example_dags/example_trigger_target_dag.py took 0.165 seconds
[2023-12-27T08:23:45.911+0000] {processor.py:153} INFO - Started process (PID=98551) to work on /home/airflow/.local/lib/python3.7/site-packages/airflow/example_dags/example_trigger_target_dag.py
[2023-12-27T08:23:45.912+0000] {processor.py:743} INFO - Processing file /home/airflow/.local/lib/python3.7/site-packages/airflow/example_dags/example_trigger_target_dag.py for tasks to queue
[2023-12-27T08:23:45.912+0000] {logging_mixin.py:137} INFO - [2023-12-27T08:23:45.912+0000] {dagbag.py:538} INFO - Filling up the DagBag from /home/airflow/.local/lib/python3.7/site-packages/airflow/example_dags/example_trigger_target_dag.py
[2023-12-27T08:23:45.933+0000] {processor.py:753} INFO - DAG(s) dict_keys(['example_trigger_target_dag']) retrieved from /home/airflow/.local/lib/python3.7/site-packages/airflow/example_dags/example_trigger_target_dag.py
[2023-12-27T08:23:45.975+0000] {logging_mixin.py:137} INFO - [2023-12-27T08:23:45.974+0000] {dag.py:2676} INFO - Sync 1 DAGs
[2023-12-27T08:23:45.999+0000] {logging_mixin.py:137} INFO - [2023-12-27T08:23:45.999+0000] {dag.py:3427} INFO - Setting next_dagrun for example_trigger_target_dag to None, run_after=None
[2023-12-27T08:23:46.012+0000] {processor.py:175} INFO - Processing /home/airflow/.local/lib/python3.7/site-packages/airflow/example_dags/example_trigger_target_dag.py took 0.106 seconds
[2023-12-27T14:42:03.528+0000] {processor.py:153} INFO - Started process (PID=98627) to work on /home/airflow/.local/lib/python3.7/site-packages/airflow/example_dags/example_trigger_target_dag.py
[2023-12-27T14:42:03.528+0000] {processor.py:743} INFO - Processing file /home/airflow/.local/lib/python3.7/site-packages/airflow/example_dags/example_trigger_target_dag.py for tasks to queue
[2023-12-27T14:42:03.529+0000] {logging_mixin.py:137} INFO - [2023-12-27T14:42:03.529+0000] {dagbag.py:538} INFO - Filling up the DagBag from /home/airflow/.local/lib/python3.7/site-packages/airflow/example_dags/example_trigger_target_dag.py
[2023-12-27T14:42:03.546+0000] {processor.py:753} INFO - DAG(s) dict_keys(['example_trigger_target_dag']) retrieved from /home/airflow/.local/lib/python3.7/site-packages/airflow/example_dags/example_trigger_target_dag.py
[2023-12-27T14:42:03.573+0000] {logging_mixin.py:137} INFO - [2023-12-27T14:42:03.573+0000] {dag.py:2676} INFO - Sync 1 DAGs
[2023-12-27T14:42:03.589+0000] {logging_mixin.py:137} INFO - [2023-12-27T14:42:03.589+0000] {dag.py:3427} INFO - Setting next_dagrun for example_trigger_target_dag to None, run_after=None
[2023-12-27T14:42:03.604+0000] {processor.py:175} INFO - Processing /home/airflow/.local/lib/python3.7/site-packages/airflow/example_dags/example_trigger_target_dag.py took 0.080 seconds
[2023-12-27T19:37:13.245+0000] {processor.py:153} INFO - Started process (PID=98721) to work on /home/airflow/.local/lib/python3.7/site-packages/airflow/example_dags/example_trigger_target_dag.py
[2023-12-27T19:37:13.246+0000] {processor.py:743} INFO - Processing file /home/airflow/.local/lib/python3.7/site-packages/airflow/example_dags/example_trigger_target_dag.py for tasks to queue
[2023-12-27T19:37:13.247+0000] {logging_mixin.py:137} INFO - [2023-12-27T19:37:13.247+0000] {dagbag.py:538} INFO - Filling up the DagBag from /home/airflow/.local/lib/python3.7/site-packages/airflow/example_dags/example_trigger_target_dag.py
[2023-12-27T19:37:13.288+0000] {processor.py:753} INFO - DAG(s) dict_keys(['example_trigger_target_dag']) retrieved from /home/airflow/.local/lib/python3.7/site-packages/airflow/example_dags/example_trigger_target_dag.py
[2023-12-27T19:37:13.374+0000] {logging_mixin.py:137} INFO - [2023-12-27T19:37:13.373+0000] {dag.py:2676} INFO - Sync 1 DAGs
[2023-12-27T19:37:13.425+0000] {logging_mixin.py:137} INFO - [2023-12-27T19:37:13.425+0000] {dag.py:3427} INFO - Setting next_dagrun for example_trigger_target_dag to None, run_after=None
[2023-12-27T19:37:13.445+0000] {processor.py:175} INFO - Processing /home/airflow/.local/lib/python3.7/site-packages/airflow/example_dags/example_trigger_target_dag.py took 0.214 seconds
