[2023-12-27T03:20:13.092+0000] {processor.py:153} INFO - Started process (PID=98465) to work on /home/airflow/.local/lib/python3.7/site-packages/airflow/example_dags/example_python_operator.py
[2023-12-27T03:20:13.093+0000] {processor.py:743} INFO - Processing file /home/airflow/.local/lib/python3.7/site-packages/airflow/example_dags/example_python_operator.py for tasks to queue
[2023-12-27T03:20:13.093+0000] {logging_mixin.py:137} INFO - [2023-12-27T03:20:13.093+0000] {dagbag.py:538} INFO - Filling up the DagBag from /home/airflow/.local/lib/python3.7/site-packages/airflow/example_dags/example_python_operator.py
[2023-12-27T03:20:13.112+0000] {logging_mixin.py:137} INFO - [2023-12-27T03:20:13.112+0000] {taskmixin.py:205} WARNING - Dependency <Task(_PythonDecoratedOperator): print_the_context>, log_sql_query already registered for DAG: example_python_operator
[2023-12-27T03:20:13.112+0000] {logging_mixin.py:137} INFO - [2023-12-27T03:20:13.112+0000] {taskmixin.py:205} WARNING - Dependency <Task(_PythonDecoratedOperator): log_sql_query>, print_the_context already registered for DAG: example_python_operator
[2023-12-27T03:20:13.113+0000] {logging_mixin.py:137} INFO - [2023-12-27T03:20:13.113+0000] {taskmixin.py:205} WARNING - Dependency <Task(_PythonDecoratedOperator): print_the_context>, log_sql_query already registered for DAG: example_python_operator
[2023-12-27T03:20:13.113+0000] {logging_mixin.py:137} INFO - [2023-12-27T03:20:13.113+0000] {taskmixin.py:205} WARNING - Dependency <Task(_PythonDecoratedOperator): log_sql_query>, print_the_context already registered for DAG: example_python_operator
[2023-12-27T03:20:13.113+0000] {logging_mixin.py:137} INFO - [2023-12-27T03:20:13.113+0000] {taskmixin.py:205} WARNING - Dependency <Task(_PythonDecoratedOperator): print_the_context>, log_sql_query already registered for DAG: example_python_operator
[2023-12-27T03:20:13.114+0000] {logging_mixin.py:137} INFO - [2023-12-27T03:20:13.114+0000] {taskmixin.py:205} WARNING - Dependency <Task(_PythonDecoratedOperator): log_sql_query>, print_the_context already registered for DAG: example_python_operator
[2023-12-27T03:20:13.114+0000] {logging_mixin.py:137} INFO - [2023-12-27T03:20:13.114+0000] {taskmixin.py:205} WARNING - Dependency <Task(_PythonDecoratedOperator): print_the_context>, log_sql_query already registered for DAG: example_python_operator
[2023-12-27T03:20:13.114+0000] {logging_mixin.py:137} INFO - [2023-12-27T03:20:13.114+0000] {taskmixin.py:205} WARNING - Dependency <Task(_PythonDecoratedOperator): log_sql_query>, print_the_context already registered for DAG: example_python_operator
[2023-12-27T03:20:13.120+0000] {processor.py:753} INFO - DAG(s) dict_keys(['example_python_operator']) retrieved from /home/airflow/.local/lib/python3.7/site-packages/airflow/example_dags/example_python_operator.py
[2023-12-27T03:20:13.146+0000] {logging_mixin.py:137} INFO - [2023-12-27T03:20:13.146+0000] {dag.py:2676} INFO - Sync 1 DAGs
[2023-12-27T03:20:13.162+0000] {logging_mixin.py:137} INFO - [2023-12-27T03:20:13.161+0000] {dag.py:3427} INFO - Setting next_dagrun for example_python_operator to None, run_after=None
[2023-12-27T03:20:13.174+0000] {processor.py:175} INFO - Processing /home/airflow/.local/lib/python3.7/site-packages/airflow/example_dags/example_python_operator.py took 0.085 seconds
[2023-12-27T08:23:46.912+0000] {processor.py:153} INFO - Started process (PID=98559) to work on /home/airflow/.local/lib/python3.7/site-packages/airflow/example_dags/example_python_operator.py
[2023-12-27T08:23:46.913+0000] {processor.py:743} INFO - Processing file /home/airflow/.local/lib/python3.7/site-packages/airflow/example_dags/example_python_operator.py for tasks to queue
[2023-12-27T08:23:46.913+0000] {logging_mixin.py:137} INFO - [2023-12-27T08:23:46.913+0000] {dagbag.py:538} INFO - Filling up the DagBag from /home/airflow/.local/lib/python3.7/site-packages/airflow/example_dags/example_python_operator.py
[2023-12-27T08:23:46.933+0000] {logging_mixin.py:137} INFO - [2023-12-27T08:23:46.933+0000] {taskmixin.py:205} WARNING - Dependency <Task(_PythonDecoratedOperator): print_the_context>, log_sql_query already registered for DAG: example_python_operator
[2023-12-27T08:23:46.933+0000] {logging_mixin.py:137} INFO - [2023-12-27T08:23:46.933+0000] {taskmixin.py:205} WARNING - Dependency <Task(_PythonDecoratedOperator): log_sql_query>, print_the_context already registered for DAG: example_python_operator
[2023-12-27T08:23:46.934+0000] {logging_mixin.py:137} INFO - [2023-12-27T08:23:46.934+0000] {taskmixin.py:205} WARNING - Dependency <Task(_PythonDecoratedOperator): print_the_context>, log_sql_query already registered for DAG: example_python_operator
[2023-12-27T08:23:46.934+0000] {logging_mixin.py:137} INFO - [2023-12-27T08:23:46.934+0000] {taskmixin.py:205} WARNING - Dependency <Task(_PythonDecoratedOperator): log_sql_query>, print_the_context already registered for DAG: example_python_operator
[2023-12-27T08:23:46.935+0000] {logging_mixin.py:137} INFO - [2023-12-27T08:23:46.935+0000] {taskmixin.py:205} WARNING - Dependency <Task(_PythonDecoratedOperator): print_the_context>, log_sql_query already registered for DAG: example_python_operator
[2023-12-27T08:23:46.935+0000] {logging_mixin.py:137} INFO - [2023-12-27T08:23:46.935+0000] {taskmixin.py:205} WARNING - Dependency <Task(_PythonDecoratedOperator): log_sql_query>, print_the_context already registered for DAG: example_python_operator
[2023-12-27T08:23:46.936+0000] {logging_mixin.py:137} INFO - [2023-12-27T08:23:46.935+0000] {taskmixin.py:205} WARNING - Dependency <Task(_PythonDecoratedOperator): print_the_context>, log_sql_query already registered for DAG: example_python_operator
[2023-12-27T08:23:46.936+0000] {logging_mixin.py:137} INFO - [2023-12-27T08:23:46.936+0000] {taskmixin.py:205} WARNING - Dependency <Task(_PythonDecoratedOperator): log_sql_query>, print_the_context already registered for DAG: example_python_operator
[2023-12-27T08:23:46.942+0000] {processor.py:753} INFO - DAG(s) dict_keys(['example_python_operator']) retrieved from /home/airflow/.local/lib/python3.7/site-packages/airflow/example_dags/example_python_operator.py
[2023-12-27T08:23:46.972+0000] {logging_mixin.py:137} INFO - [2023-12-27T08:23:46.972+0000] {dag.py:2676} INFO - Sync 1 DAGs
[2023-12-27T08:23:46.994+0000] {logging_mixin.py:137} INFO - [2023-12-27T08:23:46.994+0000] {dag.py:3427} INFO - Setting next_dagrun for example_python_operator to None, run_after=None
[2023-12-27T08:23:47.007+0000] {processor.py:175} INFO - Processing /home/airflow/.local/lib/python3.7/site-packages/airflow/example_dags/example_python_operator.py took 0.099 seconds
[2023-12-27T14:42:03.950+0000] {processor.py:153} INFO - Started process (PID=98635) to work on /home/airflow/.local/lib/python3.7/site-packages/airflow/example_dags/example_python_operator.py
[2023-12-27T14:42:03.951+0000] {processor.py:743} INFO - Processing file /home/airflow/.local/lib/python3.7/site-packages/airflow/example_dags/example_python_operator.py for tasks to queue
[2023-12-27T14:42:03.952+0000] {logging_mixin.py:137} INFO - [2023-12-27T14:42:03.952+0000] {dagbag.py:538} INFO - Filling up the DagBag from /home/airflow/.local/lib/python3.7/site-packages/airflow/example_dags/example_python_operator.py
[2023-12-27T14:42:03.966+0000] {logging_mixin.py:137} INFO - [2023-12-27T14:42:03.966+0000] {taskmixin.py:205} WARNING - Dependency <Task(_PythonDecoratedOperator): print_the_context>, log_sql_query already registered for DAG: example_python_operator
[2023-12-27T14:42:03.966+0000] {logging_mixin.py:137} INFO - [2023-12-27T14:42:03.966+0000] {taskmixin.py:205} WARNING - Dependency <Task(_PythonDecoratedOperator): log_sql_query>, print_the_context already registered for DAG: example_python_operator
[2023-12-27T14:42:03.967+0000] {logging_mixin.py:137} INFO - [2023-12-27T14:42:03.966+0000] {taskmixin.py:205} WARNING - Dependency <Task(_PythonDecoratedOperator): print_the_context>, log_sql_query already registered for DAG: example_python_operator
[2023-12-27T14:42:03.967+0000] {logging_mixin.py:137} INFO - [2023-12-27T14:42:03.967+0000] {taskmixin.py:205} WARNING - Dependency <Task(_PythonDecoratedOperator): log_sql_query>, print_the_context already registered for DAG: example_python_operator
[2023-12-27T14:42:03.967+0000] {logging_mixin.py:137} INFO - [2023-12-27T14:42:03.967+0000] {taskmixin.py:205} WARNING - Dependency <Task(_PythonDecoratedOperator): print_the_context>, log_sql_query already registered for DAG: example_python_operator
[2023-12-27T14:42:03.967+0000] {logging_mixin.py:137} INFO - [2023-12-27T14:42:03.967+0000] {taskmixin.py:205} WARNING - Dependency <Task(_PythonDecoratedOperator): log_sql_query>, print_the_context already registered for DAG: example_python_operator
[2023-12-27T14:42:03.968+0000] {logging_mixin.py:137} INFO - [2023-12-27T14:42:03.968+0000] {taskmixin.py:205} WARNING - Dependency <Task(_PythonDecoratedOperator): print_the_context>, log_sql_query already registered for DAG: example_python_operator
[2023-12-27T14:42:03.968+0000] {logging_mixin.py:137} INFO - [2023-12-27T14:42:03.968+0000] {taskmixin.py:205} WARNING - Dependency <Task(_PythonDecoratedOperator): log_sql_query>, print_the_context already registered for DAG: example_python_operator
[2023-12-27T14:42:03.973+0000] {processor.py:753} INFO - DAG(s) dict_keys(['example_python_operator']) retrieved from /home/airflow/.local/lib/python3.7/site-packages/airflow/example_dags/example_python_operator.py
[2023-12-27T14:42:04.007+0000] {logging_mixin.py:137} INFO - [2023-12-27T14:42:04.006+0000] {dag.py:2676} INFO - Sync 1 DAGs
[2023-12-27T14:42:04.024+0000] {logging_mixin.py:137} INFO - [2023-12-27T14:42:04.024+0000] {dag.py:3427} INFO - Setting next_dagrun for example_python_operator to None, run_after=None
[2023-12-27T14:42:04.037+0000] {processor.py:175} INFO - Processing /home/airflow/.local/lib/python3.7/site-packages/airflow/example_dags/example_python_operator.py took 0.089 seconds
[2023-12-27T19:37:15.656+0000] {processor.py:153} INFO - Started process (PID=98729) to work on /home/airflow/.local/lib/python3.7/site-packages/airflow/example_dags/example_python_operator.py
[2023-12-27T19:37:15.657+0000] {processor.py:743} INFO - Processing file /home/airflow/.local/lib/python3.7/site-packages/airflow/example_dags/example_python_operator.py for tasks to queue
[2023-12-27T19:37:15.658+0000] {logging_mixin.py:137} INFO - [2023-12-27T19:37:15.658+0000] {dagbag.py:538} INFO - Filling up the DagBag from /home/airflow/.local/lib/python3.7/site-packages/airflow/example_dags/example_python_operator.py
[2023-12-27T19:37:15.671+0000] {logging_mixin.py:137} INFO - [2023-12-27T19:37:15.671+0000] {taskmixin.py:205} WARNING - Dependency <Task(_PythonDecoratedOperator): print_the_context>, log_sql_query already registered for DAG: example_python_operator
[2023-12-27T19:37:15.671+0000] {logging_mixin.py:137} INFO - [2023-12-27T19:37:15.671+0000] {taskmixin.py:205} WARNING - Dependency <Task(_PythonDecoratedOperator): log_sql_query>, print_the_context already registered for DAG: example_python_operator
[2023-12-27T19:37:15.672+0000] {logging_mixin.py:137} INFO - [2023-12-27T19:37:15.672+0000] {taskmixin.py:205} WARNING - Dependency <Task(_PythonDecoratedOperator): print_the_context>, log_sql_query already registered for DAG: example_python_operator
[2023-12-27T19:37:15.672+0000] {logging_mixin.py:137} INFO - [2023-12-27T19:37:15.672+0000] {taskmixin.py:205} WARNING - Dependency <Task(_PythonDecoratedOperator): log_sql_query>, print_the_context already registered for DAG: example_python_operator
[2023-12-27T19:37:15.672+0000] {logging_mixin.py:137} INFO - [2023-12-27T19:37:15.672+0000] {taskmixin.py:205} WARNING - Dependency <Task(_PythonDecoratedOperator): print_the_context>, log_sql_query already registered for DAG: example_python_operator
[2023-12-27T19:37:15.673+0000] {logging_mixin.py:137} INFO - [2023-12-27T19:37:15.672+0000] {taskmixin.py:205} WARNING - Dependency <Task(_PythonDecoratedOperator): log_sql_query>, print_the_context already registered for DAG: example_python_operator
[2023-12-27T19:37:15.673+0000] {logging_mixin.py:137} INFO - [2023-12-27T19:37:15.673+0000] {taskmixin.py:205} WARNING - Dependency <Task(_PythonDecoratedOperator): print_the_context>, log_sql_query already registered for DAG: example_python_operator
[2023-12-27T19:37:15.673+0000] {logging_mixin.py:137} INFO - [2023-12-27T19:37:15.673+0000] {taskmixin.py:205} WARNING - Dependency <Task(_PythonDecoratedOperator): log_sql_query>, print_the_context already registered for DAG: example_python_operator
[2023-12-27T19:37:15.678+0000] {processor.py:753} INFO - DAG(s) dict_keys(['example_python_operator']) retrieved from /home/airflow/.local/lib/python3.7/site-packages/airflow/example_dags/example_python_operator.py
[2023-12-27T19:37:15.703+0000] {logging_mixin.py:137} INFO - [2023-12-27T19:37:15.703+0000] {dag.py:2676} INFO - Sync 1 DAGs
[2023-12-27T19:37:15.722+0000] {logging_mixin.py:137} INFO - [2023-12-27T19:37:15.722+0000] {dag.py:3427} INFO - Setting next_dagrun for example_python_operator to None, run_after=None
[2023-12-27T19:37:15.741+0000] {processor.py:175} INFO - Processing /home/airflow/.local/lib/python3.7/site-packages/airflow/example_dags/example_python_operator.py took 0.087 seconds
