[2023-12-27T03:20:13.313+0000] {processor.py:153} INFO - Started process (PID=98470) to work on /home/airflow/.local/lib/python3.7/site-packages/airflow/example_dags/example_kubernetes_executor.py
[2023-12-27T03:20:13.316+0000] {processor.py:743} INFO - Processing file /home/airflow/.local/lib/python3.7/site-packages/airflow/example_dags/example_kubernetes_executor.py for tasks to queue
[2023-12-27T03:20:13.317+0000] {logging_mixin.py:137} INFO - [2023-12-27T03:20:13.317+0000] {dagbag.py:538} INFO - Filling up the DagBag from /home/airflow/.local/lib/python3.7/site-packages/airflow/example_dags/example_kubernetes_executor.py
[2023-12-27T03:20:13.349+0000] {processor.py:753} INFO - DAG(s) dict_keys(['example_kubernetes_executor']) retrieved from /home/airflow/.local/lib/python3.7/site-packages/airflow/example_dags/example_kubernetes_executor.py
[2023-12-27T03:20:13.383+0000] {logging_mixin.py:137} INFO - [2023-12-27T03:20:13.383+0000] {dag.py:2676} INFO - Sync 1 DAGs
[2023-12-27T03:20:13.398+0000] {logging_mixin.py:137} INFO - [2023-12-27T03:20:13.398+0000] {dag.py:3427} INFO - Setting next_dagrun for example_kubernetes_executor to None, run_after=None
[2023-12-27T03:20:13.409+0000] {processor.py:175} INFO - Processing /home/airflow/.local/lib/python3.7/site-packages/airflow/example_dags/example_kubernetes_executor.py took 0.101 seconds
[2023-12-27T08:23:47.253+0000] {processor.py:153} INFO - Started process (PID=98564) to work on /home/airflow/.local/lib/python3.7/site-packages/airflow/example_dags/example_kubernetes_executor.py
[2023-12-27T08:23:47.255+0000] {processor.py:743} INFO - Processing file /home/airflow/.local/lib/python3.7/site-packages/airflow/example_dags/example_kubernetes_executor.py for tasks to queue
[2023-12-27T08:23:47.255+0000] {logging_mixin.py:137} INFO - [2023-12-27T08:23:47.255+0000] {dagbag.py:538} INFO - Filling up the DagBag from /home/airflow/.local/lib/python3.7/site-packages/airflow/example_dags/example_kubernetes_executor.py
[2023-12-27T08:23:47.303+0000] {processor.py:753} INFO - DAG(s) dict_keys(['example_kubernetes_executor']) retrieved from /home/airflow/.local/lib/python3.7/site-packages/airflow/example_dags/example_kubernetes_executor.py
[2023-12-27T08:23:47.360+0000] {logging_mixin.py:137} INFO - [2023-12-27T08:23:47.360+0000] {dag.py:2676} INFO - Sync 1 DAGs
[2023-12-27T08:23:47.385+0000] {logging_mixin.py:137} INFO - [2023-12-27T08:23:47.385+0000] {dag.py:3427} INFO - Setting next_dagrun for example_kubernetes_executor to None, run_after=None
[2023-12-27T08:23:47.401+0000] {processor.py:175} INFO - Processing /home/airflow/.local/lib/python3.7/site-packages/airflow/example_dags/example_kubernetes_executor.py took 0.152 seconds
[2023-12-27T14:42:04.579+0000] {processor.py:153} INFO - Started process (PID=98640) to work on /home/airflow/.local/lib/python3.7/site-packages/airflow/example_dags/example_kubernetes_executor.py
[2023-12-27T14:42:04.581+0000] {processor.py:743} INFO - Processing file /home/airflow/.local/lib/python3.7/site-packages/airflow/example_dags/example_kubernetes_executor.py for tasks to queue
[2023-12-27T14:42:04.582+0000] {logging_mixin.py:137} INFO - [2023-12-27T14:42:04.581+0000] {dagbag.py:538} INFO - Filling up the DagBag from /home/airflow/.local/lib/python3.7/site-packages/airflow/example_dags/example_kubernetes_executor.py
[2023-12-27T14:42:04.642+0000] {processor.py:753} INFO - DAG(s) dict_keys(['example_kubernetes_executor']) retrieved from /home/airflow/.local/lib/python3.7/site-packages/airflow/example_dags/example_kubernetes_executor.py
[2023-12-27T14:42:04.686+0000] {logging_mixin.py:137} INFO - [2023-12-27T14:42:04.686+0000] {dag.py:2676} INFO - Sync 1 DAGs
[2023-12-27T14:42:04.703+0000] {logging_mixin.py:137} INFO - [2023-12-27T14:42:04.703+0000] {dag.py:3427} INFO - Setting next_dagrun for example_kubernetes_executor to None, run_after=None
[2023-12-27T14:42:04.714+0000] {processor.py:175} INFO - Processing /home/airflow/.local/lib/python3.7/site-packages/airflow/example_dags/example_kubernetes_executor.py took 0.141 seconds
[2023-12-27T19:37:15.936+0000] {processor.py:153} INFO - Started process (PID=98734) to work on /home/airflow/.local/lib/python3.7/site-packages/airflow/example_dags/example_kubernetes_executor.py
[2023-12-27T19:37:15.938+0000] {processor.py:743} INFO - Processing file /home/airflow/.local/lib/python3.7/site-packages/airflow/example_dags/example_kubernetes_executor.py for tasks to queue
[2023-12-27T19:37:15.938+0000] {logging_mixin.py:137} INFO - [2023-12-27T19:37:15.938+0000] {dagbag.py:538} INFO - Filling up the DagBag from /home/airflow/.local/lib/python3.7/site-packages/airflow/example_dags/example_kubernetes_executor.py
[2023-12-27T19:37:15.973+0000] {processor.py:753} INFO - DAG(s) dict_keys(['example_kubernetes_executor']) retrieved from /home/airflow/.local/lib/python3.7/site-packages/airflow/example_dags/example_kubernetes_executor.py
[2023-12-27T19:37:16.014+0000] {logging_mixin.py:137} INFO - [2023-12-27T19:37:16.014+0000] {dag.py:2676} INFO - Sync 1 DAGs
[2023-12-27T19:37:16.035+0000] {logging_mixin.py:137} INFO - [2023-12-27T19:37:16.035+0000] {dag.py:3427} INFO - Setting next_dagrun for example_kubernetes_executor to None, run_after=None
[2023-12-27T19:37:16.051+0000] {processor.py:175} INFO - Processing /home/airflow/.local/lib/python3.7/site-packages/airflow/example_dags/example_kubernetes_executor.py took 0.119 seconds
