[2023-12-27T03:20:13.390+0000] {processor.py:153} INFO - Started process (PID=98471) to work on /home/airflow/.local/lib/python3.7/site-packages/airflow/example_dags/example_dag_decorator.py
[2023-12-27T03:20:13.391+0000] {processor.py:743} INFO - Processing file /home/airflow/.local/lib/python3.7/site-packages/airflow/example_dags/example_dag_decorator.py for tasks to queue
[2023-12-27T03:20:13.392+0000] {logging_mixin.py:137} INFO - [2023-12-27T03:20:13.392+0000] {dagbag.py:538} INFO - Filling up the DagBag from /home/airflow/.local/lib/python3.7/site-packages/airflow/example_dags/example_dag_decorator.py
[2023-12-27T03:20:13.403+0000] {logging_mixin.py:137} INFO - [2023-12-27T03:20:13.403+0000] {taskmixin.py:205} WARNING - Dependency <Task(_PythonDecoratedOperator): prepare_email>, send_email already registered for DAG: example_dag_decorator
[2023-12-27T03:20:13.403+0000] {logging_mixin.py:137} INFO - [2023-12-27T03:20:13.403+0000] {taskmixin.py:205} WARNING - Dependency <Task(EmailOperator): send_email>, prepare_email already registered for DAG: example_dag_decorator
[2023-12-27T03:20:13.413+0000] {processor.py:753} INFO - DAG(s) dict_keys(['example_dag_decorator']) retrieved from /home/airflow/.local/lib/python3.7/site-packages/airflow/example_dags/example_dag_decorator.py
[2023-12-27T03:20:13.463+0000] {logging_mixin.py:137} INFO - [2023-12-27T03:20:13.463+0000] {dag.py:2676} INFO - Sync 1 DAGs
[2023-12-27T03:20:13.489+0000] {logging_mixin.py:137} INFO - [2023-12-27T03:20:13.488+0000] {dag.py:3427} INFO - Setting next_dagrun for example_dag_decorator to None, run_after=None
[2023-12-27T03:20:13.502+0000] {processor.py:175} INFO - Processing /home/airflow/.local/lib/python3.7/site-packages/airflow/example_dags/example_dag_decorator.py took 0.115 seconds
[2023-12-27T08:23:47.317+0000] {processor.py:153} INFO - Started process (PID=98565) to work on /home/airflow/.local/lib/python3.7/site-packages/airflow/example_dags/example_dag_decorator.py
[2023-12-27T08:23:47.319+0000] {processor.py:743} INFO - Processing file /home/airflow/.local/lib/python3.7/site-packages/airflow/example_dags/example_dag_decorator.py for tasks to queue
[2023-12-27T08:23:47.320+0000] {logging_mixin.py:137} INFO - [2023-12-27T08:23:47.320+0000] {dagbag.py:538} INFO - Filling up the DagBag from /home/airflow/.local/lib/python3.7/site-packages/airflow/example_dags/example_dag_decorator.py
[2023-12-27T08:23:47.340+0000] {logging_mixin.py:137} INFO - [2023-12-27T08:23:47.340+0000] {taskmixin.py:205} WARNING - Dependency <Task(_PythonDecoratedOperator): prepare_email>, send_email already registered for DAG: example_dag_decorator
[2023-12-27T08:23:47.341+0000] {logging_mixin.py:137} INFO - [2023-12-27T08:23:47.341+0000] {taskmixin.py:205} WARNING - Dependency <Task(EmailOperator): send_email>, prepare_email already registered for DAG: example_dag_decorator
[2023-12-27T08:23:47.355+0000] {processor.py:753} INFO - DAG(s) dict_keys(['example_dag_decorator']) retrieved from /home/airflow/.local/lib/python3.7/site-packages/airflow/example_dags/example_dag_decorator.py
[2023-12-27T08:23:47.439+0000] {logging_mixin.py:137} INFO - [2023-12-27T08:23:47.439+0000] {dag.py:2676} INFO - Sync 1 DAGs
[2023-12-27T08:23:47.463+0000] {logging_mixin.py:137} INFO - [2023-12-27T08:23:47.463+0000] {dag.py:3427} INFO - Setting next_dagrun for example_dag_decorator to None, run_after=None
[2023-12-27T08:23:47.488+0000] {processor.py:175} INFO - Processing /home/airflow/.local/lib/python3.7/site-packages/airflow/example_dags/example_dag_decorator.py took 0.179 seconds
[2023-12-27T14:42:04.741+0000] {processor.py:153} INFO - Started process (PID=98641) to work on /home/airflow/.local/lib/python3.7/site-packages/airflow/example_dags/example_dag_decorator.py
[2023-12-27T14:42:04.742+0000] {processor.py:743} INFO - Processing file /home/airflow/.local/lib/python3.7/site-packages/airflow/example_dags/example_dag_decorator.py for tasks to queue
[2023-12-27T14:42:04.742+0000] {logging_mixin.py:137} INFO - [2023-12-27T14:42:04.742+0000] {dagbag.py:538} INFO - Filling up the DagBag from /home/airflow/.local/lib/python3.7/site-packages/airflow/example_dags/example_dag_decorator.py
[2023-12-27T14:42:04.756+0000] {logging_mixin.py:137} INFO - [2023-12-27T14:42:04.756+0000] {taskmixin.py:205} WARNING - Dependency <Task(_PythonDecoratedOperator): prepare_email>, send_email already registered for DAG: example_dag_decorator
[2023-12-27T14:42:04.757+0000] {logging_mixin.py:137} INFO - [2023-12-27T14:42:04.757+0000] {taskmixin.py:205} WARNING - Dependency <Task(EmailOperator): send_email>, prepare_email already registered for DAG: example_dag_decorator
[2023-12-27T14:42:04.766+0000] {processor.py:753} INFO - DAG(s) dict_keys(['example_dag_decorator']) retrieved from /home/airflow/.local/lib/python3.7/site-packages/airflow/example_dags/example_dag_decorator.py
[2023-12-27T14:42:04.821+0000] {logging_mixin.py:137} INFO - [2023-12-27T14:42:04.820+0000] {dag.py:2676} INFO - Sync 1 DAGs
[2023-12-27T14:42:04.835+0000] {logging_mixin.py:137} INFO - [2023-12-27T14:42:04.835+0000] {dag.py:3427} INFO - Setting next_dagrun for example_dag_decorator to None, run_after=None
[2023-12-27T14:42:04.847+0000] {processor.py:175} INFO - Processing /home/airflow/.local/lib/python3.7/site-packages/airflow/example_dags/example_dag_decorator.py took 0.110 seconds
[2023-12-27T19:37:16.003+0000] {processor.py:153} INFO - Started process (PID=98735) to work on /home/airflow/.local/lib/python3.7/site-packages/airflow/example_dags/example_dag_decorator.py
[2023-12-27T19:37:16.004+0000] {processor.py:743} INFO - Processing file /home/airflow/.local/lib/python3.7/site-packages/airflow/example_dags/example_dag_decorator.py for tasks to queue
[2023-12-27T19:37:16.005+0000] {logging_mixin.py:137} INFO - [2023-12-27T19:37:16.005+0000] {dagbag.py:538} INFO - Filling up the DagBag from /home/airflow/.local/lib/python3.7/site-packages/airflow/example_dags/example_dag_decorator.py
[2023-12-27T19:37:16.021+0000] {logging_mixin.py:137} INFO - [2023-12-27T19:37:16.020+0000] {taskmixin.py:205} WARNING - Dependency <Task(_PythonDecoratedOperator): prepare_email>, send_email already registered for DAG: example_dag_decorator
[2023-12-27T19:37:16.021+0000] {logging_mixin.py:137} INFO - [2023-12-27T19:37:16.021+0000] {taskmixin.py:205} WARNING - Dependency <Task(EmailOperator): send_email>, prepare_email already registered for DAG: example_dag_decorator
[2023-12-27T19:37:16.034+0000] {processor.py:753} INFO - DAG(s) dict_keys(['example_dag_decorator']) retrieved from /home/airflow/.local/lib/python3.7/site-packages/airflow/example_dags/example_dag_decorator.py
[2023-12-27T19:37:16.112+0000] {logging_mixin.py:137} INFO - [2023-12-27T19:37:16.112+0000] {dag.py:2676} INFO - Sync 1 DAGs
[2023-12-27T19:37:16.129+0000] {logging_mixin.py:137} INFO - [2023-12-27T19:37:16.129+0000] {dag.py:3427} INFO - Setting next_dagrun for example_dag_decorator to None, run_after=None
[2023-12-27T19:37:16.142+0000] {processor.py:175} INFO - Processing /home/airflow/.local/lib/python3.7/site-packages/airflow/example_dags/example_dag_decorator.py took 0.143 seconds
