[2023-12-27T03:20:13.991+0000] {processor.py:153} INFO - Started process (PID=98484) to work on /home/airflow/.local/lib/python3.7/site-packages/airflow/example_dags/example_complex.py
[2023-12-27T03:20:13.991+0000] {processor.py:743} INFO - Processing file /home/airflow/.local/lib/python3.7/site-packages/airflow/example_dags/example_complex.py for tasks to queue
[2023-12-27T03:20:13.992+0000] {logging_mixin.py:137} INFO - [2023-12-27T03:20:13.992+0000] {dagbag.py:538} INFO - Filling up the DagBag from /home/airflow/.local/lib/python3.7/site-packages/airflow/example_dags/example_complex.py
[2023-12-27T03:20:13.999+0000] {logging_mixin.py:137} INFO - [2023-12-27T03:20:13.999+0000] {taskmixin.py:205} WARNING - Dependency <Task(BashOperator): create_entry_group>, delete_entry_group already registered for DAG: example_complex
[2023-12-27T03:20:14.000+0000] {logging_mixin.py:137} INFO - [2023-12-27T03:20:14.000+0000] {taskmixin.py:205} WARNING - Dependency <Task(BashOperator): delete_entry_group>, create_entry_group already registered for DAG: example_complex
[2023-12-27T03:20:14.000+0000] {logging_mixin.py:137} INFO - [2023-12-27T03:20:14.000+0000] {taskmixin.py:205} WARNING - Dependency <Task(BashOperator): create_entry_gcs>, delete_entry already registered for DAG: example_complex
[2023-12-27T03:20:14.000+0000] {logging_mixin.py:137} INFO - [2023-12-27T03:20:14.000+0000] {taskmixin.py:205} WARNING - Dependency <Task(BashOperator): delete_entry>, create_entry_gcs already registered for DAG: example_complex
[2023-12-27T03:20:14.001+0000] {logging_mixin.py:137} INFO - [2023-12-27T03:20:14.001+0000] {taskmixin.py:205} WARNING - Dependency <Task(BashOperator): create_tag>, delete_tag already registered for DAG: example_complex
[2023-12-27T03:20:14.001+0000] {logging_mixin.py:137} INFO - [2023-12-27T03:20:14.001+0000] {taskmixin.py:205} WARNING - Dependency <Task(BashOperator): delete_tag>, create_tag already registered for DAG: example_complex
[2023-12-27T03:20:14.006+0000] {processor.py:753} INFO - DAG(s) dict_keys(['example_complex']) retrieved from /home/airflow/.local/lib/python3.7/site-packages/airflow/example_dags/example_complex.py
[2023-12-27T03:20:14.032+0000] {logging_mixin.py:137} INFO - [2023-12-27T03:20:14.032+0000] {dag.py:2676} INFO - Sync 1 DAGs
[2023-12-27T03:20:14.048+0000] {logging_mixin.py:137} INFO - [2023-12-27T03:20:14.048+0000] {dag.py:3427} INFO - Setting next_dagrun for example_complex to None, run_after=None
[2023-12-27T03:20:14.059+0000] {processor.py:175} INFO - Processing /home/airflow/.local/lib/python3.7/site-packages/airflow/example_dags/example_complex.py took 0.071 seconds
[2023-12-27T08:23:48.122+0000] {processor.py:153} INFO - Started process (PID=98578) to work on /home/airflow/.local/lib/python3.7/site-packages/airflow/example_dags/example_complex.py
[2023-12-27T08:23:48.123+0000] {processor.py:743} INFO - Processing file /home/airflow/.local/lib/python3.7/site-packages/airflow/example_dags/example_complex.py for tasks to queue
[2023-12-27T08:23:48.123+0000] {logging_mixin.py:137} INFO - [2023-12-27T08:23:48.123+0000] {dagbag.py:538} INFO - Filling up the DagBag from /home/airflow/.local/lib/python3.7/site-packages/airflow/example_dags/example_complex.py
[2023-12-27T08:23:48.131+0000] {logging_mixin.py:137} INFO - [2023-12-27T08:23:48.131+0000] {taskmixin.py:205} WARNING - Dependency <Task(BashOperator): create_entry_group>, delete_entry_group already registered for DAG: example_complex
[2023-12-27T08:23:48.131+0000] {logging_mixin.py:137} INFO - [2023-12-27T08:23:48.131+0000] {taskmixin.py:205} WARNING - Dependency <Task(BashOperator): delete_entry_group>, create_entry_group already registered for DAG: example_complex
[2023-12-27T08:23:48.132+0000] {logging_mixin.py:137} INFO - [2023-12-27T08:23:48.131+0000] {taskmixin.py:205} WARNING - Dependency <Task(BashOperator): create_entry_gcs>, delete_entry already registered for DAG: example_complex
[2023-12-27T08:23:48.132+0000] {logging_mixin.py:137} INFO - [2023-12-27T08:23:48.132+0000] {taskmixin.py:205} WARNING - Dependency <Task(BashOperator): delete_entry>, create_entry_gcs already registered for DAG: example_complex
[2023-12-27T08:23:48.132+0000] {logging_mixin.py:137} INFO - [2023-12-27T08:23:48.132+0000] {taskmixin.py:205} WARNING - Dependency <Task(BashOperator): create_tag>, delete_tag already registered for DAG: example_complex
[2023-12-27T08:23:48.132+0000] {logging_mixin.py:137} INFO - [2023-12-27T08:23:48.132+0000] {taskmixin.py:205} WARNING - Dependency <Task(BashOperator): delete_tag>, create_tag already registered for DAG: example_complex
[2023-12-27T08:23:48.138+0000] {processor.py:753} INFO - DAG(s) dict_keys(['example_complex']) retrieved from /home/airflow/.local/lib/python3.7/site-packages/airflow/example_dags/example_complex.py
[2023-12-27T08:23:48.170+0000] {logging_mixin.py:137} INFO - [2023-12-27T08:23:48.170+0000] {dag.py:2676} INFO - Sync 1 DAGs
[2023-12-27T08:23:48.185+0000] {logging_mixin.py:137} INFO - [2023-12-27T08:23:48.185+0000] {dag.py:3427} INFO - Setting next_dagrun for example_complex to None, run_after=None
[2023-12-27T08:23:48.196+0000] {processor.py:175} INFO - Processing /home/airflow/.local/lib/python3.7/site-packages/airflow/example_dags/example_complex.py took 0.077 seconds
[2023-12-27T14:42:05.504+0000] {processor.py:153} INFO - Started process (PID=98654) to work on /home/airflow/.local/lib/python3.7/site-packages/airflow/example_dags/example_complex.py
[2023-12-27T14:42:05.505+0000] {processor.py:743} INFO - Processing file /home/airflow/.local/lib/python3.7/site-packages/airflow/example_dags/example_complex.py for tasks to queue
[2023-12-27T14:42:05.505+0000] {logging_mixin.py:137} INFO - [2023-12-27T14:42:05.505+0000] {dagbag.py:538} INFO - Filling up the DagBag from /home/airflow/.local/lib/python3.7/site-packages/airflow/example_dags/example_complex.py
[2023-12-27T14:42:05.515+0000] {logging_mixin.py:137} INFO - [2023-12-27T14:42:05.515+0000] {taskmixin.py:205} WARNING - Dependency <Task(BashOperator): create_entry_group>, delete_entry_group already registered for DAG: example_complex
[2023-12-27T14:42:05.515+0000] {logging_mixin.py:137} INFO - [2023-12-27T14:42:05.515+0000] {taskmixin.py:205} WARNING - Dependency <Task(BashOperator): delete_entry_group>, create_entry_group already registered for DAG: example_complex
[2023-12-27T14:42:05.516+0000] {logging_mixin.py:137} INFO - [2023-12-27T14:42:05.516+0000] {taskmixin.py:205} WARNING - Dependency <Task(BashOperator): create_entry_gcs>, delete_entry already registered for DAG: example_complex
[2023-12-27T14:42:05.516+0000] {logging_mixin.py:137} INFO - [2023-12-27T14:42:05.516+0000] {taskmixin.py:205} WARNING - Dependency <Task(BashOperator): delete_entry>, create_entry_gcs already registered for DAG: example_complex
[2023-12-27T14:42:05.517+0000] {logging_mixin.py:137} INFO - [2023-12-27T14:42:05.517+0000] {taskmixin.py:205} WARNING - Dependency <Task(BashOperator): create_tag>, delete_tag already registered for DAG: example_complex
[2023-12-27T14:42:05.517+0000] {logging_mixin.py:137} INFO - [2023-12-27T14:42:05.517+0000] {taskmixin.py:205} WARNING - Dependency <Task(BashOperator): delete_tag>, create_tag already registered for DAG: example_complex
[2023-12-27T14:42:05.524+0000] {processor.py:753} INFO - DAG(s) dict_keys(['example_complex']) retrieved from /home/airflow/.local/lib/python3.7/site-packages/airflow/example_dags/example_complex.py
[2023-12-27T14:42:05.566+0000] {logging_mixin.py:137} INFO - [2023-12-27T14:42:05.566+0000] {dag.py:2676} INFO - Sync 1 DAGs
[2023-12-27T14:42:05.585+0000] {logging_mixin.py:137} INFO - [2023-12-27T14:42:05.585+0000] {dag.py:3427} INFO - Setting next_dagrun for example_complex to None, run_after=None
[2023-12-27T14:42:05.597+0000] {processor.py:175} INFO - Processing /home/airflow/.local/lib/python3.7/site-packages/airflow/example_dags/example_complex.py took 0.097 seconds
[2023-12-27T19:37:16.651+0000] {processor.py:153} INFO - Started process (PID=98748) to work on /home/airflow/.local/lib/python3.7/site-packages/airflow/example_dags/example_complex.py
[2023-12-27T19:37:16.652+0000] {processor.py:743} INFO - Processing file /home/airflow/.local/lib/python3.7/site-packages/airflow/example_dags/example_complex.py for tasks to queue
[2023-12-27T19:37:16.653+0000] {logging_mixin.py:137} INFO - [2023-12-27T19:37:16.653+0000] {dagbag.py:538} INFO - Filling up the DagBag from /home/airflow/.local/lib/python3.7/site-packages/airflow/example_dags/example_complex.py
[2023-12-27T19:37:16.660+0000] {logging_mixin.py:137} INFO - [2023-12-27T19:37:16.660+0000] {taskmixin.py:205} WARNING - Dependency <Task(BashOperator): create_entry_group>, delete_entry_group already registered for DAG: example_complex
[2023-12-27T19:37:16.660+0000] {logging_mixin.py:137} INFO - [2023-12-27T19:37:16.660+0000] {taskmixin.py:205} WARNING - Dependency <Task(BashOperator): delete_entry_group>, create_entry_group already registered for DAG: example_complex
[2023-12-27T19:37:16.661+0000] {logging_mixin.py:137} INFO - [2023-12-27T19:37:16.660+0000] {taskmixin.py:205} WARNING - Dependency <Task(BashOperator): create_entry_gcs>, delete_entry already registered for DAG: example_complex
[2023-12-27T19:37:16.661+0000] {logging_mixin.py:137} INFO - [2023-12-27T19:37:16.661+0000] {taskmixin.py:205} WARNING - Dependency <Task(BashOperator): delete_entry>, create_entry_gcs already registered for DAG: example_complex
[2023-12-27T19:37:16.661+0000] {logging_mixin.py:137} INFO - [2023-12-27T19:37:16.661+0000] {taskmixin.py:205} WARNING - Dependency <Task(BashOperator): create_tag>, delete_tag already registered for DAG: example_complex
[2023-12-27T19:37:16.661+0000] {logging_mixin.py:137} INFO - [2023-12-27T19:37:16.661+0000] {taskmixin.py:205} WARNING - Dependency <Task(BashOperator): delete_tag>, create_tag already registered for DAG: example_complex
[2023-12-27T19:37:16.667+0000] {processor.py:753} INFO - DAG(s) dict_keys(['example_complex']) retrieved from /home/airflow/.local/lib/python3.7/site-packages/airflow/example_dags/example_complex.py
[2023-12-27T19:37:16.695+0000] {logging_mixin.py:137} INFO - [2023-12-27T19:37:16.695+0000] {dag.py:2676} INFO - Sync 1 DAGs
[2023-12-27T19:37:16.711+0000] {logging_mixin.py:137} INFO - [2023-12-27T19:37:16.711+0000] {dag.py:3427} INFO - Setting next_dagrun for example_complex to None, run_after=None
[2023-12-27T19:37:16.722+0000] {processor.py:175} INFO - Processing /home/airflow/.local/lib/python3.7/site-packages/airflow/example_dags/example_complex.py took 0.074 seconds
