[2023-12-27T03:20:12.465+0000] {processor.py:153} INFO - Started process (PID=98456) to work on /home/airflow/.local/lib/python3.7/site-packages/airflow/example_dags/example_xcomargs.py
[2023-12-27T03:20:12.473+0000] {processor.py:743} INFO - Processing file /home/airflow/.local/lib/python3.7/site-packages/airflow/example_dags/example_xcomargs.py for tasks to queue
[2023-12-27T03:20:12.475+0000] {logging_mixin.py:137} INFO - [2023-12-27T03:20:12.474+0000] {dagbag.py:538} INFO - Filling up the DagBag from /home/airflow/.local/lib/python3.7/site-packages/airflow/example_dags/example_xcomargs.py
[2023-12-27T03:20:12.543+0000] {processor.py:753} INFO - DAG(s) dict_keys(['example_xcom_args_with_operators', 'example_xcom_args']) retrieved from /home/airflow/.local/lib/python3.7/site-packages/airflow/example_dags/example_xcomargs.py
[2023-12-27T03:20:12.626+0000] {logging_mixin.py:137} INFO - [2023-12-27T03:20:12.626+0000] {dag.py:2676} INFO - Sync 2 DAGs
[2023-12-27T03:20:12.655+0000] {logging_mixin.py:137} INFO - [2023-12-27T03:20:12.655+0000] {dag.py:3427} INFO - Setting next_dagrun for example_xcom_args to None, run_after=None
[2023-12-27T03:20:12.658+0000] {logging_mixin.py:137} INFO - [2023-12-27T03:20:12.658+0000] {dag.py:3427} INFO - Setting next_dagrun for example_xcom_args_with_operators to None, run_after=None
[2023-12-27T03:20:12.678+0000] {processor.py:175} INFO - Processing /home/airflow/.local/lib/python3.7/site-packages/airflow/example_dags/example_xcomargs.py took 0.219 seconds
[2023-12-27T08:23:45.880+0000] {processor.py:153} INFO - Started process (PID=98550) to work on /home/airflow/.local/lib/python3.7/site-packages/airflow/example_dags/example_xcomargs.py
[2023-12-27T08:23:45.881+0000] {processor.py:743} INFO - Processing file /home/airflow/.local/lib/python3.7/site-packages/airflow/example_dags/example_xcomargs.py for tasks to queue
[2023-12-27T08:23:45.882+0000] {logging_mixin.py:137} INFO - [2023-12-27T08:23:45.882+0000] {dagbag.py:538} INFO - Filling up the DagBag from /home/airflow/.local/lib/python3.7/site-packages/airflow/example_dags/example_xcomargs.py
[2023-12-27T08:23:45.908+0000] {processor.py:753} INFO - DAG(s) dict_keys(['example_xcom_args', 'example_xcom_args_with_operators']) retrieved from /home/airflow/.local/lib/python3.7/site-packages/airflow/example_dags/example_xcomargs.py
[2023-12-27T08:23:45.944+0000] {logging_mixin.py:137} INFO - [2023-12-27T08:23:45.944+0000] {dag.py:2676} INFO - Sync 2 DAGs
[2023-12-27T08:23:45.970+0000] {logging_mixin.py:137} INFO - [2023-12-27T08:23:45.970+0000] {dag.py:3427} INFO - Setting next_dagrun for example_xcom_args to None, run_after=None
[2023-12-27T08:23:45.973+0000] {logging_mixin.py:137} INFO - [2023-12-27T08:23:45.973+0000] {dag.py:3427} INFO - Setting next_dagrun for example_xcom_args_with_operators to None, run_after=None
[2023-12-27T08:23:45.990+0000] {processor.py:175} INFO - Processing /home/airflow/.local/lib/python3.7/site-packages/airflow/example_dags/example_xcomargs.py took 0.113 seconds
[2023-12-27T14:42:03.445+0000] {processor.py:153} INFO - Started process (PID=98626) to work on /home/airflow/.local/lib/python3.7/site-packages/airflow/example_dags/example_xcomargs.py
[2023-12-27T14:42:03.446+0000] {processor.py:743} INFO - Processing file /home/airflow/.local/lib/python3.7/site-packages/airflow/example_dags/example_xcomargs.py for tasks to queue
[2023-12-27T14:42:03.447+0000] {logging_mixin.py:137} INFO - [2023-12-27T14:42:03.446+0000] {dagbag.py:538} INFO - Filling up the DagBag from /home/airflow/.local/lib/python3.7/site-packages/airflow/example_dags/example_xcomargs.py
[2023-12-27T14:42:03.463+0000] {processor.py:753} INFO - DAG(s) dict_keys(['example_xcom_args_with_operators', 'example_xcom_args']) retrieved from /home/airflow/.local/lib/python3.7/site-packages/airflow/example_dags/example_xcomargs.py
[2023-12-27T14:42:03.496+0000] {logging_mixin.py:137} INFO - [2023-12-27T14:42:03.496+0000] {dag.py:2676} INFO - Sync 2 DAGs
[2023-12-27T14:42:03.515+0000] {logging_mixin.py:137} INFO - [2023-12-27T14:42:03.514+0000] {dag.py:3427} INFO - Setting next_dagrun for example_xcom_args to None, run_after=None
[2023-12-27T14:42:03.518+0000] {logging_mixin.py:137} INFO - [2023-12-27T14:42:03.518+0000] {dag.py:3427} INFO - Setting next_dagrun for example_xcom_args_with_operators to None, run_after=None
[2023-12-27T14:42:03.529+0000] {processor.py:175} INFO - Processing /home/airflow/.local/lib/python3.7/site-packages/airflow/example_dags/example_xcomargs.py took 0.086 seconds
[2023-12-27T19:37:13.207+0000] {processor.py:153} INFO - Started process (PID=98720) to work on /home/airflow/.local/lib/python3.7/site-packages/airflow/example_dags/example_xcomargs.py
[2023-12-27T19:37:13.208+0000] {processor.py:743} INFO - Processing file /home/airflow/.local/lib/python3.7/site-packages/airflow/example_dags/example_xcomargs.py for tasks to queue
[2023-12-27T19:37:13.209+0000] {logging_mixin.py:137} INFO - [2023-12-27T19:37:13.209+0000] {dagbag.py:538} INFO - Filling up the DagBag from /home/airflow/.local/lib/python3.7/site-packages/airflow/example_dags/example_xcomargs.py
[2023-12-27T19:37:13.247+0000] {processor.py:753} INFO - DAG(s) dict_keys(['example_xcom_args', 'example_xcom_args_with_operators']) retrieved from /home/airflow/.local/lib/python3.7/site-packages/airflow/example_dags/example_xcomargs.py
[2023-12-27T19:37:13.312+0000] {logging_mixin.py:137} INFO - [2023-12-27T19:37:13.312+0000] {dag.py:2676} INFO - Sync 2 DAGs
[2023-12-27T19:37:13.369+0000] {logging_mixin.py:137} INFO - [2023-12-27T19:37:13.369+0000] {dag.py:3427} INFO - Setting next_dagrun for example_xcom_args to None, run_after=None
[2023-12-27T19:37:13.378+0000] {logging_mixin.py:137} INFO - [2023-12-27T19:37:13.378+0000] {dag.py:3427} INFO - Setting next_dagrun for example_xcom_args_with_operators to None, run_after=None
[2023-12-27T19:37:13.401+0000] {processor.py:175} INFO - Processing /home/airflow/.local/lib/python3.7/site-packages/airflow/example_dags/example_xcomargs.py took 0.199 seconds
