[2023-12-27T03:20:13.521+0000] {processor.py:153} INFO - Started process (PID=98473) to work on /home/airflow/.local/lib/python3.7/site-packages/airflow/example_dags/example_xcom.py
[2023-12-27T03:20:13.522+0000] {processor.py:743} INFO - Processing file /home/airflow/.local/lib/python3.7/site-packages/airflow/example_dags/example_xcom.py for tasks to queue
[2023-12-27T03:20:13.522+0000] {logging_mixin.py:137} INFO - [2023-12-27T03:20:13.522+0000] {dagbag.py:538} INFO - Filling up the DagBag from /home/airflow/.local/lib/python3.7/site-packages/airflow/example_dags/example_xcom.py
[2023-12-27T03:20:13.539+0000] {processor.py:753} INFO - DAG(s) dict_keys(['example_xcom']) retrieved from /home/airflow/.local/lib/python3.7/site-packages/airflow/example_dags/example_xcom.py
[2023-12-27T03:20:13.564+0000] {logging_mixin.py:137} INFO - [2023-12-27T03:20:13.564+0000] {dag.py:2676} INFO - Sync 1 DAGs
[2023-12-27T03:20:13.588+0000] {logging_mixin.py:137} INFO - [2023-12-27T03:20:13.588+0000] {dag.py:3427} INFO - Setting next_dagrun for example_xcom to 2021-01-01T00:00:00+00:00, run_after=2021-01-01T00:00:00+00:00
[2023-12-27T03:20:13.603+0000] {processor.py:175} INFO - Processing /home/airflow/.local/lib/python3.7/site-packages/airflow/example_dags/example_xcom.py took 0.084 seconds
[2023-12-27T08:23:47.525+0000] {processor.py:153} INFO - Started process (PID=98567) to work on /home/airflow/.local/lib/python3.7/site-packages/airflow/example_dags/example_xcom.py
[2023-12-27T08:23:47.526+0000] {processor.py:743} INFO - Processing file /home/airflow/.local/lib/python3.7/site-packages/airflow/example_dags/example_xcom.py for tasks to queue
[2023-12-27T08:23:47.527+0000] {logging_mixin.py:137} INFO - [2023-12-27T08:23:47.527+0000] {dagbag.py:538} INFO - Filling up the DagBag from /home/airflow/.local/lib/python3.7/site-packages/airflow/example_dags/example_xcom.py
[2023-12-27T08:23:47.554+0000] {processor.py:753} INFO - DAG(s) dict_keys(['example_xcom']) retrieved from /home/airflow/.local/lib/python3.7/site-packages/airflow/example_dags/example_xcom.py
[2023-12-27T08:23:47.596+0000] {logging_mixin.py:137} INFO - [2023-12-27T08:23:47.596+0000] {dag.py:2676} INFO - Sync 1 DAGs
[2023-12-27T08:23:47.624+0000] {logging_mixin.py:137} INFO - [2023-12-27T08:23:47.624+0000] {dag.py:3427} INFO - Setting next_dagrun for example_xcom to 2021-01-01T00:00:00+00:00, run_after=2021-01-01T00:00:00+00:00
[2023-12-27T08:23:47.640+0000] {processor.py:175} INFO - Processing /home/airflow/.local/lib/python3.7/site-packages/airflow/example_dags/example_xcom.py took 0.120 seconds
[2023-12-27T14:42:04.837+0000] {processor.py:153} INFO - Started process (PID=98643) to work on /home/airflow/.local/lib/python3.7/site-packages/airflow/example_dags/example_xcom.py
[2023-12-27T14:42:04.838+0000] {processor.py:743} INFO - Processing file /home/airflow/.local/lib/python3.7/site-packages/airflow/example_dags/example_xcom.py for tasks to queue
[2023-12-27T14:42:04.838+0000] {logging_mixin.py:137} INFO - [2023-12-27T14:42:04.838+0000] {dagbag.py:538} INFO - Filling up the DagBag from /home/airflow/.local/lib/python3.7/site-packages/airflow/example_dags/example_xcom.py
[2023-12-27T14:42:04.854+0000] {processor.py:753} INFO - DAG(s) dict_keys(['example_xcom']) retrieved from /home/airflow/.local/lib/python3.7/site-packages/airflow/example_dags/example_xcom.py
[2023-12-27T14:42:04.881+0000] {logging_mixin.py:137} INFO - [2023-12-27T14:42:04.881+0000] {dag.py:2676} INFO - Sync 1 DAGs
[2023-12-27T14:42:04.896+0000] {logging_mixin.py:137} INFO - [2023-12-27T14:42:04.896+0000] {dag.py:3427} INFO - Setting next_dagrun for example_xcom to 2021-01-01T00:00:00+00:00, run_after=2021-01-01T00:00:00+00:00
[2023-12-27T14:42:04.907+0000] {processor.py:175} INFO - Processing /home/airflow/.local/lib/python3.7/site-packages/airflow/example_dags/example_xcom.py took 0.072 seconds
[2023-12-27T19:37:16.162+0000] {processor.py:153} INFO - Started process (PID=98737) to work on /home/airflow/.local/lib/python3.7/site-packages/airflow/example_dags/example_xcom.py
[2023-12-27T19:37:16.163+0000] {processor.py:743} INFO - Processing file /home/airflow/.local/lib/python3.7/site-packages/airflow/example_dags/example_xcom.py for tasks to queue
[2023-12-27T19:37:16.163+0000] {logging_mixin.py:137} INFO - [2023-12-27T19:37:16.163+0000] {dagbag.py:538} INFO - Filling up the DagBag from /home/airflow/.local/lib/python3.7/site-packages/airflow/example_dags/example_xcom.py
[2023-12-27T19:37:16.185+0000] {processor.py:753} INFO - DAG(s) dict_keys(['example_xcom']) retrieved from /home/airflow/.local/lib/python3.7/site-packages/airflow/example_dags/example_xcom.py
[2023-12-27T19:37:16.217+0000] {logging_mixin.py:137} INFO - [2023-12-27T19:37:16.217+0000] {dag.py:2676} INFO - Sync 1 DAGs
[2023-12-27T19:37:16.243+0000] {logging_mixin.py:137} INFO - [2023-12-27T19:37:16.243+0000] {dag.py:3427} INFO - Setting next_dagrun for example_xcom to 2021-01-01T00:00:00+00:00, run_after=2021-01-01T00:00:00+00:00
[2023-12-27T19:37:16.255+0000] {processor.py:175} INFO - Processing /home/airflow/.local/lib/python3.7/site-packages/airflow/example_dags/example_xcom.py took 0.096 seconds
