[2023-12-27T03:20:13.429+0000] {processor.py:153} INFO - Started process (PID=98472) to work on /home/airflow/.local/lib/python3.7/site-packages/airflow/example_dags/example_branch_day_of_week_operator.py
[2023-12-27T03:20:13.430+0000] {processor.py:743} INFO - Processing file /home/airflow/.local/lib/python3.7/site-packages/airflow/example_dags/example_branch_day_of_week_operator.py for tasks to queue
[2023-12-27T03:20:13.431+0000] {logging_mixin.py:137} INFO - [2023-12-27T03:20:13.431+0000] {dagbag.py:538} INFO - Filling up the DagBag from /home/airflow/.local/lib/python3.7/site-packages/airflow/example_dags/example_branch_day_of_week_operator.py
[2023-12-27T03:20:13.442+0000] {processor.py:753} INFO - DAG(s) dict_keys(['example_weekday_branch_operator']) retrieved from /home/airflow/.local/lib/python3.7/site-packages/airflow/example_dags/example_branch_day_of_week_operator.py
[2023-12-27T03:20:13.470+0000] {logging_mixin.py:137} INFO - [2023-12-27T03:20:13.470+0000] {dag.py:2676} INFO - Sync 1 DAGs
[2023-12-27T03:20:13.498+0000] {logging_mixin.py:137} INFO - [2023-12-27T03:20:13.497+0000] {dag.py:3427} INFO - Setting next_dagrun for example_weekday_branch_operator to 2023-12-26T00:00:00+00:00, run_after=2023-12-27T00:00:00+00:00
[2023-12-27T03:20:13.510+0000] {processor.py:175} INFO - Processing /home/airflow/.local/lib/python3.7/site-packages/airflow/example_dags/example_branch_day_of_week_operator.py took 0.083 seconds
[2023-12-27T08:23:47.432+0000] {processor.py:153} INFO - Started process (PID=98566) to work on /home/airflow/.local/lib/python3.7/site-packages/airflow/example_dags/example_branch_day_of_week_operator.py
[2023-12-27T08:23:47.434+0000] {processor.py:743} INFO - Processing file /home/airflow/.local/lib/python3.7/site-packages/airflow/example_dags/example_branch_day_of_week_operator.py for tasks to queue
[2023-12-27T08:23:47.434+0000] {logging_mixin.py:137} INFO - [2023-12-27T08:23:47.434+0000] {dagbag.py:538} INFO - Filling up the DagBag from /home/airflow/.local/lib/python3.7/site-packages/airflow/example_dags/example_branch_day_of_week_operator.py
[2023-12-27T08:23:47.455+0000] {processor.py:753} INFO - DAG(s) dict_keys(['example_weekday_branch_operator']) retrieved from /home/airflow/.local/lib/python3.7/site-packages/airflow/example_dags/example_branch_day_of_week_operator.py
[2023-12-27T08:23:47.514+0000] {logging_mixin.py:137} INFO - [2023-12-27T08:23:47.514+0000] {dag.py:2676} INFO - Sync 1 DAGs
[2023-12-27T08:23:47.539+0000] {logging_mixin.py:137} INFO - [2023-12-27T08:23:47.538+0000] {dag.py:3427} INFO - Setting next_dagrun for example_weekday_branch_operator to 2023-12-26T00:00:00+00:00, run_after=2023-12-27T00:00:00+00:00
[2023-12-27T08:23:47.568+0000] {processor.py:175} INFO - Processing /home/airflow/.local/lib/python3.7/site-packages/airflow/example_dags/example_branch_day_of_week_operator.py took 0.139 seconds
[2023-12-27T14:42:04.746+0000] {processor.py:153} INFO - Started process (PID=98642) to work on /home/airflow/.local/lib/python3.7/site-packages/airflow/example_dags/example_branch_day_of_week_operator.py
[2023-12-27T14:42:04.747+0000] {processor.py:743} INFO - Processing file /home/airflow/.local/lib/python3.7/site-packages/airflow/example_dags/example_branch_day_of_week_operator.py for tasks to queue
[2023-12-27T14:42:04.747+0000] {logging_mixin.py:137} INFO - [2023-12-27T14:42:04.747+0000] {dagbag.py:538} INFO - Filling up the DagBag from /home/airflow/.local/lib/python3.7/site-packages/airflow/example_dags/example_branch_day_of_week_operator.py
[2023-12-27T14:42:04.761+0000] {processor.py:753} INFO - DAG(s) dict_keys(['example_weekday_branch_operator']) retrieved from /home/airflow/.local/lib/python3.7/site-packages/airflow/example_dags/example_branch_day_of_week_operator.py
[2023-12-27T14:42:04.790+0000] {logging_mixin.py:137} INFO - [2023-12-27T14:42:04.790+0000] {dag.py:2676} INFO - Sync 1 DAGs
[2023-12-27T14:42:04.807+0000] {logging_mixin.py:137} INFO - [2023-12-27T14:42:04.807+0000] {dag.py:3427} INFO - Setting next_dagrun for example_weekday_branch_operator to 2023-12-26T00:00:00+00:00, run_after=2023-12-27T00:00:00+00:00
[2023-12-27T14:42:04.818+0000] {processor.py:175} INFO - Processing /home/airflow/.local/lib/python3.7/site-packages/airflow/example_dags/example_branch_day_of_week_operator.py took 0.076 seconds
[2023-12-27T19:37:16.082+0000] {processor.py:153} INFO - Started process (PID=98736) to work on /home/airflow/.local/lib/python3.7/site-packages/airflow/example_dags/example_branch_day_of_week_operator.py
[2023-12-27T19:37:16.083+0000] {processor.py:743} INFO - Processing file /home/airflow/.local/lib/python3.7/site-packages/airflow/example_dags/example_branch_day_of_week_operator.py for tasks to queue
[2023-12-27T19:37:16.084+0000] {logging_mixin.py:137} INFO - [2023-12-27T19:37:16.084+0000] {dagbag.py:538} INFO - Filling up the DagBag from /home/airflow/.local/lib/python3.7/site-packages/airflow/example_dags/example_branch_day_of_week_operator.py
[2023-12-27T19:37:16.099+0000] {processor.py:753} INFO - DAG(s) dict_keys(['example_weekday_branch_operator']) retrieved from /home/airflow/.local/lib/python3.7/site-packages/airflow/example_dags/example_branch_day_of_week_operator.py
[2023-12-27T19:37:16.131+0000] {logging_mixin.py:137} INFO - [2023-12-27T19:37:16.130+0000] {dag.py:2676} INFO - Sync 1 DAGs
[2023-12-27T19:37:16.148+0000] {logging_mixin.py:137} INFO - [2023-12-27T19:37:16.148+0000] {dag.py:3427} INFO - Setting next_dagrun for example_weekday_branch_operator to 2023-12-26T00:00:00+00:00, run_after=2023-12-27T00:00:00+00:00
[2023-12-27T19:37:16.159+0000] {processor.py:175} INFO - Processing /home/airflow/.local/lib/python3.7/site-packages/airflow/example_dags/example_branch_day_of_week_operator.py took 0.083 seconds
