[2023-12-27T03:20:13.881+0000] {processor.py:153} INFO - Started process (PID=98481) to work on /home/airflow/.local/lib/python3.7/site-packages/airflow/example_dags/example_external_task_marker_dag.py
[2023-12-27T03:20:13.882+0000] {processor.py:743} INFO - Processing file /home/airflow/.local/lib/python3.7/site-packages/airflow/example_dags/example_external_task_marker_dag.py for tasks to queue
[2023-12-27T03:20:13.883+0000] {logging_mixin.py:137} INFO - [2023-12-27T03:20:13.883+0000] {dagbag.py:538} INFO - Filling up the DagBag from /home/airflow/.local/lib/python3.7/site-packages/airflow/example_dags/example_external_task_marker_dag.py
[2023-12-27T03:20:13.893+0000] {processor.py:753} INFO - DAG(s) dict_keys(['example_external_task_marker_parent', 'example_external_task_marker_child']) retrieved from /home/airflow/.local/lib/python3.7/site-packages/airflow/example_dags/example_external_task_marker_dag.py
[2023-12-27T03:20:13.919+0000] {logging_mixin.py:137} INFO - [2023-12-27T03:20:13.919+0000] {dag.py:2676} INFO - Sync 2 DAGs
[2023-12-27T03:20:13.936+0000] {logging_mixin.py:137} INFO - [2023-12-27T03:20:13.935+0000] {dag.py:3427} INFO - Setting next_dagrun for example_external_task_marker_child to None, run_after=None
[2023-12-27T03:20:13.938+0000] {logging_mixin.py:137} INFO - [2023-12-27T03:20:13.938+0000] {dag.py:3427} INFO - Setting next_dagrun for example_external_task_marker_parent to None, run_after=None
[2023-12-27T03:20:13.946+0000] {processor.py:175} INFO - Processing /home/airflow/.local/lib/python3.7/site-packages/airflow/example_dags/example_external_task_marker_dag.py took 0.067 seconds
[2023-12-27T08:23:47.971+0000] {processor.py:153} INFO - Started process (PID=98575) to work on /home/airflow/.local/lib/python3.7/site-packages/airflow/example_dags/example_external_task_marker_dag.py
[2023-12-27T08:23:47.972+0000] {processor.py:743} INFO - Processing file /home/airflow/.local/lib/python3.7/site-packages/airflow/example_dags/example_external_task_marker_dag.py for tasks to queue
[2023-12-27T08:23:47.973+0000] {logging_mixin.py:137} INFO - [2023-12-27T08:23:47.973+0000] {dagbag.py:538} INFO - Filling up the DagBag from /home/airflow/.local/lib/python3.7/site-packages/airflow/example_dags/example_external_task_marker_dag.py
[2023-12-27T08:23:47.985+0000] {processor.py:753} INFO - DAG(s) dict_keys(['example_external_task_marker_child', 'example_external_task_marker_parent']) retrieved from /home/airflow/.local/lib/python3.7/site-packages/airflow/example_dags/example_external_task_marker_dag.py
[2023-12-27T08:23:48.014+0000] {logging_mixin.py:137} INFO - [2023-12-27T08:23:48.014+0000] {dag.py:2676} INFO - Sync 2 DAGs
[2023-12-27T08:23:48.030+0000] {logging_mixin.py:137} INFO - [2023-12-27T08:23:48.030+0000] {dag.py:3427} INFO - Setting next_dagrun for example_external_task_marker_child to None, run_after=None
[2023-12-27T08:23:48.032+0000] {logging_mixin.py:137} INFO - [2023-12-27T08:23:48.032+0000] {dag.py:3427} INFO - Setting next_dagrun for example_external_task_marker_parent to None, run_after=None
[2023-12-27T08:23:48.041+0000] {processor.py:175} INFO - Processing /home/airflow/.local/lib/python3.7/site-packages/airflow/example_dags/example_external_task_marker_dag.py took 0.073 seconds
[2023-12-27T14:42:05.236+0000] {processor.py:153} INFO - Started process (PID=98651) to work on /home/airflow/.local/lib/python3.7/site-packages/airflow/example_dags/example_external_task_marker_dag.py
[2023-12-27T14:42:05.237+0000] {processor.py:743} INFO - Processing file /home/airflow/.local/lib/python3.7/site-packages/airflow/example_dags/example_external_task_marker_dag.py for tasks to queue
[2023-12-27T14:42:05.239+0000] {logging_mixin.py:137} INFO - [2023-12-27T14:42:05.238+0000] {dagbag.py:538} INFO - Filling up the DagBag from /home/airflow/.local/lib/python3.7/site-packages/airflow/example_dags/example_external_task_marker_dag.py
[2023-12-27T14:42:05.257+0000] {processor.py:753} INFO - DAG(s) dict_keys(['example_external_task_marker_child', 'example_external_task_marker_parent']) retrieved from /home/airflow/.local/lib/python3.7/site-packages/airflow/example_dags/example_external_task_marker_dag.py
[2023-12-27T14:42:05.309+0000] {logging_mixin.py:137} INFO - [2023-12-27T14:42:05.309+0000] {dag.py:2676} INFO - Sync 2 DAGs
[2023-12-27T14:42:05.336+0000] {logging_mixin.py:137} INFO - [2023-12-27T14:42:05.336+0000] {dag.py:3427} INFO - Setting next_dagrun for example_external_task_marker_child to None, run_after=None
[2023-12-27T14:42:05.342+0000] {logging_mixin.py:137} INFO - [2023-12-27T14:42:05.342+0000] {dag.py:3427} INFO - Setting next_dagrun for example_external_task_marker_parent to None, run_after=None
[2023-12-27T14:42:05.365+0000] {processor.py:175} INFO - Processing /home/airflow/.local/lib/python3.7/site-packages/airflow/example_dags/example_external_task_marker_dag.py took 0.134 seconds
[2023-12-27T19:37:16.520+0000] {processor.py:153} INFO - Started process (PID=98745) to work on /home/airflow/.local/lib/python3.7/site-packages/airflow/example_dags/example_external_task_marker_dag.py
[2023-12-27T19:37:16.521+0000] {processor.py:743} INFO - Processing file /home/airflow/.local/lib/python3.7/site-packages/airflow/example_dags/example_external_task_marker_dag.py for tasks to queue
[2023-12-27T19:37:16.522+0000] {logging_mixin.py:137} INFO - [2023-12-27T19:37:16.522+0000] {dagbag.py:538} INFO - Filling up the DagBag from /home/airflow/.local/lib/python3.7/site-packages/airflow/example_dags/example_external_task_marker_dag.py
[2023-12-27T19:37:16.536+0000] {processor.py:753} INFO - DAG(s) dict_keys(['example_external_task_marker_parent', 'example_external_task_marker_child']) retrieved from /home/airflow/.local/lib/python3.7/site-packages/airflow/example_dags/example_external_task_marker_dag.py
[2023-12-27T19:37:16.569+0000] {logging_mixin.py:137} INFO - [2023-12-27T19:37:16.569+0000] {dag.py:2676} INFO - Sync 2 DAGs
[2023-12-27T19:37:16.586+0000] {logging_mixin.py:137} INFO - [2023-12-27T19:37:16.586+0000] {dag.py:3427} INFO - Setting next_dagrun for example_external_task_marker_child to None, run_after=None
[2023-12-27T19:37:16.589+0000] {logging_mixin.py:137} INFO - [2023-12-27T19:37:16.589+0000] {dag.py:3427} INFO - Setting next_dagrun for example_external_task_marker_parent to None, run_after=None
[2023-12-27T19:37:16.598+0000] {processor.py:175} INFO - Processing /home/airflow/.local/lib/python3.7/site-packages/airflow/example_dags/example_external_task_marker_dag.py took 0.080 seconds
