[2023-12-27T03:20:11.531+0000] {processor.py:153} INFO - Started process (PID=98454) to work on /home/airflow/.local/lib/python3.7/site-packages/airflow/example_dags/example_branch_operator_decorator.py
[2023-12-27T03:20:11.533+0000] {processor.py:743} INFO - Processing file /home/airflow/.local/lib/python3.7/site-packages/airflow/example_dags/example_branch_operator_decorator.py for tasks to queue
[2023-12-27T03:20:11.534+0000] {logging_mixin.py:137} INFO - [2023-12-27T03:20:11.534+0000] {dagbag.py:538} INFO - Filling up the DagBag from /home/airflow/.local/lib/python3.7/site-packages/airflow/example_dags/example_branch_operator_decorator.py
[2023-12-27T03:20:11.567+0000] {processor.py:753} INFO - DAG(s) dict_keys(['example_branch_python_operator_decorator']) retrieved from /home/airflow/.local/lib/python3.7/site-packages/airflow/example_dags/example_branch_operator_decorator.py
[2023-12-27T03:20:11.635+0000] {logging_mixin.py:137} INFO - [2023-12-27T03:20:11.634+0000] {dag.py:2676} INFO - Sync 1 DAGs
[2023-12-27T03:20:12.175+0000] {logging_mixin.py:137} INFO - [2023-12-27T03:20:12.174+0000] {dag.py:3427} INFO - Setting next_dagrun for example_branch_python_operator_decorator to 2023-12-26T00:00:00+00:00, run_after=2023-12-27T00:00:00+00:00
[2023-12-27T03:20:12.407+0000] {processor.py:175} INFO - Processing /home/airflow/.local/lib/python3.7/site-packages/airflow/example_dags/example_branch_operator_decorator.py took 0.887 seconds
[2023-12-27T08:23:45.721+0000] {processor.py:153} INFO - Started process (PID=98548) to work on /home/airflow/.local/lib/python3.7/site-packages/airflow/example_dags/example_branch_operator_decorator.py
[2023-12-27T08:23:45.726+0000] {processor.py:743} INFO - Processing file /home/airflow/.local/lib/python3.7/site-packages/airflow/example_dags/example_branch_operator_decorator.py for tasks to queue
[2023-12-27T08:23:45.729+0000] {logging_mixin.py:137} INFO - [2023-12-27T08:23:45.728+0000] {dagbag.py:538} INFO - Filling up the DagBag from /home/airflow/.local/lib/python3.7/site-packages/airflow/example_dags/example_branch_operator_decorator.py
[2023-12-27T08:23:45.767+0000] {processor.py:753} INFO - DAG(s) dict_keys(['example_branch_python_operator_decorator']) retrieved from /home/airflow/.local/lib/python3.7/site-packages/airflow/example_dags/example_branch_operator_decorator.py
[2023-12-27T08:23:45.824+0000] {logging_mixin.py:137} INFO - [2023-12-27T08:23:45.824+0000] {dag.py:2676} INFO - Sync 1 DAGs
[2023-12-27T08:23:45.846+0000] {logging_mixin.py:137} INFO - [2023-12-27T08:23:45.846+0000] {dag.py:3427} INFO - Setting next_dagrun for example_branch_python_operator_decorator to 2023-12-26T00:00:00+00:00, run_after=2023-12-27T00:00:00+00:00
[2023-12-27T08:23:45.861+0000] {processor.py:175} INFO - Processing /home/airflow/.local/lib/python3.7/site-packages/airflow/example_dags/example_branch_operator_decorator.py took 0.155 seconds
[2023-12-27T14:42:03.344+0000] {processor.py:153} INFO - Started process (PID=98624) to work on /home/airflow/.local/lib/python3.7/site-packages/airflow/example_dags/example_branch_operator_decorator.py
[2023-12-27T14:42:03.345+0000] {processor.py:743} INFO - Processing file /home/airflow/.local/lib/python3.7/site-packages/airflow/example_dags/example_branch_operator_decorator.py for tasks to queue
[2023-12-27T14:42:03.346+0000] {logging_mixin.py:137} INFO - [2023-12-27T14:42:03.346+0000] {dagbag.py:538} INFO - Filling up the DagBag from /home/airflow/.local/lib/python3.7/site-packages/airflow/example_dags/example_branch_operator_decorator.py
[2023-12-27T14:42:03.370+0000] {processor.py:753} INFO - DAG(s) dict_keys(['example_branch_python_operator_decorator']) retrieved from /home/airflow/.local/lib/python3.7/site-packages/airflow/example_dags/example_branch_operator_decorator.py
[2023-12-27T14:42:03.398+0000] {logging_mixin.py:137} INFO - [2023-12-27T14:42:03.398+0000] {dag.py:2676} INFO - Sync 1 DAGs
[2023-12-27T14:42:03.415+0000] {logging_mixin.py:137} INFO - [2023-12-27T14:42:03.415+0000] {dag.py:3427} INFO - Setting next_dagrun for example_branch_python_operator_decorator to 2023-12-26T00:00:00+00:00, run_after=2023-12-27T00:00:00+00:00
[2023-12-27T14:42:03.427+0000] {processor.py:175} INFO - Processing /home/airflow/.local/lib/python3.7/site-packages/airflow/example_dags/example_branch_operator_decorator.py took 0.085 seconds
[2023-12-27T19:37:13.047+0000] {processor.py:153} INFO - Started process (PID=98718) to work on /home/airflow/.local/lib/python3.7/site-packages/airflow/example_dags/example_branch_operator_decorator.py
[2023-12-27T19:37:13.048+0000] {processor.py:743} INFO - Processing file /home/airflow/.local/lib/python3.7/site-packages/airflow/example_dags/example_branch_operator_decorator.py for tasks to queue
[2023-12-27T19:37:13.049+0000] {logging_mixin.py:137} INFO - [2023-12-27T19:37:13.049+0000] {dagbag.py:538} INFO - Filling up the DagBag from /home/airflow/.local/lib/python3.7/site-packages/airflow/example_dags/example_branch_operator_decorator.py
[2023-12-27T19:37:13.092+0000] {processor.py:753} INFO - DAG(s) dict_keys(['example_branch_python_operator_decorator']) retrieved from /home/airflow/.local/lib/python3.7/site-packages/airflow/example_dags/example_branch_operator_decorator.py
[2023-12-27T19:37:13.134+0000] {logging_mixin.py:137} INFO - [2023-12-27T19:37:13.134+0000] {dag.py:2676} INFO - Sync 1 DAGs
[2023-12-27T19:37:13.160+0000] {logging_mixin.py:137} INFO - [2023-12-27T19:37:13.160+0000] {dag.py:3427} INFO - Setting next_dagrun for example_branch_python_operator_decorator to 2023-12-26T00:00:00+00:00, run_after=2023-12-27T00:00:00+00:00
[2023-12-27T19:37:13.179+0000] {processor.py:175} INFO - Processing /home/airflow/.local/lib/python3.7/site-packages/airflow/example_dags/example_branch_operator_decorator.py took 0.137 seconds
