[2023-12-27T03:20:13.006+0000] {processor.py:153} INFO - Started process (PID=98464) to work on /home/airflow/.local/lib/python3.7/site-packages/airflow/example_dags/example_short_circuit_decorator.py
[2023-12-27T03:20:13.007+0000] {processor.py:743} INFO - Processing file /home/airflow/.local/lib/python3.7/site-packages/airflow/example_dags/example_short_circuit_decorator.py for tasks to queue
[2023-12-27T03:20:13.008+0000] {logging_mixin.py:137} INFO - [2023-12-27T03:20:13.008+0000] {dagbag.py:538} INFO - Filling up the DagBag from /home/airflow/.local/lib/python3.7/site-packages/airflow/example_dags/example_short_circuit_decorator.py
[2023-12-27T03:20:13.030+0000] {processor.py:753} INFO - DAG(s) dict_keys(['example_short_circuit_decorator']) retrieved from /home/airflow/.local/lib/python3.7/site-packages/airflow/example_dags/example_short_circuit_decorator.py
[2023-12-27T03:20:13.064+0000] {logging_mixin.py:137} INFO - [2023-12-27T03:20:13.064+0000] {dag.py:2676} INFO - Sync 1 DAGs
[2023-12-27T03:20:13.083+0000] {logging_mixin.py:137} INFO - [2023-12-27T03:20:13.083+0000] {dag.py:3427} INFO - Setting next_dagrun for example_short_circuit_decorator to 2023-12-26T03:20:13.083728+00:00, run_after=2023-12-27T03:20:13.083728+00:00
[2023-12-27T03:20:13.097+0000] {processor.py:175} INFO - Processing /home/airflow/.local/lib/python3.7/site-packages/airflow/example_dags/example_short_circuit_decorator.py took 0.094 seconds
[2023-12-27T08:23:46.866+0000] {processor.py:153} INFO - Started process (PID=98558) to work on /home/airflow/.local/lib/python3.7/site-packages/airflow/example_dags/example_short_circuit_decorator.py
[2023-12-27T08:23:46.868+0000] {processor.py:743} INFO - Processing file /home/airflow/.local/lib/python3.7/site-packages/airflow/example_dags/example_short_circuit_decorator.py for tasks to queue
[2023-12-27T08:23:46.869+0000] {logging_mixin.py:137} INFO - [2023-12-27T08:23:46.869+0000] {dagbag.py:538} INFO - Filling up the DagBag from /home/airflow/.local/lib/python3.7/site-packages/airflow/example_dags/example_short_circuit_decorator.py
[2023-12-27T08:23:46.890+0000] {processor.py:753} INFO - DAG(s) dict_keys(['example_short_circuit_decorator']) retrieved from /home/airflow/.local/lib/python3.7/site-packages/airflow/example_dags/example_short_circuit_decorator.py
[2023-12-27T08:23:46.927+0000] {logging_mixin.py:137} INFO - [2023-12-27T08:23:46.927+0000] {dag.py:2676} INFO - Sync 1 DAGs
[2023-12-27T08:23:46.946+0000] {logging_mixin.py:137} INFO - [2023-12-27T08:23:46.946+0000] {dag.py:3427} INFO - Setting next_dagrun for example_short_circuit_decorator to 2023-12-26T08:23:46.945923+00:00, run_after=2023-12-27T08:23:46.945923+00:00
[2023-12-27T08:23:46.958+0000] {processor.py:175} INFO - Processing /home/airflow/.local/lib/python3.7/site-packages/airflow/example_dags/example_short_circuit_decorator.py took 0.097 seconds
[2023-12-27T14:42:03.858+0000] {processor.py:153} INFO - Started process (PID=98634) to work on /home/airflow/.local/lib/python3.7/site-packages/airflow/example_dags/example_short_circuit_decorator.py
[2023-12-27T14:42:03.859+0000] {processor.py:743} INFO - Processing file /home/airflow/.local/lib/python3.7/site-packages/airflow/example_dags/example_short_circuit_decorator.py for tasks to queue
[2023-12-27T14:42:03.860+0000] {logging_mixin.py:137} INFO - [2023-12-27T14:42:03.860+0000] {dagbag.py:538} INFO - Filling up the DagBag from /home/airflow/.local/lib/python3.7/site-packages/airflow/example_dags/example_short_circuit_decorator.py
[2023-12-27T14:42:03.878+0000] {processor.py:753} INFO - DAG(s) dict_keys(['example_short_circuit_decorator']) retrieved from /home/airflow/.local/lib/python3.7/site-packages/airflow/example_dags/example_short_circuit_decorator.py
[2023-12-27T14:42:03.902+0000] {logging_mixin.py:137} INFO - [2023-12-27T14:42:03.902+0000] {dag.py:2676} INFO - Sync 1 DAGs
[2023-12-27T14:42:03.916+0000] {logging_mixin.py:137} INFO - [2023-12-27T14:42:03.916+0000] {dag.py:3427} INFO - Setting next_dagrun for example_short_circuit_decorator to 2023-12-26T14:42:03.916149+00:00, run_after=2023-12-27T14:42:03.916149+00:00
[2023-12-27T14:42:03.931+0000] {processor.py:175} INFO - Processing /home/airflow/.local/lib/python3.7/site-packages/airflow/example_dags/example_short_circuit_decorator.py took 0.075 seconds
[2023-12-27T19:37:15.574+0000] {processor.py:153} INFO - Started process (PID=98728) to work on /home/airflow/.local/lib/python3.7/site-packages/airflow/example_dags/example_short_circuit_decorator.py
[2023-12-27T19:37:15.575+0000] {processor.py:743} INFO - Processing file /home/airflow/.local/lib/python3.7/site-packages/airflow/example_dags/example_short_circuit_decorator.py for tasks to queue
[2023-12-27T19:37:15.576+0000] {logging_mixin.py:137} INFO - [2023-12-27T19:37:15.576+0000] {dagbag.py:538} INFO - Filling up the DagBag from /home/airflow/.local/lib/python3.7/site-packages/airflow/example_dags/example_short_circuit_decorator.py
[2023-12-27T19:37:15.605+0000] {processor.py:753} INFO - DAG(s) dict_keys(['example_short_circuit_decorator']) retrieved from /home/airflow/.local/lib/python3.7/site-packages/airflow/example_dags/example_short_circuit_decorator.py
[2023-12-27T19:37:15.646+0000] {logging_mixin.py:137} INFO - [2023-12-27T19:37:15.646+0000] {dag.py:2676} INFO - Sync 1 DAGs
[2023-12-27T19:37:15.664+0000] {logging_mixin.py:137} INFO - [2023-12-27T19:37:15.664+0000] {dag.py:3427} INFO - Setting next_dagrun for example_short_circuit_decorator to 2023-12-26T19:37:15.664569+00:00, run_after=2023-12-27T19:37:15.664569+00:00
[2023-12-27T19:37:15.675+0000] {processor.py:175} INFO - Processing /home/airflow/.local/lib/python3.7/site-packages/airflow/example_dags/example_short_circuit_decorator.py took 0.105 seconds
