[2023-12-27T03:20:11.362+0000] {processor.py:153} INFO - Started process (PID=98453) to work on /home/airflow/.local/lib/python3.7/site-packages/airflow/example_dags/example_branch_datetime_operator.py
[2023-12-27T03:20:11.364+0000] {processor.py:743} INFO - Processing file /home/airflow/.local/lib/python3.7/site-packages/airflow/example_dags/example_branch_datetime_operator.py for tasks to queue
[2023-12-27T03:20:11.365+0000] {logging_mixin.py:137} INFO - [2023-12-27T03:20:11.365+0000] {dagbag.py:538} INFO - Filling up the DagBag from /home/airflow/.local/lib/python3.7/site-packages/airflow/example_dags/example_branch_datetime_operator.py
[2023-12-27T03:20:11.394+0000] {processor.py:753} INFO - DAG(s) dict_keys(['example_branch_datetime_operator_2', 'example_branch_datetime_operator_3', 'example_branch_datetime_operator']) retrieved from /home/airflow/.local/lib/python3.7/site-packages/airflow/example_dags/example_branch_datetime_operator.py
[2023-12-27T03:20:11.462+0000] {logging_mixin.py:137} INFO - [2023-12-27T03:20:11.461+0000] {dag.py:2676} INFO - Sync 3 DAGs
[2023-12-27T03:20:11.499+0000] {logging_mixin.py:137} INFO - [2023-12-27T03:20:11.498+0000] {dag.py:3427} INFO - Setting next_dagrun for example_branch_datetime_operator to 2023-12-26T00:00:00+00:00, run_after=2023-12-27T00:00:00+00:00
[2023-12-27T03:20:11.510+0000] {logging_mixin.py:137} INFO - [2023-12-27T03:20:11.510+0000] {dag.py:3427} INFO - Setting next_dagrun for example_branch_datetime_operator_2 to 2023-12-26T00:00:00+00:00, run_after=2023-12-27T00:00:00+00:00
[2023-12-27T03:20:11.514+0000] {logging_mixin.py:137} INFO - [2023-12-27T03:20:11.514+0000] {dag.py:3427} INFO - Setting next_dagrun for example_branch_datetime_operator_3 to 2023-12-26T00:00:00+00:00, run_after=2023-12-27T00:00:00+00:00
[2023-12-27T03:20:11.538+0000] {processor.py:175} INFO - Processing /home/airflow/.local/lib/python3.7/site-packages/airflow/example_dags/example_branch_datetime_operator.py took 0.182 seconds
[2023-12-27T08:23:45.324+0000] {processor.py:153} INFO - Started process (PID=98547) to work on /home/airflow/.local/lib/python3.7/site-packages/airflow/example_dags/example_branch_datetime_operator.py
[2023-12-27T08:23:45.352+0000] {processor.py:743} INFO - Processing file /home/airflow/.local/lib/python3.7/site-packages/airflow/example_dags/example_branch_datetime_operator.py for tasks to queue
[2023-12-27T08:23:45.375+0000] {logging_mixin.py:137} INFO - [2023-12-27T08:23:45.375+0000] {dagbag.py:538} INFO - Filling up the DagBag from /home/airflow/.local/lib/python3.7/site-packages/airflow/example_dags/example_branch_datetime_operator.py
[2023-12-27T08:23:45.541+0000] {processor.py:753} INFO - DAG(s) dict_keys(['example_branch_datetime_operator_2', 'example_branch_datetime_operator_3', 'example_branch_datetime_operator']) retrieved from /home/airflow/.local/lib/python3.7/site-packages/airflow/example_dags/example_branch_datetime_operator.py
[2023-12-27T08:23:45.679+0000] {logging_mixin.py:137} INFO - [2023-12-27T08:23:45.679+0000] {dag.py:2676} INFO - Sync 3 DAGs
[2023-12-27T08:23:45.705+0000] {logging_mixin.py:137} INFO - [2023-12-27T08:23:45.705+0000] {dag.py:3427} INFO - Setting next_dagrun for example_branch_datetime_operator to 2023-12-26T00:00:00+00:00, run_after=2023-12-27T00:00:00+00:00
[2023-12-27T08:23:45.711+0000] {logging_mixin.py:137} INFO - [2023-12-27T08:23:45.711+0000] {dag.py:3427} INFO - Setting next_dagrun for example_branch_datetime_operator_2 to 2023-12-26T00:00:00+00:00, run_after=2023-12-27T00:00:00+00:00
[2023-12-27T08:23:45.715+0000] {logging_mixin.py:137} INFO - [2023-12-27T08:23:45.715+0000] {dag.py:3427} INFO - Setting next_dagrun for example_branch_datetime_operator_3 to 2023-12-26T00:00:00+00:00, run_after=2023-12-27T00:00:00+00:00
[2023-12-27T08:23:45.737+0000] {processor.py:175} INFO - Processing /home/airflow/.local/lib/python3.7/site-packages/airflow/example_dags/example_branch_datetime_operator.py took 0.472 seconds
[2023-12-27T14:42:03.323+0000] {processor.py:153} INFO - Started process (PID=98623) to work on /home/airflow/.local/lib/python3.7/site-packages/airflow/example_dags/example_branch_datetime_operator.py
[2023-12-27T14:42:03.324+0000] {processor.py:743} INFO - Processing file /home/airflow/.local/lib/python3.7/site-packages/airflow/example_dags/example_branch_datetime_operator.py for tasks to queue
[2023-12-27T14:42:03.324+0000] {logging_mixin.py:137} INFO - [2023-12-27T14:42:03.324+0000] {dagbag.py:538} INFO - Filling up the DagBag from /home/airflow/.local/lib/python3.7/site-packages/airflow/example_dags/example_branch_datetime_operator.py
[2023-12-27T14:42:03.338+0000] {processor.py:753} INFO - DAG(s) dict_keys(['example_branch_datetime_operator_2', 'example_branch_datetime_operator', 'example_branch_datetime_operator_3']) retrieved from /home/airflow/.local/lib/python3.7/site-packages/airflow/example_dags/example_branch_datetime_operator.py
[2023-12-27T14:42:03.374+0000] {logging_mixin.py:137} INFO - [2023-12-27T14:42:03.374+0000] {dag.py:2676} INFO - Sync 3 DAGs
[2023-12-27T14:42:03.393+0000] {logging_mixin.py:137} INFO - [2023-12-27T14:42:03.393+0000] {dag.py:3427} INFO - Setting next_dagrun for example_branch_datetime_operator to 2023-12-26T00:00:00+00:00, run_after=2023-12-27T00:00:00+00:00
[2023-12-27T14:42:03.396+0000] {logging_mixin.py:137} INFO - [2023-12-27T14:42:03.396+0000] {dag.py:3427} INFO - Setting next_dagrun for example_branch_datetime_operator_2 to 2023-12-26T00:00:00+00:00, run_after=2023-12-27T00:00:00+00:00
[2023-12-27T14:42:03.397+0000] {logging_mixin.py:137} INFO - [2023-12-27T14:42:03.397+0000] {dag.py:3427} INFO - Setting next_dagrun for example_branch_datetime_operator_3 to 2023-12-26T00:00:00+00:00, run_after=2023-12-27T00:00:00+00:00
[2023-12-27T14:42:03.407+0000] {processor.py:175} INFO - Processing /home/airflow/.local/lib/python3.7/site-packages/airflow/example_dags/example_branch_datetime_operator.py took 0.086 seconds
[2023-12-27T19:37:12.930+0000] {processor.py:153} INFO - Started process (PID=98717) to work on /home/airflow/.local/lib/python3.7/site-packages/airflow/example_dags/example_branch_datetime_operator.py
[2023-12-27T19:37:12.931+0000] {processor.py:743} INFO - Processing file /home/airflow/.local/lib/python3.7/site-packages/airflow/example_dags/example_branch_datetime_operator.py for tasks to queue
[2023-12-27T19:37:12.931+0000] {logging_mixin.py:137} INFO - [2023-12-27T19:37:12.931+0000] {dagbag.py:538} INFO - Filling up the DagBag from /home/airflow/.local/lib/python3.7/site-packages/airflow/example_dags/example_branch_datetime_operator.py
[2023-12-27T19:37:12.943+0000] {processor.py:753} INFO - DAG(s) dict_keys(['example_branch_datetime_operator', 'example_branch_datetime_operator_2', 'example_branch_datetime_operator_3']) retrieved from /home/airflow/.local/lib/python3.7/site-packages/airflow/example_dags/example_branch_datetime_operator.py
[2023-12-27T19:37:12.970+0000] {logging_mixin.py:137} INFO - [2023-12-27T19:37:12.970+0000] {dag.py:2676} INFO - Sync 3 DAGs
[2023-12-27T19:37:12.987+0000] {logging_mixin.py:137} INFO - [2023-12-27T19:37:12.987+0000] {dag.py:3427} INFO - Setting next_dagrun for example_branch_datetime_operator to 2023-12-26T00:00:00+00:00, run_after=2023-12-27T00:00:00+00:00
[2023-12-27T19:37:12.990+0000] {logging_mixin.py:137} INFO - [2023-12-27T19:37:12.990+0000] {dag.py:3427} INFO - Setting next_dagrun for example_branch_datetime_operator_2 to 2023-12-26T00:00:00+00:00, run_after=2023-12-27T00:00:00+00:00
[2023-12-27T19:37:12.991+0000] {logging_mixin.py:137} INFO - [2023-12-27T19:37:12.991+0000] {dag.py:3427} INFO - Setting next_dagrun for example_branch_datetime_operator_3 to 2023-12-26T00:00:00+00:00, run_after=2023-12-27T00:00:00+00:00
[2023-12-27T19:37:13.026+0000] {processor.py:175} INFO - Processing /home/airflow/.local/lib/python3.7/site-packages/airflow/example_dags/example_branch_datetime_operator.py took 0.099 seconds
