[2023-12-27T03:20:13.631+0000] {processor.py:153} INFO - Started process (PID=98475) to work on /home/airflow/.local/lib/python3.7/site-packages/airflow/example_dags/example_trigger_controller_dag.py
[2023-12-27T03:20:13.631+0000] {processor.py:743} INFO - Processing file /home/airflow/.local/lib/python3.7/site-packages/airflow/example_dags/example_trigger_controller_dag.py for tasks to queue
[2023-12-27T03:20:13.632+0000] {logging_mixin.py:137} INFO - [2023-12-27T03:20:13.632+0000] {dagbag.py:538} INFO - Filling up the DagBag from /home/airflow/.local/lib/python3.7/site-packages/airflow/example_dags/example_trigger_controller_dag.py
[2023-12-27T03:20:13.642+0000] {processor.py:753} INFO - DAG(s) dict_keys(['example_trigger_controller_dag']) retrieved from /home/airflow/.local/lib/python3.7/site-packages/airflow/example_dags/example_trigger_controller_dag.py
[2023-12-27T03:20:13.667+0000] {logging_mixin.py:137} INFO - [2023-12-27T03:20:13.667+0000] {dag.py:2676} INFO - Sync 1 DAGs
[2023-12-27T03:20:13.682+0000] {logging_mixin.py:137} INFO - [2023-12-27T03:20:13.682+0000] {dag.py:3427} INFO - Setting next_dagrun for example_trigger_controller_dag to 2021-01-01T00:00:00+00:00, run_after=2021-01-01T00:00:00+00:00
[2023-12-27T03:20:13.693+0000] {processor.py:175} INFO - Processing /home/airflow/.local/lib/python3.7/site-packages/airflow/example_dags/example_trigger_controller_dag.py took 0.067 seconds
[2023-12-27T08:23:47.664+0000] {processor.py:153} INFO - Started process (PID=98569) to work on /home/airflow/.local/lib/python3.7/site-packages/airflow/example_dags/example_trigger_controller_dag.py
[2023-12-27T08:23:47.665+0000] {processor.py:743} INFO - Processing file /home/airflow/.local/lib/python3.7/site-packages/airflow/example_dags/example_trigger_controller_dag.py for tasks to queue
[2023-12-27T08:23:47.666+0000] {logging_mixin.py:137} INFO - [2023-12-27T08:23:47.666+0000] {dagbag.py:538} INFO - Filling up the DagBag from /home/airflow/.local/lib/python3.7/site-packages/airflow/example_dags/example_trigger_controller_dag.py
[2023-12-27T08:23:47.675+0000] {processor.py:753} INFO - DAG(s) dict_keys(['example_trigger_controller_dag']) retrieved from /home/airflow/.local/lib/python3.7/site-packages/airflow/example_dags/example_trigger_controller_dag.py
[2023-12-27T08:23:47.703+0000] {logging_mixin.py:137} INFO - [2023-12-27T08:23:47.703+0000] {dag.py:2676} INFO - Sync 1 DAGs
[2023-12-27T08:23:47.718+0000] {logging_mixin.py:137} INFO - [2023-12-27T08:23:47.718+0000] {dag.py:3427} INFO - Setting next_dagrun for example_trigger_controller_dag to 2021-01-01T00:00:00+00:00, run_after=2021-01-01T00:00:00+00:00
[2023-12-27T08:23:47.731+0000] {processor.py:175} INFO - Processing /home/airflow/.local/lib/python3.7/site-packages/airflow/example_dags/example_trigger_controller_dag.py took 0.071 seconds
[2023-12-27T14:42:04.930+0000] {processor.py:153} INFO - Started process (PID=98645) to work on /home/airflow/.local/lib/python3.7/site-packages/airflow/example_dags/example_trigger_controller_dag.py
[2023-12-27T14:42:04.931+0000] {processor.py:743} INFO - Processing file /home/airflow/.local/lib/python3.7/site-packages/airflow/example_dags/example_trigger_controller_dag.py for tasks to queue
[2023-12-27T14:42:04.932+0000] {logging_mixin.py:137} INFO - [2023-12-27T14:42:04.932+0000] {dagbag.py:538} INFO - Filling up the DagBag from /home/airflow/.local/lib/python3.7/site-packages/airflow/example_dags/example_trigger_controller_dag.py
[2023-12-27T14:42:04.942+0000] {processor.py:753} INFO - DAG(s) dict_keys(['example_trigger_controller_dag']) retrieved from /home/airflow/.local/lib/python3.7/site-packages/airflow/example_dags/example_trigger_controller_dag.py
[2023-12-27T14:42:04.970+0000] {logging_mixin.py:137} INFO - [2023-12-27T14:42:04.970+0000] {dag.py:2676} INFO - Sync 1 DAGs
[2023-12-27T14:42:04.985+0000] {logging_mixin.py:137} INFO - [2023-12-27T14:42:04.985+0000] {dag.py:3427} INFO - Setting next_dagrun for example_trigger_controller_dag to 2021-01-01T00:00:00+00:00, run_after=2021-01-01T00:00:00+00:00
[2023-12-27T14:42:04.997+0000] {processor.py:175} INFO - Processing /home/airflow/.local/lib/python3.7/site-packages/airflow/example_dags/example_trigger_controller_dag.py took 0.069 seconds
[2023-12-27T19:37:16.273+0000] {processor.py:153} INFO - Started process (PID=98739) to work on /home/airflow/.local/lib/python3.7/site-packages/airflow/example_dags/example_trigger_controller_dag.py
[2023-12-27T19:37:16.274+0000] {processor.py:743} INFO - Processing file /home/airflow/.local/lib/python3.7/site-packages/airflow/example_dags/example_trigger_controller_dag.py for tasks to queue
[2023-12-27T19:37:16.274+0000] {logging_mixin.py:137} INFO - [2023-12-27T19:37:16.274+0000] {dagbag.py:538} INFO - Filling up the DagBag from /home/airflow/.local/lib/python3.7/site-packages/airflow/example_dags/example_trigger_controller_dag.py
[2023-12-27T19:37:16.282+0000] {processor.py:753} INFO - DAG(s) dict_keys(['example_trigger_controller_dag']) retrieved from /home/airflow/.local/lib/python3.7/site-packages/airflow/example_dags/example_trigger_controller_dag.py
[2023-12-27T19:37:16.308+0000] {logging_mixin.py:137} INFO - [2023-12-27T19:37:16.308+0000] {dag.py:2676} INFO - Sync 1 DAGs
[2023-12-27T19:37:16.324+0000] {logging_mixin.py:137} INFO - [2023-12-27T19:37:16.324+0000] {dag.py:3427} INFO - Setting next_dagrun for example_trigger_controller_dag to 2021-01-01T00:00:00+00:00, run_after=2021-01-01T00:00:00+00:00
[2023-12-27T19:37:16.336+0000] {processor.py:175} INFO - Processing /home/airflow/.local/lib/python3.7/site-packages/airflow/example_dags/example_trigger_controller_dag.py took 0.066 seconds
