[2023-12-27T03:20:11.225+0000] {processor.py:153} INFO - Started process (PID=98450) to work on /home/airflow/.local/lib/python3.7/site-packages/airflow/example_dags/example_latest_only_with_trigger.py
[2023-12-27T03:20:11.225+0000] {processor.py:743} INFO - Processing file /home/airflow/.local/lib/python3.7/site-packages/airflow/example_dags/example_latest_only_with_trigger.py for tasks to queue
[2023-12-27T03:20:11.226+0000] {logging_mixin.py:137} INFO - [2023-12-27T03:20:11.226+0000] {dagbag.py:538} INFO - Filling up the DagBag from /home/airflow/.local/lib/python3.7/site-packages/airflow/example_dags/example_latest_only_with_trigger.py
[2023-12-27T03:20:11.237+0000] {processor.py:753} INFO - DAG(s) dict_keys(['latest_only_with_trigger']) retrieved from /home/airflow/.local/lib/python3.7/site-packages/airflow/example_dags/example_latest_only_with_trigger.py
[2023-12-27T03:20:11.262+0000] {logging_mixin.py:137} INFO - [2023-12-27T03:20:11.261+0000] {dag.py:2676} INFO - Sync 1 DAGs
[2023-12-27T03:20:11.281+0000] {logging_mixin.py:137} INFO - [2023-12-27T03:20:11.281+0000] {dag.py:3427} INFO - Setting next_dagrun for latest_only_with_trigger to 2023-12-26T23:20:11.280857+00:00, run_after=2023-12-27T03:20:11.280857+00:00
[2023-12-27T03:20:11.314+0000] {processor.py:175} INFO - Processing /home/airflow/.local/lib/python3.7/site-packages/airflow/example_dags/example_latest_only_with_trigger.py took 0.092 seconds
[2023-12-27T08:23:44.745+0000] {processor.py:153} INFO - Started process (PID=98544) to work on /home/airflow/.local/lib/python3.7/site-packages/airflow/example_dags/example_latest_only_with_trigger.py
[2023-12-27T08:23:44.747+0000] {processor.py:743} INFO - Processing file /home/airflow/.local/lib/python3.7/site-packages/airflow/example_dags/example_latest_only_with_trigger.py for tasks to queue
[2023-12-27T08:23:44.748+0000] {logging_mixin.py:137} INFO - [2023-12-27T08:23:44.748+0000] {dagbag.py:538} INFO - Filling up the DagBag from /home/airflow/.local/lib/python3.7/site-packages/airflow/example_dags/example_latest_only_with_trigger.py
[2023-12-27T08:23:44.774+0000] {processor.py:753} INFO - DAG(s) dict_keys(['latest_only_with_trigger']) retrieved from /home/airflow/.local/lib/python3.7/site-packages/airflow/example_dags/example_latest_only_with_trigger.py
[2023-12-27T08:23:44.844+0000] {logging_mixin.py:137} INFO - [2023-12-27T08:23:44.844+0000] {dag.py:2676} INFO - Sync 1 DAGs
[2023-12-27T08:23:44.948+0000] {logging_mixin.py:137} INFO - [2023-12-27T08:23:44.948+0000] {dag.py:3427} INFO - Setting next_dagrun for latest_only_with_trigger to 2023-12-27T04:23:44.948039+00:00, run_after=2023-12-27T08:23:44.948039+00:00
[2023-12-27T08:23:44.983+0000] {processor.py:175} INFO - Processing /home/airflow/.local/lib/python3.7/site-packages/airflow/example_dags/example_latest_only_with_trigger.py took 0.245 seconds
[2023-12-27T14:42:03.145+0000] {processor.py:153} INFO - Started process (PID=98620) to work on /home/airflow/.local/lib/python3.7/site-packages/airflow/example_dags/example_latest_only_with_trigger.py
[2023-12-27T14:42:03.146+0000] {processor.py:743} INFO - Processing file /home/airflow/.local/lib/python3.7/site-packages/airflow/example_dags/example_latest_only_with_trigger.py for tasks to queue
[2023-12-27T14:42:03.147+0000] {logging_mixin.py:137} INFO - [2023-12-27T14:42:03.147+0000] {dagbag.py:538} INFO - Filling up the DagBag from /home/airflow/.local/lib/python3.7/site-packages/airflow/example_dags/example_latest_only_with_trigger.py
[2023-12-27T14:42:03.168+0000] {processor.py:753} INFO - DAG(s) dict_keys(['latest_only_with_trigger']) retrieved from /home/airflow/.local/lib/python3.7/site-packages/airflow/example_dags/example_latest_only_with_trigger.py
[2023-12-27T14:42:03.203+0000] {logging_mixin.py:137} INFO - [2023-12-27T14:42:03.203+0000] {dag.py:2676} INFO - Sync 1 DAGs
[2023-12-27T14:42:03.221+0000] {logging_mixin.py:137} INFO - [2023-12-27T14:42:03.221+0000] {dag.py:3427} INFO - Setting next_dagrun for latest_only_with_trigger to 2023-12-27T10:42:03.221181+00:00, run_after=2023-12-27T14:42:03.221181+00:00
[2023-12-27T14:42:03.232+0000] {processor.py:175} INFO - Processing /home/airflow/.local/lib/python3.7/site-packages/airflow/example_dags/example_latest_only_with_trigger.py took 0.091 seconds
[2023-12-27T19:37:12.756+0000] {processor.py:153} INFO - Started process (PID=98714) to work on /home/airflow/.local/lib/python3.7/site-packages/airflow/example_dags/example_latest_only_with_trigger.py
[2023-12-27T19:37:12.757+0000] {processor.py:743} INFO - Processing file /home/airflow/.local/lib/python3.7/site-packages/airflow/example_dags/example_latest_only_with_trigger.py for tasks to queue
[2023-12-27T19:37:12.757+0000] {logging_mixin.py:137} INFO - [2023-12-27T19:37:12.757+0000] {dagbag.py:538} INFO - Filling up the DagBag from /home/airflow/.local/lib/python3.7/site-packages/airflow/example_dags/example_latest_only_with_trigger.py
[2023-12-27T19:37:12.768+0000] {processor.py:753} INFO - DAG(s) dict_keys(['latest_only_with_trigger']) retrieved from /home/airflow/.local/lib/python3.7/site-packages/airflow/example_dags/example_latest_only_with_trigger.py
[2023-12-27T19:37:12.794+0000] {logging_mixin.py:137} INFO - [2023-12-27T19:37:12.794+0000] {dag.py:2676} INFO - Sync 1 DAGs
[2023-12-27T19:37:12.810+0000] {logging_mixin.py:137} INFO - [2023-12-27T19:37:12.810+0000] {dag.py:3427} INFO - Setting next_dagrun for latest_only_with_trigger to 2023-12-27T15:37:12.810276+00:00, run_after=2023-12-27T19:37:12.810276+00:00
[2023-12-27T19:37:12.821+0000] {processor.py:175} INFO - Processing /home/airflow/.local/lib/python3.7/site-packages/airflow/example_dags/example_latest_only_with_trigger.py took 0.069 seconds
