[2023-12-27T03:20:12.700+0000] {processor.py:153} INFO - Started process (PID=98458) to work on /home/airflow/.local/lib/python3.7/site-packages/airflow/example_dags/example_branch_python_dop_operator_3.py
[2023-12-27T03:20:12.701+0000] {processor.py:743} INFO - Processing file /home/airflow/.local/lib/python3.7/site-packages/airflow/example_dags/example_branch_python_dop_operator_3.py for tasks to queue
[2023-12-27T03:20:12.702+0000] {logging_mixin.py:137} INFO - [2023-12-27T03:20:12.702+0000] {dagbag.py:538} INFO - Filling up the DagBag from /home/airflow/.local/lib/python3.7/site-packages/airflow/example_dags/example_branch_python_dop_operator_3.py
[2023-12-27T03:20:12.720+0000] {processor.py:753} INFO - DAG(s) dict_keys(['example_branch_dop_operator_v3']) retrieved from /home/airflow/.local/lib/python3.7/site-packages/airflow/example_dags/example_branch_python_dop_operator_3.py
[2023-12-27T03:20:12.751+0000] {logging_mixin.py:137} INFO - [2023-12-27T03:20:12.751+0000] {dag.py:2676} INFO - Sync 1 DAGs
[2023-12-27T03:20:12.771+0000] {logging_mixin.py:137} INFO - [2023-12-27T03:20:12.771+0000] {dag.py:3427} INFO - Setting next_dagrun for example_branch_dop_operator_v3 to 2023-12-27T03:19:00+00:00, run_after=2023-12-27T03:20:00+00:00
[2023-12-27T03:20:12.785+0000] {processor.py:175} INFO - Processing /home/airflow/.local/lib/python3.7/site-packages/airflow/example_dags/example_branch_python_dop_operator_3.py took 0.088 seconds
[2023-12-27T08:23:46.013+0000] {processor.py:153} INFO - Started process (PID=98552) to work on /home/airflow/.local/lib/python3.7/site-packages/airflow/example_dags/example_branch_python_dop_operator_3.py
[2023-12-27T08:23:46.014+0000] {processor.py:743} INFO - Processing file /home/airflow/.local/lib/python3.7/site-packages/airflow/example_dags/example_branch_python_dop_operator_3.py for tasks to queue
[2023-12-27T08:23:46.014+0000] {logging_mixin.py:137} INFO - [2023-12-27T08:23:46.014+0000] {dagbag.py:538} INFO - Filling up the DagBag from /home/airflow/.local/lib/python3.7/site-packages/airflow/example_dags/example_branch_python_dop_operator_3.py
[2023-12-27T08:23:46.037+0000] {processor.py:753} INFO - DAG(s) dict_keys(['example_branch_dop_operator_v3']) retrieved from /home/airflow/.local/lib/python3.7/site-packages/airflow/example_dags/example_branch_python_dop_operator_3.py
[2023-12-27T08:23:46.070+0000] {logging_mixin.py:137} INFO - [2023-12-27T08:23:46.070+0000] {dag.py:2676} INFO - Sync 1 DAGs
[2023-12-27T08:23:46.090+0000] {logging_mixin.py:137} INFO - [2023-12-27T08:23:46.090+0000] {dag.py:3427} INFO - Setting next_dagrun for example_branch_dop_operator_v3 to 2023-12-27T08:22:00+00:00, run_after=2023-12-27T08:23:00+00:00
[2023-12-27T08:23:46.109+0000] {processor.py:175} INFO - Processing /home/airflow/.local/lib/python3.7/site-packages/airflow/example_dags/example_branch_python_dop_operator_3.py took 0.099 seconds
[2023-12-27T14:42:03.549+0000] {processor.py:153} INFO - Started process (PID=98628) to work on /home/airflow/.local/lib/python3.7/site-packages/airflow/example_dags/example_branch_python_dop_operator_3.py
[2023-12-27T14:42:03.550+0000] {processor.py:743} INFO - Processing file /home/airflow/.local/lib/python3.7/site-packages/airflow/example_dags/example_branch_python_dop_operator_3.py for tasks to queue
[2023-12-27T14:42:03.551+0000] {logging_mixin.py:137} INFO - [2023-12-27T14:42:03.550+0000] {dagbag.py:538} INFO - Filling up the DagBag from /home/airflow/.local/lib/python3.7/site-packages/airflow/example_dags/example_branch_python_dop_operator_3.py
[2023-12-27T14:42:03.569+0000] {processor.py:753} INFO - DAG(s) dict_keys(['example_branch_dop_operator_v3']) retrieved from /home/airflow/.local/lib/python3.7/site-packages/airflow/example_dags/example_branch_python_dop_operator_3.py
[2023-12-27T14:42:03.595+0000] {logging_mixin.py:137} INFO - [2023-12-27T14:42:03.595+0000] {dag.py:2676} INFO - Sync 1 DAGs
[2023-12-27T14:42:03.628+0000] {logging_mixin.py:137} INFO - [2023-12-27T14:42:03.627+0000] {dag.py:3427} INFO - Setting next_dagrun for example_branch_dop_operator_v3 to 2023-12-27T14:41:00+00:00, run_after=2023-12-27T14:42:00+00:00
[2023-12-27T14:42:03.648+0000] {processor.py:175} INFO - Processing /home/airflow/.local/lib/python3.7/site-packages/airflow/example_dags/example_branch_python_dop_operator_3.py took 0.102 seconds
[2023-12-27T19:37:13.445+0000] {processor.py:153} INFO - Started process (PID=98722) to work on /home/airflow/.local/lib/python3.7/site-packages/airflow/example_dags/example_branch_python_dop_operator_3.py
[2023-12-27T19:37:13.446+0000] {processor.py:743} INFO - Processing file /home/airflow/.local/lib/python3.7/site-packages/airflow/example_dags/example_branch_python_dop_operator_3.py for tasks to queue
[2023-12-27T19:37:13.447+0000] {logging_mixin.py:137} INFO - [2023-12-27T19:37:13.447+0000] {dagbag.py:538} INFO - Filling up the DagBag from /home/airflow/.local/lib/python3.7/site-packages/airflow/example_dags/example_branch_python_dop_operator_3.py
[2023-12-27T19:37:13.531+0000] {processor.py:753} INFO - DAG(s) dict_keys(['example_branch_dop_operator_v3']) retrieved from /home/airflow/.local/lib/python3.7/site-packages/airflow/example_dags/example_branch_python_dop_operator_3.py
[2023-12-27T19:37:13.966+0000] {logging_mixin.py:137} INFO - [2023-12-27T19:37:13.966+0000] {dag.py:2676} INFO - Sync 1 DAGs
[2023-12-27T19:37:15.011+0000] {logging_mixin.py:137} INFO - [2023-12-27T19:37:15.010+0000] {dag.py:3427} INFO - Setting next_dagrun for example_branch_dop_operator_v3 to 2023-12-27T19:36:00+00:00, run_after=2023-12-27T19:37:00+00:00
[2023-12-27T19:37:15.073+0000] {processor.py:175} INFO - Processing /home/airflow/.local/lib/python3.7/site-packages/airflow/example_dags/example_branch_python_dop_operator_3.py took 1.633 seconds
