[2023-12-27T03:20:13.792+0000] {processor.py:153} INFO - Started process (PID=98479) to work on /home/airflow/.local/lib/python3.7/site-packages/airflow/example_dags/tutorial.py
[2023-12-27T03:20:13.793+0000] {processor.py:743} INFO - Processing file /home/airflow/.local/lib/python3.7/site-packages/airflow/example_dags/tutorial.py for tasks to queue
[2023-12-27T03:20:13.793+0000] {logging_mixin.py:137} INFO - [2023-12-27T03:20:13.793+0000] {dagbag.py:538} INFO - Filling up the DagBag from /home/airflow/.local/lib/python3.7/site-packages/airflow/example_dags/tutorial.py
[2023-12-27T03:20:13.810+0000] {processor.py:753} INFO - DAG(s) dict_keys(['tutorial']) retrieved from /home/airflow/.local/lib/python3.7/site-packages/airflow/example_dags/tutorial.py
[2023-12-27T03:20:13.837+0000] {logging_mixin.py:137} INFO - [2023-12-27T03:20:13.837+0000] {dag.py:2676} INFO - Sync 1 DAGs
[2023-12-27T03:20:13.853+0000] {logging_mixin.py:137} INFO - [2023-12-27T03:20:13.853+0000] {dag.py:3427} INFO - Setting next_dagrun for tutorial to 2023-12-26T03:20:13.853186+00:00, run_after=2023-12-27T03:20:13.853186+00:00
[2023-12-27T03:20:13.864+0000] {processor.py:175} INFO - Processing /home/airflow/.local/lib/python3.7/site-packages/airflow/example_dags/tutorial.py took 0.074 seconds
[2023-12-27T08:23:47.854+0000] {processor.py:153} INFO - Started process (PID=98573) to work on /home/airflow/.local/lib/python3.7/site-packages/airflow/example_dags/tutorial.py
[2023-12-27T08:23:47.856+0000] {processor.py:743} INFO - Processing file /home/airflow/.local/lib/python3.7/site-packages/airflow/example_dags/tutorial.py for tasks to queue
[2023-12-27T08:23:47.856+0000] {logging_mixin.py:137} INFO - [2023-12-27T08:23:47.856+0000] {dagbag.py:538} INFO - Filling up the DagBag from /home/airflow/.local/lib/python3.7/site-packages/airflow/example_dags/tutorial.py
[2023-12-27T08:23:47.872+0000] {processor.py:753} INFO - DAG(s) dict_keys(['tutorial']) retrieved from /home/airflow/.local/lib/python3.7/site-packages/airflow/example_dags/tutorial.py
[2023-12-27T08:23:47.912+0000] {logging_mixin.py:137} INFO - [2023-12-27T08:23:47.912+0000] {dag.py:2676} INFO - Sync 1 DAGs
[2023-12-27T08:23:47.934+0000] {logging_mixin.py:137} INFO - [2023-12-27T08:23:47.934+0000] {dag.py:3427} INFO - Setting next_dagrun for tutorial to 2023-12-26T08:23:47.934303+00:00, run_after=2023-12-27T08:23:47.934303+00:00
[2023-12-27T08:23:47.948+0000] {processor.py:175} INFO - Processing /home/airflow/.local/lib/python3.7/site-packages/airflow/example_dags/tutorial.py took 0.098 seconds
[2023-12-27T14:42:05.104+0000] {processor.py:153} INFO - Started process (PID=98649) to work on /home/airflow/.local/lib/python3.7/site-packages/airflow/example_dags/tutorial.py
[2023-12-27T14:42:05.105+0000] {processor.py:743} INFO - Processing file /home/airflow/.local/lib/python3.7/site-packages/airflow/example_dags/tutorial.py for tasks to queue
[2023-12-27T14:42:05.106+0000] {logging_mixin.py:137} INFO - [2023-12-27T14:42:05.106+0000] {dagbag.py:538} INFO - Filling up the DagBag from /home/airflow/.local/lib/python3.7/site-packages/airflow/example_dags/tutorial.py
[2023-12-27T14:42:05.118+0000] {processor.py:753} INFO - DAG(s) dict_keys(['tutorial']) retrieved from /home/airflow/.local/lib/python3.7/site-packages/airflow/example_dags/tutorial.py
[2023-12-27T14:42:05.161+0000] {logging_mixin.py:137} INFO - [2023-12-27T14:42:05.160+0000] {dag.py:2676} INFO - Sync 1 DAGs
[2023-12-27T14:42:05.187+0000] {logging_mixin.py:137} INFO - [2023-12-27T14:42:05.187+0000] {dag.py:3427} INFO - Setting next_dagrun for tutorial to 2023-12-26T14:42:05.186987+00:00, run_after=2023-12-27T14:42:05.186987+00:00
[2023-12-27T14:42:05.204+0000] {processor.py:175} INFO - Processing /home/airflow/.local/lib/python3.7/site-packages/airflow/example_dags/tutorial.py took 0.103 seconds
[2023-12-27T19:37:16.439+0000] {processor.py:153} INFO - Started process (PID=98743) to work on /home/airflow/.local/lib/python3.7/site-packages/airflow/example_dags/tutorial.py
[2023-12-27T19:37:16.440+0000] {processor.py:743} INFO - Processing file /home/airflow/.local/lib/python3.7/site-packages/airflow/example_dags/tutorial.py for tasks to queue
[2023-12-27T19:37:16.441+0000] {logging_mixin.py:137} INFO - [2023-12-27T19:37:16.441+0000] {dagbag.py:538} INFO - Filling up the DagBag from /home/airflow/.local/lib/python3.7/site-packages/airflow/example_dags/tutorial.py
[2023-12-27T19:37:16.451+0000] {processor.py:753} INFO - DAG(s) dict_keys(['tutorial']) retrieved from /home/airflow/.local/lib/python3.7/site-packages/airflow/example_dags/tutorial.py
[2023-12-27T19:37:16.476+0000] {logging_mixin.py:137} INFO - [2023-12-27T19:37:16.476+0000] {dag.py:2676} INFO - Sync 1 DAGs
[2023-12-27T19:37:16.492+0000] {logging_mixin.py:137} INFO - [2023-12-27T19:37:16.492+0000] {dag.py:3427} INFO - Setting next_dagrun for tutorial to 2023-12-26T19:37:16.492304+00:00, run_after=2023-12-27T19:37:16.492304+00:00
[2023-12-27T19:37:16.503+0000] {processor.py:175} INFO - Processing /home/airflow/.local/lib/python3.7/site-packages/airflow/example_dags/tutorial.py took 0.066 seconds
