[2023-12-27T03:20:11.342+0000] {processor.py:153} INFO - Started process (PID=98452) to work on /home/airflow/.local/lib/python3.7/site-packages/airflow/example_dags/tutorial_dag.py
[2023-12-27T03:20:11.344+0000] {processor.py:743} INFO - Processing file /home/airflow/.local/lib/python3.7/site-packages/airflow/example_dags/tutorial_dag.py for tasks to queue
[2023-12-27T03:20:11.345+0000] {logging_mixin.py:137} INFO - [2023-12-27T03:20:11.345+0000] {dagbag.py:538} INFO - Filling up the DagBag from /home/airflow/.local/lib/python3.7/site-packages/airflow/example_dags/tutorial_dag.py
[2023-12-27T03:20:11.367+0000] {processor.py:753} INFO - DAG(s) dict_keys(['tutorial_dag']) retrieved from /home/airflow/.local/lib/python3.7/site-packages/airflow/example_dags/tutorial_dag.py
[2023-12-27T03:20:11.428+0000] {logging_mixin.py:137} INFO - [2023-12-27T03:20:11.428+0000] {dag.py:2676} INFO - Sync 1 DAGs
[2023-12-27T03:20:11.463+0000] {logging_mixin.py:137} INFO - [2023-12-27T03:20:11.463+0000] {dag.py:3427} INFO - Setting next_dagrun for tutorial_dag to None, run_after=None
[2023-12-27T03:20:11.485+0000] {processor.py:175} INFO - Processing /home/airflow/.local/lib/python3.7/site-packages/airflow/example_dags/tutorial_dag.py took 0.148 seconds
[2023-12-27T08:23:44.983+0000] {processor.py:153} INFO - Started process (PID=98546) to work on /home/airflow/.local/lib/python3.7/site-packages/airflow/example_dags/tutorial_dag.py
[2023-12-27T08:23:44.986+0000] {processor.py:743} INFO - Processing file /home/airflow/.local/lib/python3.7/site-packages/airflow/example_dags/tutorial_dag.py for tasks to queue
[2023-12-27T08:23:44.987+0000] {logging_mixin.py:137} INFO - [2023-12-27T08:23:44.987+0000] {dagbag.py:538} INFO - Filling up the DagBag from /home/airflow/.local/lib/python3.7/site-packages/airflow/example_dags/tutorial_dag.py
[2023-12-27T08:23:45.023+0000] {processor.py:753} INFO - DAG(s) dict_keys(['tutorial_dag']) retrieved from /home/airflow/.local/lib/python3.7/site-packages/airflow/example_dags/tutorial_dag.py
[2023-12-27T08:23:45.558+0000] {logging_mixin.py:137} INFO - [2023-12-27T08:23:45.558+0000] {dag.py:2676} INFO - Sync 1 DAGs
[2023-12-27T08:23:45.633+0000] {logging_mixin.py:137} INFO - [2023-12-27T08:23:45.632+0000] {dag.py:3427} INFO - Setting next_dagrun for tutorial_dag to None, run_after=None
[2023-12-27T08:23:45.674+0000] {processor.py:175} INFO - Processing /home/airflow/.local/lib/python3.7/site-packages/airflow/example_dags/tutorial_dag.py took 0.700 seconds
[2023-12-27T14:42:03.255+0000] {processor.py:153} INFO - Started process (PID=98622) to work on /home/airflow/.local/lib/python3.7/site-packages/airflow/example_dags/tutorial_dag.py
[2023-12-27T14:42:03.256+0000] {processor.py:743} INFO - Processing file /home/airflow/.local/lib/python3.7/site-packages/airflow/example_dags/tutorial_dag.py for tasks to queue
[2023-12-27T14:42:03.257+0000] {logging_mixin.py:137} INFO - [2023-12-27T14:42:03.257+0000] {dagbag.py:538} INFO - Filling up the DagBag from /home/airflow/.local/lib/python3.7/site-packages/airflow/example_dags/tutorial_dag.py
[2023-12-27T14:42:03.269+0000] {processor.py:753} INFO - DAG(s) dict_keys(['tutorial_dag']) retrieved from /home/airflow/.local/lib/python3.7/site-packages/airflow/example_dags/tutorial_dag.py
[2023-12-27T14:42:03.300+0000] {logging_mixin.py:137} INFO - [2023-12-27T14:42:03.300+0000] {dag.py:2676} INFO - Sync 1 DAGs
[2023-12-27T14:42:03.316+0000] {logging_mixin.py:137} INFO - [2023-12-27T14:42:03.316+0000] {dag.py:3427} INFO - Setting next_dagrun for tutorial_dag to None, run_after=None
[2023-12-27T14:42:03.327+0000] {processor.py:175} INFO - Processing /home/airflow/.local/lib/python3.7/site-packages/airflow/example_dags/tutorial_dag.py took 0.075 seconds
[2023-12-27T19:37:12.926+0000] {processor.py:153} INFO - Started process (PID=98716) to work on /home/airflow/.local/lib/python3.7/site-packages/airflow/example_dags/tutorial_dag.py
[2023-12-27T19:37:12.927+0000] {processor.py:743} INFO - Processing file /home/airflow/.local/lib/python3.7/site-packages/airflow/example_dags/tutorial_dag.py for tasks to queue
[2023-12-27T19:37:12.927+0000] {logging_mixin.py:137} INFO - [2023-12-27T19:37:12.927+0000] {dagbag.py:538} INFO - Filling up the DagBag from /home/airflow/.local/lib/python3.7/site-packages/airflow/example_dags/tutorial_dag.py
[2023-12-27T19:37:12.937+0000] {processor.py:753} INFO - DAG(s) dict_keys(['tutorial_dag']) retrieved from /home/airflow/.local/lib/python3.7/site-packages/airflow/example_dags/tutorial_dag.py
[2023-12-27T19:37:12.966+0000] {logging_mixin.py:137} INFO - [2023-12-27T19:37:12.966+0000] {dag.py:2676} INFO - Sync 1 DAGs
[2023-12-27T19:37:12.982+0000] {logging_mixin.py:137} INFO - [2023-12-27T19:37:12.982+0000] {dag.py:3427} INFO - Setting next_dagrun for tutorial_dag to None, run_after=None
[2023-12-27T19:37:12.993+0000] {processor.py:175} INFO - Processing /home/airflow/.local/lib/python3.7/site-packages/airflow/example_dags/tutorial_dag.py took 0.070 seconds
