[2023-12-27T03:20:13.819+0000] {processor.py:153} INFO - Started process (PID=98480) to work on /home/airflow/.local/lib/python3.7/site-packages/airflow/example_dags/tutorial_taskflow_api_virtualenv.py
[2023-12-27T03:20:13.820+0000] {processor.py:743} INFO - Processing file /home/airflow/.local/lib/python3.7/site-packages/airflow/example_dags/tutorial_taskflow_api_virtualenv.py for tasks to queue
[2023-12-27T03:20:13.820+0000] {logging_mixin.py:137} INFO - [2023-12-27T03:20:13.820+0000] {dagbag.py:538} INFO - Filling up the DagBag from /home/airflow/.local/lib/python3.7/site-packages/airflow/example_dags/tutorial_taskflow_api_virtualenv.py
[2023-12-27T03:20:13.835+0000] {processor.py:753} INFO - DAG(s) dict_keys(['tutorial_taskflow_api_virtualenv']) retrieved from /home/airflow/.local/lib/python3.7/site-packages/airflow/example_dags/tutorial_taskflow_api_virtualenv.py
[2023-12-27T03:20:13.860+0000] {logging_mixin.py:137} INFO - [2023-12-27T03:20:13.860+0000] {dag.py:2676} INFO - Sync 1 DAGs
[2023-12-27T03:20:13.875+0000] {logging_mixin.py:137} INFO - [2023-12-27T03:20:13.875+0000] {dag.py:3427} INFO - Setting next_dagrun for tutorial_taskflow_api_virtualenv to None, run_after=None
[2023-12-27T03:20:13.886+0000] {processor.py:175} INFO - Processing /home/airflow/.local/lib/python3.7/site-packages/airflow/example_dags/tutorial_taskflow_api_virtualenv.py took 0.070 seconds
[2023-12-27T08:23:47.936+0000] {processor.py:153} INFO - Started process (PID=98574) to work on /home/airflow/.local/lib/python3.7/site-packages/airflow/example_dags/tutorial_taskflow_api_virtualenv.py
[2023-12-27T08:23:47.937+0000] {processor.py:743} INFO - Processing file /home/airflow/.local/lib/python3.7/site-packages/airflow/example_dags/tutorial_taskflow_api_virtualenv.py for tasks to queue
[2023-12-27T08:23:47.938+0000] {logging_mixin.py:137} INFO - [2023-12-27T08:23:47.938+0000] {dagbag.py:538} INFO - Filling up the DagBag from /home/airflow/.local/lib/python3.7/site-packages/airflow/example_dags/tutorial_taskflow_api_virtualenv.py
[2023-12-27T08:23:47.960+0000] {processor.py:753} INFO - DAG(s) dict_keys(['tutorial_taskflow_api_virtualenv']) retrieved from /home/airflow/.local/lib/python3.7/site-packages/airflow/example_dags/tutorial_taskflow_api_virtualenv.py
[2023-12-27T08:23:47.989+0000] {logging_mixin.py:137} INFO - [2023-12-27T08:23:47.989+0000] {dag.py:2676} INFO - Sync 1 DAGs
[2023-12-27T08:23:48.004+0000] {logging_mixin.py:137} INFO - [2023-12-27T08:23:48.004+0000] {dag.py:3427} INFO - Setting next_dagrun for tutorial_taskflow_api_virtualenv to None, run_after=None
[2023-12-27T08:23:48.015+0000] {processor.py:175} INFO - Processing /home/airflow/.local/lib/python3.7/site-packages/airflow/example_dags/tutorial_taskflow_api_virtualenv.py took 0.082 seconds
[2023-12-27T14:42:05.169+0000] {processor.py:153} INFO - Started process (PID=98650) to work on /home/airflow/.local/lib/python3.7/site-packages/airflow/example_dags/tutorial_taskflow_api_virtualenv.py
[2023-12-27T14:42:05.170+0000] {processor.py:743} INFO - Processing file /home/airflow/.local/lib/python3.7/site-packages/airflow/example_dags/tutorial_taskflow_api_virtualenv.py for tasks to queue
[2023-12-27T14:42:05.170+0000] {logging_mixin.py:137} INFO - [2023-12-27T14:42:05.170+0000] {dagbag.py:538} INFO - Filling up the DagBag from /home/airflow/.local/lib/python3.7/site-packages/airflow/example_dags/tutorial_taskflow_api_virtualenv.py
[2023-12-27T14:42:05.190+0000] {processor.py:753} INFO - DAG(s) dict_keys(['tutorial_taskflow_api_virtualenv']) retrieved from /home/airflow/.local/lib/python3.7/site-packages/airflow/example_dags/tutorial_taskflow_api_virtualenv.py
[2023-12-27T14:42:05.244+0000] {logging_mixin.py:137} INFO - [2023-12-27T14:42:05.244+0000] {dag.py:2676} INFO - Sync 1 DAGs
[2023-12-27T14:42:05.270+0000] {logging_mixin.py:137} INFO - [2023-12-27T14:42:05.270+0000] {dag.py:3427} INFO - Setting next_dagrun for tutorial_taskflow_api_virtualenv to None, run_after=None
[2023-12-27T14:42:05.295+0000] {processor.py:175} INFO - Processing /home/airflow/.local/lib/python3.7/site-packages/airflow/example_dags/tutorial_taskflow_api_virtualenv.py took 0.129 seconds
[2023-12-27T19:37:16.464+0000] {processor.py:153} INFO - Started process (PID=98744) to work on /home/airflow/.local/lib/python3.7/site-packages/airflow/example_dags/tutorial_taskflow_api_virtualenv.py
[2023-12-27T19:37:16.465+0000] {processor.py:743} INFO - Processing file /home/airflow/.local/lib/python3.7/site-packages/airflow/example_dags/tutorial_taskflow_api_virtualenv.py for tasks to queue
[2023-12-27T19:37:16.465+0000] {logging_mixin.py:137} INFO - [2023-12-27T19:37:16.465+0000] {dagbag.py:538} INFO - Filling up the DagBag from /home/airflow/.local/lib/python3.7/site-packages/airflow/example_dags/tutorial_taskflow_api_virtualenv.py
[2023-12-27T19:37:16.480+0000] {processor.py:753} INFO - DAG(s) dict_keys(['tutorial_taskflow_api_virtualenv']) retrieved from /home/airflow/.local/lib/python3.7/site-packages/airflow/example_dags/tutorial_taskflow_api_virtualenv.py
[2023-12-27T19:37:16.504+0000] {logging_mixin.py:137} INFO - [2023-12-27T19:37:16.504+0000] {dag.py:2676} INFO - Sync 1 DAGs
[2023-12-27T19:37:16.519+0000] {logging_mixin.py:137} INFO - [2023-12-27T19:37:16.519+0000] {dag.py:3427} INFO - Setting next_dagrun for tutorial_taskflow_api_virtualenv to None, run_after=None
[2023-12-27T19:37:16.534+0000] {processor.py:175} INFO - Processing /home/airflow/.local/lib/python3.7/site-packages/airflow/example_dags/tutorial_taskflow_api_virtualenv.py took 0.073 seconds
