[2023-12-27T03:20:12.812+0000] {processor.py:153} INFO - Started process (PID=98460) to work on /home/airflow/.local/lib/python3.7/site-packages/airflow/example_dags/tutorial_taskflow_api.py
[2023-12-27T03:20:12.813+0000] {processor.py:743} INFO - Processing file /home/airflow/.local/lib/python3.7/site-packages/airflow/example_dags/tutorial_taskflow_api.py for tasks to queue
[2023-12-27T03:20:12.813+0000] {logging_mixin.py:137} INFO - [2023-12-27T03:20:12.813+0000] {dagbag.py:538} INFO - Filling up the DagBag from /home/airflow/.local/lib/python3.7/site-packages/airflow/example_dags/tutorial_taskflow_api.py
[2023-12-27T03:20:12.830+0000] {processor.py:753} INFO - DAG(s) dict_keys(['tutorial_taskflow_api']) retrieved from /home/airflow/.local/lib/python3.7/site-packages/airflow/example_dags/tutorial_taskflow_api.py
[2023-12-27T03:20:12.857+0000] {logging_mixin.py:137} INFO - [2023-12-27T03:20:12.857+0000] {dag.py:2676} INFO - Sync 1 DAGs
[2023-12-27T03:20:12.873+0000] {logging_mixin.py:137} INFO - [2023-12-27T03:20:12.873+0000] {dag.py:3427} INFO - Setting next_dagrun for tutorial_taskflow_api to None, run_after=None
[2023-12-27T03:20:12.884+0000] {processor.py:175} INFO - Processing /home/airflow/.local/lib/python3.7/site-packages/airflow/example_dags/tutorial_taskflow_api.py took 0.075 seconds
[2023-12-27T08:23:46.135+0000] {processor.py:153} INFO - Started process (PID=98554) to work on /home/airflow/.local/lib/python3.7/site-packages/airflow/example_dags/tutorial_taskflow_api.py
[2023-12-27T08:23:46.137+0000] {processor.py:743} INFO - Processing file /home/airflow/.local/lib/python3.7/site-packages/airflow/example_dags/tutorial_taskflow_api.py for tasks to queue
[2023-12-27T08:23:46.138+0000] {logging_mixin.py:137} INFO - [2023-12-27T08:23:46.138+0000] {dagbag.py:538} INFO - Filling up the DagBag from /home/airflow/.local/lib/python3.7/site-packages/airflow/example_dags/tutorial_taskflow_api.py
[2023-12-27T08:23:46.161+0000] {processor.py:753} INFO - DAG(s) dict_keys(['tutorial_taskflow_api']) retrieved from /home/airflow/.local/lib/python3.7/site-packages/airflow/example_dags/tutorial_taskflow_api.py
[2023-12-27T08:23:46.218+0000] {logging_mixin.py:137} INFO - [2023-12-27T08:23:46.218+0000] {dag.py:2676} INFO - Sync 1 DAGs
[2023-12-27T08:23:46.259+0000] {logging_mixin.py:137} INFO - [2023-12-27T08:23:46.259+0000] {dag.py:3427} INFO - Setting next_dagrun for tutorial_taskflow_api to None, run_after=None
[2023-12-27T08:23:46.540+0000] {processor.py:175} INFO - Processing /home/airflow/.local/lib/python3.7/site-packages/airflow/example_dags/tutorial_taskflow_api.py took 0.410 seconds
[2023-12-27T14:42:03.670+0000] {processor.py:153} INFO - Started process (PID=98630) to work on /home/airflow/.local/lib/python3.7/site-packages/airflow/example_dags/tutorial_taskflow_api.py
[2023-12-27T14:42:03.671+0000] {processor.py:743} INFO - Processing file /home/airflow/.local/lib/python3.7/site-packages/airflow/example_dags/tutorial_taskflow_api.py for tasks to queue
[2023-12-27T14:42:03.672+0000] {logging_mixin.py:137} INFO - [2023-12-27T14:42:03.672+0000] {dagbag.py:538} INFO - Filling up the DagBag from /home/airflow/.local/lib/python3.7/site-packages/airflow/example_dags/tutorial_taskflow_api.py
[2023-12-27T14:42:03.688+0000] {processor.py:753} INFO - DAG(s) dict_keys(['tutorial_taskflow_api']) retrieved from /home/airflow/.local/lib/python3.7/site-packages/airflow/example_dags/tutorial_taskflow_api.py
[2023-12-27T14:42:03.714+0000] {logging_mixin.py:137} INFO - [2023-12-27T14:42:03.714+0000] {dag.py:2676} INFO - Sync 1 DAGs
[2023-12-27T14:42:03.733+0000] {logging_mixin.py:137} INFO - [2023-12-27T14:42:03.732+0000] {dag.py:3427} INFO - Setting next_dagrun for tutorial_taskflow_api to None, run_after=None
[2023-12-27T14:42:03.746+0000] {processor.py:175} INFO - Processing /home/airflow/.local/lib/python3.7/site-packages/airflow/example_dags/tutorial_taskflow_api.py took 0.079 seconds
[2023-12-27T19:37:15.139+0000] {processor.py:153} INFO - Started process (PID=98724) to work on /home/airflow/.local/lib/python3.7/site-packages/airflow/example_dags/tutorial_taskflow_api.py
[2023-12-27T19:37:15.144+0000] {processor.py:743} INFO - Processing file /home/airflow/.local/lib/python3.7/site-packages/airflow/example_dags/tutorial_taskflow_api.py for tasks to queue
[2023-12-27T19:37:15.147+0000] {logging_mixin.py:137} INFO - [2023-12-27T19:37:15.146+0000] {dagbag.py:538} INFO - Filling up the DagBag from /home/airflow/.local/lib/python3.7/site-packages/airflow/example_dags/tutorial_taskflow_api.py
[2023-12-27T19:37:15.209+0000] {processor.py:753} INFO - DAG(s) dict_keys(['tutorial_taskflow_api']) retrieved from /home/airflow/.local/lib/python3.7/site-packages/airflow/example_dags/tutorial_taskflow_api.py
[2023-12-27T19:37:15.295+0000] {logging_mixin.py:137} INFO - [2023-12-27T19:37:15.295+0000] {dag.py:2676} INFO - Sync 1 DAGs
[2023-12-27T19:37:15.362+0000] {logging_mixin.py:137} INFO - [2023-12-27T19:37:15.362+0000] {dag.py:3427} INFO - Setting next_dagrun for tutorial_taskflow_api to None, run_after=None
[2023-12-27T19:37:15.389+0000] {processor.py:175} INFO - Processing /home/airflow/.local/lib/python3.7/site-packages/airflow/example_dags/tutorial_taskflow_api.py took 0.264 seconds
