[2023-12-28T02:24:18.362+0000] {processor.py:153} INFO - Started process (PID=98835) to work on /home/airflow/.local/lib/python3.7/site-packages/airflow/example_dags/example_branch_labels.py
[2023-12-28T02:24:18.363+0000] {processor.py:743} INFO - Processing file /home/airflow/.local/lib/python3.7/site-packages/airflow/example_dags/example_branch_labels.py for tasks to queue
[2023-12-28T02:24:18.364+0000] {logging_mixin.py:137} INFO - [2023-12-28T02:24:18.364+0000] {dagbag.py:538} INFO - Filling up the DagBag from /home/airflow/.local/lib/python3.7/site-packages/airflow/example_dags/example_branch_labels.py
[2023-12-28T02:24:18.375+0000] {processor.py:753} INFO - DAG(s) dict_keys(['example_branch_labels']) retrieved from /home/airflow/.local/lib/python3.7/site-packages/airflow/example_dags/example_branch_labels.py
[2023-12-28T02:24:18.402+0000] {logging_mixin.py:137} INFO - [2023-12-28T02:24:18.402+0000] {dag.py:2676} INFO - Sync 1 DAGs
[2023-12-28T02:24:18.421+0000] {logging_mixin.py:137} INFO - [2023-12-28T02:24:18.421+0000] {dag.py:3427} INFO - Setting next_dagrun for example_branch_labels to 2023-12-27T00:00:00+00:00, run_after=2023-12-28T00:00:00+00:00
[2023-12-28T02:24:18.434+0000] {processor.py:175} INFO - Processing /home/airflow/.local/lib/python3.7/site-packages/airflow/example_dags/example_branch_labels.py took 0.074 seconds
[2023-12-28T08:38:59.648+0000] {processor.py:153} INFO - Started process (PID=98911) to work on /home/airflow/.local/lib/python3.7/site-packages/airflow/example_dags/example_branch_labels.py
[2023-12-28T08:38:59.649+0000] {processor.py:743} INFO - Processing file /home/airflow/.local/lib/python3.7/site-packages/airflow/example_dags/example_branch_labels.py for tasks to queue
[2023-12-28T08:38:59.650+0000] {logging_mixin.py:137} INFO - [2023-12-28T08:38:59.650+0000] {dagbag.py:538} INFO - Filling up the DagBag from /home/airflow/.local/lib/python3.7/site-packages/airflow/example_dags/example_branch_labels.py
[2023-12-28T08:38:59.661+0000] {processor.py:753} INFO - DAG(s) dict_keys(['example_branch_labels']) retrieved from /home/airflow/.local/lib/python3.7/site-packages/airflow/example_dags/example_branch_labels.py
[2023-12-28T08:38:59.686+0000] {logging_mixin.py:137} INFO - [2023-12-28T08:38:59.686+0000] {dag.py:2676} INFO - Sync 1 DAGs
[2023-12-28T08:38:59.701+0000] {logging_mixin.py:137} INFO - [2023-12-28T08:38:59.701+0000] {dag.py:3427} INFO - Setting next_dagrun for example_branch_labels to 2023-12-27T00:00:00+00:00, run_after=2023-12-28T00:00:00+00:00
[2023-12-28T08:38:59.711+0000] {processor.py:175} INFO - Processing /home/airflow/.local/lib/python3.7/site-packages/airflow/example_dags/example_branch_labels.py took 0.065 seconds
[2023-12-28T13:19:47.933+0000] {processor.py:153} INFO - Started process (PID=99005) to work on /home/airflow/.local/lib/python3.7/site-packages/airflow/example_dags/example_branch_labels.py
[2023-12-28T13:19:47.933+0000] {processor.py:743} INFO - Processing file /home/airflow/.local/lib/python3.7/site-packages/airflow/example_dags/example_branch_labels.py for tasks to queue
[2023-12-28T13:19:47.934+0000] {logging_mixin.py:137} INFO - [2023-12-28T13:19:47.934+0000] {dagbag.py:538} INFO - Filling up the DagBag from /home/airflow/.local/lib/python3.7/site-packages/airflow/example_dags/example_branch_labels.py
[2023-12-28T13:19:47.946+0000] {processor.py:753} INFO - DAG(s) dict_keys(['example_branch_labels']) retrieved from /home/airflow/.local/lib/python3.7/site-packages/airflow/example_dags/example_branch_labels.py
[2023-12-28T13:19:47.971+0000] {logging_mixin.py:137} INFO - [2023-12-28T13:19:47.971+0000] {dag.py:2676} INFO - Sync 1 DAGs
[2023-12-28T13:19:47.988+0000] {logging_mixin.py:137} INFO - [2023-12-28T13:19:47.988+0000] {dag.py:3427} INFO - Setting next_dagrun for example_branch_labels to 2023-12-27T00:00:00+00:00, run_after=2023-12-28T00:00:00+00:00
[2023-12-28T13:19:47.999+0000] {processor.py:175} INFO - Processing /home/airflow/.local/lib/python3.7/site-packages/airflow/example_dags/example_branch_labels.py took 0.069 seconds
[2023-12-28T18:49:53.883+0000] {processor.py:153} INFO - Started process (PID=99081) to work on /home/airflow/.local/lib/python3.7/site-packages/airflow/example_dags/example_branch_labels.py
[2023-12-28T18:49:53.884+0000] {processor.py:743} INFO - Processing file /home/airflow/.local/lib/python3.7/site-packages/airflow/example_dags/example_branch_labels.py for tasks to queue
[2023-12-28T18:49:53.884+0000] {logging_mixin.py:137} INFO - [2023-12-28T18:49:53.884+0000] {dagbag.py:538} INFO - Filling up the DagBag from /home/airflow/.local/lib/python3.7/site-packages/airflow/example_dags/example_branch_labels.py
[2023-12-28T18:49:53.895+0000] {processor.py:753} INFO - DAG(s) dict_keys(['example_branch_labels']) retrieved from /home/airflow/.local/lib/python3.7/site-packages/airflow/example_dags/example_branch_labels.py
[2023-12-28T18:49:53.920+0000] {logging_mixin.py:137} INFO - [2023-12-28T18:49:53.920+0000] {dag.py:2676} INFO - Sync 1 DAGs
[2023-12-28T18:49:53.937+0000] {logging_mixin.py:137} INFO - [2023-12-28T18:49:53.937+0000] {dag.py:3427} INFO - Setting next_dagrun for example_branch_labels to 2023-12-27T00:00:00+00:00, run_after=2023-12-28T00:00:00+00:00
[2023-12-28T18:49:53.948+0000] {processor.py:175} INFO - Processing /home/airflow/.local/lib/python3.7/site-packages/airflow/example_dags/example_branch_labels.py took 0.068 seconds
