[2023-12-28T02:24:18.025+0000] {processor.py:153} INFO - Started process (PID=98820) to work on /home/airflow/.local/lib/python3.7/site-packages/airflow/example_dags/example_dag_decorator.py
[2023-12-28T02:24:18.026+0000] {processor.py:743} INFO - Processing file /home/airflow/.local/lib/python3.7/site-packages/airflow/example_dags/example_dag_decorator.py for tasks to queue
[2023-12-28T02:24:18.027+0000] {logging_mixin.py:137} INFO - [2023-12-28T02:24:18.027+0000] {dagbag.py:538} INFO - Filling up the DagBag from /home/airflow/.local/lib/python3.7/site-packages/airflow/example_dags/example_dag_decorator.py
[2023-12-28T02:24:18.038+0000] {logging_mixin.py:137} INFO - [2023-12-28T02:24:18.038+0000] {taskmixin.py:205} WARNING - Dependency <Task(_PythonDecoratedOperator): prepare_email>, send_email already registered for DAG: example_dag_decorator
[2023-12-28T02:24:18.038+0000] {logging_mixin.py:137} INFO - [2023-12-28T02:24:18.038+0000] {taskmixin.py:205} WARNING - Dependency <Task(EmailOperator): send_email>, prepare_email already registered for DAG: example_dag_decorator
[2023-12-28T02:24:18.047+0000] {processor.py:753} INFO - DAG(s) dict_keys(['example_dag_decorator']) retrieved from /home/airflow/.local/lib/python3.7/site-packages/airflow/example_dags/example_dag_decorator.py
[2023-12-28T02:24:18.092+0000] {logging_mixin.py:137} INFO - [2023-12-28T02:24:18.092+0000] {dag.py:2676} INFO - Sync 1 DAGs
[2023-12-28T02:24:18.108+0000] {logging_mixin.py:137} INFO - [2023-12-28T02:24:18.108+0000] {dag.py:3427} INFO - Setting next_dagrun for example_dag_decorator to None, run_after=None
[2023-12-28T02:24:18.120+0000] {processor.py:175} INFO - Processing /home/airflow/.local/lib/python3.7/site-packages/airflow/example_dags/example_dag_decorator.py took 0.097 seconds
[2023-12-28T08:38:59.372+0000] {processor.py:153} INFO - Started process (PID=98905) to work on /home/airflow/.local/lib/python3.7/site-packages/airflow/example_dags/example_dag_decorator.py
[2023-12-28T08:38:59.373+0000] {processor.py:743} INFO - Processing file /home/airflow/.local/lib/python3.7/site-packages/airflow/example_dags/example_dag_decorator.py for tasks to queue
[2023-12-28T08:38:59.373+0000] {logging_mixin.py:137} INFO - [2023-12-28T08:38:59.373+0000] {dagbag.py:538} INFO - Filling up the DagBag from /home/airflow/.local/lib/python3.7/site-packages/airflow/example_dags/example_dag_decorator.py
[2023-12-28T08:38:59.385+0000] {logging_mixin.py:137} INFO - [2023-12-28T08:38:59.385+0000] {taskmixin.py:205} WARNING - Dependency <Task(_PythonDecoratedOperator): prepare_email>, send_email already registered for DAG: example_dag_decorator
[2023-12-28T08:38:59.385+0000] {logging_mixin.py:137} INFO - [2023-12-28T08:38:59.385+0000] {taskmixin.py:205} WARNING - Dependency <Task(EmailOperator): send_email>, prepare_email already registered for DAG: example_dag_decorator
[2023-12-28T08:38:59.395+0000] {processor.py:753} INFO - DAG(s) dict_keys(['example_dag_decorator']) retrieved from /home/airflow/.local/lib/python3.7/site-packages/airflow/example_dags/example_dag_decorator.py
[2023-12-28T08:38:59.445+0000] {logging_mixin.py:137} INFO - [2023-12-28T08:38:59.445+0000] {dag.py:2676} INFO - Sync 1 DAGs
[2023-12-28T08:38:59.459+0000] {logging_mixin.py:137} INFO - [2023-12-28T08:38:59.459+0000] {dag.py:3427} INFO - Setting next_dagrun for example_dag_decorator to None, run_after=None
[2023-12-28T08:38:59.471+0000] {processor.py:175} INFO - Processing /home/airflow/.local/lib/python3.7/site-packages/airflow/example_dags/example_dag_decorator.py took 0.102 seconds
[2023-12-28T13:19:47.388+0000] {processor.py:153} INFO - Started process (PID=98999) to work on /home/airflow/.local/lib/python3.7/site-packages/airflow/example_dags/example_dag_decorator.py
[2023-12-28T13:19:47.391+0000] {processor.py:743} INFO - Processing file /home/airflow/.local/lib/python3.7/site-packages/airflow/example_dags/example_dag_decorator.py for tasks to queue
[2023-12-28T13:19:47.392+0000] {logging_mixin.py:137} INFO - [2023-12-28T13:19:47.392+0000] {dagbag.py:538} INFO - Filling up the DagBag from /home/airflow/.local/lib/python3.7/site-packages/airflow/example_dags/example_dag_decorator.py
[2023-12-28T13:19:47.410+0000] {logging_mixin.py:137} INFO - [2023-12-28T13:19:47.410+0000] {taskmixin.py:205} WARNING - Dependency <Task(_PythonDecoratedOperator): prepare_email>, send_email already registered for DAG: example_dag_decorator
[2023-12-28T13:19:47.410+0000] {logging_mixin.py:137} INFO - [2023-12-28T13:19:47.410+0000] {taskmixin.py:205} WARNING - Dependency <Task(EmailOperator): send_email>, prepare_email already registered for DAG: example_dag_decorator
[2023-12-28T13:19:47.426+0000] {processor.py:753} INFO - DAG(s) dict_keys(['example_dag_decorator']) retrieved from /home/airflow/.local/lib/python3.7/site-packages/airflow/example_dags/example_dag_decorator.py
[2023-12-28T13:19:47.496+0000] {logging_mixin.py:137} INFO - [2023-12-28T13:19:47.496+0000] {dag.py:2676} INFO - Sync 1 DAGs
[2023-12-28T13:19:47.526+0000] {logging_mixin.py:137} INFO - [2023-12-28T13:19:47.526+0000] {dag.py:3427} INFO - Setting next_dagrun for example_dag_decorator to None, run_after=None
[2023-12-28T13:19:47.552+0000] {processor.py:175} INFO - Processing /home/airflow/.local/lib/python3.7/site-packages/airflow/example_dags/example_dag_decorator.py took 0.171 seconds
[2023-12-28T18:49:53.577+0000] {processor.py:153} INFO - Started process (PID=99075) to work on /home/airflow/.local/lib/python3.7/site-packages/airflow/example_dags/example_dag_decorator.py
[2023-12-28T18:49:53.578+0000] {processor.py:743} INFO - Processing file /home/airflow/.local/lib/python3.7/site-packages/airflow/example_dags/example_dag_decorator.py for tasks to queue
[2023-12-28T18:49:53.579+0000] {logging_mixin.py:137} INFO - [2023-12-28T18:49:53.579+0000] {dagbag.py:538} INFO - Filling up the DagBag from /home/airflow/.local/lib/python3.7/site-packages/airflow/example_dags/example_dag_decorator.py
[2023-12-28T18:49:53.598+0000] {logging_mixin.py:137} INFO - [2023-12-28T18:49:53.598+0000] {taskmixin.py:205} WARNING - Dependency <Task(_PythonDecoratedOperator): prepare_email>, send_email already registered for DAG: example_dag_decorator
[2023-12-28T18:49:53.598+0000] {logging_mixin.py:137} INFO - [2023-12-28T18:49:53.598+0000] {taskmixin.py:205} WARNING - Dependency <Task(EmailOperator): send_email>, prepare_email already registered for DAG: example_dag_decorator
[2023-12-28T18:49:53.610+0000] {processor.py:753} INFO - DAG(s) dict_keys(['example_dag_decorator']) retrieved from /home/airflow/.local/lib/python3.7/site-packages/airflow/example_dags/example_dag_decorator.py
[2023-12-28T18:49:53.675+0000] {logging_mixin.py:137} INFO - [2023-12-28T18:49:53.675+0000] {dag.py:2676} INFO - Sync 1 DAGs
[2023-12-28T18:49:53.689+0000] {logging_mixin.py:137} INFO - [2023-12-28T18:49:53.689+0000] {dag.py:3427} INFO - Setting next_dagrun for example_dag_decorator to None, run_after=None
[2023-12-28T18:49:53.701+0000] {processor.py:175} INFO - Processing /home/airflow/.local/lib/python3.7/site-packages/airflow/example_dags/example_dag_decorator.py took 0.130 seconds
