[2023-12-28T02:24:17.856+0000] {processor.py:153} INFO - Started process (PID=98818) to work on /home/airflow/.local/lib/python3.7/site-packages/airflow/example_dags/example_time_delta_sensor_async.py
[2023-12-28T02:24:17.857+0000] {processor.py:743} INFO - Processing file /home/airflow/.local/lib/python3.7/site-packages/airflow/example_dags/example_time_delta_sensor_async.py for tasks to queue
[2023-12-28T02:24:17.857+0000] {logging_mixin.py:137} INFO - [2023-12-28T02:24:17.857+0000] {dagbag.py:538} INFO - Filling up the DagBag from /home/airflow/.local/lib/python3.7/site-packages/airflow/example_dags/example_time_delta_sensor_async.py
[2023-12-28T02:24:17.866+0000] {processor.py:753} INFO - DAG(s) dict_keys(['example_time_delta_sensor_async']) retrieved from /home/airflow/.local/lib/python3.7/site-packages/airflow/example_dags/example_time_delta_sensor_async.py
[2023-12-28T02:24:17.890+0000] {logging_mixin.py:137} INFO - [2023-12-28T02:24:17.889+0000] {dag.py:2676} INFO - Sync 1 DAGs
[2023-12-28T02:24:17.903+0000] {logging_mixin.py:137} INFO - [2023-12-28T02:24:17.903+0000] {dag.py:3427} INFO - Setting next_dagrun for example_time_delta_sensor_async to None, run_after=None
[2023-12-28T02:24:17.913+0000] {processor.py:175} INFO - Processing /home/airflow/.local/lib/python3.7/site-packages/airflow/example_dags/example_time_delta_sensor_async.py took 0.060 seconds
[2023-12-28T08:38:59.291+0000] {processor.py:153} INFO - Started process (PID=98903) to work on /home/airflow/.local/lib/python3.7/site-packages/airflow/example_dags/example_time_delta_sensor_async.py
[2023-12-28T08:38:59.292+0000] {processor.py:743} INFO - Processing file /home/airflow/.local/lib/python3.7/site-packages/airflow/example_dags/example_time_delta_sensor_async.py for tasks to queue
[2023-12-28T08:38:59.293+0000] {logging_mixin.py:137} INFO - [2023-12-28T08:38:59.293+0000] {dagbag.py:538} INFO - Filling up the DagBag from /home/airflow/.local/lib/python3.7/site-packages/airflow/example_dags/example_time_delta_sensor_async.py
[2023-12-28T08:38:59.302+0000] {processor.py:753} INFO - DAG(s) dict_keys(['example_time_delta_sensor_async']) retrieved from /home/airflow/.local/lib/python3.7/site-packages/airflow/example_dags/example_time_delta_sensor_async.py
[2023-12-28T08:38:59.327+0000] {logging_mixin.py:137} INFO - [2023-12-28T08:38:59.327+0000] {dag.py:2676} INFO - Sync 1 DAGs
[2023-12-28T08:38:59.342+0000] {logging_mixin.py:137} INFO - [2023-12-28T08:38:59.341+0000] {dag.py:3427} INFO - Setting next_dagrun for example_time_delta_sensor_async to None, run_after=None
[2023-12-28T08:38:59.352+0000] {processor.py:175} INFO - Processing /home/airflow/.local/lib/python3.7/site-packages/airflow/example_dags/example_time_delta_sensor_async.py took 0.064 seconds
[2023-12-28T13:19:47.237+0000] {processor.py:153} INFO - Started process (PID=98997) to work on /home/airflow/.local/lib/python3.7/site-packages/airflow/example_dags/example_time_delta_sensor_async.py
[2023-12-28T13:19:47.238+0000] {processor.py:743} INFO - Processing file /home/airflow/.local/lib/python3.7/site-packages/airflow/example_dags/example_time_delta_sensor_async.py for tasks to queue
[2023-12-28T13:19:47.240+0000] {logging_mixin.py:137} INFO - [2023-12-28T13:19:47.240+0000] {dagbag.py:538} INFO - Filling up the DagBag from /home/airflow/.local/lib/python3.7/site-packages/airflow/example_dags/example_time_delta_sensor_async.py
[2023-12-28T13:19:47.249+0000] {processor.py:753} INFO - DAG(s) dict_keys(['example_time_delta_sensor_async']) retrieved from /home/airflow/.local/lib/python3.7/site-packages/airflow/example_dags/example_time_delta_sensor_async.py
[2023-12-28T13:19:47.283+0000] {logging_mixin.py:137} INFO - [2023-12-28T13:19:47.283+0000] {dag.py:2676} INFO - Sync 1 DAGs
[2023-12-28T13:19:47.315+0000] {logging_mixin.py:137} INFO - [2023-12-28T13:19:47.315+0000] {dag.py:3427} INFO - Setting next_dagrun for example_time_delta_sensor_async to None, run_after=None
[2023-12-28T13:19:47.355+0000] {processor.py:175} INFO - Processing /home/airflow/.local/lib/python3.7/site-packages/airflow/example_dags/example_time_delta_sensor_async.py took 0.121 seconds
[2023-12-28T18:49:53.437+0000] {processor.py:153} INFO - Started process (PID=99073) to work on /home/airflow/.local/lib/python3.7/site-packages/airflow/example_dags/example_time_delta_sensor_async.py
[2023-12-28T18:49:53.438+0000] {processor.py:743} INFO - Processing file /home/airflow/.local/lib/python3.7/site-packages/airflow/example_dags/example_time_delta_sensor_async.py for tasks to queue
[2023-12-28T18:49:53.438+0000] {logging_mixin.py:137} INFO - [2023-12-28T18:49:53.438+0000] {dagbag.py:538} INFO - Filling up the DagBag from /home/airflow/.local/lib/python3.7/site-packages/airflow/example_dags/example_time_delta_sensor_async.py
[2023-12-28T18:49:53.448+0000] {processor.py:753} INFO - DAG(s) dict_keys(['example_time_delta_sensor_async']) retrieved from /home/airflow/.local/lib/python3.7/site-packages/airflow/example_dags/example_time_delta_sensor_async.py
[2023-12-28T18:49:53.475+0000] {logging_mixin.py:137} INFO - [2023-12-28T18:49:53.475+0000] {dag.py:2676} INFO - Sync 1 DAGs
[2023-12-28T18:49:53.493+0000] {logging_mixin.py:137} INFO - [2023-12-28T18:49:53.493+0000] {dag.py:3427} INFO - Setting next_dagrun for example_time_delta_sensor_async to None, run_after=None
[2023-12-28T18:49:53.511+0000] {processor.py:175} INFO - Processing /home/airflow/.local/lib/python3.7/site-packages/airflow/example_dags/example_time_delta_sensor_async.py took 0.078 seconds
