[2023-12-28T02:24:17.302+0000] {processor.py:153} INFO - Started process (PID=98798) to work on /home/airflow/.local/lib/python3.7/site-packages/airflow/example_dags/example_branch_python_dop_operator_3.py
[2023-12-28T02:24:17.303+0000] {processor.py:743} INFO - Processing file /home/airflow/.local/lib/python3.7/site-packages/airflow/example_dags/example_branch_python_dop_operator_3.py for tasks to queue
[2023-12-28T02:24:17.303+0000] {logging_mixin.py:137} INFO - [2023-12-28T02:24:17.303+0000] {dagbag.py:538} INFO - Filling up the DagBag from /home/airflow/.local/lib/python3.7/site-packages/airflow/example_dags/example_branch_python_dop_operator_3.py
[2023-12-28T02:24:17.318+0000] {processor.py:753} INFO - DAG(s) dict_keys(['example_branch_dop_operator_v3']) retrieved from /home/airflow/.local/lib/python3.7/site-packages/airflow/example_dags/example_branch_python_dop_operator_3.py
[2023-12-28T02:24:17.341+0000] {logging_mixin.py:137} INFO - [2023-12-28T02:24:17.341+0000] {dag.py:2676} INFO - Sync 1 DAGs
[2023-12-28T02:24:17.357+0000] {logging_mixin.py:137} INFO - [2023-12-28T02:24:17.357+0000] {dag.py:3427} INFO - Setting next_dagrun for example_branch_dop_operator_v3 to 2023-12-28T02:23:00+00:00, run_after=2023-12-28T02:24:00+00:00
[2023-12-28T02:24:17.367+0000] {processor.py:175} INFO - Processing /home/airflow/.local/lib/python3.7/site-packages/airflow/example_dags/example_branch_python_dop_operator_3.py took 0.067 seconds
[2023-12-28T08:38:58.819+0000] {processor.py:153} INFO - Started process (PID=98892) to work on /home/airflow/.local/lib/python3.7/site-packages/airflow/example_dags/example_branch_python_dop_operator_3.py
[2023-12-28T08:38:58.820+0000] {processor.py:743} INFO - Processing file /home/airflow/.local/lib/python3.7/site-packages/airflow/example_dags/example_branch_python_dop_operator_3.py for tasks to queue
[2023-12-28T08:38:58.821+0000] {logging_mixin.py:137} INFO - [2023-12-28T08:38:58.821+0000] {dagbag.py:538} INFO - Filling up the DagBag from /home/airflow/.local/lib/python3.7/site-packages/airflow/example_dags/example_branch_python_dop_operator_3.py
[2023-12-28T08:38:58.837+0000] {processor.py:753} INFO - DAG(s) dict_keys(['example_branch_dop_operator_v3']) retrieved from /home/airflow/.local/lib/python3.7/site-packages/airflow/example_dags/example_branch_python_dop_operator_3.py
[2023-12-28T08:38:58.861+0000] {logging_mixin.py:137} INFO - [2023-12-28T08:38:58.860+0000] {dag.py:2676} INFO - Sync 1 DAGs
[2023-12-28T08:38:58.877+0000] {logging_mixin.py:137} INFO - [2023-12-28T08:38:58.877+0000] {dag.py:3427} INFO - Setting next_dagrun for example_branch_dop_operator_v3 to 2023-12-28T08:37:00+00:00, run_after=2023-12-28T08:38:00+00:00
[2023-12-28T08:38:58.888+0000] {processor.py:175} INFO - Processing /home/airflow/.local/lib/python3.7/site-packages/airflow/example_dags/example_branch_python_dop_operator_3.py took 0.071 seconds
[2023-12-28T13:19:46.150+0000] {processor.py:153} INFO - Started process (PID=98986) to work on /home/airflow/.local/lib/python3.7/site-packages/airflow/example_dags/example_branch_python_dop_operator_3.py
[2023-12-28T13:19:46.151+0000] {processor.py:743} INFO - Processing file /home/airflow/.local/lib/python3.7/site-packages/airflow/example_dags/example_branch_python_dop_operator_3.py for tasks to queue
[2023-12-28T13:19:46.151+0000] {logging_mixin.py:137} INFO - [2023-12-28T13:19:46.151+0000] {dagbag.py:538} INFO - Filling up the DagBag from /home/airflow/.local/lib/python3.7/site-packages/airflow/example_dags/example_branch_python_dop_operator_3.py
[2023-12-28T13:19:46.187+0000] {processor.py:753} INFO - DAG(s) dict_keys(['example_branch_dop_operator_v3']) retrieved from /home/airflow/.local/lib/python3.7/site-packages/airflow/example_dags/example_branch_python_dop_operator_3.py
[2023-12-28T13:19:46.238+0000] {logging_mixin.py:137} INFO - [2023-12-28T13:19:46.237+0000] {dag.py:2676} INFO - Sync 1 DAGs
[2023-12-28T13:19:46.269+0000] {logging_mixin.py:137} INFO - [2023-12-28T13:19:46.268+0000] {dag.py:3427} INFO - Setting next_dagrun for example_branch_dop_operator_v3 to 2023-12-28T13:18:00+00:00, run_after=2023-12-28T13:19:00+00:00
[2023-12-28T13:19:46.285+0000] {processor.py:175} INFO - Processing /home/airflow/.local/lib/python3.7/site-packages/airflow/example_dags/example_branch_python_dop_operator_3.py took 0.139 seconds
[2023-12-28T18:49:52.582+0000] {processor.py:153} INFO - Started process (PID=99062) to work on /home/airflow/.local/lib/python3.7/site-packages/airflow/example_dags/example_branch_python_dop_operator_3.py
[2023-12-28T18:49:52.583+0000] {processor.py:743} INFO - Processing file /home/airflow/.local/lib/python3.7/site-packages/airflow/example_dags/example_branch_python_dop_operator_3.py for tasks to queue
[2023-12-28T18:49:52.583+0000] {logging_mixin.py:137} INFO - [2023-12-28T18:49:52.583+0000] {dagbag.py:538} INFO - Filling up the DagBag from /home/airflow/.local/lib/python3.7/site-packages/airflow/example_dags/example_branch_python_dop_operator_3.py
[2023-12-28T18:49:52.605+0000] {processor.py:753} INFO - DAG(s) dict_keys(['example_branch_dop_operator_v3']) retrieved from /home/airflow/.local/lib/python3.7/site-packages/airflow/example_dags/example_branch_python_dop_operator_3.py
[2023-12-28T18:49:52.631+0000] {logging_mixin.py:137} INFO - [2023-12-28T18:49:52.631+0000] {dag.py:2676} INFO - Sync 1 DAGs
[2023-12-28T18:49:52.647+0000] {logging_mixin.py:137} INFO - [2023-12-28T18:49:52.647+0000] {dag.py:3427} INFO - Setting next_dagrun for example_branch_dop_operator_v3 to 2023-12-28T18:48:00+00:00, run_after=2023-12-28T18:49:00+00:00
[2023-12-28T18:49:52.657+0000] {processor.py:175} INFO - Processing /home/airflow/.local/lib/python3.7/site-packages/airflow/example_dags/example_branch_python_dop_operator_3.py took 0.077 seconds
