[2023-12-28T02:24:18.029+0000] {processor.py:153} INFO - Started process (PID=98821) to work on /home/airflow/.local/lib/python3.7/site-packages/airflow/example_dags/example_branch_day_of_week_operator.py
[2023-12-28T02:24:18.029+0000] {processor.py:743} INFO - Processing file /home/airflow/.local/lib/python3.7/site-packages/airflow/example_dags/example_branch_day_of_week_operator.py for tasks to queue
[2023-12-28T02:24:18.030+0000] {logging_mixin.py:137} INFO - [2023-12-28T02:24:18.030+0000] {dagbag.py:538} INFO - Filling up the DagBag from /home/airflow/.local/lib/python3.7/site-packages/airflow/example_dags/example_branch_day_of_week_operator.py
[2023-12-28T02:24:18.039+0000] {processor.py:753} INFO - DAG(s) dict_keys(['example_weekday_branch_operator']) retrieved from /home/airflow/.local/lib/python3.7/site-packages/airflow/example_dags/example_branch_day_of_week_operator.py
[2023-12-28T02:24:18.065+0000] {logging_mixin.py:137} INFO - [2023-12-28T02:24:18.065+0000] {dag.py:2676} INFO - Sync 1 DAGs
[2023-12-28T02:24:18.081+0000] {logging_mixin.py:137} INFO - [2023-12-28T02:24:18.080+0000] {dag.py:3427} INFO - Setting next_dagrun for example_weekday_branch_operator to 2023-12-27T00:00:00+00:00, run_after=2023-12-28T00:00:00+00:00
[2023-12-28T02:24:18.092+0000] {processor.py:175} INFO - Processing /home/airflow/.local/lib/python3.7/site-packages/airflow/example_dags/example_branch_day_of_week_operator.py took 0.066 seconds
[2023-12-28T08:38:59.435+0000] {processor.py:153} INFO - Started process (PID=98906) to work on /home/airflow/.local/lib/python3.7/site-packages/airflow/example_dags/example_branch_day_of_week_operator.py
[2023-12-28T08:38:59.436+0000] {processor.py:743} INFO - Processing file /home/airflow/.local/lib/python3.7/site-packages/airflow/example_dags/example_branch_day_of_week_operator.py for tasks to queue
[2023-12-28T08:38:59.436+0000] {logging_mixin.py:137} INFO - [2023-12-28T08:38:59.436+0000] {dagbag.py:538} INFO - Filling up the DagBag from /home/airflow/.local/lib/python3.7/site-packages/airflow/example_dags/example_branch_day_of_week_operator.py
[2023-12-28T08:38:59.448+0000] {processor.py:753} INFO - DAG(s) dict_keys(['example_weekday_branch_operator']) retrieved from /home/airflow/.local/lib/python3.7/site-packages/airflow/example_dags/example_branch_day_of_week_operator.py
[2023-12-28T08:38:59.473+0000] {logging_mixin.py:137} INFO - [2023-12-28T08:38:59.473+0000] {dag.py:2676} INFO - Sync 1 DAGs
[2023-12-28T08:38:59.488+0000] {logging_mixin.py:137} INFO - [2023-12-28T08:38:59.488+0000] {dag.py:3427} INFO - Setting next_dagrun for example_weekday_branch_operator to 2023-12-27T00:00:00+00:00, run_after=2023-12-28T00:00:00+00:00
[2023-12-28T08:38:59.499+0000] {processor.py:175} INFO - Processing /home/airflow/.local/lib/python3.7/site-packages/airflow/example_dags/example_branch_day_of_week_operator.py took 0.066 seconds
[2023-12-28T13:19:47.430+0000] {processor.py:153} INFO - Started process (PID=99000) to work on /home/airflow/.local/lib/python3.7/site-packages/airflow/example_dags/example_branch_day_of_week_operator.py
[2023-12-28T13:19:47.431+0000] {processor.py:743} INFO - Processing file /home/airflow/.local/lib/python3.7/site-packages/airflow/example_dags/example_branch_day_of_week_operator.py for tasks to queue
[2023-12-28T13:19:47.431+0000] {logging_mixin.py:137} INFO - [2023-12-28T13:19:47.431+0000] {dagbag.py:538} INFO - Filling up the DagBag from /home/airflow/.local/lib/python3.7/site-packages/airflow/example_dags/example_branch_day_of_week_operator.py
[2023-12-28T13:19:47.446+0000] {processor.py:753} INFO - DAG(s) dict_keys(['example_weekday_branch_operator']) retrieved from /home/airflow/.local/lib/python3.7/site-packages/airflow/example_dags/example_branch_day_of_week_operator.py
[2023-12-28T13:19:47.479+0000] {logging_mixin.py:137} INFO - [2023-12-28T13:19:47.478+0000] {dag.py:2676} INFO - Sync 1 DAGs
[2023-12-28T13:19:47.512+0000] {logging_mixin.py:137} INFO - [2023-12-28T13:19:47.512+0000] {dag.py:3427} INFO - Setting next_dagrun for example_weekday_branch_operator to 2023-12-27T00:00:00+00:00, run_after=2023-12-28T00:00:00+00:00
[2023-12-28T13:19:47.538+0000] {processor.py:175} INFO - Processing /home/airflow/.local/lib/python3.7/site-packages/airflow/example_dags/example_branch_day_of_week_operator.py took 0.113 seconds
[2023-12-28T18:49:53.673+0000] {processor.py:153} INFO - Started process (PID=99076) to work on /home/airflow/.local/lib/python3.7/site-packages/airflow/example_dags/example_branch_day_of_week_operator.py
[2023-12-28T18:49:53.674+0000] {processor.py:743} INFO - Processing file /home/airflow/.local/lib/python3.7/site-packages/airflow/example_dags/example_branch_day_of_week_operator.py for tasks to queue
[2023-12-28T18:49:53.675+0000] {logging_mixin.py:137} INFO - [2023-12-28T18:49:53.675+0000] {dagbag.py:538} INFO - Filling up the DagBag from /home/airflow/.local/lib/python3.7/site-packages/airflow/example_dags/example_branch_day_of_week_operator.py
[2023-12-28T18:49:53.686+0000] {processor.py:753} INFO - DAG(s) dict_keys(['example_weekday_branch_operator']) retrieved from /home/airflow/.local/lib/python3.7/site-packages/airflow/example_dags/example_branch_day_of_week_operator.py
[2023-12-28T18:49:53.710+0000] {logging_mixin.py:137} INFO - [2023-12-28T18:49:53.710+0000] {dag.py:2676} INFO - Sync 1 DAGs
[2023-12-28T18:49:53.725+0000] {logging_mixin.py:137} INFO - [2023-12-28T18:49:53.725+0000] {dag.py:3427} INFO - Setting next_dagrun for example_weekday_branch_operator to 2023-12-27T00:00:00+00:00, run_after=2023-12-28T00:00:00+00:00
[2023-12-28T18:49:53.736+0000] {processor.py:175} INFO - Processing /home/airflow/.local/lib/python3.7/site-packages/airflow/example_dags/example_branch_day_of_week_operator.py took 0.066 seconds
