[2023-12-28T02:24:16.856+0000] {processor.py:153} INFO - Started process (PID=98791) to work on /home/airflow/.local/lib/python3.7/site-packages/airflow/example_dags/example_skip_dag.py
[2023-12-28T02:24:16.856+0000] {processor.py:743} INFO - Processing file /home/airflow/.local/lib/python3.7/site-packages/airflow/example_dags/example_skip_dag.py for tasks to queue
[2023-12-28T02:24:16.857+0000] {logging_mixin.py:137} INFO - [2023-12-28T02:24:16.857+0000] {dagbag.py:538} INFO - Filling up the DagBag from /home/airflow/.local/lib/python3.7/site-packages/airflow/example_dags/example_skip_dag.py
[2023-12-28T02:24:16.866+0000] {processor.py:753} INFO - DAG(s) dict_keys(['example_skip_dag']) retrieved from /home/airflow/.local/lib/python3.7/site-packages/airflow/example_dags/example_skip_dag.py
[2023-12-28T02:24:16.891+0000] {logging_mixin.py:137} INFO - [2023-12-28T02:24:16.891+0000] {dag.py:2676} INFO - Sync 1 DAGs
[2023-12-28T02:24:16.908+0000] {logging_mixin.py:137} INFO - [2023-12-28T02:24:16.908+0000] {dag.py:3427} INFO - Setting next_dagrun for example_skip_dag to 2023-12-27T02:24:16.907975+00:00, run_after=2023-12-28T02:24:16.907975+00:00
[2023-12-28T02:24:16.919+0000] {processor.py:175} INFO - Processing /home/airflow/.local/lib/python3.7/site-packages/airflow/example_dags/example_skip_dag.py took 0.066 seconds
[2023-12-28T08:38:58.087+0000] {processor.py:153} INFO - Started process (PID=98885) to work on /home/airflow/.local/lib/python3.7/site-packages/airflow/example_dags/example_skip_dag.py
[2023-12-28T08:38:58.095+0000] {processor.py:743} INFO - Processing file /home/airflow/.local/lib/python3.7/site-packages/airflow/example_dags/example_skip_dag.py for tasks to queue
[2023-12-28T08:38:58.098+0000] {logging_mixin.py:137} INFO - [2023-12-28T08:38:58.097+0000] {dagbag.py:538} INFO - Filling up the DagBag from /home/airflow/.local/lib/python3.7/site-packages/airflow/example_dags/example_skip_dag.py
[2023-12-28T08:38:58.137+0000] {processor.py:753} INFO - DAG(s) dict_keys(['example_skip_dag']) retrieved from /home/airflow/.local/lib/python3.7/site-packages/airflow/example_dags/example_skip_dag.py
[2023-12-28T08:38:58.320+0000] {logging_mixin.py:137} INFO - [2023-12-28T08:38:58.320+0000] {dag.py:2676} INFO - Sync 1 DAGs
[2023-12-28T08:38:58.492+0000] {logging_mixin.py:137} INFO - [2023-12-28T08:38:58.492+0000] {dag.py:3427} INFO - Setting next_dagrun for example_skip_dag to 2023-12-27T08:38:58.492066+00:00, run_after=2023-12-28T08:38:58.492066+00:00
[2023-12-28T08:38:58.515+0000] {processor.py:175} INFO - Processing /home/airflow/.local/lib/python3.7/site-packages/airflow/example_dags/example_skip_dag.py took 0.443 seconds
[2023-12-28T13:19:44.855+0000] {processor.py:153} INFO - Started process (PID=98979) to work on /home/airflow/.local/lib/python3.7/site-packages/airflow/example_dags/example_skip_dag.py
[2023-12-28T13:19:44.855+0000] {processor.py:743} INFO - Processing file /home/airflow/.local/lib/python3.7/site-packages/airflow/example_dags/example_skip_dag.py for tasks to queue
[2023-12-28T13:19:44.856+0000] {logging_mixin.py:137} INFO - [2023-12-28T13:19:44.856+0000] {dagbag.py:538} INFO - Filling up the DagBag from /home/airflow/.local/lib/python3.7/site-packages/airflow/example_dags/example_skip_dag.py
[2023-12-28T13:19:44.868+0000] {processor.py:753} INFO - DAG(s) dict_keys(['example_skip_dag']) retrieved from /home/airflow/.local/lib/python3.7/site-packages/airflow/example_dags/example_skip_dag.py
[2023-12-28T13:19:44.909+0000] {logging_mixin.py:137} INFO - [2023-12-28T13:19:44.909+0000] {dag.py:2676} INFO - Sync 1 DAGs
[2023-12-28T13:19:44.954+0000] {logging_mixin.py:137} INFO - [2023-12-28T13:19:44.954+0000] {dag.py:3427} INFO - Setting next_dagrun for example_skip_dag to 2023-12-27T13:19:44.954435+00:00, run_after=2023-12-28T13:19:44.954435+00:00
[2023-12-28T13:19:44.994+0000] {processor.py:175} INFO - Processing /home/airflow/.local/lib/python3.7/site-packages/airflow/example_dags/example_skip_dag.py took 0.142 seconds
[2023-12-28T18:49:52.032+0000] {processor.py:153} INFO - Started process (PID=99055) to work on /home/airflow/.local/lib/python3.7/site-packages/airflow/example_dags/example_skip_dag.py
[2023-12-28T18:49:52.034+0000] {processor.py:743} INFO - Processing file /home/airflow/.local/lib/python3.7/site-packages/airflow/example_dags/example_skip_dag.py for tasks to queue
[2023-12-28T18:49:52.034+0000] {logging_mixin.py:137} INFO - [2023-12-28T18:49:52.034+0000] {dagbag.py:538} INFO - Filling up the DagBag from /home/airflow/.local/lib/python3.7/site-packages/airflow/example_dags/example_skip_dag.py
[2023-12-28T18:49:52.053+0000] {processor.py:753} INFO - DAG(s) dict_keys(['example_skip_dag']) retrieved from /home/airflow/.local/lib/python3.7/site-packages/airflow/example_dags/example_skip_dag.py
[2023-12-28T18:49:52.096+0000] {logging_mixin.py:137} INFO - [2023-12-28T18:49:52.096+0000] {dag.py:2676} INFO - Sync 1 DAGs
[2023-12-28T18:49:52.126+0000] {logging_mixin.py:137} INFO - [2023-12-28T18:49:52.125+0000] {dag.py:3427} INFO - Setting next_dagrun for example_skip_dag to 2023-12-27T18:49:52.125592+00:00, run_after=2023-12-28T18:49:52.125592+00:00
[2023-12-28T18:49:52.143+0000] {processor.py:175} INFO - Processing /home/airflow/.local/lib/python3.7/site-packages/airflow/example_dags/example_skip_dag.py took 0.115 seconds
