[2023-12-28T02:24:17.576+0000] {processor.py:153} INFO - Started process (PID=98808) to work on /home/airflow/.local/lib/python3.7/site-packages/airflow/example_dags/example_task_group.py
[2023-12-28T02:24:17.577+0000] {processor.py:743} INFO - Processing file /home/airflow/.local/lib/python3.7/site-packages/airflow/example_dags/example_task_group.py for tasks to queue
[2023-12-28T02:24:17.578+0000] {logging_mixin.py:137} INFO - [2023-12-28T02:24:17.578+0000] {dagbag.py:538} INFO - Filling up the DagBag from /home/airflow/.local/lib/python3.7/site-packages/airflow/example_dags/example_task_group.py
[2023-12-28T02:24:17.590+0000] {processor.py:753} INFO - DAG(s) dict_keys(['example_task_group']) retrieved from /home/airflow/.local/lib/python3.7/site-packages/airflow/example_dags/example_task_group.py
[2023-12-28T02:24:17.615+0000] {logging_mixin.py:137} INFO - [2023-12-28T02:24:17.615+0000] {dag.py:2676} INFO - Sync 1 DAGs
[2023-12-28T02:24:17.631+0000] {logging_mixin.py:137} INFO - [2023-12-28T02:24:17.631+0000] {dag.py:3427} INFO - Setting next_dagrun for example_task_group to 2023-12-27T02:24:17.631518+00:00, run_after=2023-12-28T02:24:17.631518+00:00
[2023-12-28T02:24:17.643+0000] {processor.py:175} INFO - Processing /home/airflow/.local/lib/python3.7/site-packages/airflow/example_dags/example_task_group.py took 0.070 seconds
[2023-12-28T08:38:58.990+0000] {processor.py:153} INFO - Started process (PID=98896) to work on /home/airflow/.local/lib/python3.7/site-packages/airflow/example_dags/example_task_group.py
[2023-12-28T08:38:58.991+0000] {processor.py:743} INFO - Processing file /home/airflow/.local/lib/python3.7/site-packages/airflow/example_dags/example_task_group.py for tasks to queue
[2023-12-28T08:38:58.991+0000] {logging_mixin.py:137} INFO - [2023-12-28T08:38:58.991+0000] {dagbag.py:538} INFO - Filling up the DagBag from /home/airflow/.local/lib/python3.7/site-packages/airflow/example_dags/example_task_group.py
[2023-12-28T08:38:59.003+0000] {processor.py:753} INFO - DAG(s) dict_keys(['example_task_group']) retrieved from /home/airflow/.local/lib/python3.7/site-packages/airflow/example_dags/example_task_group.py
[2023-12-28T08:38:59.032+0000] {logging_mixin.py:137} INFO - [2023-12-28T08:38:59.031+0000] {dag.py:2676} INFO - Sync 1 DAGs
[2023-12-28T08:38:59.052+0000] {logging_mixin.py:137} INFO - [2023-12-28T08:38:59.052+0000] {dag.py:3427} INFO - Setting next_dagrun for example_task_group to 2023-12-27T08:38:59.052530+00:00, run_after=2023-12-28T08:38:59.052530+00:00
[2023-12-28T08:38:59.063+0000] {processor.py:175} INFO - Processing /home/airflow/.local/lib/python3.7/site-packages/airflow/example_dags/example_task_group.py took 0.076 seconds
[2023-12-28T13:19:46.691+0000] {processor.py:153} INFO - Started process (PID=98990) to work on /home/airflow/.local/lib/python3.7/site-packages/airflow/example_dags/example_task_group.py
[2023-12-28T13:19:46.693+0000] {processor.py:743} INFO - Processing file /home/airflow/.local/lib/python3.7/site-packages/airflow/example_dags/example_task_group.py for tasks to queue
[2023-12-28T13:19:46.694+0000] {logging_mixin.py:137} INFO - [2023-12-28T13:19:46.694+0000] {dagbag.py:538} INFO - Filling up the DagBag from /home/airflow/.local/lib/python3.7/site-packages/airflow/example_dags/example_task_group.py
[2023-12-28T13:19:46.714+0000] {processor.py:753} INFO - DAG(s) dict_keys(['example_task_group']) retrieved from /home/airflow/.local/lib/python3.7/site-packages/airflow/example_dags/example_task_group.py
[2023-12-28T13:19:46.770+0000] {logging_mixin.py:137} INFO - [2023-12-28T13:19:46.769+0000] {dag.py:2676} INFO - Sync 1 DAGs
[2023-12-28T13:19:46.843+0000] {logging_mixin.py:137} INFO - [2023-12-28T13:19:46.843+0000] {dag.py:3427} INFO - Setting next_dagrun for example_task_group to 2023-12-27T13:19:46.843211+00:00, run_after=2023-12-28T13:19:46.843211+00:00
[2023-12-28T13:19:46.878+0000] {processor.py:175} INFO - Processing /home/airflow/.local/lib/python3.7/site-packages/airflow/example_dags/example_task_group.py took 0.194 seconds
[2023-12-28T18:49:52.854+0000] {processor.py:153} INFO - Started process (PID=99066) to work on /home/airflow/.local/lib/python3.7/site-packages/airflow/example_dags/example_task_group.py
[2023-12-28T18:49:52.856+0000] {processor.py:743} INFO - Processing file /home/airflow/.local/lib/python3.7/site-packages/airflow/example_dags/example_task_group.py for tasks to queue
[2023-12-28T18:49:52.856+0000] {logging_mixin.py:137} INFO - [2023-12-28T18:49:52.856+0000] {dagbag.py:538} INFO - Filling up the DagBag from /home/airflow/.local/lib/python3.7/site-packages/airflow/example_dags/example_task_group.py
[2023-12-28T18:49:52.870+0000] {processor.py:753} INFO - DAG(s) dict_keys(['example_task_group']) retrieved from /home/airflow/.local/lib/python3.7/site-packages/airflow/example_dags/example_task_group.py
[2023-12-28T18:49:52.905+0000] {logging_mixin.py:137} INFO - [2023-12-28T18:49:52.905+0000] {dag.py:2676} INFO - Sync 1 DAGs
[2023-12-28T18:49:52.932+0000] {logging_mixin.py:137} INFO - [2023-12-28T18:49:52.931+0000] {dag.py:3427} INFO - Setting next_dagrun for example_task_group to 2023-12-27T18:49:52.931597+00:00, run_after=2023-12-28T18:49:52.931597+00:00
[2023-12-28T18:49:52.949+0000] {processor.py:175} INFO - Processing /home/airflow/.local/lib/python3.7/site-packages/airflow/example_dags/example_task_group.py took 0.097 seconds
