[2023-12-28T02:24:17.014+0000] {processor.py:153} INFO - Started process (PID=98793) to work on /home/airflow/.local/lib/python3.7/site-packages/airflow/example_dags/example_branch_datetime_operator.py
[2023-12-28T02:24:17.015+0000] {processor.py:743} INFO - Processing file /home/airflow/.local/lib/python3.7/site-packages/airflow/example_dags/example_branch_datetime_operator.py for tasks to queue
[2023-12-28T02:24:17.015+0000] {logging_mixin.py:137} INFO - [2023-12-28T02:24:17.015+0000] {dagbag.py:538} INFO - Filling up the DagBag from /home/airflow/.local/lib/python3.7/site-packages/airflow/example_dags/example_branch_datetime_operator.py
[2023-12-28T02:24:17.028+0000] {processor.py:753} INFO - DAG(s) dict_keys(['example_branch_datetime_operator_3', 'example_branch_datetime_operator', 'example_branch_datetime_operator_2']) retrieved from /home/airflow/.local/lib/python3.7/site-packages/airflow/example_dags/example_branch_datetime_operator.py
[2023-12-28T02:24:17.055+0000] {logging_mixin.py:137} INFO - [2023-12-28T02:24:17.055+0000] {dag.py:2676} INFO - Sync 3 DAGs
[2023-12-28T02:24:17.070+0000] {logging_mixin.py:137} INFO - [2023-12-28T02:24:17.070+0000] {dag.py:3427} INFO - Setting next_dagrun for example_branch_datetime_operator to 2023-12-27T00:00:00+00:00, run_after=2023-12-28T00:00:00+00:00
[2023-12-28T02:24:17.073+0000] {logging_mixin.py:137} INFO - [2023-12-28T02:24:17.073+0000] {dag.py:3427} INFO - Setting next_dagrun for example_branch_datetime_operator_2 to 2023-12-27T00:00:00+00:00, run_after=2023-12-28T00:00:00+00:00
[2023-12-28T02:24:17.076+0000] {logging_mixin.py:137} INFO - [2023-12-28T02:24:17.076+0000] {dag.py:3427} INFO - Setting next_dagrun for example_branch_datetime_operator_3 to 2023-12-27T00:00:00+00:00, run_after=2023-12-28T00:00:00+00:00
[2023-12-28T02:24:17.089+0000] {processor.py:175} INFO - Processing /home/airflow/.local/lib/python3.7/site-packages/airflow/example_dags/example_branch_datetime_operator.py took 0.078 seconds
[2023-12-28T08:38:58.545+0000] {processor.py:153} INFO - Started process (PID=98887) to work on /home/airflow/.local/lib/python3.7/site-packages/airflow/example_dags/example_branch_datetime_operator.py
[2023-12-28T08:38:58.547+0000] {processor.py:743} INFO - Processing file /home/airflow/.local/lib/python3.7/site-packages/airflow/example_dags/example_branch_datetime_operator.py for tasks to queue
[2023-12-28T08:38:58.547+0000] {logging_mixin.py:137} INFO - [2023-12-28T08:38:58.547+0000] {dagbag.py:538} INFO - Filling up the DagBag from /home/airflow/.local/lib/python3.7/site-packages/airflow/example_dags/example_branch_datetime_operator.py
[2023-12-28T08:38:58.563+0000] {processor.py:753} INFO - DAG(s) dict_keys(['example_branch_datetime_operator_3', 'example_branch_datetime_operator', 'example_branch_datetime_operator_2']) retrieved from /home/airflow/.local/lib/python3.7/site-packages/airflow/example_dags/example_branch_datetime_operator.py
[2023-12-28T08:38:58.595+0000] {logging_mixin.py:137} INFO - [2023-12-28T08:38:58.595+0000] {dag.py:2676} INFO - Sync 3 DAGs
[2023-12-28T08:38:58.611+0000] {logging_mixin.py:137} INFO - [2023-12-28T08:38:58.611+0000] {dag.py:3427} INFO - Setting next_dagrun for example_branch_datetime_operator to 2023-12-27T00:00:00+00:00, run_after=2023-12-28T00:00:00+00:00
[2023-12-28T08:38:58.614+0000] {logging_mixin.py:137} INFO - [2023-12-28T08:38:58.614+0000] {dag.py:3427} INFO - Setting next_dagrun for example_branch_datetime_operator_2 to 2023-12-27T00:00:00+00:00, run_after=2023-12-28T00:00:00+00:00
[2023-12-28T08:38:58.616+0000] {logging_mixin.py:137} INFO - [2023-12-28T08:38:58.616+0000] {dag.py:3427} INFO - Setting next_dagrun for example_branch_datetime_operator_3 to 2023-12-27T00:00:00+00:00, run_after=2023-12-28T00:00:00+00:00
[2023-12-28T08:38:58.626+0000] {processor.py:175} INFO - Processing /home/airflow/.local/lib/python3.7/site-packages/airflow/example_dags/example_branch_datetime_operator.py took 0.084 seconds
[2023-12-28T13:19:45.038+0000] {processor.py:153} INFO - Started process (PID=98981) to work on /home/airflow/.local/lib/python3.7/site-packages/airflow/example_dags/example_branch_datetime_operator.py
[2023-12-28T13:19:45.041+0000] {processor.py:743} INFO - Processing file /home/airflow/.local/lib/python3.7/site-packages/airflow/example_dags/example_branch_datetime_operator.py for tasks to queue
[2023-12-28T13:19:45.043+0000] {logging_mixin.py:137} INFO - [2023-12-28T13:19:45.043+0000] {dagbag.py:538} INFO - Filling up the DagBag from /home/airflow/.local/lib/python3.7/site-packages/airflow/example_dags/example_branch_datetime_operator.py
[2023-12-28T13:19:45.073+0000] {processor.py:753} INFO - DAG(s) dict_keys(['example_branch_datetime_operator_3', 'example_branch_datetime_operator_2', 'example_branch_datetime_operator']) retrieved from /home/airflow/.local/lib/python3.7/site-packages/airflow/example_dags/example_branch_datetime_operator.py
[2023-12-28T13:19:45.149+0000] {logging_mixin.py:137} INFO - [2023-12-28T13:19:45.149+0000] {dag.py:2676} INFO - Sync 3 DAGs
[2023-12-28T13:19:45.179+0000] {logging_mixin.py:137} INFO - [2023-12-28T13:19:45.179+0000] {dag.py:3427} INFO - Setting next_dagrun for example_branch_datetime_operator to 2023-12-27T00:00:00+00:00, run_after=2023-12-28T00:00:00+00:00
[2023-12-28T13:19:45.183+0000] {logging_mixin.py:137} INFO - [2023-12-28T13:19:45.183+0000] {dag.py:3427} INFO - Setting next_dagrun for example_branch_datetime_operator_2 to 2023-12-27T00:00:00+00:00, run_after=2023-12-28T00:00:00+00:00
[2023-12-28T13:19:45.186+0000] {logging_mixin.py:137} INFO - [2023-12-28T13:19:45.186+0000] {dag.py:3427} INFO - Setting next_dagrun for example_branch_datetime_operator_3 to 2023-12-27T00:00:00+00:00, run_after=2023-12-28T00:00:00+00:00
[2023-12-28T13:19:45.206+0000] {processor.py:175} INFO - Processing /home/airflow/.local/lib/python3.7/site-packages/airflow/example_dags/example_branch_datetime_operator.py took 0.174 seconds
[2023-12-28T18:49:52.305+0000] {processor.py:153} INFO - Started process (PID=99057) to work on /home/airflow/.local/lib/python3.7/site-packages/airflow/example_dags/example_branch_datetime_operator.py
[2023-12-28T18:49:52.306+0000] {processor.py:743} INFO - Processing file /home/airflow/.local/lib/python3.7/site-packages/airflow/example_dags/example_branch_datetime_operator.py for tasks to queue
[2023-12-28T18:49:52.307+0000] {logging_mixin.py:137} INFO - [2023-12-28T18:49:52.307+0000] {dagbag.py:538} INFO - Filling up the DagBag from /home/airflow/.local/lib/python3.7/site-packages/airflow/example_dags/example_branch_datetime_operator.py
[2023-12-28T18:49:52.320+0000] {processor.py:753} INFO - DAG(s) dict_keys(['example_branch_datetime_operator', 'example_branch_datetime_operator_2', 'example_branch_datetime_operator_3']) retrieved from /home/airflow/.local/lib/python3.7/site-packages/airflow/example_dags/example_branch_datetime_operator.py
[2023-12-28T18:49:52.358+0000] {logging_mixin.py:137} INFO - [2023-12-28T18:49:52.358+0000] {dag.py:2676} INFO - Sync 3 DAGs
[2023-12-28T18:49:52.378+0000] {logging_mixin.py:137} INFO - [2023-12-28T18:49:52.378+0000] {dag.py:3427} INFO - Setting next_dagrun for example_branch_datetime_operator to 2023-12-27T00:00:00+00:00, run_after=2023-12-28T00:00:00+00:00
[2023-12-28T18:49:52.381+0000] {logging_mixin.py:137} INFO - [2023-12-28T18:49:52.381+0000] {dag.py:3427} INFO - Setting next_dagrun for example_branch_datetime_operator_2 to 2023-12-27T00:00:00+00:00, run_after=2023-12-28T00:00:00+00:00
[2023-12-28T18:49:52.382+0000] {logging_mixin.py:137} INFO - [2023-12-28T18:49:52.382+0000] {dag.py:3427} INFO - Setting next_dagrun for example_branch_datetime_operator_3 to 2023-12-27T00:00:00+00:00, run_after=2023-12-28T00:00:00+00:00
[2023-12-28T18:49:52.392+0000] {processor.py:175} INFO - Processing /home/airflow/.local/lib/python3.7/site-packages/airflow/example_dags/example_branch_datetime_operator.py took 0.090 seconds
