[2023-12-28T02:24:17.107+0000] {processor.py:153} INFO - Started process (PID=98795) to work on /home/airflow/.local/lib/python3.7/site-packages/airflow/example_dags/example_nested_branch_dag.py
[2023-12-28T02:24:17.107+0000] {processor.py:743} INFO - Processing file /home/airflow/.local/lib/python3.7/site-packages/airflow/example_dags/example_nested_branch_dag.py for tasks to queue
[2023-12-28T02:24:17.108+0000] {logging_mixin.py:137} INFO - [2023-12-28T02:24:17.108+0000] {dagbag.py:538} INFO - Filling up the DagBag from /home/airflow/.local/lib/python3.7/site-packages/airflow/example_dags/example_nested_branch_dag.py
[2023-12-28T02:24:17.124+0000] {processor.py:753} INFO - DAG(s) dict_keys(['example_nested_branch_dag']) retrieved from /home/airflow/.local/lib/python3.7/site-packages/airflow/example_dags/example_nested_branch_dag.py
[2023-12-28T02:24:17.148+0000] {logging_mixin.py:137} INFO - [2023-12-28T02:24:17.148+0000] {dag.py:2676} INFO - Sync 1 DAGs
[2023-12-28T02:24:17.163+0000] {logging_mixin.py:137} INFO - [2023-12-28T02:24:17.163+0000] {dag.py:3427} INFO - Setting next_dagrun for example_nested_branch_dag to 2023-12-27T00:00:00+00:00, run_after=2023-12-28T00:00:00+00:00
[2023-12-28T02:24:17.177+0000] {processor.py:175} INFO - Processing /home/airflow/.local/lib/python3.7/site-packages/airflow/example_dags/example_nested_branch_dag.py took 0.072 seconds
[2023-12-28T08:38:58.644+0000] {processor.py:153} INFO - Started process (PID=98889) to work on /home/airflow/.local/lib/python3.7/site-packages/airflow/example_dags/example_nested_branch_dag.py
[2023-12-28T08:38:58.645+0000] {processor.py:743} INFO - Processing file /home/airflow/.local/lib/python3.7/site-packages/airflow/example_dags/example_nested_branch_dag.py for tasks to queue
[2023-12-28T08:38:58.645+0000] {logging_mixin.py:137} INFO - [2023-12-28T08:38:58.645+0000] {dagbag.py:538} INFO - Filling up the DagBag from /home/airflow/.local/lib/python3.7/site-packages/airflow/example_dags/example_nested_branch_dag.py
[2023-12-28T08:38:58.663+0000] {processor.py:753} INFO - DAG(s) dict_keys(['example_nested_branch_dag']) retrieved from /home/airflow/.local/lib/python3.7/site-packages/airflow/example_dags/example_nested_branch_dag.py
[2023-12-28T08:38:58.690+0000] {logging_mixin.py:137} INFO - [2023-12-28T08:38:58.690+0000] {dag.py:2676} INFO - Sync 1 DAGs
[2023-12-28T08:38:58.714+0000] {logging_mixin.py:137} INFO - [2023-12-28T08:38:58.714+0000] {dag.py:3427} INFO - Setting next_dagrun for example_nested_branch_dag to 2023-12-27T00:00:00+00:00, run_after=2023-12-28T00:00:00+00:00
[2023-12-28T08:38:58.727+0000] {processor.py:175} INFO - Processing /home/airflow/.local/lib/python3.7/site-packages/airflow/example_dags/example_nested_branch_dag.py took 0.086 seconds
[2023-12-28T13:19:45.260+0000] {processor.py:153} INFO - Started process (PID=98983) to work on /home/airflow/.local/lib/python3.7/site-packages/airflow/example_dags/example_nested_branch_dag.py
[2023-12-28T13:19:45.265+0000] {processor.py:743} INFO - Processing file /home/airflow/.local/lib/python3.7/site-packages/airflow/example_dags/example_nested_branch_dag.py for tasks to queue
[2023-12-28T13:19:45.267+0000] {logging_mixin.py:137} INFO - [2023-12-28T13:19:45.267+0000] {dagbag.py:538} INFO - Filling up the DagBag from /home/airflow/.local/lib/python3.7/site-packages/airflow/example_dags/example_nested_branch_dag.py
[2023-12-28T13:19:45.357+0000] {processor.py:753} INFO - DAG(s) dict_keys(['example_nested_branch_dag']) retrieved from /home/airflow/.local/lib/python3.7/site-packages/airflow/example_dags/example_nested_branch_dag.py
[2023-12-28T13:19:45.937+0000] {logging_mixin.py:137} INFO - [2023-12-28T13:19:45.936+0000] {dag.py:2676} INFO - Sync 1 DAGs
[2023-12-28T13:19:45.967+0000] {logging_mixin.py:137} INFO - [2023-12-28T13:19:45.967+0000] {dag.py:3427} INFO - Setting next_dagrun for example_nested_branch_dag to 2023-12-27T00:00:00+00:00, run_after=2023-12-28T00:00:00+00:00
[2023-12-28T13:19:45.983+0000] {processor.py:175} INFO - Processing /home/airflow/.local/lib/python3.7/site-packages/airflow/example_dags/example_nested_branch_dag.py took 0.750 seconds
[2023-12-28T18:49:52.409+0000] {processor.py:153} INFO - Started process (PID=99059) to work on /home/airflow/.local/lib/python3.7/site-packages/airflow/example_dags/example_nested_branch_dag.py
[2023-12-28T18:49:52.410+0000] {processor.py:743} INFO - Processing file /home/airflow/.local/lib/python3.7/site-packages/airflow/example_dags/example_nested_branch_dag.py for tasks to queue
[2023-12-28T18:49:52.410+0000] {logging_mixin.py:137} INFO - [2023-12-28T18:49:52.410+0000] {dagbag.py:538} INFO - Filling up the DagBag from /home/airflow/.local/lib/python3.7/site-packages/airflow/example_dags/example_nested_branch_dag.py
[2023-12-28T18:49:52.427+0000] {processor.py:753} INFO - DAG(s) dict_keys(['example_nested_branch_dag']) retrieved from /home/airflow/.local/lib/python3.7/site-packages/airflow/example_dags/example_nested_branch_dag.py
[2023-12-28T18:49:52.452+0000] {logging_mixin.py:137} INFO - [2023-12-28T18:49:52.452+0000] {dag.py:2676} INFO - Sync 1 DAGs
[2023-12-28T18:49:52.466+0000] {logging_mixin.py:137} INFO - [2023-12-28T18:49:52.466+0000] {dag.py:3427} INFO - Setting next_dagrun for example_nested_branch_dag to 2023-12-27T00:00:00+00:00, run_after=2023-12-28T00:00:00+00:00
[2023-12-28T18:49:52.477+0000] {processor.py:175} INFO - Processing /home/airflow/.local/lib/python3.7/site-packages/airflow/example_dags/example_nested_branch_dag.py took 0.070 seconds
