[2023-12-28T02:24:17.678+0000] {processor.py:153} INFO - Started process (PID=98812) to work on /home/airflow/.local/lib/python3.7/site-packages/airflow/example_dags/example_python_operator.py
[2023-12-28T02:24:17.679+0000] {processor.py:743} INFO - Processing file /home/airflow/.local/lib/python3.7/site-packages/airflow/example_dags/example_python_operator.py for tasks to queue
[2023-12-28T02:24:17.679+0000] {logging_mixin.py:137} INFO - [2023-12-28T02:24:17.679+0000] {dagbag.py:538} INFO - Filling up the DagBag from /home/airflow/.local/lib/python3.7/site-packages/airflow/example_dags/example_python_operator.py
[2023-12-28T02:24:17.692+0000] {logging_mixin.py:137} INFO - [2023-12-28T02:24:17.692+0000] {taskmixin.py:205} WARNING - Dependency <Task(_PythonDecoratedOperator): print_the_context>, log_sql_query already registered for DAG: example_python_operator
[2023-12-28T02:24:17.693+0000] {logging_mixin.py:137} INFO - [2023-12-28T02:24:17.693+0000] {taskmixin.py:205} WARNING - Dependency <Task(_PythonDecoratedOperator): log_sql_query>, print_the_context already registered for DAG: example_python_operator
[2023-12-28T02:24:17.693+0000] {logging_mixin.py:137} INFO - [2023-12-28T02:24:17.693+0000] {taskmixin.py:205} WARNING - Dependency <Task(_PythonDecoratedOperator): print_the_context>, log_sql_query already registered for DAG: example_python_operator
[2023-12-28T02:24:17.694+0000] {logging_mixin.py:137} INFO - [2023-12-28T02:24:17.694+0000] {taskmixin.py:205} WARNING - Dependency <Task(_PythonDecoratedOperator): log_sql_query>, print_the_context already registered for DAG: example_python_operator
[2023-12-28T02:24:17.694+0000] {logging_mixin.py:137} INFO - [2023-12-28T02:24:17.694+0000] {taskmixin.py:205} WARNING - Dependency <Task(_PythonDecoratedOperator): print_the_context>, log_sql_query already registered for DAG: example_python_operator
[2023-12-28T02:24:17.695+0000] {logging_mixin.py:137} INFO - [2023-12-28T02:24:17.694+0000] {taskmixin.py:205} WARNING - Dependency <Task(_PythonDecoratedOperator): log_sql_query>, print_the_context already registered for DAG: example_python_operator
[2023-12-28T02:24:17.695+0000] {logging_mixin.py:137} INFO - [2023-12-28T02:24:17.695+0000] {taskmixin.py:205} WARNING - Dependency <Task(_PythonDecoratedOperator): print_the_context>, log_sql_query already registered for DAG: example_python_operator
[2023-12-28T02:24:17.695+0000] {logging_mixin.py:137} INFO - [2023-12-28T02:24:17.695+0000] {taskmixin.py:205} WARNING - Dependency <Task(_PythonDecoratedOperator): log_sql_query>, print_the_context already registered for DAG: example_python_operator
[2023-12-28T02:24:17.700+0000] {processor.py:753} INFO - DAG(s) dict_keys(['example_python_operator']) retrieved from /home/airflow/.local/lib/python3.7/site-packages/airflow/example_dags/example_python_operator.py
[2023-12-28T02:24:17.727+0000] {logging_mixin.py:137} INFO - [2023-12-28T02:24:17.727+0000] {dag.py:2676} INFO - Sync 1 DAGs
[2023-12-28T02:24:17.742+0000] {logging_mixin.py:137} INFO - [2023-12-28T02:24:17.742+0000] {dag.py:3427} INFO - Setting next_dagrun for example_python_operator to None, run_after=None
[2023-12-28T02:24:17.754+0000] {processor.py:175} INFO - Processing /home/airflow/.local/lib/python3.7/site-packages/airflow/example_dags/example_python_operator.py took 0.079 seconds
[2023-12-28T08:38:59.119+0000] {processor.py:153} INFO - Started process (PID=98899) to work on /home/airflow/.local/lib/python3.7/site-packages/airflow/example_dags/example_python_operator.py
[2023-12-28T08:38:59.120+0000] {processor.py:743} INFO - Processing file /home/airflow/.local/lib/python3.7/site-packages/airflow/example_dags/example_python_operator.py for tasks to queue
[2023-12-28T08:38:59.121+0000] {logging_mixin.py:137} INFO - [2023-12-28T08:38:59.121+0000] {dagbag.py:538} INFO - Filling up the DagBag from /home/airflow/.local/lib/python3.7/site-packages/airflow/example_dags/example_python_operator.py
[2023-12-28T08:38:59.133+0000] {logging_mixin.py:137} INFO - [2023-12-28T08:38:59.133+0000] {taskmixin.py:205} WARNING - Dependency <Task(_PythonDecoratedOperator): print_the_context>, log_sql_query already registered for DAG: example_python_operator
[2023-12-28T08:38:59.134+0000] {logging_mixin.py:137} INFO - [2023-12-28T08:38:59.134+0000] {taskmixin.py:205} WARNING - Dependency <Task(_PythonDecoratedOperator): log_sql_query>, print_the_context already registered for DAG: example_python_operator
[2023-12-28T08:38:59.134+0000] {logging_mixin.py:137} INFO - [2023-12-28T08:38:59.134+0000] {taskmixin.py:205} WARNING - Dependency <Task(_PythonDecoratedOperator): print_the_context>, log_sql_query already registered for DAG: example_python_operator
[2023-12-28T08:38:59.134+0000] {logging_mixin.py:137} INFO - [2023-12-28T08:38:59.134+0000] {taskmixin.py:205} WARNING - Dependency <Task(_PythonDecoratedOperator): log_sql_query>, print_the_context already registered for DAG: example_python_operator
[2023-12-28T08:38:59.135+0000] {logging_mixin.py:137} INFO - [2023-12-28T08:38:59.135+0000] {taskmixin.py:205} WARNING - Dependency <Task(_PythonDecoratedOperator): print_the_context>, log_sql_query already registered for DAG: example_python_operator
[2023-12-28T08:38:59.135+0000] {logging_mixin.py:137} INFO - [2023-12-28T08:38:59.135+0000] {taskmixin.py:205} WARNING - Dependency <Task(_PythonDecoratedOperator): log_sql_query>, print_the_context already registered for DAG: example_python_operator
[2023-12-28T08:38:59.135+0000] {logging_mixin.py:137} INFO - [2023-12-28T08:38:59.135+0000] {taskmixin.py:205} WARNING - Dependency <Task(_PythonDecoratedOperator): print_the_context>, log_sql_query already registered for DAG: example_python_operator
[2023-12-28T08:38:59.136+0000] {logging_mixin.py:137} INFO - [2023-12-28T08:38:59.136+0000] {taskmixin.py:205} WARNING - Dependency <Task(_PythonDecoratedOperator): log_sql_query>, print_the_context already registered for DAG: example_python_operator
[2023-12-28T08:38:59.140+0000] {processor.py:753} INFO - DAG(s) dict_keys(['example_python_operator']) retrieved from /home/airflow/.local/lib/python3.7/site-packages/airflow/example_dags/example_python_operator.py
[2023-12-28T08:38:59.165+0000] {logging_mixin.py:137} INFO - [2023-12-28T08:38:59.165+0000] {dag.py:2676} INFO - Sync 1 DAGs
[2023-12-28T08:38:59.180+0000] {logging_mixin.py:137} INFO - [2023-12-28T08:38:59.180+0000] {dag.py:3427} INFO - Setting next_dagrun for example_python_operator to None, run_after=None
[2023-12-28T08:38:59.191+0000] {processor.py:175} INFO - Processing /home/airflow/.local/lib/python3.7/site-packages/airflow/example_dags/example_python_operator.py took 0.074 seconds
[2023-12-28T13:19:47.023+0000] {processor.py:153} INFO - Started process (PID=98993) to work on /home/airflow/.local/lib/python3.7/site-packages/airflow/example_dags/example_python_operator.py
[2023-12-28T13:19:47.024+0000] {processor.py:743} INFO - Processing file /home/airflow/.local/lib/python3.7/site-packages/airflow/example_dags/example_python_operator.py for tasks to queue
[2023-12-28T13:19:47.025+0000] {logging_mixin.py:137} INFO - [2023-12-28T13:19:47.025+0000] {dagbag.py:538} INFO - Filling up the DagBag from /home/airflow/.local/lib/python3.7/site-packages/airflow/example_dags/example_python_operator.py
[2023-12-28T13:19:47.041+0000] {logging_mixin.py:137} INFO - [2023-12-28T13:19:47.041+0000] {taskmixin.py:205} WARNING - Dependency <Task(_PythonDecoratedOperator): print_the_context>, log_sql_query already registered for DAG: example_python_operator
[2023-12-28T13:19:47.041+0000] {logging_mixin.py:137} INFO - [2023-12-28T13:19:47.041+0000] {taskmixin.py:205} WARNING - Dependency <Task(_PythonDecoratedOperator): log_sql_query>, print_the_context already registered for DAG: example_python_operator
[2023-12-28T13:19:47.042+0000] {logging_mixin.py:137} INFO - [2023-12-28T13:19:47.042+0000] {taskmixin.py:205} WARNING - Dependency <Task(_PythonDecoratedOperator): print_the_context>, log_sql_query already registered for DAG: example_python_operator
[2023-12-28T13:19:47.042+0000] {logging_mixin.py:137} INFO - [2023-12-28T13:19:47.042+0000] {taskmixin.py:205} WARNING - Dependency <Task(_PythonDecoratedOperator): log_sql_query>, print_the_context already registered for DAG: example_python_operator
[2023-12-28T13:19:47.043+0000] {logging_mixin.py:137} INFO - [2023-12-28T13:19:47.043+0000] {taskmixin.py:205} WARNING - Dependency <Task(_PythonDecoratedOperator): print_the_context>, log_sql_query already registered for DAG: example_python_operator
[2023-12-28T13:19:47.043+0000] {logging_mixin.py:137} INFO - [2023-12-28T13:19:47.043+0000] {taskmixin.py:205} WARNING - Dependency <Task(_PythonDecoratedOperator): log_sql_query>, print_the_context already registered for DAG: example_python_operator
[2023-12-28T13:19:47.044+0000] {logging_mixin.py:137} INFO - [2023-12-28T13:19:47.043+0000] {taskmixin.py:205} WARNING - Dependency <Task(_PythonDecoratedOperator): print_the_context>, log_sql_query already registered for DAG: example_python_operator
[2023-12-28T13:19:47.044+0000] {logging_mixin.py:137} INFO - [2023-12-28T13:19:47.044+0000] {taskmixin.py:205} WARNING - Dependency <Task(_PythonDecoratedOperator): log_sql_query>, print_the_context already registered for DAG: example_python_operator
[2023-12-28T13:19:47.049+0000] {processor.py:753} INFO - DAG(s) dict_keys(['example_python_operator']) retrieved from /home/airflow/.local/lib/python3.7/site-packages/airflow/example_dags/example_python_operator.py
[2023-12-28T13:19:47.076+0000] {logging_mixin.py:137} INFO - [2023-12-28T13:19:47.076+0000] {dag.py:2676} INFO - Sync 1 DAGs
[2023-12-28T13:19:47.095+0000] {logging_mixin.py:137} INFO - [2023-12-28T13:19:47.095+0000] {dag.py:3427} INFO - Setting next_dagrun for example_python_operator to None, run_after=None
[2023-12-28T13:19:47.109+0000] {processor.py:175} INFO - Processing /home/airflow/.local/lib/python3.7/site-packages/airflow/example_dags/example_python_operator.py took 0.089 seconds
[2023-12-28T18:49:52.991+0000] {processor.py:153} INFO - Started process (PID=99069) to work on /home/airflow/.local/lib/python3.7/site-packages/airflow/example_dags/example_python_operator.py
[2023-12-28T18:49:52.992+0000] {processor.py:743} INFO - Processing file /home/airflow/.local/lib/python3.7/site-packages/airflow/example_dags/example_python_operator.py for tasks to queue
[2023-12-28T18:49:52.993+0000] {logging_mixin.py:137} INFO - [2023-12-28T18:49:52.993+0000] {dagbag.py:538} INFO - Filling up the DagBag from /home/airflow/.local/lib/python3.7/site-packages/airflow/example_dags/example_python_operator.py
[2023-12-28T18:49:53.010+0000] {logging_mixin.py:137} INFO - [2023-12-28T18:49:53.009+0000] {taskmixin.py:205} WARNING - Dependency <Task(_PythonDecoratedOperator): print_the_context>, log_sql_query already registered for DAG: example_python_operator
[2023-12-28T18:49:53.010+0000] {logging_mixin.py:137} INFO - [2023-12-28T18:49:53.010+0000] {taskmixin.py:205} WARNING - Dependency <Task(_PythonDecoratedOperator): log_sql_query>, print_the_context already registered for DAG: example_python_operator
[2023-12-28T18:49:53.011+0000] {logging_mixin.py:137} INFO - [2023-12-28T18:49:53.011+0000] {taskmixin.py:205} WARNING - Dependency <Task(_PythonDecoratedOperator): print_the_context>, log_sql_query already registered for DAG: example_python_operator
[2023-12-28T18:49:53.011+0000] {logging_mixin.py:137} INFO - [2023-12-28T18:49:53.011+0000] {taskmixin.py:205} WARNING - Dependency <Task(_PythonDecoratedOperator): log_sql_query>, print_the_context already registered for DAG: example_python_operator
[2023-12-28T18:49:53.013+0000] {logging_mixin.py:137} INFO - [2023-12-28T18:49:53.012+0000] {taskmixin.py:205} WARNING - Dependency <Task(_PythonDecoratedOperator): print_the_context>, log_sql_query already registered for DAG: example_python_operator
[2023-12-28T18:49:53.013+0000] {logging_mixin.py:137} INFO - [2023-12-28T18:49:53.013+0000] {taskmixin.py:205} WARNING - Dependency <Task(_PythonDecoratedOperator): log_sql_query>, print_the_context already registered for DAG: example_python_operator
[2023-12-28T18:49:53.014+0000] {logging_mixin.py:137} INFO - [2023-12-28T18:49:53.014+0000] {taskmixin.py:205} WARNING - Dependency <Task(_PythonDecoratedOperator): print_the_context>, log_sql_query already registered for DAG: example_python_operator
[2023-12-28T18:49:53.014+0000] {logging_mixin.py:137} INFO - [2023-12-28T18:49:53.014+0000] {taskmixin.py:205} WARNING - Dependency <Task(_PythonDecoratedOperator): log_sql_query>, print_the_context already registered for DAG: example_python_operator
[2023-12-28T18:49:53.019+0000] {processor.py:753} INFO - DAG(s) dict_keys(['example_python_operator']) retrieved from /home/airflow/.local/lib/python3.7/site-packages/airflow/example_dags/example_python_operator.py
[2023-12-28T18:49:53.047+0000] {logging_mixin.py:137} INFO - [2023-12-28T18:49:53.047+0000] {dag.py:2676} INFO - Sync 1 DAGs
[2023-12-28T18:49:53.063+0000] {logging_mixin.py:137} INFO - [2023-12-28T18:49:53.063+0000] {dag.py:3427} INFO - Setting next_dagrun for example_python_operator to None, run_after=None
[2023-12-28T18:49:53.075+0000] {processor.py:175} INFO - Processing /home/airflow/.local/lib/python3.7/site-packages/airflow/example_dags/example_python_operator.py took 0.087 seconds
