[2023-12-28T02:24:17.471+0000] {processor.py:153} INFO - Started process (PID=98801) to work on /home/airflow/.local/lib/python3.7/site-packages/airflow/example_dags/example_datasets.py
[2023-12-28T02:24:17.472+0000] {processor.py:743} INFO - Processing file /home/airflow/.local/lib/python3.7/site-packages/airflow/example_dags/example_datasets.py for tasks to queue
[2023-12-28T02:24:17.473+0000] {logging_mixin.py:137} INFO - [2023-12-28T02:24:17.473+0000] {dagbag.py:538} INFO - Filling up the DagBag from /home/airflow/.local/lib/python3.7/site-packages/airflow/example_dags/example_datasets.py
[2023-12-28T02:24:17.484+0000] {processor.py:753} INFO - DAG(s) dict_keys(['dataset_consumes_1_never_scheduled', 'dataset_produces_2', 'dataset_consumes_1_and_2', 'dataset_produces_1', 'dataset_consumes_unknown_never_scheduled', 'dataset_consumes_1']) retrieved from /home/airflow/.local/lib/python3.7/site-packages/airflow/example_dags/example_datasets.py
[2023-12-28T02:24:17.515+0000] {logging_mixin.py:137} INFO - [2023-12-28T02:24:17.515+0000] {dag.py:2676} INFO - Sync 6 DAGs
[2023-12-28T02:24:17.529+0000] {logging_mixin.py:137} INFO - [2023-12-28T02:24:17.529+0000] {dag.py:3427} INFO - Setting next_dagrun for dataset_consumes_1 to None, run_after=None
[2023-12-28T02:24:17.531+0000] {logging_mixin.py:137} INFO - [2023-12-28T02:24:17.531+0000] {dag.py:3427} INFO - Setting next_dagrun for dataset_consumes_1_and_2 to None, run_after=None
[2023-12-28T02:24:17.532+0000] {logging_mixin.py:137} INFO - [2023-12-28T02:24:17.532+0000] {dag.py:3427} INFO - Setting next_dagrun for dataset_consumes_1_never_scheduled to None, run_after=None
[2023-12-28T02:24:17.533+0000] {logging_mixin.py:137} INFO - [2023-12-28T02:24:17.533+0000] {dag.py:3427} INFO - Setting next_dagrun for dataset_consumes_unknown_never_scheduled to None, run_after=None
[2023-12-28T02:24:17.534+0000] {logging_mixin.py:137} INFO - [2023-12-28T02:24:17.534+0000] {dag.py:3427} INFO - Setting next_dagrun for dataset_produces_1 to 2023-12-27T00:00:00+00:00, run_after=2023-12-28T00:00:00+00:00
[2023-12-28T02:24:17.535+0000] {logging_mixin.py:137} INFO - [2023-12-28T02:24:17.534+0000] {dag.py:3427} INFO - Setting next_dagrun for dataset_produces_2 to None, run_after=None
[2023-12-28T02:24:17.557+0000] {processor.py:175} INFO - Processing /home/airflow/.local/lib/python3.7/site-packages/airflow/example_dags/example_datasets.py took 0.088 seconds
[2023-12-28T08:38:58.919+0000] {processor.py:153} INFO - Started process (PID=98895) to work on /home/airflow/.local/lib/python3.7/site-packages/airflow/example_dags/example_datasets.py
[2023-12-28T08:38:58.920+0000] {processor.py:743} INFO - Processing file /home/airflow/.local/lib/python3.7/site-packages/airflow/example_dags/example_datasets.py for tasks to queue
[2023-12-28T08:38:58.920+0000] {logging_mixin.py:137} INFO - [2023-12-28T08:38:58.920+0000] {dagbag.py:538} INFO - Filling up the DagBag from /home/airflow/.local/lib/python3.7/site-packages/airflow/example_dags/example_datasets.py
[2023-12-28T08:38:58.932+0000] {processor.py:753} INFO - DAG(s) dict_keys(['dataset_consumes_1_and_2', 'dataset_consumes_1_never_scheduled', 'dataset_consumes_unknown_never_scheduled', 'dataset_produces_2', 'dataset_consumes_1', 'dataset_produces_1']) retrieved from /home/airflow/.local/lib/python3.7/site-packages/airflow/example_dags/example_datasets.py
[2023-12-28T08:38:58.963+0000] {logging_mixin.py:137} INFO - [2023-12-28T08:38:58.963+0000] {dag.py:2676} INFO - Sync 6 DAGs
[2023-12-28T08:38:58.978+0000] {logging_mixin.py:137} INFO - [2023-12-28T08:38:58.978+0000] {dag.py:3427} INFO - Setting next_dagrun for dataset_consumes_1 to None, run_after=None
[2023-12-28T08:38:58.980+0000] {logging_mixin.py:137} INFO - [2023-12-28T08:38:58.980+0000] {dag.py:3427} INFO - Setting next_dagrun for dataset_consumes_1_and_2 to None, run_after=None
[2023-12-28T08:38:58.981+0000] {logging_mixin.py:137} INFO - [2023-12-28T08:38:58.981+0000] {dag.py:3427} INFO - Setting next_dagrun for dataset_consumes_1_never_scheduled to None, run_after=None
[2023-12-28T08:38:58.981+0000] {logging_mixin.py:137} INFO - [2023-12-28T08:38:58.981+0000] {dag.py:3427} INFO - Setting next_dagrun for dataset_consumes_unknown_never_scheduled to None, run_after=None
[2023-12-28T08:38:58.983+0000] {logging_mixin.py:137} INFO - [2023-12-28T08:38:58.983+0000] {dag.py:3427} INFO - Setting next_dagrun for dataset_produces_1 to 2023-12-27T00:00:00+00:00, run_after=2023-12-28T00:00:00+00:00
[2023-12-28T08:38:58.984+0000] {logging_mixin.py:137} INFO - [2023-12-28T08:38:58.983+0000] {dag.py:3427} INFO - Setting next_dagrun for dataset_produces_2 to None, run_after=None
[2023-12-28T08:38:59.003+0000] {processor.py:175} INFO - Processing /home/airflow/.local/lib/python3.7/site-packages/airflow/example_dags/example_datasets.py took 0.087 seconds
[2023-12-28T13:19:46.689+0000] {processor.py:153} INFO - Started process (PID=98989) to work on /home/airflow/.local/lib/python3.7/site-packages/airflow/example_dags/example_datasets.py
[2023-12-28T13:19:46.691+0000] {processor.py:743} INFO - Processing file /home/airflow/.local/lib/python3.7/site-packages/airflow/example_dags/example_datasets.py for tasks to queue
[2023-12-28T13:19:46.692+0000] {logging_mixin.py:137} INFO - [2023-12-28T13:19:46.691+0000] {dagbag.py:538} INFO - Filling up the DagBag from /home/airflow/.local/lib/python3.7/site-packages/airflow/example_dags/example_datasets.py
[2023-12-28T13:19:46.714+0000] {processor.py:753} INFO - DAG(s) dict_keys(['dataset_consumes_1', 'dataset_produces_1', 'dataset_consumes_1_and_2', 'dataset_produces_2', 'dataset_consumes_unknown_never_scheduled', 'dataset_consumes_1_never_scheduled']) retrieved from /home/airflow/.local/lib/python3.7/site-packages/airflow/example_dags/example_datasets.py
[2023-12-28T13:19:46.837+0000] {logging_mixin.py:137} INFO - [2023-12-28T13:19:46.837+0000] {dag.py:2676} INFO - Sync 6 DAGs
[2023-12-28T13:19:46.888+0000] {logging_mixin.py:137} INFO - [2023-12-28T13:19:46.888+0000] {dag.py:3427} INFO - Setting next_dagrun for dataset_consumes_1 to None, run_after=None
[2023-12-28T13:19:46.892+0000] {logging_mixin.py:137} INFO - [2023-12-28T13:19:46.892+0000] {dag.py:3427} INFO - Setting next_dagrun for dataset_consumes_1_and_2 to None, run_after=None
[2023-12-28T13:19:46.894+0000] {logging_mixin.py:137} INFO - [2023-12-28T13:19:46.893+0000] {dag.py:3427} INFO - Setting next_dagrun for dataset_consumes_1_never_scheduled to None, run_after=None
[2023-12-28T13:19:46.895+0000] {logging_mixin.py:137} INFO - [2023-12-28T13:19:46.895+0000] {dag.py:3427} INFO - Setting next_dagrun for dataset_consumes_unknown_never_scheduled to None, run_after=None
[2023-12-28T13:19:46.897+0000] {logging_mixin.py:137} INFO - [2023-12-28T13:19:46.897+0000] {dag.py:3427} INFO - Setting next_dagrun for dataset_produces_1 to 2023-12-27T00:00:00+00:00, run_after=2023-12-28T00:00:00+00:00
[2023-12-28T13:19:46.898+0000] {logging_mixin.py:137} INFO - [2023-12-28T13:19:46.898+0000] {dag.py:3427} INFO - Setting next_dagrun for dataset_produces_2 to None, run_after=None
[2023-12-28T13:19:46.925+0000] {processor.py:175} INFO - Processing /home/airflow/.local/lib/python3.7/site-packages/airflow/example_dags/example_datasets.py took 0.244 seconds
[2023-12-28T18:49:52.757+0000] {processor.py:153} INFO - Started process (PID=99065) to work on /home/airflow/.local/lib/python3.7/site-packages/airflow/example_dags/example_datasets.py
[2023-12-28T18:49:52.758+0000] {processor.py:743} INFO - Processing file /home/airflow/.local/lib/python3.7/site-packages/airflow/example_dags/example_datasets.py for tasks to queue
[2023-12-28T18:49:52.759+0000] {logging_mixin.py:137} INFO - [2023-12-28T18:49:52.759+0000] {dagbag.py:538} INFO - Filling up the DagBag from /home/airflow/.local/lib/python3.7/site-packages/airflow/example_dags/example_datasets.py
[2023-12-28T18:49:52.770+0000] {processor.py:753} INFO - DAG(s) dict_keys(['dataset_consumes_1', 'dataset_consumes_1_and_2', 'dataset_produces_1', 'dataset_consumes_1_never_scheduled', 'dataset_produces_2', 'dataset_consumes_unknown_never_scheduled']) retrieved from /home/airflow/.local/lib/python3.7/site-packages/airflow/example_dags/example_datasets.py
[2023-12-28T18:49:52.799+0000] {logging_mixin.py:137} INFO - [2023-12-28T18:49:52.799+0000] {dag.py:2676} INFO - Sync 6 DAGs
[2023-12-28T18:49:52.813+0000] {logging_mixin.py:137} INFO - [2023-12-28T18:49:52.813+0000] {dag.py:3427} INFO - Setting next_dagrun for dataset_consumes_1 to None, run_after=None
[2023-12-28T18:49:52.815+0000] {logging_mixin.py:137} INFO - [2023-12-28T18:49:52.815+0000] {dag.py:3427} INFO - Setting next_dagrun for dataset_consumes_1_and_2 to None, run_after=None
[2023-12-28T18:49:52.816+0000] {logging_mixin.py:137} INFO - [2023-12-28T18:49:52.816+0000] {dag.py:3427} INFO - Setting next_dagrun for dataset_consumes_1_never_scheduled to None, run_after=None
[2023-12-28T18:49:52.816+0000] {logging_mixin.py:137} INFO - [2023-12-28T18:49:52.816+0000] {dag.py:3427} INFO - Setting next_dagrun for dataset_consumes_unknown_never_scheduled to None, run_after=None
[2023-12-28T18:49:52.817+0000] {logging_mixin.py:137} INFO - [2023-12-28T18:49:52.817+0000] {dag.py:3427} INFO - Setting next_dagrun for dataset_produces_1 to 2023-12-27T00:00:00+00:00, run_after=2023-12-28T00:00:00+00:00
[2023-12-28T18:49:52.818+0000] {logging_mixin.py:137} INFO - [2023-12-28T18:49:52.818+0000] {dag.py:3427} INFO - Setting next_dagrun for dataset_produces_2 to None, run_after=None
[2023-12-28T18:49:52.834+0000] {processor.py:175} INFO - Processing /home/airflow/.local/lib/python3.7/site-packages/airflow/example_dags/example_datasets.py took 0.079 seconds
