[2023-12-28T02:24:17.756+0000] {processor.py:153} INFO - Started process (PID=98815) to work on /home/airflow/.local/lib/python3.7/site-packages/airflow/example_dags/example_sensors.py
[2023-12-28T02:24:17.757+0000] {processor.py:743} INFO - Processing file /home/airflow/.local/lib/python3.7/site-packages/airflow/example_dags/example_sensors.py for tasks to queue
[2023-12-28T02:24:17.758+0000] {logging_mixin.py:137} INFO - [2023-12-28T02:24:17.758+0000] {dagbag.py:538} INFO - Filling up the DagBag from /home/airflow/.local/lib/python3.7/site-packages/airflow/example_dags/example_sensors.py
[2023-12-28T02:24:17.772+0000] {processor.py:753} INFO - DAG(s) dict_keys(['example_sensors']) retrieved from /home/airflow/.local/lib/python3.7/site-packages/airflow/example_dags/example_sensors.py
[2023-12-28T02:24:17.799+0000] {logging_mixin.py:137} INFO - [2023-12-28T02:24:17.799+0000] {dag.py:2676} INFO - Sync 1 DAGs
[2023-12-28T02:24:17.814+0000] {logging_mixin.py:137} INFO - [2023-12-28T02:24:17.814+0000] {dag.py:3427} INFO - Setting next_dagrun for example_sensors to None, run_after=None
[2023-12-28T02:24:17.826+0000] {processor.py:175} INFO - Processing /home/airflow/.local/lib/python3.7/site-packages/airflow/example_dags/example_sensors.py took 0.072 seconds
[2023-12-28T08:38:59.166+0000] {processor.py:153} INFO - Started process (PID=98900) to work on /home/airflow/.local/lib/python3.7/site-packages/airflow/example_dags/example_sensors.py
[2023-12-28T08:38:59.167+0000] {processor.py:743} INFO - Processing file /home/airflow/.local/lib/python3.7/site-packages/airflow/example_dags/example_sensors.py for tasks to queue
[2023-12-28T08:38:59.167+0000] {logging_mixin.py:137} INFO - [2023-12-28T08:38:59.167+0000] {dagbag.py:538} INFO - Filling up the DagBag from /home/airflow/.local/lib/python3.7/site-packages/airflow/example_dags/example_sensors.py
[2023-12-28T08:38:59.182+0000] {processor.py:753} INFO - DAG(s) dict_keys(['example_sensors']) retrieved from /home/airflow/.local/lib/python3.7/site-packages/airflow/example_dags/example_sensors.py
[2023-12-28T08:38:59.207+0000] {logging_mixin.py:137} INFO - [2023-12-28T08:38:59.206+0000] {dag.py:2676} INFO - Sync 1 DAGs
[2023-12-28T08:38:59.221+0000] {logging_mixin.py:137} INFO - [2023-12-28T08:38:59.221+0000] {dag.py:3427} INFO - Setting next_dagrun for example_sensors to None, run_after=None
[2023-12-28T08:38:59.233+0000] {processor.py:175} INFO - Processing /home/airflow/.local/lib/python3.7/site-packages/airflow/example_dags/example_sensors.py took 0.070 seconds
[2023-12-28T13:19:47.052+0000] {processor.py:153} INFO - Started process (PID=98994) to work on /home/airflow/.local/lib/python3.7/site-packages/airflow/example_dags/example_sensors.py
[2023-12-28T13:19:47.053+0000] {processor.py:743} INFO - Processing file /home/airflow/.local/lib/python3.7/site-packages/airflow/example_dags/example_sensors.py for tasks to queue
[2023-12-28T13:19:47.054+0000] {logging_mixin.py:137} INFO - [2023-12-28T13:19:47.054+0000] {dagbag.py:538} INFO - Filling up the DagBag from /home/airflow/.local/lib/python3.7/site-packages/airflow/example_dags/example_sensors.py
[2023-12-28T13:19:47.069+0000] {processor.py:753} INFO - DAG(s) dict_keys(['example_sensors']) retrieved from /home/airflow/.local/lib/python3.7/site-packages/airflow/example_dags/example_sensors.py
[2023-12-28T13:19:47.100+0000] {logging_mixin.py:137} INFO - [2023-12-28T13:19:47.100+0000] {dag.py:2676} INFO - Sync 1 DAGs
[2023-12-28T13:19:47.118+0000] {logging_mixin.py:137} INFO - [2023-12-28T13:19:47.118+0000] {dag.py:3427} INFO - Setting next_dagrun for example_sensors to None, run_after=None
[2023-12-28T13:19:47.140+0000] {processor.py:175} INFO - Processing /home/airflow/.local/lib/python3.7/site-packages/airflow/example_dags/example_sensors.py took 0.090 seconds
[2023-12-28T18:49:53.070+0000] {processor.py:153} INFO - Started process (PID=99070) to work on /home/airflow/.local/lib/python3.7/site-packages/airflow/example_dags/example_sensors.py
[2023-12-28T18:49:53.071+0000] {processor.py:743} INFO - Processing file /home/airflow/.local/lib/python3.7/site-packages/airflow/example_dags/example_sensors.py for tasks to queue
[2023-12-28T18:49:53.072+0000] {logging_mixin.py:137} INFO - [2023-12-28T18:49:53.072+0000] {dagbag.py:538} INFO - Filling up the DagBag from /home/airflow/.local/lib/python3.7/site-packages/airflow/example_dags/example_sensors.py
[2023-12-28T18:49:53.088+0000] {processor.py:753} INFO - DAG(s) dict_keys(['example_sensors']) retrieved from /home/airflow/.local/lib/python3.7/site-packages/airflow/example_dags/example_sensors.py
[2023-12-28T18:49:53.117+0000] {logging_mixin.py:137} INFO - [2023-12-28T18:49:53.116+0000] {dag.py:2676} INFO - Sync 1 DAGs
[2023-12-28T18:49:53.131+0000] {logging_mixin.py:137} INFO - [2023-12-28T18:49:53.131+0000] {dag.py:3427} INFO - Setting next_dagrun for example_sensors to None, run_after=None
[2023-12-28T18:49:53.143+0000] {processor.py:175} INFO - Processing /home/airflow/.local/lib/python3.7/site-packages/airflow/example_dags/example_sensors.py took 0.074 seconds
