[2023-12-28T02:24:17.200+0000] {processor.py:153} INFO - Started process (PID=98797) to work on /home/airflow/.local/lib/python3.7/site-packages/airflow/example_dags/example_trigger_target_dag.py
[2023-12-28T02:24:17.201+0000] {processor.py:743} INFO - Processing file /home/airflow/.local/lib/python3.7/site-packages/airflow/example_dags/example_trigger_target_dag.py for tasks to queue
[2023-12-28T02:24:17.202+0000] {logging_mixin.py:137} INFO - [2023-12-28T02:24:17.201+0000] {dagbag.py:538} INFO - Filling up the DagBag from /home/airflow/.local/lib/python3.7/site-packages/airflow/example_dags/example_trigger_target_dag.py
[2023-12-28T02:24:17.219+0000] {processor.py:753} INFO - DAG(s) dict_keys(['example_trigger_target_dag']) retrieved from /home/airflow/.local/lib/python3.7/site-packages/airflow/example_dags/example_trigger_target_dag.py
[2023-12-28T02:24:17.258+0000] {logging_mixin.py:137} INFO - [2023-12-28T02:24:17.258+0000] {dag.py:2676} INFO - Sync 1 DAGs
[2023-12-28T02:24:17.274+0000] {logging_mixin.py:137} INFO - [2023-12-28T02:24:17.274+0000] {dag.py:3427} INFO - Setting next_dagrun for example_trigger_target_dag to None, run_after=None
[2023-12-28T02:24:17.285+0000] {processor.py:175} INFO - Processing /home/airflow/.local/lib/python3.7/site-packages/airflow/example_dags/example_trigger_target_dag.py took 0.087 seconds
[2023-12-28T08:38:58.746+0000] {processor.py:153} INFO - Started process (PID=98891) to work on /home/airflow/.local/lib/python3.7/site-packages/airflow/example_dags/example_trigger_target_dag.py
[2023-12-28T08:38:58.747+0000] {processor.py:743} INFO - Processing file /home/airflow/.local/lib/python3.7/site-packages/airflow/example_dags/example_trigger_target_dag.py for tasks to queue
[2023-12-28T08:38:58.747+0000] {logging_mixin.py:137} INFO - [2023-12-28T08:38:58.747+0000] {dagbag.py:538} INFO - Filling up the DagBag from /home/airflow/.local/lib/python3.7/site-packages/airflow/example_dags/example_trigger_target_dag.py
[2023-12-28T08:38:58.763+0000] {processor.py:753} INFO - DAG(s) dict_keys(['example_trigger_target_dag']) retrieved from /home/airflow/.local/lib/python3.7/site-packages/airflow/example_dags/example_trigger_target_dag.py
[2023-12-28T08:38:58.788+0000] {logging_mixin.py:137} INFO - [2023-12-28T08:38:58.788+0000] {dag.py:2676} INFO - Sync 1 DAGs
[2023-12-28T08:38:58.803+0000] {logging_mixin.py:137} INFO - [2023-12-28T08:38:58.803+0000] {dag.py:3427} INFO - Setting next_dagrun for example_trigger_target_dag to None, run_after=None
[2023-12-28T08:38:58.814+0000] {processor.py:175} INFO - Processing /home/airflow/.local/lib/python3.7/site-packages/airflow/example_dags/example_trigger_target_dag.py took 0.071 seconds
[2023-12-28T13:19:46.015+0000] {processor.py:153} INFO - Started process (PID=98985) to work on /home/airflow/.local/lib/python3.7/site-packages/airflow/example_dags/example_trigger_target_dag.py
[2023-12-28T13:19:46.017+0000] {processor.py:743} INFO - Processing file /home/airflow/.local/lib/python3.7/site-packages/airflow/example_dags/example_trigger_target_dag.py for tasks to queue
[2023-12-28T13:19:46.018+0000] {logging_mixin.py:137} INFO - [2023-12-28T13:19:46.017+0000] {dagbag.py:538} INFO - Filling up the DagBag from /home/airflow/.local/lib/python3.7/site-packages/airflow/example_dags/example_trigger_target_dag.py
[2023-12-28T13:19:46.043+0000] {processor.py:753} INFO - DAG(s) dict_keys(['example_trigger_target_dag']) retrieved from /home/airflow/.local/lib/python3.7/site-packages/airflow/example_dags/example_trigger_target_dag.py
[2023-12-28T13:19:46.082+0000] {logging_mixin.py:137} INFO - [2023-12-28T13:19:46.081+0000] {dag.py:2676} INFO - Sync 1 DAGs
[2023-12-28T13:19:46.113+0000] {logging_mixin.py:137} INFO - [2023-12-28T13:19:46.112+0000] {dag.py:3427} INFO - Setting next_dagrun for example_trigger_target_dag to None, run_after=None
[2023-12-28T13:19:46.126+0000] {processor.py:175} INFO - Processing /home/airflow/.local/lib/python3.7/site-packages/airflow/example_dags/example_trigger_target_dag.py took 0.116 seconds
[2023-12-28T18:49:52.497+0000] {processor.py:153} INFO - Started process (PID=99061) to work on /home/airflow/.local/lib/python3.7/site-packages/airflow/example_dags/example_trigger_target_dag.py
[2023-12-28T18:49:52.498+0000] {processor.py:743} INFO - Processing file /home/airflow/.local/lib/python3.7/site-packages/airflow/example_dags/example_trigger_target_dag.py for tasks to queue
[2023-12-28T18:49:52.498+0000] {logging_mixin.py:137} INFO - [2023-12-28T18:49:52.498+0000] {dagbag.py:538} INFO - Filling up the DagBag from /home/airflow/.local/lib/python3.7/site-packages/airflow/example_dags/example_trigger_target_dag.py
[2023-12-28T18:49:52.511+0000] {processor.py:753} INFO - DAG(s) dict_keys(['example_trigger_target_dag']) retrieved from /home/airflow/.local/lib/python3.7/site-packages/airflow/example_dags/example_trigger_target_dag.py
[2023-12-28T18:49:52.536+0000] {logging_mixin.py:137} INFO - [2023-12-28T18:49:52.536+0000] {dag.py:2676} INFO - Sync 1 DAGs
[2023-12-28T18:49:52.550+0000] {logging_mixin.py:137} INFO - [2023-12-28T18:49:52.550+0000] {dag.py:3427} INFO - Setting next_dagrun for example_trigger_target_dag to None, run_after=None
[2023-12-28T18:49:52.565+0000] {processor.py:175} INFO - Processing /home/airflow/.local/lib/python3.7/site-packages/airflow/example_dags/example_trigger_target_dag.py took 0.070 seconds
