[2023-12-28T02:24:18.341+0000] {processor.py:153} INFO - Started process (PID=98834) to work on /home/airflow/.local/lib/python3.7/site-packages/airflow/example_dags/example_local_kubernetes_executor.py
[2023-12-28T02:24:18.342+0000] {processor.py:743} INFO - Processing file /home/airflow/.local/lib/python3.7/site-packages/airflow/example_dags/example_local_kubernetes_executor.py for tasks to queue
[2023-12-28T02:24:18.343+0000] {logging_mixin.py:137} INFO - [2023-12-28T02:24:18.342+0000] {dagbag.py:538} INFO - Filling up the DagBag from /home/airflow/.local/lib/python3.7/site-packages/airflow/example_dags/example_local_kubernetes_executor.py
[2023-12-28T02:24:18.364+0000] {processor.py:753} INFO - DAG(s) dict_keys(['example_local_kubernetes_executor']) retrieved from /home/airflow/.local/lib/python3.7/site-packages/airflow/example_dags/example_local_kubernetes_executor.py
[2023-12-28T02:24:18.394+0000] {logging_mixin.py:137} INFO - [2023-12-28T02:24:18.393+0000] {dag.py:2676} INFO - Sync 1 DAGs
[2023-12-28T02:24:18.411+0000] {logging_mixin.py:137} INFO - [2023-12-28T02:24:18.411+0000] {dag.py:3427} INFO - Setting next_dagrun for example_local_kubernetes_executor to None, run_after=None
[2023-12-28T02:24:18.424+0000] {processor.py:175} INFO - Processing /home/airflow/.local/lib/python3.7/site-packages/airflow/example_dags/example_local_kubernetes_executor.py took 0.087 seconds
[2023-12-28T08:38:59.604+0000] {processor.py:153} INFO - Started process (PID=98910) to work on /home/airflow/.local/lib/python3.7/site-packages/airflow/example_dags/example_local_kubernetes_executor.py
[2023-12-28T08:38:59.605+0000] {processor.py:743} INFO - Processing file /home/airflow/.local/lib/python3.7/site-packages/airflow/example_dags/example_local_kubernetes_executor.py for tasks to queue
[2023-12-28T08:38:59.605+0000] {logging_mixin.py:137} INFO - [2023-12-28T08:38:59.605+0000] {dagbag.py:538} INFO - Filling up the DagBag from /home/airflow/.local/lib/python3.7/site-packages/airflow/example_dags/example_local_kubernetes_executor.py
[2023-12-28T08:38:59.620+0000] {processor.py:753} INFO - DAG(s) dict_keys(['example_local_kubernetes_executor']) retrieved from /home/airflow/.local/lib/python3.7/site-packages/airflow/example_dags/example_local_kubernetes_executor.py
[2023-12-28T08:38:59.646+0000] {logging_mixin.py:137} INFO - [2023-12-28T08:38:59.646+0000] {dag.py:2676} INFO - Sync 1 DAGs
[2023-12-28T08:38:59.662+0000] {logging_mixin.py:137} INFO - [2023-12-28T08:38:59.661+0000] {dag.py:3427} INFO - Setting next_dagrun for example_local_kubernetes_executor to None, run_after=None
[2023-12-28T08:38:59.672+0000] {processor.py:175} INFO - Processing /home/airflow/.local/lib/python3.7/site-packages/airflow/example_dags/example_local_kubernetes_executor.py took 0.070 seconds
[2023-12-28T13:19:47.816+0000] {processor.py:153} INFO - Started process (PID=99004) to work on /home/airflow/.local/lib/python3.7/site-packages/airflow/example_dags/example_local_kubernetes_executor.py
[2023-12-28T13:19:47.817+0000] {processor.py:743} INFO - Processing file /home/airflow/.local/lib/python3.7/site-packages/airflow/example_dags/example_local_kubernetes_executor.py for tasks to queue
[2023-12-28T13:19:47.818+0000] {logging_mixin.py:137} INFO - [2023-12-28T13:19:47.818+0000] {dagbag.py:538} INFO - Filling up the DagBag from /home/airflow/.local/lib/python3.7/site-packages/airflow/example_dags/example_local_kubernetes_executor.py
[2023-12-28T13:19:47.840+0000] {processor.py:753} INFO - DAG(s) dict_keys(['example_local_kubernetes_executor']) retrieved from /home/airflow/.local/lib/python3.7/site-packages/airflow/example_dags/example_local_kubernetes_executor.py
[2023-12-28T13:19:47.880+0000] {logging_mixin.py:137} INFO - [2023-12-28T13:19:47.880+0000] {dag.py:2676} INFO - Sync 1 DAGs
[2023-12-28T13:19:47.898+0000] {logging_mixin.py:137} INFO - [2023-12-28T13:19:47.898+0000] {dag.py:3427} INFO - Setting next_dagrun for example_local_kubernetes_executor to None, run_after=None
[2023-12-28T13:19:47.915+0000] {processor.py:175} INFO - Processing /home/airflow/.local/lib/python3.7/site-packages/airflow/example_dags/example_local_kubernetes_executor.py took 0.102 seconds
[2023-12-28T18:49:53.847+0000] {processor.py:153} INFO - Started process (PID=99080) to work on /home/airflow/.local/lib/python3.7/site-packages/airflow/example_dags/example_local_kubernetes_executor.py
[2023-12-28T18:49:53.848+0000] {processor.py:743} INFO - Processing file /home/airflow/.local/lib/python3.7/site-packages/airflow/example_dags/example_local_kubernetes_executor.py for tasks to queue
[2023-12-28T18:49:53.848+0000] {logging_mixin.py:137} INFO - [2023-12-28T18:49:53.848+0000] {dagbag.py:538} INFO - Filling up the DagBag from /home/airflow/.local/lib/python3.7/site-packages/airflow/example_dags/example_local_kubernetes_executor.py
[2023-12-28T18:49:53.864+0000] {processor.py:753} INFO - DAG(s) dict_keys(['example_local_kubernetes_executor']) retrieved from /home/airflow/.local/lib/python3.7/site-packages/airflow/example_dags/example_local_kubernetes_executor.py
[2023-12-28T18:49:53.890+0000] {logging_mixin.py:137} INFO - [2023-12-28T18:49:53.890+0000] {dag.py:2676} INFO - Sync 1 DAGs
[2023-12-28T18:49:53.905+0000] {logging_mixin.py:137} INFO - [2023-12-28T18:49:53.905+0000] {dag.py:3427} INFO - Setting next_dagrun for example_local_kubernetes_executor to None, run_after=None
[2023-12-28T18:49:53.915+0000] {processor.py:175} INFO - Processing /home/airflow/.local/lib/python3.7/site-packages/airflow/example_dags/example_local_kubernetes_executor.py took 0.071 seconds
