[2023-12-28T02:24:18.728+0000] {processor.py:153} INFO - Started process (PID=98841) to work on /home/airflow/.local/lib/python3.7/site-packages/airflow/example_dags/example_sensor_decorator.py
[2023-12-28T02:24:18.729+0000] {processor.py:743} INFO - Processing file /home/airflow/.local/lib/python3.7/site-packages/airflow/example_dags/example_sensor_decorator.py for tasks to queue
[2023-12-28T02:24:18.730+0000] {logging_mixin.py:137} INFO - [2023-12-28T02:24:18.730+0000] {dagbag.py:538} INFO - Filling up the DagBag from /home/airflow/.local/lib/python3.7/site-packages/airflow/example_dags/example_sensor_decorator.py
[2023-12-28T02:24:18.750+0000] {logging_mixin.py:137} WARNING - /home/airflow/.local/lib/python3.7/site-packages/airflow/models/dag.py:3524 RemovedInAirflow3Warning: Param `schedule_interval` is deprecated and will be removed in a future release. Please use `schedule` instead.
[2023-12-28T02:24:18.759+0000] {processor.py:753} INFO - DAG(s) dict_keys(['example_sensor_decorator']) retrieved from /home/airflow/.local/lib/python3.7/site-packages/airflow/example_dags/example_sensor_decorator.py
[2023-12-28T02:24:18.797+0000] {logging_mixin.py:137} INFO - [2023-12-28T02:24:18.797+0000] {dag.py:2676} INFO - Sync 1 DAGs
[2023-12-28T02:24:18.815+0000] {logging_mixin.py:137} INFO - [2023-12-28T02:24:18.815+0000] {dag.py:3427} INFO - Setting next_dagrun for example_sensor_decorator to None, run_after=None
[2023-12-28T02:24:18.828+0000] {processor.py:175} INFO - Processing /home/airflow/.local/lib/python3.7/site-packages/airflow/example_dags/example_sensor_decorator.py took 0.104 seconds
[2023-12-28T08:38:59.888+0000] {processor.py:153} INFO - Started process (PID=98917) to work on /home/airflow/.local/lib/python3.7/site-packages/airflow/example_dags/example_sensor_decorator.py
[2023-12-28T08:38:59.889+0000] {processor.py:743} INFO - Processing file /home/airflow/.local/lib/python3.7/site-packages/airflow/example_dags/example_sensor_decorator.py for tasks to queue
[2023-12-28T08:38:59.889+0000] {logging_mixin.py:137} INFO - [2023-12-28T08:38:59.889+0000] {dagbag.py:538} INFO - Filling up the DagBag from /home/airflow/.local/lib/python3.7/site-packages/airflow/example_dags/example_sensor_decorator.py
[2023-12-28T08:38:59.905+0000] {logging_mixin.py:137} WARNING - /home/airflow/.local/lib/python3.7/site-packages/airflow/models/dag.py:3524 RemovedInAirflow3Warning: Param `schedule_interval` is deprecated and will be removed in a future release. Please use `schedule` instead.
[2023-12-28T08:38:59.911+0000] {processor.py:753} INFO - DAG(s) dict_keys(['example_sensor_decorator']) retrieved from /home/airflow/.local/lib/python3.7/site-packages/airflow/example_dags/example_sensor_decorator.py
[2023-12-28T08:38:59.934+0000] {logging_mixin.py:137} INFO - [2023-12-28T08:38:59.934+0000] {dag.py:2676} INFO - Sync 1 DAGs
[2023-12-28T08:38:59.949+0000] {logging_mixin.py:137} INFO - [2023-12-28T08:38:59.949+0000] {dag.py:3427} INFO - Setting next_dagrun for example_sensor_decorator to None, run_after=None
[2023-12-28T08:38:59.961+0000] {processor.py:175} INFO - Processing /home/airflow/.local/lib/python3.7/site-packages/airflow/example_dags/example_sensor_decorator.py took 0.075 seconds
[2023-12-28T13:19:48.183+0000] {processor.py:153} INFO - Started process (PID=99011) to work on /home/airflow/.local/lib/python3.7/site-packages/airflow/example_dags/example_sensor_decorator.py
[2023-12-28T13:19:48.184+0000] {processor.py:743} INFO - Processing file /home/airflow/.local/lib/python3.7/site-packages/airflow/example_dags/example_sensor_decorator.py for tasks to queue
[2023-12-28T13:19:48.184+0000] {logging_mixin.py:137} INFO - [2023-12-28T13:19:48.184+0000] {dagbag.py:538} INFO - Filling up the DagBag from /home/airflow/.local/lib/python3.7/site-packages/airflow/example_dags/example_sensor_decorator.py
[2023-12-28T13:19:48.197+0000] {logging_mixin.py:137} WARNING - /home/airflow/.local/lib/python3.7/site-packages/airflow/models/dag.py:3524 RemovedInAirflow3Warning: Param `schedule_interval` is deprecated and will be removed in a future release. Please use `schedule` instead.
[2023-12-28T13:19:48.202+0000] {processor.py:753} INFO - DAG(s) dict_keys(['example_sensor_decorator']) retrieved from /home/airflow/.local/lib/python3.7/site-packages/airflow/example_dags/example_sensor_decorator.py
[2023-12-28T13:19:48.223+0000] {logging_mixin.py:137} INFO - [2023-12-28T13:19:48.222+0000] {dag.py:2676} INFO - Sync 1 DAGs
[2023-12-28T13:19:48.237+0000] {logging_mixin.py:137} INFO - [2023-12-28T13:19:48.237+0000] {dag.py:3427} INFO - Setting next_dagrun for example_sensor_decorator to None, run_after=None
[2023-12-28T13:19:48.247+0000] {processor.py:175} INFO - Processing /home/airflow/.local/lib/python3.7/site-packages/airflow/example_dags/example_sensor_decorator.py took 0.066 seconds
[2023-12-28T18:49:54.227+0000] {processor.py:153} INFO - Started process (PID=99087) to work on /home/airflow/.local/lib/python3.7/site-packages/airflow/example_dags/example_sensor_decorator.py
[2023-12-28T18:49:54.228+0000] {processor.py:743} INFO - Processing file /home/airflow/.local/lib/python3.7/site-packages/airflow/example_dags/example_sensor_decorator.py for tasks to queue
[2023-12-28T18:49:54.229+0000] {logging_mixin.py:137} INFO - [2023-12-28T18:49:54.229+0000] {dagbag.py:538} INFO - Filling up the DagBag from /home/airflow/.local/lib/python3.7/site-packages/airflow/example_dags/example_sensor_decorator.py
[2023-12-28T18:49:54.242+0000] {logging_mixin.py:137} WARNING - /home/airflow/.local/lib/python3.7/site-packages/airflow/models/dag.py:3524 RemovedInAirflow3Warning: Param `schedule_interval` is deprecated and will be removed in a future release. Please use `schedule` instead.
[2023-12-28T18:49:54.248+0000] {processor.py:753} INFO - DAG(s) dict_keys(['example_sensor_decorator']) retrieved from /home/airflow/.local/lib/python3.7/site-packages/airflow/example_dags/example_sensor_decorator.py
[2023-12-28T18:49:54.273+0000] {logging_mixin.py:137} INFO - [2023-12-28T18:49:54.272+0000] {dag.py:2676} INFO - Sync 1 DAGs
[2023-12-28T18:49:54.288+0000] {logging_mixin.py:137} INFO - [2023-12-28T18:49:54.287+0000] {dag.py:3427} INFO - Setting next_dagrun for example_sensor_decorator to None, run_after=None
[2023-12-28T18:49:54.298+0000] {processor.py:175} INFO - Processing /home/airflow/.local/lib/python3.7/site-packages/airflow/example_dags/example_sensor_decorator.py took 0.073 seconds
