[2023-12-28T02:24:17.662+0000] {processor.py:153} INFO - Started process (PID=98811) to work on /home/airflow/.local/lib/python3.7/site-packages/airflow/example_dags/example_short_circuit_decorator.py
[2023-12-28T02:24:17.663+0000] {processor.py:743} INFO - Processing file /home/airflow/.local/lib/python3.7/site-packages/airflow/example_dags/example_short_circuit_decorator.py for tasks to queue
[2023-12-28T02:24:17.663+0000] {logging_mixin.py:137} INFO - [2023-12-28T02:24:17.663+0000] {dagbag.py:538} INFO - Filling up the DagBag from /home/airflow/.local/lib/python3.7/site-packages/airflow/example_dags/example_short_circuit_decorator.py
[2023-12-28T02:24:17.681+0000] {processor.py:753} INFO - DAG(s) dict_keys(['example_short_circuit_decorator']) retrieved from /home/airflow/.local/lib/python3.7/site-packages/airflow/example_dags/example_short_circuit_decorator.py
[2023-12-28T02:24:17.708+0000] {logging_mixin.py:137} INFO - [2023-12-28T02:24:17.708+0000] {dag.py:2676} INFO - Sync 1 DAGs
[2023-12-28T02:24:17.725+0000] {logging_mixin.py:137} INFO - [2023-12-28T02:24:17.725+0000] {dag.py:3427} INFO - Setting next_dagrun for example_short_circuit_decorator to 2023-12-27T02:24:17.724878+00:00, run_after=2023-12-28T02:24:17.724878+00:00
[2023-12-28T02:24:17.737+0000] {processor.py:175} INFO - Processing /home/airflow/.local/lib/python3.7/site-packages/airflow/example_dags/example_short_circuit_decorator.py took 0.077 seconds
[2023-12-28T08:38:59.080+0000] {processor.py:153} INFO - Started process (PID=98898) to work on /home/airflow/.local/lib/python3.7/site-packages/airflow/example_dags/example_short_circuit_decorator.py
[2023-12-28T08:38:59.081+0000] {processor.py:743} INFO - Processing file /home/airflow/.local/lib/python3.7/site-packages/airflow/example_dags/example_short_circuit_decorator.py for tasks to queue
[2023-12-28T08:38:59.081+0000] {logging_mixin.py:137} INFO - [2023-12-28T08:38:59.081+0000] {dagbag.py:538} INFO - Filling up the DagBag from /home/airflow/.local/lib/python3.7/site-packages/airflow/example_dags/example_short_circuit_decorator.py
[2023-12-28T08:38:59.098+0000] {processor.py:753} INFO - DAG(s) dict_keys(['example_short_circuit_decorator']) retrieved from /home/airflow/.local/lib/python3.7/site-packages/airflow/example_dags/example_short_circuit_decorator.py
[2023-12-28T08:38:59.122+0000] {logging_mixin.py:137} INFO - [2023-12-28T08:38:59.122+0000] {dag.py:2676} INFO - Sync 1 DAGs
[2023-12-28T08:38:59.137+0000] {logging_mixin.py:137} INFO - [2023-12-28T08:38:59.137+0000] {dag.py:3427} INFO - Setting next_dagrun for example_short_circuit_decorator to 2023-12-27T08:38:59.137323+00:00, run_after=2023-12-28T08:38:59.137323+00:00
[2023-12-28T08:38:59.148+0000] {processor.py:175} INFO - Processing /home/airflow/.local/lib/python3.7/site-packages/airflow/example_dags/example_short_circuit_decorator.py took 0.071 seconds
[2023-12-28T13:19:46.950+0000] {processor.py:153} INFO - Started process (PID=98992) to work on /home/airflow/.local/lib/python3.7/site-packages/airflow/example_dags/example_short_circuit_decorator.py
[2023-12-28T13:19:46.953+0000] {processor.py:743} INFO - Processing file /home/airflow/.local/lib/python3.7/site-packages/airflow/example_dags/example_short_circuit_decorator.py for tasks to queue
[2023-12-28T13:19:46.954+0000] {logging_mixin.py:137} INFO - [2023-12-28T13:19:46.954+0000] {dagbag.py:538} INFO - Filling up the DagBag from /home/airflow/.local/lib/python3.7/site-packages/airflow/example_dags/example_short_circuit_decorator.py
[2023-12-28T13:19:46.973+0000] {processor.py:753} INFO - DAG(s) dict_keys(['example_short_circuit_decorator']) retrieved from /home/airflow/.local/lib/python3.7/site-packages/airflow/example_dags/example_short_circuit_decorator.py
[2023-12-28T13:19:46.999+0000] {logging_mixin.py:137} INFO - [2023-12-28T13:19:46.999+0000] {dag.py:2676} INFO - Sync 1 DAGs
[2023-12-28T13:19:47.016+0000] {logging_mixin.py:137} INFO - [2023-12-28T13:19:47.016+0000] {dag.py:3427} INFO - Setting next_dagrun for example_short_circuit_decorator to 2023-12-27T13:19:47.016318+00:00, run_after=2023-12-28T13:19:47.016318+00:00
[2023-12-28T13:19:47.032+0000] {processor.py:175} INFO - Processing /home/airflow/.local/lib/python3.7/site-packages/airflow/example_dags/example_short_circuit_decorator.py took 0.085 seconds
[2023-12-28T18:49:52.970+0000] {processor.py:153} INFO - Started process (PID=99068) to work on /home/airflow/.local/lib/python3.7/site-packages/airflow/example_dags/example_short_circuit_decorator.py
[2023-12-28T18:49:52.972+0000] {processor.py:743} INFO - Processing file /home/airflow/.local/lib/python3.7/site-packages/airflow/example_dags/example_short_circuit_decorator.py for tasks to queue
[2023-12-28T18:49:52.972+0000] {logging_mixin.py:137} INFO - [2023-12-28T18:49:52.972+0000] {dagbag.py:538} INFO - Filling up the DagBag from /home/airflow/.local/lib/python3.7/site-packages/airflow/example_dags/example_short_circuit_decorator.py
[2023-12-28T18:49:52.991+0000] {processor.py:753} INFO - DAG(s) dict_keys(['example_short_circuit_decorator']) retrieved from /home/airflow/.local/lib/python3.7/site-packages/airflow/example_dags/example_short_circuit_decorator.py
[2023-12-28T18:49:53.024+0000] {logging_mixin.py:137} INFO - [2023-12-28T18:49:53.023+0000] {dag.py:2676} INFO - Sync 1 DAGs
[2023-12-28T18:49:53.040+0000] {logging_mixin.py:137} INFO - [2023-12-28T18:49:53.040+0000] {dag.py:3427} INFO - Setting next_dagrun for example_short_circuit_decorator to 2023-12-27T18:49:53.039997+00:00, run_after=2023-12-28T18:49:53.039997+00:00
[2023-12-28T18:49:53.052+0000] {processor.py:175} INFO - Processing /home/airflow/.local/lib/python3.7/site-packages/airflow/example_dags/example_short_circuit_decorator.py took 0.085 seconds
