[2023-12-28T02:24:17.017+0000] {processor.py:153} INFO - Started process (PID=98794) to work on /home/airflow/.local/lib/python3.7/site-packages/airflow/example_dags/example_branch_operator_decorator.py
[2023-12-28T02:24:17.018+0000] {processor.py:743} INFO - Processing file /home/airflow/.local/lib/python3.7/site-packages/airflow/example_dags/example_branch_operator_decorator.py for tasks to queue
[2023-12-28T02:24:17.019+0000] {logging_mixin.py:137} INFO - [2023-12-28T02:24:17.019+0000] {dagbag.py:538} INFO - Filling up the DagBag from /home/airflow/.local/lib/python3.7/site-packages/airflow/example_dags/example_branch_operator_decorator.py
[2023-12-28T02:24:17.035+0000] {processor.py:753} INFO - DAG(s) dict_keys(['example_branch_python_operator_decorator']) retrieved from /home/airflow/.local/lib/python3.7/site-packages/airflow/example_dags/example_branch_operator_decorator.py
[2023-12-28T02:24:17.058+0000] {logging_mixin.py:137} INFO - [2023-12-28T02:24:17.058+0000] {dag.py:2676} INFO - Sync 1 DAGs
[2023-12-28T02:24:17.076+0000] {logging_mixin.py:137} INFO - [2023-12-28T02:24:17.076+0000] {dag.py:3427} INFO - Setting next_dagrun for example_branch_python_operator_decorator to 2023-12-27T00:00:00+00:00, run_after=2023-12-28T00:00:00+00:00
[2023-12-28T02:24:17.090+0000] {processor.py:175} INFO - Processing /home/airflow/.local/lib/python3.7/site-packages/airflow/example_dags/example_branch_operator_decorator.py took 0.075 seconds
[2023-12-28T08:38:58.629+0000] {processor.py:153} INFO - Started process (PID=98888) to work on /home/airflow/.local/lib/python3.7/site-packages/airflow/example_dags/example_branch_operator_decorator.py
[2023-12-28T08:38:58.630+0000] {processor.py:743} INFO - Processing file /home/airflow/.local/lib/python3.7/site-packages/airflow/example_dags/example_branch_operator_decorator.py for tasks to queue
[2023-12-28T08:38:58.631+0000] {logging_mixin.py:137} INFO - [2023-12-28T08:38:58.631+0000] {dagbag.py:538} INFO - Filling up the DagBag from /home/airflow/.local/lib/python3.7/site-packages/airflow/example_dags/example_branch_operator_decorator.py
[2023-12-28T08:38:58.650+0000] {processor.py:753} INFO - DAG(s) dict_keys(['example_branch_python_operator_decorator']) retrieved from /home/airflow/.local/lib/python3.7/site-packages/airflow/example_dags/example_branch_operator_decorator.py
[2023-12-28T08:38:58.676+0000] {logging_mixin.py:137} INFO - [2023-12-28T08:38:58.676+0000] {dag.py:2676} INFO - Sync 1 DAGs
[2023-12-28T08:38:58.693+0000] {logging_mixin.py:137} INFO - [2023-12-28T08:38:58.693+0000] {dag.py:3427} INFO - Setting next_dagrun for example_branch_python_operator_decorator to 2023-12-27T00:00:00+00:00, run_after=2023-12-28T00:00:00+00:00
[2023-12-28T08:38:58.706+0000] {processor.py:175} INFO - Processing /home/airflow/.local/lib/python3.7/site-packages/airflow/example_dags/example_branch_operator_decorator.py took 0.079 seconds
[2023-12-28T13:19:45.198+0000] {processor.py:153} INFO - Started process (PID=98982) to work on /home/airflow/.local/lib/python3.7/site-packages/airflow/example_dags/example_branch_operator_decorator.py
[2023-12-28T13:19:45.201+0000] {processor.py:743} INFO - Processing file /home/airflow/.local/lib/python3.7/site-packages/airflow/example_dags/example_branch_operator_decorator.py for tasks to queue
[2023-12-28T13:19:45.203+0000] {logging_mixin.py:137} INFO - [2023-12-28T13:19:45.203+0000] {dagbag.py:538} INFO - Filling up the DagBag from /home/airflow/.local/lib/python3.7/site-packages/airflow/example_dags/example_branch_operator_decorator.py
[2023-12-28T13:19:45.240+0000] {processor.py:753} INFO - DAG(s) dict_keys(['example_branch_python_operator_decorator']) retrieved from /home/airflow/.local/lib/python3.7/site-packages/airflow/example_dags/example_branch_operator_decorator.py
[2023-12-28T13:19:45.698+0000] {logging_mixin.py:137} INFO - [2023-12-28T13:19:45.693+0000] {dag.py:2676} INFO - Sync 1 DAGs
[2023-12-28T13:19:45.945+0000] {logging_mixin.py:137} INFO - [2023-12-28T13:19:45.944+0000] {dag.py:3427} INFO - Setting next_dagrun for example_branch_python_operator_decorator to 2023-12-27T00:00:00+00:00, run_after=2023-12-28T00:00:00+00:00
[2023-12-28T13:19:45.968+0000] {processor.py:175} INFO - Processing /home/airflow/.local/lib/python3.7/site-packages/airflow/example_dags/example_branch_operator_decorator.py took 0.774 seconds
[2023-12-28T18:49:52.310+0000] {processor.py:153} INFO - Started process (PID=99058) to work on /home/airflow/.local/lib/python3.7/site-packages/airflow/example_dags/example_branch_operator_decorator.py
[2023-12-28T18:49:52.311+0000] {processor.py:743} INFO - Processing file /home/airflow/.local/lib/python3.7/site-packages/airflow/example_dags/example_branch_operator_decorator.py for tasks to queue
[2023-12-28T18:49:52.311+0000] {logging_mixin.py:137} INFO - [2023-12-28T18:49:52.311+0000] {dagbag.py:538} INFO - Filling up the DagBag from /home/airflow/.local/lib/python3.7/site-packages/airflow/example_dags/example_branch_operator_decorator.py
[2023-12-28T18:49:52.328+0000] {processor.py:753} INFO - DAG(s) dict_keys(['example_branch_python_operator_decorator']) retrieved from /home/airflow/.local/lib/python3.7/site-packages/airflow/example_dags/example_branch_operator_decorator.py
[2023-12-28T18:49:52.369+0000] {logging_mixin.py:137} INFO - [2023-12-28T18:49:52.369+0000] {dag.py:2676} INFO - Sync 1 DAGs
[2023-12-28T18:49:52.384+0000] {logging_mixin.py:137} INFO - [2023-12-28T18:49:52.384+0000] {dag.py:3427} INFO - Setting next_dagrun for example_branch_python_operator_decorator to 2023-12-27T00:00:00+00:00, run_after=2023-12-28T00:00:00+00:00
[2023-12-28T18:49:52.396+0000] {processor.py:175} INFO - Processing /home/airflow/.local/lib/python3.7/site-packages/airflow/example_dags/example_branch_operator_decorator.py took 0.089 seconds
