[2023-12-28T02:24:18.265+0000] {processor.py:153} INFO - Started process (PID=98833) to work on /home/airflow/.local/lib/python3.7/site-packages/airflow/example_dags/example_trigger_controller_dag.py
[2023-12-28T02:24:18.266+0000] {processor.py:743} INFO - Processing file /home/airflow/.local/lib/python3.7/site-packages/airflow/example_dags/example_trigger_controller_dag.py for tasks to queue
[2023-12-28T02:24:18.267+0000] {logging_mixin.py:137} INFO - [2023-12-28T02:24:18.267+0000] {dagbag.py:538} INFO - Filling up the DagBag from /home/airflow/.local/lib/python3.7/site-packages/airflow/example_dags/example_trigger_controller_dag.py
[2023-12-28T02:24:18.276+0000] {processor.py:753} INFO - DAG(s) dict_keys(['example_trigger_controller_dag']) retrieved from /home/airflow/.local/lib/python3.7/site-packages/airflow/example_dags/example_trigger_controller_dag.py
[2023-12-28T02:24:18.304+0000] {logging_mixin.py:137} INFO - [2023-12-28T02:24:18.304+0000] {dag.py:2676} INFO - Sync 1 DAGs
[2023-12-28T02:24:18.320+0000] {logging_mixin.py:137} INFO - [2023-12-28T02:24:18.320+0000] {dag.py:3427} INFO - Setting next_dagrun for example_trigger_controller_dag to 2021-01-01T00:00:00+00:00, run_after=2021-01-01T00:00:00+00:00
[2023-12-28T02:24:18.338+0000] {processor.py:175} INFO - Processing /home/airflow/.local/lib/python3.7/site-packages/airflow/example_dags/example_trigger_controller_dag.py took 0.078 seconds
[2023-12-28T08:38:59.572+0000] {processor.py:153} INFO - Started process (PID=98909) to work on /home/airflow/.local/lib/python3.7/site-packages/airflow/example_dags/example_trigger_controller_dag.py
[2023-12-28T08:38:59.573+0000] {processor.py:743} INFO - Processing file /home/airflow/.local/lib/python3.7/site-packages/airflow/example_dags/example_trigger_controller_dag.py for tasks to queue
[2023-12-28T08:38:59.573+0000] {logging_mixin.py:137} INFO - [2023-12-28T08:38:59.573+0000] {dagbag.py:538} INFO - Filling up the DagBag from /home/airflow/.local/lib/python3.7/site-packages/airflow/example_dags/example_trigger_controller_dag.py
[2023-12-28T08:38:59.581+0000] {processor.py:753} INFO - DAG(s) dict_keys(['example_trigger_controller_dag']) retrieved from /home/airflow/.local/lib/python3.7/site-packages/airflow/example_dags/example_trigger_controller_dag.py
[2023-12-28T08:38:59.606+0000] {logging_mixin.py:137} INFO - [2023-12-28T08:38:59.606+0000] {dag.py:2676} INFO - Sync 1 DAGs
[2023-12-28T08:38:59.620+0000] {logging_mixin.py:137} INFO - [2023-12-28T08:38:59.620+0000] {dag.py:3427} INFO - Setting next_dagrun for example_trigger_controller_dag to 2021-01-01T00:00:00+00:00, run_after=2021-01-01T00:00:00+00:00
[2023-12-28T08:38:59.630+0000] {processor.py:175} INFO - Processing /home/airflow/.local/lib/python3.7/site-packages/airflow/example_dags/example_trigger_controller_dag.py took 0.061 seconds
[2023-12-28T13:19:47.696+0000] {processor.py:153} INFO - Started process (PID=99003) to work on /home/airflow/.local/lib/python3.7/site-packages/airflow/example_dags/example_trigger_controller_dag.py
[2023-12-28T13:19:47.697+0000] {processor.py:743} INFO - Processing file /home/airflow/.local/lib/python3.7/site-packages/airflow/example_dags/example_trigger_controller_dag.py for tasks to queue
[2023-12-28T13:19:47.698+0000] {logging_mixin.py:137} INFO - [2023-12-28T13:19:47.698+0000] {dagbag.py:538} INFO - Filling up the DagBag from /home/airflow/.local/lib/python3.7/site-packages/airflow/example_dags/example_trigger_controller_dag.py
[2023-12-28T13:19:47.707+0000] {processor.py:753} INFO - DAG(s) dict_keys(['example_trigger_controller_dag']) retrieved from /home/airflow/.local/lib/python3.7/site-packages/airflow/example_dags/example_trigger_controller_dag.py
[2023-12-28T13:19:47.739+0000] {logging_mixin.py:137} INFO - [2023-12-28T13:19:47.739+0000] {dag.py:2676} INFO - Sync 1 DAGs
[2023-12-28T13:19:47.775+0000] {logging_mixin.py:137} INFO - [2023-12-28T13:19:47.775+0000] {dag.py:3427} INFO - Setting next_dagrun for example_trigger_controller_dag to 2021-01-01T00:00:00+00:00, run_after=2021-01-01T00:00:00+00:00
[2023-12-28T13:19:47.788+0000] {processor.py:175} INFO - Processing /home/airflow/.local/lib/python3.7/site-packages/airflow/example_dags/example_trigger_controller_dag.py took 0.094 seconds
[2023-12-28T18:49:53.804+0000] {processor.py:153} INFO - Started process (PID=99079) to work on /home/airflow/.local/lib/python3.7/site-packages/airflow/example_dags/example_trigger_controller_dag.py
[2023-12-28T18:49:53.805+0000] {processor.py:743} INFO - Processing file /home/airflow/.local/lib/python3.7/site-packages/airflow/example_dags/example_trigger_controller_dag.py for tasks to queue
[2023-12-28T18:49:53.806+0000] {logging_mixin.py:137} INFO - [2023-12-28T18:49:53.806+0000] {dagbag.py:538} INFO - Filling up the DagBag from /home/airflow/.local/lib/python3.7/site-packages/airflow/example_dags/example_trigger_controller_dag.py
[2023-12-28T18:49:53.814+0000] {processor.py:753} INFO - DAG(s) dict_keys(['example_trigger_controller_dag']) retrieved from /home/airflow/.local/lib/python3.7/site-packages/airflow/example_dags/example_trigger_controller_dag.py
[2023-12-28T18:49:53.838+0000] {logging_mixin.py:137} INFO - [2023-12-28T18:49:53.838+0000] {dag.py:2676} INFO - Sync 1 DAGs
[2023-12-28T18:49:53.854+0000] {logging_mixin.py:137} INFO - [2023-12-28T18:49:53.854+0000] {dag.py:3427} INFO - Setting next_dagrun for example_trigger_controller_dag to 2021-01-01T00:00:00+00:00, run_after=2021-01-01T00:00:00+00:00
[2023-12-28T18:49:53.864+0000] {processor.py:175} INFO - Processing /home/airflow/.local/lib/python3.7/site-packages/airflow/example_dags/example_trigger_controller_dag.py took 0.063 seconds
