[2023-12-28T02:24:17.385+0000] {processor.py:153} INFO - Started process (PID=98799) to work on /home/airflow/.local/lib/python3.7/site-packages/airflow/example_dags/example_task_group_decorator.py
[2023-12-28T02:24:17.386+0000] {processor.py:743} INFO - Processing file /home/airflow/.local/lib/python3.7/site-packages/airflow/example_dags/example_task_group_decorator.py for tasks to queue
[2023-12-28T02:24:17.386+0000] {logging_mixin.py:137} INFO - [2023-12-28T02:24:17.386+0000] {dagbag.py:538} INFO - Filling up the DagBag from /home/airflow/.local/lib/python3.7/site-packages/airflow/example_dags/example_task_group_decorator.py
[2023-12-28T02:24:17.405+0000] {processor.py:753} INFO - DAG(s) dict_keys(['example_task_group_decorator']) retrieved from /home/airflow/.local/lib/python3.7/site-packages/airflow/example_dags/example_task_group_decorator.py
[2023-12-28T02:24:17.428+0000] {logging_mixin.py:137} INFO - [2023-12-28T02:24:17.428+0000] {dag.py:2676} INFO - Sync 1 DAGs
[2023-12-28T02:24:17.441+0000] {logging_mixin.py:137} INFO - [2023-12-28T02:24:17.441+0000] {dag.py:3427} INFO - Setting next_dagrun for example_task_group_decorator to 2023-12-27T02:24:17.441759+00:00, run_after=2023-12-28T02:24:17.441759+00:00
[2023-12-28T02:24:17.452+0000] {processor.py:175} INFO - Processing /home/airflow/.local/lib/python3.7/site-packages/airflow/example_dags/example_task_group_decorator.py took 0.070 seconds
[2023-12-28T08:38:58.832+0000] {processor.py:153} INFO - Started process (PID=98893) to work on /home/airflow/.local/lib/python3.7/site-packages/airflow/example_dags/example_task_group_decorator.py
[2023-12-28T08:38:58.833+0000] {processor.py:743} INFO - Processing file /home/airflow/.local/lib/python3.7/site-packages/airflow/example_dags/example_task_group_decorator.py for tasks to queue
[2023-12-28T08:38:58.833+0000] {logging_mixin.py:137} INFO - [2023-12-28T08:38:58.833+0000] {dagbag.py:538} INFO - Filling up the DagBag from /home/airflow/.local/lib/python3.7/site-packages/airflow/example_dags/example_task_group_decorator.py
[2023-12-28T08:38:58.852+0000] {processor.py:753} INFO - DAG(s) dict_keys(['example_task_group_decorator']) retrieved from /home/airflow/.local/lib/python3.7/site-packages/airflow/example_dags/example_task_group_decorator.py
[2023-12-28T08:38:58.876+0000] {logging_mixin.py:137} INFO - [2023-12-28T08:38:58.875+0000] {dag.py:2676} INFO - Sync 1 DAGs
[2023-12-28T08:38:58.889+0000] {logging_mixin.py:137} INFO - [2023-12-28T08:38:58.889+0000] {dag.py:3427} INFO - Setting next_dagrun for example_task_group_decorator to 2023-12-27T08:38:58.889604+00:00, run_after=2023-12-28T08:38:58.889604+00:00
[2023-12-28T08:38:58.901+0000] {processor.py:175} INFO - Processing /home/airflow/.local/lib/python3.7/site-packages/airflow/example_dags/example_task_group_decorator.py took 0.072 seconds
[2023-12-28T13:19:46.315+0000] {processor.py:153} INFO - Started process (PID=98987) to work on /home/airflow/.local/lib/python3.7/site-packages/airflow/example_dags/example_task_group_decorator.py
[2023-12-28T13:19:46.317+0000] {processor.py:743} INFO - Processing file /home/airflow/.local/lib/python3.7/site-packages/airflow/example_dags/example_task_group_decorator.py for tasks to queue
[2023-12-28T13:19:46.318+0000] {logging_mixin.py:137} INFO - [2023-12-28T13:19:46.318+0000] {dagbag.py:538} INFO - Filling up the DagBag from /home/airflow/.local/lib/python3.7/site-packages/airflow/example_dags/example_task_group_decorator.py
[2023-12-28T13:19:46.346+0000] {processor.py:753} INFO - DAG(s) dict_keys(['example_task_group_decorator']) retrieved from /home/airflow/.local/lib/python3.7/site-packages/airflow/example_dags/example_task_group_decorator.py
[2023-12-28T13:19:46.550+0000] {logging_mixin.py:137} INFO - [2023-12-28T13:19:46.550+0000] {dag.py:2676} INFO - Sync 1 DAGs
[2023-12-28T13:19:46.613+0000] {logging_mixin.py:137} INFO - [2023-12-28T13:19:46.612+0000] {dag.py:3427} INFO - Setting next_dagrun for example_task_group_decorator to 2023-12-27T13:19:46.612310+00:00, run_after=2023-12-28T13:19:46.612310+00:00
[2023-12-28T13:19:46.652+0000] {processor.py:175} INFO - Processing /home/airflow/.local/lib/python3.7/site-packages/airflow/example_dags/example_task_group_decorator.py took 0.341 seconds
[2023-12-28T18:49:52.673+0000] {processor.py:153} INFO - Started process (PID=99063) to work on /home/airflow/.local/lib/python3.7/site-packages/airflow/example_dags/example_task_group_decorator.py
[2023-12-28T18:49:52.674+0000] {processor.py:743} INFO - Processing file /home/airflow/.local/lib/python3.7/site-packages/airflow/example_dags/example_task_group_decorator.py for tasks to queue
[2023-12-28T18:49:52.675+0000] {logging_mixin.py:137} INFO - [2023-12-28T18:49:52.675+0000] {dagbag.py:538} INFO - Filling up the DagBag from /home/airflow/.local/lib/python3.7/site-packages/airflow/example_dags/example_task_group_decorator.py
[2023-12-28T18:49:52.693+0000] {processor.py:753} INFO - DAG(s) dict_keys(['example_task_group_decorator']) retrieved from /home/airflow/.local/lib/python3.7/site-packages/airflow/example_dags/example_task_group_decorator.py
[2023-12-28T18:49:52.717+0000] {logging_mixin.py:137} INFO - [2023-12-28T18:49:52.717+0000] {dag.py:2676} INFO - Sync 1 DAGs
[2023-12-28T18:49:52.730+0000] {logging_mixin.py:137} INFO - [2023-12-28T18:49:52.730+0000] {dag.py:3427} INFO - Setting next_dagrun for example_task_group_decorator to 2023-12-27T18:49:52.730775+00:00, run_after=2023-12-28T18:49:52.730775+00:00
[2023-12-28T18:49:52.741+0000] {processor.py:175} INFO - Processing /home/airflow/.local/lib/python3.7/site-packages/airflow/example_dags/example_task_group_decorator.py took 0.070 seconds
