[2023-12-28T02:24:18.847+0000] {processor.py:153} INFO - Started process (PID=98842) to work on /home/airflow/.local/lib/python3.7/site-packages/airflow/example_dags/example_complex.py
[2023-12-28T02:24:18.847+0000] {processor.py:743} INFO - Processing file /home/airflow/.local/lib/python3.7/site-packages/airflow/example_dags/example_complex.py for tasks to queue
[2023-12-28T02:24:18.848+0000] {logging_mixin.py:137} INFO - [2023-12-28T02:24:18.848+0000] {dagbag.py:538} INFO - Filling up the DagBag from /home/airflow/.local/lib/python3.7/site-packages/airflow/example_dags/example_complex.py
[2023-12-28T02:24:18.855+0000] {logging_mixin.py:137} INFO - [2023-12-28T02:24:18.855+0000] {taskmixin.py:205} WARNING - Dependency <Task(BashOperator): create_entry_group>, delete_entry_group already registered for DAG: example_complex
[2023-12-28T02:24:18.855+0000] {logging_mixin.py:137} INFO - [2023-12-28T02:24:18.855+0000] {taskmixin.py:205} WARNING - Dependency <Task(BashOperator): delete_entry_group>, create_entry_group already registered for DAG: example_complex
[2023-12-28T02:24:18.856+0000] {logging_mixin.py:137} INFO - [2023-12-28T02:24:18.856+0000] {taskmixin.py:205} WARNING - Dependency <Task(BashOperator): create_entry_gcs>, delete_entry already registered for DAG: example_complex
[2023-12-28T02:24:18.856+0000] {logging_mixin.py:137} INFO - [2023-12-28T02:24:18.856+0000] {taskmixin.py:205} WARNING - Dependency <Task(BashOperator): delete_entry>, create_entry_gcs already registered for DAG: example_complex
[2023-12-28T02:24:18.856+0000] {logging_mixin.py:137} INFO - [2023-12-28T02:24:18.856+0000] {taskmixin.py:205} WARNING - Dependency <Task(BashOperator): create_tag>, delete_tag already registered for DAG: example_complex
[2023-12-28T02:24:18.856+0000] {logging_mixin.py:137} INFO - [2023-12-28T02:24:18.856+0000] {taskmixin.py:205} WARNING - Dependency <Task(BashOperator): delete_tag>, create_tag already registered for DAG: example_complex
[2023-12-28T02:24:18.862+0000] {processor.py:753} INFO - DAG(s) dict_keys(['example_complex']) retrieved from /home/airflow/.local/lib/python3.7/site-packages/airflow/example_dags/example_complex.py
[2023-12-28T02:24:18.892+0000] {logging_mixin.py:137} INFO - [2023-12-28T02:24:18.892+0000] {dag.py:2676} INFO - Sync 1 DAGs
[2023-12-28T02:24:18.907+0000] {logging_mixin.py:137} INFO - [2023-12-28T02:24:18.907+0000] {dag.py:3427} INFO - Setting next_dagrun for example_complex to None, run_after=None
[2023-12-28T02:24:18.923+0000] {processor.py:175} INFO - Processing /home/airflow/.local/lib/python3.7/site-packages/airflow/example_dags/example_complex.py took 0.079 seconds
[2023-12-28T08:38:59.937+0000] {processor.py:153} INFO - Started process (PID=98918) to work on /home/airflow/.local/lib/python3.7/site-packages/airflow/example_dags/example_complex.py
[2023-12-28T08:38:59.938+0000] {processor.py:743} INFO - Processing file /home/airflow/.local/lib/python3.7/site-packages/airflow/example_dags/example_complex.py for tasks to queue
[2023-12-28T08:38:59.939+0000] {logging_mixin.py:137} INFO - [2023-12-28T08:38:59.939+0000] {dagbag.py:538} INFO - Filling up the DagBag from /home/airflow/.local/lib/python3.7/site-packages/airflow/example_dags/example_complex.py
[2023-12-28T08:38:59.946+0000] {logging_mixin.py:137} INFO - [2023-12-28T08:38:59.946+0000] {taskmixin.py:205} WARNING - Dependency <Task(BashOperator): create_entry_group>, delete_entry_group already registered for DAG: example_complex
[2023-12-28T08:38:59.947+0000] {logging_mixin.py:137} INFO - [2023-12-28T08:38:59.947+0000] {taskmixin.py:205} WARNING - Dependency <Task(BashOperator): delete_entry_group>, create_entry_group already registered for DAG: example_complex
[2023-12-28T08:38:59.947+0000] {logging_mixin.py:137} INFO - [2023-12-28T08:38:59.947+0000] {taskmixin.py:205} WARNING - Dependency <Task(BashOperator): create_entry_gcs>, delete_entry already registered for DAG: example_complex
[2023-12-28T08:38:59.947+0000] {logging_mixin.py:137} INFO - [2023-12-28T08:38:59.947+0000] {taskmixin.py:205} WARNING - Dependency <Task(BashOperator): delete_entry>, create_entry_gcs already registered for DAG: example_complex
[2023-12-28T08:38:59.947+0000] {logging_mixin.py:137} INFO - [2023-12-28T08:38:59.947+0000] {taskmixin.py:205} WARNING - Dependency <Task(BashOperator): create_tag>, delete_tag already registered for DAG: example_complex
[2023-12-28T08:38:59.948+0000] {logging_mixin.py:137} INFO - [2023-12-28T08:38:59.948+0000] {taskmixin.py:205} WARNING - Dependency <Task(BashOperator): delete_tag>, create_tag already registered for DAG: example_complex
[2023-12-28T08:38:59.953+0000] {processor.py:753} INFO - DAG(s) dict_keys(['example_complex']) retrieved from /home/airflow/.local/lib/python3.7/site-packages/airflow/example_dags/example_complex.py
[2023-12-28T08:38:59.981+0000] {logging_mixin.py:137} INFO - [2023-12-28T08:38:59.981+0000] {dag.py:2676} INFO - Sync 1 DAGs
[2023-12-28T08:38:59.996+0000] {logging_mixin.py:137} INFO - [2023-12-28T08:38:59.995+0000] {dag.py:3427} INFO - Setting next_dagrun for example_complex to None, run_after=None
[2023-12-28T08:39:00.007+0000] {processor.py:175} INFO - Processing /home/airflow/.local/lib/python3.7/site-packages/airflow/example_dags/example_complex.py took 0.072 seconds
[2023-12-28T13:19:48.264+0000] {processor.py:153} INFO - Started process (PID=99012) to work on /home/airflow/.local/lib/python3.7/site-packages/airflow/example_dags/example_complex.py
[2023-12-28T13:19:48.265+0000] {processor.py:743} INFO - Processing file /home/airflow/.local/lib/python3.7/site-packages/airflow/example_dags/example_complex.py for tasks to queue
[2023-12-28T13:19:48.265+0000] {logging_mixin.py:137} INFO - [2023-12-28T13:19:48.265+0000] {dagbag.py:538} INFO - Filling up the DagBag from /home/airflow/.local/lib/python3.7/site-packages/airflow/example_dags/example_complex.py
[2023-12-28T13:19:48.273+0000] {logging_mixin.py:137} INFO - [2023-12-28T13:19:48.273+0000] {taskmixin.py:205} WARNING - Dependency <Task(BashOperator): create_entry_group>, delete_entry_group already registered for DAG: example_complex
[2023-12-28T13:19:48.273+0000] {logging_mixin.py:137} INFO - [2023-12-28T13:19:48.273+0000] {taskmixin.py:205} WARNING - Dependency <Task(BashOperator): delete_entry_group>, create_entry_group already registered for DAG: example_complex
[2023-12-28T13:19:48.273+0000] {logging_mixin.py:137} INFO - [2023-12-28T13:19:48.273+0000] {taskmixin.py:205} WARNING - Dependency <Task(BashOperator): create_entry_gcs>, delete_entry already registered for DAG: example_complex
[2023-12-28T13:19:48.273+0000] {logging_mixin.py:137} INFO - [2023-12-28T13:19:48.273+0000] {taskmixin.py:205} WARNING - Dependency <Task(BashOperator): delete_entry>, create_entry_gcs already registered for DAG: example_complex
[2023-12-28T13:19:48.274+0000] {logging_mixin.py:137} INFO - [2023-12-28T13:19:48.274+0000] {taskmixin.py:205} WARNING - Dependency <Task(BashOperator): create_tag>, delete_tag already registered for DAG: example_complex
[2023-12-28T13:19:48.274+0000] {logging_mixin.py:137} INFO - [2023-12-28T13:19:48.274+0000] {taskmixin.py:205} WARNING - Dependency <Task(BashOperator): delete_tag>, create_tag already registered for DAG: example_complex
[2023-12-28T13:19:48.279+0000] {processor.py:753} INFO - DAG(s) dict_keys(['example_complex']) retrieved from /home/airflow/.local/lib/python3.7/site-packages/airflow/example_dags/example_complex.py
[2023-12-28T13:19:48.305+0000] {logging_mixin.py:137} INFO - [2023-12-28T13:19:48.305+0000] {dag.py:2676} INFO - Sync 1 DAGs
[2023-12-28T13:19:48.319+0000] {logging_mixin.py:137} INFO - [2023-12-28T13:19:48.319+0000] {dag.py:3427} INFO - Setting next_dagrun for example_complex to None, run_after=None
[2023-12-28T13:19:48.329+0000] {processor.py:175} INFO - Processing /home/airflow/.local/lib/python3.7/site-packages/airflow/example_dags/example_complex.py took 0.067 seconds
[2023-12-28T18:49:54.286+0000] {processor.py:153} INFO - Started process (PID=99088) to work on /home/airflow/.local/lib/python3.7/site-packages/airflow/example_dags/example_complex.py
[2023-12-28T18:49:54.286+0000] {processor.py:743} INFO - Processing file /home/airflow/.local/lib/python3.7/site-packages/airflow/example_dags/example_complex.py for tasks to queue
[2023-12-28T18:49:54.287+0000] {logging_mixin.py:137} INFO - [2023-12-28T18:49:54.287+0000] {dagbag.py:538} INFO - Filling up the DagBag from /home/airflow/.local/lib/python3.7/site-packages/airflow/example_dags/example_complex.py
[2023-12-28T18:49:54.294+0000] {logging_mixin.py:137} INFO - [2023-12-28T18:49:54.294+0000] {taskmixin.py:205} WARNING - Dependency <Task(BashOperator): create_entry_group>, delete_entry_group already registered for DAG: example_complex
[2023-12-28T18:49:54.295+0000] {logging_mixin.py:137} INFO - [2023-12-28T18:49:54.295+0000] {taskmixin.py:205} WARNING - Dependency <Task(BashOperator): delete_entry_group>, create_entry_group already registered for DAG: example_complex
[2023-12-28T18:49:54.295+0000] {logging_mixin.py:137} INFO - [2023-12-28T18:49:54.295+0000] {taskmixin.py:205} WARNING - Dependency <Task(BashOperator): create_entry_gcs>, delete_entry already registered for DAG: example_complex
[2023-12-28T18:49:54.295+0000] {logging_mixin.py:137} INFO - [2023-12-28T18:49:54.295+0000] {taskmixin.py:205} WARNING - Dependency <Task(BashOperator): delete_entry>, create_entry_gcs already registered for DAG: example_complex
[2023-12-28T18:49:54.295+0000] {logging_mixin.py:137} INFO - [2023-12-28T18:49:54.295+0000] {taskmixin.py:205} WARNING - Dependency <Task(BashOperator): create_tag>, delete_tag already registered for DAG: example_complex
[2023-12-28T18:49:54.295+0000] {logging_mixin.py:137} INFO - [2023-12-28T18:49:54.295+0000] {taskmixin.py:205} WARNING - Dependency <Task(BashOperator): delete_tag>, create_tag already registered for DAG: example_complex
[2023-12-28T18:49:54.300+0000] {processor.py:753} INFO - DAG(s) dict_keys(['example_complex']) retrieved from /home/airflow/.local/lib/python3.7/site-packages/airflow/example_dags/example_complex.py
[2023-12-28T18:49:54.328+0000] {logging_mixin.py:137} INFO - [2023-12-28T18:49:54.328+0000] {dag.py:2676} INFO - Sync 1 DAGs
[2023-12-28T18:49:54.343+0000] {logging_mixin.py:137} INFO - [2023-12-28T18:49:54.343+0000] {dag.py:3427} INFO - Setting next_dagrun for example_complex to None, run_after=None
[2023-12-28T18:49:54.354+0000] {processor.py:175} INFO - Processing /home/airflow/.local/lib/python3.7/site-packages/airflow/example_dags/example_complex.py took 0.071 seconds
