[2023-12-28T02:24:16.937+0000] {processor.py:153} INFO - Started process (PID=98792) to work on /home/airflow/.local/lib/python3.7/site-packages/airflow/example_dags/tutorial_dag.py
[2023-12-28T02:24:16.937+0000] {processor.py:743} INFO - Processing file /home/airflow/.local/lib/python3.7/site-packages/airflow/example_dags/tutorial_dag.py for tasks to queue
[2023-12-28T02:24:16.938+0000] {logging_mixin.py:137} INFO - [2023-12-28T02:24:16.938+0000] {dagbag.py:538} INFO - Filling up the DagBag from /home/airflow/.local/lib/python3.7/site-packages/airflow/example_dags/tutorial_dag.py
[2023-12-28T02:24:16.947+0000] {processor.py:753} INFO - DAG(s) dict_keys(['tutorial_dag']) retrieved from /home/airflow/.local/lib/python3.7/site-packages/airflow/example_dags/tutorial_dag.py
[2023-12-28T02:24:16.973+0000] {logging_mixin.py:137} INFO - [2023-12-28T02:24:16.972+0000] {dag.py:2676} INFO - Sync 1 DAGs
[2023-12-28T02:24:16.985+0000] {logging_mixin.py:137} INFO - [2023-12-28T02:24:16.985+0000] {dag.py:3427} INFO - Setting next_dagrun for tutorial_dag to None, run_after=None
[2023-12-28T02:24:16.997+0000] {processor.py:175} INFO - Processing /home/airflow/.local/lib/python3.7/site-packages/airflow/example_dags/tutorial_dag.py took 0.062 seconds
[2023-12-28T08:38:58.532+0000] {processor.py:153} INFO - Started process (PID=98886) to work on /home/airflow/.local/lib/python3.7/site-packages/airflow/example_dags/tutorial_dag.py
[2023-12-28T08:38:58.534+0000] {processor.py:743} INFO - Processing file /home/airflow/.local/lib/python3.7/site-packages/airflow/example_dags/tutorial_dag.py for tasks to queue
[2023-12-28T08:38:58.535+0000] {logging_mixin.py:137} INFO - [2023-12-28T08:38:58.535+0000] {dagbag.py:538} INFO - Filling up the DagBag from /home/airflow/.local/lib/python3.7/site-packages/airflow/example_dags/tutorial_dag.py
[2023-12-28T08:38:58.552+0000] {processor.py:753} INFO - DAG(s) dict_keys(['tutorial_dag']) retrieved from /home/airflow/.local/lib/python3.7/site-packages/airflow/example_dags/tutorial_dag.py
[2023-12-28T08:38:58.582+0000] {logging_mixin.py:137} INFO - [2023-12-28T08:38:58.582+0000] {dag.py:2676} INFO - Sync 1 DAGs
[2023-12-28T08:38:58.600+0000] {logging_mixin.py:137} INFO - [2023-12-28T08:38:58.600+0000] {dag.py:3427} INFO - Setting next_dagrun for tutorial_dag to None, run_after=None
[2023-12-28T08:38:58.612+0000] {processor.py:175} INFO - Processing /home/airflow/.local/lib/python3.7/site-packages/airflow/example_dags/tutorial_dag.py took 0.083 seconds
[2023-12-28T13:19:45.018+0000] {processor.py:153} INFO - Started process (PID=98980) to work on /home/airflow/.local/lib/python3.7/site-packages/airflow/example_dags/tutorial_dag.py
[2023-12-28T13:19:45.021+0000] {processor.py:743} INFO - Processing file /home/airflow/.local/lib/python3.7/site-packages/airflow/example_dags/tutorial_dag.py for tasks to queue
[2023-12-28T13:19:45.022+0000] {logging_mixin.py:137} INFO - [2023-12-28T13:19:45.022+0000] {dagbag.py:538} INFO - Filling up the DagBag from /home/airflow/.local/lib/python3.7/site-packages/airflow/example_dags/tutorial_dag.py
[2023-12-28T13:19:45.043+0000] {processor.py:753} INFO - DAG(s) dict_keys(['tutorial_dag']) retrieved from /home/airflow/.local/lib/python3.7/site-packages/airflow/example_dags/tutorial_dag.py
[2023-12-28T13:19:45.100+0000] {logging_mixin.py:137} INFO - [2023-12-28T13:19:45.100+0000] {dag.py:2676} INFO - Sync 1 DAGs
[2023-12-28T13:19:45.143+0000] {logging_mixin.py:137} INFO - [2023-12-28T13:19:45.143+0000] {dag.py:3427} INFO - Setting next_dagrun for tutorial_dag to None, run_after=None
[2023-12-28T13:19:45.163+0000] {processor.py:175} INFO - Processing /home/airflow/.local/lib/python3.7/site-packages/airflow/example_dags/tutorial_dag.py took 0.149 seconds
[2023-12-28T18:49:52.170+0000] {processor.py:153} INFO - Started process (PID=99056) to work on /home/airflow/.local/lib/python3.7/site-packages/airflow/example_dags/tutorial_dag.py
[2023-12-28T18:49:52.172+0000] {processor.py:743} INFO - Processing file /home/airflow/.local/lib/python3.7/site-packages/airflow/example_dags/tutorial_dag.py for tasks to queue
[2023-12-28T18:49:52.173+0000] {logging_mixin.py:137} INFO - [2023-12-28T18:49:52.173+0000] {dagbag.py:538} INFO - Filling up the DagBag from /home/airflow/.local/lib/python3.7/site-packages/airflow/example_dags/tutorial_dag.py
[2023-12-28T18:49:52.190+0000] {processor.py:753} INFO - DAG(s) dict_keys(['tutorial_dag']) retrieved from /home/airflow/.local/lib/python3.7/site-packages/airflow/example_dags/tutorial_dag.py
[2023-12-28T18:49:52.236+0000] {logging_mixin.py:137} INFO - [2023-12-28T18:49:52.235+0000] {dag.py:2676} INFO - Sync 1 DAGs
[2023-12-28T18:49:52.266+0000] {logging_mixin.py:137} INFO - [2023-12-28T18:49:52.266+0000] {dag.py:3427} INFO - Setting next_dagrun for tutorial_dag to None, run_after=None
[2023-12-28T18:49:52.284+0000] {processor.py:175} INFO - Processing /home/airflow/.local/lib/python3.7/site-packages/airflow/example_dags/tutorial_dag.py took 0.118 seconds
