[2023-12-28T02:24:17.388+0000] {processor.py:153} INFO - Started process (PID=98800) to work on /home/airflow/.local/lib/python3.7/site-packages/airflow/example_dags/tutorial_taskflow_api.py
[2023-12-28T02:24:17.389+0000] {processor.py:743} INFO - Processing file /home/airflow/.local/lib/python3.7/site-packages/airflow/example_dags/tutorial_taskflow_api.py for tasks to queue
[2023-12-28T02:24:17.390+0000] {logging_mixin.py:137} INFO - [2023-12-28T02:24:17.390+0000] {dagbag.py:538} INFO - Filling up the DagBag from /home/airflow/.local/lib/python3.7/site-packages/airflow/example_dags/tutorial_taskflow_api.py
[2023-12-28T02:24:17.403+0000] {processor.py:753} INFO - DAG(s) dict_keys(['tutorial_taskflow_api']) retrieved from /home/airflow/.local/lib/python3.7/site-packages/airflow/example_dags/tutorial_taskflow_api.py
[2023-12-28T02:24:17.428+0000] {logging_mixin.py:137} INFO - [2023-12-28T02:24:17.428+0000] {dag.py:2676} INFO - Sync 1 DAGs
[2023-12-28T02:24:17.442+0000] {logging_mixin.py:137} INFO - [2023-12-28T02:24:17.442+0000] {dag.py:3427} INFO - Setting next_dagrun for tutorial_taskflow_api to None, run_after=None
[2023-12-28T02:24:17.452+0000] {processor.py:175} INFO - Processing /home/airflow/.local/lib/python3.7/site-packages/airflow/example_dags/tutorial_taskflow_api.py took 0.065 seconds
[2023-12-28T08:38:58.906+0000] {processor.py:153} INFO - Started process (PID=98894) to work on /home/airflow/.local/lib/python3.7/site-packages/airflow/example_dags/tutorial_taskflow_api.py
[2023-12-28T08:38:58.907+0000] {processor.py:743} INFO - Processing file /home/airflow/.local/lib/python3.7/site-packages/airflow/example_dags/tutorial_taskflow_api.py for tasks to queue
[2023-12-28T08:38:58.908+0000] {logging_mixin.py:137} INFO - [2023-12-28T08:38:58.908+0000] {dagbag.py:538} INFO - Filling up the DagBag from /home/airflow/.local/lib/python3.7/site-packages/airflow/example_dags/tutorial_taskflow_api.py
[2023-12-28T08:38:58.923+0000] {processor.py:753} INFO - DAG(s) dict_keys(['tutorial_taskflow_api']) retrieved from /home/airflow/.local/lib/python3.7/site-packages/airflow/example_dags/tutorial_taskflow_api.py
[2023-12-28T08:38:58.947+0000] {logging_mixin.py:137} INFO - [2023-12-28T08:38:58.947+0000] {dag.py:2676} INFO - Sync 1 DAGs
[2023-12-28T08:38:58.961+0000] {logging_mixin.py:137} INFO - [2023-12-28T08:38:58.961+0000] {dag.py:3427} INFO - Setting next_dagrun for tutorial_taskflow_api to None, run_after=None
[2023-12-28T08:38:58.972+0000] {processor.py:175} INFO - Processing /home/airflow/.local/lib/python3.7/site-packages/airflow/example_dags/tutorial_taskflow_api.py took 0.068 seconds
[2023-12-28T13:19:46.325+0000] {processor.py:153} INFO - Started process (PID=98988) to work on /home/airflow/.local/lib/python3.7/site-packages/airflow/example_dags/tutorial_taskflow_api.py
[2023-12-28T13:19:46.327+0000] {processor.py:743} INFO - Processing file /home/airflow/.local/lib/python3.7/site-packages/airflow/example_dags/tutorial_taskflow_api.py for tasks to queue
[2023-12-28T13:19:46.328+0000] {logging_mixin.py:137} INFO - [2023-12-28T13:19:46.327+0000] {dagbag.py:538} INFO - Filling up the DagBag from /home/airflow/.local/lib/python3.7/site-packages/airflow/example_dags/tutorial_taskflow_api.py
[2023-12-28T13:19:46.348+0000] {processor.py:753} INFO - DAG(s) dict_keys(['tutorial_taskflow_api']) retrieved from /home/airflow/.local/lib/python3.7/site-packages/airflow/example_dags/tutorial_taskflow_api.py
[2023-12-28T13:19:46.572+0000] {logging_mixin.py:137} INFO - [2023-12-28T13:19:46.572+0000] {dag.py:2676} INFO - Sync 1 DAGs
[2023-12-28T13:19:46.629+0000] {logging_mixin.py:137} INFO - [2023-12-28T13:19:46.629+0000] {dag.py:3427} INFO - Setting next_dagrun for tutorial_taskflow_api to None, run_after=None
[2023-12-28T13:19:46.652+0000] {processor.py:175} INFO - Processing /home/airflow/.local/lib/python3.7/site-packages/airflow/example_dags/tutorial_taskflow_api.py took 0.333 seconds
[2023-12-28T18:49:52.677+0000] {processor.py:153} INFO - Started process (PID=99064) to work on /home/airflow/.local/lib/python3.7/site-packages/airflow/example_dags/tutorial_taskflow_api.py
[2023-12-28T18:49:52.677+0000] {processor.py:743} INFO - Processing file /home/airflow/.local/lib/python3.7/site-packages/airflow/example_dags/tutorial_taskflow_api.py for tasks to queue
[2023-12-28T18:49:52.678+0000] {logging_mixin.py:137} INFO - [2023-12-28T18:49:52.678+0000] {dagbag.py:538} INFO - Filling up the DagBag from /home/airflow/.local/lib/python3.7/site-packages/airflow/example_dags/tutorial_taskflow_api.py
[2023-12-28T18:49:52.691+0000] {processor.py:753} INFO - DAG(s) dict_keys(['tutorial_taskflow_api']) retrieved from /home/airflow/.local/lib/python3.7/site-packages/airflow/example_dags/tutorial_taskflow_api.py
[2023-12-28T18:49:52.716+0000] {logging_mixin.py:137} INFO - [2023-12-28T18:49:52.716+0000] {dag.py:2676} INFO - Sync 1 DAGs
[2023-12-28T18:49:52.730+0000] {logging_mixin.py:137} INFO - [2023-12-28T18:49:52.730+0000] {dag.py:3427} INFO - Setting next_dagrun for tutorial_taskflow_api to None, run_after=None
[2023-12-28T18:49:52.741+0000] {processor.py:175} INFO - Processing /home/airflow/.local/lib/python3.7/site-packages/airflow/example_dags/tutorial_taskflow_api.py took 0.066 seconds
