[2023-12-27T03:20:10.974+0000] {processor.py:153} INFO - Started process (PID=98447) to work on /opt/airflow/dags/gmv_customers.py
[2023-12-27T03:20:10.975+0000] {processor.py:743} INFO - Processing file /opt/airflow/dags/gmv_customers.py for tasks to queue
[2023-12-27T03:20:10.975+0000] {logging_mixin.py:137} INFO - [2023-12-27T03:20:10.975+0000] {dagbag.py:538} INFO - Filling up the DagBag from /opt/airflow/dags/gmv_customers.py
[2023-12-27T03:20:11.033+0000] {processor.py:753} INFO - DAG(s) dict_keys(['gmv_customers']) retrieved from /opt/airflow/dags/gmv_customers.py
[2023-12-27T03:20:11.080+0000] {logging_mixin.py:137} INFO - [2023-12-27T03:20:11.080+0000] {dag.py:2676} INFO - Sync 1 DAGs
[2023-12-27T03:20:11.101+0000] {logging_mixin.py:137} INFO - [2023-12-27T03:20:11.100+0000] {dag.py:3427} INFO - Setting next_dagrun for gmv_customers to 2023-12-26T00:00:00+00:00, run_after=2023-12-27T00:00:00+00:00
[2023-12-27T03:20:11.114+0000] {processor.py:175} INFO - Processing /opt/airflow/dags/gmv_customers.py took 0.146 seconds
[2023-12-27T08:23:44.437+0000] {processor.py:153} INFO - Started process (PID=98541) to work on /opt/airflow/dags/gmv_customers.py
[2023-12-27T08:23:44.439+0000] {processor.py:743} INFO - Processing file /opt/airflow/dags/gmv_customers.py for tasks to queue
[2023-12-27T08:23:44.439+0000] {logging_mixin.py:137} INFO - [2023-12-27T08:23:44.439+0000] {dagbag.py:538} INFO - Filling up the DagBag from /opt/airflow/dags/gmv_customers.py
[2023-12-27T08:23:44.497+0000] {processor.py:753} INFO - DAG(s) dict_keys(['gmv_customers']) retrieved from /opt/airflow/dags/gmv_customers.py
[2023-12-27T08:23:44.535+0000] {logging_mixin.py:137} INFO - [2023-12-27T08:23:44.535+0000] {dag.py:2676} INFO - Sync 1 DAGs
[2023-12-27T08:23:44.554+0000] {logging_mixin.py:137} INFO - [2023-12-27T08:23:44.553+0000] {dag.py:3427} INFO - Setting next_dagrun for gmv_customers to 2023-12-26T00:00:00+00:00, run_after=2023-12-27T00:00:00+00:00
[2023-12-27T08:23:44.565+0000] {processor.py:175} INFO - Processing /opt/airflow/dags/gmv_customers.py took 0.133 seconds
[2023-12-27T14:42:02.654+0000] {processor.py:153} INFO - Started process (PID=98617) to work on /opt/airflow/dags/gmv_customers.py
[2023-12-27T14:42:02.656+0000] {processor.py:743} INFO - Processing file /opt/airflow/dags/gmv_customers.py for tasks to queue
[2023-12-27T14:42:02.657+0000] {logging_mixin.py:137} INFO - [2023-12-27T14:42:02.657+0000] {dagbag.py:538} INFO - Filling up the DagBag from /opt/airflow/dags/gmv_customers.py
[2023-12-27T14:42:02.821+0000] {processor.py:753} INFO - DAG(s) dict_keys(['gmv_customers']) retrieved from /opt/airflow/dags/gmv_customers.py
[2023-12-27T14:42:02.931+0000] {logging_mixin.py:137} INFO - [2023-12-27T14:42:02.931+0000] {dag.py:2676} INFO - Sync 1 DAGs
[2023-12-27T14:42:03.099+0000] {logging_mixin.py:137} INFO - [2023-12-27T14:42:03.099+0000] {dag.py:3427} INFO - Setting next_dagrun for gmv_customers to 2023-12-26T00:00:00+00:00, run_after=2023-12-27T00:00:00+00:00
[2023-12-27T14:42:03.118+0000] {processor.py:175} INFO - Processing /opt/airflow/dags/gmv_customers.py took 0.470 seconds
[2023-12-27T19:37:12.590+0000] {processor.py:153} INFO - Started process (PID=98711) to work on /opt/airflow/dags/gmv_customers.py
[2023-12-27T19:37:12.591+0000] {processor.py:743} INFO - Processing file /opt/airflow/dags/gmv_customers.py for tasks to queue
[2023-12-27T19:37:12.592+0000] {logging_mixin.py:137} INFO - [2023-12-27T19:37:12.592+0000] {dagbag.py:538} INFO - Filling up the DagBag from /opt/airflow/dags/gmv_customers.py
[2023-12-27T19:37:12.655+0000] {processor.py:753} INFO - DAG(s) dict_keys(['gmv_customers']) retrieved from /opt/airflow/dags/gmv_customers.py
[2023-12-27T19:37:12.688+0000] {logging_mixin.py:137} INFO - [2023-12-27T19:37:12.688+0000] {dag.py:2676} INFO - Sync 1 DAGs
[2023-12-27T19:37:12.717+0000] {logging_mixin.py:137} INFO - [2023-12-27T19:37:12.716+0000] {dag.py:3427} INFO - Setting next_dagrun for gmv_customers to 2023-12-26T00:00:00+00:00, run_after=2023-12-27T00:00:00+00:00
[2023-12-27T19:37:12.732+0000] {processor.py:175} INFO - Processing /opt/airflow/dags/gmv_customers.py took 0.146 seconds
