[2023-12-28T02:24:16.452+0000] {processor.py:153} INFO - Started process (PID=98787) to work on /opt/airflow/dags/gmv_customers.py
[2023-12-28T02:24:16.504+0000] {processor.py:743} INFO - Processing file /opt/airflow/dags/gmv_customers.py for tasks to queue
[2023-12-28T02:24:16.517+0000] {logging_mixin.py:137} INFO - [2023-12-28T02:24:16.517+0000] {dagbag.py:538} INFO - Filling up the DagBag from /opt/airflow/dags/gmv_customers.py
[2023-12-28T02:24:16.664+0000] {processor.py:753} INFO - DAG(s) dict_keys(['gmv_customers']) retrieved from /opt/airflow/dags/gmv_customers.py
[2023-12-28T02:24:16.715+0000] {logging_mixin.py:137} INFO - [2023-12-28T02:24:16.714+0000] {dag.py:2676} INFO - Sync 1 DAGs
[2023-12-28T02:24:16.733+0000] {logging_mixin.py:137} INFO - [2023-12-28T02:24:16.733+0000] {dag.py:3427} INFO - Setting next_dagrun for gmv_customers to 2023-12-27T00:00:00+00:00, run_after=2023-12-28T00:00:00+00:00
[2023-12-28T02:24:16.745+0000] {processor.py:175} INFO - Processing /opt/airflow/dags/gmv_customers.py took 0.343 seconds
[2023-12-28T08:38:57.752+0000] {processor.py:153} INFO - Started process (PID=98881) to work on /opt/airflow/dags/gmv_customers.py
[2023-12-28T08:38:57.754+0000] {processor.py:743} INFO - Processing file /opt/airflow/dags/gmv_customers.py for tasks to queue
[2023-12-28T08:38:57.756+0000] {logging_mixin.py:137} INFO - [2023-12-28T08:38:57.756+0000] {dagbag.py:538} INFO - Filling up the DagBag from /opt/airflow/dags/gmv_customers.py
[2023-12-28T08:38:57.810+0000] {processor.py:753} INFO - DAG(s) dict_keys(['gmv_customers']) retrieved from /opt/airflow/dags/gmv_customers.py
[2023-12-28T08:38:57.858+0000] {logging_mixin.py:137} INFO - [2023-12-28T08:38:57.858+0000] {dag.py:2676} INFO - Sync 1 DAGs
[2023-12-28T08:38:57.890+0000] {logging_mixin.py:137} INFO - [2023-12-28T08:38:57.890+0000] {dag.py:3427} INFO - Setting next_dagrun for gmv_customers to 2023-12-27T00:00:00+00:00, run_after=2023-12-28T00:00:00+00:00
[2023-12-28T08:38:57.912+0000] {processor.py:175} INFO - Processing /opt/airflow/dags/gmv_customers.py took 0.168 seconds
[2023-12-28T13:19:44.562+0000] {processor.py:153} INFO - Started process (PID=98966) to work on /opt/airflow/dags/gmv_customers.py
[2023-12-28T13:19:44.563+0000] {processor.py:743} INFO - Processing file /opt/airflow/dags/gmv_customers.py for tasks to queue
[2023-12-28T13:19:44.564+0000] {logging_mixin.py:137} INFO - [2023-12-28T13:19:44.564+0000] {dagbag.py:538} INFO - Filling up the DagBag from /opt/airflow/dags/gmv_customers.py
[2023-12-28T13:19:44.607+0000] {processor.py:753} INFO - DAG(s) dict_keys(['gmv_customers']) retrieved from /opt/airflow/dags/gmv_customers.py
[2023-12-28T13:19:44.643+0000] {logging_mixin.py:137} INFO - [2023-12-28T13:19:44.643+0000] {dag.py:2676} INFO - Sync 1 DAGs
[2023-12-28T13:19:44.672+0000] {logging_mixin.py:137} INFO - [2023-12-28T13:19:44.672+0000] {dag.py:3427} INFO - Setting next_dagrun for gmv_customers to 2023-12-27T00:00:00+00:00, run_after=2023-12-28T00:00:00+00:00
[2023-12-28T13:19:44.698+0000] {processor.py:175} INFO - Processing /opt/airflow/dags/gmv_customers.py took 0.140 seconds
[2023-12-28T18:49:51.524+0000] {processor.py:153} INFO - Started process (PID=99051) to work on /opt/airflow/dags/gmv_customers.py
[2023-12-28T18:49:51.526+0000] {processor.py:743} INFO - Processing file /opt/airflow/dags/gmv_customers.py for tasks to queue
[2023-12-28T18:49:51.527+0000] {logging_mixin.py:137} INFO - [2023-12-28T18:49:51.527+0000] {dagbag.py:538} INFO - Filling up the DagBag from /opt/airflow/dags/gmv_customers.py
[2023-12-28T18:49:51.582+0000] {processor.py:753} INFO - DAG(s) dict_keys(['gmv_customers']) retrieved from /opt/airflow/dags/gmv_customers.py
[2023-12-28T18:49:51.674+0000] {logging_mixin.py:137} INFO - [2023-12-28T18:49:51.674+0000] {dag.py:2676} INFO - Sync 1 DAGs
[2023-12-28T18:49:51.717+0000] {logging_mixin.py:137} INFO - [2023-12-28T18:49:51.717+0000] {dag.py:3427} INFO - Setting next_dagrun for gmv_customers to 2023-12-27T00:00:00+00:00, run_after=2023-12-28T00:00:00+00:00
[2023-12-28T18:49:51.765+0000] {processor.py:175} INFO - Processing /opt/airflow/dags/gmv_customers.py took 0.247 seconds
