[2023-12-28T02:24:16.529+0000] {processor.py:153} INFO - Started process (PID=98788) to work on /opt/airflow/dags/gmv_categories.py
[2023-12-28T02:24:16.563+0000] {processor.py:743} INFO - Processing file /opt/airflow/dags/gmv_categories.py for tasks to queue
[2023-12-28T02:24:16.566+0000] {logging_mixin.py:137} INFO - [2023-12-28T02:24:16.566+0000] {dagbag.py:538} INFO - Filling up the DagBag from /opt/airflow/dags/gmv_categories.py
[2023-12-28T02:24:16.664+0000] {processor.py:753} INFO - DAG(s) dict_keys(['gmv_categories']) retrieved from /opt/airflow/dags/gmv_categories.py
[2023-12-28T02:24:16.715+0000] {logging_mixin.py:137} INFO - [2023-12-28T02:24:16.714+0000] {dag.py:2676} INFO - Sync 1 DAGs
[2023-12-28T02:24:16.733+0000] {logging_mixin.py:137} INFO - [2023-12-28T02:24:16.733+0000] {dag.py:3427} INFO - Setting next_dagrun for gmv_categories to 2023-12-27T00:00:00+00:00, run_after=2023-12-28T00:00:00+00:00
[2023-12-28T02:24:16.745+0000] {processor.py:175} INFO - Processing /opt/airflow/dags/gmv_categories.py took 0.284 seconds
[2023-12-28T08:38:57.756+0000] {processor.py:153} INFO - Started process (PID=98882) to work on /opt/airflow/dags/gmv_categories.py
[2023-12-28T08:38:57.758+0000] {processor.py:743} INFO - Processing file /opt/airflow/dags/gmv_categories.py for tasks to queue
[2023-12-28T08:38:57.759+0000] {logging_mixin.py:137} INFO - [2023-12-28T08:38:57.759+0000] {dagbag.py:538} INFO - Filling up the DagBag from /opt/airflow/dags/gmv_categories.py
[2023-12-28T08:38:57.810+0000] {processor.py:753} INFO - DAG(s) dict_keys(['gmv_categories']) retrieved from /opt/airflow/dags/gmv_categories.py
[2023-12-28T08:38:57.858+0000] {logging_mixin.py:137} INFO - [2023-12-28T08:38:57.858+0000] {dag.py:2676} INFO - Sync 1 DAGs
[2023-12-28T08:38:57.891+0000] {logging_mixin.py:137} INFO - [2023-12-28T08:38:57.891+0000] {dag.py:3427} INFO - Setting next_dagrun for gmv_categories to 2023-12-27T00:00:00+00:00, run_after=2023-12-28T00:00:00+00:00
[2023-12-28T08:38:57.916+0000] {processor.py:175} INFO - Processing /opt/airflow/dags/gmv_categories.py took 0.165 seconds
[2023-12-28T13:19:44.564+0000] {processor.py:153} INFO - Started process (PID=98967) to work on /opt/airflow/dags/gmv_categories.py
[2023-12-28T13:19:44.564+0000] {processor.py:743} INFO - Processing file /opt/airflow/dags/gmv_categories.py for tasks to queue
[2023-12-28T13:19:44.565+0000] {logging_mixin.py:137} INFO - [2023-12-28T13:19:44.565+0000] {dagbag.py:538} INFO - Filling up the DagBag from /opt/airflow/dags/gmv_categories.py
[2023-12-28T13:19:44.607+0000] {processor.py:753} INFO - DAG(s) dict_keys(['gmv_categories']) retrieved from /opt/airflow/dags/gmv_categories.py
[2023-12-28T13:19:44.643+0000] {logging_mixin.py:137} INFO - [2023-12-28T13:19:44.643+0000] {dag.py:2676} INFO - Sync 1 DAGs
[2023-12-28T13:19:44.675+0000] {logging_mixin.py:137} INFO - [2023-12-28T13:19:44.675+0000] {dag.py:3427} INFO - Setting next_dagrun for gmv_categories to 2023-12-27T00:00:00+00:00, run_after=2023-12-28T00:00:00+00:00
[2023-12-28T13:19:44.726+0000] {processor.py:175} INFO - Processing /opt/airflow/dags/gmv_categories.py took 0.165 seconds
[2023-12-28T18:49:51.530+0000] {processor.py:153} INFO - Started process (PID=99052) to work on /opt/airflow/dags/gmv_categories.py
[2023-12-28T18:49:51.532+0000] {processor.py:743} INFO - Processing file /opt/airflow/dags/gmv_categories.py for tasks to queue
[2023-12-28T18:49:51.533+0000] {logging_mixin.py:137} INFO - [2023-12-28T18:49:51.533+0000] {dagbag.py:538} INFO - Filling up the DagBag from /opt/airflow/dags/gmv_categories.py
[2023-12-28T18:49:51.582+0000] {processor.py:753} INFO - DAG(s) dict_keys(['gmv_categories']) retrieved from /opt/airflow/dags/gmv_categories.py
[2023-12-28T18:49:51.674+0000] {logging_mixin.py:137} INFO - [2023-12-28T18:49:51.674+0000] {dag.py:2676} INFO - Sync 1 DAGs
[2023-12-28T18:49:51.719+0000] {logging_mixin.py:137} INFO - [2023-12-28T18:49:51.719+0000] {dag.py:3427} INFO - Setting next_dagrun for gmv_categories to 2023-12-27T00:00:00+00:00, run_after=2023-12-28T00:00:00+00:00
[2023-12-28T18:49:51.764+0000] {processor.py:175} INFO - Processing /opt/airflow/dags/gmv_categories.py took 0.238 seconds
