[2024-01-23T21:50:37.145+0000] {processor.py:153} INFO - Started process (PID=62) to work on /opt/airflow/dags/gmv_customers.py
[2024-01-23T21:50:37.146+0000] {processor.py:743} INFO - Processing file /opt/airflow/dags/gmv_customers.py for tasks to queue
[2024-01-23T21:50:37.149+0000] {logging_mixin.py:137} INFO - [2024-01-23T21:50:37.148+0000] {dagbag.py:538} INFO - Filling up the DagBag from /opt/airflow/dags/gmv_customers.py
[2024-01-23T21:50:37.500+0000] {processor.py:753} INFO - DAG(s) dict_keys(['gmv_customers']) retrieved from /opt/airflow/dags/gmv_customers.py
[2024-01-23T21:50:37.784+0000] {logging_mixin.py:137} INFO - [2024-01-23T21:50:37.784+0000] {dag.py:2676} INFO - Sync 1 DAGs
[2024-01-23T21:50:37.860+0000] {logging_mixin.py:137} INFO - [2024-01-23T21:50:37.859+0000] {dag.py:3427} INFO - Setting next_dagrun for gmv_customers to 2024-01-22T00:00:00+00:00, run_after=2024-01-23T00:00:00+00:00
[2024-01-23T21:50:37.936+0000] {processor.py:175} INFO - Processing /opt/airflow/dags/gmv_customers.py took 0.810 seconds
[2024-01-23T21:51:08.128+0000] {processor.py:153} INFO - Started process (PID=142) to work on /opt/airflow/dags/gmv_customers.py
[2024-01-23T21:51:08.128+0000] {processor.py:743} INFO - Processing file /opt/airflow/dags/gmv_customers.py for tasks to queue
[2024-01-23T21:51:08.129+0000] {logging_mixin.py:137} INFO - [2024-01-23T21:51:08.129+0000] {dagbag.py:538} INFO - Filling up the DagBag from /opt/airflow/dags/gmv_customers.py
[2024-01-23T21:51:08.178+0000] {processor.py:753} INFO - DAG(s) dict_keys(['gmv_customers']) retrieved from /opt/airflow/dags/gmv_customers.py
[2024-01-23T21:51:08.225+0000] {logging_mixin.py:137} INFO - [2024-01-23T21:51:08.224+0000] {dag.py:2676} INFO - Sync 1 DAGs
[2024-01-23T21:51:08.266+0000] {logging_mixin.py:137} INFO - [2024-01-23T21:51:08.266+0000] {dag.py:3427} INFO - Setting next_dagrun for gmv_customers to 2024-01-22T00:00:00+00:00, run_after=2024-01-23T00:00:00+00:00
[2024-01-23T21:51:08.297+0000] {processor.py:175} INFO - Processing /opt/airflow/dags/gmv_customers.py took 0.172 seconds
[2024-01-23T21:51:39.090+0000] {processor.py:153} INFO - Started process (PID=222) to work on /opt/airflow/dags/gmv_customers.py
[2024-01-23T21:51:39.091+0000] {processor.py:743} INFO - Processing file /opt/airflow/dags/gmv_customers.py for tasks to queue
[2024-01-23T21:51:39.092+0000] {logging_mixin.py:137} INFO - [2024-01-23T21:51:39.092+0000] {dagbag.py:538} INFO - Filling up the DagBag from /opt/airflow/dags/gmv_customers.py
[2024-01-23T21:51:39.132+0000] {processor.py:753} INFO - DAG(s) dict_keys(['gmv_customers']) retrieved from /opt/airflow/dags/gmv_customers.py
[2024-01-23T21:51:39.165+0000] {logging_mixin.py:137} INFO - [2024-01-23T21:51:39.165+0000] {dag.py:2676} INFO - Sync 1 DAGs
[2024-01-23T21:51:39.193+0000] {logging_mixin.py:137} INFO - [2024-01-23T21:51:39.193+0000] {dag.py:3427} INFO - Setting next_dagrun for gmv_customers to 2024-01-22T00:00:00+00:00, run_after=2024-01-23T00:00:00+00:00
[2024-01-23T21:51:39.214+0000] {processor.py:175} INFO - Processing /opt/airflow/dags/gmv_customers.py took 0.126 seconds
[2024-01-23T21:52:09.496+0000] {processor.py:153} INFO - Started process (PID=322) to work on /opt/airflow/dags/gmv_customers.py
[2024-01-23T21:52:09.497+0000] {processor.py:743} INFO - Processing file /opt/airflow/dags/gmv_customers.py for tasks to queue
[2024-01-23T21:52:09.498+0000] {logging_mixin.py:137} INFO - [2024-01-23T21:52:09.498+0000] {dagbag.py:538} INFO - Filling up the DagBag from /opt/airflow/dags/gmv_customers.py
[2024-01-23T21:52:09.551+0000] {processor.py:753} INFO - DAG(s) dict_keys(['gmv_customers']) retrieved from /opt/airflow/dags/gmv_customers.py
[2024-01-23T21:52:09.597+0000] {logging_mixin.py:137} INFO - [2024-01-23T21:52:09.597+0000] {dag.py:2676} INFO - Sync 1 DAGs
[2024-01-23T21:52:09.638+0000] {logging_mixin.py:137} INFO - [2024-01-23T21:52:09.638+0000] {dag.py:3427} INFO - Setting next_dagrun for gmv_customers to 2024-01-22T00:00:00+00:00, run_after=2024-01-23T00:00:00+00:00
[2024-01-23T21:52:09.670+0000] {processor.py:175} INFO - Processing /opt/airflow/dags/gmv_customers.py took 0.176 seconds
[2024-01-23T21:52:40.067+0000] {processor.py:153} INFO - Started process (PID=402) to work on /opt/airflow/dags/gmv_customers.py
[2024-01-23T21:52:40.067+0000] {processor.py:743} INFO - Processing file /opt/airflow/dags/gmv_customers.py for tasks to queue
[2024-01-23T21:52:40.068+0000] {logging_mixin.py:137} INFO - [2024-01-23T21:52:40.068+0000] {dagbag.py:538} INFO - Filling up the DagBag from /opt/airflow/dags/gmv_customers.py
[2024-01-23T21:52:40.119+0000] {processor.py:753} INFO - DAG(s) dict_keys(['gmv_customers']) retrieved from /opt/airflow/dags/gmv_customers.py
[2024-01-23T21:52:40.161+0000] {logging_mixin.py:137} INFO - [2024-01-23T21:52:40.161+0000] {dag.py:2676} INFO - Sync 1 DAGs
[2024-01-23T21:52:40.190+0000] {logging_mixin.py:137} INFO - [2024-01-23T21:52:40.190+0000] {dag.py:3427} INFO - Setting next_dagrun for gmv_customers to 2024-01-22T00:00:00+00:00, run_after=2024-01-23T00:00:00+00:00
[2024-01-23T21:52:40.216+0000] {processor.py:175} INFO - Processing /opt/airflow/dags/gmv_customers.py took 0.152 seconds
[2024-01-23T21:53:10.865+0000] {processor.py:153} INFO - Started process (PID=502) to work on /opt/airflow/dags/gmv_customers.py
[2024-01-23T21:53:10.865+0000] {processor.py:743} INFO - Processing file /opt/airflow/dags/gmv_customers.py for tasks to queue
[2024-01-23T21:53:10.866+0000] {logging_mixin.py:137} INFO - [2024-01-23T21:53:10.866+0000] {dagbag.py:538} INFO - Filling up the DagBag from /opt/airflow/dags/gmv_customers.py
[2024-01-23T21:53:10.915+0000] {processor.py:753} INFO - DAG(s) dict_keys(['gmv_customers']) retrieved from /opt/airflow/dags/gmv_customers.py
[2024-01-23T21:53:10.954+0000] {logging_mixin.py:137} INFO - [2024-01-23T21:53:10.953+0000] {dag.py:2676} INFO - Sync 1 DAGs
[2024-01-23T21:53:10.987+0000] {logging_mixin.py:137} INFO - [2024-01-23T21:53:10.987+0000] {dag.py:3427} INFO - Setting next_dagrun for gmv_customers to 2024-01-22T00:00:00+00:00, run_after=2024-01-23T00:00:00+00:00
[2024-01-23T21:53:11.013+0000] {processor.py:175} INFO - Processing /opt/airflow/dags/gmv_customers.py took 0.152 seconds
[2024-01-23T21:53:41.456+0000] {processor.py:153} INFO - Started process (PID=582) to work on /opt/airflow/dags/gmv_customers.py
[2024-01-23T21:53:41.457+0000] {processor.py:743} INFO - Processing file /opt/airflow/dags/gmv_customers.py for tasks to queue
[2024-01-23T21:53:41.458+0000] {logging_mixin.py:137} INFO - [2024-01-23T21:53:41.457+0000] {dagbag.py:538} INFO - Filling up the DagBag from /opt/airflow/dags/gmv_customers.py
[2024-01-23T21:53:41.500+0000] {processor.py:753} INFO - DAG(s) dict_keys(['gmv_customers']) retrieved from /opt/airflow/dags/gmv_customers.py
[2024-01-23T21:53:41.538+0000] {logging_mixin.py:137} INFO - [2024-01-23T21:53:41.538+0000] {dag.py:2676} INFO - Sync 1 DAGs
[2024-01-23T21:53:41.569+0000] {logging_mixin.py:137} INFO - [2024-01-23T21:53:41.569+0000] {dag.py:3427} INFO - Setting next_dagrun for gmv_customers to 2024-01-22T00:00:00+00:00, run_after=2024-01-23T00:00:00+00:00
[2024-01-23T21:53:41.594+0000] {processor.py:175} INFO - Processing /opt/airflow/dags/gmv_customers.py took 0.140 seconds
[2024-01-23T21:59:13.564+0000] {processor.py:153} INFO - Started process (PID=62) to work on /opt/airflow/dags/gmv_customers.py
[2024-01-23T21:59:13.565+0000] {processor.py:743} INFO - Processing file /opt/airflow/dags/gmv_customers.py for tasks to queue
[2024-01-23T21:59:13.566+0000] {logging_mixin.py:137} INFO - [2024-01-23T21:59:13.566+0000] {dagbag.py:538} INFO - Filling up the DagBag from /opt/airflow/dags/gmv_customers.py
[2024-01-23T21:59:13.727+0000] {processor.py:753} INFO - DAG(s) dict_keys(['gmv_customers']) retrieved from /opt/airflow/dags/gmv_customers.py
[2024-01-23T21:59:13.857+0000] {logging_mixin.py:137} INFO - [2024-01-23T21:59:13.857+0000] {dag.py:2676} INFO - Sync 1 DAGs
[2024-01-23T21:59:13.919+0000] {logging_mixin.py:137} INFO - [2024-01-23T21:59:13.918+0000] {dag.py:3427} INFO - Setting next_dagrun for gmv_customers to 2024-01-22T00:00:00+00:00, run_after=2024-01-23T00:00:00+00:00
[2024-01-23T21:59:13.955+0000] {processor.py:175} INFO - Processing /opt/airflow/dags/gmv_customers.py took 0.396 seconds
[2024-01-23T21:59:44.677+0000] {processor.py:153} INFO - Started process (PID=142) to work on /opt/airflow/dags/gmv_customers.py
[2024-01-23T21:59:44.678+0000] {processor.py:743} INFO - Processing file /opt/airflow/dags/gmv_customers.py for tasks to queue
[2024-01-23T21:59:44.679+0000] {logging_mixin.py:137} INFO - [2024-01-23T21:59:44.678+0000] {dagbag.py:538} INFO - Filling up the DagBag from /opt/airflow/dags/gmv_customers.py
[2024-01-23T21:59:44.770+0000] {processor.py:753} INFO - DAG(s) dict_keys(['gmv_customers']) retrieved from /opt/airflow/dags/gmv_customers.py
[2024-01-23T21:59:44.844+0000] {logging_mixin.py:137} INFO - [2024-01-23T21:59:44.843+0000] {dag.py:2676} INFO - Sync 1 DAGs
[2024-01-23T21:59:44.890+0000] {logging_mixin.py:137} INFO - [2024-01-23T21:59:44.890+0000] {dag.py:3427} INFO - Setting next_dagrun for gmv_customers to 2024-01-22T00:00:00+00:00, run_after=2024-01-23T00:00:00+00:00
[2024-01-23T21:59:44.913+0000] {processor.py:175} INFO - Processing /opt/airflow/dags/gmv_customers.py took 0.240 seconds
[2024-01-23T22:00:15.049+0000] {processor.py:153} INFO - Started process (PID=222) to work on /opt/airflow/dags/gmv_customers.py
[2024-01-23T22:00:15.050+0000] {processor.py:743} INFO - Processing file /opt/airflow/dags/gmv_customers.py for tasks to queue
[2024-01-23T22:00:15.051+0000] {logging_mixin.py:137} INFO - [2024-01-23T22:00:15.051+0000] {dagbag.py:538} INFO - Filling up the DagBag from /opt/airflow/dags/gmv_customers.py
[2024-01-23T22:00:15.100+0000] {processor.py:753} INFO - DAG(s) dict_keys(['gmv_customers']) retrieved from /opt/airflow/dags/gmv_customers.py
[2024-01-23T22:00:15.143+0000] {logging_mixin.py:137} INFO - [2024-01-23T22:00:15.143+0000] {dag.py:2676} INFO - Sync 1 DAGs
[2024-01-23T22:00:15.175+0000] {logging_mixin.py:137} INFO - [2024-01-23T22:00:15.175+0000] {dag.py:3427} INFO - Setting next_dagrun for gmv_customers to 2024-01-22T00:00:00+00:00, run_after=2024-01-23T00:00:00+00:00
[2024-01-23T22:00:15.200+0000] {processor.py:175} INFO - Processing /opt/airflow/dags/gmv_customers.py took 0.154 seconds
[2024-01-23T22:00:45.241+0000] {processor.py:153} INFO - Started process (PID=322) to work on /opt/airflow/dags/gmv_customers.py
[2024-01-23T22:00:45.242+0000] {processor.py:743} INFO - Processing file /opt/airflow/dags/gmv_customers.py for tasks to queue
[2024-01-23T22:00:45.243+0000] {logging_mixin.py:137} INFO - [2024-01-23T22:00:45.243+0000] {dagbag.py:538} INFO - Filling up the DagBag from /opt/airflow/dags/gmv_customers.py
[2024-01-23T22:00:45.295+0000] {processor.py:753} INFO - DAG(s) dict_keys(['gmv_customers']) retrieved from /opt/airflow/dags/gmv_customers.py
[2024-01-23T22:00:45.341+0000] {logging_mixin.py:137} INFO - [2024-01-23T22:00:45.340+0000] {dag.py:2676} INFO - Sync 1 DAGs
[2024-01-23T22:00:45.387+0000] {logging_mixin.py:137} INFO - [2024-01-23T22:00:45.387+0000] {dag.py:3427} INFO - Setting next_dagrun for gmv_customers to 2024-01-22T00:00:00+00:00, run_after=2024-01-23T00:00:00+00:00
[2024-01-23T22:00:45.413+0000] {processor.py:175} INFO - Processing /opt/airflow/dags/gmv_customers.py took 0.177 seconds
[2024-01-23T22:01:16.026+0000] {processor.py:153} INFO - Started process (PID=402) to work on /opt/airflow/dags/gmv_customers.py
[2024-01-23T22:01:16.027+0000] {processor.py:743} INFO - Processing file /opt/airflow/dags/gmv_customers.py for tasks to queue
[2024-01-23T22:01:16.027+0000] {logging_mixin.py:137} INFO - [2024-01-23T22:01:16.027+0000] {dagbag.py:538} INFO - Filling up the DagBag from /opt/airflow/dags/gmv_customers.py
[2024-01-23T22:01:16.075+0000] {processor.py:753} INFO - DAG(s) dict_keys(['gmv_customers']) retrieved from /opt/airflow/dags/gmv_customers.py
[2024-01-23T22:01:16.117+0000] {logging_mixin.py:137} INFO - [2024-01-23T22:01:16.116+0000] {dag.py:2676} INFO - Sync 1 DAGs
[2024-01-23T22:01:16.145+0000] {logging_mixin.py:137} INFO - [2024-01-23T22:01:16.145+0000] {dag.py:3427} INFO - Setting next_dagrun for gmv_customers to 2024-01-22T00:00:00+00:00, run_after=2024-01-23T00:00:00+00:00
[2024-01-23T22:01:16.166+0000] {processor.py:175} INFO - Processing /opt/airflow/dags/gmv_customers.py took 0.143 seconds
[2024-01-23T22:01:46.373+0000] {processor.py:153} INFO - Started process (PID=482) to work on /opt/airflow/dags/gmv_customers.py
[2024-01-23T22:01:46.375+0000] {processor.py:743} INFO - Processing file /opt/airflow/dags/gmv_customers.py for tasks to queue
[2024-01-23T22:01:46.379+0000] {logging_mixin.py:137} INFO - [2024-01-23T22:01:46.378+0000] {dagbag.py:538} INFO - Filling up the DagBag from /opt/airflow/dags/gmv_customers.py
[2024-01-23T22:01:46.450+0000] {processor.py:753} INFO - DAG(s) dict_keys(['gmv_customers']) retrieved from /opt/airflow/dags/gmv_customers.py
[2024-01-23T22:01:46.498+0000] {logging_mixin.py:137} INFO - [2024-01-23T22:01:46.498+0000] {dag.py:2676} INFO - Sync 1 DAGs
[2024-01-23T22:01:46.529+0000] {logging_mixin.py:137} INFO - [2024-01-23T22:01:46.529+0000] {dag.py:3427} INFO - Setting next_dagrun for gmv_customers to 2024-01-22T00:00:00+00:00, run_after=2024-01-23T00:00:00+00:00
[2024-01-23T22:01:46.551+0000] {processor.py:175} INFO - Processing /opt/airflow/dags/gmv_customers.py took 0.181 seconds
[2024-01-23T22:02:16.575+0000] {processor.py:153} INFO - Started process (PID=581) to work on /opt/airflow/dags/gmv_customers.py
[2024-01-23T22:02:16.575+0000] {processor.py:743} INFO - Processing file /opt/airflow/dags/gmv_customers.py for tasks to queue
[2024-01-23T22:02:16.576+0000] {logging_mixin.py:137} INFO - [2024-01-23T22:02:16.576+0000] {dagbag.py:538} INFO - Filling up the DagBag from /opt/airflow/dags/gmv_customers.py
[2024-01-23T22:02:16.633+0000] {processor.py:753} INFO - DAG(s) dict_keys(['gmv_customers']) retrieved from /opt/airflow/dags/gmv_customers.py
[2024-01-23T22:02:16.672+0000] {logging_mixin.py:137} INFO - [2024-01-23T22:02:16.672+0000] {dag.py:2676} INFO - Sync 1 DAGs
[2024-01-23T22:02:16.700+0000] {logging_mixin.py:137} INFO - [2024-01-23T22:02:16.700+0000] {dag.py:3427} INFO - Setting next_dagrun for gmv_customers to 2024-01-22T00:00:00+00:00, run_after=2024-01-23T00:00:00+00:00
[2024-01-23T22:02:16.725+0000] {processor.py:175} INFO - Processing /opt/airflow/dags/gmv_customers.py took 0.153 seconds
[2024-01-23T22:02:47.155+0000] {processor.py:153} INFO - Started process (PID=662) to work on /opt/airflow/dags/gmv_customers.py
[2024-01-23T22:02:47.156+0000] {processor.py:743} INFO - Processing file /opt/airflow/dags/gmv_customers.py for tasks to queue
[2024-01-23T22:02:47.156+0000] {logging_mixin.py:137} INFO - [2024-01-23T22:02:47.156+0000] {dagbag.py:538} INFO - Filling up the DagBag from /opt/airflow/dags/gmv_customers.py
[2024-01-23T22:02:47.198+0000] {processor.py:753} INFO - DAG(s) dict_keys(['gmv_customers']) retrieved from /opt/airflow/dags/gmv_customers.py
[2024-01-23T22:02:47.237+0000] {logging_mixin.py:137} INFO - [2024-01-23T22:02:47.236+0000] {dag.py:2676} INFO - Sync 1 DAGs
[2024-01-23T22:02:47.269+0000] {logging_mixin.py:137} INFO - [2024-01-23T22:02:47.269+0000] {dag.py:3427} INFO - Setting next_dagrun for gmv_customers to 2024-01-22T00:00:00+00:00, run_after=2024-01-23T00:00:00+00:00
[2024-01-23T22:02:47.293+0000] {processor.py:175} INFO - Processing /opt/airflow/dags/gmv_customers.py took 0.140 seconds
[2024-01-23T22:03:17.406+0000] {processor.py:153} INFO - Started process (PID=751) to work on /opt/airflow/dags/gmv_customers.py
[2024-01-23T22:03:17.407+0000] {processor.py:743} INFO - Processing file /opt/airflow/dags/gmv_customers.py for tasks to queue
[2024-01-23T22:03:17.408+0000] {logging_mixin.py:137} INFO - [2024-01-23T22:03:17.408+0000] {dagbag.py:538} INFO - Filling up the DagBag from /opt/airflow/dags/gmv_customers.py
[2024-01-23T22:03:17.460+0000] {processor.py:753} INFO - DAG(s) dict_keys(['gmv_customers']) retrieved from /opt/airflow/dags/gmv_customers.py
[2024-01-23T22:03:17.503+0000] {logging_mixin.py:137} INFO - [2024-01-23T22:03:17.503+0000] {dag.py:2676} INFO - Sync 1 DAGs
[2024-01-23T22:03:17.536+0000] {logging_mixin.py:137} INFO - [2024-01-23T22:03:17.536+0000] {dag.py:3427} INFO - Setting next_dagrun for gmv_customers to 2024-01-22T00:00:00+00:00, run_after=2024-01-23T00:00:00+00:00
[2024-01-23T22:03:17.560+0000] {processor.py:175} INFO - Processing /opt/airflow/dags/gmv_customers.py took 0.157 seconds
[2024-01-23T22:03:47.812+0000] {processor.py:153} INFO - Started process (PID=842) to work on /opt/airflow/dags/gmv_customers.py
[2024-01-23T22:03:47.813+0000] {processor.py:743} INFO - Processing file /opt/airflow/dags/gmv_customers.py for tasks to queue
[2024-01-23T22:03:47.813+0000] {logging_mixin.py:137} INFO - [2024-01-23T22:03:47.813+0000] {dagbag.py:538} INFO - Filling up the DagBag from /opt/airflow/dags/gmv_customers.py
[2024-01-23T22:03:47.861+0000] {processor.py:753} INFO - DAG(s) dict_keys(['gmv_customers']) retrieved from /opt/airflow/dags/gmv_customers.py
[2024-01-23T22:03:47.900+0000] {logging_mixin.py:137} INFO - [2024-01-23T22:03:47.900+0000] {dag.py:2676} INFO - Sync 1 DAGs
[2024-01-23T22:03:47.931+0000] {logging_mixin.py:137} INFO - [2024-01-23T22:03:47.931+0000] {dag.py:3427} INFO - Setting next_dagrun for gmv_customers to 2024-01-22T00:00:00+00:00, run_after=2024-01-23T00:00:00+00:00
[2024-01-23T22:03:47.952+0000] {processor.py:175} INFO - Processing /opt/airflow/dags/gmv_customers.py took 0.143 seconds
[2024-01-23T22:04:18.134+0000] {processor.py:153} INFO - Started process (PID=922) to work on /opt/airflow/dags/gmv_customers.py
[2024-01-23T22:04:18.135+0000] {processor.py:743} INFO - Processing file /opt/airflow/dags/gmv_customers.py for tasks to queue
[2024-01-23T22:04:18.136+0000] {logging_mixin.py:137} INFO - [2024-01-23T22:04:18.135+0000] {dagbag.py:538} INFO - Filling up the DagBag from /opt/airflow/dags/gmv_customers.py
[2024-01-23T22:04:18.177+0000] {processor.py:753} INFO - DAG(s) dict_keys(['gmv_customers']) retrieved from /opt/airflow/dags/gmv_customers.py
[2024-01-23T22:04:18.215+0000] {logging_mixin.py:137} INFO - [2024-01-23T22:04:18.214+0000] {dag.py:2676} INFO - Sync 1 DAGs
[2024-01-23T22:04:18.249+0000] {logging_mixin.py:137} INFO - [2024-01-23T22:04:18.248+0000] {dag.py:3427} INFO - Setting next_dagrun for gmv_customers to 2024-01-22T00:00:00+00:00, run_after=2024-01-23T00:00:00+00:00
[2024-01-23T22:04:18.270+0000] {processor.py:175} INFO - Processing /opt/airflow/dags/gmv_customers.py took 0.138 seconds
[2024-01-23T22:04:48.888+0000] {processor.py:153} INFO - Started process (PID=1011) to work on /opt/airflow/dags/gmv_customers.py
[2024-01-23T22:04:48.889+0000] {processor.py:743} INFO - Processing file /opt/airflow/dags/gmv_customers.py for tasks to queue
[2024-01-23T22:04:48.890+0000] {logging_mixin.py:137} INFO - [2024-01-23T22:04:48.889+0000] {dagbag.py:538} INFO - Filling up the DagBag from /opt/airflow/dags/gmv_customers.py
[2024-01-23T22:04:48.943+0000] {processor.py:753} INFO - DAG(s) dict_keys(['gmv_customers']) retrieved from /opt/airflow/dags/gmv_customers.py
[2024-01-23T22:04:48.988+0000] {logging_mixin.py:137} INFO - [2024-01-23T22:04:48.988+0000] {dag.py:2676} INFO - Sync 1 DAGs
[2024-01-23T22:04:49.036+0000] {logging_mixin.py:137} INFO - [2024-01-23T22:04:49.035+0000] {dag.py:3427} INFO - Setting next_dagrun for gmv_customers to 2024-01-22T00:00:00+00:00, run_after=2024-01-23T00:00:00+00:00
[2024-01-23T22:04:49.080+0000] {processor.py:175} INFO - Processing /opt/airflow/dags/gmv_customers.py took 0.194 seconds
[2024-01-23T22:05:19.153+0000] {processor.py:153} INFO - Started process (PID=1102) to work on /opt/airflow/dags/gmv_customers.py
[2024-01-23T22:05:19.154+0000] {processor.py:743} INFO - Processing file /opt/airflow/dags/gmv_customers.py for tasks to queue
[2024-01-23T22:05:19.155+0000] {logging_mixin.py:137} INFO - [2024-01-23T22:05:19.155+0000] {dagbag.py:538} INFO - Filling up the DagBag from /opt/airflow/dags/gmv_customers.py
[2024-01-23T22:05:19.199+0000] {processor.py:753} INFO - DAG(s) dict_keys(['gmv_customers']) retrieved from /opt/airflow/dags/gmv_customers.py
[2024-01-23T22:05:19.234+0000] {logging_mixin.py:137} INFO - [2024-01-23T22:05:19.234+0000] {dag.py:2676} INFO - Sync 1 DAGs
[2024-01-23T22:05:19.262+0000] {logging_mixin.py:137} INFO - [2024-01-23T22:05:19.261+0000] {dag.py:3427} INFO - Setting next_dagrun for gmv_customers to 2024-01-22T00:00:00+00:00, run_after=2024-01-23T00:00:00+00:00
[2024-01-23T22:05:19.283+0000] {processor.py:175} INFO - Processing /opt/airflow/dags/gmv_customers.py took 0.133 seconds
[2024-01-23T22:05:49.663+0000] {processor.py:153} INFO - Started process (PID=1182) to work on /opt/airflow/dags/gmv_customers.py
[2024-01-23T22:05:49.663+0000] {processor.py:743} INFO - Processing file /opt/airflow/dags/gmv_customers.py for tasks to queue
[2024-01-23T22:05:49.664+0000] {logging_mixin.py:137} INFO - [2024-01-23T22:05:49.664+0000] {dagbag.py:538} INFO - Filling up the DagBag from /opt/airflow/dags/gmv_customers.py
[2024-01-23T22:05:49.707+0000] {processor.py:753} INFO - DAG(s) dict_keys(['gmv_customers']) retrieved from /opt/airflow/dags/gmv_customers.py
[2024-01-23T22:05:49.745+0000] {logging_mixin.py:137} INFO - [2024-01-23T22:05:49.745+0000] {dag.py:2676} INFO - Sync 1 DAGs
[2024-01-23T22:05:49.776+0000] {logging_mixin.py:137} INFO - [2024-01-23T22:05:49.776+0000] {dag.py:3427} INFO - Setting next_dagrun for gmv_customers to 2024-01-22T00:00:00+00:00, run_after=2024-01-23T00:00:00+00:00
[2024-01-23T22:05:49.796+0000] {processor.py:175} INFO - Processing /opt/airflow/dags/gmv_customers.py took 0.136 seconds
[2024-01-23T22:06:20.079+0000] {processor.py:153} INFO - Started process (PID=1271) to work on /opt/airflow/dags/gmv_customers.py
[2024-01-23T22:06:20.080+0000] {processor.py:743} INFO - Processing file /opt/airflow/dags/gmv_customers.py for tasks to queue
[2024-01-23T22:06:20.081+0000] {logging_mixin.py:137} INFO - [2024-01-23T22:06:20.080+0000] {dagbag.py:538} INFO - Filling up the DagBag from /opt/airflow/dags/gmv_customers.py
[2024-01-23T22:06:20.130+0000] {processor.py:753} INFO - DAG(s) dict_keys(['gmv_customers']) retrieved from /opt/airflow/dags/gmv_customers.py
[2024-01-23T22:06:20.176+0000] {logging_mixin.py:137} INFO - [2024-01-23T22:06:20.176+0000] {dag.py:2676} INFO - Sync 1 DAGs
[2024-01-23T22:06:20.216+0000] {logging_mixin.py:137} INFO - [2024-01-23T22:06:20.216+0000] {dag.py:3427} INFO - Setting next_dagrun for gmv_customers to 2024-01-22T00:00:00+00:00, run_after=2024-01-23T00:00:00+00:00
[2024-01-23T22:06:20.239+0000] {processor.py:175} INFO - Processing /opt/airflow/dags/gmv_customers.py took 0.163 seconds
[2024-01-23T22:06:51.094+0000] {processor.py:153} INFO - Started process (PID=1362) to work on /opt/airflow/dags/gmv_customers.py
[2024-01-23T22:06:51.095+0000] {processor.py:743} INFO - Processing file /opt/airflow/dags/gmv_customers.py for tasks to queue
[2024-01-23T22:06:51.096+0000] {logging_mixin.py:137} INFO - [2024-01-23T22:06:51.096+0000] {dagbag.py:538} INFO - Filling up the DagBag from /opt/airflow/dags/gmv_customers.py
[2024-01-23T22:06:51.138+0000] {processor.py:753} INFO - DAG(s) dict_keys(['gmv_customers']) retrieved from /opt/airflow/dags/gmv_customers.py
[2024-01-23T22:06:51.171+0000] {logging_mixin.py:137} INFO - [2024-01-23T22:06:51.171+0000] {dag.py:2676} INFO - Sync 1 DAGs
[2024-01-23T22:06:51.202+0000] {logging_mixin.py:137} INFO - [2024-01-23T22:06:51.202+0000] {dag.py:3427} INFO - Setting next_dagrun for gmv_customers to 2024-01-22T00:00:00+00:00, run_after=2024-01-23T00:00:00+00:00
[2024-01-23T22:06:51.228+0000] {processor.py:175} INFO - Processing /opt/airflow/dags/gmv_customers.py took 0.137 seconds
[2024-01-23T22:07:21.330+0000] {processor.py:153} INFO - Started process (PID=1442) to work on /opt/airflow/dags/gmv_customers.py
[2024-01-23T22:07:21.331+0000] {processor.py:743} INFO - Processing file /opt/airflow/dags/gmv_customers.py for tasks to queue
[2024-01-23T22:07:21.332+0000] {logging_mixin.py:137} INFO - [2024-01-23T22:07:21.332+0000] {dagbag.py:538} INFO - Filling up the DagBag from /opt/airflow/dags/gmv_customers.py
[2024-01-23T22:07:21.377+0000] {processor.py:753} INFO - DAG(s) dict_keys(['gmv_customers']) retrieved from /opt/airflow/dags/gmv_customers.py
[2024-01-23T22:07:21.412+0000] {logging_mixin.py:137} INFO - [2024-01-23T22:07:21.412+0000] {dag.py:2676} INFO - Sync 1 DAGs
[2024-01-23T22:07:21.441+0000] {logging_mixin.py:137} INFO - [2024-01-23T22:07:21.441+0000] {dag.py:3427} INFO - Setting next_dagrun for gmv_customers to 2024-01-22T00:00:00+00:00, run_after=2024-01-23T00:00:00+00:00
[2024-01-23T22:07:21.470+0000] {processor.py:175} INFO - Processing /opt/airflow/dags/gmv_customers.py took 0.142 seconds
[2024-01-23T22:07:52.007+0000] {processor.py:153} INFO - Started process (PID=1542) to work on /opt/airflow/dags/gmv_customers.py
[2024-01-23T22:07:52.007+0000] {processor.py:743} INFO - Processing file /opt/airflow/dags/gmv_customers.py for tasks to queue
[2024-01-23T22:07:52.008+0000] {logging_mixin.py:137} INFO - [2024-01-23T22:07:52.008+0000] {dagbag.py:538} INFO - Filling up the DagBag from /opt/airflow/dags/gmv_customers.py
[2024-01-23T22:07:52.054+0000] {processor.py:753} INFO - DAG(s) dict_keys(['gmv_customers']) retrieved from /opt/airflow/dags/gmv_customers.py
[2024-01-23T22:07:52.105+0000] {logging_mixin.py:137} INFO - [2024-01-23T22:07:52.104+0000] {dag.py:2676} INFO - Sync 1 DAGs
[2024-01-23T22:07:52.140+0000] {logging_mixin.py:137} INFO - [2024-01-23T22:07:52.140+0000] {dag.py:3427} INFO - Setting next_dagrun for gmv_customers to 2024-01-22T00:00:00+00:00, run_after=2024-01-23T00:00:00+00:00
[2024-01-23T22:07:52.168+0000] {processor.py:175} INFO - Processing /opt/airflow/dags/gmv_customers.py took 0.164 seconds
[2024-01-23T22:08:22.298+0000] {processor.py:153} INFO - Started process (PID=1622) to work on /opt/airflow/dags/gmv_customers.py
[2024-01-23T22:08:22.298+0000] {processor.py:743} INFO - Processing file /opt/airflow/dags/gmv_customers.py for tasks to queue
[2024-01-23T22:08:22.299+0000] {logging_mixin.py:137} INFO - [2024-01-23T22:08:22.299+0000] {dagbag.py:538} INFO - Filling up the DagBag from /opt/airflow/dags/gmv_customers.py
[2024-01-23T22:08:22.347+0000] {processor.py:753} INFO - DAG(s) dict_keys(['gmv_customers']) retrieved from /opt/airflow/dags/gmv_customers.py
[2024-01-23T22:08:22.385+0000] {logging_mixin.py:137} INFO - [2024-01-23T22:08:22.385+0000] {dag.py:2676} INFO - Sync 1 DAGs
[2024-01-23T22:08:22.418+0000] {logging_mixin.py:137} INFO - [2024-01-23T22:08:22.418+0000] {dag.py:3427} INFO - Setting next_dagrun for gmv_customers to 2024-01-22T00:00:00+00:00, run_after=2024-01-23T00:00:00+00:00
[2024-01-23T22:08:22.456+0000] {processor.py:175} INFO - Processing /opt/airflow/dags/gmv_customers.py took 0.161 seconds
[2024-01-23T22:08:52.496+0000] {processor.py:153} INFO - Started process (PID=1702) to work on /opt/airflow/dags/gmv_customers.py
[2024-01-23T22:08:52.497+0000] {processor.py:743} INFO - Processing file /opt/airflow/dags/gmv_customers.py for tasks to queue
[2024-01-23T22:08:52.497+0000] {logging_mixin.py:137} INFO - [2024-01-23T22:08:52.497+0000] {dagbag.py:538} INFO - Filling up the DagBag from /opt/airflow/dags/gmv_customers.py
[2024-01-23T22:08:52.539+0000] {processor.py:753} INFO - DAG(s) dict_keys(['gmv_customers']) retrieved from /opt/airflow/dags/gmv_customers.py
[2024-01-23T22:08:52.579+0000] {logging_mixin.py:137} INFO - [2024-01-23T22:08:52.579+0000] {dag.py:2676} INFO - Sync 1 DAGs
[2024-01-23T22:08:52.607+0000] {logging_mixin.py:137} INFO - [2024-01-23T22:08:52.607+0000] {dag.py:3427} INFO - Setting next_dagrun for gmv_customers to 2024-01-22T00:00:00+00:00, run_after=2024-01-23T00:00:00+00:00
[2024-01-23T22:08:52.633+0000] {processor.py:175} INFO - Processing /opt/airflow/dags/gmv_customers.py took 0.139 seconds
[2024-01-23T22:09:23.484+0000] {processor.py:153} INFO - Started process (PID=1802) to work on /opt/airflow/dags/gmv_customers.py
[2024-01-23T22:09:23.484+0000] {processor.py:743} INFO - Processing file /opt/airflow/dags/gmv_customers.py for tasks to queue
[2024-01-23T22:09:23.485+0000] {logging_mixin.py:137} INFO - [2024-01-23T22:09:23.485+0000] {dagbag.py:538} INFO - Filling up the DagBag from /opt/airflow/dags/gmv_customers.py
[2024-01-23T22:09:23.526+0000] {processor.py:753} INFO - DAG(s) dict_keys(['gmv_customers']) retrieved from /opt/airflow/dags/gmv_customers.py
[2024-01-23T22:09:23.564+0000] {logging_mixin.py:137} INFO - [2024-01-23T22:09:23.564+0000] {dag.py:2676} INFO - Sync 1 DAGs
[2024-01-23T22:09:23.596+0000] {logging_mixin.py:137} INFO - [2024-01-23T22:09:23.596+0000] {dag.py:3427} INFO - Setting next_dagrun for gmv_customers to 2024-01-22T00:00:00+00:00, run_after=2024-01-23T00:00:00+00:00
[2024-01-23T22:09:23.619+0000] {processor.py:175} INFO - Processing /opt/airflow/dags/gmv_customers.py took 0.138 seconds
[2024-01-23T22:09:54.090+0000] {processor.py:153} INFO - Started process (PID=1882) to work on /opt/airflow/dags/gmv_customers.py
[2024-01-23T22:09:54.091+0000] {processor.py:743} INFO - Processing file /opt/airflow/dags/gmv_customers.py for tasks to queue
[2024-01-23T22:09:54.091+0000] {logging_mixin.py:137} INFO - [2024-01-23T22:09:54.091+0000] {dagbag.py:538} INFO - Filling up the DagBag from /opt/airflow/dags/gmv_customers.py
[2024-01-23T22:09:54.136+0000] {processor.py:753} INFO - DAG(s) dict_keys(['gmv_customers']) retrieved from /opt/airflow/dags/gmv_customers.py
[2024-01-23T22:09:54.179+0000] {logging_mixin.py:137} INFO - [2024-01-23T22:09:54.179+0000] {dag.py:2676} INFO - Sync 1 DAGs
[2024-01-23T22:09:54.210+0000] {logging_mixin.py:137} INFO - [2024-01-23T22:09:54.210+0000] {dag.py:3427} INFO - Setting next_dagrun for gmv_customers to 2024-01-22T00:00:00+00:00, run_after=2024-01-23T00:00:00+00:00
[2024-01-23T22:09:54.233+0000] {processor.py:175} INFO - Processing /opt/airflow/dags/gmv_customers.py took 0.146 seconds
[2024-01-23T22:10:24.449+0000] {processor.py:153} INFO - Started process (PID=1962) to work on /opt/airflow/dags/gmv_customers.py
[2024-01-23T22:10:24.450+0000] {processor.py:743} INFO - Processing file /opt/airflow/dags/gmv_customers.py for tasks to queue
[2024-01-23T22:10:24.451+0000] {logging_mixin.py:137} INFO - [2024-01-23T22:10:24.450+0000] {dagbag.py:538} INFO - Filling up the DagBag from /opt/airflow/dags/gmv_customers.py
[2024-01-23T22:10:24.493+0000] {processor.py:753} INFO - DAG(s) dict_keys(['gmv_customers']) retrieved from /opt/airflow/dags/gmv_customers.py
[2024-01-23T22:10:24.535+0000] {logging_mixin.py:137} INFO - [2024-01-23T22:10:24.534+0000] {dag.py:2676} INFO - Sync 1 DAGs
[2024-01-23T22:10:24.568+0000] {logging_mixin.py:137} INFO - [2024-01-23T22:10:24.568+0000] {dag.py:3427} INFO - Setting next_dagrun for gmv_customers to 2024-01-22T00:00:00+00:00, run_after=2024-01-23T00:00:00+00:00
[2024-01-23T22:10:24.590+0000] {processor.py:175} INFO - Processing /opt/airflow/dags/gmv_customers.py took 0.143 seconds
[2024-01-23T22:10:54.977+0000] {processor.py:153} INFO - Started process (PID=2062) to work on /opt/airflow/dags/gmv_customers.py
[2024-01-23T22:10:54.977+0000] {processor.py:743} INFO - Processing file /opt/airflow/dags/gmv_customers.py for tasks to queue
[2024-01-23T22:10:54.978+0000] {logging_mixin.py:137} INFO - [2024-01-23T22:10:54.978+0000] {dagbag.py:538} INFO - Filling up the DagBag from /opt/airflow/dags/gmv_customers.py
[2024-01-23T22:10:55.032+0000] {processor.py:753} INFO - DAG(s) dict_keys(['gmv_customers']) retrieved from /opt/airflow/dags/gmv_customers.py
[2024-01-23T22:10:55.074+0000] {logging_mixin.py:137} INFO - [2024-01-23T22:10:55.074+0000] {dag.py:2676} INFO - Sync 1 DAGs
[2024-01-23T22:10:55.110+0000] {logging_mixin.py:137} INFO - [2024-01-23T22:10:55.110+0000] {dag.py:3427} INFO - Setting next_dagrun for gmv_customers to 2024-01-22T00:00:00+00:00, run_after=2024-01-23T00:00:00+00:00
[2024-01-23T22:10:55.135+0000] {processor.py:175} INFO - Processing /opt/airflow/dags/gmv_customers.py took 0.163 seconds
[2024-01-23T22:11:25.335+0000] {processor.py:153} INFO - Started process (PID=2142) to work on /opt/airflow/dags/gmv_customers.py
[2024-01-23T22:11:25.336+0000] {processor.py:743} INFO - Processing file /opt/airflow/dags/gmv_customers.py for tasks to queue
[2024-01-23T22:11:25.337+0000] {logging_mixin.py:137} INFO - [2024-01-23T22:11:25.337+0000] {dagbag.py:538} INFO - Filling up the DagBag from /opt/airflow/dags/gmv_customers.py
[2024-01-23T22:11:25.381+0000] {processor.py:753} INFO - DAG(s) dict_keys(['gmv_customers']) retrieved from /opt/airflow/dags/gmv_customers.py
[2024-01-23T22:11:25.416+0000] {logging_mixin.py:137} INFO - [2024-01-23T22:11:25.416+0000] {dag.py:2676} INFO - Sync 1 DAGs
[2024-01-23T22:11:25.443+0000] {logging_mixin.py:137} INFO - [2024-01-23T22:11:25.443+0000] {dag.py:3427} INFO - Setting next_dagrun for gmv_customers to 2024-01-22T00:00:00+00:00, run_after=2024-01-23T00:00:00+00:00
[2024-01-23T22:11:25.461+0000] {processor.py:175} INFO - Processing /opt/airflow/dags/gmv_customers.py took 0.129 seconds
[2024-01-23T22:11:55.611+0000] {processor.py:153} INFO - Started process (PID=2222) to work on /opt/airflow/dags/gmv_customers.py
[2024-01-23T22:11:55.612+0000] {processor.py:743} INFO - Processing file /opt/airflow/dags/gmv_customers.py for tasks to queue
[2024-01-23T22:11:55.613+0000] {logging_mixin.py:137} INFO - [2024-01-23T22:11:55.612+0000] {dagbag.py:538} INFO - Filling up the DagBag from /opt/airflow/dags/gmv_customers.py
[2024-01-23T22:11:55.666+0000] {processor.py:753} INFO - DAG(s) dict_keys(['gmv_customers']) retrieved from /opt/airflow/dags/gmv_customers.py
[2024-01-23T22:11:55.711+0000] {logging_mixin.py:137} INFO - [2024-01-23T22:11:55.711+0000] {dag.py:2676} INFO - Sync 1 DAGs
[2024-01-23T22:11:55.745+0000] {logging_mixin.py:137} INFO - [2024-01-23T22:11:55.744+0000] {dag.py:3427} INFO - Setting next_dagrun for gmv_customers to 2024-01-22T00:00:00+00:00, run_after=2024-01-23T00:00:00+00:00
[2024-01-23T22:11:55.775+0000] {processor.py:175} INFO - Processing /opt/airflow/dags/gmv_customers.py took 0.167 seconds
[2024-01-23T22:12:26.036+0000] {processor.py:153} INFO - Started process (PID=2322) to work on /opt/airflow/dags/gmv_customers.py
[2024-01-23T22:12:26.037+0000] {processor.py:743} INFO - Processing file /opt/airflow/dags/gmv_customers.py for tasks to queue
[2024-01-23T22:12:26.038+0000] {logging_mixin.py:137} INFO - [2024-01-23T22:12:26.038+0000] {dagbag.py:538} INFO - Filling up the DagBag from /opt/airflow/dags/gmv_customers.py
[2024-01-23T22:12:26.078+0000] {processor.py:753} INFO - DAG(s) dict_keys(['gmv_customers']) retrieved from /opt/airflow/dags/gmv_customers.py
[2024-01-23T22:12:26.112+0000] {logging_mixin.py:137} INFO - [2024-01-23T22:12:26.112+0000] {dag.py:2676} INFO - Sync 1 DAGs
[2024-01-23T22:12:26.147+0000] {logging_mixin.py:137} INFO - [2024-01-23T22:12:26.147+0000] {dag.py:3427} INFO - Setting next_dagrun for gmv_customers to 2024-01-22T00:00:00+00:00, run_after=2024-01-23T00:00:00+00:00
[2024-01-23T22:12:26.169+0000] {processor.py:175} INFO - Processing /opt/airflow/dags/gmv_customers.py took 0.135 seconds
[2024-01-23T22:12:56.603+0000] {processor.py:153} INFO - Started process (PID=2402) to work on /opt/airflow/dags/gmv_customers.py
[2024-01-23T22:12:56.603+0000] {processor.py:743} INFO - Processing file /opt/airflow/dags/gmv_customers.py for tasks to queue
[2024-01-23T22:12:56.604+0000] {logging_mixin.py:137} INFO - [2024-01-23T22:12:56.604+0000] {dagbag.py:538} INFO - Filling up the DagBag from /opt/airflow/dags/gmv_customers.py
[2024-01-23T22:12:56.648+0000] {processor.py:753} INFO - DAG(s) dict_keys(['gmv_customers']) retrieved from /opt/airflow/dags/gmv_customers.py
[2024-01-23T22:12:56.685+0000] {logging_mixin.py:137} INFO - [2024-01-23T22:12:56.685+0000] {dag.py:2676} INFO - Sync 1 DAGs
[2024-01-23T22:12:56.722+0000] {logging_mixin.py:137} INFO - [2024-01-23T22:12:56.722+0000] {dag.py:3427} INFO - Setting next_dagrun for gmv_customers to 2024-01-22T00:00:00+00:00, run_after=2024-01-23T00:00:00+00:00
[2024-01-23T22:12:56.745+0000] {processor.py:175} INFO - Processing /opt/airflow/dags/gmv_customers.py took 0.146 seconds
[2024-01-23T22:13:27.019+0000] {processor.py:153} INFO - Started process (PID=2491) to work on /opt/airflow/dags/gmv_customers.py
[2024-01-23T22:13:27.020+0000] {processor.py:743} INFO - Processing file /opt/airflow/dags/gmv_customers.py for tasks to queue
[2024-01-23T22:13:27.021+0000] {logging_mixin.py:137} INFO - [2024-01-23T22:13:27.021+0000] {dagbag.py:538} INFO - Filling up the DagBag from /opt/airflow/dags/gmv_customers.py
[2024-01-23T22:13:27.072+0000] {processor.py:753} INFO - DAG(s) dict_keys(['gmv_customers']) retrieved from /opt/airflow/dags/gmv_customers.py
[2024-01-23T22:13:27.118+0000] {logging_mixin.py:137} INFO - [2024-01-23T22:13:27.117+0000] {dag.py:2676} INFO - Sync 1 DAGs
[2024-01-23T22:13:27.154+0000] {logging_mixin.py:137} INFO - [2024-01-23T22:13:27.154+0000] {dag.py:3427} INFO - Setting next_dagrun for gmv_customers to 2024-01-22T00:00:00+00:00, run_after=2024-01-23T00:00:00+00:00
[2024-01-23T22:13:27.180+0000] {processor.py:175} INFO - Processing /opt/airflow/dags/gmv_customers.py took 0.164 seconds
[2024-01-23T22:13:57.481+0000] {processor.py:153} INFO - Started process (PID=2581) to work on /opt/airflow/dags/gmv_customers.py
[2024-01-23T22:13:57.482+0000] {processor.py:743} INFO - Processing file /opt/airflow/dags/gmv_customers.py for tasks to queue
[2024-01-23T22:13:57.483+0000] {logging_mixin.py:137} INFO - [2024-01-23T22:13:57.483+0000] {dagbag.py:538} INFO - Filling up the DagBag from /opt/airflow/dags/gmv_customers.py
[2024-01-23T22:13:57.522+0000] {processor.py:753} INFO - DAG(s) dict_keys(['gmv_customers']) retrieved from /opt/airflow/dags/gmv_customers.py
[2024-01-23T22:13:57.554+0000] {logging_mixin.py:137} INFO - [2024-01-23T22:13:57.553+0000] {dag.py:2676} INFO - Sync 1 DAGs
[2024-01-23T22:13:57.580+0000] {logging_mixin.py:137} INFO - [2024-01-23T22:13:57.579+0000] {dag.py:3427} INFO - Setting next_dagrun for gmv_customers to 2024-01-22T00:00:00+00:00, run_after=2024-01-23T00:00:00+00:00
[2024-01-23T22:13:57.600+0000] {processor.py:175} INFO - Processing /opt/airflow/dags/gmv_customers.py took 0.120 seconds
[2024-01-23T22:14:28.051+0000] {processor.py:153} INFO - Started process (PID=2661) to work on /opt/airflow/dags/gmv_customers.py
[2024-01-23T22:14:28.051+0000] {processor.py:743} INFO - Processing file /opt/airflow/dags/gmv_customers.py for tasks to queue
[2024-01-23T22:14:28.052+0000] {logging_mixin.py:137} INFO - [2024-01-23T22:14:28.052+0000] {dagbag.py:538} INFO - Filling up the DagBag from /opt/airflow/dags/gmv_customers.py
[2024-01-23T22:14:28.124+0000] {processor.py:753} INFO - DAG(s) dict_keys(['gmv_customers']) retrieved from /opt/airflow/dags/gmv_customers.py
[2024-01-23T22:14:28.162+0000] {logging_mixin.py:137} INFO - [2024-01-23T22:14:28.162+0000] {dag.py:2676} INFO - Sync 1 DAGs
[2024-01-23T22:14:28.190+0000] {logging_mixin.py:137} INFO - [2024-01-23T22:14:28.190+0000] {dag.py:3427} INFO - Setting next_dagrun for gmv_customers to 2024-01-22T00:00:00+00:00, run_after=2024-01-23T00:00:00+00:00
[2024-01-23T22:14:28.216+0000] {processor.py:175} INFO - Processing /opt/airflow/dags/gmv_customers.py took 0.168 seconds
[2024-01-23T22:14:58.837+0000] {processor.py:153} INFO - Started process (PID=2763) to work on /opt/airflow/dags/gmv_customers.py
[2024-01-23T22:14:58.838+0000] {processor.py:743} INFO - Processing file /opt/airflow/dags/gmv_customers.py for tasks to queue
[2024-01-23T22:14:58.839+0000] {logging_mixin.py:137} INFO - [2024-01-23T22:14:58.839+0000] {dagbag.py:538} INFO - Filling up the DagBag from /opt/airflow/dags/gmv_customers.py
[2024-01-23T22:14:58.884+0000] {processor.py:753} INFO - DAG(s) dict_keys(['gmv_customers']) retrieved from /opt/airflow/dags/gmv_customers.py
[2024-01-23T22:14:58.932+0000] {logging_mixin.py:137} INFO - [2024-01-23T22:14:58.932+0000] {dag.py:2676} INFO - Sync 1 DAGs
[2024-01-23T22:14:58.977+0000] {logging_mixin.py:137} INFO - [2024-01-23T22:14:58.976+0000] {dag.py:3427} INFO - Setting next_dagrun for gmv_customers to 2024-01-22T00:00:00+00:00, run_after=2024-01-23T00:00:00+00:00
[2024-01-23T22:14:59.006+0000] {processor.py:175} INFO - Processing /opt/airflow/dags/gmv_customers.py took 0.171 seconds
[2024-01-23T22:15:29.119+0000] {processor.py:153} INFO - Started process (PID=2844) to work on /opt/airflow/dags/gmv_customers.py
[2024-01-23T22:15:29.119+0000] {processor.py:743} INFO - Processing file /opt/airflow/dags/gmv_customers.py for tasks to queue
[2024-01-23T22:15:29.120+0000] {logging_mixin.py:137} INFO - [2024-01-23T22:15:29.120+0000] {dagbag.py:538} INFO - Filling up the DagBag from /opt/airflow/dags/gmv_customers.py
[2024-01-23T22:15:29.170+0000] {processor.py:753} INFO - DAG(s) dict_keys(['gmv_customers']) retrieved from /opt/airflow/dags/gmv_customers.py
[2024-01-23T22:15:29.206+0000] {logging_mixin.py:137} INFO - [2024-01-23T22:15:29.206+0000] {dag.py:2676} INFO - Sync 1 DAGs
[2024-01-23T22:15:29.243+0000] {logging_mixin.py:137} INFO - [2024-01-23T22:15:29.242+0000] {dag.py:3427} INFO - Setting next_dagrun for gmv_customers to 2024-01-22T00:00:00+00:00, run_after=2024-01-23T00:00:00+00:00
[2024-01-23T22:15:29.267+0000] {processor.py:175} INFO - Processing /opt/airflow/dags/gmv_customers.py took 0.151 seconds
[2024-01-23T22:15:59.454+0000] {processor.py:153} INFO - Started process (PID=2924) to work on /opt/airflow/dags/gmv_customers.py
[2024-01-23T22:15:59.455+0000] {processor.py:743} INFO - Processing file /opt/airflow/dags/gmv_customers.py for tasks to queue
[2024-01-23T22:15:59.456+0000] {logging_mixin.py:137} INFO - [2024-01-23T22:15:59.456+0000] {dagbag.py:538} INFO - Filling up the DagBag from /opt/airflow/dags/gmv_customers.py
[2024-01-23T22:15:59.495+0000] {processor.py:753} INFO - DAG(s) dict_keys(['gmv_customers']) retrieved from /opt/airflow/dags/gmv_customers.py
[2024-01-23T22:15:59.531+0000] {logging_mixin.py:137} INFO - [2024-01-23T22:15:59.531+0000] {dag.py:2676} INFO - Sync 1 DAGs
[2024-01-23T22:15:59.560+0000] {logging_mixin.py:137} INFO - [2024-01-23T22:15:59.559+0000] {dag.py:3427} INFO - Setting next_dagrun for gmv_customers to 2024-01-22T00:00:00+00:00, run_after=2024-01-23T00:00:00+00:00
[2024-01-23T22:15:59.589+0000] {processor.py:175} INFO - Processing /opt/airflow/dags/gmv_customers.py took 0.137 seconds
[2024-01-23T22:16:29.733+0000] {processor.py:153} INFO - Started process (PID=3023) to work on /opt/airflow/dags/gmv_customers.py
[2024-01-23T22:16:29.734+0000] {processor.py:743} INFO - Processing file /opt/airflow/dags/gmv_customers.py for tasks to queue
[2024-01-23T22:16:29.735+0000] {logging_mixin.py:137} INFO - [2024-01-23T22:16:29.735+0000] {dagbag.py:538} INFO - Filling up the DagBag from /opt/airflow/dags/gmv_customers.py
[2024-01-23T22:16:29.777+0000] {processor.py:753} INFO - DAG(s) dict_keys(['gmv_customers']) retrieved from /opt/airflow/dags/gmv_customers.py
[2024-01-23T22:16:29.811+0000] {logging_mixin.py:137} INFO - [2024-01-23T22:16:29.811+0000] {dag.py:2676} INFO - Sync 1 DAGs
[2024-01-23T22:16:29.841+0000] {logging_mixin.py:137} INFO - [2024-01-23T22:16:29.841+0000] {dag.py:3427} INFO - Setting next_dagrun for gmv_customers to 2024-01-22T00:00:00+00:00, run_after=2024-01-23T00:00:00+00:00
[2024-01-23T22:16:29.865+0000] {processor.py:175} INFO - Processing /opt/airflow/dags/gmv_customers.py took 0.134 seconds
[2024-01-23T22:16:59.911+0000] {processor.py:153} INFO - Started process (PID=3103) to work on /opt/airflow/dags/gmv_customers.py
[2024-01-23T22:16:59.912+0000] {processor.py:743} INFO - Processing file /opt/airflow/dags/gmv_customers.py for tasks to queue
[2024-01-23T22:16:59.913+0000] {logging_mixin.py:137} INFO - [2024-01-23T22:16:59.913+0000] {dagbag.py:538} INFO - Filling up the DagBag from /opt/airflow/dags/gmv_customers.py
[2024-01-23T22:16:59.955+0000] {processor.py:753} INFO - DAG(s) dict_keys(['gmv_customers']) retrieved from /opt/airflow/dags/gmv_customers.py
[2024-01-23T22:16:59.992+0000] {logging_mixin.py:137} INFO - [2024-01-23T22:16:59.992+0000] {dag.py:2676} INFO - Sync 1 DAGs
[2024-01-23T22:17:00.038+0000] {logging_mixin.py:137} INFO - [2024-01-23T22:17:00.038+0000] {dag.py:3427} INFO - Setting next_dagrun for gmv_customers to 2024-01-22T00:00:00+00:00, run_after=2024-01-23T00:00:00+00:00
[2024-01-23T22:17:00.063+0000] {processor.py:175} INFO - Processing /opt/airflow/dags/gmv_customers.py took 0.155 seconds
[2024-01-23T22:17:30.285+0000] {processor.py:153} INFO - Started process (PID=3182) to work on /opt/airflow/dags/gmv_customers.py
[2024-01-23T22:17:30.286+0000] {processor.py:743} INFO - Processing file /opt/airflow/dags/gmv_customers.py for tasks to queue
[2024-01-23T22:17:30.287+0000] {logging_mixin.py:137} INFO - [2024-01-23T22:17:30.286+0000] {dagbag.py:538} INFO - Filling up the DagBag from /opt/airflow/dags/gmv_customers.py
[2024-01-23T22:17:30.326+0000] {processor.py:753} INFO - DAG(s) dict_keys(['gmv_customers']) retrieved from /opt/airflow/dags/gmv_customers.py
[2024-01-23T22:17:30.368+0000] {logging_mixin.py:137} INFO - [2024-01-23T22:17:30.368+0000] {dag.py:2676} INFO - Sync 1 DAGs
[2024-01-23T22:17:30.397+0000] {logging_mixin.py:137} INFO - [2024-01-23T22:17:30.397+0000] {dag.py:3427} INFO - Setting next_dagrun for gmv_customers to 2024-01-22T00:00:00+00:00, run_after=2024-01-23T00:00:00+00:00
[2024-01-23T22:17:30.418+0000] {processor.py:175} INFO - Processing /opt/airflow/dags/gmv_customers.py took 0.134 seconds
[2024-01-23T22:18:00.566+0000] {processor.py:153} INFO - Started process (PID=3282) to work on /opt/airflow/dags/gmv_customers.py
[2024-01-23T22:18:00.566+0000] {processor.py:743} INFO - Processing file /opt/airflow/dags/gmv_customers.py for tasks to queue
[2024-01-23T22:18:00.567+0000] {logging_mixin.py:137} INFO - [2024-01-23T22:18:00.567+0000] {dagbag.py:538} INFO - Filling up the DagBag from /opt/airflow/dags/gmv_customers.py
[2024-01-23T22:18:00.611+0000] {processor.py:753} INFO - DAG(s) dict_keys(['gmv_customers']) retrieved from /opt/airflow/dags/gmv_customers.py
[2024-01-23T22:18:00.654+0000] {logging_mixin.py:137} INFO - [2024-01-23T22:18:00.654+0000] {dag.py:2676} INFO - Sync 1 DAGs
[2024-01-23T22:18:00.687+0000] {logging_mixin.py:137} INFO - [2024-01-23T22:18:00.687+0000] {dag.py:3427} INFO - Setting next_dagrun for gmv_customers to 2024-01-22T00:00:00+00:00, run_after=2024-01-23T00:00:00+00:00
[2024-01-23T22:18:00.714+0000] {processor.py:175} INFO - Processing /opt/airflow/dags/gmv_customers.py took 0.150 seconds
[2024-01-23T22:18:30.861+0000] {processor.py:153} INFO - Started process (PID=3362) to work on /opt/airflow/dags/gmv_customers.py
[2024-01-23T22:18:30.862+0000] {processor.py:743} INFO - Processing file /opt/airflow/dags/gmv_customers.py for tasks to queue
[2024-01-23T22:18:30.863+0000] {logging_mixin.py:137} INFO - [2024-01-23T22:18:30.863+0000] {dagbag.py:538} INFO - Filling up the DagBag from /opt/airflow/dags/gmv_customers.py
[2024-01-23T22:18:30.905+0000] {processor.py:753} INFO - DAG(s) dict_keys(['gmv_customers']) retrieved from /opt/airflow/dags/gmv_customers.py
[2024-01-23T22:18:30.945+0000] {logging_mixin.py:137} INFO - [2024-01-23T22:18:30.944+0000] {dag.py:2676} INFO - Sync 1 DAGs
[2024-01-23T22:18:30.971+0000] {logging_mixin.py:137} INFO - [2024-01-23T22:18:30.971+0000] {dag.py:3427} INFO - Setting next_dagrun for gmv_customers to 2024-01-22T00:00:00+00:00, run_after=2024-01-23T00:00:00+00:00
[2024-01-23T22:18:30.995+0000] {processor.py:175} INFO - Processing /opt/airflow/dags/gmv_customers.py took 0.137 seconds
[2024-01-23T22:19:01.185+0000] {processor.py:153} INFO - Started process (PID=3442) to work on /opt/airflow/dags/gmv_customers.py
[2024-01-23T22:19:01.185+0000] {processor.py:743} INFO - Processing file /opt/airflow/dags/gmv_customers.py for tasks to queue
[2024-01-23T22:19:01.186+0000] {logging_mixin.py:137} INFO - [2024-01-23T22:19:01.186+0000] {dagbag.py:538} INFO - Filling up the DagBag from /opt/airflow/dags/gmv_customers.py
[2024-01-23T22:19:01.227+0000] {processor.py:753} INFO - DAG(s) dict_keys(['gmv_customers']) retrieved from /opt/airflow/dags/gmv_customers.py
[2024-01-23T22:19:01.271+0000] {logging_mixin.py:137} INFO - [2024-01-23T22:19:01.270+0000] {dag.py:2676} INFO - Sync 1 DAGs
[2024-01-23T22:19:01.309+0000] {logging_mixin.py:137} INFO - [2024-01-23T22:19:01.308+0000] {dag.py:3427} INFO - Setting next_dagrun for gmv_customers to 2024-01-22T00:00:00+00:00, run_after=2024-01-23T00:00:00+00:00
[2024-01-23T22:19:01.333+0000] {processor.py:175} INFO - Processing /opt/airflow/dags/gmv_customers.py took 0.150 seconds
[2024-01-23T22:19:31.643+0000] {processor.py:153} INFO - Started process (PID=3542) to work on /opt/airflow/dags/gmv_customers.py
[2024-01-23T22:19:31.643+0000] {processor.py:743} INFO - Processing file /opt/airflow/dags/gmv_customers.py for tasks to queue
[2024-01-23T22:19:31.644+0000] {logging_mixin.py:137} INFO - [2024-01-23T22:19:31.644+0000] {dagbag.py:538} INFO - Filling up the DagBag from /opt/airflow/dags/gmv_customers.py
[2024-01-23T22:19:31.690+0000] {processor.py:753} INFO - DAG(s) dict_keys(['gmv_customers']) retrieved from /opt/airflow/dags/gmv_customers.py
[2024-01-23T22:19:31.743+0000] {logging_mixin.py:137} INFO - [2024-01-23T22:19:31.742+0000] {dag.py:2676} INFO - Sync 1 DAGs
[2024-01-23T22:19:31.778+0000] {logging_mixin.py:137} INFO - [2024-01-23T22:19:31.778+0000] {dag.py:3427} INFO - Setting next_dagrun for gmv_customers to 2024-01-22T00:00:00+00:00, run_after=2024-01-23T00:00:00+00:00
[2024-01-23T22:19:31.821+0000] {processor.py:175} INFO - Processing /opt/airflow/dags/gmv_customers.py took 0.181 seconds
[2024-01-23T22:20:01.859+0000] {processor.py:153} INFO - Started process (PID=3622) to work on /opt/airflow/dags/gmv_customers.py
[2024-01-23T22:20:01.860+0000] {processor.py:743} INFO - Processing file /opt/airflow/dags/gmv_customers.py for tasks to queue
[2024-01-23T22:20:01.861+0000] {logging_mixin.py:137} INFO - [2024-01-23T22:20:01.861+0000] {dagbag.py:538} INFO - Filling up the DagBag from /opt/airflow/dags/gmv_customers.py
[2024-01-23T22:20:01.907+0000] {processor.py:753} INFO - DAG(s) dict_keys(['gmv_customers']) retrieved from /opt/airflow/dags/gmv_customers.py
[2024-01-23T22:20:01.953+0000] {logging_mixin.py:137} INFO - [2024-01-23T22:20:01.953+0000] {dag.py:2676} INFO - Sync 1 DAGs
[2024-01-23T22:20:01.993+0000] {logging_mixin.py:137} INFO - [2024-01-23T22:20:01.992+0000] {dag.py:3427} INFO - Setting next_dagrun for gmv_customers to 2024-01-22T00:00:00+00:00, run_after=2024-01-23T00:00:00+00:00
[2024-01-23T22:20:02.019+0000] {processor.py:175} INFO - Processing /opt/airflow/dags/gmv_customers.py took 0.162 seconds
[2024-01-23T22:20:32.328+0000] {processor.py:153} INFO - Started process (PID=3702) to work on /opt/airflow/dags/gmv_customers.py
[2024-01-23T22:20:32.329+0000] {processor.py:743} INFO - Processing file /opt/airflow/dags/gmv_customers.py for tasks to queue
[2024-01-23T22:20:32.330+0000] {logging_mixin.py:137} INFO - [2024-01-23T22:20:32.330+0000] {dagbag.py:538} INFO - Filling up the DagBag from /opt/airflow/dags/gmv_customers.py
[2024-01-23T22:20:32.393+0000] {processor.py:753} INFO - DAG(s) dict_keys(['gmv_customers']) retrieved from /opt/airflow/dags/gmv_customers.py
[2024-01-23T22:20:32.453+0000] {logging_mixin.py:137} INFO - [2024-01-23T22:20:32.453+0000] {dag.py:2676} INFO - Sync 1 DAGs
[2024-01-23T22:20:32.492+0000] {logging_mixin.py:137} INFO - [2024-01-23T22:20:32.492+0000] {dag.py:3427} INFO - Setting next_dagrun for gmv_customers to 2024-01-22T00:00:00+00:00, run_after=2024-01-23T00:00:00+00:00
[2024-01-23T22:20:32.534+0000] {processor.py:175} INFO - Processing /opt/airflow/dags/gmv_customers.py took 0.208 seconds
[2024-01-23T22:21:02.714+0000] {processor.py:153} INFO - Started process (PID=3803) to work on /opt/airflow/dags/gmv_customers.py
[2024-01-23T22:21:02.715+0000] {processor.py:743} INFO - Processing file /opt/airflow/dags/gmv_customers.py for tasks to queue
[2024-01-23T22:21:02.716+0000] {logging_mixin.py:137} INFO - [2024-01-23T22:21:02.716+0000] {dagbag.py:538} INFO - Filling up the DagBag from /opt/airflow/dags/gmv_customers.py
[2024-01-23T22:21:02.763+0000] {processor.py:753} INFO - DAG(s) dict_keys(['gmv_customers']) retrieved from /opt/airflow/dags/gmv_customers.py
[2024-01-23T22:21:02.799+0000] {logging_mixin.py:137} INFO - [2024-01-23T22:21:02.799+0000] {dag.py:2676} INFO - Sync 1 DAGs
[2024-01-23T22:21:02.834+0000] {logging_mixin.py:137} INFO - [2024-01-23T22:21:02.833+0000] {dag.py:3427} INFO - Setting next_dagrun for gmv_customers to 2024-01-22T00:00:00+00:00, run_after=2024-01-23T00:00:00+00:00
[2024-01-23T22:21:02.859+0000] {processor.py:175} INFO - Processing /opt/airflow/dags/gmv_customers.py took 0.147 seconds
[2024-01-23T22:21:33.195+0000] {processor.py:153} INFO - Started process (PID=3883) to work on /opt/airflow/dags/gmv_customers.py
[2024-01-23T22:21:33.196+0000] {processor.py:743} INFO - Processing file /opt/airflow/dags/gmv_customers.py for tasks to queue
[2024-01-23T22:21:33.196+0000] {logging_mixin.py:137} INFO - [2024-01-23T22:21:33.196+0000] {dagbag.py:538} INFO - Filling up the DagBag from /opt/airflow/dags/gmv_customers.py
[2024-01-23T22:21:33.242+0000] {processor.py:753} INFO - DAG(s) dict_keys(['gmv_customers']) retrieved from /opt/airflow/dags/gmv_customers.py
[2024-01-23T22:21:33.295+0000] {logging_mixin.py:137} INFO - [2024-01-23T22:21:33.294+0000] {dag.py:2676} INFO - Sync 1 DAGs
[2024-01-23T22:21:33.330+0000] {logging_mixin.py:137} INFO - [2024-01-23T22:21:33.329+0000] {dag.py:3427} INFO - Setting next_dagrun for gmv_customers to 2024-01-22T00:00:00+00:00, run_after=2024-01-23T00:00:00+00:00
[2024-01-23T22:21:33.353+0000] {processor.py:175} INFO - Processing /opt/airflow/dags/gmv_customers.py took 0.160 seconds
[2024-01-23T22:22:03.843+0000] {processor.py:153} INFO - Started process (PID=3983) to work on /opt/airflow/dags/gmv_customers.py
[2024-01-23T22:22:03.846+0000] {processor.py:743} INFO - Processing file /opt/airflow/dags/gmv_customers.py for tasks to queue
[2024-01-23T22:22:03.847+0000] {logging_mixin.py:137} INFO - [2024-01-23T22:22:03.847+0000] {dagbag.py:538} INFO - Filling up the DagBag from /opt/airflow/dags/gmv_customers.py
[2024-01-23T22:22:03.902+0000] {processor.py:753} INFO - DAG(s) dict_keys(['gmv_customers']) retrieved from /opt/airflow/dags/gmv_customers.py
[2024-01-23T22:22:03.945+0000] {logging_mixin.py:137} INFO - [2024-01-23T22:22:03.945+0000] {dag.py:2676} INFO - Sync 1 DAGs
[2024-01-23T22:22:03.979+0000] {logging_mixin.py:137} INFO - [2024-01-23T22:22:03.979+0000] {dag.py:3427} INFO - Setting next_dagrun for gmv_customers to 2024-01-22T00:00:00+00:00, run_after=2024-01-23T00:00:00+00:00
[2024-01-23T22:22:04.011+0000] {processor.py:175} INFO - Processing /opt/airflow/dags/gmv_customers.py took 0.171 seconds
[2024-01-23T22:22:34.051+0000] {processor.py:153} INFO - Started process (PID=4063) to work on /opt/airflow/dags/gmv_customers.py
[2024-01-23T22:22:34.051+0000] {processor.py:743} INFO - Processing file /opt/airflow/dags/gmv_customers.py for tasks to queue
[2024-01-23T22:22:34.052+0000] {logging_mixin.py:137} INFO - [2024-01-23T22:22:34.052+0000] {dagbag.py:538} INFO - Filling up the DagBag from /opt/airflow/dags/gmv_customers.py
[2024-01-23T22:22:34.101+0000] {processor.py:753} INFO - DAG(s) dict_keys(['gmv_customers']) retrieved from /opt/airflow/dags/gmv_customers.py
[2024-01-23T22:22:34.139+0000] {logging_mixin.py:137} INFO - [2024-01-23T22:22:34.139+0000] {dag.py:2676} INFO - Sync 1 DAGs
[2024-01-23T22:22:34.178+0000] {logging_mixin.py:137} INFO - [2024-01-23T22:22:34.177+0000] {dag.py:3427} INFO - Setting next_dagrun for gmv_customers to 2024-01-22T00:00:00+00:00, run_after=2024-01-23T00:00:00+00:00
[2024-01-23T22:22:34.214+0000] {processor.py:175} INFO - Processing /opt/airflow/dags/gmv_customers.py took 0.166 seconds
[2024-01-23T22:23:04.288+0000] {processor.py:153} INFO - Started process (PID=4143) to work on /opt/airflow/dags/gmv_customers.py
[2024-01-23T22:23:04.289+0000] {processor.py:743} INFO - Processing file /opt/airflow/dags/gmv_customers.py for tasks to queue
[2024-01-23T22:23:04.290+0000] {logging_mixin.py:137} INFO - [2024-01-23T22:23:04.289+0000] {dagbag.py:538} INFO - Filling up the DagBag from /opt/airflow/dags/gmv_customers.py
[2024-01-23T22:23:04.331+0000] {processor.py:753} INFO - DAG(s) dict_keys(['gmv_customers']) retrieved from /opt/airflow/dags/gmv_customers.py
[2024-01-23T22:23:04.367+0000] {logging_mixin.py:137} INFO - [2024-01-23T22:23:04.366+0000] {dag.py:2676} INFO - Sync 1 DAGs
[2024-01-23T22:23:04.394+0000] {logging_mixin.py:137} INFO - [2024-01-23T22:23:04.394+0000] {dag.py:3427} INFO - Setting next_dagrun for gmv_customers to 2024-01-22T00:00:00+00:00, run_after=2024-01-23T00:00:00+00:00
[2024-01-23T22:23:04.416+0000] {processor.py:175} INFO - Processing /opt/airflow/dags/gmv_customers.py took 0.130 seconds
[2024-01-23T22:23:34.456+0000] {processor.py:153} INFO - Started process (PID=4244) to work on /opt/airflow/dags/gmv_customers.py
[2024-01-23T22:23:34.456+0000] {processor.py:743} INFO - Processing file /opt/airflow/dags/gmv_customers.py for tasks to queue
[2024-01-23T22:23:34.457+0000] {logging_mixin.py:137} INFO - [2024-01-23T22:23:34.457+0000] {dagbag.py:538} INFO - Filling up the DagBag from /opt/airflow/dags/gmv_customers.py
[2024-01-23T22:23:34.503+0000] {processor.py:753} INFO - DAG(s) dict_keys(['gmv_customers']) retrieved from /opt/airflow/dags/gmv_customers.py
[2024-01-23T22:23:34.545+0000] {logging_mixin.py:137} INFO - [2024-01-23T22:23:34.544+0000] {dag.py:2676} INFO - Sync 1 DAGs
[2024-01-23T22:23:34.576+0000] {logging_mixin.py:137} INFO - [2024-01-23T22:23:34.576+0000] {dag.py:3427} INFO - Setting next_dagrun for gmv_customers to 2024-01-22T00:00:00+00:00, run_after=2024-01-23T00:00:00+00:00
[2024-01-23T22:23:34.599+0000] {processor.py:175} INFO - Processing /opt/airflow/dags/gmv_customers.py took 0.146 seconds
[2024-01-23T22:24:04.721+0000] {processor.py:153} INFO - Started process (PID=4324) to work on /opt/airflow/dags/gmv_customers.py
[2024-01-23T22:24:04.722+0000] {processor.py:743} INFO - Processing file /opt/airflow/dags/gmv_customers.py for tasks to queue
[2024-01-23T22:24:04.723+0000] {logging_mixin.py:137} INFO - [2024-01-23T22:24:04.723+0000] {dagbag.py:538} INFO - Filling up the DagBag from /opt/airflow/dags/gmv_customers.py
[2024-01-23T22:24:04.765+0000] {processor.py:753} INFO - DAG(s) dict_keys(['gmv_customers']) retrieved from /opt/airflow/dags/gmv_customers.py
[2024-01-23T22:24:04.809+0000] {logging_mixin.py:137} INFO - [2024-01-23T22:24:04.809+0000] {dag.py:2676} INFO - Sync 1 DAGs
[2024-01-23T22:24:04.841+0000] {logging_mixin.py:137} INFO - [2024-01-23T22:24:04.841+0000] {dag.py:3427} INFO - Setting next_dagrun for gmv_customers to 2024-01-22T00:00:00+00:00, run_after=2024-01-23T00:00:00+00:00
[2024-01-23T22:24:04.874+0000] {processor.py:175} INFO - Processing /opt/airflow/dags/gmv_customers.py took 0.155 seconds
[2024-01-23T22:24:35.265+0000] {processor.py:153} INFO - Started process (PID=4404) to work on /opt/airflow/dags/gmv_customers.py
[2024-01-23T22:24:35.266+0000] {processor.py:743} INFO - Processing file /opt/airflow/dags/gmv_customers.py for tasks to queue
[2024-01-23T22:24:35.267+0000] {logging_mixin.py:137} INFO - [2024-01-23T22:24:35.266+0000] {dagbag.py:538} INFO - Filling up the DagBag from /opt/airflow/dags/gmv_customers.py
[2024-01-23T22:24:35.306+0000] {processor.py:753} INFO - DAG(s) dict_keys(['gmv_customers']) retrieved from /opt/airflow/dags/gmv_customers.py
[2024-01-23T22:24:35.340+0000] {logging_mixin.py:137} INFO - [2024-01-23T22:24:35.340+0000] {dag.py:2676} INFO - Sync 1 DAGs
[2024-01-23T22:24:35.370+0000] {logging_mixin.py:137} INFO - [2024-01-23T22:24:35.370+0000] {dag.py:3427} INFO - Setting next_dagrun for gmv_customers to 2024-01-22T00:00:00+00:00, run_after=2024-01-23T00:00:00+00:00
[2024-01-23T22:24:35.413+0000] {processor.py:175} INFO - Processing /opt/airflow/dags/gmv_customers.py took 0.150 seconds
[2024-01-23T22:25:06.176+0000] {processor.py:153} INFO - Started process (PID=4504) to work on /opt/airflow/dags/gmv_customers.py
[2024-01-23T22:25:06.177+0000] {processor.py:743} INFO - Processing file /opt/airflow/dags/gmv_customers.py for tasks to queue
[2024-01-23T22:25:06.178+0000] {logging_mixin.py:137} INFO - [2024-01-23T22:25:06.178+0000] {dagbag.py:538} INFO - Filling up the DagBag from /opt/airflow/dags/gmv_customers.py
[2024-01-23T22:25:06.223+0000] {processor.py:753} INFO - DAG(s) dict_keys(['gmv_customers']) retrieved from /opt/airflow/dags/gmv_customers.py
[2024-01-23T22:25:06.258+0000] {logging_mixin.py:137} INFO - [2024-01-23T22:25:06.257+0000] {dag.py:2676} INFO - Sync 1 DAGs
[2024-01-23T22:25:06.289+0000] {logging_mixin.py:137} INFO - [2024-01-23T22:25:06.289+0000] {dag.py:3427} INFO - Setting next_dagrun for gmv_customers to 2024-01-22T00:00:00+00:00, run_after=2024-01-23T00:00:00+00:00
[2024-01-23T22:25:06.321+0000] {processor.py:175} INFO - Processing /opt/airflow/dags/gmv_customers.py took 0.146 seconds
[2024-01-23T22:25:37.194+0000] {processor.py:153} INFO - Started process (PID=4584) to work on /opt/airflow/dags/gmv_customers.py
[2024-01-23T22:25:37.195+0000] {processor.py:743} INFO - Processing file /opt/airflow/dags/gmv_customers.py for tasks to queue
[2024-01-23T22:25:37.195+0000] {logging_mixin.py:137} INFO - [2024-01-23T22:25:37.195+0000] {dagbag.py:538} INFO - Filling up the DagBag from /opt/airflow/dags/gmv_customers.py
[2024-01-23T22:25:37.240+0000] {processor.py:753} INFO - DAG(s) dict_keys(['gmv_customers']) retrieved from /opt/airflow/dags/gmv_customers.py
[2024-01-23T22:25:37.275+0000] {logging_mixin.py:137} INFO - [2024-01-23T22:25:37.275+0000] {dag.py:2676} INFO - Sync 1 DAGs
[2024-01-23T22:25:37.306+0000] {logging_mixin.py:137} INFO - [2024-01-23T22:25:37.305+0000] {dag.py:3427} INFO - Setting next_dagrun for gmv_customers to 2024-01-22T00:00:00+00:00, run_after=2024-01-23T00:00:00+00:00
[2024-01-23T22:25:37.329+0000] {processor.py:175} INFO - Processing /opt/airflow/dags/gmv_customers.py took 0.137 seconds
[2024-01-23T22:26:07.572+0000] {processor.py:153} INFO - Started process (PID=4672) to work on /opt/airflow/dags/gmv_customers.py
[2024-01-23T22:26:07.573+0000] {processor.py:743} INFO - Processing file /opt/airflow/dags/gmv_customers.py for tasks to queue
[2024-01-23T22:26:07.575+0000] {logging_mixin.py:137} INFO - [2024-01-23T22:26:07.575+0000] {dagbag.py:538} INFO - Filling up the DagBag from /opt/airflow/dags/gmv_customers.py
[2024-01-23T22:26:07.629+0000] {processor.py:753} INFO - DAG(s) dict_keys(['gmv_customers']) retrieved from /opt/airflow/dags/gmv_customers.py
[2024-01-23T22:26:07.667+0000] {logging_mixin.py:137} INFO - [2024-01-23T22:26:07.667+0000] {dag.py:2676} INFO - Sync 1 DAGs
[2024-01-23T22:26:07.694+0000] {logging_mixin.py:137} INFO - [2024-01-23T22:26:07.694+0000] {dag.py:3427} INFO - Setting next_dagrun for gmv_customers to 2024-01-22T00:00:00+00:00, run_after=2024-01-23T00:00:00+00:00
[2024-01-23T22:26:07.718+0000] {processor.py:175} INFO - Processing /opt/airflow/dags/gmv_customers.py took 0.149 seconds
[2024-01-23T22:26:37.918+0000] {processor.py:153} INFO - Started process (PID=4763) to work on /opt/airflow/dags/gmv_customers.py
[2024-01-23T22:26:37.919+0000] {processor.py:743} INFO - Processing file /opt/airflow/dags/gmv_customers.py for tasks to queue
[2024-01-23T22:26:37.920+0000] {logging_mixin.py:137} INFO - [2024-01-23T22:26:37.919+0000] {dagbag.py:538} INFO - Filling up the DagBag from /opt/airflow/dags/gmv_customers.py
[2024-01-23T22:26:37.966+0000] {processor.py:753} INFO - DAG(s) dict_keys(['gmv_customers']) retrieved from /opt/airflow/dags/gmv_customers.py
[2024-01-23T22:26:38.002+0000] {logging_mixin.py:137} INFO - [2024-01-23T22:26:38.002+0000] {dag.py:2676} INFO - Sync 1 DAGs
[2024-01-23T22:26:38.033+0000] {logging_mixin.py:137} INFO - [2024-01-23T22:26:38.033+0000] {dag.py:3427} INFO - Setting next_dagrun for gmv_customers to 2024-01-22T00:00:00+00:00, run_after=2024-01-23T00:00:00+00:00
[2024-01-23T22:26:38.054+0000] {processor.py:175} INFO - Processing /opt/airflow/dags/gmv_customers.py took 0.137 seconds
[2024-01-23T22:27:08.227+0000] {processor.py:153} INFO - Started process (PID=4843) to work on /opt/airflow/dags/gmv_customers.py
[2024-01-23T22:27:08.227+0000] {processor.py:743} INFO - Processing file /opt/airflow/dags/gmv_customers.py for tasks to queue
[2024-01-23T22:27:08.228+0000] {logging_mixin.py:137} INFO - [2024-01-23T22:27:08.228+0000] {dagbag.py:538} INFO - Filling up the DagBag from /opt/airflow/dags/gmv_customers.py
[2024-01-23T22:27:08.271+0000] {processor.py:753} INFO - DAG(s) dict_keys(['gmv_customers']) retrieved from /opt/airflow/dags/gmv_customers.py
[2024-01-23T22:27:08.302+0000] {logging_mixin.py:137} INFO - [2024-01-23T22:27:08.302+0000] {dag.py:2676} INFO - Sync 1 DAGs
[2024-01-23T22:27:08.335+0000] {logging_mixin.py:137} INFO - [2024-01-23T22:27:08.335+0000] {dag.py:3427} INFO - Setting next_dagrun for gmv_customers to 2024-01-22T00:00:00+00:00, run_after=2024-01-23T00:00:00+00:00
[2024-01-23T22:27:08.354+0000] {processor.py:175} INFO - Processing /opt/airflow/dags/gmv_customers.py took 0.130 seconds
[2024-01-23T22:27:38.391+0000] {processor.py:153} INFO - Started process (PID=4943) to work on /opt/airflow/dags/gmv_customers.py
[2024-01-23T22:27:38.392+0000] {processor.py:743} INFO - Processing file /opt/airflow/dags/gmv_customers.py for tasks to queue
[2024-01-23T22:27:38.393+0000] {logging_mixin.py:137} INFO - [2024-01-23T22:27:38.392+0000] {dagbag.py:538} INFO - Filling up the DagBag from /opt/airflow/dags/gmv_customers.py
[2024-01-23T22:27:38.432+0000] {processor.py:753} INFO - DAG(s) dict_keys(['gmv_customers']) retrieved from /opt/airflow/dags/gmv_customers.py
[2024-01-23T22:27:38.469+0000] {logging_mixin.py:137} INFO - [2024-01-23T22:27:38.469+0000] {dag.py:2676} INFO - Sync 1 DAGs
[2024-01-23T22:27:38.502+0000] {logging_mixin.py:137} INFO - [2024-01-23T22:27:38.502+0000] {dag.py:3427} INFO - Setting next_dagrun for gmv_customers to 2024-01-22T00:00:00+00:00, run_after=2024-01-23T00:00:00+00:00
[2024-01-23T22:27:38.539+0000] {processor.py:175} INFO - Processing /opt/airflow/dags/gmv_customers.py took 0.149 seconds
[2024-01-23T22:28:08.858+0000] {processor.py:153} INFO - Started process (PID=5023) to work on /opt/airflow/dags/gmv_customers.py
[2024-01-23T22:28:08.859+0000] {processor.py:743} INFO - Processing file /opt/airflow/dags/gmv_customers.py for tasks to queue
[2024-01-23T22:28:08.859+0000] {logging_mixin.py:137} INFO - [2024-01-23T22:28:08.859+0000] {dagbag.py:538} INFO - Filling up the DagBag from /opt/airflow/dags/gmv_customers.py
[2024-01-23T22:28:08.904+0000] {processor.py:753} INFO - DAG(s) dict_keys(['gmv_customers']) retrieved from /opt/airflow/dags/gmv_customers.py
[2024-01-23T22:28:08.942+0000] {logging_mixin.py:137} INFO - [2024-01-23T22:28:08.942+0000] {dag.py:2676} INFO - Sync 1 DAGs
[2024-01-23T22:28:08.971+0000] {logging_mixin.py:137} INFO - [2024-01-23T22:28:08.971+0000] {dag.py:3427} INFO - Setting next_dagrun for gmv_customers to 2024-01-22T00:00:00+00:00, run_after=2024-01-23T00:00:00+00:00
[2024-01-23T22:28:08.995+0000] {processor.py:175} INFO - Processing /opt/airflow/dags/gmv_customers.py took 0.139 seconds
[2024-01-23T22:28:39.211+0000] {processor.py:153} INFO - Started process (PID=5103) to work on /opt/airflow/dags/gmv_customers.py
[2024-01-23T22:28:39.211+0000] {processor.py:743} INFO - Processing file /opt/airflow/dags/gmv_customers.py for tasks to queue
[2024-01-23T22:28:39.212+0000] {logging_mixin.py:137} INFO - [2024-01-23T22:28:39.212+0000] {dagbag.py:538} INFO - Filling up the DagBag from /opt/airflow/dags/gmv_customers.py
[2024-01-23T22:28:39.260+0000] {processor.py:753} INFO - DAG(s) dict_keys(['gmv_customers']) retrieved from /opt/airflow/dags/gmv_customers.py
[2024-01-23T22:28:39.301+0000] {logging_mixin.py:137} INFO - [2024-01-23T22:28:39.300+0000] {dag.py:2676} INFO - Sync 1 DAGs
[2024-01-23T22:28:39.335+0000] {logging_mixin.py:137} INFO - [2024-01-23T22:28:39.335+0000] {dag.py:3427} INFO - Setting next_dagrun for gmv_customers to 2024-01-22T00:00:00+00:00, run_after=2024-01-23T00:00:00+00:00
[2024-01-23T22:28:39.361+0000] {processor.py:175} INFO - Processing /opt/airflow/dags/gmv_customers.py took 0.153 seconds
[2024-01-23T22:29:09.635+0000] {processor.py:153} INFO - Started process (PID=5203) to work on /opt/airflow/dags/gmv_customers.py
[2024-01-23T22:29:09.635+0000] {processor.py:743} INFO - Processing file /opt/airflow/dags/gmv_customers.py for tasks to queue
[2024-01-23T22:29:09.637+0000] {logging_mixin.py:137} INFO - [2024-01-23T22:29:09.636+0000] {dagbag.py:538} INFO - Filling up the DagBag from /opt/airflow/dags/gmv_customers.py
[2024-01-23T22:29:09.683+0000] {processor.py:753} INFO - DAG(s) dict_keys(['gmv_customers']) retrieved from /opt/airflow/dags/gmv_customers.py
[2024-01-23T22:29:09.743+0000] {logging_mixin.py:137} INFO - [2024-01-23T22:29:09.743+0000] {dag.py:2676} INFO - Sync 1 DAGs
[2024-01-23T22:29:09.786+0000] {logging_mixin.py:137} INFO - [2024-01-23T22:29:09.786+0000] {dag.py:3427} INFO - Setting next_dagrun for gmv_customers to 2024-01-22T00:00:00+00:00, run_after=2024-01-23T00:00:00+00:00
[2024-01-23T22:29:09.812+0000] {processor.py:175} INFO - Processing /opt/airflow/dags/gmv_customers.py took 0.180 seconds
[2024-01-23T22:29:40.044+0000] {processor.py:153} INFO - Started process (PID=5283) to work on /opt/airflow/dags/gmv_customers.py
[2024-01-23T22:29:40.044+0000] {processor.py:743} INFO - Processing file /opt/airflow/dags/gmv_customers.py for tasks to queue
[2024-01-23T22:29:40.045+0000] {logging_mixin.py:137} INFO - [2024-01-23T22:29:40.045+0000] {dagbag.py:538} INFO - Filling up the DagBag from /opt/airflow/dags/gmv_customers.py
[2024-01-23T22:29:40.088+0000] {processor.py:753} INFO - DAG(s) dict_keys(['gmv_customers']) retrieved from /opt/airflow/dags/gmv_customers.py
[2024-01-23T22:29:40.125+0000] {logging_mixin.py:137} INFO - [2024-01-23T22:29:40.125+0000] {dag.py:2676} INFO - Sync 1 DAGs
[2024-01-23T22:29:40.161+0000] {logging_mixin.py:137} INFO - [2024-01-23T22:29:40.161+0000] {dag.py:3427} INFO - Setting next_dagrun for gmv_customers to 2024-01-22T00:00:00+00:00, run_after=2024-01-23T00:00:00+00:00
[2024-01-23T22:29:40.183+0000] {processor.py:175} INFO - Processing /opt/airflow/dags/gmv_customers.py took 0.141 seconds
[2024-01-23T22:30:10.822+0000] {processor.py:153} INFO - Started process (PID=5381) to work on /opt/airflow/dags/gmv_customers.py
[2024-01-23T22:30:10.823+0000] {processor.py:743} INFO - Processing file /opt/airflow/dags/gmv_customers.py for tasks to queue
[2024-01-23T22:30:10.824+0000] {logging_mixin.py:137} INFO - [2024-01-23T22:30:10.824+0000] {dagbag.py:538} INFO - Filling up the DagBag from /opt/airflow/dags/gmv_customers.py
[2024-01-23T22:30:10.896+0000] {processor.py:753} INFO - DAG(s) dict_keys(['gmv_customers']) retrieved from /opt/airflow/dags/gmv_customers.py
[2024-01-23T22:30:10.950+0000] {logging_mixin.py:137} INFO - [2024-01-23T22:30:10.949+0000] {dag.py:2676} INFO - Sync 1 DAGs
[2024-01-23T22:30:10.984+0000] {logging_mixin.py:137} INFO - [2024-01-23T22:30:10.984+0000] {dag.py:3427} INFO - Setting next_dagrun for gmv_customers to 2024-01-22T00:00:00+00:00, run_after=2024-01-23T00:00:00+00:00
[2024-01-23T22:30:11.012+0000] {processor.py:175} INFO - Processing /opt/airflow/dags/gmv_customers.py took 0.195 seconds
[2024-01-23T22:30:41.120+0000] {processor.py:153} INFO - Started process (PID=5461) to work on /opt/airflow/dags/gmv_customers.py
[2024-01-23T22:30:41.121+0000] {processor.py:743} INFO - Processing file /opt/airflow/dags/gmv_customers.py for tasks to queue
[2024-01-23T22:30:41.122+0000] {logging_mixin.py:137} INFO - [2024-01-23T22:30:41.122+0000] {dagbag.py:538} INFO - Filling up the DagBag from /opt/airflow/dags/gmv_customers.py
[2024-01-23T22:30:41.171+0000] {processor.py:753} INFO - DAG(s) dict_keys(['gmv_customers']) retrieved from /opt/airflow/dags/gmv_customers.py
[2024-01-23T22:30:41.212+0000] {logging_mixin.py:137} INFO - [2024-01-23T22:30:41.212+0000] {dag.py:2676} INFO - Sync 1 DAGs
[2024-01-23T22:30:41.246+0000] {logging_mixin.py:137} INFO - [2024-01-23T22:30:41.246+0000] {dag.py:3427} INFO - Setting next_dagrun for gmv_customers to 2024-01-22T00:00:00+00:00, run_after=2024-01-23T00:00:00+00:00
[2024-01-23T22:30:41.273+0000] {processor.py:175} INFO - Processing /opt/airflow/dags/gmv_customers.py took 0.155 seconds
[2024-01-23T22:31:11.337+0000] {processor.py:153} INFO - Started process (PID=5541) to work on /opt/airflow/dags/gmv_customers.py
[2024-01-23T22:31:11.338+0000] {processor.py:743} INFO - Processing file /opt/airflow/dags/gmv_customers.py for tasks to queue
[2024-01-23T22:31:11.339+0000] {logging_mixin.py:137} INFO - [2024-01-23T22:31:11.338+0000] {dagbag.py:538} INFO - Filling up the DagBag from /opt/airflow/dags/gmv_customers.py
[2024-01-23T22:31:11.389+0000] {processor.py:753} INFO - DAG(s) dict_keys(['gmv_customers']) retrieved from /opt/airflow/dags/gmv_customers.py
[2024-01-23T22:31:11.429+0000] {logging_mixin.py:137} INFO - [2024-01-23T22:31:11.429+0000] {dag.py:2676} INFO - Sync 1 DAGs
[2024-01-23T22:31:11.458+0000] {logging_mixin.py:137} INFO - [2024-01-23T22:31:11.458+0000] {dag.py:3427} INFO - Setting next_dagrun for gmv_customers to 2024-01-22T00:00:00+00:00, run_after=2024-01-23T00:00:00+00:00
[2024-01-23T22:31:11.480+0000] {processor.py:175} INFO - Processing /opt/airflow/dags/gmv_customers.py took 0.145 seconds
[2024-01-23T22:31:41.591+0000] {processor.py:153} INFO - Started process (PID=5642) to work on /opt/airflow/dags/gmv_customers.py
[2024-01-23T22:31:41.592+0000] {processor.py:743} INFO - Processing file /opt/airflow/dags/gmv_customers.py for tasks to queue
[2024-01-23T22:31:41.592+0000] {logging_mixin.py:137} INFO - [2024-01-23T22:31:41.592+0000] {dagbag.py:538} INFO - Filling up the DagBag from /opt/airflow/dags/gmv_customers.py
[2024-01-23T22:31:41.639+0000] {processor.py:753} INFO - DAG(s) dict_keys(['gmv_customers']) retrieved from /opt/airflow/dags/gmv_customers.py
[2024-01-23T22:31:41.684+0000] {logging_mixin.py:137} INFO - [2024-01-23T22:31:41.683+0000] {dag.py:2676} INFO - Sync 1 DAGs
[2024-01-23T22:31:41.713+0000] {logging_mixin.py:137} INFO - [2024-01-23T22:31:41.713+0000] {dag.py:3427} INFO - Setting next_dagrun for gmv_customers to 2024-01-22T00:00:00+00:00, run_after=2024-01-23T00:00:00+00:00
[2024-01-23T22:31:41.744+0000] {processor.py:175} INFO - Processing /opt/airflow/dags/gmv_customers.py took 0.155 seconds
